#
# There is insufficient memory for the Java Runtime Environment to continue.
# Native memory allocation (malloc) failed to allocate 2025776 bytes. Error detail: Chunk::new
# Possible reasons:
#   The system is out of physical RAM or swap space
#   This process is running with CompressedOops enabled, and the Java Heap may be blocking the growth of the native heap
# Possible solutions:
#   Reduce memory load on the system
#   Increase physical memory or swap space
#   Check if swap backing store is full
#   Decrease Java heap size (-Xmx/-Xms)
#   Decrease number of Java threads
#   Decrease Java thread stack sizes (-Xss)
#   Set larger code cache with -XX:ReservedCodeCacheSize=
#   JVM is running with Unscaled Compressed Oops mode in which the Java heap is
#     placed in the first 4GB address space. The Java Heap base address is the
#     maximum limit for the native heap growth. Please use -XX:HeapBaseMinAddress
#     to set the Java Heap base and to place the Java Heap above 4GB virtual address.
# This output file may be truncated or incomplete.
#
#  Out of Memory Error (arena.cpp:168), pid=9100, tid=496
#
# JRE version: OpenJDK Runtime Environment Temurin-21.0.10+7 (21.0.10+7) (build 21.0.10+7-LTS)
# Java VM: OpenJDK 64-Bit Server VM Temurin-21.0.10+7 (21.0.10+7-LTS, mixed mode, sharing, tiered, compressed oops, compressed class ptrs, parallel gc, windows-amd64)
# No core dump will be written. Minidumps are not enabled by default on client versions of Windows
#

---------------  S U M M A R Y ------------

Command Line: --add-modules=ALL-SYSTEM --add-opens=java.base/java.util=ALL-UNNAMED --add-opens=java.base/java.lang=ALL-UNNAMED --add-opens=java.base/sun.nio.fs=ALL-UNNAMED -Declipse.application=org.eclipse.jdt.ls.core.id1 -Dosgi.bundles.defaultStartLevel=4 -Declipse.product=org.eclipse.jdt.ls.core.product -Djava.import.generatesMetadataFilesAtProjectRoot=false -DDetectVMInstallationsJob.disabled=true -Dfile.encoding=utf8 -XX:+UseParallelGC -XX:GCTimeRatio=4 -XX:AdaptiveSizePolicyWeight=90 -Dsun.zip.disableMemoryMapping=true -Xmx2G -Xms100m -Xlog:disable -javaagent:c:\Users\dhruv\.vscode\extensions\redhat.java-1.53.0-win32-x64\lombok\lombok-1.18.39-4050.jar -XX:+HeapDumpOnOutOfMemoryError -XX:HeapDumpPath=c:\Users\dhruv\AppData\Roaming\Code\User\workspaceStorage\7d28d01f3346ece97dc27ea15ebc63fd\redhat.java -Daether.dependencyCollector.impl=bf c:\Users\dhruv\.vscode\extensions\redhat.java-1.53.0-win32-x64\server\plugins\org.eclipse.equinox.launcher_1.7.100.v20251111-0406.jar -configuration c:\Users\dhruv\AppData\Roaming\Code\User\globalStorage\redhat.java\1.53.0\config_win -data c:\Users\dhruv\AppData\Roaming\Code\User\workspaceStorage\7d28d01f3346ece97dc27ea15ebc63fd\redhat.java\jdt_ws --pipe=\\.\pipe\lsp-c625cda03a316ce377a4c3f48704f559-sock

Host: 13th Gen Intel(R) Core(TM) i5-13420H, 12 cores, 15G,  Windows 11 , 64 bit Build 26100 (10.0.26100.7920)
Time: Sun Mar 29 14:37:50 2026 India Standard Time elapsed time: 14.800691 seconds (0d 0h 0m 14s)

---------------  T H R E A D  ---------------

Current thread (0x000001b65b132a60):  JavaThread "C2 CompilerThread2" daemon [_thread_in_native, id=496, stack(0x00000036de100000,0x00000036de200000) (1024K)]


Current CompileTask:
C2:14800 4112   !   4       org.eclipse.osgi.internal.loader.classpath.ClasspathManager::findClassImpl (328 bytes)

Stack: [0x00000036de100000,0x00000036de200000]
Native frames: (J=compiled Java code, j=interpreted, Vv=VM code, C=native code)
V  [jvm.dll+0x6d7a39]
V  [jvm.dll+0x8b4b26]
V  [jvm.dll+0x8b70de]
V  [jvm.dll+0x8b77c3]
V  [jvm.dll+0x284346]
V  [jvm.dll+0xc66ed]
V  [jvm.dll+0xc6c31]
V  [jvm.dll+0x3bec3b]
V  [jvm.dll+0x1e3f69]
V  [jvm.dll+0x24c6b3]
V  [jvm.dll+0x24bb40]
V  [jvm.dll+0x1cb34e]
V  [jvm.dll+0x25b85d]
V  [jvm.dll+0x259dea]
V  [jvm.dll+0x3f857e]
V  [jvm.dll+0x85f59d]
V  [jvm.dll+0x6d626d]
C  [ucrtbase.dll+0x37b0]
C  [KERNEL32.DLL+0x2e8d7]
C  [ntdll.dll+0x8c48c]


---------------  P R O C E S S  ---------------

Threads class SMR info:
_java_thread_list=0x000001b655b3dc40, length=40, elements={
0x000001b67c08b610, 0x000001b6559b44b0, 0x000001b67c03e920, 0x000001b6559bae10,
0x000001b6559bba70, 0x000001b6559be9f0, 0x000001b6559bf450, 0x000001b6559c56a0,
0x000001b6559e8a50, 0x000001b655bd6bf0, 0x000001b655d16940, 0x000001b65a706db0,
0x000001b65a9fa080, 0x000001b65a6c5380, 0x000001b65a6c69e0, 0x000001b65ab960c0,
0x000001b65aed7890, 0x000001b65b0682a0, 0x000001b65b4467e0, 0x000001b65b444080,
0x000001b65b444710, 0x000001b65b13bea0, 0x000001b65b132a60, 0x000001b65b444da0,
0x000001b65b445430, 0x000001b65b447500, 0x000001b65b446150, 0x000001b65b445ac0,
0x000001b655a91890, 0x000001b655a91f20, 0x000001b655a8eaa0, 0x000001b655a925b0,
0x000001b655a8f7c0, 0x000001b655a8fe50, 0x000001b655a90b70, 0x000001b655a904e0,
0x000001b655a91200, 0x000001b655a8f130, 0x000001b655a94680, 0x000001b655a95a30
}

Java Threads: ( => current thread )
  0x000001b67c08b610 JavaThread "main"                              [_thread_in_native, id=25536, stack(0x00000036dbf00000,0x00000036dc000000) (1024K)]
  0x000001b6559b44b0 JavaThread "Reference Handler"          daemon [_thread_blocked, id=46864, stack(0x00000036dc300000,0x00000036dc400000) (1024K)]
  0x000001b67c03e920 JavaThread "Finalizer"                  daemon [_thread_blocked, id=25084, stack(0x00000036dc400000,0x00000036dc500000) (1024K)]
  0x000001b6559bae10 JavaThread "Signal Dispatcher"          daemon [_thread_blocked, id=9672, stack(0x00000036dc500000,0x00000036dc600000) (1024K)]
  0x000001b6559bba70 JavaThread "Attach Listener"            daemon [_thread_blocked, id=3804, stack(0x00000036dc600000,0x00000036dc700000) (1024K)]
  0x000001b6559be9f0 JavaThread "Service Thread"             daemon [_thread_blocked, id=12336, stack(0x00000036dc700000,0x00000036dc800000) (1024K)]
  0x000001b6559bf450 JavaThread "Monitor Deflation Thread"   daemon [_thread_blocked, id=9108, stack(0x00000036dc800000,0x00000036dc900000) (1024K)]
  0x000001b6559c56a0 JavaThread "C2 CompilerThread0"         daemon [_thread_in_native, id=18932, stack(0x00000036dc900000,0x00000036dca00000) (1024K)]
  0x000001b6559e8a50 JavaThread "C1 CompilerThread0"         daemon [_thread_blocked, id=38056, stack(0x00000036dca00000,0x00000036dcb00000) (1024K)]
  0x000001b655bd6bf0 JavaThread "Common-Cleaner"             daemon [_thread_blocked, id=46516, stack(0x00000036dcb00000,0x00000036dcc00000) (1024K)]
  0x000001b655d16940 JavaThread "Notification Thread"        daemon [_thread_blocked, id=40132, stack(0x00000036dcd00000,0x00000036dce00000) (1024K)]
  0x000001b65a706db0 JavaThread "Active Thread: Equinox Container: 15d66628-a65f-4d5c-b267-ccf9c0da9829"        [_thread_blocked, id=44080, stack(0x00000036dd500000,0x00000036dd600000) (1024K)]
  0x000001b65a9fa080 JavaThread "Refresh Thread: Equinox Container: 15d66628-a65f-4d5c-b267-ccf9c0da9829" daemon [_thread_blocked, id=46708, stack(0x00000036dd700000,0x00000036dd800000) (1024K)]
  0x000001b65a6c5380 JavaThread "Framework Event Dispatcher: Equinox Container: 15d66628-a65f-4d5c-b267-ccf9c0da9829" daemon [_thread_blocked, id=34804, stack(0x00000036dd800000,0x00000036dd900000) (1024K)]
  0x000001b65a6c69e0 JavaThread "Start Level: Equinox Container: 15d66628-a65f-4d5c-b267-ccf9c0da9829" daemon [_thread_blocked, id=46488, stack(0x00000036dd900000,0x00000036dda00000) (1024K)]
  0x000001b65ab960c0 JavaThread "Bundle File Closer"         daemon [_thread_blocked, id=44568, stack(0x00000036ddc00000,0x00000036ddd00000) (1024K)]
  0x000001b65aed7890 JavaThread "SCR Component Actor"        daemon [_thread_blocked, id=9352, stack(0x00000036dcc00000,0x00000036dcd00000) (1024K)]
  0x000001b65b0682a0 JavaThread "Worker-JM"                         [_thread_blocked, id=36312, stack(0x00000036dde00000,0x00000036ddf00000) (1024K)]
  0x000001b65b4467e0 JavaThread "JNA Cleaner"                daemon [_thread_blocked, id=45588, stack(0x00000036dce00000,0x00000036dcf00000) (1024K)]
  0x000001b65b444080 JavaThread "Worker-0: Repository registry initialization"        [_thread_in_vm, id=41376, stack(0x00000036ddd00000,0x00000036dde00000) (1024K)]
  0x000001b65b444710 JavaThread "Worker-1: Loading available Gradle versions"        [_thread_in_vm, id=12228, stack(0x00000036ddf00000,0x00000036de000000) (1024K)]
  0x000001b65b13bea0 JavaThread "C2 CompilerThread1"         daemon [_thread_in_native, id=25488, stack(0x00000036de000000,0x00000036de100000) (1024K)]
=>0x000001b65b132a60 JavaThread "C2 CompilerThread2"         daemon [_thread_in_native, id=496, stack(0x00000036de100000,0x00000036de200000) (1024K)]
  0x000001b65b444da0 JavaThread "Java indexing"              daemon [_thread_blocked, id=33388, stack(0x00000036de200000,0x00000036de300000) (1024K)]
  0x000001b65b445430 JavaThread "Worker-2: Initialize After Load"        [_thread_in_vm, id=31244, stack(0x00000036de300000,0x00000036de400000) (1024K)]
  0x000001b65b447500 JavaThread "Worker-3"                          [_thread_blocked, id=40156, stack(0x00000036de600000,0x00000036de700000) (1024K)]
  0x000001b65b446150 JavaThread "Worker-4"                          [_thread_blocked, id=18220, stack(0x00000036de700000,0x00000036de800000) (1024K)]
  0x000001b65b445ac0 JavaThread "Thread-1"                   daemon [_thread_in_native, id=42868, stack(0x00000036de800000,0x00000036de900000) (1024K)]
  0x000001b655a91890 JavaThread "Thread-2"                   daemon [_thread_in_native, id=26464, stack(0x00000036de900000,0x00000036dea00000) (1024K)]
  0x000001b655a91f20 JavaThread "Thread-3"                   daemon [_thread_new, id=46332, stack(0x0000000000000000,0x0000000000000000) (0B)]
  0x000001b655a8eaa0 JavaThread "Thread-4"                   daemon [_thread_in_native, id=35360, stack(0x00000036deb00000,0x00000036dec00000) (1024K)]
  0x000001b655a925b0 JavaThread "Thread-5"                   daemon [_thread_in_native, id=25120, stack(0x00000036dec00000,0x00000036ded00000) (1024K)]
  0x000001b655a8f7c0 JavaThread "Thread-6"                   daemon [_thread_in_native, id=37248, stack(0x00000036ded00000,0x00000036dee00000) (1024K)]
  0x000001b655a8fe50 JavaThread "Thread-7"                   daemon [_thread_in_native, id=40712, stack(0x00000036dee00000,0x00000036def00000) (1024K)]
  0x000001b655a90b70 JavaThread "Thread-8"                   daemon [_thread_in_native, id=27612, stack(0x00000036def00000,0x00000036df000000) (1024K)]
  0x000001b655a904e0 JavaThread "Thread-9"                   daemon [_thread_in_native, id=132, stack(0x00000036df000000,0x00000036df100000) (1024K)]
  0x000001b655a91200 JavaThread "Thread-10"                  daemon [_thread_in_native, id=21032, stack(0x00000036df100000,0x00000036df200000) (1024K)]
  0x000001b655a8f130 JavaThread "Thread-11"                  daemon [_thread_in_native, id=44012, stack(0x00000036df200000,0x00000036df300000) (1024K)]
  0x000001b655a94680 JavaThread "Thread-12"                  daemon [_thread_in_native, id=45664, stack(0x00000036df300000,0x00000036df400000) (1024K)]
  0x000001b655a95a30 JavaThread "Thread-13"                  daemon [_thread_in_native, id=14280, stack(0x00000036df400000,0x00000036df500000) (1024K)]
Total: 40

Other Threads:
  0x000001b67c14e2b0 VMThread "VM Thread"                           [id=9504, stack(0x00000036dc200000,0x00000036dc300000) (1024K)]
  0x000001b67bf1ca00 WatcherThread "VM Periodic Task Thread"        [id=29792, stack(0x00000036dc100000,0x00000036dc200000) (1024K)]
  0x000001b67c0aada0 WorkerThread "GC Thread#0"                     [id=45064, stack(0x00000036dc000000,0x00000036dc100000) (1024K)]
  0x000001b65a614260 WorkerThread "GC Thread#1"                     [id=27244, stack(0x00000036dcf00000,0x00000036dd000000) (1024K)]
  0x000001b65a600110 WorkerThread "GC Thread#2"                     [id=14216, stack(0x00000036dd000000,0x00000036dd100000) (1024K)]
  0x000001b65a6004c0 WorkerThread "GC Thread#3"                     [id=4924, stack(0x00000036dd100000,0x00000036dd200000) (1024K)]
  0x000001b65a72f720 WorkerThread "GC Thread#4"                     [id=42728, stack(0x00000036dd200000,0x00000036dd300000) (1024K)]
  0x000001b65a72fad0 WorkerThread "GC Thread#5"                     [id=30244, stack(0x00000036dd300000,0x00000036dd400000) (1024K)]
  0x000001b65a510cc0 WorkerThread "GC Thread#6"                     [id=15056, stack(0x00000036dd400000,0x00000036dd500000) (1024K)]
  0x000001b65a9e6090 WorkerThread "GC Thread#7"                     [id=13428, stack(0x00000036dd600000,0x00000036dd700000) (1024K)]
  0x000001b65aee1010 WorkerThread "GC Thread#8"                     [id=11080, stack(0x00000036dda00000,0x00000036ddb00000) (1024K)]
  0x000001b65abfb7c0 WorkerThread "GC Thread#9"                     [id=44236, stack(0x00000036ddb00000,0x00000036ddc00000) (1024K)]
Total: 12

Threads with active compile tasks:
C2 CompilerThread0  14827 4246       4       java.lang.AbstractStringBuilder::append (60 bytes)
C2 CompilerThread1  14827 4385       4       java.util.TreeMap::putIfAbsent (8 bytes)
C2 CompilerThread2  14827 4112   !   4       org.eclipse.osgi.internal.loader.classpath.ClasspathManager::findClassImpl (328 bytes)
Total: 3

VM state: not at safepoint (normal execution)

VM Mutex/Monitor currently owned by a thread: None

Heap address: 0x0000000080000000, size: 2048 MB, Compressed Oops mode: 32-bit

CDS archive(s) mapped at: [0x000001b613000000-0x000001b613ba0000-0x000001b613ba0000), size 12189696, SharedBaseAddress: 0x000001b613000000, ArchiveRelocationMode: 1.
Compressed class space mapped at: 0x000001b614000000-0x000001b654000000, reserved size: 1073741824
Narrow klass base: 0x000001b613000000, Narrow klass shift: 0, Narrow klass range: 0x100000000

GC Precious Log:
 CardTable entry size: 512
 CPUs: 12 total, 12 available
 Memory: 16076M
 Large Page Support: Disabled
 NUMA Support: Disabled
 Compressed Oops: Enabled (32-bit)
 Alignments: Space 512K, Generation 512K, Heap 2M
 Heap Min Capacity: 100M
 Heap Initial Capacity: 100M
 Heap Max Capacity: 2G
 Pre-touch: Disabled
 Parallel Workers: 10

Heap:
 PSYoungGen      total 24576K, used 6959K [0x00000000d5580000, 0x00000000d7180000, 0x0000000100000000)
  eden space 22016K, 31% used [0x00000000d5580000,0x00000000d5c4bc50,0x00000000d6b00000)
  from space 2560K, 0% used [0x00000000d6d00000,0x00000000d6d00000,0x00000000d6f80000)
  to   space 2048K, 0% used [0x00000000d6f80000,0x00000000d6f80000,0x00000000d7180000)
 ParOldGen       total 68608K, used 19332K [0x0000000080000000, 0x0000000084300000, 0x00000000d5580000)
  object space 68608K, 28% used [0x0000000080000000,0x00000000812e1198,0x0000000084300000)
 Metaspace       used 35515K, committed 36608K, reserved 1114112K
  class space    used 3728K, committed 4160K, reserved 1048576K

Card table byte_map: [0x000001b67ba30000,0x000001b67be40000] _byte_map_base: 0x000001b67b630000

Marking Bits: (ParMarkBitMap*) 0x00007ffc06313450
 Begin Bits: [0x000001b60f000000, 0x000001b611000000)
 End Bits:   [0x000001b611000000, 0x000001b613000000)

Polling page: 0x000001b679e40000

Metaspace:

Usage:
  Non-class:     31.05 MB used.
      Class:      3.64 MB used.
       Both:     34.69 MB used.

Virtual space:
  Non-class space:       64.00 MB reserved,      31.69 MB ( 50%) committed,  1 nodes.
      Class space:        1.00 GB reserved,       4.06 MB ( <1%) committed,  1 nodes.
             Both:        1.06 GB reserved,      35.75 MB (  3%) committed. 

Chunk freelists:
   Non-Class:  15.91 MB
       Class:  11.88 MB
        Both:  27.78 MB

MaxMetaspaceSize: unlimited
CompressedClassSpaceSize: 1.00 GB
Initial GC threshold: 21.00 MB
Current GC threshold: 58.38 MB
CDS: on
 - commit_granule_bytes: 65536.
 - commit_granule_words: 8192.
 - virtual_space_node_default_size: 8388608.
 - enlarge_chunks_in_place: 1.
 - use_allocation_guard: 0.


Internal statistics:

num_allocs_failed_limit: 6.
num_arena_births: 896.
num_arena_deaths: 14.
num_vsnodes_births: 2.
num_vsnodes_deaths: 0.
num_space_committed: 572.
num_space_uncommitted: 0.
num_chunks_returned_to_freelist: 20.
num_chunks_taken_from_freelist: 2477.
num_chunk_merges: 6.
num_chunk_splits: 1534.
num_chunks_enlarged: 873.
num_inconsistent_stats: 0.

CodeHeap 'non-profiled nmethods': size=120000Kb used=1797Kb max_used=2203Kb free=118202Kb
 bounds [0x000001b607ad0000, 0x000001b607d40000, 0x000001b60f000000]
CodeHeap 'profiled nmethods': size=120000Kb used=8075Kb max_used=9534Kb free=111925Kb
 bounds [0x000001b600000000, 0x000001b600950000, 0x000001b607530000]
CodeHeap 'non-nmethods': size=5760Kb used=1357Kb max_used=1404Kb free=4402Kb
 bounds [0x000001b607530000, 0x000001b6077a0000, 0x000001b607ad0000]
CodeCache: size=245760Kb, used=11229Kb, max_used=13141Kb, free=234529Kb
 total_blobs=4772, nmethods=4120, adapters=558, full_count=0
Compilation: enabled, stopped_count=0, restarted_count=0

Compilation events (20 events):
Event: 13.714 Thread 0x000001b6559e8a50 4657       2       java.lang.ClassLoader::createOrGetClassLoaderValueMap (37 bytes)
Event: 13.714 Thread 0x000001b65b13bea0 4471       4       java.io.Reader::read (21 bytes)
Event: 13.714 Thread 0x000001b6559e8a50 nmethod 4657 0x000001b60094d510 code [0x000001b60094d6c0, 0x000001b60094d898]
Event: 13.715 Thread 0x000001b6559e8a50 4658       2       java.lang.PublicMethods$MethodList::<init> (10 bytes)
Event: 13.715 Thread 0x000001b6559e8a50 nmethod 4658 0x000001b60094d990 code [0x000001b60094db20, 0x000001b60094dc40]
Event: 13.715 Thread 0x000001b6559e8a50 4659       2       jdk.internal.org.objectweb.asm.MethodWriter::putAbstractTypes (31 bytes)
Event: 13.716 Thread 0x000001b6559e8a50 nmethod 4659 0x000001b60094dd10 code [0x000001b60094dec0, 0x000001b60094e098]
Event: 13.716 Thread 0x000001b6559e8a50 4660       2       jdk.internal.org.objectweb.asm.Frame::putAbstractType (379 bytes)
Event: 13.718 Thread 0x000001b65b13bea0 nmethod 4471 0x000001b607cf5610 code [0x000001b607cf57c0, 0x000001b607cf59a8]
Event: 13.718 Thread 0x000001b6559e8a50 nmethod 4660 0x000001b60094e210 code [0x000001b60094e580, 0x000001b60094f008]
Event: 13.719 Thread 0x000001b65b13bea0 4479       4       java.nio.ByteBuffer::arrayOffset (35 bytes)
Event: 13.720 Thread 0x000001b6559c56a0 nmethod 4470 0x000001b607cf5b90 code [0x000001b607cf5d60, 0x000001b607cf6080]
Event: 13.721 Thread 0x000001b6559e8a50 4661       2       org.objectweb.asm.ClassReader::readMethod (1070 bytes)
Event: 13.722 Thread 0x000001b65b13bea0 nmethod 4479 0x000001b607cf6410 code [0x000001b607cf65a0, 0x000001b607cf6668]
Event: 13.722 Thread 0x000001b6559c56a0 4468       4       java.nio.CharBuffer::arrayOffset (35 bytes)
Event: 13.723 Thread 0x000001b65b13bea0 4477       4       java.nio.CharBuffer::position (6 bytes)
Event: 13.726 Thread 0x000001b6559c56a0 nmethod 4468 0x000001b607cf6710 code [0x000001b607cf68a0, 0x000001b607cf6968]
Event: 13.727 Thread 0x000001b6559c56a0 4480       4       java.nio.ByteBuffer::position (8 bytes)
Event: 13.727 Thread 0x000001b65b13bea0 nmethod 4477 0x000001b607cf6a10 code [0x000001b607cf6ba0, 0x000001b607cf6c90]
Event: 13.728 Thread 0x000001b65b13bea0 4483       4       java.nio.Buffer::limit (65 bytes)

GC Heap History (20 events):
Event: 3.477 GC heap after
{Heap after GC invocations=5 (full 0):
 PSYoungGen      total 29184K, used 4065K [0x00000000d5580000, 0x00000000d7900000, 0x0000000100000000)
  eden space 25088K, 0% used [0x00000000d5580000,0x00000000d5580000,0x00000000d6e00000)
  from space 4096K, 99% used [0x00000000d6e80000,0x00000000d7278540,0x00000000d7280000)
  to   space 5632K, 0% used [0x00000000d7380000,0x00000000d7380000,0x00000000d7900000)
 ParOldGen       total 68608K, used 7945K [0x0000000080000000, 0x0000000084300000, 0x00000000d5580000)
  object space 68608K, 11% used [0x0000000080000000,0x00000000807c2588,0x0000000084300000)
 Metaspace       used 15574K, committed 16128K, reserved 1114112K
  class space    used 1621K, committed 1856K, reserved 1048576K
}
Event: 7.055 GC heap before
{Heap before GC invocations=6 (full 0):
 PSYoungGen      total 29184K, used 29153K [0x00000000d5580000, 0x00000000d7900000, 0x0000000100000000)
  eden space 25088K, 100% used [0x00000000d5580000,0x00000000d6e00000,0x00000000d6e00000)
  from space 4096K, 99% used [0x00000000d6e80000,0x00000000d7278540,0x00000000d7280000)
  to   space 5632K, 0% used [0x00000000d7380000,0x00000000d7380000,0x00000000d7900000)
 ParOldGen       total 68608K, used 7945K [0x0000000080000000, 0x0000000084300000, 0x00000000d5580000)
  object space 68608K, 11% used [0x0000000080000000,0x00000000807c2588,0x0000000084300000)
 Metaspace       used 18647K, committed 19456K, reserved 1114112K
  class space    used 1966K, committed 2304K, reserved 1048576K
}
Event: 7.059 GC heap after
{Heap after GC invocations=6 (full 0):
 PSYoungGen      total 30208K, used 5176K [0x00000000d5580000, 0x00000000d7900000, 0x0000000100000000)
  eden space 24576K, 0% used [0x00000000d5580000,0x00000000d5580000,0x00000000d6d80000)
  from space 5632K, 91% used [0x00000000d7380000,0x00000000d788e310,0x00000000d7900000)
  to   space 5632K, 0% used [0x00000000d6e00000,0x00000000d6e00000,0x00000000d7380000)
 ParOldGen       total 68608K, used 7953K [0x0000000080000000, 0x0000000084300000, 0x00000000d5580000)
  object space 68608K, 11% used [0x0000000080000000,0x00000000807c4588,0x0000000084300000)
 Metaspace       used 18647K, committed 19456K, reserved 1114112K
  class space    used 1966K, committed 2304K, reserved 1048576K
}
Event: 7.352 GC heap before
{Heap before GC invocations=7 (full 0):
 PSYoungGen      total 30208K, used 24601K [0x00000000d5580000, 0x00000000d7900000, 0x0000000100000000)
  eden space 24576K, 79% used [0x00000000d5580000,0x00000000d68783a0,0x00000000d6d80000)
  from space 5632K, 91% used [0x00000000d7380000,0x00000000d788e310,0x00000000d7900000)
  to   space 5632K, 0% used [0x00000000d6e00000,0x00000000d6e00000,0x00000000d7380000)
 ParOldGen       total 68608K, used 7953K [0x0000000080000000, 0x0000000084300000, 0x00000000d5580000)
  object space 68608K, 11% used [0x0000000080000000,0x00000000807c4588,0x0000000084300000)
 Metaspace       used 20582K, committed 21504K, reserved 1114112K
  class space    used 2210K, committed 2624K, reserved 1048576K
}
Event: 7.356 GC heap after
{Heap after GC invocations=7 (full 0):
 PSYoungGen      total 29696K, used 4764K [0x00000000d5580000, 0x00000000d7780000, 0x0000000100000000)
  eden space 24576K, 0% used [0x00000000d5580000,0x00000000d5580000,0x00000000d6d80000)
  from space 5120K, 93% used [0x00000000d6e00000,0x00000000d72a7150,0x00000000d7300000)
  to   space 4608K, 0% used [0x00000000d7300000,0x00000000d7300000,0x00000000d7780000)
 ParOldGen       total 68608K, used 9333K [0x0000000080000000, 0x0000000084300000, 0x00000000d5580000)
  object space 68608K, 13% used [0x0000000080000000,0x000000008091d558,0x0000000084300000)
 Metaspace       used 20582K, committed 21504K, reserved 1114112K
  class space    used 2210K, committed 2624K, reserved 1048576K
}
Event: 7.356 GC heap before
{Heap before GC invocations=8 (full 1):
 PSYoungGen      total 29696K, used 4764K [0x00000000d5580000, 0x00000000d7780000, 0x0000000100000000)
  eden space 24576K, 0% used [0x00000000d5580000,0x00000000d5580000,0x00000000d6d80000)
  from space 5120K, 93% used [0x00000000d6e00000,0x00000000d72a7150,0x00000000d7300000)
  to   space 4608K, 0% used [0x00000000d7300000,0x00000000d7300000,0x00000000d7780000)
 ParOldGen       total 68608K, used 9333K [0x0000000080000000, 0x0000000084300000, 0x00000000d5580000)
  object space 68608K, 13% used [0x0000000080000000,0x000000008091d558,0x0000000084300000)
 Metaspace       used 20582K, committed 21504K, reserved 1114112K
  class space    used 2210K, committed 2624K, reserved 1048576K
}
Event: 7.384 GC heap after
{Heap after GC invocations=8 (full 1):
 PSYoungGen      total 29696K, used 0K [0x00000000d5580000, 0x00000000d7780000, 0x0000000100000000)
  eden space 24576K, 0% used [0x00000000d5580000,0x00000000d5580000,0x00000000d6d80000)
  from space 5120K, 0% used [0x00000000d6e00000,0x00000000d6e00000,0x00000000d7300000)
  to   space 4608K, 0% used [0x00000000d7300000,0x00000000d7300000,0x00000000d7780000)
 ParOldGen       total 68608K, used 13426K [0x0000000080000000, 0x0000000084300000, 0x00000000d5580000)
  object space 68608K, 19% used [0x0000000080000000,0x0000000080d1cad8,0x0000000084300000)
 Metaspace       used 20569K, committed 21504K, reserved 1114112K
  class space    used 2207K, committed 2624K, reserved 1048576K
}
Event: 7.594 GC heap before
{Heap before GC invocations=9 (full 1):
 PSYoungGen      total 29696K, used 24576K [0x00000000d5580000, 0x00000000d7780000, 0x0000000100000000)
  eden space 24576K, 100% used [0x00000000d5580000,0x00000000d6d80000,0x00000000d6d80000)
  from space 5120K, 0% used [0x00000000d6e00000,0x00000000d6e00000,0x00000000d7300000)
  to   space 4608K, 0% used [0x00000000d7300000,0x00000000d7300000,0x00000000d7780000)
 ParOldGen       total 68608K, used 13426K [0x0000000080000000, 0x0000000084300000, 0x00000000d5580000)
  object space 68608K, 19% used [0x0000000080000000,0x0000000080d1cad8,0x0000000084300000)
 Metaspace       used 22684K, committed 23616K, reserved 1114112K
  class space    used 2389K, committed 2752K, reserved 1048576K
}
Event: 7.595 GC heap after
{Heap after GC invocations=9 (full 1):
 PSYoungGen      total 25600K, used 1035K [0x00000000d5580000, 0x00000000d7480000, 0x0000000100000000)
  eden space 24064K, 0% used [0x00000000d5580000,0x00000000d5580000,0x00000000d6d00000)
  from space 1536K, 67% used [0x00000000d7300000,0x00000000d7402e40,0x00000000d7480000)
  to   space 2560K, 0% used [0x00000000d6f80000,0x00000000d6f80000,0x00000000d7200000)
 ParOldGen       total 68608K, used 13434K [0x0000000080000000, 0x0000000084300000, 0x00000000d5580000)
  object space 68608K, 19% used [0x0000000080000000,0x0000000080d1ead8,0x0000000084300000)
 Metaspace       used 22684K, committed 23616K, reserved 1114112K
  class space    used 2389K, committed 2752K, reserved 1048576K
}
Event: 7.850 GC heap before
{Heap before GC invocations=10 (full 1):
 PSYoungGen      total 25600K, used 25099K [0x00000000d5580000, 0x00000000d7480000, 0x0000000100000000)
  eden space 24064K, 100% used [0x00000000d5580000,0x00000000d6d00000,0x00000000d6d00000)
  from space 1536K, 67% used [0x00000000d7300000,0x00000000d7402e40,0x00000000d7480000)
  to   space 2560K, 0% used [0x00000000d6f80000,0x00000000d6f80000,0x00000000d7200000)
 ParOldGen       total 68608K, used 13434K [0x0000000080000000, 0x0000000084300000, 0x00000000d5580000)
  object space 68608K, 19% used [0x0000000080000000,0x0000000080d1ead8,0x0000000084300000)
 Metaspace       used 26295K, committed 27200K, reserved 1114112K
  class space    used 2651K, committed 3008K, reserved 1048576K
}
Event: 7.852 GC heap after
{Heap after GC invocations=10 (full 1):
 PSYoungGen      total 25600K, used 1629K [0x00000000d5580000, 0x00000000d7380000, 0x0000000100000000)
  eden space 23552K, 0% used [0x00000000d5580000,0x00000000d5580000,0x00000000d6c80000)
  from space 2048K, 79% used [0x00000000d6f80000,0x00000000d7117658,0x00000000d7180000)
  to   space 2048K, 0% used [0x00000000d7180000,0x00000000d7180000,0x00000000d7380000)
 ParOldGen       total 68608K, used 13434K [0x0000000080000000, 0x0000000084300000, 0x00000000d5580000)
  object space 68608K, 19% used [0x0000000080000000,0x0000000080d1ead8,0x0000000084300000)
 Metaspace       used 26295K, committed 27200K, reserved 1114112K
  class space    used 2651K, committed 3008K, reserved 1048576K
}
Event: 9.002 GC heap before
{Heap before GC invocations=11 (full 1):
 PSYoungGen      total 25600K, used 25181K [0x00000000d5580000, 0x00000000d7380000, 0x0000000100000000)
  eden space 23552K, 100% used [0x00000000d5580000,0x00000000d6c80000,0x00000000d6c80000)
  from space 2048K, 79% used [0x00000000d6f80000,0x00000000d7117658,0x00000000d7180000)
  to   space 2048K, 0% used [0x00000000d7180000,0x00000000d7180000,0x00000000d7380000)
 ParOldGen       total 68608K, used 13434K [0x0000000080000000, 0x0000000084300000, 0x00000000d5580000)
  object space 68608K, 19% used [0x0000000080000000,0x0000000080d1ead8,0x0000000084300000)
 Metaspace       used 27860K, committed 28864K, reserved 1114112K
  class space    used 2803K, committed 3200K, reserved 1048576K
}
Event: 9.005 GC heap after
{Heap after GC invocations=11 (full 1):
 PSYoungGen      total 25088K, used 1682K [0x00000000d5580000, 0x00000000d7380000, 0x0000000100000000)
  eden space 23040K, 0% used [0x00000000d5580000,0x00000000d5580000,0x00000000d6c00000)
  from space 2048K, 82% used [0x00000000d7180000,0x00000000d7324850,0x00000000d7380000)
  to   space 2048K, 0% used [0x00000000d6f80000,0x00000000d6f80000,0x00000000d7180000)
 ParOldGen       total 68608K, used 15871K [0x0000000080000000, 0x0000000084300000, 0x00000000d5580000)
  object space 68608K, 23% used [0x0000000080000000,0x0000000080f7fce0,0x0000000084300000)
 Metaspace       used 27860K, committed 28864K, reserved 1114112K
  class space    used 2803K, committed 3200K, reserved 1048576K
}
Event: 10.258 GC heap before
{Heap before GC invocations=12 (full 1):
 PSYoungGen      total 25088K, used 24722K [0x00000000d5580000, 0x00000000d7380000, 0x0000000100000000)
  eden space 23040K, 100% used [0x00000000d5580000,0x00000000d6c00000,0x00000000d6c00000)
  from space 2048K, 82% used [0x00000000d7180000,0x00000000d7324850,0x00000000d7380000)
  to   space 2048K, 0% used [0x00000000d6f80000,0x00000000d6f80000,0x00000000d7180000)
 ParOldGen       total 68608K, used 15871K [0x0000000080000000, 0x0000000084300000, 0x00000000d5580000)
  object space 68608K, 23% used [0x0000000080000000,0x0000000080f7fce0,0x0000000084300000)
 Metaspace       used 31045K, committed 32064K, reserved 1114112K
  class space    used 3165K, committed 3584K, reserved 1048576K
}
Event: 10.261 GC heap after
{Heap after GC invocations=12 (full 1):
 PSYoungGen      total 24064K, used 1474K [0x00000000d5580000, 0x00000000d7200000, 0x0000000100000000)
  eden space 22528K, 0% used [0x00000000d5580000,0x00000000d5580000,0x00000000d6b80000)
  from space 1536K, 96% used [0x00000000d6f80000,0x00000000d70f0ba0,0x00000000d7100000)
  to   space 1024K, 0% used [0x00000000d7100000,0x00000000d7100000,0x00000000d7200000)
 ParOldGen       total 68608K, used 16933K [0x0000000080000000, 0x0000000084300000, 0x00000000d5580000)
  object space 68608K, 24% used [0x0000000080000000,0x00000000810895f8,0x0000000084300000)
 Metaspace       used 31045K, committed 32064K, reserved 1114112K
  class space    used 3165K, committed 3584K, reserved 1048576K
}
Event: 13.599 GC heap before
{Heap before GC invocations=13 (full 1):
 PSYoungGen      total 24064K, used 24002K [0x00000000d5580000, 0x00000000d7200000, 0x0000000100000000)
  eden space 22528K, 100% used [0x00000000d5580000,0x00000000d6b80000,0x00000000d6b80000)
  from space 1536K, 96% used [0x00000000d6f80000,0x00000000d70f0ba0,0x00000000d7100000)
  to   space 1024K, 0% used [0x00000000d7100000,0x00000000d7100000,0x00000000d7200000)
 ParOldGen       total 68608K, used 16933K [0x0000000080000000, 0x0000000084300000, 0x00000000d5580000)
  object space 68608K, 24% used [0x0000000080000000,0x00000000810895f8,0x0000000084300000)
 Metaspace       used 33067K, committed 34240K, reserved 1114112K
  class space    used 3436K, committed 3904K, reserved 1048576K
}
Event: 13.601 GC heap after
{Heap after GC invocations=13 (full 1):
 PSYoungGen      total 23040K, used 1018K [0x00000000d5580000, 0x00000000d7200000, 0x0000000100000000)
  eden space 22016K, 0% used [0x00000000d5580000,0x00000000d5580000,0x00000000d6b00000)
  from space 1024K, 99% used [0x00000000d7100000,0x00000000d71fea60,0x00000000d7200000)
  to   space 2560K, 0% used [0x00000000d6d00000,0x00000000d6d00000,0x00000000d6f80000)
 ParOldGen       total 68608K, used 18233K [0x0000000080000000, 0x0000000084300000, 0x00000000d5580000)
  object space 68608K, 26% used [0x0000000080000000,0x00000000811ce710,0x0000000084300000)
 Metaspace       used 33067K, committed 34240K, reserved 1114112K
  class space    used 3436K, committed 3904K, reserved 1048576K
}
Event: 13.738 GC heap before
{Heap before GC invocations=14 (full 1):
 PSYoungGen      total 23040K, used 17820K [0x00000000d5580000, 0x00000000d7200000, 0x0000000100000000)
  eden space 22016K, 76% used [0x00000000d5580000,0x00000000d65e88b0,0x00000000d6b00000)
  from space 1024K, 99% used [0x00000000d7100000,0x00000000d71fea60,0x00000000d7200000)
  to   space 2560K, 0% used [0x00000000d6d00000,0x00000000d6d00000,0x00000000d6f80000)
 ParOldGen       total 68608K, used 18233K [0x0000000080000000, 0x0000000084300000, 0x00000000d5580000)
  object space 68608K, 26% used [0x0000000080000000,0x00000000811ce710,0x0000000084300000)
 Metaspace       used 34773K, committed 35840K, reserved 1114112K
  class space    used 3632K, committed 4096K, reserved 1048576K
}
Event: 13.740 GC heap after
{Heap after GC invocations=14 (full 1):
 PSYoungGen      total 24576K, used 1410K [0x00000000d5580000, 0x00000000d7180000, 0x0000000100000000)
  eden space 22016K, 0% used [0x00000000d5580000,0x00000000d5580000,0x00000000d6b00000)
  from space 2560K, 55% used [0x00000000d6d00000,0x00000000d6e60910,0x00000000d6f80000)
  to   space 2048K, 0% used [0x00000000d6f80000,0x00000000d6f80000,0x00000000d7180000)
 ParOldGen       total 68608K, used 19039K [0x0000000080000000, 0x0000000084300000, 0x00000000d5580000)
  object space 68608K, 27% used [0x0000000080000000,0x0000000081297dd8,0x0000000084300000)
 Metaspace       used 34773K, committed 35840K, reserved 1114112K
  class space    used 3632K, committed 4096K, reserved 1048576K
}
Event: 13.740 GC heap before
{Heap before GC invocations=15 (full 2):
 PSYoungGen      total 24576K, used 1410K [0x00000000d5580000, 0x00000000d7180000, 0x0000000100000000)
  eden space 22016K, 0% used [0x00000000d5580000,0x00000000d5580000,0x00000000d6b00000)
  from space 2560K, 55% used [0x00000000d6d00000,0x00000000d6e60910,0x00000000d6f80000)
  to   space 2048K, 0% used [0x00000000d6f80000,0x00000000d6f80000,0x00000000d7180000)
 ParOldGen       total 68608K, used 19039K [0x0000000080000000, 0x0000000084300000, 0x00000000d5580000)
  object space 68608K, 27% used [0x0000000080000000,0x0000000081297dd8,0x0000000084300000)
 Metaspace       used 34773K, committed 35840K, reserved 1114112K
  class space    used 3632K, committed 4096K, reserved 1048576K
}

Dll operation events (10 events):
Event: 0.018 Loaded shared library c:\Users\dhruv\.vscode\extensions\redhat.java-1.53.0-win32-x64\jre\21.0.10-win32-x86_64\bin\java.dll
Event: 0.111 Loaded shared library c:\Users\dhruv\.vscode\extensions\redhat.java-1.53.0-win32-x64\jre\21.0.10-win32-x86_64\bin\zip.dll
Event: 0.132 Loaded shared library C:\Users\dhruv\.vscode\extensions\redhat.java-1.53.0-win32-x64\jre\21.0.10-win32-x86_64\bin\instrument.dll
Event: 0.137 Loaded shared library C:\Users\dhruv\.vscode\extensions\redhat.java-1.53.0-win32-x64\jre\21.0.10-win32-x86_64\bin\net.dll
Event: 0.141 Loaded shared library C:\Users\dhruv\.vscode\extensions\redhat.java-1.53.0-win32-x64\jre\21.0.10-win32-x86_64\bin\nio.dll
Event: 0.145 Loaded shared library C:\Users\dhruv\.vscode\extensions\redhat.java-1.53.0-win32-x64\jre\21.0.10-win32-x86_64\bin\zip.dll
Event: 0.165 Loaded shared library C:\Users\dhruv\.vscode\extensions\redhat.java-1.53.0-win32-x64\jre\21.0.10-win32-x86_64\bin\jimage.dll
Event: 0.267 Loaded shared library c:\Users\dhruv\.vscode\extensions\redhat.java-1.53.0-win32-x64\jre\21.0.10-win32-x86_64\bin\verify.dll
Event: 1.758 Loaded shared library C:\Users\dhruv\AppData\Roaming\Code\User\globalStorage\redhat.java\1.53.0\config_win\org.eclipse.equinox.launcher\org.eclipse.equinox.launcher.win32.win32.x86_64_1.3.0.v20260203-2149\eclipse_11919.dll
Event: 3.683 Loaded shared library C:\Users\dhruv\AppData\Local\Temp\jna-95563663\jna1950600192418124691.dll

Deoptimization events (20 events):
Event: 13.565 Thread 0x000001b65a6c69e0 DEOPT PACKING pc=0x000001b607c9f980 sp=0x00000036dd9fe0c0
Event: 13.565 Thread 0x000001b65b445430 Uncommon trap: trap_request=0xffffff45 fr.pc=0x000001b607c8e1e8 relative=0x00000000000001c8
Event: 13.565 Thread 0x000001b65a6c69e0 DEOPT UNPACKING pc=0x000001b607583aa2 sp=0x00000036dd9fdea8 mode 2
Event: 13.565 Thread 0x000001b65b445430 Uncommon trap: reason=unstable_if action=reinterpret pc=0x000001b607c8e1e8 method=java.util.concurrent.locks.ReentrantReadWriteLock$Sync.tryAcquireShared(I)I @ 81 c2
Event: 13.565 Thread 0x000001b65b445430 DEOPT PACKING pc=0x000001b607c8e1e8 sp=0x00000036de3fe6a0
Event: 13.565 Thread 0x000001b65b445430 DEOPT UNPACKING pc=0x000001b607583aa2 sp=0x00000036de3fe5c0 mode 2
Event: 13.566 Thread 0x000001b65b445430 Uncommon trap: trap_request=0xffffff45 fr.pc=0x000001b607c8dc90 relative=0x0000000000000170
Event: 13.566 Thread 0x000001b65b445430 Uncommon trap: reason=unstable_if action=reinterpret pc=0x000001b607c8dc90 method=java.util.concurrent.locks.ReentrantReadWriteLock$Sync.tryAcquireShared(I)I @ 81 c2
Event: 13.566 Thread 0x000001b65a6c69e0 Uncommon trap: trap_request=0xffffff45 fr.pc=0x000001b607c8dc90 relative=0x0000000000000170
Event: 13.566 Thread 0x000001b65a6c69e0 Uncommon trap: reason=unstable_if action=reinterpret pc=0x000001b607c8dc90 method=java.util.concurrent.locks.ReentrantReadWriteLock$Sync.tryAcquireShared(I)I @ 81 c2
Event: 13.566 Thread 0x000001b65b445430 DEOPT PACKING pc=0x000001b607c8dc90 sp=0x00000036de3fe630
Event: 13.566 Thread 0x000001b65b445430 DEOPT UNPACKING pc=0x000001b607583aa2 sp=0x00000036de3fe5b8 mode 2
Event: 13.566 Thread 0x000001b65a6c69e0 DEOPT PACKING pc=0x000001b607c8dc90 sp=0x00000036dd9fe8d0
Event: 13.566 Thread 0x000001b65a6c69e0 DEOPT UNPACKING pc=0x000001b607583aa2 sp=0x00000036dd9fe858 mode 2
Event: 13.648 Thread 0x000001b67c08b610 Uncommon trap: trap_request=0xffffff45 fr.pc=0x000001b607cb0fb0 relative=0x0000000000001450
Event: 13.648 Thread 0x000001b67c08b610 Uncommon trap: reason=unstable_if action=reinterpret pc=0x000001b607cb0fb0 method=java.util.Properties.loadConvert([CIILjava/lang/StringBuilder;)Ljava/lang/String; @ 477 c2
Event: 13.648 Thread 0x000001b67c08b610 DEOPT PACKING pc=0x000001b607cb0fb0 sp=0x00000036dbff9b50
Event: 13.648 Thread 0x000001b67c08b610 DEOPT UNPACKING pc=0x000001b607583aa2 sp=0x00000036dbff9b50 mode 2
Event: 13.687 Thread 0x000001b65b444080 DEOPT PACKING pc=0x000001b6009383d3 sp=0x00000036dddfe240
Event: 13.687 Thread 0x000001b65b444080 DEOPT UNPACKING pc=0x000001b607584242 sp=0x00000036dddfd6b0 mode 0

Classes loaded (20 events):
Event: 13.548 Loading class sun/reflect/generics/reflectiveObjects/ParameterizedTypeImpl done
Event: 13.550 Loading class jdk/internal/reflect/MethodHandleBooleanFieldAccessorImpl
Event: 13.550 Loading class jdk/internal/reflect/MethodHandleBooleanFieldAccessorImpl done
Event: 13.565 Loading class java/util/concurrent/locks/ReentrantReadWriteLock$Sync$HoldCounter
Event: 13.565 Loading class java/util/concurrent/locks/ReentrantReadWriteLock$Sync$HoldCounter done
Event: 13.604 Loading class java/util/concurrent/Executors$DefaultThreadFactory
Event: 13.604 Loading class java/util/concurrent/Executors$DefaultThreadFactory done
Event: 13.621 Loading class javax/xml/parsers/FactoryConfigurationError
Event: 13.621 Loading class javax/xml/parsers/FactoryConfigurationError done
Event: 13.648 Loading class java/io/UncheckedIOException
Event: 13.648 Loading class java/io/UncheckedIOException done
Event: 13.654 Loading class java/nio/channels/spi/AbstractInterruptibleChannel$1
Event: 13.654 Loading class sun/nio/ch/Interruptible
Event: 13.654 Loading class sun/nio/ch/Interruptible done
Event: 13.654 Loading class java/nio/channels/spi/AbstractInterruptibleChannel$1 done
Event: 13.689 Loading class java/util/Collections$2
Event: 13.689 Loading class java/util/Collections$2 done
Event: 13.728 Loading class java/lang/ProcessHandle
Event: 13.729 Loading class java/lang/ProcessHandle done
Event: 13.729 Loading class java/lang/ProcessHandleImpl

Classes unloaded (7 events):
Event: 7.361 Thread 0x000001b67c14e2b0 Unloading class 0x000001b6141ad400 'java/lang/invoke/LambdaForm$MH+0x000001b6141ad400'
Event: 7.361 Thread 0x000001b67c14e2b0 Unloading class 0x000001b6141ad000 'java/lang/invoke/LambdaForm$MH+0x000001b6141ad000'
Event: 7.361 Thread 0x000001b67c14e2b0 Unloading class 0x000001b6141acc00 'java/lang/invoke/LambdaForm$MH+0x000001b6141acc00'
Event: 7.361 Thread 0x000001b67c14e2b0 Unloading class 0x000001b6141ac800 'java/lang/invoke/LambdaForm$MH+0x000001b6141ac800'
Event: 7.361 Thread 0x000001b67c14e2b0 Unloading class 0x000001b6141ac400 'java/lang/invoke/LambdaForm$BMH+0x000001b6141ac400'
Event: 7.361 Thread 0x000001b67c14e2b0 Unloading class 0x000001b6141ac000 'java/lang/invoke/LambdaForm$DMH+0x000001b6141ac000'
Event: 7.361 Thread 0x000001b67c14e2b0 Unloading class 0x000001b6141aac00 'java/lang/invoke/LambdaForm$DMH+0x000001b6141aac00'

Classes redefined (0 events):
No events

Internal exceptions (20 events):
Event: 7.408 Thread 0x000001b65a6c69e0 Exception <a 'java/lang/NoSuchMethodError'{0x00000000d5685b20}: 'java.lang.Object java.lang.invoke.DelegatingMethodHandle$Holder.delegate(java.lang.Object, java.lang.Object, java.lang.Object, java.lang.Object, java.lang.Object, java.lang.Object, java.lang.Object, java.lang.Object, java.lang.Object, java.lang.Object, java.lang.Object, java.lang.Object, java.lang.Object)'> (0x00000000d5685b20) 
thrown [s\src\hotspot\share\interpreter\linkResolver.cpp, line 773]
Event: 7.415 Thread 0x000001b65a6c69e0 Exception <a 'java/lang/NoSuchMethodError'{0x00000000d56f18e8}: static Lorg/eclipse/m2e/core/internal/lifecyclemapping/model/PluginExecutionMetadata;.<clinit>()V> (0x00000000d56f18e8) 
thrown [s\src\hotspot\share\prims\jni.cpp, line 1111]
Event: 7.423 Thread 0x000001b65a6c69e0 Exception <a 'java/lang/NoSuchMethodError'{0x00000000d57516a0}: static Lorg/eclipse/m2e/core/internal/lifecyclemapping/model/PluginExecutionFilter;.<clinit>()V> (0x00000000d57516a0) 
thrown [s\src\hotspot\share\prims\jni.cpp, line 1111]
Event: 7.426 Thread 0x000001b65a6c69e0 Exception <a 'java/lang/NoSuchMethodError'{0x00000000d5781110}: static Lorg/eclipse/m2e/core/internal/project/registry/MavenProjectFacade$MavenProjectConfiguration;.<clinit>()V> (0x00000000d5781110) 
thrown [s\src\hotspot\share\prims\jni.cpp, line 1111]
Event: 7.500 Thread 0x000001b65a6c69e0 Exception <a 'java/lang/NoSuchMethodError'{0x00000000d5cf22c0}: 'double java.lang.invoke.DirectMethodHandle$Holder.invokeStatic(java.lang.Object, java.lang.Object)'> (0x00000000d5cf22c0) 
thrown [s\src\hotspot\share\interpreter\linkResolver.cpp, line 773]
Event: 7.500 Thread 0x000001b65a6c69e0 Exception <a 'java/lang/NoSuchMethodError'{0x00000000d5cf5980}: 'double java.lang.invoke.DirectMethodHandle$Holder.invokeStaticInit(java.lang.Object, java.lang.Object)'> (0x00000000d5cf5980) 
thrown [s\src\hotspot\share\interpreter\linkResolver.cpp, line 773]
Event: 7.789 Thread 0x000001b65a6c69e0 Implicit null exception at 0x000001b607c9bc75 to 0x000001b607c9bd50
Event: 8.913 Thread 0x000001b65a6c69e0 Exception <a 'java/lang/NoSuchMethodError'{0x00000000d64613b0}: 'java.lang.Object java.lang.invoke.DirectMethodHandle$Holder.newInvokeSpecial(java.lang.Object, int, java.lang.Object, java.lang.Object)'> (0x00000000d64613b0) 
thrown [s\src\hotspot\share\interpreter\linkResolver.cpp, line 773]
Event: 8.931 Thread 0x000001b65b444080 Exception <a 'java/lang/NoSuchMethodError'{0x00000000d65d0780}: 'java.lang.Object java.lang.invoke.DirectMethodHandle$Holder.invokeSpecialIFC(java.lang.Object, java.lang.Object, java.lang.Object, java.lang.Object)'> (0x00000000d65d0780) 
thrown [s\src\hotspot\share\interpreter\linkResolver.cpp, line 773]
Event: 9.096 Thread 0x000001b65a6c69e0 Exception <a 'java/lang/ClassNotFoundException'{0x00000000d5ede5d8}: com/sun/org/apache/xerces/internal/impl/msg/spi/DOMMessagesProvider> (0x00000000d5ede5d8) 
thrown [s\src\hotspot\share\classfile\systemDictionary.cpp, line 312]
Event: 9.097 Thread 0x000001b65a6c69e0 Exception <a 'java/lang/ClassNotFoundException'{0x00000000d5eefd90}: com/sun/org/apache/xerces/internal/impl/msg/spi/XMLSerializerMessagesProvider> (0x00000000d5eefd90) 
thrown [s\src\hotspot\share\classfile\systemDictionary.cpp, line 312]
Event: 9.098 Thread 0x000001b65a6c69e0 Exception <a 'java/lang/ClassNotFoundException'{0x00000000d5efd0b0}: com/sun/org/apache/xerces/internal/impl/msg/spi/XMLMessagesProvider> (0x00000000d5efd0b0) 
thrown [s\src\hotspot\share\classfile\systemDictionary.cpp, line 312]
Event: 10.278 Thread 0x000001b65a6c69e0 Exception <a 'java/lang/ClassNotFoundException'{0x00000000d569a5b8}: com/sun/org/apache/xml/internal/serializer/spi/XMLEntitiesProvider> (0x00000000d569a5b8) 
thrown [s\src\hotspot\share\classfile\systemDictionary.cpp, line 312]
Event: 10.336 Thread 0x000001b65b444080 Exception <a 'java/lang/NoClassDefFoundError'{0x00000000d5b70850}: javax/enterprise/inject/Typed> (0x00000000d5b70850) 
thrown [s\src\hotspot\share\classfile\systemDictionary.cpp, line 301]
Event: 10.391 Thread 0x000001b65a6c69e0 Exception <a 'java/io/FileNotFoundException'{0x00000000d5f02dd8}> (0x00000000d5f02dd8) 
thrown [s\src\hotspot\share\prims\jni.cpp, line 520]
Event: 13.511 Thread 0x000001b65a6c69e0 Exception <a 'java/lang/UnsatisfiedLinkError'{0x00000000d6402b98}: The specified procedure could not be found.
> (0x00000000d6402b98) 
thrown [s\src\hotspot\share\prims\jni.cpp, line 539]
Event: 13.517 Thread 0x000001b65a6c69e0 Exception <a 'java/io/FileNotFoundException'{0x00000000d641aa28}> (0x00000000d641aa28) 
thrown [s\src\hotspot\share\prims\jni.cpp, line 520]
Event: 13.541 Thread 0x000001b65a6c69e0 Exception <a 'java/io/FileNotFoundException'{0x00000000d66edc90}> (0x00000000d66edc90) 
thrown [s\src\hotspot\share\prims\jni.cpp, line 520]
Event: 13.550 Thread 0x000001b65a6c69e0 Exception <a 'java/lang/UnsatisfiedLinkError'{0x00000000d67202b8}: The specified procedure could not be found.
> (0x00000000d67202b8) 
thrown [s\src\hotspot\share\prims\jni.cpp, line 539]
Event: 13.652 Thread 0x000001b65b444710 Exception <a 'java/lang/NoSuchMethodError'{0x00000000d5cb2c80}: 'void java.lang.invoke.DirectMethodHandle$Holder.invokeStaticInit(java.lang.Object, java.lang.Object, java.lang.Object, java.lang.Object)'> (0x00000000d5cb2c80) 
thrown [s\src\hotspot\share\interpreter\linkResolver.cpp, line 773]

ZGC Phase Switch (0 events):
No events

VM Operations (20 events):
Event: 8.887 Executing safepoint VM operation: Cleanup done
Event: 8.893 Executing non-safepoint VM operation: HandshakeAllThreads (Deoptimize)
Event: 8.894 Executing non-safepoint VM operation: HandshakeAllThreads (Deoptimize) done
Event: 9.002 Executing safepoint VM operation: ParallelGCFailedAllocation (Allocation Failure)
Event: 9.005 Executing safepoint VM operation: ParallelGCFailedAllocation (Allocation Failure) done
Event: 10.006 Executing safepoint VM operation: Cleanup
Event: 10.006 Executing safepoint VM operation: Cleanup done
Event: 10.143 Executing non-safepoint VM operation: HandshakeAllThreads (Deoptimize)
Event: 10.153 Executing non-safepoint VM operation: HandshakeAllThreads (Deoptimize) done
Event: 10.258 Executing safepoint VM operation: ParallelGCFailedAllocation (Allocation Failure)
Event: 10.261 Executing safepoint VM operation: ParallelGCFailedAllocation (Allocation Failure) done
Event: 10.307 Executing non-safepoint VM operation: HandshakeAllThreads (Deoptimize)
Event: 10.307 Executing non-safepoint VM operation: HandshakeAllThreads (Deoptimize) done
Event: 10.326 Executing non-safepoint VM operation: HandshakeAllThreads (Deoptimize)
Event: 10.326 Executing non-safepoint VM operation: HandshakeAllThreads (Deoptimize) done
Event: 11.338 Executing safepoint VM operation: Cleanup
Event: 11.338 Executing safepoint VM operation: Cleanup done
Event: 13.591 Executing safepoint VM operation: ParallelGCFailedAllocation (Allocation Failure)
Event: 13.601 Executing safepoint VM operation: ParallelGCFailedAllocation (Allocation Failure) done
Event: 13.729 Executing safepoint VM operation: CollectForMetadataAllocation (Metadata GC Threshold)

Memory protections (0 events):
No events

Nmethod flushes (20 events):
Event: 13.755 Thread 0x000001b67c14e2b0 flushing  nmethod 0x000001b60061f490
Event: 13.755 Thread 0x000001b67c14e2b0 flushing  nmethod 0x000001b60062ae90
Event: 13.755 Thread 0x000001b67c14e2b0 flushing  nmethod 0x000001b60062b290
Event: 13.755 Thread 0x000001b67c14e2b0 flushing  nmethod 0x000001b60062bb90
Event: 13.755 Thread 0x000001b67c14e2b0 flushing  nmethod 0x000001b60062cd90
Event: 13.755 Thread 0x000001b67c14e2b0 flushing  nmethod 0x000001b60062da10
Event: 13.755 Thread 0x000001b67c14e2b0 flushing  nmethod 0x000001b60062e190
Event: 13.755 Thread 0x000001b67c14e2b0 flushing  nmethod 0x000001b60062eb10
Event: 13.755 Thread 0x000001b67c14e2b0 flushing  nmethod 0x000001b60062f010
Event: 13.755 Thread 0x000001b67c14e2b0 flushing  nmethod 0x000001b60062f910
Event: 13.755 Thread 0x000001b67c14e2b0 flushing  nmethod 0x000001b600630d90
Event: 13.755 Thread 0x000001b67c14e2b0 flushing  nmethod 0x000001b600632d10
Event: 13.755 Thread 0x000001b67c14e2b0 flushing  nmethod 0x000001b600633f10
Event: 13.755 Thread 0x000001b67c14e2b0 flushing  nmethod 0x000001b60066d310
Event: 13.755 Thread 0x000001b67c14e2b0 flushing  nmethod 0x000001b600676090
Event: 13.755 Thread 0x000001b67c14e2b0 flushing  nmethod 0x000001b60067ea10
Event: 13.755 Thread 0x000001b67c14e2b0 flushing  nmethod 0x000001b6006e6e10
Event: 13.755 Thread 0x000001b67c14e2b0 flushing  nmethod 0x000001b600706090
Event: 13.755 Thread 0x000001b67c14e2b0 flushing  nmethod 0x000001b600706510
Event: 13.755 Thread 0x000001b67c14e2b0 flushing  nmethod 0x000001b600720490

Events (20 events):
Event: 2.703 Thread 0x000001b655c5f0a0 Thread exited: 0x000001b655c5f0a0
Event: 2.970 Thread 0x000001b65a6c69e0 Thread added: 0x000001b65aed7890
Event: 3.103 Thread 0x000001b6559e8a50 Thread added: 0x000001b65a7fdde0
Event: 3.103 Thread 0x000001b6559e8a50 Thread added: 0x000001b65a7fe490
Event: 3.293 Thread 0x000001b65a6c69e0 Thread added: 0x000001b65b0682a0
Event: 3.414 Thread 0x000001b65a7fe490 Thread exited: 0x000001b65a7fe490
Event: 3.692 Thread 0x000001b65a7fdde0 Thread exited: 0x000001b65a7fdde0
Event: 3.707 Thread 0x000001b65a6c69e0 Thread added: 0x000001b65b4467e0
Event: 4.766 Thread 0x000001b65a6c69e0 Thread added: 0x000001b65b444080
Event: 6.801 Thread 0x000001b65a6c69e0 Thread added: 0x000001b65b444710
Event: 6.921 Thread 0x000001b6559e8a50 Thread added: 0x000001b65a0b0b00
Event: 7.349 Thread 0x000001b6559e8a50 Thread added: 0x000001b65ab41890
Event: 7.718 Thread 0x000001b65ab41890 Thread exited: 0x000001b65ab41890
Event: 7.718 Thread 0x000001b65a0b0b00 Thread exited: 0x000001b65a0b0b00
Event: 8.904 Thread 0x000001b6559e8a50 Thread added: 0x000001b65b13bea0
Event: 8.989 Thread 0x000001b6559e8a50 Thread added: 0x000001b65b132a60
Event: 10.121 Thread 0x000001b65a6c69e0 Thread added: 0x000001b65b444da0
Event: 10.121 Thread 0x000001b65b444710 Thread added: 0x000001b65b445430
Event: 13.607 Thread 0x000001b65b444710 Thread added: 0x000001b65b447500
Event: 13.673 Thread 0x000001b65b447500 Thread added: 0x000001b65b446150


Dynamic libraries:
0x00007ff7e3a00000 - 0x00007ff7e3a0e000 	c:\Users\dhruv\.vscode\extensions\redhat.java-1.53.0-win32-x64\jre\21.0.10-win32-x86_64\bin\java.exe
0x00007ffc9c540000 - 0x00007ffc9c7a7000 	C:\Windows\SYSTEM32\ntdll.dll
0x00007ffc9bbf0000 - 0x00007ffc9bcb9000 	C:\Windows\System32\KERNEL32.DLL
0x00007ffc98ed0000 - 0x00007ffc992c1000 	C:\Windows\System32\KERNELBASE.dll
0x00007ffc99e00000 - 0x00007ffc99f4b000 	C:\Windows\System32\ucrtbase.dll
0x00007ffc930d0000 - 0x00007ffc930e8000 	c:\Users\dhruv\.vscode\extensions\redhat.java-1.53.0-win32-x64\jre\21.0.10-win32-x86_64\bin\jli.dll
0x00007ffc9a620000 - 0x00007ffc9a7e5000 	C:\Windows\System32\USER32.dll
0x00007ffc9a2b0000 - 0x00007ffc9a2d7000 	C:\Windows\System32\win32u.dll
0x00007ffc9b230000 - 0x00007ffc9b25b000 	C:\Windows\System32\GDI32.dll
0x00007ffc9a0d0000 - 0x00007ffc9a1fb000 	C:\Windows\System32\gdi32full.dll
0x00007ffc98e20000 - 0x00007ffc98ec3000 	C:\Windows\System32\msvcp_win.dll
0x00007ffc930b0000 - 0x00007ffc930ce000 	c:\Users\dhruv\.vscode\extensions\redhat.java-1.53.0-win32-x64\jre\21.0.10-win32-x86_64\bin\VCRUNTIME140.dll
0x00007ffc79410000 - 0x00007ffc796a3000 	C:\Windows\WinSxS\amd64_microsoft.windows.common-controls_6595b64144ccf1df_6.0.26100.8037_none_3e092faae333b53b\COMCTL32.dll
0x00007ffc9b490000 - 0x00007ffc9b539000 	C:\Windows\System32\msvcrt.dll
0x00007ffc9c2a0000 - 0x00007ffc9c2d1000 	C:\Windows\System32\IMM32.DLL
0x00007ffc93620000 - 0x00007ffc9362c000 	c:\Users\dhruv\.vscode\extensions\redhat.java-1.53.0-win32-x64\jre\21.0.10-win32-x86_64\bin\vcruntime140_1.dll
0x00007ffc69cf0000 - 0x00007ffc69d7d000 	c:\Users\dhruv\.vscode\extensions\redhat.java-1.53.0-win32-x64\jre\21.0.10-win32-x86_64\bin\msvcp140.dll
0x00007ffc05650000 - 0x00007ffc063f1000 	c:\Users\dhruv\.vscode\extensions\redhat.java-1.53.0-win32-x64\jre\21.0.10-win32-x86_64\bin\server\jvm.dll
0x00007ffc9a880000 - 0x00007ffc9a93b000 	C:\Windows\System32\ADVAPI32.dll
0x00007ffc9b260000 - 0x00007ffc9b307000 	C:\Windows\System32\sechost.dll
0x00007ffc9a2e0000 - 0x00007ffc9a3f8000 	C:\Windows\System32\RPCRT4.dll
0x00007ffc9a800000 - 0x00007ffc9a874000 	C:\Windows\System32\WS2_32.dll
0x00007ffc98ca0000 - 0x00007ffc98cfe000 	C:\Windows\SYSTEM32\POWRPROF.dll
0x00007ffc90f50000 - 0x00007ffc90f85000 	C:\Windows\SYSTEM32\WINMM.dll
0x00007ffc7c780000 - 0x00007ffc7c78b000 	C:\Windows\SYSTEM32\VERSION.dll
0x00007ffc98c80000 - 0x00007ffc98c94000 	C:\Windows\SYSTEM32\UMPDC.dll
0x00007ffc97b80000 - 0x00007ffc97b9b000 	C:\Windows\SYSTEM32\kernel.appcore.dll
0x00007ffc93600000 - 0x00007ffc9360a000 	c:\Users\dhruv\.vscode\extensions\redhat.java-1.53.0-win32-x64\jre\21.0.10-win32-x86_64\bin\jimage.dll
0x00007ffc96e50000 - 0x00007ffc97092000 	C:\Windows\SYSTEM32\DBGHELP.DLL
0x00007ffc9bd20000 - 0x00007ffc9c0a2000 	C:\Windows\System32\combase.dll
0x00007ffc9b0c0000 - 0x00007ffc9b197000 	C:\Windows\System32\OLEAUT32.dll
0x00007ffc7a2d0000 - 0x00007ffc7a30b000 	C:\Windows\SYSTEM32\dbgcore.DLL
0x00007ffc9a200000 - 0x00007ffc9a2a5000 	C:\Windows\System32\bcryptPrimitives.dll
0x00007ffc930a0000 - 0x00007ffc930af000 	c:\Users\dhruv\.vscode\extensions\redhat.java-1.53.0-win32-x64\jre\21.0.10-win32-x86_64\bin\instrument.dll
0x00007ffc93060000 - 0x00007ffc93080000 	c:\Users\dhruv\.vscode\extensions\redhat.java-1.53.0-win32-x64\jre\21.0.10-win32-x86_64\bin\java.dll
0x00007ffc9a950000 - 0x00007ffc9b0af000 	C:\Windows\System32\SHELL32.dll
0x00007ffc99c90000 - 0x00007ffc99dfa000 	C:\Windows\System32\wintypes.dll
0x00007ffc992d0000 - 0x00007ffc99b34000 	C:\Windows\System32\windows.storage.dll
0x00007ffc9a4a0000 - 0x00007ffc9a597000 	C:\Windows\System32\SHCORE.dll
0x00007ffc9c490000 - 0x00007ffc9c4f7000 	C:\Windows\System32\shlwapi.dll
0x00007ffc98d40000 - 0x00007ffc98d69000 	C:\Windows\SYSTEM32\profapi.dll
0x00007ffc8ef60000 - 0x00007ffc8ef78000 	c:\Users\dhruv\.vscode\extensions\redhat.java-1.53.0-win32-x64\jre\21.0.10-win32-x86_64\bin\zip.dll
0x00007ffc8e9c0000 - 0x00007ffc8e9d0000 	C:\Users\dhruv\.vscode\extensions\redhat.java-1.53.0-win32-x64\jre\21.0.10-win32-x86_64\bin\net.dll
0x00007ffc8ef80000 - 0x00007ffc8f0a7000 	C:\Windows\SYSTEM32\WINHTTP.dll
0x00007ffc98120000 - 0x00007ffc9818b000 	C:\Windows\system32\mswsock.dll
0x00007ffc8d560000 - 0x00007ffc8d576000 	C:\Users\dhruv\.vscode\extensions\redhat.java-1.53.0-win32-x64\jre\21.0.10-win32-x86_64\bin\nio.dll
0x00007ffc8e9b0000 - 0x00007ffc8e9c0000 	c:\Users\dhruv\.vscode\extensions\redhat.java-1.53.0-win32-x64\jre\21.0.10-win32-x86_64\bin\verify.dll
0x00007ffc69b30000 - 0x00007ffc69b75000 	C:\Users\dhruv\AppData\Roaming\Code\User\globalStorage\redhat.java\1.53.0\config_win\org.eclipse.equinox.launcher\org.eclipse.equinox.launcher.win32.win32.x86_64_1.3.0.v20260203-2149\eclipse_11919.dll
0x00007ffc9c2e0000 - 0x00007ffc9c475000 	C:\Windows\System32\ole32.dll
0x00007ffc98410000 - 0x00007ffc9842b000 	C:\Windows\SYSTEM32\CRYPTSP.dll
0x00007ffc97ae0000 - 0x00007ffc97b19000 	C:\Windows\system32\rsaenh.dll
0x00007ffc981d0000 - 0x00007ffc98202000 	C:\Windows\SYSTEM32\USERENV.dll
0x00007ffc98d10000 - 0x00007ffc98d3a000 	C:\Windows\SYSTEM32\bcrypt.dll
0x00007ffc98400000 - 0x00007ffc9840c000 	C:\Windows\SYSTEM32\CRYPTBASE.dll
0x00007ffc97560000 - 0x00007ffc97593000 	C:\Windows\SYSTEM32\IPHLPAPI.DLL
0x00007ffc9c480000 - 0x00007ffc9c48a000 	C:\Windows\System32\NSI.dll
0x00007ffc68d80000 - 0x00007ffc68dc9000 	C:\Users\dhruv\AppData\Local\Temp\jna-95563663\jna1950600192418124691.dll
0x00007ffc9a940000 - 0x00007ffc9a948000 	C:\Windows\System32\PSAPI.DLL
0x00007ffc90880000 - 0x00007ffc9089d000 	C:\Windows\SYSTEM32\dhcpcsvc6.DLL
0x00007ffc8ff40000 - 0x00007ffc8ff63000 	C:\Windows\SYSTEM32\dhcpcsvc.DLL

JVMTI agents:
c:\Users\dhruv\.vscode\extensions\redhat.java-1.53.0-win32-x64\lombok\lombok-1.18.39-4050.jar path:c:\Users\dhruv\.vscode\extensions\redhat.java-1.53.0-win32-x64\jre\21.0.10-win32-x86_64\bin\instrument.dll, loaded, initialized, instrumentlib options:none

dbghelp: loaded successfully - version: 4.0.5 - missing functions: none
symbol engine: initialized successfully - sym options: 0x614 - pdb path: .;c:\Users\dhruv\.vscode\extensions\redhat.java-1.53.0-win32-x64\jre\21.0.10-win32-x86_64\bin;C:\Windows\SYSTEM32;C:\Windows\WinSxS\amd64_microsoft.windows.common-controls_6595b64144ccf1df_6.0.26100.8037_none_3e092faae333b53b;c:\Users\dhruv\.vscode\extensions\redhat.java-1.53.0-win32-x64\jre\21.0.10-win32-x86_64\bin\server;C:\Users\dhruv\AppData\Roaming\Code\User\globalStorage\redhat.java\1.53.0\config_win\org.eclipse.equinox.launcher\org.eclipse.equinox.launcher.win32.win32.x86_64_1.3.0.v20260203-2149;C:\Users\dhruv\AppData\Local\Temp\jna-95563663

VM Arguments:
jvm_args: --add-modules=ALL-SYSTEM --add-opens=java.base/java.util=ALL-UNNAMED --add-opens=java.base/java.lang=ALL-UNNAMED --add-opens=java.base/sun.nio.fs=ALL-UNNAMED -Declipse.application=org.eclipse.jdt.ls.core.id1 -Dosgi.bundles.defaultStartLevel=4 -Declipse.product=org.eclipse.jdt.ls.core.product -Djava.import.generatesMetadataFilesAtProjectRoot=false -DDetectVMInstallationsJob.disabled=true -Dfile.encoding=utf8 -XX:+UseParallelGC -XX:GCTimeRatio=4 -XX:AdaptiveSizePolicyWeight=90 -Dsun.zip.disableMemoryMapping=true -Xmx2G -Xms100m -Xlog:disable -javaagent:c:\Users\dhruv\.vscode\extensions\redhat.java-1.53.0-win32-x64\lombok\lombok-1.18.39-4050.jar -XX:+HeapDumpOnOutOfMemoryError -XX:HeapDumpPath=c:\Users\dhruv\AppData\Roaming\Code\User\workspaceStorage\7d28d01f3346ece97dc27ea15ebc63fd\redhat.java -Daether.dependencyCollector.impl=bf 
java_command: c:\Users\dhruv\.vscode\extensions\redhat.java-1.53.0-win32-x64\server\plugins\org.eclipse.equinox.launcher_1.7.100.v20251111-0406.jar -configuration c:\Users\dhruv\AppData\Roaming\Code\User\globalStorage\redhat.java\1.53.0\config_win -data c:\Users\dhruv\AppData\Roaming\Code\User\workspaceStorage\7d28d01f3346ece97dc27ea15ebc63fd\redhat.java\jdt_ws --pipe=\\.\pipe\lsp-c625cda03a316ce377a4c3f48704f559-sock
java_class_path (initial): c:\Users\dhruv\.vscode\extensions\redhat.java-1.53.0-win32-x64\server\plugins\org.eclipse.equinox.launcher_1.7.100.v20251111-0406.jar
Launcher Type: SUN_STANDARD

[Global flags]
    uintx AdaptiveSizePolicyWeight                 = 90                                        {product} {command line}
     intx CICompilerCount                          = 4                                         {product} {ergonomic}
    uintx GCTimeRatio                              = 4                                         {product} {command line}
     bool HeapDumpOnOutOfMemoryError               = true                                   {manageable} {command line}
    ccstr HeapDumpPath                             = c:\Users\dhruv\AppData\Roaming\Code\User\workspaceStorage\7d28d01f3346ece97dc27ea15ebc63fd\redhat.java         {manageable} {command line}
   size_t InitialHeapSize                          = 104857600                                 {product} {command line}
   size_t MaxHeapSize                              = 2147483648                                {product} {command line}
   size_t MaxNewSize                               = 715653120                                 {product} {ergonomic}
   size_t MinHeapDeltaBytes                        = 524288                                    {product} {ergonomic}
   size_t MinHeapSize                              = 104857600                                 {product} {command line}
   size_t NewSize                                  = 34603008                                  {product} {ergonomic}
    uintx NonNMethodCodeHeapSize                   = 5839372                                {pd product} {ergonomic}
    uintx NonProfiledCodeHeapSize                  = 122909434                              {pd product} {ergonomic}
   size_t OldSize                                  = 70254592                                  {product} {ergonomic}
    uintx ProfiledCodeHeapSize                     = 122909434                              {pd product} {ergonomic}
    uintx ReservedCodeCacheSize                    = 251658240                              {pd product} {ergonomic}
     bool SegmentedCodeCache                       = true                                      {product} {ergonomic}
   size_t SoftMaxHeapSize                          = 2147483648                             {manageable} {ergonomic}
     bool UseCompressedOops                        = true                           {product lp64_product} {ergonomic}
     bool UseLargePagesIndividualAllocation        = false                                  {pd product} {ergonomic}
     bool UseParallelGC                            = true                                      {product} {command line}

Logging:
Log output configuration:
 #0: stdout all=off uptime,level,tags foldmultilines=false
 #1: stderr all=off uptime,level,tags foldmultilines=false

Release file:
JAVA_VERSION="21.0.10" 
MODULES="java.base java.compiler java.datatransfer java.xml java.prefs java.desktop java.instrument java.logging java.management java.security.sasl java.naming java.rmi java.management.rmi java.net.http java.scripting java.security.jgss java.transaction.xa java.sql java.sql.rowset java.xml.crypto java.se java.smartcardio jdk.accessibility jdk.internal.jvmstat jdk.attach jdk.charsets jdk.internal.opt jdk.zipfs jdk.compiler jdk.crypto.ec jdk.crypto.cryptoki jdk.crypto.mscapi jdk.dynalink jdk.internal.ed jdk.editpad jdk.hotspot.agent jdk.httpserver jdk.internal.le jdk.internal.vm.ci jdk.internal.vm.compiler jdk.internal.vm.compiler.management jdk.jartool jdk.javadoc jdk.jcmd jdk.management jdk.management.agent jdk.jconsole jdk.jdeps jdk.jdwp.agent jdk.jdi jdk.jfr jdk.jshell jdk.jsobject jdk.jstatd jdk.localedata jdk.management.jfr jdk.naming.dns jdk.naming.rmi jdk.net jdk.nio.mapmode jdk.random jdk.sctp jdk.security.auth jdk.security.jgss jdk.unsupported jdk.unsupported.desktop jdk.xml.dom" 

Environment Variables:
PATH=C:\Users\dhruv\AppData\Local\Programs\Microsoft VS Code;C:\Program Files\Common Files\Oracle\Java\javapath;C:\Windows\system32;C:\Windows;C:\Windows\System32\Wbem;C:\Windows\System32\WindowsPowerShell\v1.0\;C:\Windows\System32\OpenSSH\;C:\Program Files\nodejs\;C:\Program Files\Git\cmd;C:\Program Files\MongoDB\Server\8.0\bin;C:\Program Files\MySQL\MySQL Server 8.0\bin;C:\Users\dhruv\Downloads\gradle-8.14.3\bin;C:\Program Files\Docker\Docker\resources\bin;C:\Program Files\Apache\MAVEN\bin;C:\Program Files\Apache\MAVEN\apache-maven-3.9.12\bin;C:\Program Files\MySQL\MySQL Shell 8.0\bin\;C:\Users\dhruv\AppData\Local\Microsoft\WindowsApps;C:\Users\dhruv\AppData\Local\Programs\Microsoft VS Code\bin;C:\Users\dhruv\AppData\Roaming\npm;C:\Program Files\JetBrains\IntelliJ IDEA Community Edition 2025.1.4.1\bin;C:\Users\dhruv\AppData\Local\Programs\cursor\resources\app\bin
USERNAME=dhruv
OS=Windows_NT
PROCESSOR_IDENTIFIER=Intel64 Family 6 Model 186 Stepping 2, GenuineIntel
TMP=C:\Users\dhruv\AppData\Local\Temp
TEMP=C:\Users\dhruv\AppData\Local\Temp




Periodic native trim disabled

---------------  S Y S T E M  ---------------

OS:
 Windows 11 , 64 bit Build 26100 (10.0.26100.7920)
OS uptime: 0 days 23:44 hours
Hyper-V role detected

CPU: total 12 (initial active 12) (6 cores per cpu, 2 threads per core) family 6 model 186 stepping 2 microcode 0x6134, cx8, cmov, fxsr, ht, mmx, 3dnowpref, sse, sse2, sse3, ssse3, sse4.1, sse4.2, popcnt, lzcnt, tsc, tscinvbit, avx, avx2, aes, erms, clmul, bmi1, bmi2, adx, sha, fma, vzeroupper, clflush, clflushopt, clwb, hv, serialize, rdtscp, rdpid, fsrm, f16c, cet_ibt, cet_ss
Processor Information for processor 0
  Max Mhz: 2100, Current Mhz: 2100, Mhz Limit: 2100
Processor Information for processor 1
  Max Mhz: 2100, Current Mhz: 2100, Mhz Limit: 2100
Processor Information for processor 2
  Max Mhz: 2100, Current Mhz: 2100, Mhz Limit: 2100
Processor Information for processor 3
  Max Mhz: 2100, Current Mhz: 1453, Mhz Limit: 2100
Processor Information for processor 4
  Max Mhz: 2100, Current Mhz: 2100, Mhz Limit: 2100
Processor Information for processor 5
  Max Mhz: 2100, Current Mhz: 2100, Mhz Limit: 2100
Processor Information for processor 6
  Max Mhz: 2100, Current Mhz: 2100, Mhz Limit: 2100
Processor Information for processor 7
  Max Mhz: 2100, Current Mhz: 2100, Mhz Limit: 2100
Processor Information for processor 8
  Max Mhz: 2100, Current Mhz: 1500, Mhz Limit: 1491
Processor Information for processor 9
  Max Mhz: 2100, Current Mhz: 1500, Mhz Limit: 1491
Processor Information for processor 10
  Max Mhz: 2100, Current Mhz: 1500, Mhz Limit: 1491
Processor Information for processor 11
  Max Mhz: 2100, Current Mhz: 1500, Mhz Limit: 1491

Memory: 4k page, system-wide physical 16076M (2663M free)
TotalPageFile size 46395M (AvailPageFile size 20M)
current process WorkingSet (physical memory assigned to process): 197M, peak: 202M
current process commit charge ("private bytes"): 325M, peak: 332M

vm_info: OpenJDK 64-Bit Server VM (21.0.10+7-LTS) for windows-amd64 JRE (21.0.10+7-LTS), built on 2026-01-20T00:00:00Z by "admin" with MS VC++ 17.12 (VS2022)

END.
