#
# There is insufficient memory for the Java Runtime Environment to continue.
# Native memory allocation (malloc) failed to allocate 1617616 bytes. Error detail: Chunk::new
# Possible reasons:
#   The system is out of physical RAM or swap space
#   This process is running with CompressedOops enabled, and the Java Heap may be blocking the growth of the native heap
# Possible solutions:
#   Reduce memory load on the system
#   Increase physical memory or swap space
#   Check if swap backing store is full
#   Decrease Java heap size (-Xmx/-Xms)
#   Decrease number of Java threads
#   Decrease Java thread stack sizes (-Xss)
#   Set larger code cache with -XX:ReservedCodeCacheSize=
#   JVM is running with Unscaled Compressed Oops mode in which the Java heap is
#     placed in the first 4GB address space. The Java Heap base address is the
#     maximum limit for the native heap growth. Please use -XX:HeapBaseMinAddress
#     to set the Java Heap base and to place the Java Heap above 4GB virtual address.
# This output file may be truncated or incomplete.
#
#  Out of Memory Error (arena.cpp:168), pid=23644, tid=19768
#
# JRE version: OpenJDK Runtime Environment Temurin-21.0.10+7 (21.0.10+7) (build 21.0.10+7-LTS)
# Java VM: OpenJDK 64-Bit Server VM Temurin-21.0.10+7 (21.0.10+7-LTS, mixed mode, sharing, tiered, compressed oops, compressed class ptrs, parallel gc, windows-amd64)
# No core dump will be written. Minidumps are not enabled by default on client versions of Windows
#

---------------  S U M M A R Y ------------

Command Line: --add-modules=ALL-SYSTEM --add-opens=java.base/java.util=ALL-UNNAMED --add-opens=java.base/java.lang=ALL-UNNAMED --add-opens=java.base/sun.nio.fs=ALL-UNNAMED -Declipse.application=org.eclipse.jdt.ls.core.id1 -Dosgi.bundles.defaultStartLevel=4 -Declipse.product=org.eclipse.jdt.ls.core.product -Djava.import.generatesMetadataFilesAtProjectRoot=false -DDetectVMInstallationsJob.disabled=true -Dfile.encoding=utf8 -XX:+UseParallelGC -XX:GCTimeRatio=4 -XX:AdaptiveSizePolicyWeight=90 -Dsun.zip.disableMemoryMapping=true -Xmx2G -Xms100m -Xlog:disable -javaagent:c:\Users\dhruv\.vscode\extensions\redhat.java-1.53.0-win32-x64\lombok\lombok-1.18.39-4050.jar -XX:+HeapDumpOnOutOfMemoryError -XX:HeapDumpPath=c:\Users\dhruv\AppData\Roaming\Code\User\workspaceStorage\7d28d01f3346ece97dc27ea15ebc63fd\redhat.java -Daether.dependencyCollector.impl=bf c:\Users\dhruv\.vscode\extensions\redhat.java-1.53.0-win32-x64\server\plugins\org.eclipse.equinox.launcher_1.7.100.v20251111-0406.jar -configuration c:\Users\dhruv\AppData\Roaming\Code\User\globalStorage\redhat.java\1.53.0\config_win -data c:\Users\dhruv\AppData\Roaming\Code\User\workspaceStorage\7d28d01f3346ece97dc27ea15ebc63fd\redhat.java\jdt_ws --pipe=\\.\pipe\lsp-30a60da98a0a50675d89558527e4fde2-sock

Host: 13th Gen Intel(R) Core(TM) i5-13420H, 12 cores, 15G,  Windows 11 , 64 bit Build 26100 (10.0.26100.7920)
Time: Mon Mar 30 10:49:01 2026 India Standard Time elapsed time: 25.031385 seconds (0d 0h 0m 25s)

---------------  T H R E A D  ---------------

Current thread (0x0000021fcc531d00):  JavaThread "C2 CompilerThread2" daemon [_thread_in_native, id=19768, stack(0x0000007ed5400000,0x0000007ed5500000) (1024K)]


Current CompileTask:
C2:25031 6611       4       org.eclipse.jdt.internal.compiler.util.JrtFileSystem$2::visitFile (10 bytes)

Stack: [0x0000007ed5400000,0x0000007ed5500000]
Native frames: (J=compiled Java code, j=interpreted, Vv=VM code, C=native code)
V  [jvm.dll+0x6d7a39]
V  [jvm.dll+0x8b4b26]
V  [jvm.dll+0x8b70de]
V  [jvm.dll+0x8b77c3]
V  [jvm.dll+0x284346]
V  [jvm.dll+0xc66ed]
V  [jvm.dll+0xc6c31]
V  [jvm.dll+0x3bec01]
V  [jvm.dll+0x38b162]
V  [jvm.dll+0x38a5aa]
V  [jvm.dll+0x24c560]
V  [jvm.dll+0x24bb40]
V  [jvm.dll+0x1cb34e]
V  [jvm.dll+0x25b85d]
V  [jvm.dll+0x259dea]
V  [jvm.dll+0x3f857e]
V  [jvm.dll+0x85f59d]
V  [jvm.dll+0x6d626d]
C  [ucrtbase.dll+0x37b0]
C  [KERNEL32.DLL+0x2e8d7]
C  [ntdll.dll+0x8c48c]


---------------  P R O C E S S  ---------------

Threads class SMR info:
_java_thread_list=0x0000021fccf27990, length=44, elements={
0x0000021fe8bc70e0, 0x0000021feb00c6d0, 0x0000021feb00e510, 0x0000021feb108700,
0x0000021feb10b7f0, 0x0000021feb10d010, 0x0000021feb110840, 0x0000021feb119770,
0x0000021ffed6a060, 0x0000021ffef57a20, 0x0000021fff0ceb60, 0x0000021fc994ec20,
0x0000021fc96b2e10, 0x0000021fc9976d10, 0x0000021fc9202250, 0x0000021fca05b520,
0x0000021fc9e66ea0, 0x0000021fc94ae7b0, 0x0000021ffefd9950, 0x0000021ffefd8c30,
0x0000021ffefd71f0, 0x0000021ffefd92c0, 0x0000021fc9102d50, 0x0000021ffefd7880,
0x0000021ffefd9fe0, 0x0000021fcb6f3d30, 0x0000021fcb6f43c0, 0x0000021fcb6f6490,
0x0000021fcb6f7840, 0x0000021fcb6f6b20, 0x0000021fcb6f7ed0, 0x0000021fcb6f4a50,
0x0000021fcb6f8560, 0x0000021fcb6f50e0, 0x0000021fcb6f8bf0, 0x0000021fcb6f5770,
0x0000021fcb6f5e00, 0x0000021fcb6f9280, 0x0000021fcb6f9910, 0x0000021fcb6fb350,
0x0000021fcb6fa630, 0x0000021fcb6facc0, 0x0000021fcc531d00, 0x0000021fca14e3d0
}

Java Threads: ( => current thread )
  0x0000021fe8bc70e0 JavaThread "main"                              [_thread_blocked, id=2436, stack(0x0000007ed1c00000,0x0000007ed1d00000) (1024K)]
  0x0000021feb00c6d0 JavaThread "Reference Handler"          daemon [_thread_blocked, id=14012, stack(0x0000007ed2000000,0x0000007ed2100000) (1024K)]
  0x0000021feb00e510 JavaThread "Finalizer"                  daemon [_thread_blocked, id=13540, stack(0x0000007ed2100000,0x0000007ed2200000) (1024K)]
  0x0000021feb108700 JavaThread "Signal Dispatcher"          daemon [_thread_blocked, id=22144, stack(0x0000007ed2200000,0x0000007ed2300000) (1024K)]
  0x0000021feb10b7f0 JavaThread "Attach Listener"            daemon [_thread_blocked, id=10100, stack(0x0000007ed2300000,0x0000007ed2400000) (1024K)]
  0x0000021feb10d010 JavaThread "Service Thread"             daemon [_thread_blocked, id=16788, stack(0x0000007ed2400000,0x0000007ed2500000) (1024K)]
  0x0000021feb110840 JavaThread "Monitor Deflation Thread"   daemon [_thread_blocked, id=3768, stack(0x0000007ed2500000,0x0000007ed2600000) (1024K)]
  0x0000021feb119770 JavaThread "C2 CompilerThread0"         daemon [_thread_in_native, id=1228, stack(0x0000007ed2600000,0x0000007ed2700000) (1024K)]
  0x0000021ffed6a060 JavaThread "C1 CompilerThread0"         daemon [_thread_blocked, id=18292, stack(0x0000007ed2700000,0x0000007ed2800000) (1024K)]
  0x0000021ffef57a20 JavaThread "Common-Cleaner"             daemon [_thread_blocked, id=17572, stack(0x0000007ed2800000,0x0000007ed2900000) (1024K)]
  0x0000021fff0ceb60 JavaThread "Notification Thread"        daemon [_thread_blocked, id=22280, stack(0x0000007ed2a00000,0x0000007ed2b00000) (1024K)]
  0x0000021fc994ec20 JavaThread "Active Thread: Equinox Container: ca7025ef-b431-4414-b36d-01db9b94f52a"        [_thread_blocked, id=1800, stack(0x0000007ed3200000,0x0000007ed3300000) (1024K)]
  0x0000021fc96b2e10 JavaThread "Refresh Thread: Equinox Container: ca7025ef-b431-4414-b36d-01db9b94f52a" daemon [_thread_blocked, id=7368, stack(0x0000007ed3400000,0x0000007ed3500000) (1024K)]
  0x0000021fc9976d10 JavaThread "Framework Event Dispatcher: Equinox Container: ca7025ef-b431-4414-b36d-01db9b94f52a" daemon [_thread_blocked, id=23236, stack(0x0000007ed3500000,0x0000007ed3600000) (1024K)]
  0x0000021fc9202250 JavaThread "Start Level: Equinox Container: ca7025ef-b431-4414-b36d-01db9b94f52a" daemon [_thread_blocked, id=16452, stack(0x0000007ed3600000,0x0000007ed3700000) (1024K)]
  0x0000021fca05b520 JavaThread "Bundle File Closer"         daemon [_thread_blocked, id=1464, stack(0x0000007ed3900000,0x0000007ed3a00000) (1024K)]
  0x0000021fc9e66ea0 JavaThread "SCR Component Actor"        daemon [_thread_blocked, id=23164, stack(0x0000007ed2900000,0x0000007ed2a00000) (1024K)]
  0x0000021fc94ae7b0 JavaThread "Worker-JM"                         [_thread_blocked, id=13108, stack(0x0000007ed3a00000,0x0000007ed3b00000) (1024K)]
  0x0000021ffefd9950 JavaThread "JNA Cleaner"                daemon [_thread_blocked, id=14056, stack(0x0000007ed2b00000,0x0000007ed2c00000) (1024K)]
  0x0000021ffefd8c30 JavaThread "Worker-0"                          [_thread_blocked, id=5644, stack(0x0000007ed3c00000,0x0000007ed3d00000) (1024K)]
  0x0000021ffefd71f0 JavaThread "Worker-1"                          [_thread_blocked, id=21208, stack(0x0000007ed3d00000,0x0000007ed3e00000) (1024K)]
  0x0000021ffefd92c0 JavaThread "Worker-2: Repository registry initialization"        [_thread_in_vm, id=18796, stack(0x0000007ed3b00000,0x0000007ed3c00000) (1024K)]
  0x0000021fc9102d50 JavaThread "C2 CompilerThread1"         daemon [_thread_in_native, id=19004, stack(0x0000007ed3e00000,0x0000007ed3f00000) (1024K)]
  0x0000021ffefd7880 JavaThread "Worker-3: Initialize After Load"        [_thread_in_vm, id=15428, stack(0x0000007ed3f00000,0x0000007ed4000000) (1024K)]
  0x0000021ffefd9fe0 JavaThread "Java indexing"              daemon [_thread_blocked, id=25500, stack(0x0000007ed4100000,0x0000007ed4200000) (1024K)]
  0x0000021fcb6f3d30 JavaThread "Worker-4: Building"                [_thread_in_vm, id=7352, stack(0x0000007ed4000000,0x0000007ed4100000) (1024K)]
  0x0000021fcb6f43c0 JavaThread "Thread-1"                   daemon [_thread_in_native, id=4964, stack(0x0000007ed4400000,0x0000007ed4500000) (1024K)]
  0x0000021fcb6f6490 JavaThread "Thread-2"                   daemon [_thread_in_native, id=22312, stack(0x0000007ed4500000,0x0000007ed4600000) (1024K)]
  0x0000021fcb6f7840 JavaThread "Thread-3"                   daemon [_thread_in_native, id=22132, stack(0x0000007ed4600000,0x0000007ed4700000) (1024K)]
  0x0000021fcb6f6b20 JavaThread "Thread-4"                   daemon [_thread_in_native, id=17236, stack(0x0000007ed4700000,0x0000007ed4800000) (1024K)]
  0x0000021fcb6f7ed0 JavaThread "Thread-5"                   daemon [_thread_in_native, id=25072, stack(0x0000007ed4800000,0x0000007ed4900000) (1024K)]
  0x0000021fcb6f4a50 JavaThread "Thread-6"                   daemon [_thread_in_native, id=5148, stack(0x0000007ed4900000,0x0000007ed4a00000) (1024K)]
  0x0000021fcb6f8560 JavaThread "Thread-7"                   daemon [_thread_in_native, id=16848, stack(0x0000007ed4a00000,0x0000007ed4b00000) (1024K)]
  0x0000021fcb6f50e0 JavaThread "Thread-8"                   daemon [_thread_in_native, id=16232, stack(0x0000007ed4b00000,0x0000007ed4c00000) (1024K)]
  0x0000021fcb6f8bf0 JavaThread "Thread-9"                   daemon [_thread_in_native, id=14828, stack(0x0000007ed4c00000,0x0000007ed4d00000) (1024K)]
  0x0000021fcb6f5770 JavaThread "Thread-10"                  daemon [_thread_in_native, id=21332, stack(0x0000007ed4d00000,0x0000007ed4e00000) (1024K)]
  0x0000021fcb6f5e00 JavaThread "Thread-11"                  daemon [_thread_in_native, id=15352, stack(0x0000007ed4e00000,0x0000007ed4f00000) (1024K)]
  0x0000021fcb6f9280 JavaThread "Thread-12"                  daemon [_thread_in_native, id=14508, stack(0x0000007ed4f00000,0x0000007ed5000000) (1024K)]
  0x0000021fcb6f9910 JavaThread "Thread-13"                  daemon [_thread_in_native, id=476, stack(0x0000007ed5000000,0x0000007ed5100000) (1024K)]
  0x0000021fcb6fb350 JavaThread "pool-2-thread-1"                   [_thread_blocked, id=5044, stack(0x0000007ed5100000,0x0000007ed5200000) (1024K)]
  0x0000021fcb6fa630 JavaThread "WorkspaceEventsHandler"            [_thread_blocked, id=2380, stack(0x0000007ed5200000,0x0000007ed5300000) (1024K)]
  0x0000021fcb6facc0 JavaThread "pool-1-thread-1"                   [_thread_blocked, id=18228, stack(0x0000007ed5300000,0x0000007ed5400000) (1024K)]
=>0x0000021fcc531d00 JavaThread "C2 CompilerThread2"         daemon [_thread_in_native, id=19768, stack(0x0000007ed5400000,0x0000007ed5500000) (1024K)]
  0x0000021fca14e3d0 JavaThread "ForkJoinPool.commonPool-worker-1" daemon [_thread_in_native, id=1192, stack(0x0000007ed5500000,0x0000007ed5600000) (1024K)]
Total: 44

Other Threads:
  0x0000021feaff3440 VMThread "VM Thread"                           [id=20152, stack(0x0000007ed1f00000,0x0000007ed2000000) (1024K)]
  0x0000021feaeecb20 WatcherThread "VM Periodic Task Thread"        [id=17676, stack(0x0000007ed1e00000,0x0000007ed1f00000) (1024K)]
  0x0000021feb07d1f0 WorkerThread "GC Thread#0"                     [id=11096, stack(0x0000007ed1d00000,0x0000007ed1e00000) (1024K)]
  0x0000021fc9a9bbe0 WorkerThread "GC Thread#1"                     [id=24920, stack(0x0000007ed2c00000,0x0000007ed2d00000) (1024K)]
  0x0000021fc975ada0 WorkerThread "GC Thread#2"                     [id=14228, stack(0x0000007ed2d00000,0x0000007ed2e00000) (1024K)]
  0x0000021fc96e4c70 WorkerThread "GC Thread#3"                     [id=11384, stack(0x0000007ed2e00000,0x0000007ed2f00000) (1024K)]
  0x0000021fc96e5020 WorkerThread "GC Thread#4"                     [id=11476, stack(0x0000007ed2f00000,0x0000007ed3000000) (1024K)]
  0x0000021fc913b550 WorkerThread "GC Thread#5"                     [id=14500, stack(0x0000007ed3000000,0x0000007ed3100000) (1024K)]
  0x0000021fc913c410 WorkerThread "GC Thread#6"                     [id=23628, stack(0x0000007ed3100000,0x0000007ed3200000) (1024K)]
  0x0000021fc913b1a0 WorkerThread "GC Thread#7"                     [id=13404, stack(0x0000007ed3300000,0x0000007ed3400000) (1024K)]
  0x0000021fc913bcb0 WorkerThread "GC Thread#8"                     [id=23768, stack(0x0000007ed3700000,0x0000007ed3800000) (1024K)]
  0x0000021fc97fb660 WorkerThread "GC Thread#9"                     [id=12780, stack(0x0000007ed3800000,0x0000007ed3900000) (1024K)]
Total: 12

Threads with active compile tasks:
C2 CompilerThread0  25100 6672       4       org.eclipse.jdt.internal.core.util.WeakHashSet::add (105 bytes)
C2 CompilerThread1  25100 6659       4       org.eclipse.jdt.internal.core.JarPackageFragmentRoot::initRawPackageInfo (292 bytes)
C2 CompilerThread2  25100 6611       4       org.eclipse.jdt.internal.compiler.util.JrtFileSystem$2::visitFile (10 bytes)
Total: 3

VM state: not at safepoint (normal execution)

VM Mutex/Monitor currently owned by a thread: None

Heap address: 0x0000000080000000, size: 2048 MB, Compressed Oops mode: 32-bit

CDS archive(s) mapped at: [0x0000021f84000000-0x0000021f84ba0000-0x0000021f84ba0000), size 12189696, SharedBaseAddress: 0x0000021f84000000, ArchiveRelocationMode: 1.
Compressed class space mapped at: 0x0000021f85000000-0x0000021fc5000000, reserved size: 1073741824
Narrow klass base: 0x0000021f84000000, Narrow klass shift: 0, Narrow klass range: 0x100000000

GC Precious Log:
 CardTable entry size: 512
 CPUs: 12 total, 12 available
 Memory: 16076M
 Large Page Support: Disabled
 NUMA Support: Disabled
 Compressed Oops: Enabled (32-bit)
 Alignments: Space 512K, Generation 512K, Heap 2M
 Heap Min Capacity: 100M
 Heap Initial Capacity: 100M
 Heap Max Capacity: 2G
 Pre-touch: Disabled
 Parallel Workers: 10

Heap:
 PSYoungGen      total 23552K, used 6565K [0x00000000d5580000, 0x00000000d7000000, 0x0000000100000000)
  eden space 20992K, 21% used [0x00000000d5580000,0x00000000d59e1430,0x00000000d6a00000)
  from space 2560K, 81% used [0x00000000d6a00000,0x00000000d6c08010,0x00000000d6c80000)
  to   space 3072K, 0% used [0x00000000d6d00000,0x00000000d6d00000,0x00000000d7000000)
 ParOldGen       total 68608K, used 30992K [0x0000000080000000, 0x0000000084300000, 0x00000000d5580000)
  object space 68608K, 45% used [0x0000000080000000,0x0000000081e44040,0x0000000084300000)
 Metaspace       used 44604K, committed 45888K, reserved 1114112K
  class space    used 4746K, committed 5312K, reserved 1048576K

Card table byte_map: [0x0000021feaa00000,0x0000021feae10000] _byte_map_base: 0x0000021fea600000

Marking Bits: (ParMarkBitMap*) 0x00007ff9bc5e3450
 Begin Bits: [0x0000021f80000000, 0x0000021f82000000)
 End Bits:   [0x0000021f82000000, 0x0000021f84000000)

Polling page: 0x0000021fe8e50000

Metaspace:

Usage:
  Non-class:     38.92 MB used.
      Class:      4.64 MB used.
       Both:     43.56 MB used.

Virtual space:
  Non-class space:       64.00 MB reserved,      39.62 MB ( 62%) committed,  1 nodes.
      Class space:        1.00 GB reserved,       5.19 MB ( <1%) committed,  1 nodes.
             Both:        1.06 GB reserved,      44.81 MB (  4%) committed. 

Chunk freelists:
   Non-Class:  8.03 MB
       Class:  10.83 MB
        Both:  18.86 MB

MaxMetaspaceSize: unlimited
CompressedClassSpaceSize: 1.00 GB
Initial GC threshold: 21.00 MB
Current GC threshold: 58.38 MB
CDS: on
 - commit_granule_bytes: 65536.
 - commit_granule_words: 8192.
 - virtual_space_node_default_size: 8388608.
 - enlarge_chunks_in_place: 1.
 - use_allocation_guard: 0.


Internal statistics:

num_allocs_failed_limit: 6.
num_arena_births: 968.
num_arena_deaths: 14.
num_vsnodes_births: 2.
num_vsnodes_deaths: 0.
num_space_committed: 717.
num_space_uncommitted: 0.
num_chunks_returned_to_freelist: 20.
num_chunks_taken_from_freelist: 3155.
num_chunk_merges: 9.
num_chunk_splits: 1845.
num_chunks_enlarged: 906.
num_inconsistent_stats: 0.

CodeHeap 'non-profiled nmethods': size=120000Kb used=3604Kb max_used=3604Kb free=116395Kb
 bounds [0x0000021ff5d30000, 0x0000021ff60c0000, 0x0000021ffd260000]
CodeHeap 'profiled nmethods': size=120000Kb used=12890Kb max_used=12890Kb free=107109Kb
 bounds [0x0000021fee260000, 0x0000021feef00000, 0x0000021ff5790000]
CodeHeap 'non-nmethods': size=5760Kb used=1369Kb max_used=1427Kb free=4390Kb
 bounds [0x0000021ff5790000, 0x0000021ff5a00000, 0x0000021ff5d30000]
CodeCache: size=245760Kb, used=17863Kb, max_used=17921Kb, free=227894Kb
 total_blobs=6724, nmethods=6058, adapters=572, full_count=0
Compilation: enabled, stopped_count=0, restarted_count=0

Compilation events (20 events):
Event: 23.786 Thread 0x0000021feb119770 6636       4       jdk.internal.jimage.ImageReader$SharedImageReader$$Lambda/0x0000021f854a94e8::visit (13 bytes)
Event: 23.824 Thread 0x0000021ffed6a060 6660       1       com.google.inject.internal.LinkedBindingImpl::getLinkedKey (5 bytes)
Event: 23.824 Thread 0x0000021ffed6a060 nmethod 6660 0x0000021ff60abb90 code [0x0000021ff60abd20, 0x0000021ff60abde8]
Event: 23.828 Thread 0x0000021fc9102d50 nmethod 6628 0x0000021ff60abe90 code [0x0000021ff60ac200, 0x0000021ff60ae1a0]
Event: 23.828 Thread 0x0000021fc9102d50 6659       4       org.eclipse.jdt.internal.core.JarPackageFragmentRoot::initRawPackageInfo (292 bytes)
Event: 23.840 Thread 0x0000021ffed6a060 6661       3       com.google.inject.internal.BindingImpl::acceptVisitor (8 bytes)
Event: 23.840 Thread 0x0000021ffed6a060 nmethod 6661 0x0000021feeee0410 code [0x0000021feeee05c0, 0x0000021feeee07a0]
Event: 23.840 Thread 0x0000021ffed6a060 6662       3       org.eclipse.sisu.wire.ElementAnalyzer::visit (6 bytes)
Event: 23.841 Thread 0x0000021ffed6a060 nmethod 6662 0x0000021feeee0890 code [0x0000021feeee0a40, 0x0000021feeee0b78]
Event: 23.906 Thread 0x0000021ffed6a060 6666       3       org.eclipse.jdt.internal.compiler.util.SimpleLookupTable::get (59 bytes)
Event: 23.908 Thread 0x0000021ffed6a060 nmethod 6666 0x0000021feeee0c10 code [0x0000021feeee0e00, 0x0000021feeee12a8]
Event: 23.943 Thread 0x0000021ffed6a060 6667       3       org.eclipse.jdt.internal.compiler.parser.Scanner::internalScanIdentifierOrKeyword (5041 bytes)
Event: 23.985 Thread 0x0000021ffed6a060 nmethod 6667 0x0000021feeee1510 code [0x0000021feeee24e0, 0x0000021feeeed240]
Event: 23.991 Thread 0x0000021ffed6a060 6668       3       org.eclipse.jdt.internal.compiler.util.JRTUtil::sanitizedFileName (49 bytes)
Event: 23.993 Thread 0x0000021ffed6a060 nmethod 6668 0x0000021feeeef590 code [0x0000021feeeef800, 0x0000021feeef0268]
Event: 23.995 Thread 0x0000021ffed6a060 6669       3       java.lang.reflect.Parameter::<init> (26 bytes)
Event: 23.995 Thread 0x0000021ffed6a060 nmethod 6669 0x0000021feeef0690 code [0x0000021feeef0840, 0x0000021feeef09e0]
Event: 24.005 Thread 0x0000021ffed6a060 6670       3       org.eclipse.sisu.wire.ElementAnalyzer::isParameters (25 bytes)
Event: 24.006 Thread 0x0000021ffed6a060 nmethod 6670 0x0000021feeef0a90 code [0x0000021feeef0c60, 0x0000021feeef0f10]
Event: 24.082 Thread 0x0000021ffed6a060 6673       3       org.eclipse.jdt.internal.compiler.util.SimpleLookupTable::keyForValue (54 bytes)

GC Heap History (20 events):
Event: 17.732 GC heap before
{Heap before GC invocations=14 (full 1):
 PSYoungGen      total 23040K, used 23017K [0x00000000d5580000, 0x00000000d7200000, 0x0000000100000000)
  eden space 22016K, 99% used [0x00000000d5580000,0x00000000d6afd660,0x00000000d6b00000)
  from space 1024K, 98% used [0x00000000d7100000,0x00000000d71fd078,0x00000000d7200000)
  to   space 2048K, 0% used [0x00000000d6e00000,0x00000000d6e00000,0x00000000d7000000)
 ParOldGen       total 68608K, used 17467K [0x0000000080000000, 0x0000000084300000, 0x00000000d5580000)
  object space 68608K, 25% used [0x0000000080000000,0x000000008110ece8,0x0000000084300000)
 Metaspace       used 34574K, committed 35712K, reserved 1114112K
  class space    used 3554K, committed 4096K, reserved 1048576K
}
Event: 17.738 GC heap after
{Heap after GC invocations=14 (full 1):
 PSYoungGen      total 23552K, used 1469K [0x00000000d5580000, 0x00000000d7180000, 0x0000000100000000)
  eden space 22016K, 0% used [0x00000000d5580000,0x00000000d5580000,0x00000000d6b00000)
  from space 1536K, 95% used [0x00000000d6e00000,0x00000000d6f6f580,0x00000000d6f80000)
  to   space 2048K, 0% used [0x00000000d6f80000,0x00000000d6f80000,0x00000000d7180000)
 ParOldGen       total 68608K, used 18497K [0x0000000080000000, 0x0000000084300000, 0x00000000d5580000)
  object space 68608K, 26% used [0x0000000080000000,0x0000000081210540,0x0000000084300000)
 Metaspace       used 34574K, committed 35712K, reserved 1114112K
  class space    used 3554K, committed 4096K, reserved 1048576K
}
Event: 17.841 GC heap before
{Heap before GC invocations=15 (full 1):
 PSYoungGen      total 23552K, used 3372K [0x00000000d5580000, 0x00000000d7180000, 0x0000000100000000)
  eden space 22016K, 8% used [0x00000000d5580000,0x00000000d575bb10,0x00000000d6b00000)
  from space 1536K, 95% used [0x00000000d6e00000,0x00000000d6f6f580,0x00000000d6f80000)
  to   space 2048K, 0% used [0x00000000d6f80000,0x00000000d6f80000,0x00000000d7180000)
 ParOldGen       total 68608K, used 18497K [0x0000000080000000, 0x0000000084300000, 0x00000000d5580000)
  object space 68608K, 26% used [0x0000000080000000,0x0000000081210540,0x0000000084300000)
 Metaspace       used 34712K, committed 35840K, reserved 1114112K
  class space    used 3571K, committed 4096K, reserved 1048576K
}
Event: 17.845 GC heap after
{Heap after GC invocations=15 (full 1):
 PSYoungGen      total 22528K, used 325K [0x00000000d5580000, 0x00000000d7000000, 0x0000000100000000)
  eden space 22016K, 0% used [0x00000000d5580000,0x00000000d5580000,0x00000000d6b00000)
  from space 512K, 63% used [0x00000000d6f80000,0x00000000d6fd14f8,0x00000000d7000000)
  to   space 1024K, 0% used [0x00000000d6e00000,0x00000000d6e00000,0x00000000d6f00000)
 ParOldGen       total 68608K, used 19610K [0x0000000080000000, 0x0000000084300000, 0x00000000d5580000)
  object space 68608K, 28% used [0x0000000080000000,0x0000000081326b10,0x0000000084300000)
 Metaspace       used 34712K, committed 35840K, reserved 1114112K
  class space    used 3571K, committed 4096K, reserved 1048576K
}
Event: 17.845 GC heap before
{Heap before GC invocations=16 (full 2):
 PSYoungGen      total 22528K, used 325K [0x00000000d5580000, 0x00000000d7000000, 0x0000000100000000)
  eden space 22016K, 0% used [0x00000000d5580000,0x00000000d5580000,0x00000000d6b00000)
  from space 512K, 63% used [0x00000000d6f80000,0x00000000d6fd14f8,0x00000000d7000000)
  to   space 1024K, 0% used [0x00000000d6e00000,0x00000000d6e00000,0x00000000d6f00000)
 ParOldGen       total 68608K, used 19610K [0x0000000080000000, 0x0000000084300000, 0x00000000d5580000)
  object space 68608K, 28% used [0x0000000080000000,0x0000000081326b10,0x0000000084300000)
 Metaspace       used 34712K, committed 35840K, reserved 1114112K
  class space    used 3571K, committed 4096K, reserved 1048576K
}
Event: 17.923 GC heap after
{Heap after GC invocations=16 (full 2):
 PSYoungGen      total 22528K, used 0K [0x00000000d5580000, 0x00000000d7000000, 0x0000000100000000)
  eden space 22016K, 0% used [0x00000000d5580000,0x00000000d5580000,0x00000000d6b00000)
  from space 512K, 0% used [0x00000000d6f80000,0x00000000d6f80000,0x00000000d7000000)
  to   space 1024K, 0% used [0x00000000d6e00000,0x00000000d6e00000,0x00000000d6f00000)
 ParOldGen       total 68608K, used 19088K [0x0000000080000000, 0x0000000084300000, 0x00000000d5580000)
  object space 68608K, 27% used [0x0000000080000000,0x00000000812a4370,0x0000000084300000)
 Metaspace       used 34712K, committed 35840K, reserved 1114112K
  class space    used 3571K, committed 4096K, reserved 1048576K
}
Event: 19.409 GC heap before
{Heap before GC invocations=17 (full 2):
 PSYoungGen      total 22528K, used 22016K [0x00000000d5580000, 0x00000000d7000000, 0x0000000100000000)
  eden space 22016K, 100% used [0x00000000d5580000,0x00000000d6b00000,0x00000000d6b00000)
  from space 512K, 0% used [0x00000000d6f80000,0x00000000d6f80000,0x00000000d7000000)
  to   space 1024K, 0% used [0x00000000d6e00000,0x00000000d6e00000,0x00000000d6f00000)
 ParOldGen       total 68608K, used 19088K [0x0000000080000000, 0x0000000084300000, 0x00000000d5580000)
  object space 68608K, 27% used [0x0000000080000000,0x00000000812a4370,0x0000000084300000)
 Metaspace       used 36740K, committed 37952K, reserved 1114112K
  class space    used 3823K, committed 4352K, reserved 1048576K
}
Event: 19.414 GC heap after
{Heap after GC invocations=17 (full 2):
 PSYoungGen      total 23040K, used 994K [0x00000000d5580000, 0x00000000d7100000, 0x0000000100000000)
  eden space 22016K, 0% used [0x00000000d5580000,0x00000000d5580000,0x00000000d6b00000)
  from space 1024K, 97% used [0x00000000d6e00000,0x00000000d6ef8998,0x00000000d6f00000)
  to   space 2048K, 0% used [0x00000000d6f00000,0x00000000d6f00000,0x00000000d7100000)
 ParOldGen       total 68608K, used 20402K [0x0000000080000000, 0x0000000084300000, 0x00000000d5580000)
  object space 68608K, 29% used [0x0000000080000000,0x00000000813ecbf8,0x0000000084300000)
 Metaspace       used 36740K, committed 37952K, reserved 1114112K
  class space    used 3823K, committed 4352K, reserved 1048576K
}
Event: 20.158 GC heap before
{Heap before GC invocations=18 (full 2):
 PSYoungGen      total 23040K, used 23010K [0x00000000d5580000, 0x00000000d7100000, 0x0000000100000000)
  eden space 22016K, 100% used [0x00000000d5580000,0x00000000d6b00000,0x00000000d6b00000)
  from space 1024K, 97% used [0x00000000d6e00000,0x00000000d6ef8998,0x00000000d6f00000)
  to   space 2048K, 0% used [0x00000000d6f00000,0x00000000d6f00000,0x00000000d7100000)
 ParOldGen       total 68608K, used 20402K [0x0000000080000000, 0x0000000084300000, 0x00000000d5580000)
  object space 68608K, 29% used [0x0000000080000000,0x00000000813ecbf8,0x0000000084300000)
 Metaspace       used 39419K, committed 40640K, reserved 1114112K
  class space    used 4147K, committed 4736K, reserved 1048576K
}
Event: 20.164 GC heap after
{Heap after GC invocations=18 (full 2):
 PSYoungGen      total 23552K, used 1138K [0x00000000d5580000, 0x00000000d7080000, 0x0000000100000000)
  eden space 22016K, 0% used [0x00000000d5580000,0x00000000d5580000,0x00000000d6b00000)
  from space 1536K, 74% used [0x00000000d6f00000,0x00000000d701cab0,0x00000000d7080000)
  to   space 2048K, 0% used [0x00000000d6c80000,0x00000000d6c80000,0x00000000d6e80000)
 ParOldGen       total 68608K, used 21416K [0x0000000080000000, 0x0000000084300000, 0x00000000d5580000)
  object space 68608K, 31% used [0x0000000080000000,0x00000000814ea2b8,0x0000000084300000)
 Metaspace       used 39419K, committed 40640K, reserved 1114112K
  class space    used 4147K, committed 4736K, reserved 1048576K
}
Event: 21.155 GC heap before
{Heap before GC invocations=19 (full 2):
 PSYoungGen      total 23552K, used 23154K [0x00000000d5580000, 0x00000000d7080000, 0x0000000100000000)
  eden space 22016K, 100% used [0x00000000d5580000,0x00000000d6b00000,0x00000000d6b00000)
  from space 1536K, 74% used [0x00000000d6f00000,0x00000000d701cab0,0x00000000d7080000)
  to   space 2048K, 0% used [0x00000000d6c80000,0x00000000d6c80000,0x00000000d6e80000)
 ParOldGen       total 68608K, used 21416K [0x0000000080000000, 0x0000000084300000, 0x00000000d5580000)
  object space 68608K, 31% used [0x0000000080000000,0x00000000814ea2b8,0x0000000084300000)
 Metaspace       used 41615K, committed 42880K, reserved 1114112K
  class space    used 4407K, committed 4992K, reserved 1048576K
}
Event: 21.163 GC heap after
{Heap after GC invocations=19 (full 2):
 PSYoungGen      total 24064K, used 2048K [0x00000000d5580000, 0x00000000d7300000, 0x0000000100000000)
  eden space 22016K, 0% used [0x00000000d5580000,0x00000000d5580000,0x00000000d6b00000)
  from space 2048K, 100% used [0x00000000d6c80000,0x00000000d6e80000,0x00000000d6e80000)
  to   space 4096K, 0% used [0x00000000d6f00000,0x00000000d6f00000,0x00000000d7300000)
 ParOldGen       total 68608K, used 22630K [0x0000000080000000, 0x0000000084300000, 0x00000000d5580000)
  object space 68608K, 32% used [0x0000000080000000,0x0000000081619a58,0x0000000084300000)
 Metaspace       used 41615K, committed 42880K, reserved 1114112K
  class space    used 4407K, committed 4992K, reserved 1048576K
}
Event: 22.054 GC heap before
{Heap before GC invocations=20 (full 2):
 PSYoungGen      total 24064K, used 24064K [0x00000000d5580000, 0x00000000d7300000, 0x0000000100000000)
  eden space 22016K, 100% used [0x00000000d5580000,0x00000000d6b00000,0x00000000d6b00000)
  from space 2048K, 100% used [0x00000000d6c80000,0x00000000d6e80000,0x00000000d6e80000)
  to   space 4096K, 0% used [0x00000000d6f00000,0x00000000d6f00000,0x00000000d7300000)
 ParOldGen       total 68608K, used 22630K [0x0000000080000000, 0x0000000084300000, 0x00000000d5580000)
  object space 68608K, 32% used [0x0000000080000000,0x0000000081619a58,0x0000000084300000)
 Metaspace       used 42953K, committed 44160K, reserved 1114112K
  class space    used 4537K, committed 5056K, reserved 1048576K
}
Event: 22.062 GC heap after
{Heap after GC invocations=20 (full 2):
 PSYoungGen      total 24576K, used 2064K [0x00000000d5580000, 0x00000000d7180000, 0x0000000100000000)
  eden space 22016K, 0% used [0x00000000d5580000,0x00000000d5580000,0x00000000d6b00000)
  from space 2560K, 80% used [0x00000000d6f00000,0x00000000d7104040,0x00000000d7180000)
  to   space 2560K, 0% used [0x00000000d6c80000,0x00000000d6c80000,0x00000000d6f00000)
 ParOldGen       total 68608K, used 24588K [0x0000000080000000, 0x0000000084300000, 0x00000000d5580000)
  object space 68608K, 35% used [0x0000000080000000,0x00000000818031e0,0x0000000084300000)
 Metaspace       used 42953K, committed 44160K, reserved 1114112K
  class space    used 4537K, committed 5056K, reserved 1048576K
}
Event: 22.520 GC heap before
{Heap before GC invocations=21 (full 2):
 PSYoungGen      total 24576K, used 24080K [0x00000000d5580000, 0x00000000d7180000, 0x0000000100000000)
  eden space 22016K, 100% used [0x00000000d5580000,0x00000000d6b00000,0x00000000d6b00000)
  from space 2560K, 80% used [0x00000000d6f00000,0x00000000d7104040,0x00000000d7180000)
  to   space 2560K, 0% used [0x00000000d6c80000,0x00000000d6c80000,0x00000000d6f00000)
 ParOldGen       total 68608K, used 24588K [0x0000000080000000, 0x0000000084300000, 0x00000000d5580000)
  object space 68608K, 35% used [0x0000000080000000,0x00000000818031e0,0x0000000084300000)
 Metaspace       used 43373K, committed 44608K, reserved 1114112K
  class space    used 4581K, committed 5120K, reserved 1048576K
}
Event: 22.528 GC heap after
{Heap after GC invocations=21 (full 2):
 PSYoungGen      total 24576K, used 2208K [0x00000000d5580000, 0x00000000d7000000, 0x0000000100000000)
  eden space 22016K, 0% used [0x00000000d5580000,0x00000000d5580000,0x00000000d6b00000)
  from space 2560K, 86% used [0x00000000d6c80000,0x00000000d6ea8010,0x00000000d6f00000)
  to   space 1024K, 0% used [0x00000000d6f00000,0x00000000d6f00000,0x00000000d7000000)
 ParOldGen       total 68608K, used 26425K [0x0000000080000000, 0x0000000084300000, 0x00000000d5580000)
  object space 68608K, 38% used [0x0000000080000000,0x00000000819ce600,0x0000000084300000)
 Metaspace       used 43373K, committed 44608K, reserved 1114112K
  class space    used 4581K, committed 5120K, reserved 1048576K
}
Event: 23.533 GC heap before
{Heap before GC invocations=22 (full 2):
 PSYoungGen      total 24576K, used 24224K [0x00000000d5580000, 0x00000000d7000000, 0x0000000100000000)
  eden space 22016K, 100% used [0x00000000d5580000,0x00000000d6b00000,0x00000000d6b00000)
  from space 2560K, 86% used [0x00000000d6c80000,0x00000000d6ea8010,0x00000000d6f00000)
  to   space 1024K, 0% used [0x00000000d6f00000,0x00000000d6f00000,0x00000000d7000000)
 ParOldGen       total 68608K, used 26425K [0x0000000080000000, 0x0000000084300000, 0x00000000d5580000)
  object space 68608K, 38% used [0x0000000080000000,0x00000000819ce600,0x0000000084300000)
 Metaspace       used 44387K, committed 45632K, reserved 1114112K
  class space    used 4715K, committed 5248K, reserved 1048576K
}
Event: 23.541 GC heap after
{Heap after GC invocations=22 (full 2):
 PSYoungGen      total 22016K, used 992K [0x00000000d5580000, 0x00000000d7500000, 0x0000000100000000)
  eden space 20992K, 0% used [0x00000000d5580000,0x00000000d5580000,0x00000000d6a00000)
  from space 1024K, 96% used [0x00000000d6f00000,0x00000000d6ff8010,0x00000000d7000000)
  to   space 5120K, 0% used [0x00000000d6a00000,0x00000000d6a00000,0x00000000d6f00000)
 ParOldGen       total 68608K, used 29987K [0x0000000080000000, 0x0000000084300000, 0x00000000d5580000)
  object space 68608K, 43% used [0x0000000080000000,0x0000000081d48f00,0x0000000084300000)
 Metaspace       used 44387K, committed 45632K, reserved 1114112K
  class space    used 4715K, committed 5248K, reserved 1048576K
}
Event: 23.911 GC heap before
{Heap before GC invocations=23 (full 2):
 PSYoungGen      total 22016K, used 21984K [0x00000000d5580000, 0x00000000d7500000, 0x0000000100000000)
  eden space 20992K, 100% used [0x00000000d5580000,0x00000000d6a00000,0x00000000d6a00000)
  from space 1024K, 96% used [0x00000000d6f00000,0x00000000d6ff8010,0x00000000d7000000)
  to   space 5120K, 0% used [0x00000000d6a00000,0x00000000d6a00000,0x00000000d6f00000)
 ParOldGen       total 68608K, used 29987K [0x0000000080000000, 0x0000000084300000, 0x00000000d5580000)
  object space 68608K, 43% used [0x0000000080000000,0x0000000081d48f00,0x0000000084300000)
 Metaspace       used 44537K, committed 45824K, reserved 1114112K
  class space    used 4738K, committed 5312K, reserved 1048576K
}
Event: 23.918 GC heap after
{Heap after GC invocations=23 (full 2):
 PSYoungGen      total 23552K, used 2080K [0x00000000d5580000, 0x00000000d7000000, 0x0000000100000000)
  eden space 20992K, 0% used [0x00000000d5580000,0x00000000d5580000,0x00000000d6a00000)
  from space 2560K, 81% used [0x00000000d6a00000,0x00000000d6c08010,0x00000000d6c80000)
  to   space 3072K, 0% used [0x00000000d6d00000,0x00000000d6d00000,0x00000000d7000000)
 ParOldGen       total 68608K, used 30992K [0x0000000080000000, 0x0000000084300000, 0x00000000d5580000)
  object space 68608K, 45% used [0x0000000080000000,0x0000000081e44040,0x0000000084300000)
 Metaspace       used 44537K, committed 45824K, reserved 1114112K
  class space    used 4738K, committed 5312K, reserved 1048576K
}

Dll operation events (10 events):
Event: 0.019 Loaded shared library c:\Users\dhruv\.vscode\extensions\redhat.java-1.53.0-win32-x64\jre\21.0.10-win32-x86_64\bin\java.dll
Event: 0.104 Loaded shared library c:\Users\dhruv\.vscode\extensions\redhat.java-1.53.0-win32-x64\jre\21.0.10-win32-x86_64\bin\zip.dll
Event: 0.123 Loaded shared library C:\Users\dhruv\.vscode\extensions\redhat.java-1.53.0-win32-x64\jre\21.0.10-win32-x86_64\bin\instrument.dll
Event: 0.131 Loaded shared library C:\Users\dhruv\.vscode\extensions\redhat.java-1.53.0-win32-x64\jre\21.0.10-win32-x86_64\bin\net.dll
Event: 0.134 Loaded shared library C:\Users\dhruv\.vscode\extensions\redhat.java-1.53.0-win32-x64\jre\21.0.10-win32-x86_64\bin\nio.dll
Event: 0.140 Loaded shared library C:\Users\dhruv\.vscode\extensions\redhat.java-1.53.0-win32-x64\jre\21.0.10-win32-x86_64\bin\zip.dll
Event: 0.184 Loaded shared library C:\Users\dhruv\.vscode\extensions\redhat.java-1.53.0-win32-x64\jre\21.0.10-win32-x86_64\bin\jimage.dll
Event: 0.365 Loaded shared library c:\Users\dhruv\.vscode\extensions\redhat.java-1.53.0-win32-x64\jre\21.0.10-win32-x86_64\bin\verify.dll
Event: 2.063 Loaded shared library C:\Users\dhruv\AppData\Roaming\Code\User\globalStorage\redhat.java\1.53.0\config_win\org.eclipse.equinox.launcher\org.eclipse.equinox.launcher.win32.win32.x86_64_1.3.0.v20260203-2149\eclipse_11919.dll
Event: 8.974 Loaded shared library C:\Users\dhruv\AppData\Local\Temp\jna-95563663\jna12692311485830152222.dll

Deoptimization events (20 events):
Event: 23.293 Thread 0x0000021fcb6facc0 Uncommon trap: reason=unstable_if action=reinterpret pc=0x0000021ff5fae5c0 method=sun.nio.cs.StreamDecoder.implRead([CII)I @ 36 c2
Event: 23.294 Thread 0x0000021fcb6facc0 DEOPT PACKING pc=0x0000021ff5fae5c0 sp=0x0000007ed53fe340
Event: 23.294 Thread 0x0000021fcb6facc0 DEOPT UNPACKING pc=0x0000021ff57e3aa2 sp=0x0000007ed53fe1e8 mode 2
Event: 23.308 Thread 0x0000021fcb6facc0 Uncommon trap: trap_request=0xffffffde fr.pc=0x0000021ff5e951ec relative=0x000000000000038c
Event: 23.308 Thread 0x0000021fcb6facc0 Uncommon trap: reason=class_check action=maybe_recompile pc=0x0000021ff5e951ec method=java.io.InputStream.read([BII)I @ 15 c2
Event: 23.309 Thread 0x0000021fcb6facc0 DEOPT PACKING pc=0x0000021ff5e951ec sp=0x0000007ed53fe090
Event: 23.309 Thread 0x0000021fcb6facc0 DEOPT UNPACKING pc=0x0000021ff57e3aa2 sp=0x0000007ed53fe038 mode 2
Event: 23.357 Thread 0x0000021fcb6facc0 Uncommon trap: trap_request=0xffffff45 fr.pc=0x0000021ff6010f14 relative=0x00000000000058b4
Event: 23.357 Thread 0x0000021fcb6facc0 Uncommon trap: reason=unstable_if action=reinterpret pc=0x0000021ff6010f14 method=org.eclipse.osgi.internal.loader.BundleLoader.getPackageName(Ljava/lang/String;)Ljava/lang/String; @ 12 c2
Event: 23.358 Thread 0x0000021fcb6facc0 DEOPT PACKING pc=0x0000021ff6010f14 sp=0x0000007ed53fde00
Event: 23.358 Thread 0x0000021fcb6facc0 DEOPT UNPACKING pc=0x0000021ff57e3aa2 sp=0x0000007ed53fdda8 mode 2
Event: 23.358 Thread 0x0000021fcb6facc0 Uncommon trap: trap_request=0xffffff45 fr.pc=0x0000021ff5fc7944 relative=0x0000000000000b44
Event: 23.358 Thread 0x0000021fcb6facc0 Uncommon trap: reason=unstable_if action=reinterpret pc=0x0000021ff5fc7944 method=org.eclipse.osgi.internal.loader.BundleLoader.getPackageName(Ljava/lang/String;)Ljava/lang/String; @ 12 c2
Event: 23.358 Thread 0x0000021fcb6facc0 DEOPT PACKING pc=0x0000021ff5fc7944 sp=0x0000007ed53fdca0
Event: 23.359 Thread 0x0000021fcb6facc0 DEOPT UNPACKING pc=0x0000021ff57e3aa2 sp=0x0000007ed53fdc10 mode 2
Event: 23.377 Thread 0x0000021fcb6f3d30 Uncommon trap: trap_request=0xffffff45 fr.pc=0x0000021ff607a668 relative=0x0000000000001168
Event: 23.377 Thread 0x0000021fcb6f3d30 Uncommon trap: reason=unstable_if action=reinterpret pc=0x0000021ff607a668 method=jdk.internal.jrtfs.JrtPath.getName(I)Ljdk/internal/jrtfs/JrtPath; @ 72 c2
Event: 23.377 Thread 0x0000021fcb6f3d30 DEOPT PACKING pc=0x0000021ff607a668 sp=0x0000007ed40fd790
Event: 23.377 Thread 0x0000021fcb6f3d30 DEOPT UNPACKING pc=0x0000021ff57e3aa2 sp=0x0000007ed40fd768 mode 2
Event: 24.019 Thread 0x0000021fcb6f3d30 Uncommon trap: trap_request=0xffffff45 fr.pc=0x0000021ff607e4b0 relative=0x0000000000000510

Classes loaded (20 events):
Event: 21.672 Loading class java/time/Month
Event: 21.673 Loading class java/time/Month done
Event: 21.674 Loading class java/time/Year
Event: 21.675 Loading class java/time/Year done
Event: 21.894 Loading class java/util/concurrent/CompletionService
Event: 21.895 Loading class java/util/concurrent/CompletionService done
Event: 21.974 Loading class sun/reflect/generics/repository/FieldRepository
Event: 21.975 Loading class sun/reflect/generics/repository/FieldRepository done
Event: 22.776 Loading class sun/reflect/generics/scope/ConstructorScope
Event: 22.777 Loading class sun/reflect/generics/scope/ConstructorScope done
Event: 22.777 Loading class sun/reflect/generics/tree/VoidDescriptor
Event: 22.777 Loading class sun/reflect/generics/tree/VoidDescriptor done
Event: 22.944 Loading class sun/nio/ch/WindowsAsynchronousFileChannelImpl$WriteTask
Event: 22.945 Loading class sun/nio/ch/WindowsAsynchronousFileChannelImpl$WriteTask done
Event: 23.129 Loading class java/nio/channels/ServerSocketChannel
Event: 23.130 Loading class java/nio/channels/ServerSocketChannel done
Event: 23.324 Loading class java/nio/channels/Channels$ReadableByteChannelImpl
Event: 23.324 Loading class java/nio/channels/Channels$ReadableByteChannelImpl done
Event: 23.325 Loading class java/nio/channels/NonWritableChannelException
Event: 23.325 Loading class java/nio/channels/NonWritableChannelException done

Classes unloaded (7 events):
Event: 11.037 Thread 0x0000021feaff3440 Unloading class 0x0000021f851a9400 'java/lang/invoke/LambdaForm$MH+0x0000021f851a9400'
Event: 11.037 Thread 0x0000021feaff3440 Unloading class 0x0000021f851a9000 'java/lang/invoke/LambdaForm$MH+0x0000021f851a9000'
Event: 11.037 Thread 0x0000021feaff3440 Unloading class 0x0000021f851a8c00 'java/lang/invoke/LambdaForm$MH+0x0000021f851a8c00'
Event: 11.037 Thread 0x0000021feaff3440 Unloading class 0x0000021f851a8800 'java/lang/invoke/LambdaForm$MH+0x0000021f851a8800'
Event: 11.037 Thread 0x0000021feaff3440 Unloading class 0x0000021f851a8400 'java/lang/invoke/LambdaForm$BMH+0x0000021f851a8400'
Event: 11.038 Thread 0x0000021feaff3440 Unloading class 0x0000021f851a8000 'java/lang/invoke/LambdaForm$DMH+0x0000021f851a8000'
Event: 11.038 Thread 0x0000021feaff3440 Unloading class 0x0000021f851a6c00 'java/lang/invoke/LambdaForm$DMH+0x0000021f851a6c00'

Classes redefined (0 events):
No events

Internal exceptions (20 events):
Event: 19.293 Thread 0x0000021ffefd71f0 Exception <a 'java/io/FileNotFoundException'{0x00000000d6741a80}> (0x00000000d6741a80) 
thrown [s\src\hotspot\share\prims\jni.cpp, line 520]
Event: 19.320 Thread 0x0000021ffefd71f0 Exception <a 'java/io/FileNotFoundException'{0x00000000d6785a48}> (0x00000000d6785a48) 
thrown [s\src\hotspot\share\prims\jni.cpp, line 520]
Event: 19.446 Thread 0x0000021fe8bc70e0 Exception <a 'java/lang/NoSuchMethodError'{0x00000000d5607f48}: 'java.lang.Object java.lang.invoke.DirectMethodHandle$Holder.invokeStatic(java.lang.Object, long, java.lang.Object)'> (0x00000000d5607f48) 
thrown [s\src\hotspot\share\interpreter\linkResolver.cpp, line 773]
Event: 19.456 Thread 0x0000021fe8bc70e0 Exception <a 'java/lang/NoSuchMethodError'{0x00000000d561f7a0}: 'java.lang.Object java.lang.invoke.DirectMethodHandle$Holder.invokeStaticInit(java.lang.Object, long, java.lang.Object)'> (0x00000000d561f7a0) 
thrown [s\src\hotspot\share\interpreter\linkResolver.cpp, line 773]
Event: 19.462 Thread 0x0000021fe8bc70e0 Exception <a 'java/lang/NoSuchMethodError'{0x00000000d564f960}: 'java.lang.Object java.lang.invoke.DirectMethodHandle$Holder.newInvokeSpecial(java.lang.Object, long)'> (0x00000000d564f960) 
thrown [s\src\hotspot\share\interpreter\linkResolver.cpp, line 773]
Event: 19.541 Thread 0x0000021ffefd8c30 Exception <a 'java/lang/NoSuchMethodError'{0x00000000d5a57208}: 'void java.lang.invoke.DirectMethodHandle$Holder.invokeStaticInit(java.lang.Object, java.lang.Object, java.lang.Object, java.lang.Object)'> (0x00000000d5a57208) 
thrown [s\src\hotspot\share\interpreter\linkResolver.cpp, line 773]
Event: 19.589 Thread 0x0000021fcb6f3d30 Exception <a 'java/lang/NoSuchMethodError'{0x00000000d5b32788}: 'int java.lang.invoke.DirectMethodHandle$Holder.invokeStatic(java.lang.Object)'> (0x00000000d5b32788) 
thrown [s\src\hotspot\share\interpreter\linkResolver.cpp, line 773]
Event: 19.789 Thread 0x0000021fcb6f3d30 Exception <a 'java/io/FileNotFoundException'{0x00000000d604d5e8}> (0x00000000d604d5e8) 
thrown [s\src\hotspot\share\prims\jni.cpp, line 520]
Event: 19.790 Thread 0x0000021fcb6f3d30 Exception <a 'java/io/FileNotFoundException'{0x00000000d609d118}> (0x00000000d609d118) 
thrown [s\src\hotspot\share\prims\jni.cpp, line 520]
Event: 19.813 Thread 0x0000021fcb6f3d30 Exception <a 'java/io/FileNotFoundException'{0x00000000d6155870}> (0x00000000d6155870) 
thrown [s\src\hotspot\share\prims\jni.cpp, line 520]
Event: 19.823 Thread 0x0000021fcb6f3d30 Exception <a 'java/io/FileNotFoundException'{0x00000000d6156b38}> (0x00000000d6156b38) 
thrown [s\src\hotspot\share\prims\jni.cpp, line 520]
Event: 19.823 Thread 0x0000021fcb6f3d30 Exception <a 'java/io/FileNotFoundException'{0x00000000d6157b50}> (0x00000000d6157b50) 
thrown [s\src\hotspot\share\prims\jni.cpp, line 520]
Event: 20.546 Thread 0x0000021fcb6f3d30 Implicit null exception at 0x0000021ff5ef2177 to 0x0000021ff5ef23e8
Event: 20.554 Thread 0x0000021fcb6f3d30 Exception <a 'java/lang/NoSuchMethodError'{0x00000000d5c38d58}: 'java.lang.Object java.lang.invoke.DelegatingMethodHandle$Holder.reinvoke_L(java.lang.Object, int, long, java.lang.Object, java.lang.Object, int, java.lang.Object)'> (0x00000000d5c38d58) 
thrown [s\src\hotspot\share\interpreter\linkResolver.cpp, line 773]
Event: 21.086 Thread 0x0000021fe8bc70e0 Exception <a 'java/lang/NoSuchMethodError'{0x00000000d69b9228}: 'void java.lang.invoke.DirectMethodHandle$Holder.invokeSpecial(java.lang.Object, java.lang.Object, java.lang.Object, java.lang.Object, java.lang.Object, java.lang.Object)'> (0x00000000d69b9228) 
thrown [s\src\hotspot\share\interpreter\linkResolver.cpp, line 773]
Event: 21.091 Thread 0x0000021fe8bc70e0 Exception <a 'java/lang/IncompatibleClassChangeError'{0x00000000d69da088}: Found class java.lang.Object, but interface was expected> (0x00000000d69da088) 
thrown [s\src\hotspot\share\interpreter\linkResolver.cpp, line 840]
Event: 21.092 Thread 0x0000021fe8bc70e0 Exception <a 'java/lang/IncompatibleClassChangeError'{0x00000000d69dbd38}: Found class java.lang.Object, but interface was expected> (0x00000000d69dbd38) 
thrown [s\src\hotspot\share\interpreter\linkResolver.cpp, line 840]
Event: 21.696 Thread 0x0000021ffefd7880 Exception <a 'java/io/FileNotFoundException'{0x00000000d5de52c8}> (0x00000000d5de52c8) 
thrown [s\src\hotspot\share\prims\jni.cpp, line 520]
Event: 21.702 Thread 0x0000021ffefd7880 Exception <a 'java/io/FileNotFoundException'{0x00000000d5de6898}> (0x00000000d5de6898) 
thrown [s\src\hotspot\share\prims\jni.cpp, line 520]
Event: 21.742 Thread 0x0000021ffefd7880 Exception <a 'java/lang/NoSuchMethodError'{0x00000000d5ea4b08}: 'void java.lang.invoke.DirectMethodHandle$Holder.invokeStaticInit(java.lang.Object, java.lang.Object, java.lang.Object)'> (0x00000000d5ea4b08) 
thrown [s\src\hotspot\share\interpreter\linkResolver.cpp, line 773]

ZGC Phase Switch (0 events):
No events

VM Operations (20 events):
Event: 20.311 Executing non-safepoint VM operation: HandshakeAllThreads (Deoptimize) done
Event: 20.694 Executing non-safepoint VM operation: HandshakeAllThreads (Deoptimize)
Event: 20.694 Executing non-safepoint VM operation: HandshakeAllThreads (Deoptimize) done
Event: 20.696 Executing non-safepoint VM operation: HandshakeAllThreads (Deoptimize)
Event: 20.697 Executing non-safepoint VM operation: HandshakeAllThreads (Deoptimize) done
Event: 20.708 Executing non-safepoint VM operation: HandshakeAllThreads (Deoptimize)
Event: 20.718 Executing non-safepoint VM operation: HandshakeAllThreads (Deoptimize) done
Event: 21.054 Executing non-safepoint VM operation: HandshakeAllThreads (Deoptimize)
Event: 21.061 Executing non-safepoint VM operation: HandshakeAllThreads (Deoptimize) done
Event: 21.144 Executing safepoint VM operation: ParallelGCFailedAllocation (Allocation Failure)
Event: 21.163 Executing safepoint VM operation: ParallelGCFailedAllocation (Allocation Failure) done
Event: 22.044 Executing safepoint VM operation: ParallelGCFailedAllocation (Allocation Failure)
Event: 22.062 Executing safepoint VM operation: ParallelGCFailedAllocation (Allocation Failure) done
Event: 22.496 Executing safepoint VM operation: ParallelGCFailedAllocation (Allocation Failure)
Event: 22.528 Executing safepoint VM operation: ParallelGCFailedAllocation (Allocation Failure) done
Event: 23.526 Executing safepoint VM operation: ParallelGCFailedAllocation (Allocation Failure)
Event: 23.541 Executing safepoint VM operation: ParallelGCFailedAllocation (Allocation Failure) done
Event: 23.911 Executing safepoint VM operation: ParallelGCFailedAllocation (Allocation Failure)
Event: 23.918 Executing safepoint VM operation: ParallelGCFailedAllocation (Allocation Failure) done
Event: 24.931 Executing safepoint VM operation: Cleanup

Memory protections (0 events):
No events

Nmethod flushes (20 events):
Event: 17.885 Thread 0x0000021feaff3440 flushing  nmethod 0x0000021fee8f8f90
Event: 17.885 Thread 0x0000021feaff3440 flushing  nmethod 0x0000021fee8f9890
Event: 17.885 Thread 0x0000021feaff3440 flushing  nmethod 0x0000021fee8fb710
Event: 17.885 Thread 0x0000021feaff3440 flushing  nmethod 0x0000021fee8fbe90
Event: 17.885 Thread 0x0000021feaff3440 flushing  nmethod 0x0000021fee8fd410
Event: 17.885 Thread 0x0000021feaff3440 flushing  nmethod 0x0000021fee8fd910
Event: 17.885 Thread 0x0000021feaff3440 flushing  nmethod 0x0000021fee8fde10
Event: 17.885 Thread 0x0000021feaff3440 flushing  nmethod 0x0000021fee8fed90
Event: 17.885 Thread 0x0000021feaff3440 flushing  nmethod 0x0000021fee8ff610
Event: 17.885 Thread 0x0000021feaff3440 flushing  nmethod 0x0000021fee901010
Event: 17.885 Thread 0x0000021feaff3440 flushing  nmethod 0x0000021fee90bd90
Event: 17.885 Thread 0x0000021feaff3440 flushing  nmethod 0x0000021fee914810
Event: 17.885 Thread 0x0000021feaff3440 flushing  nmethod 0x0000021fee93ee10
Event: 17.885 Thread 0x0000021feaff3440 flushing  nmethod 0x0000021fee940290
Event: 17.885 Thread 0x0000021feaff3440 flushing  nmethod 0x0000021fee943810
Event: 17.885 Thread 0x0000021feaff3440 flushing  nmethod 0x0000021fee94c390
Event: 17.885 Thread 0x0000021feaff3440 flushing  nmethod 0x0000021fee9b0010
Event: 17.885 Thread 0x0000021feaff3440 flushing  nmethod 0x0000021fee9c8a10
Event: 17.885 Thread 0x0000021feaff3440 flushing  nmethod 0x0000021fee9e5410
Event: 17.885 Thread 0x0000021feaff3440 flushing  nmethod 0x0000021fee9e5890

Events (20 events):
Event: 19.337 Thread 0x0000021ffefd8c30 Thread added: 0x0000021fcb6f3d30
Event: 19.512 Thread 0x0000021fe8bc70e0 Thread added: 0x0000021fcb6f43c0
Event: 19.519 Thread 0x0000021fe8bc70e0 Thread added: 0x0000021fcb6f6490
Event: 19.519 Thread 0x0000021fe8bc70e0 Thread added: 0x0000021fcb6f7840
Event: 19.520 Thread 0x0000021fe8bc70e0 Thread added: 0x0000021fcb6f6b20
Event: 19.520 Thread 0x0000021fe8bc70e0 Thread added: 0x0000021fcb6f7ed0
Event: 19.520 Thread 0x0000021fe8bc70e0 Thread added: 0x0000021fcb6f4a50
Event: 19.520 Thread 0x0000021fe8bc70e0 Thread added: 0x0000021fcb6f8560
Event: 19.520 Thread 0x0000021fe8bc70e0 Thread added: 0x0000021fcb6f50e0
Event: 19.520 Thread 0x0000021fe8bc70e0 Thread added: 0x0000021fcb6f8bf0
Event: 19.521 Thread 0x0000021fe8bc70e0 Thread added: 0x0000021fcb6f5770
Event: 19.521 Thread 0x0000021fe8bc70e0 Thread added: 0x0000021fcb6f5e00
Event: 19.521 Thread 0x0000021fe8bc70e0 Thread added: 0x0000021fcb6f9280
Event: 19.524 Thread 0x0000021fe8bc70e0 Thread added: 0x0000021fcb6f9910
Event: 19.639 Thread 0x0000021fe8bc70e0 Thread added: 0x0000021fcb6fb350
Event: 20.344 Thread 0x0000021ffed6a060 Thread added: 0x0000021fcc531d00
Event: 20.778 Thread 0x0000021fcc531d00 Thread exited: 0x0000021fcc531d00
Event: 21.378 Thread 0x0000021fe8bc70e0 Thread added: 0x0000021fcb6fa630
Event: 21.379 Thread 0x0000021fe8bc70e0 Thread added: 0x0000021fcb6facc0
Event: 21.411 Thread 0x0000021ffed6a060 Thread added: 0x0000021fcc531d00


Dynamic libraries:
0x00007ff7574e0000 - 0x00007ff7574ee000 	c:\Users\dhruv\.vscode\extensions\redhat.java-1.53.0-win32-x64\jre\21.0.10-win32-x86_64\bin\java.exe
0x00007ffa6c8a0000 - 0x00007ffa6cb07000 	C:\Windows\SYSTEM32\ntdll.dll
0x00007ffa6bfa0000 - 0x00007ffa6c069000 	C:\Windows\System32\KERNEL32.DLL
0x00007ffa69fc0000 - 0x00007ffa6a3b1000 	C:\Windows\System32\KERNELBASE.dll
0x00007ffa693d0000 - 0x00007ffa6951b000 	C:\Windows\System32\ucrtbase.dll
0x00007ff9d43c0000 - 0x00007ff9d43de000 	c:\Users\dhruv\.vscode\extensions\redhat.java-1.53.0-win32-x64\jre\21.0.10-win32-x86_64\bin\VCRUNTIME140.dll
0x00007ff9d5b20000 - 0x00007ff9d5b38000 	c:\Users\dhruv\.vscode\extensions\redhat.java-1.53.0-win32-x64\jre\21.0.10-win32-x86_64\bin\jli.dll
0x00007ffa6b100000 - 0x00007ffa6b2c5000 	C:\Windows\System32\USER32.dll
0x00007ffa4a450000 - 0x00007ffa4a6e3000 	C:\Windows\WinSxS\amd64_microsoft.windows.common-controls_6595b64144ccf1df_6.0.26100.8037_none_3e092faae333b53b\COMCTL32.dll
0x00007ffa69180000 - 0x00007ffa691a7000 	C:\Windows\System32\win32u.dll
0x00007ffa6b3d0000 - 0x00007ffa6b479000 	C:\Windows\System32\msvcrt.dll
0x00007ffa6c600000 - 0x00007ffa6c62b000 	C:\Windows\System32\GDI32.dll
0x00007ffa6a510000 - 0x00007ffa6a63b000 	C:\Windows\System32\gdi32full.dll
0x00007ffa691b0000 - 0x00007ffa69253000 	C:\Windows\System32\msvcp_win.dll
0x00007ffa6c760000 - 0x00007ffa6c791000 	C:\Windows\System32\IMM32.DLL
0x00007ffa39f70000 - 0x00007ffa39f7c000 	c:\Users\dhruv\.vscode\extensions\redhat.java-1.53.0-win32-x64\jre\21.0.10-win32-x86_64\bin\vcruntime140_1.dll
0x00007ff9ca080000 - 0x00007ff9ca10d000 	c:\Users\dhruv\.vscode\extensions\redhat.java-1.53.0-win32-x64\jre\21.0.10-win32-x86_64\bin\msvcp140.dll
0x00007ff9bb920000 - 0x00007ff9bc6c1000 	c:\Users\dhruv\.vscode\extensions\redhat.java-1.53.0-win32-x64\jre\21.0.10-win32-x86_64\bin\server\jvm.dll
0x00007ffa6c630000 - 0x00007ffa6c6eb000 	C:\Windows\System32\ADVAPI32.dll
0x00007ffa6ad90000 - 0x00007ffa6ae37000 	C:\Windows\System32\sechost.dll
0x00007ffa6af50000 - 0x00007ffa6b068000 	C:\Windows\System32\RPCRT4.dll
0x00007ffa6ae40000 - 0x00007ffa6aeb4000 	C:\Windows\System32\WS2_32.dll
0x00007ffa68fe0000 - 0x00007ffa6903e000 	C:\Windows\SYSTEM32\POWRPROF.dll
0x00007ffa4b4a0000 - 0x00007ffa4b4ab000 	C:\Windows\SYSTEM32\VERSION.dll
0x00007ffa5ebf0000 - 0x00007ffa5ec25000 	C:\Windows\SYSTEM32\WINMM.dll
0x00007ffa68fc0000 - 0x00007ffa68fd4000 	C:\Windows\SYSTEM32\UMPDC.dll
0x00007ffa67ee0000 - 0x00007ffa67efb000 	C:\Windows\SYSTEM32\kernel.appcore.dll
0x00007ffa39d00000 - 0x00007ffa39d0a000 	c:\Users\dhruv\.vscode\extensions\redhat.java-1.53.0-win32-x64\jre\21.0.10-win32-x86_64\bin\jimage.dll
0x00007ffa66e70000 - 0x00007ffa670b2000 	C:\Windows\SYSTEM32\DBGHELP.DLL
0x00007ffa6c270000 - 0x00007ffa6c5f2000 	C:\Windows\System32\combase.dll
0x00007ffa6b480000 - 0x00007ffa6b557000 	C:\Windows\System32\OLEAUT32.dll
0x00007ffa47b70000 - 0x00007ffa47bab000 	C:\Windows\SYSTEM32\dbgcore.DLL
0x00007ffa69520000 - 0x00007ffa695c5000 	C:\Windows\System32\bcryptPrimitives.dll
0x00007ffa4c950000 - 0x00007ffa4c95f000 	c:\Users\dhruv\.vscode\extensions\redhat.java-1.53.0-win32-x64\jre\21.0.10-win32-x86_64\bin\instrument.dll
0x00007ff9cee50000 - 0x00007ff9cee70000 	c:\Users\dhruv\.vscode\extensions\redhat.java-1.53.0-win32-x64\jre\21.0.10-win32-x86_64\bin\java.dll
0x00007ffa6b6c0000 - 0x00007ffa6be1f000 	C:\Windows\System32\SHELL32.dll
0x00007ffa69260000 - 0x00007ffa693ca000 	C:\Windows\System32\wintypes.dll
0x00007ffa695d0000 - 0x00007ffa69e34000 	C:\Windows\System32\windows.storage.dll
0x00007ffa6ac90000 - 0x00007ffa6ad87000 	C:\Windows\System32\SHCORE.dll
0x00007ffa6c6f0000 - 0x00007ffa6c757000 	C:\Windows\System32\shlwapi.dll
0x00007ffa690a0000 - 0x00007ffa690c9000 	C:\Windows\SYSTEM32\profapi.dll
0x00007ff9cee30000 - 0x00007ff9cee48000 	c:\Users\dhruv\.vscode\extensions\redhat.java-1.53.0-win32-x64\jre\21.0.10-win32-x86_64\bin\zip.dll
0x00007ffa4c940000 - 0x00007ffa4c950000 	C:\Users\dhruv\.vscode\extensions\redhat.java-1.53.0-win32-x64\jre\21.0.10-win32-x86_64\bin\net.dll
0x00007ffa5f540000 - 0x00007ffa5f667000 	C:\Windows\SYSTEM32\WINHTTP.dll
0x00007ffa68460000 - 0x00007ffa684cb000 	C:\Windows\system32\mswsock.dll
0x00007ffa4c8d0000 - 0x00007ffa4c8e6000 	C:\Users\dhruv\.vscode\extensions\redhat.java-1.53.0-win32-x64\jre\21.0.10-win32-x86_64\bin\nio.dll
0x00007ffa4c930000 - 0x00007ffa4c940000 	c:\Users\dhruv\.vscode\extensions\redhat.java-1.53.0-win32-x64\jre\21.0.10-win32-x86_64\bin\verify.dll
0x00007ffa4a400000 - 0x00007ffa4a445000 	C:\Users\dhruv\AppData\Roaming\Code\User\globalStorage\redhat.java\1.53.0\config_win\org.eclipse.equinox.launcher\org.eclipse.equinox.launcher.win32.win32.x86_64_1.3.0.v20260203-2149\eclipse_11919.dll
0x00007ffa6a640000 - 0x00007ffa6a7d5000 	C:\Windows\System32\ole32.dll
0x00007ffa68750000 - 0x00007ffa6876b000 	C:\Windows\SYSTEM32\CRYPTSP.dll
0x00007ffa67e40000 - 0x00007ffa67e79000 	C:\Windows\system32\rsaenh.dll
0x00007ffa68510000 - 0x00007ffa68542000 	C:\Windows\SYSTEM32\USERENV.dll
0x00007ffa69070000 - 0x00007ffa6909a000 	C:\Windows\SYSTEM32\bcrypt.dll
0x00007ffa68740000 - 0x00007ffa6874c000 	C:\Windows\SYSTEM32\CRYPTBASE.dll
0x00007ffa67980000 - 0x00007ffa679b3000 	C:\Windows\SYSTEM32\IPHLPAPI.DLL
0x00007ffa6af40000 - 0x00007ffa6af4a000 	C:\Windows\System32\NSI.dll
0x00007ffa40810000 - 0x00007ffa40859000 	C:\Users\dhruv\AppData\Local\Temp\jna-95563663\jna12692311485830152222.dll
0x00007ffa6c070000 - 0x00007ffa6c078000 	C:\Windows\System32\PSAPI.DLL
0x00007ffa60be0000 - 0x00007ffa60bfd000 	C:\Windows\SYSTEM32\dhcpcsvc6.DLL
0x00007ffa60bb0000 - 0x00007ffa60bd3000 	C:\Windows\SYSTEM32\dhcpcsvc.DLL

JVMTI agents:
c:\Users\dhruv\.vscode\extensions\redhat.java-1.53.0-win32-x64\lombok\lombok-1.18.39-4050.jar path:c:\Users\dhruv\.vscode\extensions\redhat.java-1.53.0-win32-x64\jre\21.0.10-win32-x86_64\bin\instrument.dll, loaded, initialized, instrumentlib options:none

dbghelp: loaded successfully - version: 4.0.5 - missing functions: none
symbol engine: initialized successfully - sym options: 0x614 - pdb path: .;c:\Users\dhruv\.vscode\extensions\redhat.java-1.53.0-win32-x64\jre\21.0.10-win32-x86_64\bin;C:\Windows\SYSTEM32;C:\Windows\WinSxS\amd64_microsoft.windows.common-controls_6595b64144ccf1df_6.0.26100.8037_none_3e092faae333b53b;c:\Users\dhruv\.vscode\extensions\redhat.java-1.53.0-win32-x64\jre\21.0.10-win32-x86_64\bin\server;C:\Users\dhruv\AppData\Roaming\Code\User\globalStorage\redhat.java\1.53.0\config_win\org.eclipse.equinox.launcher\org.eclipse.equinox.launcher.win32.win32.x86_64_1.3.0.v20260203-2149;C:\Users\dhruv\AppData\Local\Temp\jna-95563663

VM Arguments:
jvm_args: --add-modules=ALL-SYSTEM --add-opens=java.base/java.util=ALL-UNNAMED --add-opens=java.base/java.lang=ALL-UNNAMED --add-opens=java.base/sun.nio.fs=ALL-UNNAMED -Declipse.application=org.eclipse.jdt.ls.core.id1 -Dosgi.bundles.defaultStartLevel=4 -Declipse.product=org.eclipse.jdt.ls.core.product -Djava.import.generatesMetadataFilesAtProjectRoot=false -DDetectVMInstallationsJob.disabled=true -Dfile.encoding=utf8 -XX:+UseParallelGC -XX:GCTimeRatio=4 -XX:AdaptiveSizePolicyWeight=90 -Dsun.zip.disableMemoryMapping=true -Xmx2G -Xms100m -Xlog:disable -javaagent:c:\Users\dhruv\.vscode\extensions\redhat.java-1.53.0-win32-x64\lombok\lombok-1.18.39-4050.jar -XX:+HeapDumpOnOutOfMemoryError -XX:HeapDumpPath=c:\Users\dhruv\AppData\Roaming\Code\User\workspaceStorage\7d28d01f3346ece97dc27ea15ebc63fd\redhat.java -Daether.dependencyCollector.impl=bf 
java_command: c:\Users\dhruv\.vscode\extensions\redhat.java-1.53.0-win32-x64\server\plugins\org.eclipse.equinox.launcher_1.7.100.v20251111-0406.jar -configuration c:\Users\dhruv\AppData\Roaming\Code\User\globalStorage\redhat.java\1.53.0\config_win -data c:\Users\dhruv\AppData\Roaming\Code\User\workspaceStorage\7d28d01f3346ece97dc27ea15ebc63fd\redhat.java\jdt_ws --pipe=\\.\pipe\lsp-30a60da98a0a50675d89558527e4fde2-sock
java_class_path (initial): c:\Users\dhruv\.vscode\extensions\redhat.java-1.53.0-win32-x64\server\plugins\org.eclipse.equinox.launcher_1.7.100.v20251111-0406.jar
Launcher Type: SUN_STANDARD

[Global flags]
    uintx AdaptiveSizePolicyWeight                 = 90                                        {product} {command line}
     intx CICompilerCount                          = 4                                         {product} {ergonomic}
    uintx GCTimeRatio                              = 4                                         {product} {command line}
     bool HeapDumpOnOutOfMemoryError               = true                                   {manageable} {command line}
    ccstr HeapDumpPath                             = c:\Users\dhruv\AppData\Roaming\Code\User\workspaceStorage\7d28d01f3346ece97dc27ea15ebc63fd\redhat.java         {manageable} {command line}
   size_t InitialHeapSize                          = 104857600                                 {product} {command line}
   size_t MaxHeapSize                              = 2147483648                                {product} {command line}
   size_t MaxNewSize                               = 715653120                                 {product} {ergonomic}
   size_t MinHeapDeltaBytes                        = 524288                                    {product} {ergonomic}
   size_t MinHeapSize                              = 104857600                                 {product} {command line}
   size_t NewSize                                  = 34603008                                  {product} {ergonomic}
    uintx NonNMethodCodeHeapSize                   = 5839372                                {pd product} {ergonomic}
    uintx NonProfiledCodeHeapSize                  = 122909434                              {pd product} {ergonomic}
   size_t OldSize                                  = 70254592                                  {product} {ergonomic}
    uintx ProfiledCodeHeapSize                     = 122909434                              {pd product} {ergonomic}
    uintx ReservedCodeCacheSize                    = 251658240                              {pd product} {ergonomic}
     bool SegmentedCodeCache                       = true                                      {product} {ergonomic}
   size_t SoftMaxHeapSize                          = 2147483648                             {manageable} {ergonomic}
     bool UseCompressedOops                        = true                           {product lp64_product} {ergonomic}
     bool UseLargePagesIndividualAllocation        = false                                  {pd product} {ergonomic}
     bool UseParallelGC                            = true                                      {product} {command line}

Logging:
Log output configuration:
 #0: stdout all=off uptime,level,tags foldmultilines=false
 #1: stderr all=off uptime,level,tags foldmultilines=false

Release file:
JAVA_VERSION="21.0.10" 
MODULES="java.base java.compiler java.datatransfer java.xml java.prefs java.desktop java.instrument java.logging java.management java.security.sasl java.naming java.rmi java.management.rmi java.net.http java.scripting java.security.jgss java.transaction.xa java.sql java.sql.rowset java.xml.crypto java.se java.smartcardio jdk.accessibility jdk.internal.jvmstat jdk.attach jdk.charsets jdk.internal.opt jdk.zipfs jdk.compiler jdk.crypto.ec jdk.crypto.cryptoki jdk.crypto.mscapi jdk.dynalink jdk.internal.ed jdk.editpad jdk.hotspot.agent jdk.httpserver jdk.internal.le jdk.internal.vm.ci jdk.internal.vm.compiler jdk.internal.vm.compiler.management jdk.jartool jdk.javadoc jdk.jcmd jdk.management jdk.management.agent jdk.jconsole jdk.jdeps jdk.jdwp.agent jdk.jdi jdk.jfr jdk.jshell jdk.jsobject jdk.jstatd jdk.localedata jdk.management.jfr jdk.naming.dns jdk.naming.rmi jdk.net jdk.nio.mapmode jdk.random jdk.sctp jdk.security.auth jdk.security.jgss jdk.unsupported jdk.unsupported.desktop jdk.xml.dom" 

Environment Variables:
PATH=C:\Users\dhruv\AppData\Local\Programs\Microsoft VS Code;C:\Program Files\Common Files\Oracle\Java\javapath;C:\Windows\system32;C:\Windows;C:\Windows\System32\Wbem;C:\Windows\System32\WindowsPowerShell\v1.0\;C:\Windows\System32\OpenSSH\;C:\Program Files\nodejs\;C:\Program Files\Git\cmd;C:\Program Files\MongoDB\Server\8.0\bin;C:\Program Files\MySQL\MySQL Server 8.0\bin;C:\Users\dhruv\Downloads\gradle-8.14.3\bin;C:\Program Files\Docker\Docker\resources\bin;C:\Program Files\Apache\MAVEN\bin;C:\Program Files\Apache\MAVEN\apache-maven-3.9.12\bin;C:\Program Files\MySQL\MySQL Shell 8.0\bin\;C:\Users\dhruv\AppData\Local\Microsoft\WindowsApps;C:\Users\dhruv\AppData\Local\Programs\Microsoft VS Code\bin;C:\Users\dhruv\AppData\Roaming\npm;C:\Program Files\JetBrains\IntelliJ IDEA Community Edition 2025.1.4.1\bin;;C:\Users\dhruv\AppData\Local\Programs\cursor\resources\app\bin
USERNAME=dhruv
OS=Windows_NT
PROCESSOR_IDENTIFIER=Intel64 Family 6 Model 186 Stepping 2, GenuineIntel
TMP=C:\Users\dhruv\AppData\Local\Temp
TEMP=C:\Users\dhruv\AppData\Local\Temp




Periodic native trim disabled

---------------  S Y S T E M  ---------------

OS:
 Windows 11 , 64 bit Build 26100 (10.0.26100.7920)
OS uptime: 0 days 14:46 hours
Hyper-V role detected

CPU: total 12 (initial active 12) (6 cores per cpu, 2 threads per core) family 6 model 186 stepping 2 microcode 0x6134, cx8, cmov, fxsr, ht, mmx, 3dnowpref, sse, sse2, sse3, ssse3, sse4.1, sse4.2, popcnt, lzcnt, tsc, tscinvbit, avx, avx2, aes, erms, clmul, bmi1, bmi2, adx, sha, fma, vzeroupper, clflush, clflushopt, clwb, hv, serialize, rdtscp, rdpid, fsrm, f16c, cet_ibt, cet_ss
Processor Information for processor 0
  Max Mhz: 2100, Current Mhz: 2100, Mhz Limit: 2100
Processor Information for processor 1
  Max Mhz: 2100, Current Mhz: 2100, Mhz Limit: 2100
Processor Information for processor 2
  Max Mhz: 2100, Current Mhz: 2100, Mhz Limit: 2100
Processor Information for processor 3
  Max Mhz: 2100, Current Mhz: 2100, Mhz Limit: 2100
Processor Information for processor 4
  Max Mhz: 2100, Current Mhz: 2100, Mhz Limit: 2100
Processor Information for processor 5
  Max Mhz: 2100, Current Mhz: 2100, Mhz Limit: 2100
Processor Information for processor 6
  Max Mhz: 2100, Current Mhz: 2100, Mhz Limit: 2100
Processor Information for processor 7
  Max Mhz: 2100, Current Mhz: 2100, Mhz Limit: 2100
Processor Information for processor 8
  Max Mhz: 2100, Current Mhz: 1500, Mhz Limit: 1491
Processor Information for processor 9
  Max Mhz: 2100, Current Mhz: 1500, Mhz Limit: 1491
Processor Information for processor 10
  Max Mhz: 2100, Current Mhz: 1500, Mhz Limit: 1491
Processor Information for processor 11
  Max Mhz: 2100, Current Mhz: 1500, Mhz Limit: 1491

Memory: 4k page, system-wide physical 16076M (1601M free)
TotalPageFile size 46395M (AvailPageFile size 19M)
current process WorkingSet (physical memory assigned to process): 233M, peak: 233M
current process commit charge ("private bytes"): 348M, peak: 354M

vm_info: OpenJDK 64-Bit Server VM (21.0.10+7-LTS) for windows-amd64 JRE (21.0.10+7-LTS), built on 2026-01-20T00:00:00Z by "admin" with MS VC++ 17.12 (VS2022)

END.
