#
# There is insufficient memory for the Java Runtime Environment to continue.
# Native memory allocation (malloc) failed to allocate 1048576 bytes. Error detail: AllocateHeap
# Possible reasons:
#   The system is out of physical RAM or swap space
#   This process is running with CompressedOops enabled, and the Java Heap may be blocking the growth of the native heap
# Possible solutions:
#   Reduce memory load on the system
#   Increase physical memory or swap space
#   Check if swap backing store is full
#   Decrease Java heap size (-Xmx/-Xms)
#   Decrease number of Java threads
#   Decrease Java thread stack sizes (-Xss)
#   Set larger code cache with -XX:ReservedCodeCacheSize=
#   JVM is running with Unscaled Compressed Oops mode in which the Java heap is
#     placed in the first 4GB address space. The Java Heap base address is the
#     maximum limit for the native heap growth. Please use -XX:HeapBaseMinAddress
#     to set the Java Heap base and to place the Java Heap above 4GB virtual address.
# This output file may be truncated or incomplete.
#
#  Out of Memory Error (allocation.cpp:44), pid=24956, tid=21868
#
# JRE version: OpenJDK Runtime Environment Temurin-21.0.10+7 (21.0.10+7) (build 21.0.10+7-LTS)
# Java VM: OpenJDK 64-Bit Server VM Temurin-21.0.10+7 (21.0.10+7-LTS, mixed mode, sharing, tiered, compressed oops, compressed class ptrs, parallel gc, windows-amd64)
# No core dump will be written. Minidumps are not enabled by default on client versions of Windows
#

---------------  S U M M A R Y ------------

Command Line: --add-modules=ALL-SYSTEM --add-opens=java.base/java.util=ALL-UNNAMED --add-opens=java.base/java.lang=ALL-UNNAMED --add-opens=java.base/sun.nio.fs=ALL-UNNAMED -Declipse.application=org.eclipse.jdt.ls.core.id1 -Dosgi.bundles.defaultStartLevel=4 -Declipse.product=org.eclipse.jdt.ls.core.product -Djava.import.generatesMetadataFilesAtProjectRoot=false -DDetectVMInstallationsJob.disabled=true -Dfile.encoding=utf8 -XX:+UseParallelGC -XX:GCTimeRatio=4 -XX:AdaptiveSizePolicyWeight=90 -Dsun.zip.disableMemoryMapping=true -Xmx2G -Xms100m -Xlog:disable -javaagent:c:\Users\dhruv\.vscode\extensions\redhat.java-1.53.0-win32-x64\lombok\lombok-1.18.39-4050.jar -XX:+HeapDumpOnOutOfMemoryError -XX:HeapDumpPath=c:\Users\dhruv\AppData\Roaming\Code\User\workspaceStorage\7d28d01f3346ece97dc27ea15ebc63fd\redhat.java -Daether.dependencyCollector.impl=bf c:\Users\dhruv\.vscode\extensions\redhat.java-1.53.0-win32-x64\server\plugins\org.eclipse.equinox.launcher_1.7.100.v20251111-0406.jar -configuration c:\Users\dhruv\AppData\Roaming\Code\User\globalStorage\redhat.java\1.53.0\config_win -data c:\Users\dhruv\AppData\Roaming\Code\User\workspaceStorage\7d28d01f3346ece97dc27ea15ebc63fd\redhat.java\jdt_ws --pipe=\\.\pipe\lsp-c022e6661df905659516d460d4d6abfc-sock

Host: 13th Gen Intel(R) Core(TM) i5-13420H, 12 cores, 15G,  Windows 11 , 64 bit Build 26100 (10.0.26100.7920)
Time: Mon Mar 30 10:47:49 2026 India Standard Time elapsed time: 1372.983895 seconds (0d 0h 22m 52s)

---------------  T H R E A D  ---------------

Current thread (0x0000022a39a79370):  JavaThread "Attach Listener" daemon [_thread_in_vm, id=21868, stack(0x000000d3e0e00000,0x000000d3e0f00000) (1024K)]

Stack: [0x000000d3e0e00000,0x000000d3e0f00000]
Native frames: (J=compiled Java code, j=interpreted, Vv=VM code, C=native code)
V  [jvm.dll+0x6d7a39]
V  [jvm.dll+0x8b4b26]
V  [jvm.dll+0x8b70de]
V  [jvm.dll+0x8b77c3]
V  [jvm.dll+0x284346]
V  [jvm.dll+0xc1277]
V  [jvm.dll+0x6d82e9]
V  [jvm.dll+0x1334a6]
V  [jvm.dll+0x3f857e]
V  [jvm.dll+0x85f59d]
V  [jvm.dll+0x6d626d]
C  [ucrtbase.dll+0x37b0]
C  [KERNEL32.DLL+0x2e8d7]
C  [ntdll.dll+0x8c48c]


---------------  P R O C E S S  ---------------

Threads class SMR info:
_java_thread_list=0x0000022a9a530910, length=38, elements={
0x0000022a3770ba30, 0x0000022a5047e300, 0x0000022a39a71240, 0x0000022a39a772a0,
0x0000022a39a79370, 0x0000022a39a77930, 0x0000022a39a78650, 0x0000022a39a8bed0,
0x0000022a928ab2b0, 0x0000022a39a7a720, 0x0000022a39a78ce0, 0x0000022a39a79a00,
0x0000022a39a7a090, 0x0000022a39a77fc0, 0x0000022a980d1610, 0x0000022a980d0f80,
0x0000022a980d1ca0, 0x0000022a980cfbd0, 0x0000022a980d2330, 0x0000022a980d64d0,
0x0000022a980d5120, 0x0000022a980d5e40, 0x0000022a980d6b60, 0x0000022a980d3d70,
0x0000022a98f76960, 0x0000022a98f77680, 0x0000022a98f755b0, 0x0000022a98f762d0,
0x0000022a98f77d10, 0x0000022a98f783a0, 0x0000022a98f74f20, 0x0000022a98f76ff0,
0x0000022a98f78a30, 0x0000022a98f790c0, 0x0000022a98f7a470, 0x0000022a98f7b190,
0x0000022a98f7c540, 0x0000022a9a7ab5e0
}

Java Threads: ( => current thread )
  0x0000022a3770ba30 JavaThread "main"                              [_thread_blocked, id=24520, stack(0x000000d3e0700000,0x000000d3e0800000) (1024K)]
  0x0000022a5047e300 JavaThread "Reference Handler"          daemon [_thread_blocked, id=24456, stack(0x000000d3e0b00000,0x000000d3e0c00000) (1024K)]
  0x0000022a39a71240 JavaThread "Finalizer"                  daemon [_thread_blocked, id=6536, stack(0x000000d3e0c00000,0x000000d3e0d00000) (1024K)]
  0x0000022a39a772a0 JavaThread "Signal Dispatcher"          daemon [_thread_blocked, id=17960, stack(0x000000d3e0d00000,0x000000d3e0e00000) (1024K)]
=>0x0000022a39a79370 JavaThread "Attach Listener"            daemon [_thread_in_vm, id=21868, stack(0x000000d3e0e00000,0x000000d3e0f00000) (1024K)]
  0x0000022a39a77930 JavaThread "Service Thread"             daemon [_thread_blocked, id=20800, stack(0x000000d3e0f00000,0x000000d3e1000000) (1024K)]
  0x0000022a39a78650 JavaThread "Monitor Deflation Thread"   daemon [_thread_blocked, id=24464, stack(0x000000d3e1000000,0x000000d3e1100000) (1024K)]
  0x0000022a39a8bed0 JavaThread "C2 CompilerThread0"         daemon [_thread_blocked, id=24272, stack(0x000000d3e1100000,0x000000d3e1200000) (1024K)]
  0x0000022a928ab2b0 JavaThread "C1 CompilerThread0"         daemon [_thread_blocked, id=8128, stack(0x000000d3e1200000,0x000000d3e1300000) (1024K)]
  0x0000022a39a7a720 JavaThread "Common-Cleaner"             daemon [_thread_blocked, id=15764, stack(0x000000d3e1300000,0x000000d3e1400000) (1024K)]
  0x0000022a39a78ce0 JavaThread "Notification Thread"        daemon [_thread_blocked, id=25008, stack(0x000000d3e1500000,0x000000d3e1600000) (1024K)]
  0x0000022a39a79a00 JavaThread "Active Thread: Equinox Container: 1663fa61-b962-483f-b89b-348bb2c5249e"        [_thread_blocked, id=25120, stack(0x000000d3e1d00000,0x000000d3e1e00000) (1024K)]
  0x0000022a39a7a090 JavaThread "Refresh Thread: Equinox Container: 1663fa61-b962-483f-b89b-348bb2c5249e" daemon [_thread_blocked, id=8184, stack(0x000000d3e1600000,0x000000d3e1700000) (1024K)]
  0x0000022a39a77fc0 JavaThread "Framework Event Dispatcher: Equinox Container: 1663fa61-b962-483f-b89b-348bb2c5249e" daemon [_thread_blocked, id=4272, stack(0x000000d3e1e00000,0x000000d3e1f00000) (1024K)]
  0x0000022a980d1610 JavaThread "Start Level: Equinox Container: 1663fa61-b962-483f-b89b-348bb2c5249e" daemon [_thread_blocked, id=21408, stack(0x000000d3e1f00000,0x000000d3e2000000) (1024K)]
  0x0000022a980d0f80 JavaThread "Bundle File Closer"         daemon [_thread_blocked, id=20840, stack(0x000000d3e2200000,0x000000d3e2300000) (1024K)]
  0x0000022a980d1ca0 JavaThread "SCR Component Actor"        daemon [_thread_blocked, id=3364, stack(0x000000d3e2300000,0x000000d3e2400000) (1024K)]
  0x0000022a980cfbd0 JavaThread "Worker-JM"                         [_thread_blocked, id=22508, stack(0x000000d3e2500000,0x000000d3e2600000) (1024K)]
  0x0000022a980d2330 JavaThread "JNA Cleaner"                daemon [_thread_blocked, id=10624, stack(0x000000d3e2400000,0x000000d3e2500000) (1024K)]
  0x0000022a980d64d0 JavaThread "Java indexing"              daemon [_thread_blocked, id=24952, stack(0x000000d3e2c00000,0x000000d3e2d00000) (1024K)]
  0x0000022a980d5120 JavaThread "Worker-4"                          [_thread_blocked, id=7324, stack(0x000000d3e2d00000,0x000000d3e2e00000) (1024K)]
  0x0000022a980d5e40 JavaThread "Thread-1"                   daemon [_thread_in_native, id=24972, stack(0x000000d3e3100000,0x000000d3e3200000) (1024K)]
  0x0000022a980d6b60 JavaThread "Thread-2"                   daemon [_thread_in_native, id=25192, stack(0x000000d3e3200000,0x000000d3e3300000) (1024K)]
  0x0000022a980d3d70 JavaThread "Thread-3"                   daemon [_thread_in_native, id=24008, stack(0x000000d3e3300000,0x000000d3e3400000) (1024K)]
  0x0000022a98f76960 JavaThread "Thread-4"                   daemon [_thread_in_native, id=24040, stack(0x000000d3e3400000,0x000000d3e3500000) (1024K)]
  0x0000022a98f77680 JavaThread "Thread-5"                   daemon [_thread_in_native, id=1460, stack(0x000000d3e3500000,0x000000d3e3600000) (1024K)]
  0x0000022a98f755b0 JavaThread "Thread-6"                   daemon [_thread_in_native, id=25084, stack(0x000000d3e3600000,0x000000d3e3700000) (1024K)]
  0x0000022a98f762d0 JavaThread "Thread-7"                   daemon [_thread_in_native, id=17080, stack(0x000000d3e3700000,0x000000d3e3800000) (1024K)]
  0x0000022a98f77d10 JavaThread "Thread-8"                   daemon [_thread_in_native, id=7152, stack(0x000000d3e3800000,0x000000d3e3900000) (1024K)]
  0x0000022a98f783a0 JavaThread "Thread-9"                   daemon [_thread_in_native, id=22432, stack(0x000000d3e3900000,0x000000d3e3a00000) (1024K)]
  0x0000022a98f74f20 JavaThread "Thread-10"                  daemon [_thread_in_native, id=24448, stack(0x000000d3e3a00000,0x000000d3e3b00000) (1024K)]
  0x0000022a98f76ff0 JavaThread "Thread-11"                  daemon [_thread_in_native, id=23612, stack(0x000000d3e3b00000,0x000000d3e3c00000) (1024K)]
  0x0000022a98f78a30 JavaThread "Thread-12"                  daemon [_thread_in_native, id=21608, stack(0x000000d3e3c00000,0x000000d3e3d00000) (1024K)]
  0x0000022a98f790c0 JavaThread "Thread-13"                  daemon [_thread_in_native, id=23040, stack(0x000000d3e3d00000,0x000000d3e3e00000) (1024K)]
  0x0000022a98f7a470 JavaThread "pool-2-thread-1"                   [_thread_blocked, id=2752, stack(0x000000d3e3e00000,0x000000d3e3f00000) (1024K)]
  0x0000022a98f7b190 JavaThread "WorkspaceEventsHandler"            [_thread_blocked, id=19704, stack(0x000000d3e3f00000,0x000000d3e4000000) (1024K)]
  0x0000022a98f7c540 JavaThread "pool-1-thread-1"                   [_thread_blocked, id=24088, stack(0x000000d3e4000000,0x000000d3e4100000) (1024K)]
  0x0000022a9a7ab5e0 JavaThread "Worker-6"                          [_thread_blocked, id=15392, stack(0x000000d3e0500000,0x000000d3e0600000) (1024K)]
Total: 38

Other Threads:
  0x0000022a50463440 VMThread "VM Thread"                           [id=24500, stack(0x000000d3e0a00000,0x000000d3e0b00000) (1024K)]
  0x0000022a5035ca00 WatcherThread "VM Periodic Task Thread"        [id=16088, stack(0x000000d3e0900000,0x000000d3e0a00000) (1024K)]
  0x0000022a399ebcd0 WorkerThread "GC Thread#0"                     [id=19692, stack(0x000000d3e0800000,0x000000d3e0900000) (1024K)]
  0x0000022a988850e0 WorkerThread "GC Thread#1"                     [id=24812, stack(0x000000d3e1700000,0x000000d3e1800000) (1024K)]
  0x0000022a9869f800 WorkerThread "GC Thread#2"                     [id=8960, stack(0x000000d3e1800000,0x000000d3e1900000) (1024K)]
  0x0000022a986621d0 WorkerThread "GC Thread#3"                     [id=16464, stack(0x000000d3e1900000,0x000000d3e1a00000) (1024K)]
  0x0000022a984b7bf0 WorkerThread "GC Thread#4"                     [id=19452, stack(0x000000d3e1a00000,0x000000d3e1b00000) (1024K)]
  0x0000022a984b7840 WorkerThread "GC Thread#5"                     [id=24020, stack(0x000000d3e1b00000,0x000000d3e1c00000) (1024K)]
  0x0000022a984b7fa0 WorkerThread "GC Thread#6"                     [id=25184, stack(0x000000d3e1c00000,0x000000d3e1d00000) (1024K)]
  0x0000022a984b8700 WorkerThread "GC Thread#7"                     [id=25148, stack(0x000000d3e1400000,0x000000d3e1500000) (1024K)]
  0x0000022a984b6d30 WorkerThread "GC Thread#8"                     [id=7892, stack(0x000000d3e2000000,0x000000d3e2100000) (1024K)]
  0x0000022a984b7490 WorkerThread "GC Thread#9"                     [id=23496, stack(0x000000d3e2100000,0x000000d3e2200000) (1024K)]
Total: 12

Threads with active compile tasks:
Total: 0

VM state: not at safepoint (normal execution)

VM Mutex/Monitor currently owned by a thread: None

Heap address: 0x0000000080000000, size: 2048 MB, Compressed Oops mode: 32-bit

CDS archive(s) mapped at: [0x0000022a51000000-0x0000022a51ba0000-0x0000022a51ba0000), size 12189696, SharedBaseAddress: 0x0000022a51000000, ArchiveRelocationMode: 1.
Compressed class space mapped at: 0x0000022a52000000-0x0000022a92000000, reserved size: 1073741824
Narrow klass base: 0x0000022a51000000, Narrow klass shift: 0, Narrow klass range: 0x100000000

GC Precious Log:
 CardTable entry size: 512
 CPUs: 12 total, 12 available
 Memory: 16076M
 Large Page Support: Disabled
 NUMA Support: Disabled
 Compressed Oops: Enabled (32-bit)
 Alignments: Space 512K, Generation 512K, Heap 2M
 Heap Min Capacity: 100M
 Heap Initial Capacity: 100M
 Heap Max Capacity: 2G
 Pre-touch: Disabled
 Parallel Workers: 10

Heap:
 PSYoungGen      total 20480K, used 5302K [0x00000000d5580000, 0x00000000d6b80000, 0x0000000100000000)
  eden space 19968K, 24% used [0x00000000d5580000,0x00000000d5a55860,0x00000000d6900000)
  from space 512K, 68% used [0x00000000d6b00000,0x00000000d6b58000,0x00000000d6b80000)
  to   space 512K, 0% used [0x00000000d6980000,0x00000000d6980000,0x00000000d6a00000)
 ParOldGen       total 326144K, used 145730K [0x0000000080000000, 0x0000000093e80000, 0x00000000d5580000)
  object space 326144K, 44% used [0x0000000080000000,0x0000000088e50b30,0x0000000093e80000)
 Metaspace       used 73789K, committed 75520K, reserved 1179648K
  class space    used 7393K, committed 8128K, reserved 1048576K

Card table byte_map: [0x0000022a393a0000,0x0000022a397b0000] _byte_map_base: 0x0000022a38fa0000

Marking Bits: (ParMarkBitMap*) 0x00007ff9bc5e3450
 Begin Bits: [0x0000022a4be80000, 0x0000022a4de80000)
 End Bits:   [0x0000022a4de80000, 0x0000022a4fe80000)

Polling page: 0x0000022a39190000

Metaspace:

Usage:
  Non-class:     64.84 MB used.
      Class:      7.22 MB used.
       Both:     72.06 MB used.

Virtual space:
  Non-class space:      128.00 MB reserved,      65.81 MB ( 51%) committed,  2 nodes.
      Class space:        1.00 GB reserved,       7.94 MB ( <1%) committed,  1 nodes.
             Both:        1.12 GB reserved,      73.75 MB (  6%) committed. 

Chunk freelists:
   Non-Class:  13.91 MB
       Class:  8.11 MB
        Both:  22.01 MB

MaxMetaspaceSize: unlimited
CompressedClassSpaceSize: 1.00 GB
Initial GC threshold: 21.00 MB
Current GC threshold: 120.62 MB
CDS: on
 - commit_granule_bytes: 65536.
 - commit_granule_words: 8192.
 - virtual_space_node_default_size: 8388608.
 - enlarge_chunks_in_place: 1.
 - use_allocation_guard: 0.


Internal statistics:

num_allocs_failed_limit: 9.
num_arena_births: 1480.
num_arena_deaths: 14.
num_vsnodes_births: 3.
num_vsnodes_deaths: 0.
num_space_committed: 1180.
num_space_uncommitted: 0.
num_chunks_returned_to_freelist: 23.
num_chunks_taken_from_freelist: 5240.
num_chunk_merges: 15.
num_chunk_splits: 3080.
num_chunks_enlarged: 1574.
num_inconsistent_stats: 0.

CodeHeap 'non-profiled nmethods': size=120000Kb used=16634Kb max_used=16634Kb free=103365Kb
 bounds [0x0000022a446a0000, 0x0000022a456e0000, 0x0000022a4bbd0000]
CodeHeap 'profiled nmethods': size=120000Kb used=40133Kb max_used=40133Kb free=79867Kb
 bounds [0x0000022a3cbd0000, 0x0000022a3f310000, 0x0000022a44100000]
CodeHeap 'non-nmethods': size=5760Kb used=1452Kb max_used=1537Kb free=4307Kb
 bounds [0x0000022a44100000, 0x0000022a44370000, 0x0000022a446a0000]
CodeCache: size=245760Kb, used=58219Kb, max_used=58304Kb, free=187539Kb
 total_blobs=16634, nmethods=15870, adapters=668, full_count=0
Compilation: enabled, stopped_count=0, restarted_count=0

Compilation events (20 events):
Event: 1294.363 Thread 0x0000022a928ab2b0 17673       3       java.lang.invoke.LambdaForm$MH/0x0000022a527dc400::invoke (64 bytes)
Event: 1294.367 Thread 0x0000022a928ab2b0 nmethod 17673 0x0000022a3f2ff090 code [0x0000022a3f2ff380, 0x0000022a3f3005a0]
Event: 1294.367 Thread 0x0000022a928ab2b0 17676       3       java.io.ObjectOutputStream$BlockDataOutputStream::writeFloat (46 bytes)
Event: 1294.372 Thread 0x0000022a928ab2b0 nmethod 17676 0x0000022a3f300b90 code [0x0000022a3f300e60, 0x0000022a3f301e68]
Event: 1294.377 Thread 0x0000022a39a8bed0 nmethod 17668 0x0000022a456c5510 code [0x0000022a456c5880, 0x0000022a456c7128]
Event: 1294.377 Thread 0x0000022a39a8bed0 17671   !   4       java.io.ObjectOutputStream::writeObject0 (620 bytes)
Event: 1294.402 Thread 0x0000022a9a333000 nmethod 17670 0x0000022a456c8290 code [0x0000022a456c8480, 0x0000022a456c8d58]
Event: 1294.402 Thread 0x0000022a9a333000 17675       4       java.io.ObjectOutputStream$BlockDataOutputStream::writeInt (46 bytes)
Event: 1294.407 Thread 0x0000022a9a333000 nmethod 17675 0x0000022a456c9490 code [0x0000022a456c9620, 0x0000022a456c9750]
Event: 1294.407 Thread 0x0000022a9a333000 17677       4       jdk.internal.misc.Unsafe::putShortUnaligned (14 bytes)
Event: 1294.410 Thread 0x0000022a9a333000 nmethod 17677 0x0000022a456c9910 code [0x0000022a456c9aa0, 0x0000022a456c9b80]
Event: 1294.411 Thread 0x0000022a9a333000 17669       4       org.eclipse.jdt.internal.core.JavaModelManager$VariablesAndContainersSaveHelper::saveNewId (40 bytes)
Event: 1294.517 Thread 0x0000022a9a333000 nmethod 17669 0x0000022a456c9c90 code [0x0000022a456ca040, 0x0000022a456cb8b0]
Event: 1294.611 Thread 0x0000022a9a333000 17678 %     4       sun.security.provider.HashDrbg::addBytes @ 33 (130 bytes)
Event: 1294.645 Thread 0x0000022a9a333000 nmethod 17678% 0x0000022a456ccd90 code [0x0000022a456ccf40, 0x0000022a456cd590]
Event: 1294.713 Thread 0x0000022a928ab2b0 17679       3       org.eclipse.lsp4j.jsonrpc.json.adapters.MessageTypeAdapter::isNull (17 bytes)
Event: 1294.714 Thread 0x0000022a928ab2b0 nmethod 17679 0x0000022a3f302410 code [0x0000022a3f3025c0, 0x0000022a3f302840]
Event: 1295.238 Thread 0x0000022a39a8bed0 nmethod 17671 0x0000022a456cd810 code [0x0000022a456ce5a0, 0x0000022a456d70a8]
Event: 1323.009 Thread 0x0000022a928ab2b0 17680       1       org.eclipse.jdt.ls.core.internal.LanguageServerApplication::getParentProcessId (5 bytes)
Event: 1323.009 Thread 0x0000022a928ab2b0 nmethod 17680 0x0000022a456de610 code [0x0000022a456de7a0, 0x0000022a456de868]

GC Heap History (20 events):
Event: 164.599 GC heap before
{Heap before GC invocations=285 (full 4):
 PSYoungGen      total 20992K, used 20975K [0x00000000d5580000, 0x00000000d7380000, 0x0000000100000000)
  eden space 19968K, 100% used [0x00000000d5580000,0x00000000d6900000,0x00000000d6900000)
  from space 1024K, 98% used [0x00000000d6d80000,0x00000000d6e7bf18,0x00000000d6e80000)
  to   space 4608K, 0% used [0x00000000d6900000,0x00000000d6900000,0x00000000d6d80000)
 ParOldGen       total 326144K, used 143273K [0x0000000080000000, 0x0000000093e80000, 0x00000000d5580000)
  object space 326144K, 43% used [0x0000000080000000,0x0000000088bea790,0x0000000093e80000)
 Metaspace       used 72999K, committed 74688K, reserved 1179648K
  class space    used 7342K, committed 8064K, reserved 1048576K
}
Event: 164.601 GC heap after
{Heap after GC invocations=285 (full 4):
 PSYoungGen      total 21504K, used 1476K [0x00000000d5580000, 0x00000000d6e00000, 0x0000000100000000)
  eden space 19968K, 0% used [0x00000000d5580000,0x00000000d5580000,0x00000000d6900000)
  from space 1536K, 96% used [0x00000000d6900000,0x00000000d6a71210,0x00000000d6a80000)
  to   space 2560K, 0% used [0x00000000d6b80000,0x00000000d6b80000,0x00000000d6e00000)
 ParOldGen       total 326144K, used 144061K [0x0000000080000000, 0x0000000093e80000, 0x00000000d5580000)
  object space 326144K, 44% used [0x0000000080000000,0x0000000088caf4b8,0x0000000093e80000)
 Metaspace       used 72999K, committed 74688K, reserved 1179648K
  class space    used 7342K, committed 8064K, reserved 1048576K
}
Event: 164.918 GC heap before
{Heap before GC invocations=286 (full 4):
 PSYoungGen      total 21504K, used 21444K [0x00000000d5580000, 0x00000000d6e00000, 0x0000000100000000)
  eden space 19968K, 100% used [0x00000000d5580000,0x00000000d6900000,0x00000000d6900000)
  from space 1536K, 96% used [0x00000000d6900000,0x00000000d6a71210,0x00000000d6a80000)
  to   space 2560K, 0% used [0x00000000d6b80000,0x00000000d6b80000,0x00000000d6e00000)
 ParOldGen       total 326144K, used 144061K [0x0000000080000000, 0x0000000093e80000, 0x00000000d5580000)
  object space 326144K, 44% used [0x0000000080000000,0x0000000088caf4b8,0x0000000093e80000)
 Metaspace       used 73018K, committed 74752K, reserved 1179648K
  class space    used 7342K, committed 8064K, reserved 1048576K
}
Event: 164.920 GC heap after
{Heap after GC invocations=286 (full 4):
 PSYoungGen      total 22016K, used 1703K [0x00000000d5580000, 0x00000000d6d80000, 0x0000000100000000)
  eden space 19968K, 0% used [0x00000000d5580000,0x00000000d5580000,0x00000000d6900000)
  from space 2048K, 83% used [0x00000000d6b80000,0x00000000d6d29f30,0x00000000d6d80000)
  to   space 2048K, 0% used [0x00000000d6980000,0x00000000d6980000,0x00000000d6b80000)
 ParOldGen       total 326144K, used 145013K [0x0000000080000000, 0x0000000093e80000, 0x00000000d5580000)
  object space 326144K, 44% used [0x0000000080000000,0x0000000088d9d7b0,0x0000000093e80000)
 Metaspace       used 73018K, committed 74752K, reserved 1179648K
  class space    used 7342K, committed 8064K, reserved 1048576K
}
Event: 666.829 GC heap before
{Heap before GC invocations=287 (full 4):
 PSYoungGen      total 22016K, used 21669K [0x00000000d5580000, 0x00000000d6d80000, 0x0000000100000000)
  eden space 19968K, 99% used [0x00000000d5580000,0x00000000d68ff860,0x00000000d6900000)
  from space 2048K, 83% used [0x00000000d6b80000,0x00000000d6d29f30,0x00000000d6d80000)
  to   space 2048K, 0% used [0x00000000d6980000,0x00000000d6980000,0x00000000d6b80000)
 ParOldGen       total 326144K, used 145013K [0x0000000080000000, 0x0000000093e80000, 0x00000000d5580000)
  object space 326144K, 44% used [0x0000000080000000,0x0000000088d9d7b0,0x0000000093e80000)
 Metaspace       used 73340K, committed 75008K, reserved 1179648K
  class space    used 7373K, committed 8064K, reserved 1048576K
}
Event: 666.901 GC heap after
{Heap after GC invocations=287 (full 4):
 PSYoungGen      total 20480K, used 448K [0x00000000d5580000, 0x00000000d6c00000, 0x0000000100000000)
  eden space 19968K, 0% used [0x00000000d5580000,0x00000000d5580000,0x00000000d6900000)
  from space 512K, 87% used [0x00000000d6980000,0x00000000d69f0000,0x00000000d6a00000)
  to   space 1024K, 0% used [0x00000000d6b00000,0x00000000d6b00000,0x00000000d6c00000)
 ParOldGen       total 326144K, used 145077K [0x0000000080000000, 0x0000000093e80000, 0x00000000d5580000)
  object space 326144K, 44% used [0x0000000080000000,0x0000000088dad7b0,0x0000000093e80000)
 Metaspace       used 73340K, committed 75008K, reserved 1179648K
  class space    used 7373K, committed 8064K, reserved 1048576K
}
Event: 730.384 GC heap before
{Heap before GC invocations=288 (full 4):
 PSYoungGen      total 20480K, used 20416K [0x00000000d5580000, 0x00000000d6c00000, 0x0000000100000000)
  eden space 19968K, 100% used [0x00000000d5580000,0x00000000d6900000,0x00000000d6900000)
  from space 512K, 87% used [0x00000000d6980000,0x00000000d69f0000,0x00000000d6a00000)
  to   space 1024K, 0% used [0x00000000d6b00000,0x00000000d6b00000,0x00000000d6c00000)
 ParOldGen       total 326144K, used 145077K [0x0000000080000000, 0x0000000093e80000, 0x00000000d5580000)
  object space 326144K, 44% used [0x0000000080000000,0x0000000088dad7b0,0x0000000093e80000)
 Metaspace       used 73579K, committed 75328K, reserved 1179648K
  class space    used 7393K, committed 8128K, reserved 1048576K
}
Event: 730.386 GC heap after
{Heap after GC invocations=288 (full 4):
 PSYoungGen      total 20480K, used 384K [0x00000000d5580000, 0x00000000d6b80000, 0x0000000100000000)
  eden space 19968K, 0% used [0x00000000d5580000,0x00000000d5580000,0x00000000d6900000)
  from space 512K, 75% used [0x00000000d6b00000,0x00000000d6b60000,0x00000000d6b80000)
  to   space 512K, 0% used [0x00000000d6980000,0x00000000d6980000,0x00000000d6a00000)
 ParOldGen       total 326144K, used 145301K [0x0000000080000000, 0x0000000093e80000, 0x00000000d5580000)
  object space 326144K, 44% used [0x0000000080000000,0x0000000088de57b0,0x0000000093e80000)
 Metaspace       used 73579K, committed 75328K, reserved 1179648K
  class space    used 7393K, committed 8128K, reserved 1048576K
}
Event: 820.690 GC heap before
{Heap before GC invocations=289 (full 4):
 PSYoungGen      total 20480K, used 20352K [0x00000000d5580000, 0x00000000d6b80000, 0x0000000100000000)
  eden space 19968K, 100% used [0x00000000d5580000,0x00000000d6900000,0x00000000d6900000)
  from space 512K, 75% used [0x00000000d6b00000,0x00000000d6b60000,0x00000000d6b80000)
  to   space 512K, 0% used [0x00000000d6980000,0x00000000d6980000,0x00000000d6a00000)
 ParOldGen       total 326144K, used 145301K [0x0000000080000000, 0x0000000093e80000, 0x00000000d5580000)
  object space 326144K, 44% used [0x0000000080000000,0x0000000088de57b0,0x0000000093e80000)
 Metaspace       used 73610K, committed 75328K, reserved 1179648K
  class space    used 7393K, committed 8128K, reserved 1048576K
}
Event: 820.695 GC heap after
{Heap after GC invocations=289 (full 4):
 PSYoungGen      total 20480K, used 432K [0x00000000d5580000, 0x00000000d6b80000, 0x0000000100000000)
  eden space 19968K, 0% used [0x00000000d5580000,0x00000000d5580000,0x00000000d6900000)
  from space 512K, 84% used [0x00000000d6980000,0x00000000d69ec010,0x00000000d6a00000)
  to   space 512K, 0% used [0x00000000d6b00000,0x00000000d6b00000,0x00000000d6b80000)
 ParOldGen       total 326144K, used 145434K [0x0000000080000000, 0x0000000093e80000, 0x00000000d5580000)
  object space 326144K, 44% used [0x0000000080000000,0x0000000088e06b20,0x0000000093e80000)
 Metaspace       used 73610K, committed 75328K, reserved 1179648K
  class space    used 7393K, committed 8128K, reserved 1048576K
}
Event: 881.402 GC heap before
{Heap before GC invocations=290 (full 4):
 PSYoungGen      total 20480K, used 20400K [0x00000000d5580000, 0x00000000d6b80000, 0x0000000100000000)
  eden space 19968K, 100% used [0x00000000d5580000,0x00000000d6900000,0x00000000d6900000)
  from space 512K, 84% used [0x00000000d6980000,0x00000000d69ec010,0x00000000d6a00000)
  to   space 512K, 0% used [0x00000000d6b00000,0x00000000d6b00000,0x00000000d6b80000)
 ParOldGen       total 326144K, used 145434K [0x0000000080000000, 0x0000000093e80000, 0x00000000d5580000)
  object space 326144K, 44% used [0x0000000080000000,0x0000000088e06b20,0x0000000093e80000)
 Metaspace       used 73635K, committed 75328K, reserved 1179648K
  class space    used 7393K, committed 8128K, reserved 1048576K
}
Event: 881.404 GC heap after
{Heap after GC invocations=290 (full 4):
 PSYoungGen      total 20480K, used 384K [0x00000000d5580000, 0x00000000d6b80000, 0x0000000100000000)
  eden space 19968K, 0% used [0x00000000d5580000,0x00000000d5580000,0x00000000d6900000)
  from space 512K, 75% used [0x00000000d6b00000,0x00000000d6b60000,0x00000000d6b80000)
  to   space 512K, 0% used [0x00000000d6980000,0x00000000d6980000,0x00000000d6a00000)
 ParOldGen       total 326144K, used 145506K [0x0000000080000000, 0x0000000093e80000, 0x00000000d5580000)
  object space 326144K, 44% used [0x0000000080000000,0x0000000088e18b30,0x0000000093e80000)
 Metaspace       used 73635K, committed 75328K, reserved 1179648K
  class space    used 7393K, committed 8128K, reserved 1048576K
}
Event: 906.629 GC heap before
{Heap before GC invocations=291 (full 4):
 PSYoungGen      total 20480K, used 20352K [0x00000000d5580000, 0x00000000d6b80000, 0x0000000100000000)
  eden space 19968K, 100% used [0x00000000d5580000,0x00000000d6900000,0x00000000d6900000)
  from space 512K, 75% used [0x00000000d6b00000,0x00000000d6b60000,0x00000000d6b80000)
  to   space 512K, 0% used [0x00000000d6980000,0x00000000d6980000,0x00000000d6a00000)
 ParOldGen       total 326144K, used 145506K [0x0000000080000000, 0x0000000093e80000, 0x00000000d5580000)
  object space 326144K, 44% used [0x0000000080000000,0x0000000088e18b30,0x0000000093e80000)
 Metaspace       used 73691K, committed 75392K, reserved 1179648K
  class space    used 7393K, committed 8128K, reserved 1048576K
}
Event: 906.631 GC heap after
{Heap after GC invocations=291 (full 4):
 PSYoungGen      total 20480K, used 384K [0x00000000d5580000, 0x00000000d6b80000, 0x0000000100000000)
  eden space 19968K, 0% used [0x00000000d5580000,0x00000000d5580000,0x00000000d6900000)
  from space 512K, 75% used [0x00000000d6980000,0x00000000d69e0000,0x00000000d6a00000)
  to   space 512K, 0% used [0x00000000d6b00000,0x00000000d6b00000,0x00000000d6b80000)
 ParOldGen       total 326144K, used 145554K [0x0000000080000000, 0x0000000093e80000, 0x00000000d5580000)
  object space 326144K, 44% used [0x0000000080000000,0x0000000088e24b30,0x0000000093e80000)
 Metaspace       used 73691K, committed 75392K, reserved 1179648K
  class space    used 7393K, committed 8128K, reserved 1048576K
}
Event: 918.845 GC heap before
{Heap before GC invocations=292 (full 4):
 PSYoungGen      total 20480K, used 20352K [0x00000000d5580000, 0x00000000d6b80000, 0x0000000100000000)
  eden space 19968K, 100% used [0x00000000d5580000,0x00000000d6900000,0x00000000d6900000)
  from space 512K, 75% used [0x00000000d6980000,0x00000000d69e0000,0x00000000d6a00000)
  to   space 512K, 0% used [0x00000000d6b00000,0x00000000d6b00000,0x00000000d6b80000)
 ParOldGen       total 326144K, used 145554K [0x0000000080000000, 0x0000000093e80000, 0x00000000d5580000)
  object space 326144K, 44% used [0x0000000080000000,0x0000000088e24b30,0x0000000093e80000)
 Metaspace       used 73717K, committed 75392K, reserved 1179648K
  class space    used 7393K, committed 8128K, reserved 1048576K
}
Event: 918.846 GC heap after
{Heap after GC invocations=292 (full 4):
 PSYoungGen      total 20480K, used 320K [0x00000000d5580000, 0x00000000d6b80000, 0x0000000100000000)
  eden space 19968K, 0% used [0x00000000d5580000,0x00000000d5580000,0x00000000d6900000)
  from space 512K, 62% used [0x00000000d6b00000,0x00000000d6b50000,0x00000000d6b80000)
  to   space 512K, 0% used [0x00000000d6980000,0x00000000d6980000,0x00000000d6a00000)
 ParOldGen       total 326144K, used 145594K [0x0000000080000000, 0x0000000093e80000, 0x00000000d5580000)
  object space 326144K, 44% used [0x0000000080000000,0x0000000088e2eb30,0x0000000093e80000)
 Metaspace       used 73717K, committed 75392K, reserved 1179648K
  class space    used 7393K, committed 8128K, reserved 1048576K
}
Event: 947.032 GC heap before
{Heap before GC invocations=293 (full 4):
 PSYoungGen      total 20480K, used 20288K [0x00000000d5580000, 0x00000000d6b80000, 0x0000000100000000)
  eden space 19968K, 100% used [0x00000000d5580000,0x00000000d6900000,0x00000000d6900000)
  from space 512K, 62% used [0x00000000d6b00000,0x00000000d6b50000,0x00000000d6b80000)
  to   space 512K, 0% used [0x00000000d6980000,0x00000000d6980000,0x00000000d6a00000)
 ParOldGen       total 326144K, used 145594K [0x0000000080000000, 0x0000000093e80000, 0x00000000d5580000)
  object space 326144K, 44% used [0x0000000080000000,0x0000000088e2eb30,0x0000000093e80000)
 Metaspace       used 73730K, committed 75392K, reserved 1179648K
  class space    used 7393K, committed 8128K, reserved 1048576K
}
Event: 947.035 GC heap after
{Heap after GC invocations=293 (full 4):
 PSYoungGen      total 20480K, used 384K [0x00000000d5580000, 0x00000000d6b80000, 0x0000000100000000)
  eden space 19968K, 0% used [0x00000000d5580000,0x00000000d5580000,0x00000000d6900000)
  from space 512K, 75% used [0x00000000d6980000,0x00000000d69e0000,0x00000000d6a00000)
  to   space 512K, 0% used [0x00000000d6b00000,0x00000000d6b00000,0x00000000d6b80000)
 ParOldGen       total 326144K, used 145658K [0x0000000080000000, 0x0000000093e80000, 0x00000000d5580000)
  object space 326144K, 44% used [0x0000000080000000,0x0000000088e3eb30,0x0000000093e80000)
 Metaspace       used 73730K, committed 75392K, reserved 1179648K
  class space    used 7393K, committed 8128K, reserved 1048576K
}
Event: 994.340 GC heap before
{Heap before GC invocations=294 (full 4):
 PSYoungGen      total 20480K, used 20352K [0x00000000d5580000, 0x00000000d6b80000, 0x0000000100000000)
  eden space 19968K, 100% used [0x00000000d5580000,0x00000000d6900000,0x00000000d6900000)
  from space 512K, 75% used [0x00000000d6980000,0x00000000d69e0000,0x00000000d6a00000)
  to   space 512K, 0% used [0x00000000d6b00000,0x00000000d6b00000,0x00000000d6b80000)
 ParOldGen       total 326144K, used 145658K [0x0000000080000000, 0x0000000093e80000, 0x00000000d5580000)
  object space 326144K, 44% used [0x0000000080000000,0x0000000088e3eb30,0x0000000093e80000)
 Metaspace       used 73767K, committed 75520K, reserved 1179648K
  class space    used 7393K, committed 8128K, reserved 1048576K
}
Event: 994.342 GC heap after
{Heap after GC invocations=294 (full 4):
 PSYoungGen      total 20480K, used 352K [0x00000000d5580000, 0x00000000d6b80000, 0x0000000100000000)
  eden space 19968K, 0% used [0x00000000d5580000,0x00000000d5580000,0x00000000d6900000)
  from space 512K, 68% used [0x00000000d6b00000,0x00000000d6b58000,0x00000000d6b80000)
  to   space 512K, 0% used [0x00000000d6980000,0x00000000d6980000,0x00000000d6a00000)
 ParOldGen       total 326144K, used 145730K [0x0000000080000000, 0x0000000093e80000, 0x00000000d5580000)
  object space 326144K, 44% used [0x0000000080000000,0x0000000088e50b30,0x0000000093e80000)
 Metaspace       used 73767K, committed 75520K, reserved 1179648K
  class space    used 7393K, committed 8128K, reserved 1048576K
}

Dll operation events (11 events):
Event: 0.021 Loaded shared library c:\Users\dhruv\.vscode\extensions\redhat.java-1.53.0-win32-x64\jre\21.0.10-win32-x86_64\bin\java.dll
Event: 0.138 Loaded shared library c:\Users\dhruv\.vscode\extensions\redhat.java-1.53.0-win32-x64\jre\21.0.10-win32-x86_64\bin\zip.dll
Event: 0.173 Loaded shared library C:\Users\dhruv\.vscode\extensions\redhat.java-1.53.0-win32-x64\jre\21.0.10-win32-x86_64\bin\instrument.dll
Event: 0.181 Loaded shared library C:\Users\dhruv\.vscode\extensions\redhat.java-1.53.0-win32-x64\jre\21.0.10-win32-x86_64\bin\net.dll
Event: 0.185 Loaded shared library C:\Users\dhruv\.vscode\extensions\redhat.java-1.53.0-win32-x64\jre\21.0.10-win32-x86_64\bin\nio.dll
Event: 0.189 Loaded shared library C:\Users\dhruv\.vscode\extensions\redhat.java-1.53.0-win32-x64\jre\21.0.10-win32-x86_64\bin\zip.dll
Event: 0.212 Loaded shared library C:\Users\dhruv\.vscode\extensions\redhat.java-1.53.0-win32-x64\jre\21.0.10-win32-x86_64\bin\jimage.dll
Event: 0.355 Loaded shared library c:\Users\dhruv\.vscode\extensions\redhat.java-1.53.0-win32-x64\jre\21.0.10-win32-x86_64\bin\verify.dll
Event: 10.226 Loaded shared library C:\Users\dhruv\AppData\Roaming\Code\User\globalStorage\redhat.java\1.53.0\config_win\org.eclipse.equinox.launcher\org.eclipse.equinox.launcher.win32.win32.x86_64_1.3.0.v20260203-2149\eclipse_11919.dll
Event: 34.740 Loaded shared library C:\Users\dhruv\AppData\Local\Temp\jna-95563663\jna2926140001882297712.dll
Event: 97.507 Loaded shared library C:\Users\dhruv\.vscode\extensions\redhat.java-1.53.0-win32-x64\jre\21.0.10-win32-x86_64\bin\sunmscapi.dll

Deoptimization events (20 events):
Event: 959.623 Thread 0x0000022a980d3050 Uncommon trap: trap_request=0xffffffd6 fr.pc=0x0000022a4568b554 relative=0x0000000000006ab4
Event: 959.623 Thread 0x0000022a980d3050 Uncommon trap: reason=array_check action=maybe_recompile pc=0x0000022a4568b554 method=java.util.ComparableTimSort.binarySort([Ljava/lang/Object;III)V @ 183 c2
Event: 959.623 Thread 0x0000022a980d3050 DEOPT PACKING pc=0x0000022a4568b554 sp=0x000000d3e28fe130
Event: 959.623 Thread 0x0000022a980d3050 DEOPT UNPACKING pc=0x0000022a44153aa2 sp=0x000000d3e28fdef0 mode 2
Event: 959.686 Thread 0x0000022a980d3050 Uncommon trap: trap_request=0xffffffd6 fr.pc=0x0000022a4568b554 relative=0x0000000000006ab4
Event: 959.686 Thread 0x0000022a980d3050 Uncommon trap: reason=array_check action=maybe_recompile pc=0x0000022a4568b554 method=java.util.ComparableTimSort.binarySort([Ljava/lang/Object;III)V @ 183 c2
Event: 959.686 Thread 0x0000022a980d3050 DEOPT PACKING pc=0x0000022a4568b554 sp=0x000000d3e28fe130
Event: 959.686 Thread 0x0000022a980d3050 DEOPT UNPACKING pc=0x0000022a44153aa2 sp=0x000000d3e28fdef0 mode 2
Event: 967.225 Thread 0x0000022a980d5120 Uncommon trap: trap_request=0xffffff45 fr.pc=0x0000022a45554548 relative=0x0000000000000188
Event: 967.225 Thread 0x0000022a980d5120 Uncommon trap: reason=unstable_if action=reinterpret pc=0x0000022a45554548 method=java.io.ObjectOutputStream$HandleTable.lookup(Ljava/lang/Object;)I @ 4 c2
Event: 967.225 Thread 0x0000022a980d5120 DEOPT PACKING pc=0x0000022a45554548 sp=0x000000d3e2dfe990
Event: 967.225 Thread 0x0000022a980d5120 DEOPT UNPACKING pc=0x0000022a44153aa2 sp=0x000000d3e2dfe920 mode 2
Event: 967.260 Thread 0x0000022a980d5120 Uncommon trap: trap_request=0xffffffc6 fr.pc=0x0000022a4500ecfc relative=0x000000000000129c
Event: 967.260 Thread 0x0000022a980d5120 Uncommon trap: reason=bimorphic_or_optimized_type_check action=maybe_recompile pc=0x0000022a4500ecfc method=org.eclipse.core.internal.dtree.AbstractDataTreeNode.assembleWith([Lorg/eclipse/core/internal/dtree/AbstractDataTreeNode;[Lorg/eclipse/core/interna
Event: 967.260 Thread 0x0000022a980d5120 DEOPT PACKING pc=0x0000022a4500ecfc sp=0x000000d3e2dfe8b0
Event: 967.260 Thread 0x0000022a980d5120 DEOPT UNPACKING pc=0x0000022a44153aa2 sp=0x000000d3e2dfe860 mode 2
Event: 967.260 Thread 0x0000022a980d5120 Uncommon trap: trap_request=0xffffffc6 fr.pc=0x0000022a4500ecfc relative=0x000000000000129c
Event: 967.260 Thread 0x0000022a980d5120 Uncommon trap: reason=bimorphic_or_optimized_type_check action=maybe_recompile pc=0x0000022a4500ecfc method=org.eclipse.core.internal.dtree.AbstractDataTreeNode.assembleWith([Lorg/eclipse/core/internal/dtree/AbstractDataTreeNode;[Lorg/eclipse/core/interna
Event: 967.260 Thread 0x0000022a980d5120 DEOPT PACKING pc=0x0000022a4500ecfc sp=0x000000d3e2dfe8b0
Event: 967.260 Thread 0x0000022a980d5120 DEOPT UNPACKING pc=0x0000022a44153aa2 sp=0x000000d3e2dfe860 mode 2

Classes loaded (20 events):
Event: 338.617 Loading class java/util/stream/Nodes$CollectorTask done
Event: 338.617 Loading class java/util/stream/Nodes$CollectorTask$OfRef done
Event: 338.623 Loading class java/util/function/LongFunction
Event: 338.625 Loading class java/util/function/LongFunction done
Event: 338.625 Loading class java/util/stream/Nodes$ConcNode
Event: 338.626 Loading class java/util/stream/Nodes$AbstractConcNode
Event: 338.628 Loading class java/util/stream/Nodes$AbstractConcNode done
Event: 338.628 Loading class java/util/stream/Nodes$ConcNode done
Event: 338.689 Loading class java/io/ObjectOutputStream$BlockDataOutputStream
Event: 338.691 Loading class java/io/ObjectOutputStream$BlockDataOutputStream done
Event: 338.691 Loading class java/io/ObjectOutputStream$HandleTable
Event: 338.692 Loading class java/io/ObjectOutputStream$HandleTable done
Event: 338.692 Loading class java/io/ObjectOutputStream$ReplaceTable
Event: 338.693 Loading class java/io/ObjectOutputStream$ReplaceTable done
Event: 666.926 Loading class java/util/stream/DistinctOps
Event: 666.929 Loading class java/util/stream/DistinctOps done
Event: 666.930 Loading class java/util/stream/DistinctOps$1
Event: 666.938 Loading class java/util/stream/DistinctOps$1 done
Event: 666.951 Loading class java/util/stream/DistinctOps$1$2
Event: 666.954 Loading class java/util/stream/DistinctOps$1$2 done

Classes unloaded (7 events):
Event: 36.120 Thread 0x0000022a50463440 Unloading class 0x0000022a521a4c00 'java/lang/invoke/LambdaForm$MH+0x0000022a521a4c00'
Event: 36.120 Thread 0x0000022a50463440 Unloading class 0x0000022a521a4800 'java/lang/invoke/LambdaForm$MH+0x0000022a521a4800'
Event: 36.120 Thread 0x0000022a50463440 Unloading class 0x0000022a521a4400 'java/lang/invoke/LambdaForm$MH+0x0000022a521a4400'
Event: 36.120 Thread 0x0000022a50463440 Unloading class 0x0000022a521a4000 'java/lang/invoke/LambdaForm$MH+0x0000022a521a4000'
Event: 36.120 Thread 0x0000022a50463440 Unloading class 0x0000022a521a3c00 'java/lang/invoke/LambdaForm$BMH+0x0000022a521a3c00'
Event: 36.120 Thread 0x0000022a50463440 Unloading class 0x0000022a521a3800 'java/lang/invoke/LambdaForm$DMH+0x0000022a521a3800'
Event: 36.120 Thread 0x0000022a50463440 Unloading class 0x0000022a521a2400 'java/lang/invoke/LambdaForm$DMH+0x0000022a521a2400'

Classes redefined (0 events):
No events

Internal exceptions (20 events):
Event: 147.890 Thread 0x0000022a98f7c540 Exception <a 'java/lang/IncompatibleClassChangeError'{0x00000000d5790d38}: Found class java.lang.Object, but interface was expected> (0x00000000d5790d38) 
thrown [s\src\hotspot\share\interpreter\linkResolver.cpp, line 840]
Event: 147.930 Thread 0x0000022a9a7ab5e0 Exception <a 'java/lang/NoSuchMethodError'{0x00000000d5a06f88}: 'int java.lang.invoke.Invokers$Holder.invokeExact_MT(java.lang.Object, java.lang.Object)'> (0x00000000d5a06f88) 
thrown [s\src\hotspot\share\interpreter\linkResolver.cpp, line 773]
Event: 147.958 Thread 0x0000022a9a7ab5e0 Exception <a 'java/lang/IncompatibleClassChangeError'{0x00000000d55e1e60}: Found class java.lang.Object, but interface was expected> (0x00000000d55e1e60) 
thrown [s\src\hotspot\share\interpreter\linkResolver.cpp, line 840]
Event: 148.122 Thread 0x0000022a98f7c540 Exception <a 'java/lang/IncompatibleClassChangeError'{0x00000000d56c05d0}: Found class java.lang.Object, but interface was expected> (0x00000000d56c05d0) 
thrown [s\src\hotspot\share\interpreter\linkResolver.cpp, line 840]
Event: 148.133 Thread 0x0000022a98f7beb0 Exception <a 'java/lang/NoSuchMethodError'{0x00000000d5726938}: 'java.lang.Object java.lang.invoke.DirectMethodHandle$Holder.invokeSpecial(java.lang.Object, java.lang.Object, java.lang.Object, java.lang.Object, int, java.lang.Object, java.lang.Object)'> (0x00000000d5726938) 
thrown [s\src\hotspot\share\interpreter\linkResolver.cpp, line 773]
Event: 148.180 Thread 0x0000022a98f7c540 Exception <a 'java/lang/IncompatibleClassChangeError'{0x00000000d579f7b0}: Found class java.lang.Object, but interface was expected> (0x00000000d579f7b0) 
thrown [s\src\hotspot\share\interpreter\linkResolver.cpp, line 840]
Event: 148.183 Thread 0x0000022a98f7c540 Exception <a 'java/lang/IncompatibleClassChangeError'{0x00000000d57d0d00}: Found class java.lang.Object, but interface was expected> (0x00000000d57d0d00) 
thrown [s\src\hotspot\share\interpreter\linkResolver.cpp, line 840]
Event: 148.198 Thread 0x0000022a9a7a9510 Exception <a 'java/lang/ArrayIndexOutOfBoundsException'{0x00000000d59ace30}: Index 1386 out of bounds for length 1385> (0x00000000d59ace30) 
thrown [s\src\hotspot\share\interpreter\interpreterRuntime.cpp, line 439]
Event: 149.694 Thread 0x0000022a98f7c540 Exception <a 'java/lang/IncompatibleClassChangeError'{0x00000000d5a70358}: Found class java.lang.Object, but interface was expected> (0x00000000d5a70358) 
thrown [s\src\hotspot\share\interpreter\linkResolver.cpp, line 840]
Event: 149.899 Thread 0x0000022a98f7c540 Exception <a 'java/lang/IncompatibleClassChangeError'{0x00000000d5aa27b0}: Found class java.lang.Object, but interface was expected> (0x00000000d5aa27b0) 
thrown [s\src\hotspot\share\interpreter\linkResolver.cpp, line 840]
Event: 338.670 Thread 0x0000022a980d3050 Exception <a 'sun/nio/fs/WindowsException'{0x00000000d6742380}> (0x00000000d6742380) 
thrown [s\src\hotspot\share\prims\jni.cpp, line 520]
Event: 338.671 Thread 0x0000022a980d3050 Exception <a 'sun/nio/fs/WindowsException'{0x00000000d6742c60}> (0x00000000d6742c60) 
thrown [s\src\hotspot\share\prims\jni.cpp, line 520]
Event: 338.672 Thread 0x0000022a980d3050 Implicit null exception at 0x0000022a450f3f86 to 0x0000022a450f42e0
Event: 338.783 Thread 0x0000022a980d3050 Exception <a 'java/lang/NoSuchMethodError'{0x00000000d67d7d80}: static [J.<clinit>()V> (0x00000000d67d7d80) 
thrown [s\src\hotspot\share\prims\jni.cpp, line 1111]
Event: 338.837 Thread 0x0000022a980d3050 Exception <a 'java/lang/NoSuchMethodError'{0x00000000d680d9d0}: 'java.lang.Object java.lang.invoke.DirectMethodHandle$Holder.newInvokeSpecial(java.lang.Object, java.lang.Object, java.lang.Object, java.lang.Object, java.lang.Object, java.lang.Object, java.lang.Object, java.lang.Object)'> (0x00000000d680d9d0) 
thrown [s\src\hotspot\share\interpreter\linkResolver.cpp, line 773]
Event: 720.181 Thread 0x0000022a98f7c540 Exception <a 'java/lang/IncompatibleClassChangeError'{0x00000000d5f50050}: Found class java.lang.Object, but interface was expected> (0x00000000d5f50050) 
thrown [s\src\hotspot\share\interpreter\linkResolver.cpp, line 840]
Event: 967.209 Thread 0x0000022a980d5120 Exception <a 'sun/nio/fs/WindowsException'{0x00000000d640f368}> (0x00000000d640f368) 
thrown [s\src\hotspot\share\prims\jni.cpp, line 520]
Event: 967.211 Thread 0x0000022a980d5120 Exception <a 'sun/nio/fs/WindowsException'{0x00000000d640fc48}> (0x00000000d640fc48) 
thrown [s\src\hotspot\share\prims\jni.cpp, line 520]
Event: 1294.263 Thread 0x0000022a9a7ab5e0 Exception <a 'sun/nio/fs/WindowsException'{0x00000000d5a068e0}> (0x00000000d5a068e0) 
thrown [s\src\hotspot\share\prims\jni.cpp, line 520]
Event: 1294.265 Thread 0x0000022a9a7ab5e0 Exception <a 'sun/nio/fs/WindowsException'{0x00000000d5a071e0}> (0x00000000d5a071e0) 
thrown [s\src\hotspot\share\prims\jni.cpp, line 520]

ZGC Phase Switch (0 events):
No events

VM Operations (20 events):
Event: 994.165 Executing safepoint VM operation: Cleanup
Event: 994.165 Executing safepoint VM operation: Cleanup done
Event: 994.340 Executing safepoint VM operation: ParallelGCFailedAllocation (Allocation Failure)
Event: 994.342 Executing safepoint VM operation: ParallelGCFailedAllocation (Allocation Failure) done
Event: 1022.202 Executing non-safepoint VM operation: HandshakeAllThreads (HandshakeForDeflation)
Event: 1022.202 Executing non-safepoint VM operation: HandshakeAllThreads (HandshakeForDeflation) done
Event: 1022.203 Executing non-safepoint VM operation: RendezvousGCThreads
Event: 1022.203 Executing non-safepoint VM operation: RendezvousGCThreads done
Event: 1236.113 Executing safepoint VM operation: Cleanup
Event: 1236.113 Executing safepoint VM operation: Cleanup done
Event: 1262.822 Executing non-safepoint VM operation: HandshakeAllThreads (HandshakeForDeflation)
Event: 1262.823 Executing non-safepoint VM operation: HandshakeAllThreads (HandshakeForDeflation) done
Event: 1262.823 Executing non-safepoint VM operation: RendezvousGCThreads
Event: 1262.823 Executing non-safepoint VM operation: RendezvousGCThreads done
Event: 1295.113 Executing safepoint VM operation: Cleanup
Event: 1295.113 Executing safepoint VM operation: Cleanup done
Event: 1322.876 Executing non-safepoint VM operation: HandshakeAllThreads (HandshakeForDeflation)
Event: 1322.876 Executing non-safepoint VM operation: HandshakeAllThreads (HandshakeForDeflation) done
Event: 1322.878 Executing non-safepoint VM operation: RendezvousGCThreads
Event: 1322.878 Executing non-safepoint VM operation: RendezvousGCThreads done

Memory protections (0 events):
No events

Nmethod flushes (20 events):
Event: 161.416 Thread 0x0000022a50463440 flushing  nmethod 0x0000022a3de59f10
Event: 161.416 Thread 0x0000022a50463440 flushing  nmethod 0x0000022a3de65610
Event: 161.416 Thread 0x0000022a50463440 flushing  nmethod 0x0000022a3de66f90
Event: 161.416 Thread 0x0000022a50463440 flushing  nmethod 0x0000022a3de77310
Event: 161.416 Thread 0x0000022a50463440 flushing  nmethod 0x0000022a3de7fe10
Event: 161.416 Thread 0x0000022a50463440 flushing  nmethod 0x0000022a3de89390
Event: 161.416 Thread 0x0000022a50463440 flushing  nmethod 0x0000022a3de89710
Event: 161.416 Thread 0x0000022a50463440 flushing  nmethod 0x0000022a3de8d910
Event: 161.416 Thread 0x0000022a50463440 flushing  nmethod 0x0000022a3de8dd10
Event: 161.416 Thread 0x0000022a50463440 flushing  nmethod 0x0000022a3deabb90
Event: 161.416 Thread 0x0000022a50463440 flushing  nmethod 0x0000022a3deb9310
Event: 161.416 Thread 0x0000022a50463440 flushing  nmethod 0x0000022a3dec5b10
Event: 161.416 Thread 0x0000022a50463440 flushing  nmethod 0x0000022a3ded4e90
Event: 161.416 Thread 0x0000022a50463440 flushing  nmethod 0x0000022a3ded6710
Event: 161.416 Thread 0x0000022a50463440 flushing  nmethod 0x0000022a3deebb90
Event: 161.416 Thread 0x0000022a50463440 flushing  nmethod 0x0000022a3def7e10
Event: 161.416 Thread 0x0000022a50463440 flushing  nmethod 0x0000022a3df04610
Event: 161.416 Thread 0x0000022a50463440 flushing  nmethod 0x0000022a3df30e10
Event: 161.416 Thread 0x0000022a50463440 flushing  nmethod 0x0000022a3df36290
Event: 161.416 Thread 0x0000022a50463440 flushing  nmethod 0x0000022a3dfa2a90

Events (20 events):
Event: 731.689 Thread 0x0000022a9a7ad020 Thread exited: 0x0000022a9a7ad020
Event: 780.379 Thread 0x0000022a9a7ab5e0 Thread exited: 0x0000022a9a7ab5e0
Event: 791.699 Thread 0x0000022a9a7ac990 Thread exited: 0x0000022a9a7ac990
Event: 840.388 Thread 0x0000022a98f7b820 Thread exited: 0x0000022a98f7b820
Event: 947.141 Thread 0x0000022a39a8bed0 Thread added: 0x0000022a9a333da0
Event: 952.368 Thread 0x0000022a9a333da0 Thread exited: 0x0000022a9a333da0
Event: 967.180 Thread 0x0000022a980d5120 Thread added: 0x0000022a9a7a8e80
Event: 967.189 Thread 0x0000022a9a7a8e80 Thread exited: 0x0000022a9a7a8e80
Event: 967.216 Thread 0x0000022a980d5120 Thread added: 0x0000022a9a7a9ba0
Event: 967.217 Thread 0x0000022a9a7a9ba0 Thread exited: 0x0000022a9a7a9ba0
Event: 967.250 Thread 0x0000022a928ab2b0 Thread added: 0x0000022a9a3358e0
Event: 972.286 Thread 0x0000022a9a3358e0 Thread exited: 0x0000022a9a3358e0
Event: 1235.101 Thread 0x0000022a980d3050 Thread added: 0x0000022a9a7ab5e0
Event: 1294.211 Thread 0x0000022a9a7ab5e0 Thread added: 0x0000022a9a7abc70
Event: 1294.224 Thread 0x0000022a9a7abc70 Thread exited: 0x0000022a9a7abc70
Event: 1294.281 Thread 0x0000022a9a7ab5e0 Thread added: 0x0000022a9a7aa230
Event: 1294.293 Thread 0x0000022a9a7aa230 Thread exited: 0x0000022a9a7aa230
Event: 1294.362 Thread 0x0000022a928ab2b0 Thread added: 0x0000022a9a333000
Event: 1299.714 Thread 0x0000022a9a333000 Thread exited: 0x0000022a9a333000
Event: 1354.627 Thread 0x0000022a980d3050 Thread exited: 0x0000022a980d3050


Dynamic libraries:
0x00007ff7574e0000 - 0x00007ff7574ee000 	c:\Users\dhruv\.vscode\extensions\redhat.java-1.53.0-win32-x64\jre\21.0.10-win32-x86_64\bin\java.exe
0x00007ffa6c8a0000 - 0x00007ffa6cb07000 	C:\Windows\SYSTEM32\ntdll.dll
0x00007ffa6bfa0000 - 0x00007ffa6c069000 	C:\Windows\System32\KERNEL32.DLL
0x00007ffa69fc0000 - 0x00007ffa6a3b1000 	C:\Windows\System32\KERNELBASE.dll
0x00007ffa693d0000 - 0x00007ffa6951b000 	C:\Windows\System32\ucrtbase.dll
0x00007ff9d5b20000 - 0x00007ff9d5b38000 	c:\Users\dhruv\.vscode\extensions\redhat.java-1.53.0-win32-x64\jre\21.0.10-win32-x86_64\bin\jli.dll
0x00007ff9d43c0000 - 0x00007ff9d43de000 	c:\Users\dhruv\.vscode\extensions\redhat.java-1.53.0-win32-x64\jre\21.0.10-win32-x86_64\bin\VCRUNTIME140.dll
0x00007ffa6b100000 - 0x00007ffa6b2c5000 	C:\Windows\System32\USER32.dll
0x00007ffa4a450000 - 0x00007ffa4a6e3000 	C:\Windows\WinSxS\amd64_microsoft.windows.common-controls_6595b64144ccf1df_6.0.26100.8037_none_3e092faae333b53b\COMCTL32.dll
0x00007ffa69180000 - 0x00007ffa691a7000 	C:\Windows\System32\win32u.dll
0x00007ffa6c600000 - 0x00007ffa6c62b000 	C:\Windows\System32\GDI32.dll
0x00007ffa6b3d0000 - 0x00007ffa6b479000 	C:\Windows\System32\msvcrt.dll
0x00007ffa6a510000 - 0x00007ffa6a63b000 	C:\Windows\System32\gdi32full.dll
0x00007ffa691b0000 - 0x00007ffa69253000 	C:\Windows\System32\msvcp_win.dll
0x00007ffa6c760000 - 0x00007ffa6c791000 	C:\Windows\System32\IMM32.DLL
0x00007ffa39f70000 - 0x00007ffa39f7c000 	c:\Users\dhruv\.vscode\extensions\redhat.java-1.53.0-win32-x64\jre\21.0.10-win32-x86_64\bin\vcruntime140_1.dll
0x00007ff9ca080000 - 0x00007ff9ca10d000 	c:\Users\dhruv\.vscode\extensions\redhat.java-1.53.0-win32-x64\jre\21.0.10-win32-x86_64\bin\msvcp140.dll
0x00007ff9bb920000 - 0x00007ff9bc6c1000 	c:\Users\dhruv\.vscode\extensions\redhat.java-1.53.0-win32-x64\jre\21.0.10-win32-x86_64\bin\server\jvm.dll
0x00007ffa6c630000 - 0x00007ffa6c6eb000 	C:\Windows\System32\ADVAPI32.dll
0x00007ffa6ad90000 - 0x00007ffa6ae37000 	C:\Windows\System32\sechost.dll
0x00007ffa6af50000 - 0x00007ffa6b068000 	C:\Windows\System32\RPCRT4.dll
0x00007ffa6ae40000 - 0x00007ffa6aeb4000 	C:\Windows\System32\WS2_32.dll
0x00007ffa68fe0000 - 0x00007ffa6903e000 	C:\Windows\SYSTEM32\POWRPROF.dll
0x00007ffa4b4a0000 - 0x00007ffa4b4ab000 	C:\Windows\SYSTEM32\VERSION.dll
0x00007ffa5ebf0000 - 0x00007ffa5ec25000 	C:\Windows\SYSTEM32\WINMM.dll
0x00007ffa68fc0000 - 0x00007ffa68fd4000 	C:\Windows\SYSTEM32\UMPDC.dll
0x00007ffa67ee0000 - 0x00007ffa67efb000 	C:\Windows\SYSTEM32\kernel.appcore.dll
0x00007ffa39d00000 - 0x00007ffa39d0a000 	c:\Users\dhruv\.vscode\extensions\redhat.java-1.53.0-win32-x64\jre\21.0.10-win32-x86_64\bin\jimage.dll
0x00007ffa66e70000 - 0x00007ffa670b2000 	C:\Windows\SYSTEM32\DBGHELP.DLL
0x00007ffa6c270000 - 0x00007ffa6c5f2000 	C:\Windows\System32\combase.dll
0x00007ffa6b480000 - 0x00007ffa6b557000 	C:\Windows\System32\OLEAUT32.dll
0x00007ffa47b70000 - 0x00007ffa47bab000 	C:\Windows\SYSTEM32\dbgcore.DLL
0x00007ffa69520000 - 0x00007ffa695c5000 	C:\Windows\System32\bcryptPrimitives.dll
0x00007ffa38930000 - 0x00007ffa3893f000 	c:\Users\dhruv\.vscode\extensions\redhat.java-1.53.0-win32-x64\jre\21.0.10-win32-x86_64\bin\instrument.dll
0x00007ff9cee50000 - 0x00007ff9cee70000 	c:\Users\dhruv\.vscode\extensions\redhat.java-1.53.0-win32-x64\jre\21.0.10-win32-x86_64\bin\java.dll
0x00007ffa6b6c0000 - 0x00007ffa6be1f000 	C:\Windows\System32\SHELL32.dll
0x00007ffa69260000 - 0x00007ffa693ca000 	C:\Windows\System32\wintypes.dll
0x00007ffa695d0000 - 0x00007ffa69e34000 	C:\Windows\System32\windows.storage.dll
0x00007ffa6ac90000 - 0x00007ffa6ad87000 	C:\Windows\System32\SHCORE.dll
0x00007ffa6c6f0000 - 0x00007ffa6c757000 	C:\Windows\System32\shlwapi.dll
0x00007ffa690a0000 - 0x00007ffa690c9000 	C:\Windows\SYSTEM32\profapi.dll
0x00007ff9cee30000 - 0x00007ff9cee48000 	c:\Users\dhruv\.vscode\extensions\redhat.java-1.53.0-win32-x64\jre\21.0.10-win32-x86_64\bin\zip.dll
0x00007ffa388f0000 - 0x00007ffa38900000 	C:\Users\dhruv\.vscode\extensions\redhat.java-1.53.0-win32-x64\jre\21.0.10-win32-x86_64\bin\net.dll
0x00007ffa5f540000 - 0x00007ffa5f667000 	C:\Windows\SYSTEM32\WINHTTP.dll
0x00007ffa68460000 - 0x00007ffa684cb000 	C:\Windows\system32\mswsock.dll
0x00007ff9c22e0000 - 0x00007ff9c22f6000 	C:\Users\dhruv\.vscode\extensions\redhat.java-1.53.0-win32-x64\jre\21.0.10-win32-x86_64\bin\nio.dll
0x00007ffa35ff0000 - 0x00007ffa36000000 	c:\Users\dhruv\.vscode\extensions\redhat.java-1.53.0-win32-x64\jre\21.0.10-win32-x86_64\bin\verify.dll
0x00007ffa0f9e0000 - 0x00007ffa0fa25000 	C:\Users\dhruv\AppData\Roaming\Code\User\globalStorage\redhat.java\1.53.0\config_win\org.eclipse.equinox.launcher\org.eclipse.equinox.launcher.win32.win32.x86_64_1.3.0.v20260203-2149\eclipse_11919.dll
0x00007ffa6a640000 - 0x00007ffa6a7d5000 	C:\Windows\System32\ole32.dll
0x00007ffa68750000 - 0x00007ffa6876b000 	C:\Windows\SYSTEM32\CRYPTSP.dll
0x00007ffa67e40000 - 0x00007ffa67e79000 	C:\Windows\system32\rsaenh.dll
0x00007ffa68510000 - 0x00007ffa68542000 	C:\Windows\SYSTEM32\USERENV.dll
0x00007ffa69070000 - 0x00007ffa6909a000 	C:\Windows\SYSTEM32\bcrypt.dll
0x00007ffa68740000 - 0x00007ffa6874c000 	C:\Windows\SYSTEM32\CRYPTBASE.dll
0x00007ffa67980000 - 0x00007ffa679b3000 	C:\Windows\SYSTEM32\IPHLPAPI.DLL
0x00007ffa6af40000 - 0x00007ffa6af4a000 	C:\Windows\System32\NSI.dll
0x00007ffa2a250000 - 0x00007ffa2a299000 	C:\Users\dhruv\AppData\Local\Temp\jna-95563663\jna2926140001882297712.dll
0x00007ffa6c070000 - 0x00007ffa6c078000 	C:\Windows\System32\PSAPI.DLL
0x00007ffa60be0000 - 0x00007ffa60bfd000 	C:\Windows\SYSTEM32\dhcpcsvc6.DLL
0x00007ffa60bb0000 - 0x00007ffa60bd3000 	C:\Windows\SYSTEM32\dhcpcsvc.DLL
0x00007ffa68010000 - 0x00007ffa68046000 	C:\Windows\SYSTEM32\ntmarta.dll
0x00007ffa389f0000 - 0x00007ffa389fe000 	C:\Users\dhruv\.vscode\extensions\redhat.java-1.53.0-win32-x64\jre\21.0.10-win32-x86_64\bin\sunmscapi.dll
0x00007ffa69e40000 - 0x00007ffa69fb7000 	C:\Windows\System32\CRYPT32.dll
0x00007ffa68980000 - 0x00007ffa689b0000 	C:\Windows\SYSTEM32\ncrypt.dll
0x00007ffa68930000 - 0x00007ffa6896f000 	C:\Windows\SYSTEM32\NTASN1.dll

JVMTI agents:
c:\Users\dhruv\.vscode\extensions\redhat.java-1.53.0-win32-x64\lombok\lombok-1.18.39-4050.jar path:c:\Users\dhruv\.vscode\extensions\redhat.java-1.53.0-win32-x64\jre\21.0.10-win32-x86_64\bin\instrument.dll, loaded, initialized, instrumentlib options:none

dbghelp: loaded successfully - version: 4.0.5 - missing functions: none
symbol engine: initialized successfully - sym options: 0x614 - pdb path: .;c:\Users\dhruv\.vscode\extensions\redhat.java-1.53.0-win32-x64\jre\21.0.10-win32-x86_64\bin;C:\Windows\SYSTEM32;C:\Windows\WinSxS\amd64_microsoft.windows.common-controls_6595b64144ccf1df_6.0.26100.8037_none_3e092faae333b53b;c:\Users\dhruv\.vscode\extensions\redhat.java-1.53.0-win32-x64\jre\21.0.10-win32-x86_64\bin\server;C:\Users\dhruv\AppData\Roaming\Code\User\globalStorage\redhat.java\1.53.0\config_win\org.eclipse.equinox.launcher\org.eclipse.equinox.launcher.win32.win32.x86_64_1.3.0.v20260203-2149;C:\Users\dhruv\AppData\Local\Temp\jna-95563663

VM Arguments:
jvm_args: --add-modules=ALL-SYSTEM --add-opens=java.base/java.util=ALL-UNNAMED --add-opens=java.base/java.lang=ALL-UNNAMED --add-opens=java.base/sun.nio.fs=ALL-UNNAMED -Declipse.application=org.eclipse.jdt.ls.core.id1 -Dosgi.bundles.defaultStartLevel=4 -Declipse.product=org.eclipse.jdt.ls.core.product -Djava.import.generatesMetadataFilesAtProjectRoot=false -DDetectVMInstallationsJob.disabled=true -Dfile.encoding=utf8 -XX:+UseParallelGC -XX:GCTimeRatio=4 -XX:AdaptiveSizePolicyWeight=90 -Dsun.zip.disableMemoryMapping=true -Xmx2G -Xms100m -Xlog:disable -javaagent:c:\Users\dhruv\.vscode\extensions\redhat.java-1.53.0-win32-x64\lombok\lombok-1.18.39-4050.jar -XX:+HeapDumpOnOutOfMemoryError -XX:HeapDumpPath=c:\Users\dhruv\AppData\Roaming\Code\User\workspaceStorage\7d28d01f3346ece97dc27ea15ebc63fd\redhat.java -Daether.dependencyCollector.impl=bf 
java_command: c:\Users\dhruv\.vscode\extensions\redhat.java-1.53.0-win32-x64\server\plugins\org.eclipse.equinox.launcher_1.7.100.v20251111-0406.jar -configuration c:\Users\dhruv\AppData\Roaming\Code\User\globalStorage\redhat.java\1.53.0\config_win -data c:\Users\dhruv\AppData\Roaming\Code\User\workspaceStorage\7d28d01f3346ece97dc27ea15ebc63fd\redhat.java\jdt_ws --pipe=\\.\pipe\lsp-c022e6661df905659516d460d4d6abfc-sock
java_class_path (initial): c:\Users\dhruv\.vscode\extensions\redhat.java-1.53.0-win32-x64\server\plugins\org.eclipse.equinox.launcher_1.7.100.v20251111-0406.jar
Launcher Type: SUN_STANDARD

[Global flags]
    uintx AdaptiveSizePolicyWeight                 = 90                                        {product} {command line}
     intx CICompilerCount                          = 4                                         {product} {ergonomic}
    uintx GCTimeRatio                              = 4                                         {product} {command line}
     bool HeapDumpOnOutOfMemoryError               = true                                   {manageable} {command line}
    ccstr HeapDumpPath                             = c:\Users\dhruv\AppData\Roaming\Code\User\workspaceStorage\7d28d01f3346ece97dc27ea15ebc63fd\redhat.java         {manageable} {command line}
   size_t InitialHeapSize                          = 104857600                                 {product} {command line}
   size_t MaxHeapSize                              = 2147483648                                {product} {command line}
   size_t MaxNewSize                               = 715653120                                 {product} {ergonomic}
   size_t MinHeapDeltaBytes                        = 524288                                    {product} {ergonomic}
   size_t MinHeapSize                              = 104857600                                 {product} {command line}
   size_t NewSize                                  = 34603008                                  {product} {ergonomic}
    uintx NonNMethodCodeHeapSize                   = 5839372                                {pd product} {ergonomic}
    uintx NonProfiledCodeHeapSize                  = 122909434                              {pd product} {ergonomic}
   size_t OldSize                                  = 70254592                                  {product} {ergonomic}
    uintx ProfiledCodeHeapSize                     = 122909434                              {pd product} {ergonomic}
    uintx ReservedCodeCacheSize                    = 251658240                              {pd product} {ergonomic}
     bool SegmentedCodeCache                       = true                                      {product} {ergonomic}
   size_t SoftMaxHeapSize                          = 2147483648                             {manageable} {ergonomic}
     bool UseCompressedOops                        = true                           {product lp64_product} {ergonomic}
     bool UseLargePagesIndividualAllocation        = false                                  {pd product} {ergonomic}
     bool UseParallelGC                            = true                                      {product} {command line}

Logging:
Log output configuration:
 #0: stdout all=off uptime,level,tags foldmultilines=false
 #1: stderr all=off uptime,level,tags foldmultilines=false

Release file:
JAVA_VERSION="21.0.10" 
MODULES="java.base java.compiler java.datatransfer java.xml java.prefs java.desktop java.instrument java.logging java.management java.security.sasl java.naming java.rmi java.management.rmi java.net.http java.scripting java.security.jgss java.transaction.xa java.sql java.sql.rowset java.xml.crypto java.se java.smartcardio jdk.accessibility jdk.internal.jvmstat jdk.attach jdk.charsets jdk.internal.opt jdk.zipfs jdk.compiler jdk.crypto.ec jdk.crypto.cryptoki jdk.crypto.mscapi jdk.dynalink jdk.internal.ed jdk.editpad jdk.hotspot.agent jdk.httpserver jdk.internal.le jdk.internal.vm.ci jdk.internal.vm.compiler jdk.internal.vm.compiler.management jdk.jartool jdk.javadoc jdk.jcmd jdk.management jdk.management.agent jdk.jconsole jdk.jdeps jdk.jdwp.agent jdk.jdi jdk.jfr jdk.jshell jdk.jsobject jdk.jstatd jdk.localedata jdk.management.jfr jdk.naming.dns jdk.naming.rmi jdk.net jdk.nio.mapmode jdk.random jdk.sctp jdk.security.auth jdk.security.jgss jdk.unsupported jdk.unsupported.desktop jdk.xml.dom" 

Environment Variables:
PATH=C:\Users\dhruv\AppData\Local\Programs\Microsoft VS Code;C:\Program Files\Common Files\Oracle\Java\javapath;C:\Windows\system32;C:\Windows;C:\Windows\System32\Wbem;C:\Windows\System32\WindowsPowerShell\v1.0\;C:\Windows\System32\OpenSSH\;C:\Program Files\nodejs\;C:\Program Files\Git\cmd;C:\Program Files\MongoDB\Server\8.0\bin;C:\Program Files\MySQL\MySQL Server 8.0\bin;C:\Users\dhruv\Downloads\gradle-8.14.3\bin;C:\Program Files\Docker\Docker\resources\bin;C:\Program Files\Apache\MAVEN\bin;C:\Program Files\Apache\MAVEN\apache-maven-3.9.12\bin;C:\Program Files\MySQL\MySQL Shell 8.0\bin\;C:\Users\dhruv\AppData\Local\Microsoft\WindowsApps;C:\Users\dhruv\AppData\Local\Programs\Microsoft VS Code\bin;C:\Users\dhruv\AppData\Roaming\npm;C:\Program Files\JetBrains\IntelliJ IDEA Community Edition 2025.1.4.1\bin;;C:\Users\dhruv\AppData\Local\Programs\cursor\resources\app\bin
USERNAME=dhruv
OS=Windows_NT
PROCESSOR_IDENTIFIER=Intel64 Family 6 Model 186 Stepping 2, GenuineIntel
TMP=C:\Users\dhruv\AppData\Local\Temp
TEMP=C:\Users\dhruv\AppData\Local\Temp




Periodic native trim disabled

---------------  S Y S T E M  ---------------

OS:
 Windows 11 , 64 bit Build 26100 (10.0.26100.7920)
OS uptime: 0 days 14:45 hours
Hyper-V role detected

CPU: total 12 (initial active 12) (6 cores per cpu, 2 threads per core) family 6 model 186 stepping 2 microcode 0x6134, cx8, cmov, fxsr, ht, mmx, 3dnowpref, sse, sse2, sse3, ssse3, sse4.1, sse4.2, popcnt, lzcnt, tsc, tscinvbit, avx, avx2, aes, erms, clmul, bmi1, bmi2, adx, sha, fma, vzeroupper, clflush, clflushopt, clwb, hv, serialize, rdtscp, rdpid, fsrm, f16c, cet_ibt, cet_ss
Processor Information for processor 0
  Max Mhz: 2100, Current Mhz: 1453, Mhz Limit: 2100
Processor Information for processor 1
  Max Mhz: 2100, Current Mhz: 2100, Mhz Limit: 2100
Processor Information for processor 2
  Max Mhz: 2100, Current Mhz: 2100, Mhz Limit: 2100
Processor Information for processor 3
  Max Mhz: 2100, Current Mhz: 2100, Mhz Limit: 2100
Processor Information for processor 4
  Max Mhz: 2100, Current Mhz: 2100, Mhz Limit: 2100
Processor Information for processor 5
  Max Mhz: 2100, Current Mhz: 2100, Mhz Limit: 2100
Processor Information for processor 6
  Max Mhz: 2100, Current Mhz: 2100, Mhz Limit: 2100
Processor Information for processor 7
  Max Mhz: 2100, Current Mhz: 2100, Mhz Limit: 2100
Processor Information for processor 8
  Max Mhz: 2100, Current Mhz: 1500, Mhz Limit: 1491
Processor Information for processor 9
  Max Mhz: 2100, Current Mhz: 1500, Mhz Limit: 1491
Processor Information for processor 10
  Max Mhz: 2100, Current Mhz: 1500, Mhz Limit: 1491
Processor Information for processor 11
  Max Mhz: 2100, Current Mhz: 1500, Mhz Limit: 1491

Memory: 4k page, system-wide physical 16076M (378M free)
TotalPageFile size 46395M (AvailPageFile size 52M)
current process WorkingSet (physical memory assigned to process): 81M, peak: 651M
current process commit charge ("private bytes"): 695M, peak: 726M

vm_info: OpenJDK 64-Bit Server VM (21.0.10+7-LTS) for windows-amd64 JRE (21.0.10+7-LTS), built on 2026-01-20T00:00:00Z by "admin" with MS VC++ 17.12 (VS2022)

END.
