#
# There is insufficient memory for the Java Runtime Environment to continue.
# Native memory allocation (malloc) failed to allocate 1012336 bytes. Error detail: Chunk::new
# Possible reasons:
#   The system is out of physical RAM or swap space
#   This process is running with CompressedOops enabled, and the Java Heap may be blocking the growth of the native heap
# Possible solutions:
#   Reduce memory load on the system
#   Increase physical memory or swap space
#   Check if swap backing store is full
#   Decrease Java heap size (-Xmx/-Xms)
#   Decrease number of Java threads
#   Decrease Java thread stack sizes (-Xss)
#   Set larger code cache with -XX:ReservedCodeCacheSize=
#   JVM is running with Unscaled Compressed Oops mode in which the Java heap is
#     placed in the first 4GB address space. The Java Heap base address is the
#     maximum limit for the native heap growth. Please use -XX:HeapBaseMinAddress
#     to set the Java Heap base and to place the Java Heap above 4GB virtual address.
# This output file may be truncated or incomplete.
#
#  Out of Memory Error (arena.cpp:168), pid=12716, tid=29716
#
# JRE version: OpenJDK Runtime Environment Temurin-21.0.10+7 (21.0.10+7) (build 21.0.10+7-LTS)
# Java VM: OpenJDK 64-Bit Server VM Temurin-21.0.10+7 (21.0.10+7-LTS, mixed mode, sharing, tiered, compressed oops, compressed class ptrs, parallel gc, windows-amd64)
# No core dump will be written. Minidumps are not enabled by default on client versions of Windows
#

---------------  S U M M A R Y ------------

Command Line: --add-modules=ALL-SYSTEM --add-opens=java.base/java.util=ALL-UNNAMED --add-opens=java.base/java.lang=ALL-UNNAMED --add-opens=java.base/sun.nio.fs=ALL-UNNAMED -Declipse.application=org.eclipse.jdt.ls.core.id1 -Dosgi.bundles.defaultStartLevel=4 -Declipse.product=org.eclipse.jdt.ls.core.product -Djava.import.generatesMetadataFilesAtProjectRoot=false -DDetectVMInstallationsJob.disabled=true -Dfile.encoding=utf8 -XX:+UseParallelGC -XX:GCTimeRatio=4 -XX:AdaptiveSizePolicyWeight=90 -Dsun.zip.disableMemoryMapping=true -Xmx2G -Xms100m -Xlog:disable -javaagent:c:\Users\dhruv\.vscode\extensions\redhat.java-1.53.0-win32-x64\lombok\lombok-1.18.39-4050.jar -XX:+HeapDumpOnOutOfMemoryError -XX:HeapDumpPath=c:\Users\dhruv\AppData\Roaming\Code\User\workspaceStorage\7d28d01f3346ece97dc27ea15ebc63fd\redhat.java -Daether.dependencyCollector.impl=bf c:\Users\dhruv\.vscode\extensions\redhat.java-1.53.0-win32-x64\server\plugins\org.eclipse.equinox.launcher_1.7.100.v20251111-0406.jar -configuration c:\Users\dhruv\AppData\Roaming\Code\User\globalStorage\redhat.java\1.53.0\config_win -data c:\Users\dhruv\AppData\Roaming\Code\User\workspaceStorage\7d28d01f3346ece97dc27ea15ebc63fd\redhat.java\jdt_ws --pipe=\\.\pipe\lsp-cdf9b81a97f9fd69009a3771b8259e5f-sock

Host: 13th Gen Intel(R) Core(TM) i5-13420H, 12 cores, 15G,  Windows 11 , 64 bit Build 26100 (10.0.26100.7920)
Time: Sun Mar 29 14:16:08 2026 India Standard Time elapsed time: 40.586423 seconds (0d 0h 0m 40s)

---------------  T H R E A D  ---------------

Current thread (0x0000025878e10ad0):  JavaThread "C2 CompilerThread1" daemon [_thread_in_native, id=29716, stack(0x0000007c82000000,0x0000007c82100000) (1024K)]


Current CompileTask:
C2:40586 10925       4       org.eclipse.osgi.container.ModuleDatabase$Persistence::addMap (289 bytes)

Stack: [0x0000007c82000000,0x0000007c82100000]
Native frames: (J=compiled Java code, j=interpreted, Vv=VM code, C=native code)
V  [jvm.dll+0x6d7a39]
V  [jvm.dll+0x8b4b26]
V  [jvm.dll+0x8b70de]
V  [jvm.dll+0x8b77c3]
V  [jvm.dll+0x284346]
V  [jvm.dll+0xc66ed]
V  [jvm.dll+0xc6c31]
V  [jvm.dll+0x2fb29e]
V  [jvm.dll+0x5fe884]
V  [jvm.dll+0x255b17]
V  [jvm.dll+0x255edd]
V  [jvm.dll+0x24e500]
V  [jvm.dll+0x24ba42]
V  [jvm.dll+0x1cb34e]
V  [jvm.dll+0x25b85d]
V  [jvm.dll+0x259dea]
V  [jvm.dll+0x3f857e]
V  [jvm.dll+0x85f59d]
V  [jvm.dll+0x6d626d]
C  [ucrtbase.dll+0x37b0]
C  [KERNEL32.DLL+0x2e8d7]
C  [ntdll.dll+0x8c48c]


---------------  P R O C E S S  ---------------

Threads class SMR info:
_java_thread_list=0x00000258781de850, length=54, elements={
0x000002581466bac0, 0x000002581461d600, 0x000002586e025c10, 0x000002586e0293d0,
0x000002586e02a030, 0x000002586e02cfa0, 0x000002586e02da00, 0x000002586e030850,
0x000002586e04e420, 0x000002586e246d10, 0x000002586e29ac20, 0x000002586eb762d0,
0x000002586ec038f0, 0x000002586ebe1340, 0x000002586ebe19b0, 0x00000258733c0250,
0x0000025873445c30, 0x0000025873081900, 0x0000025873271b80, 0x00000258732735c0,
0x00000258732742e0, 0x0000025873272210, 0x0000025873273c50, 0x0000025873270e60,
0x000002586eaa49c0, 0x000002586eaa3610, 0x000002586eaa28f0, 0x000002586eaa4330,
0x000002586eaa2260, 0x000002586eaa2f80, 0x000002586eaa56e0, 0x000002586eaa5050,
0x000002586eaa3ca0, 0x00000258753119b0, 0x00000258753133f0, 0x0000025875310600,
0x0000025875310c90, 0x00000258753147a0, 0x0000025875312d60, 0x0000025875313a80,
0x0000025875312040, 0x00000258753126d0, 0x0000025875314110, 0x0000025875311320,
0x0000025875317590, 0x0000025875316870, 0x0000025875315b50, 0x00000258753161e0,
0x0000025875316f00, 0x0000025875317c20, 0x0000025875314e30, 0x00000258753154c0,
0x0000025878e10ad0, 0x0000025878e11870
}

Java Threads: ( => current thread )
  0x000002581466bac0 JavaThread "main"                              [_thread_blocked, id=13228, stack(0x0000007cfdc00000,0x0000007cfdd00000) (1024K)]
  0x000002581461d600 JavaThread "Reference Handler"          daemon [_thread_blocked, id=18496, stack(0x0000007cfe000000,0x0000007cfe100000) (1024K)]
  0x000002586e025c10 JavaThread "Finalizer"                  daemon [_thread_blocked, id=42136, stack(0x0000007cfe100000,0x0000007cfe200000) (1024K)]
  0x000002586e0293d0 JavaThread "Signal Dispatcher"          daemon [_thread_blocked, id=22440, stack(0x0000007cfe200000,0x0000007cfe300000) (1024K)]
  0x000002586e02a030 JavaThread "Attach Listener"            daemon [_thread_blocked, id=43096, stack(0x0000007cfe300000,0x0000007cfe400000) (1024K)]
  0x000002586e02cfa0 JavaThread "Service Thread"             daemon [_thread_blocked, id=38056, stack(0x0000007cfe400000,0x0000007cfe500000) (1024K)]
  0x000002586e02da00 JavaThread "Monitor Deflation Thread"   daemon [_thread_blocked, id=13264, stack(0x0000007cfe500000,0x0000007cfe600000) (1024K)]
  0x000002586e030850 JavaThread "C2 CompilerThread0"         daemon [_thread_blocked, id=22888, stack(0x0000007cfe600000,0x0000007cfe700000) (1024K)]
  0x000002586e04e420 JavaThread "C1 CompilerThread0"         daemon [_thread_blocked, id=15960, stack(0x0000007cfe700000,0x0000007cfe800000) (1024K)]
  0x000002586e246d10 JavaThread "Common-Cleaner"             daemon [_thread_blocked, id=26680, stack(0x0000007cfe800000,0x0000007cfe900000) (1024K)]
  0x000002586e29ac20 JavaThread "Notification Thread"        daemon [_thread_blocked, id=29208, stack(0x0000007cfe900000,0x0000007cfea00000) (1024K)]
  0x000002586eb762d0 JavaThread "Active Thread: Equinox Container: 17912fa0-70f6-4900-99ff-1f0b97ae8884"        [_thread_blocked, id=42144, stack(0x0000007cff200000,0x0000007cff300000) (1024K)]
  0x000002586ec038f0 JavaThread "Refresh Thread: Equinox Container: 17912fa0-70f6-4900-99ff-1f0b97ae8884" daemon [_thread_blocked, id=21940, stack(0x0000007cff300000,0x0000007cff400000) (1024K)]
  0x000002586ebe1340 JavaThread "Framework Event Dispatcher: Equinox Container: 17912fa0-70f6-4900-99ff-1f0b97ae8884" daemon [_thread_blocked, id=5860, stack(0x0000007cff400000,0x0000007cff500000) (1024K)]
  0x000002586ebe19b0 JavaThread "Start Level: Equinox Container: 17912fa0-70f6-4900-99ff-1f0b97ae8884" daemon [_thread_blocked, id=32200, stack(0x0000007cff500000,0x0000007cff600000) (1024K)]
  0x00000258733c0250 JavaThread "Bundle File Closer"         daemon [_thread_blocked, id=38136, stack(0x0000007cff900000,0x0000007cffa00000) (1024K)]
  0x0000025873445c30 JavaThread "SCR Component Actor"        daemon [_thread_blocked, id=20864, stack(0x0000007cfea00000,0x0000007cfeb00000) (1024K)]
  0x0000025873081900 JavaThread "Worker-JM"                         [_thread_blocked, id=9156, stack(0x0000007cffb00000,0x0000007cffc00000) (1024K)]
  0x0000025873271b80 JavaThread "JNA Cleaner"                daemon [_thread_blocked, id=11272, stack(0x0000007cff600000,0x0000007cff700000) (1024K)]
  0x00000258732735c0 JavaThread "Worker-0"                          [_thread_blocked, id=29772, stack(0x0000007cffa00000,0x0000007cffb00000) (1024K)]
  0x00000258732742e0 JavaThread "Worker-1"                          [_thread_blocked, id=25156, stack(0x0000007cffc00000,0x0000007cffd00000) (1024K)]
  0x0000025873272210 JavaThread "Worker-2"                          [_thread_blocked, id=45068, stack(0x0000007cffd00000,0x0000007cffe00000) (1024K)]
  0x0000025873273c50 JavaThread "Java indexing"              daemon [_thread_blocked, id=20472, stack(0x0000007c80000000,0x0000007c80100000) (1024K)]
  0x0000025873270e60 JavaThread "Worker-3"                          [_thread_blocked, id=33984, stack(0x0000007c80300000,0x0000007c80400000) (1024K)]
  0x000002586eaa49c0 JavaThread "Worker-4"                          [_thread_blocked, id=26964, stack(0x0000007c80400000,0x0000007c80500000) (1024K)]
  0x000002586eaa3610 JavaThread "Thread-1"                   daemon [_thread_in_native, id=28920, stack(0x0000007c80500000,0x0000007c80600000) (1024K)]
  0x000002586eaa28f0 JavaThread "Thread-2"                   daemon [_thread_in_native, id=29280, stack(0x0000007c80600000,0x0000007c80700000) (1024K)]
  0x000002586eaa4330 JavaThread "Thread-3"                   daemon [_thread_in_native, id=15280, stack(0x0000007c80700000,0x0000007c80800000) (1024K)]
  0x000002586eaa2260 JavaThread "Thread-4"                   daemon [_thread_in_native, id=12004, stack(0x0000007c80800000,0x0000007c80900000) (1024K)]
  0x000002586eaa2f80 JavaThread "Thread-5"                   daemon [_thread_in_native, id=45252, stack(0x0000007c80900000,0x0000007c80a00000) (1024K)]
  0x000002586eaa56e0 JavaThread "Thread-6"                   daemon [_thread_in_native, id=45064, stack(0x0000007c80a00000,0x0000007c80b00000) (1024K)]
  0x000002586eaa5050 JavaThread "Thread-7"                   daemon [_thread_in_native, id=23340, stack(0x0000007c80b00000,0x0000007c80c00000) (1024K)]
  0x000002586eaa3ca0 JavaThread "Thread-8"                   daemon [_thread_in_native, id=20452, stack(0x0000007c80c00000,0x0000007c80d00000) (1024K)]
  0x00000258753119b0 JavaThread "Thread-9"                   daemon [_thread_in_native, id=30660, stack(0x0000007c80d00000,0x0000007c80e00000) (1024K)]
  0x00000258753133f0 JavaThread "Thread-10"                  daemon [_thread_in_native, id=28076, stack(0x0000007c80e00000,0x0000007c80f00000) (1024K)]
  0x0000025875310600 JavaThread "Thread-11"                  daemon [_thread_in_native, id=28520, stack(0x0000007c80f00000,0x0000007c81000000) (1024K)]
  0x0000025875310c90 JavaThread "Thread-12"                  daemon [_thread_in_native, id=1328, stack(0x0000007c81000000,0x0000007c81100000) (1024K)]
  0x00000258753147a0 JavaThread "Thread-13"                  daemon [_thread_in_native, id=36164, stack(0x0000007c81100000,0x0000007c81200000) (1024K)]
  0x0000025875312d60 JavaThread "pool-2-thread-1"                   [_thread_blocked, id=36416, stack(0x0000007c81200000,0x0000007c81300000) (1024K)]
  0x0000025875313a80 JavaThread "WorkspaceEventsHandler"            [_thread_blocked, id=41464, stack(0x0000007c81300000,0x0000007c81400000) (1024K)]
  0x0000025875312040 JavaThread "pool-1-thread-1"                   [_thread_blocked, id=5656, stack(0x0000007c81400000,0x0000007c81500000) (1024K)]
  0x00000258753126d0 JavaThread "ForkJoinPool.commonPool-worker-1" daemon [_thread_blocked, id=44336, stack(0x0000007c81500000,0x0000007c81600000) (1024K)]
  0x0000025875314110 JavaThread "ForkJoinPool.commonPool-worker-2" daemon [_thread_blocked, id=4120, stack(0x0000007c81600000,0x0000007c81700000) (1024K)]
  0x0000025875311320 JavaThread "ForkJoinPool.commonPool-worker-3" daemon [_thread_blocked, id=29796, stack(0x0000007c81700000,0x0000007c81800000) (1024K)]
  0x0000025875317590 JavaThread "ForkJoinPool.commonPool-worker-4" daemon [_thread_blocked, id=35448, stack(0x0000007c81800000,0x0000007c81900000) (1024K)]
  0x0000025875316870 JavaThread "ForkJoinPool.commonPool-worker-5" daemon [_thread_blocked, id=9812, stack(0x0000007c81900000,0x0000007c81a00000) (1024K)]
  0x0000025875315b50 JavaThread "ForkJoinPool.commonPool-worker-6" daemon [_thread_blocked, id=42012, stack(0x0000007c81a00000,0x0000007c81b00000) (1024K)]
  0x00000258753161e0 JavaThread "ForkJoinPool.commonPool-worker-7" daemon [_thread_blocked, id=26036, stack(0x0000007c81b00000,0x0000007c81c00000) (1024K)]
  0x0000025875316f00 JavaThread "ForkJoinPool.commonPool-worker-8" daemon [_thread_blocked, id=8592, stack(0x0000007c81c00000,0x0000007c81d00000) (1024K)]
  0x0000025875317c20 JavaThread "ForkJoinPool.commonPool-worker-9" daemon [_thread_blocked, id=15488, stack(0x0000007c81d00000,0x0000007c81e00000) (1024K)]
  0x0000025875314e30 JavaThread "ForkJoinPool.commonPool-worker-10" daemon [_thread_blocked, id=44996, stack(0x0000007c81e00000,0x0000007c81f00000) (1024K)]
  0x00000258753154c0 JavaThread "ForkJoinPool.commonPool-worker-11" daemon [_thread_blocked, id=31276, stack(0x0000007c81f00000,0x0000007c82000000) (1024K)]
=>0x0000025878e10ad0 JavaThread "C2 CompilerThread1"         daemon [_thread_in_native, id=29716, stack(0x0000007c82000000,0x0000007c82100000) (1024K)]
  0x0000025878e11870 JavaThread "C2 CompilerThread2"         daemon [_thread_blocked, id=44536, stack(0x0000007c82100000,0x0000007c82200000) (1024K)]
Total: 54

Other Threads:
  0x00000258146033e0 VMThread "VM Thread"                           [id=44680, stack(0x0000007cfdf00000,0x0000007cfe000000) (1024K)]
  0x00000258144fca00 WatcherThread "VM Periodic Task Thread"        [id=40644, stack(0x0000007cfde00000,0x0000007cfdf00000) (1024K)]
  0x000002581468ae50 WorkerThread "GC Thread#0"                     [id=41960, stack(0x0000007cfdd00000,0x0000007cfde00000) (1024K)]
  0x000002586eacd620 WorkerThread "GC Thread#1"                     [id=10316, stack(0x0000007cfec00000,0x0000007cfed00000) (1024K)]
  0x000002586ebbfb30 WorkerThread "GC Thread#2"                     [id=10912, stack(0x0000007cfed00000,0x0000007cfee00000) (1024K)]
  0x000002586ea1b3a0 WorkerThread "GC Thread#3"                     [id=31840, stack(0x0000007cfee00000,0x0000007cfef00000) (1024K)]
  0x000002586e531020 WorkerThread "GC Thread#4"                     [id=41368, stack(0x0000007cfef00000,0x0000007cff000000) (1024K)]
  0x000002586e5313d0 WorkerThread "GC Thread#5"                     [id=11048, stack(0x0000007cff000000,0x0000007cff100000) (1024K)]
  0x000002586e531b90 WorkerThread "GC Thread#6"                     [id=28436, stack(0x0000007cff100000,0x0000007cff200000) (1024K)]
  0x000002587319ea10 WorkerThread "GC Thread#7"                     [id=27676, stack(0x0000007cfeb00000,0x0000007cfec00000) (1024K)]
  0x000002587319d040 WorkerThread "GC Thread#8"                     [id=25124, stack(0x0000007cff700000,0x0000007cff800000) (1024K)]
  0x000002587319d3f0 WorkerThread "GC Thread#9"                     [id=32280, stack(0x0000007cff800000,0x0000007cff900000) (1024K)]
Total: 12

Threads with active compile tasks:
C2 CompilerThread1  40616 10925       4       org.eclipse.osgi.container.ModuleDatabase$Persistence::addMap (289 bytes)
Total: 1

VM state: not at safepoint (normal execution)

VM Mutex/Monitor currently owned by a thread: None

Heap address: 0x0000000080000000, size: 2048 MB, Compressed Oops mode: 32-bit

CDS archive(s) mapped at: [0x000002582b000000-0x000002582bba0000-0x000002582bba0000), size 12189696, SharedBaseAddress: 0x000002582b000000, ArchiveRelocationMode: 1.
Compressed class space mapped at: 0x000002582c000000-0x000002586c000000, reserved size: 1073741824
Narrow klass base: 0x000002582b000000, Narrow klass shift: 0, Narrow klass range: 0x100000000

GC Precious Log:
 CardTable entry size: 512
 CPUs: 12 total, 12 available
 Memory: 16076M
 Large Page Support: Disabled
 NUMA Support: Disabled
 Compressed Oops: Enabled (32-bit)
 Alignments: Space 512K, Generation 512K, Heap 2M
 Heap Min Capacity: 100M
 Heap Initial Capacity: 100M
 Heap Max Capacity: 2G
 Pre-touch: Disabled
 Parallel Workers: 10

Heap:
 PSYoungGen      total 9216K, used 3262K [0x00000000d5580000, 0x00000000d6280000, 0x0000000100000000)
  eden space 8192K, 27% used [0x00000000d5580000,0x00000000d57b3288,0x00000000d5d80000)
  from space 1024K, 98% used [0x00000000d5f80000,0x00000000d607c950,0x00000000d6080000)
  to   space 2048K, 0% used [0x00000000d5d80000,0x00000000d5d80000,0x00000000d5f80000)
 ParOldGen       total 89088K, used 81545K [0x0000000080000000, 0x0000000085700000, 0x00000000d5580000)
  object space 89088K, 91% used [0x0000000080000000,0x0000000084fa2628,0x0000000085700000)
 Metaspace       used 63990K, committed 65472K, reserved 1114112K
  class space    used 6819K, committed 7488K, reserved 1048576K

Card table byte_map: [0x0000025814010000,0x0000025814420000] _byte_map_base: 0x0000025813c10000

Marking Bits: (ParMarkBitMap*) 0x00007ffc06313450
 Begin Bits: [0x0000025826b20000, 0x0000025828b20000)
 End Bits:   [0x0000025828b20000, 0x000002582ab20000)

Polling page: 0x0000025812470000

Metaspace:

Usage:
  Non-class:     55.83 MB used.
      Class:      6.66 MB used.
       Both:     62.49 MB used.

Virtual space:
  Non-class space:       64.00 MB reserved,      56.62 MB ( 88%) committed,  1 nodes.
      Class space:        1.00 GB reserved,       7.31 MB ( <1%) committed,  1 nodes.
             Both:        1.06 GB reserved,      63.94 MB (  6%) committed. 

Chunk freelists:
   Non-Class:  6.50 MB
       Class:  8.54 MB
        Both:  15.04 MB

MaxMetaspaceSize: unlimited
CompressedClassSpaceSize: 1.00 GB
Initial GC threshold: 21.00 MB
Current GC threshold: 97.31 MB
CDS: on
 - commit_granule_bytes: 65536.
 - commit_granule_words: 8192.
 - virtual_space_node_default_size: 8388608.
 - enlarge_chunks_in_place: 1.
 - use_allocation_guard: 0.


Internal statistics:

num_allocs_failed_limit: 9.
num_arena_births: 1290.
num_arena_deaths: 14.
num_vsnodes_births: 2.
num_vsnodes_deaths: 0.
num_space_committed: 1023.
num_space_uncommitted: 0.
num_chunks_returned_to_freelist: 23.
num_chunks_taken_from_freelist: 4340.
num_chunk_merges: 12.
num_chunk_splits: 2669.
num_chunks_enlarged: 1466.
num_inconsistent_stats: 0.

CodeHeap 'non-profiled nmethods': size=120000Kb used=6896Kb max_used=6896Kb free=113103Kb
 bounds [0x000002581f340000, 0x000002581fa00000, 0x0000025826870000]
CodeHeap 'profiled nmethods': size=120000Kb used=21977Kb max_used=21977Kb free=98022Kb
 bounds [0x0000025817870000, 0x0000025818df0000, 0x000002581eda0000]
CodeHeap 'non-nmethods': size=5760Kb used=1433Kb max_used=1496Kb free=4326Kb
 bounds [0x000002581eda0000, 0x000002581f010000, 0x000002581f340000]
CodeCache: size=245760Kb, used=30306Kb, max_used=30369Kb, free=215451Kb
 total_blobs=10844, nmethods=10097, adapters=652, full_count=0
Compilation: enabled, stopped_count=0, restarted_count=0

Compilation events (20 events):
Event: 36.319 Thread 0x0000025878e11870 nmethod 10932 0x000002581f9f2890 code [0x000002581f9f2a40, 0x000002581f9f2d20]
Event: 36.319 Thread 0x0000025878e11870 10944       4       java.io.DataOutputStream::writeInt (28 bytes)
Event: 36.321 Thread 0x000002586e030850 nmethod 10931 0x000002581f9f2f10 code [0x000002581f9f3140, 0x000002581f9f3778]
Event: 36.321 Thread 0x000002586e030850 10938   !   4       java.io.BufferedOutputStream::write (62 bytes)
Event: 36.327 Thread 0x000002586e030850 nmethod 10938 0x000002581f9f3d90 code [0x000002581f9f3fa0, 0x000002581f9f4480]
Event: 36.327 Thread 0x000002586e030850 10940       4       java.io.BufferedOutputStream::implWrite (40 bytes)
Event: 36.329 Thread 0x000002586e030850 nmethod 10940 0x000002581f9f4990 code [0x000002581f9f4b40, 0x000002581f9f4d30]
Event: 36.329 Thread 0x000002586e030850 10941       4       java.io.DataOutputStream::writeByte (14 bytes)
Event: 36.333 Thread 0x0000025878e11870 nmethod 10944 0x000002581f9f4f10 code [0x000002581f9f51a0, 0x000002581f9f6130]
Event: 36.333 Thread 0x0000025878e11870 10946       4       org.eclipse.osgi.container.ModuleDatabase$Persistence::writeString (99 bytes)
Event: 36.334 Thread 0x000002586e030850 nmethod 10941 0x000002581f9f6b90 code [0x000002581f9f6dc0, 0x000002581f9f7388]
Event: 36.334 Thread 0x000002586e030850 10922       4       org.osgi.framework.Version::hashCode (65 bytes)
Event: 36.335 Thread 0x000002586e030850 nmethod 10922 0x000002581f9f7990 code [0x000002581f9f7b20, 0x000002581f9f7c58]
Event: 36.335 Thread 0x000002586e030850 10951       4       org.eclipse.osgi.container.ModuleDatabase$Persistence::addToWriteTable (77 bytes)
Event: 36.350 Thread 0x000002586e030850 nmethod 10951 0x000002581f9f7d10 code [0x000002581f9f7f60, 0x000002581f9f89c8]
Event: 36.351 Thread 0x000002586e030850 10956       4       java.util.regex.Pattern$LastNode::match (45 bytes)
Event: 36.352 Thread 0x000002586e030850 nmethod 10956 0x000002581f9f9210 code [0x000002581f9f93a0, 0x000002581f9f94b8]
Event: 36.352 Thread 0x000002586e030850 10953       4       jdk.internal.org.objectweb.asm.ByteVector::putInt (74 bytes)
Event: 36.353 Thread 0x000002586e030850 nmethod 10953 0x000002581f9f9610 code [0x000002581f9f97a0, 0x000002581f9f9928]
Event: 36.357 Thread 0x0000025878e11870 nmethod 10946 0x000002581f9f9a10 code [0x000002581f9f9d80, 0x000002581f9fb0c0]

GC Heap History (20 events):
Event: 16.804 GC heap before
{Heap before GC invocations=180 (full 3):
 PSYoungGen      total 10240K, used 10029K [0x00000000d5580000, 0x00000000d6380000, 0x0000000100000000)
  eden space 9728K, 97% used [0x00000000d5580000,0x00000000d5ecbea0,0x00000000d5f00000)
  from space 512K, 99% used [0x00000000d6100000,0x00000000d617f778,0x00000000d6180000)
  to   space 2048K, 0% used [0x00000000d5f00000,0x00000000d5f00000,0x00000000d6100000)
 ParOldGen       total 89088K, used 74055K [0x0000000080000000, 0x0000000085700000, 0x00000000d5580000)
  object space 89088K, 83% used [0x0000000080000000,0x0000000084851f18,0x0000000085700000)
 Metaspace       used 62023K, committed 63552K, reserved 1114112K
  class space    used 6661K, committed 7296K, reserved 1048576K
}
Event: 16.807 GC heap after
{Heap after GC invocations=180 (full 3):
 PSYoungGen      total 11264K, used 1095K [0x00000000d5580000, 0x00000000d6200000, 0x0000000100000000)
  eden space 9728K, 0% used [0x00000000d5580000,0x00000000d5580000,0x00000000d5f00000)
  from space 1536K, 71% used [0x00000000d5f00000,0x00000000d6011f98,0x00000000d6080000)
  to   space 1536K, 0% used [0x00000000d6080000,0x00000000d6080000,0x00000000d6200000)
 ParOldGen       total 89088K, used 74495K [0x0000000080000000, 0x0000000085700000, 0x00000000d5580000)
  object space 89088K, 83% used [0x0000000080000000,0x00000000848bfc40,0x0000000085700000)
 Metaspace       used 62023K, committed 63552K, reserved 1114112K
  class space    used 6661K, committed 7296K, reserved 1048576K
}
Event: 16.973 GC heap before
{Heap before GC invocations=181 (full 3):
 PSYoungGen      total 11264K, used 10821K [0x00000000d5580000, 0x00000000d6200000, 0x0000000100000000)
  eden space 9728K, 99% used [0x00000000d5580000,0x00000000d5eff530,0x00000000d5f00000)
  from space 1536K, 71% used [0x00000000d5f00000,0x00000000d6011f98,0x00000000d6080000)
  to   space 1536K, 0% used [0x00000000d6080000,0x00000000d6080000,0x00000000d6200000)
 ParOldGen       total 89088K, used 74495K [0x0000000080000000, 0x0000000085700000, 0x00000000d5580000)
  object space 89088K, 83% used [0x0000000080000000,0x00000000848bfc40,0x0000000085700000)
 Metaspace       used 62252K, committed 63744K, reserved 1114112K
  class space    used 6677K, committed 7296K, reserved 1048576K
}
Event: 16.976 GC heap after
{Heap after GC invocations=181 (full 3):
 PSYoungGen      total 10752K, used 1496K [0x00000000d5580000, 0x00000000d6300000, 0x0000000100000000)
  eden space 9216K, 0% used [0x00000000d5580000,0x00000000d5580000,0x00000000d5e80000)
  from space 1536K, 97% used [0x00000000d6080000,0x00000000d61f6338,0x00000000d6200000)
  to   space 2048K, 0% used [0x00000000d5e80000,0x00000000d5e80000,0x00000000d6080000)
 ParOldGen       total 89088K, used 75278K [0x0000000080000000, 0x0000000085700000, 0x00000000d5580000)
  object space 89088K, 84% used [0x0000000080000000,0x0000000084983980,0x0000000085700000)
 Metaspace       used 62252K, committed 63744K, reserved 1114112K
  class space    used 6677K, committed 7296K, reserved 1048576K
}
Event: 17.127 GC heap before
{Heap before GC invocations=182 (full 3):
 PSYoungGen      total 10752K, used 10712K [0x00000000d5580000, 0x00000000d6300000, 0x0000000100000000)
  eden space 9216K, 100% used [0x00000000d5580000,0x00000000d5e80000,0x00000000d5e80000)
  from space 1536K, 97% used [0x00000000d6080000,0x00000000d61f6338,0x00000000d6200000)
  to   space 2048K, 0% used [0x00000000d5e80000,0x00000000d5e80000,0x00000000d6080000)
 ParOldGen       total 89088K, used 75278K [0x0000000080000000, 0x0000000085700000, 0x00000000d5580000)
  object space 89088K, 84% used [0x0000000080000000,0x0000000084983980,0x0000000085700000)
 Metaspace       used 62484K, committed 64000K, reserved 1114112K
  class space    used 6691K, committed 7360K, reserved 1048576K
}
Event: 17.130 GC heap after
{Heap after GC invocations=182 (full 3):
 PSYoungGen      total 11264K, used 1964K [0x00000000d5580000, 0x00000000d6380000, 0x0000000100000000)
  eden space 9216K, 0% used [0x00000000d5580000,0x00000000d5580000,0x00000000d5e80000)
  from space 2048K, 95% used [0x00000000d5e80000,0x00000000d606b060,0x00000000d6080000)
  to   space 2560K, 0% used [0x00000000d6100000,0x00000000d6100000,0x00000000d6380000)
 ParOldGen       total 89088K, used 76532K [0x0000000080000000, 0x0000000085700000, 0x00000000d5580000)
  object space 89088K, 85% used [0x0000000080000000,0x0000000084abd028,0x0000000085700000)
 Metaspace       used 62484K, committed 64000K, reserved 1114112K
  class space    used 6691K, committed 7360K, reserved 1048576K
}
Event: 17.212 GC heap before
{Heap before GC invocations=183 (full 3):
 PSYoungGen      total 11264K, used 11180K [0x00000000d5580000, 0x00000000d6380000, 0x0000000100000000)
  eden space 9216K, 100% used [0x00000000d5580000,0x00000000d5e80000,0x00000000d5e80000)
  from space 2048K, 95% used [0x00000000d5e80000,0x00000000d606b060,0x00000000d6080000)
  to   space 2560K, 0% used [0x00000000d6100000,0x00000000d6100000,0x00000000d6380000)
 ParOldGen       total 89088K, used 76532K [0x0000000080000000, 0x0000000085700000, 0x00000000d5580000)
  object space 89088K, 85% used [0x0000000080000000,0x0000000084abd028,0x0000000085700000)
 Metaspace       used 62899K, committed 64384K, reserved 1114112K
  class space    used 6727K, committed 7360K, reserved 1048576K
}
Event: 17.216 GC heap after
{Heap after GC invocations=183 (full 3):
 PSYoungGen      total 10752K, used 1479K [0x00000000d5580000, 0x00000000d6280000, 0x0000000100000000)
  eden space 9216K, 0% used [0x00000000d5580000,0x00000000d5580000,0x00000000d5e80000)
  from space 1536K, 96% used [0x00000000d6100000,0x00000000d6271f08,0x00000000d6280000)
  to   space 2048K, 0% used [0x00000000d5e80000,0x00000000d5e80000,0x00000000d6080000)
 ParOldGen       total 89088K, used 78414K [0x0000000080000000, 0x0000000085700000, 0x00000000d5580000)
  object space 89088K, 88% used [0x0000000080000000,0x0000000084c93940,0x0000000085700000)
 Metaspace       used 62899K, committed 64384K, reserved 1114112K
  class space    used 6727K, committed 7360K, reserved 1048576K
}
Event: 17.286 GC heap before
{Heap before GC invocations=184 (full 3):
 PSYoungGen      total 10752K, used 10695K [0x00000000d5580000, 0x00000000d6280000, 0x0000000100000000)
  eden space 9216K, 100% used [0x00000000d5580000,0x00000000d5e80000,0x00000000d5e80000)
  from space 1536K, 96% used [0x00000000d6100000,0x00000000d6271f08,0x00000000d6280000)
  to   space 2048K, 0% used [0x00000000d5e80000,0x00000000d5e80000,0x00000000d6080000)
 ParOldGen       total 89088K, used 78414K [0x0000000080000000, 0x0000000085700000, 0x00000000d5580000)
  object space 89088K, 88% used [0x0000000080000000,0x0000000084c93940,0x0000000085700000)
 Metaspace       used 63051K, committed 64576K, reserved 1114112K
  class space    used 6736K, committed 7424K, reserved 1048576K
}
Event: 17.289 GC heap after
{Heap after GC invocations=184 (full 3):
 PSYoungGen      total 10240K, used 848K [0x00000000d5580000, 0x00000000d6180000, 0x0000000100000000)
  eden space 9216K, 0% used [0x00000000d5580000,0x00000000d5580000,0x00000000d5e80000)
  from space 1024K, 82% used [0x00000000d5e80000,0x00000000d5f54030,0x00000000d5f80000)
  to   space 1536K, 0% used [0x00000000d6000000,0x00000000d6000000,0x00000000d6180000)
 ParOldGen       total 89088K, used 79737K [0x0000000080000000, 0x0000000085700000, 0x00000000d5580000)
  object space 89088K, 89% used [0x0000000080000000,0x0000000084dde668,0x0000000085700000)
 Metaspace       used 63051K, committed 64576K, reserved 1114112K
  class space    used 6736K, committed 7424K, reserved 1048576K
}
Event: 17.603 GC heap before
{Heap before GC invocations=185 (full 3):
 PSYoungGen      total 10240K, used 10064K [0x00000000d5580000, 0x00000000d6180000, 0x0000000100000000)
  eden space 9216K, 100% used [0x00000000d5580000,0x00000000d5e80000,0x00000000d5e80000)
  from space 1024K, 82% used [0x00000000d5e80000,0x00000000d5f54030,0x00000000d5f80000)
  to   space 1536K, 0% used [0x00000000d6000000,0x00000000d6000000,0x00000000d6180000)
 ParOldGen       total 89088K, used 79737K [0x0000000080000000, 0x0000000085700000, 0x00000000d5580000)
  object space 89088K, 89% used [0x0000000080000000,0x0000000084dde668,0x0000000085700000)
 Metaspace       used 63165K, committed 64704K, reserved 1114112K
  class space    used 6741K, committed 7424K, reserved 1048576K
}
Event: 17.605 GC heap after
{Heap after GC invocations=185 (full 3):
 PSYoungGen      total 9728K, used 468K [0x00000000d5580000, 0x00000000d6080000, 0x0000000100000000)
  eden space 9216K, 0% used [0x00000000d5580000,0x00000000d5580000,0x00000000d5e80000)
  from space 512K, 91% used [0x00000000d6000000,0x00000000d6075200,0x00000000d6080000)
  to   space 1024K, 0% used [0x00000000d5e80000,0x00000000d5e80000,0x00000000d5f80000)
 ParOldGen       total 89088K, used 80462K [0x0000000080000000, 0x0000000085700000, 0x00000000d5580000)
  object space 89088K, 90% used [0x0000000080000000,0x0000000084e93918,0x0000000085700000)
 Metaspace       used 63165K, committed 64704K, reserved 1114112K
  class space    used 6741K, committed 7424K, reserved 1048576K
}
Event: 17.658 GC heap before
{Heap before GC invocations=186 (full 3):
 PSYoungGen      total 9728K, used 9674K [0x00000000d5580000, 0x00000000d6080000, 0x0000000100000000)
  eden space 9216K, 99% used [0x00000000d5580000,0x00000000d5e7d7d8,0x00000000d5e80000)
  from space 512K, 91% used [0x00000000d6000000,0x00000000d6075200,0x00000000d6080000)
  to   space 1024K, 0% used [0x00000000d5e80000,0x00000000d5e80000,0x00000000d5f80000)
 ParOldGen       total 89088K, used 80462K [0x0000000080000000, 0x0000000085700000, 0x00000000d5580000)
  object space 89088K, 90% used [0x0000000080000000,0x0000000084e93918,0x0000000085700000)
 Metaspace       used 63176K, committed 64704K, reserved 1114112K
  class space    used 6741K, committed 7424K, reserved 1048576K
}
Event: 17.660 GC heap after
{Heap after GC invocations=186 (full 3):
 PSYoungGen      total 10240K, used 538K [0x00000000d5580000, 0x00000000d6080000, 0x0000000100000000)
  eden space 9216K, 0% used [0x00000000d5580000,0x00000000d5580000,0x00000000d5e80000)
  from space 1024K, 52% used [0x00000000d5e80000,0x00000000d5f06920,0x00000000d5f80000)
  to   space 1024K, 0% used [0x00000000d5f80000,0x00000000d5f80000,0x00000000d6080000)
 ParOldGen       total 89088K, used 80790K [0x0000000080000000, 0x0000000085700000, 0x00000000d5580000)
  object space 89088K, 90% used [0x0000000080000000,0x0000000084ee58b8,0x0000000085700000)
 Metaspace       used 63176K, committed 64704K, reserved 1114112K
  class space    used 6741K, committed 7424K, reserved 1048576K
}
Event: 17.707 GC heap before
{Heap before GC invocations=187 (full 3):
 PSYoungGen      total 10240K, used 9744K [0x00000000d5580000, 0x00000000d6080000, 0x0000000100000000)
  eden space 9216K, 99% used [0x00000000d5580000,0x00000000d5e7d9a0,0x00000000d5e80000)
  from space 1024K, 52% used [0x00000000d5e80000,0x00000000d5f06920,0x00000000d5f80000)
  to   space 1024K, 0% used [0x00000000d5f80000,0x00000000d5f80000,0x00000000d6080000)
 ParOldGen       total 89088K, used 80790K [0x0000000080000000, 0x0000000085700000, 0x00000000d5580000)
  object space 89088K, 90% used [0x0000000080000000,0x0000000084ee58b8,0x0000000085700000)
 Metaspace       used 63196K, committed 64704K, reserved 1114112K
  class space    used 6741K, committed 7424K, reserved 1048576K
}
Event: 17.708 GC heap after
{Heap after GC invocations=187 (full 3):
 PSYoungGen      total 9728K, used 282K [0x00000000d5580000, 0x00000000d6000000, 0x0000000100000000)
  eden space 9216K, 0% used [0x00000000d5580000,0x00000000d5580000,0x00000000d5e80000)
  from space 512K, 55% used [0x00000000d5f80000,0x00000000d5fc6900,0x00000000d6000000)
  to   space 512K, 0% used [0x00000000d5f00000,0x00000000d5f00000,0x00000000d5f80000)
 ParOldGen       total 89088K, used 81062K [0x0000000080000000, 0x0000000085700000, 0x00000000d5580000)
  object space 89088K, 90% used [0x0000000080000000,0x0000000084f298d8,0x0000000085700000)
 Metaspace       used 63196K, committed 64704K, reserved 1114112K
  class space    used 6741K, committed 7424K, reserved 1048576K
}
Event: 18.135 GC heap before
{Heap before GC invocations=188 (full 3):
 PSYoungGen      total 9728K, used 9498K [0x00000000d5580000, 0x00000000d6000000, 0x0000000100000000)
  eden space 9216K, 100% used [0x00000000d5580000,0x00000000d5e80000,0x00000000d5e80000)
  from space 512K, 55% used [0x00000000d5f80000,0x00000000d5fc6900,0x00000000d6000000)
  to   space 512K, 0% used [0x00000000d5f00000,0x00000000d5f00000,0x00000000d5f80000)
 ParOldGen       total 89088K, used 81062K [0x0000000080000000, 0x0000000085700000, 0x00000000d5580000)
  object space 89088K, 90% used [0x0000000080000000,0x0000000084f298d8,0x0000000085700000)
 Metaspace       used 63435K, committed 64960K, reserved 1114112K
  class space    used 6770K, committed 7424K, reserved 1048576K
}
Event: 18.137 GC heap after
{Heap after GC invocations=188 (full 3):
 PSYoungGen      total 9728K, used 512K [0x00000000d5580000, 0x00000000d6080000, 0x0000000100000000)
  eden space 9216K, 0% used [0x00000000d5580000,0x00000000d5580000,0x00000000d5e80000)
  from space 512K, 100% used [0x00000000d5f00000,0x00000000d5f80000,0x00000000d5f80000)
  to   space 1024K, 0% used [0x00000000d5f80000,0x00000000d5f80000,0x00000000d6080000)
 ParOldGen       total 89088K, used 81150K [0x0000000080000000, 0x0000000085700000, 0x00000000d5580000)
  object space 89088K, 91% used [0x0000000080000000,0x0000000084f3f8d8,0x0000000085700000)
 Metaspace       used 63435K, committed 64960K, reserved 1114112K
  class space    used 6770K, committed 7424K, reserved 1048576K
}
Event: 33.270 GC heap before
{Heap before GC invocations=189 (full 3):
 PSYoungGen      total 9728K, used 9728K [0x00000000d5580000, 0x00000000d6080000, 0x0000000100000000)
  eden space 9216K, 100% used [0x00000000d5580000,0x00000000d5e80000,0x00000000d5e80000)
  from space 512K, 100% used [0x00000000d5f00000,0x00000000d5f80000,0x00000000d5f80000)
  to   space 1024K, 0% used [0x00000000d5f80000,0x00000000d5f80000,0x00000000d6080000)
 ParOldGen       total 89088K, used 81150K [0x0000000080000000, 0x0000000085700000, 0x00000000d5580000)
  object space 89088K, 91% used [0x0000000080000000,0x0000000084f3f8d8,0x0000000085700000)
 Metaspace       used 63804K, committed 65344K, reserved 1114112K
  class space    used 6809K, committed 7488K, reserved 1048576K
}
Event: 33.272 GC heap after
{Heap after GC invocations=189 (full 3):
 PSYoungGen      total 9216K, used 1010K [0x00000000d5580000, 0x00000000d6280000, 0x0000000100000000)
  eden space 8192K, 0% used [0x00000000d5580000,0x00000000d5580000,0x00000000d5d80000)
  from space 1024K, 98% used [0x00000000d5f80000,0x00000000d607c950,0x00000000d6080000)
  to   space 2048K, 0% used [0x00000000d5d80000,0x00000000d5d80000,0x00000000d5f80000)
 ParOldGen       total 89088K, used 81545K [0x0000000080000000, 0x0000000085700000, 0x00000000d5580000)
  object space 89088K, 91% used [0x0000000080000000,0x0000000084fa2628,0x0000000085700000)
 Metaspace       used 63804K, committed 65344K, reserved 1114112K
  class space    used 6809K, committed 7488K, reserved 1048576K
}

Dll operation events (10 events):
Event: 0.020 Loaded shared library c:\Users\dhruv\.vscode\extensions\redhat.java-1.53.0-win32-x64\jre\21.0.10-win32-x86_64\bin\java.dll
Event: 0.118 Loaded shared library c:\Users\dhruv\.vscode\extensions\redhat.java-1.53.0-win32-x64\jre\21.0.10-win32-x86_64\bin\zip.dll
Event: 0.145 Loaded shared library C:\Users\dhruv\.vscode\extensions\redhat.java-1.53.0-win32-x64\jre\21.0.10-win32-x86_64\bin\instrument.dll
Event: 0.157 Loaded shared library C:\Users\dhruv\.vscode\extensions\redhat.java-1.53.0-win32-x64\jre\21.0.10-win32-x86_64\bin\net.dll
Event: 0.163 Loaded shared library C:\Users\dhruv\.vscode\extensions\redhat.java-1.53.0-win32-x64\jre\21.0.10-win32-x86_64\bin\nio.dll
Event: 0.167 Loaded shared library C:\Users\dhruv\.vscode\extensions\redhat.java-1.53.0-win32-x64\jre\21.0.10-win32-x86_64\bin\zip.dll
Event: 0.192 Loaded shared library C:\Users\dhruv\.vscode\extensions\redhat.java-1.53.0-win32-x64\jre\21.0.10-win32-x86_64\bin\jimage.dll
Event: 0.320 Loaded shared library c:\Users\dhruv\.vscode\extensions\redhat.java-1.53.0-win32-x64\jre\21.0.10-win32-x86_64\bin\verify.dll
Event: 2.743 Loaded shared library C:\Users\dhruv\AppData\Roaming\Code\User\globalStorage\redhat.java\1.53.0\config_win\org.eclipse.equinox.launcher\org.eclipse.equinox.launcher.win32.win32.x86_64_1.3.0.v20260203-2149\eclipse_11919.dll
Event: 5.182 Loaded shared library C:\Users\dhruv\AppData\Local\Temp\jna-95563663\jna10353789134958431655.dll

Deoptimization events (20 events):
Event: 18.308 Thread 0x0000025873270e60 Uncommon trap: trap_request=0xffffff6e fr.pc=0x000002581f98f0a0 relative=0x00000000000003c0
Event: 18.308 Thread 0x0000025873270e60 Uncommon trap: reason=loop_limit_check action=maybe_recompile pc=0x000002581f98f0a0 method=org.eclipse.jdt.core.compiler.CharOperation.concatWith([[CC)[C @ 121 c2
Event: 18.308 Thread 0x0000025873270e60 DEOPT PACKING pc=0x000002581f98f0a0 sp=0x0000007c803fedf0
Event: 18.308 Thread 0x0000025873270e60 DEOPT UNPACKING pc=0x000002581edf3aa2 sp=0x0000007c803fedb0 mode 2
Event: 33.261 Thread 0x000002586eb762d0 Uncommon trap: trap_request=0xffffff45 fr.pc=0x000002581f73e740 relative=0x0000000000000de0
Event: 33.261 Thread 0x000002586eb762d0 Uncommon trap: reason=unstable_if action=reinterpret pc=0x000002581f73e740 method=java.util.HashMap.putVal(ILjava/lang/Object;Ljava/lang/Object;ZZ)Ljava/lang/Object; @ 94 c2
Event: 33.261 Thread 0x000002586eb762d0 DEOPT PACKING pc=0x000002581f73e740 sp=0x0000007cff2febd0
Event: 33.261 Thread 0x000002586eb762d0 DEOPT UNPACKING pc=0x000002581edf3aa2 sp=0x0000007cff2fea60 mode 2
Event: 33.261 Thread 0x000002586eb762d0 Uncommon trap: trap_request=0xffffff45 fr.pc=0x000002581f9e7be0 relative=0x0000000000000560
Event: 33.261 Thread 0x000002586eb762d0 Uncommon trap: reason=unstable_if action=reinterpret pc=0x000002581f9e7be0 method=java.util.HashMap.removeNode(ILjava/lang/Object;Ljava/lang/Object;ZZ)Ljava/util/HashMap$Node; @ 62 c2
Event: 33.261 Thread 0x000002586eb762d0 DEOPT PACKING pc=0x000002581f9e7be0 sp=0x0000007cff2febf0
Event: 33.261 Thread 0x000002586eb762d0 DEOPT UNPACKING pc=0x000002581edf3aa2 sp=0x0000007cff2feb70 mode 2
Event: 33.275 Thread 0x000002586eb762d0 DEOPT PACKING pc=0x00000258178e142e sp=0x0000007cff2feaa0
Event: 33.275 Thread 0x000002586eb762d0 DEOPT UNPACKING pc=0x000002581edf4242 sp=0x0000007cff2fdff8 mode 0
Event: 33.277 Thread 0x000002586eb762d0 DEOPT PACKING pc=0x00000258178e142e sp=0x0000007cff2feaa0
Event: 33.277 Thread 0x000002586eb762d0 DEOPT UNPACKING pc=0x000002581edf4242 sp=0x0000007cff2fdff8 mode 0
Event: 36.300 Thread 0x000002586eb762d0 Uncommon trap: trap_request=0xffffff45 fr.pc=0x000002581f7e99a0 relative=0x00000000000008c0
Event: 36.300 Thread 0x000002586eb762d0 Uncommon trap: reason=unstable_if action=reinterpret pc=0x000002581f7e99a0 method=java.util.ImmutableCollections$AbstractImmutableList.equals(Ljava/lang/Object;)Z @ 2 c2
Event: 36.300 Thread 0x000002586eb762d0 DEOPT PACKING pc=0x000002581f7e99a0 sp=0x0000007cff2fe4a0
Event: 36.300 Thread 0x000002586eb762d0 DEOPT UNPACKING pc=0x000002581edf3aa2 sp=0x0000007cff2fe440 mode 2

Classes loaded (20 events):
Event: 36.301 Loading class sun/util/cldr/CLDRTimeZoneNameProviderImpl
Event: 36.301 Loading class sun/util/locale/provider/TimeZoneNameProviderImpl
Event: 36.301 Loading class sun/util/locale/provider/TimeZoneNameProviderImpl done
Event: 36.301 Loading class sun/util/cldr/CLDRTimeZoneNameProviderImpl done
Event: 36.305 Loading class sun/util/resources/cldr/TimeZoneNames
Event: 36.305 Loading class sun/util/resources/TimeZoneNamesBundle
Event: 36.305 Loading class sun/util/resources/OpenListResourceBundle
Event: 36.306 Loading class sun/util/resources/OpenListResourceBundle done
Event: 36.306 Loading class sun/util/resources/TimeZoneNamesBundle done
Event: 36.306 Loading class sun/util/resources/cldr/TimeZoneNames done
Event: 36.306 Loading class sun/util/resources/cldr/TimeZoneNames_en
Event: 36.308 Loading class sun/util/resources/cldr/TimeZoneNames_en done
Event: 36.308 Loading class sun/util/resources/cldr/TimeZoneNames_en_US
Event: 36.308 Loading class sun/util/resources/cldr/TimeZoneNames_en_US done
Event: 36.309 Loading class sun/util/cldr/CLDRBaseLocaleDataMetaInfo$TZCanonicalIDMapHolder
Event: 36.310 Loading class sun/util/cldr/CLDRBaseLocaleDataMetaInfo$TZCanonicalIDMapHolder done
Event: 36.312 Loading class sun/util/resources/TimeZoneNames
Event: 36.313 Loading class sun/util/resources/TimeZoneNames done
Event: 36.313 Loading class sun/util/resources/TimeZoneNames_en
Event: 36.313 Loading class sun/util/resources/TimeZoneNames_en done

Classes unloaded (7 events):
Event: 5.885 Thread 0x00000258146033e0 Unloading class 0x000002582c1a5400 'java/lang/invoke/LambdaForm$MH+0x000002582c1a5400'
Event: 5.885 Thread 0x00000258146033e0 Unloading class 0x000002582c1a5000 'java/lang/invoke/LambdaForm$MH+0x000002582c1a5000'
Event: 5.885 Thread 0x00000258146033e0 Unloading class 0x000002582c1a4c00 'java/lang/invoke/LambdaForm$MH+0x000002582c1a4c00'
Event: 5.885 Thread 0x00000258146033e0 Unloading class 0x000002582c1a4800 'java/lang/invoke/LambdaForm$MH+0x000002582c1a4800'
Event: 5.885 Thread 0x00000258146033e0 Unloading class 0x000002582c1a4400 'java/lang/invoke/LambdaForm$BMH+0x000002582c1a4400'
Event: 5.885 Thread 0x00000258146033e0 Unloading class 0x000002582c1a4000 'java/lang/invoke/LambdaForm$DMH+0x000002582c1a4000'
Event: 5.885 Thread 0x00000258146033e0 Unloading class 0x000002582c1a2c00 'java/lang/invoke/LambdaForm$DMH+0x000002582c1a2c00'

Classes redefined (0 events):
No events

Internal exceptions (20 events):
Event: 16.694 Thread 0x0000025875317590 Exception <a 'java/lang/LinkageError'{0x00000000d5acbbf0}: loader lombok.launch.ShadowClassLoader @1d57e810 attempted duplicate class definition for lombok.launch.PatchFixesHider$PatchFixes. (lombok.launch.PatchFixesHider$PatchFixes is in unnamed module of loader lombok.launch.ShadowClassLoader @1d57e810, parent loader org.eclipse.osgi.internal.loader.EquinoxClassLoader @427abbf3)> (0x00000000d5acbbf0) 
thrown [s\src\hotspot\share\classfile\systemDictionary.cpp, line 1672]
Event: 16.740 Thread 0x000002587375c160 Implicit null exception at 0x000002581f89a8b4 to 0x000002581f89aac8
Event: 16.826 Thread 0x0000025875314110 Implicit null exception at 0x000002581f8351da to 0x000002581f835233
Event: 17.139 Thread 0x0000025873270e60 Exception <a 'sun/nio/fs/WindowsException'{0x00000000d563a430}> (0x00000000d563a430) 
thrown [s\src\hotspot\share\prims\jni.cpp, line 520]
Event: 17.139 Thread 0x0000025873270e60 Exception <a 'sun/nio/fs/WindowsException'{0x00000000d563aa60}> (0x00000000d563aa60) 
thrown [s\src\hotspot\share\prims\jni.cpp, line 520]
Event: 17.600 Thread 0x00000258753154c0 Exception <a 'sun/nio/fs/WindowsException'{0x00000000d5e4b278}> (0x00000000d5e4b278) 
thrown [s\src\hotspot\share\prims\jni.cpp, line 520]
Event: 17.601 Thread 0x00000258753154c0 Exception <a 'sun/nio/fs/WindowsException'{0x00000000d5e65a00}> (0x00000000d5e65a00) 
thrown [s\src\hotspot\share\prims\jni.cpp, line 520]
Event: 17.601 Thread 0x00000258753154c0 Exception <a 'sun/nio/fs/WindowsException'{0x00000000d5e73ba8}> (0x00000000d5e73ba8) 
thrown [s\src\hotspot\share\prims\jni.cpp, line 520]
Event: 17.601 Thread 0x00000258753154c0 Exception <a 'sun/nio/fs/WindowsException'{0x00000000d5e74488}> (0x00000000d5e74488) 
thrown [s\src\hotspot\share\prims\jni.cpp, line 520]
Event: 17.602 Thread 0x00000258753154c0 Exception <a 'sun/nio/fs/WindowsException'{0x00000000d5e76340}> (0x00000000d5e76340) 
thrown [s\src\hotspot\share\prims\jni.cpp, line 520]
Event: 17.605 Thread 0x00000258753154c0 Exception <a 'sun/nio/fs/WindowsException'{0x00000000d55802b0}> (0x00000000d55802b0) 
thrown [s\src\hotspot\share\prims\jni.cpp, line 520]
Event: 17.611 Thread 0x00000258753154c0 Exception <a 'sun/nio/fs/WindowsException'{0x00000000d55ddd10}> (0x00000000d55ddd10) 
thrown [s\src\hotspot\share\prims\jni.cpp, line 520]
Event: 17.611 Thread 0x00000258753154c0 Exception <a 'sun/nio/fs/WindowsException'{0x00000000d55f4c30}> (0x00000000d55f4c30) 
thrown [s\src\hotspot\share\prims\jni.cpp, line 520]
Event: 18.032 Thread 0x0000025873270e60 Exception <a 'java/lang/NoSuchMethodError'{0x00000000d5c68c00}: 'java.lang.Object java.lang.invoke.DirectMethodHandle$Holder.invokeStatic(java.lang.Object, java.lang.Object, int, java.lang.Object)'> (0x00000000d5c68c00) 
thrown [s\src\hotspot\share\interpreter\linkResolver.cpp, line 773]
Event: 18.032 Thread 0x0000025873270e60 Exception <a 'java/lang/NoSuchMethodError'{0x00000000d5c6f230}: 'java.lang.Object java.lang.invoke.DirectMethodHandle$Holder.newInvokeSpecial(java.lang.Object, java.lang.Object, int)'> (0x00000000d5c6f230) 
thrown [s\src\hotspot\share\interpreter\linkResolver.cpp, line 773]
Event: 18.084 Thread 0x0000025873270e60 Exception <a 'java/lang/NoSuchMethodError'{0x00000000d5d54af0}: 'java.lang.Object java.lang.invoke.DirectMethodHandle$Holder.invokeStatic(java.lang.Object, int, java.lang.Object)'> (0x00000000d5d54af0) 
thrown [s\src\hotspot\share\interpreter\linkResolver.cpp, line 773]
Event: 18.104 Thread 0x0000025873270e60 Implicit null exception at 0x000002581f883023 to 0x000002581f883388
Event: 18.293 Thread 0x0000025873270e60 Exception <a 'java/lang/NoSuchMethodError'{0x00000000d59a7310}: 'void java.lang.invoke.DelegatingMethodHandle$Holder.reinvoke_L(java.lang.Object, java.lang.Object, java.lang.Object, int, java.lang.Object, int, int)'> (0x00000000d59a7310) 
thrown [s\src\hotspot\share\interpreter\linkResolver.cpp, line 773]
Event: 26.889 Thread 0x0000025875312040 Exception <a 'java/lang/IncompatibleClassChangeError'{0x00000000d5cb3a48}: Found class java.lang.Object, but interface was expected> (0x00000000d5cb3a48) 
thrown [s\src\hotspot\share\interpreter\linkResolver.cpp, line 840]
Event: 26.895 Thread 0x00000258753154c0 Exception <a 'java/lang/ArrayIndexOutOfBoundsException'{0x00000000d5cede28}> (0x00000000d5cede28) 
thrown [s\src\hotspot\share\runtime\sharedRuntime.cpp, line 625]

ZGC Phase Switch (0 events):
No events

VM Operations (20 events):
Event: 17.996 Executing non-safepoint VM operation: HandshakeAllThreads (Deoptimize)
Event: 17.997 Executing non-safepoint VM operation: HandshakeAllThreads (Deoptimize) done
Event: 18.057 Executing non-safepoint VM operation: HandshakeAllThreads (Deoptimize)
Event: 18.057 Executing non-safepoint VM operation: HandshakeAllThreads (Deoptimize) done
Event: 18.135 Executing safepoint VM operation: ParallelGCFailedAllocation (Allocation Failure)
Event: 18.137 Executing safepoint VM operation: ParallelGCFailedAllocation (Allocation Failure) done
Event: 19.150 Executing safepoint VM operation: Cleanup
Event: 19.150 Executing safepoint VM operation: Cleanup done
Event: 27.204 Executing safepoint VM operation: Cleanup
Event: 27.204 Executing safepoint VM operation: Cleanup done
Event: 32.256 Executing safepoint VM operation: Cleanup
Event: 33.249 Executing safepoint VM operation: Cleanup done
Event: 33.269 Executing safepoint VM operation: ParallelGCFailedAllocation (Allocation Failure)
Event: 33.272 Executing safepoint VM operation: ParallelGCFailedAllocation (Allocation Failure) done
Event: 35.275 Executing safepoint VM operation: Cleanup
Event: 35.307 Executing safepoint VM operation: Cleanup done
Event: 36.314 Executing safepoint VM operation: Cleanup
Event: 36.314 Executing safepoint VM operation: Cleanup done
Event: 37.317 Executing safepoint VM operation: Cleanup
Event: 37.317 Executing safepoint VM operation: Cleanup done

Memory protections (0 events):
No events

Nmethod flushes (20 events):
Event: 15.626 Thread 0x00000258146033e0 flushing  nmethod 0x000002581800e710
Event: 15.626 Thread 0x00000258146033e0 flushing  nmethod 0x0000025818013f90
Event: 15.626 Thread 0x00000258146033e0 flushing  nmethod 0x0000025818038c10
Event: 15.626 Thread 0x00000258146033e0 flushing  nmethod 0x0000025818042390
Event: 15.626 Thread 0x00000258146033e0 flushing osr nmethod 0x0000025818046490
Event: 15.626 Thread 0x00000258146033e0 flushing osr nmethod 0x0000025818048190
Event: 15.626 Thread 0x00000258146033e0 flushing osr nmethod 0x000002581809fc90
Event: 15.626 Thread 0x00000258146033e0 flushing osr nmethod 0x00000258180a1510
Event: 15.626 Thread 0x00000258146033e0 flushing  nmethod 0x00000258180c0f90
Event: 15.626 Thread 0x00000258146033e0 flushing  nmethod 0x00000258180ccf90
Event: 15.626 Thread 0x00000258146033e0 flushing  nmethod 0x00000258180cd910
Event: 15.626 Thread 0x00000258146033e0 flushing  nmethod 0x00000258180d0e10
Event: 15.626 Thread 0x00000258146033e0 flushing  nmethod 0x00000258180d2710
Event: 15.626 Thread 0x00000258146033e0 flushing  nmethod 0x00000258180e8590
Event: 15.626 Thread 0x00000258146033e0 flushing  nmethod 0x00000258180e8b90
Event: 15.626 Thread 0x00000258146033e0 flushing  nmethod 0x00000258180e9410
Event: 15.626 Thread 0x00000258146033e0 flushing  nmethod 0x00000258180e9b10
Event: 15.626 Thread 0x00000258146033e0 flushing  nmethod 0x00000258180eb610
Event: 15.626 Thread 0x00000258146033e0 flushing  nmethod 0x0000025818113190
Event: 15.626 Thread 0x00000258146033e0 flushing  nmethod 0x0000025818185e90

Events (20 events):
Event: 8.551 Thread 0x0000025875315b50 Thread added: 0x0000025875316f00
Event: 8.554 Thread 0x0000025875316f00 Thread added: 0x0000025875317c20
Event: 8.555 Thread 0x00000258753161e0 Thread added: 0x0000025875314e30
Event: 8.557 Thread 0x0000025875317c20 Thread added: 0x00000258753154c0
Event: 12.363 Thread 0x0000025873004e80 Thread exited: 0x0000025873004e80
Event: 12.633 Thread 0x0000025873007090 Thread added: 0x0000025873004e80
Event: 15.828 Thread 0x0000025873270e60 Thread added: 0x000002587375bad0
Event: 15.829 Thread 0x0000025873270e60 Thread added: 0x000002587375f5e0
Event: 15.829 Thread 0x0000025873270e60 Thread added: 0x000002587375c160
Event: 15.830 Thread 0x0000025873270e60 Thread added: 0x000002587375c7f0
Event: 15.830 Thread 0x0000025873270e60 Thread added: 0x00000258737616b0
Event: 16.740 Thread 0x000002587375f5e0 Thread exited: 0x000002587375f5e0
Event: 16.740 Thread 0x00000258737616b0 Thread exited: 0x00000258737616b0
Event: 16.740 Thread 0x000002587375bad0 Thread exited: 0x000002587375bad0
Event: 16.741 Thread 0x000002587375c7f0 Thread exited: 0x000002587375c7f0
Event: 16.741 Thread 0x000002587375c160 Thread exited: 0x000002587375c160
Event: 23.567 Thread 0x0000025873004e80 Thread exited: 0x0000025873004e80
Event: 23.899 Thread 0x0000025873007090 Thread exited: 0x0000025873007090
Event: 33.253 Thread 0x000002586e04e420 Thread added: 0x0000025878e10ad0
Event: 34.289 Thread 0x000002586e04e420 Thread added: 0x0000025878e11870


Dynamic libraries:
0x00007ff749c30000 - 0x00007ff749c3e000 	c:\Users\dhruv\.vscode\extensions\redhat.java-1.53.0-win32-x64\jre\21.0.10-win32-x86_64\bin\java.exe
0x00007ffc9c540000 - 0x00007ffc9c7a7000 	C:\Windows\SYSTEM32\ntdll.dll
0x00007ffc9bbf0000 - 0x00007ffc9bcb9000 	C:\Windows\System32\KERNEL32.DLL
0x00007ffc98ed0000 - 0x00007ffc992c1000 	C:\Windows\System32\KERNELBASE.dll
0x00007ffc99e00000 - 0x00007ffc99f4b000 	C:\Windows\System32\ucrtbase.dll
0x00007ffc8e9b0000 - 0x00007ffc8e9c8000 	c:\Users\dhruv\.vscode\extensions\redhat.java-1.53.0-win32-x64\jre\21.0.10-win32-x86_64\bin\jli.dll
0x00007ffc8d560000 - 0x00007ffc8d57e000 	c:\Users\dhruv\.vscode\extensions\redhat.java-1.53.0-win32-x64\jre\21.0.10-win32-x86_64\bin\VCRUNTIME140.dll
0x00007ffc9a620000 - 0x00007ffc9a7e5000 	C:\Windows\System32\USER32.dll
0x00007ffc79410000 - 0x00007ffc796a3000 	C:\Windows\WinSxS\amd64_microsoft.windows.common-controls_6595b64144ccf1df_6.0.26100.8037_none_3e092faae333b53b\COMCTL32.dll
0x00007ffc9a2b0000 - 0x00007ffc9a2d7000 	C:\Windows\System32\win32u.dll
0x00007ffc9b490000 - 0x00007ffc9b539000 	C:\Windows\System32\msvcrt.dll
0x00007ffc9b230000 - 0x00007ffc9b25b000 	C:\Windows\System32\GDI32.dll
0x00007ffc9a0d0000 - 0x00007ffc9a1fb000 	C:\Windows\System32\gdi32full.dll
0x00007ffc98e20000 - 0x00007ffc98ec3000 	C:\Windows\System32\msvcp_win.dll
0x00007ffc9c2a0000 - 0x00007ffc9c2d1000 	C:\Windows\System32\IMM32.DLL
0x00007ffc937e0000 - 0x00007ffc937ec000 	c:\Users\dhruv\.vscode\extensions\redhat.java-1.53.0-win32-x64\jre\21.0.10-win32-x86_64\bin\vcruntime140_1.dll
0x00007ffc69fa0000 - 0x00007ffc6a02d000 	c:\Users\dhruv\.vscode\extensions\redhat.java-1.53.0-win32-x64\jre\21.0.10-win32-x86_64\bin\msvcp140.dll
0x00007ffc05650000 - 0x00007ffc063f1000 	c:\Users\dhruv\.vscode\extensions\redhat.java-1.53.0-win32-x64\jre\21.0.10-win32-x86_64\bin\server\jvm.dll
0x00007ffc9a880000 - 0x00007ffc9a93b000 	C:\Windows\System32\ADVAPI32.dll
0x00007ffc9b260000 - 0x00007ffc9b307000 	C:\Windows\System32\sechost.dll
0x00007ffc9a2e0000 - 0x00007ffc9a3f8000 	C:\Windows\System32\RPCRT4.dll
0x00007ffc9a800000 - 0x00007ffc9a874000 	C:\Windows\System32\WS2_32.dll
0x00007ffc98ca0000 - 0x00007ffc98cfe000 	C:\Windows\SYSTEM32\POWRPROF.dll
0x00007ffc90f50000 - 0x00007ffc90f85000 	C:\Windows\SYSTEM32\WINMM.dll
0x00007ffc7c780000 - 0x00007ffc7c78b000 	C:\Windows\SYSTEM32\VERSION.dll
0x00007ffc98c80000 - 0x00007ffc98c94000 	C:\Windows\SYSTEM32\UMPDC.dll
0x00007ffc97b80000 - 0x00007ffc97b9b000 	C:\Windows\SYSTEM32\kernel.appcore.dll
0x00007ffc937b0000 - 0x00007ffc937ba000 	c:\Users\dhruv\.vscode\extensions\redhat.java-1.53.0-win32-x64\jre\21.0.10-win32-x86_64\bin\jimage.dll
0x00007ffc96e50000 - 0x00007ffc97092000 	C:\Windows\SYSTEM32\DBGHELP.DLL
0x00007ffc9bd20000 - 0x00007ffc9c0a2000 	C:\Windows\System32\combase.dll
0x00007ffc9b0c0000 - 0x00007ffc9b197000 	C:\Windows\System32\OLEAUT32.dll
0x00007ffc7a2d0000 - 0x00007ffc7a30b000 	C:\Windows\SYSTEM32\dbgcore.DLL
0x00007ffc9a200000 - 0x00007ffc9a2a5000 	C:\Windows\System32\bcryptPrimitives.dll
0x00007ffc937a0000 - 0x00007ffc937af000 	c:\Users\dhruv\.vscode\extensions\redhat.java-1.53.0-win32-x64\jre\21.0.10-win32-x86_64\bin\instrument.dll
0x00007ffc93770000 - 0x00007ffc93790000 	c:\Users\dhruv\.vscode\extensions\redhat.java-1.53.0-win32-x64\jre\21.0.10-win32-x86_64\bin\java.dll
0x00007ffc9a950000 - 0x00007ffc9b0af000 	C:\Windows\System32\SHELL32.dll
0x00007ffc99c90000 - 0x00007ffc99dfa000 	C:\Windows\System32\wintypes.dll
0x00007ffc992d0000 - 0x00007ffc99b34000 	C:\Windows\System32\windows.storage.dll
0x00007ffc9a4a0000 - 0x00007ffc9a597000 	C:\Windows\System32\SHCORE.dll
0x00007ffc9c490000 - 0x00007ffc9c4f7000 	C:\Windows\System32\shlwapi.dll
0x00007ffc98d40000 - 0x00007ffc98d69000 	C:\Windows\SYSTEM32\profapi.dll
0x00007ffc936e0000 - 0x00007ffc936f8000 	c:\Users\dhruv\.vscode\extensions\redhat.java-1.53.0-win32-x64\jre\21.0.10-win32-x86_64\bin\zip.dll
0x00007ffc936d0000 - 0x00007ffc936e0000 	C:\Users\dhruv\.vscode\extensions\redhat.java-1.53.0-win32-x64\jre\21.0.10-win32-x86_64\bin\net.dll
0x00007ffc8ef80000 - 0x00007ffc8f0a7000 	C:\Windows\SYSTEM32\WINHTTP.dll
0x00007ffc98120000 - 0x00007ffc9818b000 	C:\Windows\system32\mswsock.dll
0x00007ffc936b0000 - 0x00007ffc936c6000 	C:\Users\dhruv\.vscode\extensions\redhat.java-1.53.0-win32-x64\jre\21.0.10-win32-x86_64\bin\nio.dll
0x00007ffc936a0000 - 0x00007ffc936b0000 	c:\Users\dhruv\.vscode\extensions\redhat.java-1.53.0-win32-x64\jre\21.0.10-win32-x86_64\bin\verify.dll
0x00007ffc69d30000 - 0x00007ffc69d75000 	C:\Users\dhruv\AppData\Roaming\Code\User\globalStorage\redhat.java\1.53.0\config_win\org.eclipse.equinox.launcher\org.eclipse.equinox.launcher.win32.win32.x86_64_1.3.0.v20260203-2149\eclipse_11919.dll
0x00007ffc9c2e0000 - 0x00007ffc9c475000 	C:\Windows\System32\ole32.dll
0x00007ffc98410000 - 0x00007ffc9842b000 	C:\Windows\SYSTEM32\CRYPTSP.dll
0x00007ffc97ae0000 - 0x00007ffc97b19000 	C:\Windows\system32\rsaenh.dll
0x00007ffc981d0000 - 0x00007ffc98202000 	C:\Windows\SYSTEM32\USERENV.dll
0x00007ffc98d10000 - 0x00007ffc98d3a000 	C:\Windows\SYSTEM32\bcrypt.dll
0x00007ffc98400000 - 0x00007ffc9840c000 	C:\Windows\SYSTEM32\CRYPTBASE.dll
0x00007ffc97560000 - 0x00007ffc97593000 	C:\Windows\SYSTEM32\IPHLPAPI.DLL
0x00007ffc9c480000 - 0x00007ffc9c48a000 	C:\Windows\System32\NSI.dll
0x00007ffc93650000 - 0x00007ffc93699000 	C:\Users\dhruv\AppData\Local\Temp\jna-95563663\jna10353789134958431655.dll
0x00007ffc9a940000 - 0x00007ffc9a948000 	C:\Windows\System32\PSAPI.DLL
0x00007ffc90880000 - 0x00007ffc9089d000 	C:\Windows\SYSTEM32\dhcpcsvc6.DLL
0x00007ffc8ff40000 - 0x00007ffc8ff63000 	C:\Windows\SYSTEM32\dhcpcsvc.DLL

JVMTI agents:
c:\Users\dhruv\.vscode\extensions\redhat.java-1.53.0-win32-x64\lombok\lombok-1.18.39-4050.jar path:c:\Users\dhruv\.vscode\extensions\redhat.java-1.53.0-win32-x64\jre\21.0.10-win32-x86_64\bin\instrument.dll, loaded, initialized, instrumentlib options:none

dbghelp: loaded successfully - version: 4.0.5 - missing functions: none
symbol engine: initialized successfully - sym options: 0x614 - pdb path: .;c:\Users\dhruv\.vscode\extensions\redhat.java-1.53.0-win32-x64\jre\21.0.10-win32-x86_64\bin;C:\Windows\SYSTEM32;C:\Windows\WinSxS\amd64_microsoft.windows.common-controls_6595b64144ccf1df_6.0.26100.8037_none_3e092faae333b53b;c:\Users\dhruv\.vscode\extensions\redhat.java-1.53.0-win32-x64\jre\21.0.10-win32-x86_64\bin\server;C:\Users\dhruv\AppData\Roaming\Code\User\globalStorage\redhat.java\1.53.0\config_win\org.eclipse.equinox.launcher\org.eclipse.equinox.launcher.win32.win32.x86_64_1.3.0.v20260203-2149;C:\Users\dhruv\AppData\Local\Temp\jna-95563663

VM Arguments:
jvm_args: --add-modules=ALL-SYSTEM --add-opens=java.base/java.util=ALL-UNNAMED --add-opens=java.base/java.lang=ALL-UNNAMED --add-opens=java.base/sun.nio.fs=ALL-UNNAMED -Declipse.application=org.eclipse.jdt.ls.core.id1 -Dosgi.bundles.defaultStartLevel=4 -Declipse.product=org.eclipse.jdt.ls.core.product -Djava.import.generatesMetadataFilesAtProjectRoot=false -DDetectVMInstallationsJob.disabled=true -Dfile.encoding=utf8 -XX:+UseParallelGC -XX:GCTimeRatio=4 -XX:AdaptiveSizePolicyWeight=90 -Dsun.zip.disableMemoryMapping=true -Xmx2G -Xms100m -Xlog:disable -javaagent:c:\Users\dhruv\.vscode\extensions\redhat.java-1.53.0-win32-x64\lombok\lombok-1.18.39-4050.jar -XX:+HeapDumpOnOutOfMemoryError -XX:HeapDumpPath=c:\Users\dhruv\AppData\Roaming\Code\User\workspaceStorage\7d28d01f3346ece97dc27ea15ebc63fd\redhat.java -Daether.dependencyCollector.impl=bf 
java_command: c:\Users\dhruv\.vscode\extensions\redhat.java-1.53.0-win32-x64\server\plugins\org.eclipse.equinox.launcher_1.7.100.v20251111-0406.jar -configuration c:\Users\dhruv\AppData\Roaming\Code\User\globalStorage\redhat.java\1.53.0\config_win -data c:\Users\dhruv\AppData\Roaming\Code\User\workspaceStorage\7d28d01f3346ece97dc27ea15ebc63fd\redhat.java\jdt_ws --pipe=\\.\pipe\lsp-cdf9b81a97f9fd69009a3771b8259e5f-sock
java_class_path (initial): c:\Users\dhruv\.vscode\extensions\redhat.java-1.53.0-win32-x64\server\plugins\org.eclipse.equinox.launcher_1.7.100.v20251111-0406.jar
Launcher Type: SUN_STANDARD

[Global flags]
    uintx AdaptiveSizePolicyWeight                 = 90                                        {product} {command line}
     intx CICompilerCount                          = 4                                         {product} {ergonomic}
    uintx GCTimeRatio                              = 4                                         {product} {command line}
     bool HeapDumpOnOutOfMemoryError               = true                                   {manageable} {command line}
    ccstr HeapDumpPath                             = c:\Users\dhruv\AppData\Roaming\Code\User\workspaceStorage\7d28d01f3346ece97dc27ea15ebc63fd\redhat.java         {manageable} {command line}
   size_t InitialHeapSize                          = 104857600                                 {product} {command line}
   size_t MaxHeapSize                              = 2147483648                                {product} {command line}
   size_t MaxNewSize                               = 715653120                                 {product} {ergonomic}
   size_t MinHeapDeltaBytes                        = 524288                                    {product} {ergonomic}
   size_t MinHeapSize                              = 104857600                                 {product} {command line}
   size_t NewSize                                  = 34603008                                  {product} {ergonomic}
    uintx NonNMethodCodeHeapSize                   = 5839372                                {pd product} {ergonomic}
    uintx NonProfiledCodeHeapSize                  = 122909434                              {pd product} {ergonomic}
   size_t OldSize                                  = 70254592                                  {product} {ergonomic}
    uintx ProfiledCodeHeapSize                     = 122909434                              {pd product} {ergonomic}
    uintx ReservedCodeCacheSize                    = 251658240                              {pd product} {ergonomic}
     bool SegmentedCodeCache                       = true                                      {product} {ergonomic}
   size_t SoftMaxHeapSize                          = 2147483648                             {manageable} {ergonomic}
     bool UseCompressedOops                        = true                           {product lp64_product} {ergonomic}
     bool UseLargePagesIndividualAllocation        = false                                  {pd product} {ergonomic}
     bool UseParallelGC                            = true                                      {product} {command line}

Logging:
Log output configuration:
 #0: stdout all=off uptime,level,tags foldmultilines=false
 #1: stderr all=off uptime,level,tags foldmultilines=false

Release file:
JAVA_VERSION="21.0.10" 
MODULES="java.base java.compiler java.datatransfer java.xml java.prefs java.desktop java.instrument java.logging java.management java.security.sasl java.naming java.rmi java.management.rmi java.net.http java.scripting java.security.jgss java.transaction.xa java.sql java.sql.rowset java.xml.crypto java.se java.smartcardio jdk.accessibility jdk.internal.jvmstat jdk.attach jdk.charsets jdk.internal.opt jdk.zipfs jdk.compiler jdk.crypto.ec jdk.crypto.cryptoki jdk.crypto.mscapi jdk.dynalink jdk.internal.ed jdk.editpad jdk.hotspot.agent jdk.httpserver jdk.internal.le jdk.internal.vm.ci jdk.internal.vm.compiler jdk.internal.vm.compiler.management jdk.jartool jdk.javadoc jdk.jcmd jdk.management jdk.management.agent jdk.jconsole jdk.jdeps jdk.jdwp.agent jdk.jdi jdk.jfr jdk.jshell jdk.jsobject jdk.jstatd jdk.localedata jdk.management.jfr jdk.naming.dns jdk.naming.rmi jdk.net jdk.nio.mapmode jdk.random jdk.sctp jdk.security.auth jdk.security.jgss jdk.unsupported jdk.unsupported.desktop jdk.xml.dom" 

Environment Variables:
PATH=C:\Users\dhruv\AppData\Local\Programs\Microsoft VS Code;C:\Program Files\Common Files\Oracle\Java\javapath;C:\Windows\system32;C:\Windows;C:\Windows\System32\Wbem;C:\Windows\System32\WindowsPowerShell\v1.0\;C:\Windows\System32\OpenSSH\;C:\Program Files\nodejs\;C:\Program Files\Git\cmd;C:\Program Files\MongoDB\Server\8.0\bin;C:\Program Files\MySQL\MySQL Server 8.0\bin;C:\Users\dhruv\Downloads\gradle-8.14.3\bin;C:\Program Files\Docker\Docker\resources\bin;C:\Program Files\Apache\MAVEN\bin;C:\Program Files\Apache\MAVEN\apache-maven-3.9.12\bin;C:\Program Files\MySQL\MySQL Shell 8.0\bin\;C:\Users\dhruv\AppData\Local\Microsoft\WindowsApps;C:\Users\dhruv\AppData\Local\Programs\Microsoft VS Code\bin;C:\Users\dhruv\AppData\Roaming\npm;C:\Program Files\JetBrains\IntelliJ IDEA Community Edition 2025.1.4.1\bin;C:\Users\dhruv\AppData\Local\Programs\cursor\resources\app\bin
USERNAME=dhruv
OS=Windows_NT
PROCESSOR_IDENTIFIER=Intel64 Family 6 Model 186 Stepping 2, GenuineIntel
TMP=C:\Users\dhruv\AppData\Local\Temp
TEMP=C:\Users\dhruv\AppData\Local\Temp




Periodic native trim disabled

---------------  S Y S T E M  ---------------

OS:
 Windows 11 , 64 bit Build 26100 (10.0.26100.7920)
OS uptime: 0 days 23:22 hours
Hyper-V role detected

CPU: total 12 (initial active 12) (6 cores per cpu, 2 threads per core) family 6 model 186 stepping 2 microcode 0x6134, cx8, cmov, fxsr, ht, mmx, 3dnowpref, sse, sse2, sse3, ssse3, sse4.1, sse4.2, popcnt, lzcnt, tsc, tscinvbit, avx, avx2, aes, erms, clmul, bmi1, bmi2, adx, sha, fma, vzeroupper, clflush, clflushopt, clwb, hv, serialize, rdtscp, rdpid, fsrm, f16c, cet_ibt, cet_ss
Processor Information for processor 0
  Max Mhz: 2100, Current Mhz: 2100, Mhz Limit: 2100
Processor Information for processor 1
  Max Mhz: 2100, Current Mhz: 2100, Mhz Limit: 2100
Processor Information for processor 2
  Max Mhz: 2100, Current Mhz: 1453, Mhz Limit: 2100
Processor Information for processor 3
  Max Mhz: 2100, Current Mhz: 2100, Mhz Limit: 2100
Processor Information for processor 4
  Max Mhz: 2100, Current Mhz: 2100, Mhz Limit: 2100
Processor Information for processor 5
  Max Mhz: 2100, Current Mhz: 2100, Mhz Limit: 2100
Processor Information for processor 6
  Max Mhz: 2100, Current Mhz: 2100, Mhz Limit: 2100
Processor Information for processor 7
  Max Mhz: 2100, Current Mhz: 2100, Mhz Limit: 2100
Processor Information for processor 8
  Max Mhz: 2100, Current Mhz: 1500, Mhz Limit: 1491
Processor Information for processor 9
  Max Mhz: 2100, Current Mhz: 1500, Mhz Limit: 1491
Processor Information for processor 10
  Max Mhz: 2100, Current Mhz: 1500, Mhz Limit: 1491
Processor Information for processor 11
  Max Mhz: 2100, Current Mhz: 1500, Mhz Limit: 1491

Memory: 4k page, system-wide physical 16076M (4056M free)
TotalPageFile size 46395M (AvailPageFile size 4M)
current process WorkingSet (physical memory assigned to process): 301M, peak: 348M
current process commit charge ("private bytes"): 378M, peak: 423M

vm_info: OpenJDK 64-Bit Server VM (21.0.10+7-LTS) for windows-amd64 JRE (21.0.10+7-LTS), built on 2026-01-20T00:00:00Z by "admin" with MS VC++ 17.12 (VS2022)

END.
