#
# There is insufficient memory for the Java Runtime Environment to continue.
# Native memory allocation (malloc) failed to allocate 1869488 bytes. Error detail: Chunk::new
# Possible reasons:
#   The system is out of physical RAM or swap space
#   This process is running with CompressedOops enabled, and the Java Heap may be blocking the growth of the native heap
# Possible solutions:
#   Reduce memory load on the system
#   Increase physical memory or swap space
#   Check if swap backing store is full
#   Decrease Java heap size (-Xmx/-Xms)
#   Decrease number of Java threads
#   Decrease Java thread stack sizes (-Xss)
#   Set larger code cache with -XX:ReservedCodeCacheSize=
#   JVM is running with Unscaled Compressed Oops mode in which the Java heap is
#     placed in the first 4GB address space. The Java Heap base address is the
#     maximum limit for the native heap growth. Please use -XX:HeapBaseMinAddress
#     to set the Java Heap base and to place the Java Heap above 4GB virtual address.
# This output file may be truncated or incomplete.
#
#  Out of Memory Error (arena.cpp:168), pid=8144, tid=27352
#
# JRE version: OpenJDK Runtime Environment Temurin-21.0.10+7 (21.0.10+7) (build 21.0.10+7-LTS)
# Java VM: OpenJDK 64-Bit Server VM Temurin-21.0.10+7 (21.0.10+7-LTS, mixed mode, sharing, tiered, compressed oops, compressed class ptrs, parallel gc, windows-amd64)
# No core dump will be written. Minidumps are not enabled by default on client versions of Windows
#

---------------  S U M M A R Y ------------

Command Line: --add-modules=ALL-SYSTEM --add-opens=java.base/java.util=ALL-UNNAMED --add-opens=java.base/java.lang=ALL-UNNAMED --add-opens=java.base/sun.nio.fs=ALL-UNNAMED -Declipse.application=org.eclipse.jdt.ls.core.id1 -Dosgi.bundles.defaultStartLevel=4 -Declipse.product=org.eclipse.jdt.ls.core.product -Djava.import.generatesMetadataFilesAtProjectRoot=false -DDetectVMInstallationsJob.disabled=true -Dfile.encoding=utf8 -XX:+UseParallelGC -XX:GCTimeRatio=4 -XX:AdaptiveSizePolicyWeight=90 -Dsun.zip.disableMemoryMapping=true -Xmx2G -Xms100m -Xlog:disable -javaagent:c:\Users\dhruv\.vscode\extensions\redhat.java-1.53.0-win32-x64\lombok\lombok-1.18.39-4050.jar -XX:+HeapDumpOnOutOfMemoryError -XX:HeapDumpPath=c:\Users\dhruv\AppData\Roaming\Code\User\workspaceStorage\7d28d01f3346ece97dc27ea15ebc63fd\redhat.java -Daether.dependencyCollector.impl=bf c:\Users\dhruv\.vscode\extensions\redhat.java-1.53.0-win32-x64\server\plugins\org.eclipse.equinox.launcher_1.7.100.v20251111-0406.jar -configuration c:\Users\dhruv\AppData\Roaming\Code\User\globalStorage\redhat.java\1.53.0\config_win -data c:\Users\dhruv\AppData\Roaming\Code\User\workspaceStorage\7d28d01f3346ece97dc27ea15ebc63fd\redhat.java\jdt_ws --pipe=\\.\pipe\lsp-b835d36d033f2d66ebfccd84828c6fc8-sock

Host: 13th Gen Intel(R) Core(TM) i5-13420H, 12 cores, 15G,  Windows 11 , 64 bit Build 26100 (10.0.26100.7920)
Time: Sun Mar 29 14:15:26 2026 India Standard Time elapsed time: 13.089281 seconds (0d 0h 0m 13s)

---------------  T H R E A D  ---------------

Current thread (0x00000147e79a8ce0):  JavaThread "C2 CompilerThread1" daemon [_thread_in_native, id=27352, stack(0x0000001d7ca00000,0x0000001d7cb00000) (1024K)]


Current CompileTask:
C2:13089 4090   !   4       org.eclipse.osgi.internal.loader.classpath.ClasspathManager::findClassImpl (328 bytes)

Stack: [0x0000001d7ca00000,0x0000001d7cb00000]
Native frames: (J=compiled Java code, j=interpreted, Vv=VM code, C=native code)
V  [jvm.dll+0x6d7a39]
V  [jvm.dll+0x8b4b26]
V  [jvm.dll+0x8b70de]
V  [jvm.dll+0x8b77c3]
V  [jvm.dll+0x284346]
V  [jvm.dll+0xc66ed]
V  [jvm.dll+0xc6c31]
V  [jvm.dll+0x3bec3b]
V  [jvm.dll+0x1e3f69]
V  [jvm.dll+0x24c6b3]
V  [jvm.dll+0x24bb40]
V  [jvm.dll+0x1cb34e]
V  [jvm.dll+0x25b85d]
V  [jvm.dll+0x259dea]
V  [jvm.dll+0x3f857e]
V  [jvm.dll+0x85f59d]
V  [jvm.dll+0x6d626d]
C  [ucrtbase.dll+0x37b0]
C  [KERNEL32.DLL+0x2e8d7]
C  [ntdll.dll+0x8c48c]


---------------  P R O C E S S  ---------------

Threads class SMR info:
_java_thread_list=0x00000147e9713610, length=27, elements={
0x0000014788b42c40, 0x0000014788aedd10, 0x0000014788be1270, 0x0000014788be48f0,
0x0000014788be5550, 0x0000014788bea0d0, 0x0000014788beab30, 0x0000014788beb8c0,
0x00000147e18caaf0, 0x00000147e1a85c10, 0x00000147e1bdf840, 0x00000147e75a2c10,
0x00000147e77859b0, 0x00000147e7778680, 0x00000147e7240f80, 0x00000147e7d35d40,
0x00000147e78ea4f0, 0x00000147e18ec8f0, 0x00000147e1926ff0, 0x00000147e1926960,
0x00000147e19283a0, 0x00000147e79a8ce0, 0x00000147e89ec320, 0x00000147e19262d0,
0x00000147e1927680, 0x00000147e1927d10, 0x00000147e19255b0
}

Java Threads: ( => current thread )
  0x0000014788b42c40 JavaThread "main"                              [_thread_blocked, id=40256, stack(0x0000001d7a900000,0x0000001d7aa00000) (1024K)]
  0x0000014788aedd10 JavaThread "Reference Handler"          daemon [_thread_blocked, id=12344, stack(0x0000001d7ad00000,0x0000001d7ae00000) (1024K)]
  0x0000014788be1270 JavaThread "Finalizer"                  daemon [_thread_blocked, id=36984, stack(0x0000001d7ae00000,0x0000001d7af00000) (1024K)]
  0x0000014788be48f0 JavaThread "Signal Dispatcher"          daemon [_thread_blocked, id=23652, stack(0x0000001d7af00000,0x0000001d7b000000) (1024K)]
  0x0000014788be5550 JavaThread "Attach Listener"            daemon [_thread_blocked, id=24700, stack(0x0000001d7b000000,0x0000001d7b100000) (1024K)]
  0x0000014788bea0d0 JavaThread "Service Thread"             daemon [_thread_blocked, id=14328, stack(0x0000001d7b100000,0x0000001d7b200000) (1024K)]
  0x0000014788beab30 JavaThread "Monitor Deflation Thread"   daemon [_thread_blocked, id=38092, stack(0x0000001d7b200000,0x0000001d7b300000) (1024K)]
  0x0000014788beb8c0 JavaThread "C2 CompilerThread0"         daemon [_thread_blocked, id=6244, stack(0x0000001d7b300000,0x0000001d7b400000) (1024K)]
  0x00000147e18caaf0 JavaThread "C1 CompilerThread0"         daemon [_thread_blocked, id=41680, stack(0x0000001d7b400000,0x0000001d7b500000) (1024K)]
  0x00000147e1a85c10 JavaThread "Common-Cleaner"             daemon [_thread_blocked, id=33404, stack(0x0000001d7b600000,0x0000001d7b700000) (1024K)]
  0x00000147e1bdf840 JavaThread "Notification Thread"        daemon [_thread_blocked, id=34812, stack(0x0000001d7b700000,0x0000001d7b800000) (1024K)]
  0x00000147e75a2c10 JavaThread "Active Thread: Equinox Container: a1a0b343-d3b3-48b2-bb7a-7cfb27496339"        [_thread_blocked, id=46228, stack(0x0000001d7b800000,0x0000001d7b900000) (1024K)]
  0x00000147e77859b0 JavaThread "Refresh Thread: Equinox Container: a1a0b343-d3b3-48b2-bb7a-7cfb27496339" daemon [_thread_blocked, id=35540, stack(0x0000001d7c000000,0x0000001d7c100000) (1024K)]
  0x00000147e7778680 JavaThread "Framework Event Dispatcher: Equinox Container: a1a0b343-d3b3-48b2-bb7a-7cfb27496339" daemon [_thread_blocked, id=17024, stack(0x0000001d7c100000,0x0000001d7c200000) (1024K)]
  0x00000147e7240f80 JavaThread "Start Level: Equinox Container: a1a0b343-d3b3-48b2-bb7a-7cfb27496339" daemon [_thread_blocked, id=29944, stack(0x0000001d7b500000,0x0000001d7b600000) (1024K)]
  0x00000147e7d35d40 JavaThread "Bundle File Closer"         daemon [_thread_blocked, id=8536, stack(0x0000001d7c600000,0x0000001d7c700000) (1024K)]
  0x00000147e78ea4f0 JavaThread "SCR Component Actor"        daemon [_thread_blocked, id=30808, stack(0x0000001d7c200000,0x0000001d7c300000) (1024K)]
  0x00000147e18ec8f0 JavaThread "Worker-JM"                         [_thread_blocked, id=10600, stack(0x0000001d7c700000,0x0000001d7c800000) (1024K)]
  0x00000147e1926ff0 JavaThread "JNA Cleaner"                daemon [_thread_blocked, id=36024, stack(0x0000001d7c300000,0x0000001d7c400000) (1024K)]
  0x00000147e1926960 JavaThread "Worker-0: Loading available Gradle versions"        [_thread_blocked, id=41076, stack(0x0000001d7c800000,0x0000001d7c900000) (1024K)]
  0x00000147e19283a0 JavaThread "Worker-1: Repository registry initialization"        [_thread_blocked, id=14672, stack(0x0000001d7c900000,0x0000001d7ca00000) (1024K)]
=>0x00000147e79a8ce0 JavaThread "C2 CompilerThread1"         daemon [_thread_in_native, id=27352, stack(0x0000001d7ca00000,0x0000001d7cb00000) (1024K)]
  0x00000147e89ec320 JavaThread "C2 CompilerThread2"         daemon [_thread_blocked, id=27644, stack(0x0000001d7cb00000,0x0000001d7cc00000) (1024K)]
  0x00000147e19262d0 JavaThread "Java indexing"              daemon [_thread_blocked, id=13620, stack(0x0000001d7cc00000,0x0000001d7cd00000) (1024K)]
  0x00000147e1927680 JavaThread "Worker-2: Initialize After Load"        [_thread_blocked, id=13176, stack(0x0000001d7cd00000,0x0000001d7ce00000) (1024K)]
  0x00000147e1927d10 JavaThread "Worker-3"                          [_thread_blocked, id=39728, stack(0x0000001d7d000000,0x0000001d7d100000) (1024K)]
  0x00000147e19255b0 JavaThread "Worker-4"                          [_thread_blocked, id=28816, stack(0x0000001d7d100000,0x0000001d7d200000) (1024K)]
Total: 27

Other Threads:
  0x0000014788ad2a70 VMThread "VM Thread"                           [id=36260, stack(0x0000001d7ac00000,0x0000001d7ad00000) (1024K)]
  0x00000147889cca00 WatcherThread "VM Periodic Task Thread"        [id=7476, stack(0x0000001d7ab00000,0x0000001d7ac00000) (1024K)]
  0x0000014788b620a0 WorkerThread "GC Thread#0"                     [id=34944, stack(0x0000001d7aa00000,0x0000001d7ab00000) (1024K)]
  0x00000147e7766310 WorkerThread "GC Thread#1"                     [id=10484, stack(0x0000001d7b900000,0x0000001d7ba00000) (1024K)]
  0x00000147e700ab70 WorkerThread "GC Thread#2"                     [id=41064, stack(0x0000001d7ba00000,0x0000001d7bb00000) (1024K)]
  0x00000147e700af20 WorkerThread "GC Thread#3"                     [id=18248, stack(0x0000001d7bb00000,0x0000001d7bc00000) (1024K)]
  0x00000147e700b2d0 WorkerThread "GC Thread#4"                     [id=32676, stack(0x0000001d7bc00000,0x0000001d7bd00000) (1024K)]
  0x00000147e700b680 WorkerThread "GC Thread#5"                     [id=36688, stack(0x0000001d7bd00000,0x0000001d7be00000) (1024K)]
  0x00000147e769e210 WorkerThread "GC Thread#6"                     [id=22288, stack(0x0000001d7be00000,0x0000001d7bf00000) (1024K)]
  0x00000147e78ee540 WorkerThread "GC Thread#7"                     [id=35720, stack(0x0000001d7bf00000,0x0000001d7c000000) (1024K)]
  0x00000147e7a966c0 WorkerThread "GC Thread#8"                     [id=30596, stack(0x0000001d7c400000,0x0000001d7c500000) (1024K)]
  0x00000147e7aedd10 WorkerThread "GC Thread#9"                     [id=39948, stack(0x0000001d7c500000,0x0000001d7c600000) (1024K)]
Total: 12

Threads with active compile tasks:
C2 CompilerThread0  13125 4724       4       java.util.ArrayList::indexOfRange (71 bytes)
C2 CompilerThread1  13125 4090   !   4       org.eclipse.osgi.internal.loader.classpath.ClasspathManager::findClassImpl (328 bytes)
C2 CompilerThread2  13125 4726   !   4       java.util.WeakHashMap::expungeStaleEntries (139 bytes)
Total: 3

VM state: at safepoint (normal execution)

VM Mutex/Monitor currently owned by a thread:  ([mutex/lock_event])
[0x00007ffc0630e560] Threads_lock - owner thread: 0x0000014788ad2a70
[0x00007ffc0630e660] Heap_lock - owner thread: 0x00000147e19283a0

Heap address: 0x0000000080000000, size: 2048 MB, Compressed Oops mode: 32-bit

CDS archive(s) mapped at: [0x00000147a0000000-0x00000147a0ba0000-0x00000147a0ba0000), size 12189696, SharedBaseAddress: 0x00000147a0000000, ArchiveRelocationMode: 1.
Compressed class space mapped at: 0x00000147a1000000-0x00000147e1000000, reserved size: 1073741824
Narrow klass base: 0x00000147a0000000, Narrow klass shift: 0, Narrow klass range: 0x100000000

GC Precious Log:
 CardTable entry size: 512
 CPUs: 12 total, 12 available
 Memory: 16076M
 Large Page Support: Disabled
 NUMA Support: Disabled
 Compressed Oops: Enabled (32-bit)
 Alignments: Space 512K, Generation 512K, Heap 2M
 Heap Min Capacity: 100M
 Heap Initial Capacity: 100M
 Heap Max Capacity: 2G
 Pre-touch: Disabled
 Parallel Workers: 10

Heap:
 PSYoungGen      total 23552K, used 1510K [0x00000000d5580000, 0x00000000d7100000, 0x0000000100000000)
  eden space 22016K, 0% used [0x00000000d5580000,0x00000000d5580000,0x00000000d6b00000)
  from space 1536K, 98% used [0x00000000d6e80000,0x00000000d6ff9860,0x00000000d7000000)
  to   space 1024K, 0% used [0x00000000d7000000,0x00000000d7000000,0x00000000d7100000)
 ParOldGen       total 68608K, used 18996K [0x0000000080000000, 0x0000000084300000, 0x00000000d5580000)
  object space 68608K, 27% used [0x0000000080000000,0x000000008128d290,0x0000000084300000)
 Metaspace       used 34722K, committed 35840K, reserved 1114112K
  class space    used 3636K, committed 4096K, reserved 1048576K

Card table byte_map: [0x00000147884e0000,0x00000147888f0000] _byte_map_base: 0x00000147880e0000

Marking Bits: (ParMarkBitMap*) 0x00007ffc06313450
 Begin Bits: [0x000001479aff0000, 0x000001479cff0000)
 End Bits:   [0x000001479cff0000, 0x000001479eff0000)

Polling page: 0x0000014786920000

Metaspace:

Usage:
  Non-class:     30.36 MB used.
      Class:      3.55 MB used.
       Both:     33.91 MB used.

Virtual space:
  Non-class space:       64.00 MB reserved,      31.00 MB ( 48%) committed,  1 nodes.
      Class space:        1.00 GB reserved,       4.00 MB ( <1%) committed,  1 nodes.
             Both:        1.06 GB reserved,      35.00 MB (  3%) committed. 

Chunk freelists:
   Non-Class:  576.00 KB
       Class:  11.95 MB
        Both:  12.52 MB

MaxMetaspaceSize: unlimited
CompressedClassSpaceSize: 1.00 GB
Initial GC threshold: 21.00 MB
Current GC threshold: 35.00 MB
CDS: on
 - commit_granule_bytes: 65536.
 - commit_granule_words: 8192.
 - virtual_space_node_default_size: 8388608.
 - enlarge_chunks_in_place: 1.
 - use_allocation_guard: 0.


Internal statistics:

num_allocs_failed_limit: 6.
num_arena_births: 874.
num_arena_deaths: 14.
num_vsnodes_births: 2.
num_vsnodes_deaths: 0.
num_space_committed: 560.
num_space_uncommitted: 0.
num_chunks_returned_to_freelist: 20.
num_chunks_taken_from_freelist: 2407.
num_chunk_merges: 9.
num_chunk_splits: 1513.
num_chunks_enlarged: 856.
num_inconsistent_stats: 0.

CodeHeap 'non-profiled nmethods': size=120000Kb used=2302Kb max_used=2302Kb free=117697Kb
 bounds [0x0000014793810000, 0x0000014793a80000, 0x000001479ad40000]
CodeHeap 'profiled nmethods': size=120000Kb used=9670Kb max_used=9670Kb free=110329Kb
 bounds [0x000001478bd40000, 0x000001478c6c0000, 0x0000014793270000]
CodeHeap 'non-nmethods': size=5760Kb used=1351Kb max_used=1399Kb free=4408Kb
 bounds [0x0000014793270000, 0x00000147934e0000, 0x0000014793810000]
CodeCache: size=245760Kb, used=13323Kb, max_used=13371Kb, free=232434Kb
 total_blobs=5360, nmethods=4713, adapters=553, full_count=0
Compilation: enabled, stopped_count=0, restarted_count=0

Compilation events (20 events):
Event: 12.049 Thread 0x00000147e18caaf0 nmethod 4700 0x0000014793a4cd10 code [0x0000014793a4cea0, 0x0000014793a4cf68]
Event: 12.049 Thread 0x00000147e18caaf0 4709       3       org.eclipse.core.internal.resources.Resource$$Lambda/0x00000147a1213480::visitElement (27 bytes)
Event: 12.051 Thread 0x00000147e18caaf0 nmethod 4709 0x000001478c6a7810 code [0x000001478c6a79c0, 0x000001478c6a7b30]
Event: 12.051 Thread 0x00000147e18caaf0 4705       1       org.eclipse.core.internal.dtree.AbstractDataTreeNode::getChildren (5 bytes)
Event: 12.052 Thread 0x00000147e18caaf0 nmethod 4705 0x0000014793a4d010 code [0x0000014793a4d1a0, 0x0000014793a4d268]
Event: 12.053 Thread 0x00000147e18caaf0 4716       3       sun.reflect.annotation.AnnotationInvocationHandler::invoke (182 bytes)
Event: 12.058 Thread 0x00000147e18caaf0 nmethod 4716 0x000001478c6a7c10 code [0x000001478c6a7f60, 0x000001478c6a90b8]
Event: 12.058 Thread 0x00000147e18caaf0 4717       3       com.google.common.cache.LocalCache::expiresAfterWrite (15 bytes)
Event: 12.058 Thread 0x00000147e18caaf0 nmethod 4717 0x000001478c6a9610 code [0x000001478c6a97a0, 0x000001478c6a9908]
Event: 12.058 Thread 0x00000147e18caaf0 4718       1       org.eclipse.core.internal.dtree.DataTreeNode::hasData (2 bytes)
Event: 12.058 Thread 0x00000147e18caaf0 nmethod 4718 0x0000014793a4d310 code [0x0000014793a4d4a0, 0x0000014793a4d568]
Event: 12.060 Thread 0x00000147e89ec320 nmethod 4174 0x0000014793a4d610 code [0x0000014793a4d7a0, 0x0000014793a4d9f0]
Event: 12.061 Thread 0x00000147e18caaf0 4719  s    3       org.eclipse.osgi.internal.loader.sources.NullPackageSource::getNullPackageSource (41 bytes)
Event: 12.063 Thread 0x00000147e89ec320 4722       4       org.objectweb.asm.ClassReader::readUtf (161 bytes)
Event: 12.063 Thread 0x00000147e18caaf0 nmethod 4719 0x000001478c6a9990 code [0x000001478c6a9ba0, 0x000001478c6aa290]
Event: 12.063 Thread 0x00000147e18caaf0 4720       3       org.objectweb.asm.ClassReader::readMethod (1070 bytes)
Event: 12.079 Thread 0x0000014788beb8c0 nmethod 4715 0x0000014793a4dc10 code [0x0000014793a4de00, 0x0000014793a4e590]
Event: 12.084 Thread 0x0000014788beb8c0 4426       4       java.util.Collections::emptyMap (4 bytes)
Event: 12.086 Thread 0x0000014788beb8c0 nmethod 4426 0x0000014793a4e990 code [0x0000014793a4eb20, 0x0000014793a4eb90]
Event: 12.086 Thread 0x0000014788beb8c0 4724       4       java.util.ArrayList::indexOfRange (71 bytes)

GC Heap History (20 events):
Event: 4.819 GC heap before
{Heap before GC invocations=4 (full 0):
 PSYoungGen      total 29696K, used 29678K [0x00000000d5580000, 0x00000000d7680000, 0x0000000100000000)
  eden space 25600K, 100% used [0x00000000d5580000,0x00000000d6e80000,0x00000000d6e80000)
  from space 4096K, 99% used [0x00000000d6e80000,0x00000000d727b818,0x00000000d7280000)
  to   space 4096K, 0% used [0x00000000d7280000,0x00000000d7280000,0x00000000d7680000)
 ParOldGen       total 68608K, used 4980K [0x0000000080000000, 0x0000000084300000, 0x00000000d5580000)
  object space 68608K, 7% used [0x0000000080000000,0x00000000804dd0e0,0x0000000084300000)
 Metaspace       used 11623K, committed 12032K, reserved 1114112K
  class space    used 1234K, committed 1408K, reserved 1048576K
}
Event: 4.829 GC heap after
{Heap after GC invocations=4 (full 0):
 PSYoungGen      total 29696K, used 4085K [0x00000000d5580000, 0x00000000d7680000, 0x0000000100000000)
  eden space 25600K, 0% used [0x00000000d5580000,0x00000000d5580000,0x00000000d6e80000)
  from space 4096K, 99% used [0x00000000d7280000,0x00000000d767d7e8,0x00000000d7680000)
  to   space 4096K, 0% used [0x00000000d6e80000,0x00000000d6e80000,0x00000000d7280000)
 ParOldGen       total 68608K, used 6721K [0x0000000080000000, 0x0000000084300000, 0x00000000d5580000)
  object space 68608K, 9% used [0x0000000080000000,0x0000000080690570,0x0000000084300000)
 Metaspace       used 11623K, committed 12032K, reserved 1114112K
  class space    used 1234K, committed 1408K, reserved 1048576K
}
Event: 8.502 GC heap before
{Heap before GC invocations=5 (full 0):
 PSYoungGen      total 29696K, used 29685K [0x00000000d5580000, 0x00000000d7680000, 0x0000000100000000)
  eden space 25600K, 100% used [0x00000000d5580000,0x00000000d6e80000,0x00000000d6e80000)
  from space 4096K, 99% used [0x00000000d7280000,0x00000000d767d7e8,0x00000000d7680000)
  to   space 4096K, 0% used [0x00000000d6e80000,0x00000000d6e80000,0x00000000d7280000)
 ParOldGen       total 68608K, used 6721K [0x0000000080000000, 0x0000000084300000, 0x00000000d5580000)
  object space 68608K, 9% used [0x0000000080000000,0x0000000080690570,0x0000000084300000)
 Metaspace       used 15554K, committed 16064K, reserved 1114112K
  class space    used 1624K, committed 1856K, reserved 1048576K
}
Event: 8.505 GC heap after
{Heap after GC invocations=5 (full 0):
 PSYoungGen      total 29184K, used 4093K [0x00000000d5580000, 0x00000000d7900000, 0x0000000100000000)
  eden space 25088K, 0% used [0x00000000d5580000,0x00000000d5580000,0x00000000d6e00000)
  from space 4096K, 99% used [0x00000000d6e80000,0x00000000d727f6e8,0x00000000d7280000)
  to   space 5632K, 0% used [0x00000000d7380000,0x00000000d7380000,0x00000000d7900000)
 ParOldGen       total 68608K, used 7901K [0x0000000080000000, 0x0000000084300000, 0x00000000d5580000)
  object space 68608K, 11% used [0x0000000080000000,0x00000000807b7580,0x0000000084300000)
 Metaspace       used 15554K, committed 16064K, reserved 1114112K
  class space    used 1624K, committed 1856K, reserved 1048576K
}
Event: 9.035 GC heap before
{Heap before GC invocations=6 (full 0):
 PSYoungGen      total 29184K, used 29181K [0x00000000d5580000, 0x00000000d7900000, 0x0000000100000000)
  eden space 25088K, 100% used [0x00000000d5580000,0x00000000d6e00000,0x00000000d6e00000)
  from space 4096K, 99% used [0x00000000d6e80000,0x00000000d727f6e8,0x00000000d7280000)
  to   space 5632K, 0% used [0x00000000d7380000,0x00000000d7380000,0x00000000d7900000)
 ParOldGen       total 68608K, used 7901K [0x0000000080000000, 0x0000000084300000, 0x00000000d5580000)
  object space 68608K, 11% used [0x0000000080000000,0x00000000807b7580,0x0000000084300000)
 Metaspace       used 18636K, committed 19392K, reserved 1114112K
  class space    used 1969K, committed 2304K, reserved 1048576K
}
Event: 9.038 GC heap after
{Heap after GC invocations=6 (full 0):
 PSYoungGen      total 29696K, used 5117K [0x00000000d5580000, 0x00000000d7880000, 0x0000000100000000)
  eden space 24576K, 0% used [0x00000000d5580000,0x00000000d5580000,0x00000000d6d80000)
  from space 5120K, 99% used [0x00000000d7380000,0x00000000d787f5a8,0x00000000d7880000)
  to   space 5632K, 0% used [0x00000000d6d80000,0x00000000d6d80000,0x00000000d7300000)
 ParOldGen       total 68608K, used 7909K [0x0000000080000000, 0x0000000084300000, 0x00000000d5580000)
  object space 68608K, 11% used [0x0000000080000000,0x00000000807b9580,0x0000000084300000)
 Metaspace       used 18636K, committed 19392K, reserved 1114112K
  class space    used 1969K, committed 2304K, reserved 1048576K
}
Event: 9.357 GC heap before
{Heap before GC invocations=7 (full 0):
 PSYoungGen      total 29696K, used 25010K [0x00000000d5580000, 0x00000000d7880000, 0x0000000100000000)
  eden space 24576K, 80% used [0x00000000d5580000,0x00000000d68ed4d0,0x00000000d6d80000)
  from space 5120K, 99% used [0x00000000d7380000,0x00000000d787f5a8,0x00000000d7880000)
  to   space 5632K, 0% used [0x00000000d6d80000,0x00000000d6d80000,0x00000000d7300000)
 ParOldGen       total 68608K, used 7909K [0x0000000080000000, 0x0000000084300000, 0x00000000d5580000)
  object space 68608K, 11% used [0x0000000080000000,0x00000000807b9580,0x0000000084300000)
 Metaspace       used 20608K, committed 21504K, reserved 1114112K
  class space    used 2214K, committed 2624K, reserved 1048576K
}
Event: 9.360 GC heap after
{Heap after GC invocations=7 (full 0):
 PSYoungGen      total 29696K, used 4624K [0x00000000d5580000, 0x00000000d7780000, 0x0000000100000000)
  eden space 24576K, 0% used [0x00000000d5580000,0x00000000d5580000,0x00000000d6d80000)
  from space 5120K, 90% used [0x00000000d6d80000,0x00000000d72040e8,0x00000000d7280000)
  to   space 5120K, 0% used [0x00000000d7280000,0x00000000d7280000,0x00000000d7780000)
 ParOldGen       total 68608K, used 9441K [0x0000000080000000, 0x0000000084300000, 0x00000000d5580000)
  object space 68608K, 13% used [0x0000000080000000,0x0000000080938550,0x0000000084300000)
 Metaspace       used 20608K, committed 21504K, reserved 1114112K
  class space    used 2214K, committed 2624K, reserved 1048576K
}
Event: 9.360 GC heap before
{Heap before GC invocations=8 (full 1):
 PSYoungGen      total 29696K, used 4624K [0x00000000d5580000, 0x00000000d7780000, 0x0000000100000000)
  eden space 24576K, 0% used [0x00000000d5580000,0x00000000d5580000,0x00000000d6d80000)
  from space 5120K, 90% used [0x00000000d6d80000,0x00000000d72040e8,0x00000000d7280000)
  to   space 5120K, 0% used [0x00000000d7280000,0x00000000d7280000,0x00000000d7780000)
 ParOldGen       total 68608K, used 9441K [0x0000000080000000, 0x0000000084300000, 0x00000000d5580000)
  object space 68608K, 13% used [0x0000000080000000,0x0000000080938550,0x0000000084300000)
 Metaspace       used 20608K, committed 21504K, reserved 1114112K
  class space    used 2214K, committed 2624K, reserved 1048576K
}
Event: 9.385 GC heap after
{Heap after GC invocations=8 (full 1):
 PSYoungGen      total 29696K, used 0K [0x00000000d5580000, 0x00000000d7780000, 0x0000000100000000)
  eden space 24576K, 0% used [0x00000000d5580000,0x00000000d5580000,0x00000000d6d80000)
  from space 5120K, 0% used [0x00000000d6d80000,0x00000000d6d80000,0x00000000d7280000)
  to   space 5120K, 0% used [0x00000000d7280000,0x00000000d7280000,0x00000000d7780000)
 ParOldGen       total 68608K, used 13476K [0x0000000080000000, 0x0000000084300000, 0x00000000d5580000)
  object space 68608K, 19% used [0x0000000080000000,0x0000000080d29330,0x0000000084300000)
 Metaspace       used 20596K, committed 21504K, reserved 1114112K
  class space    used 2210K, committed 2624K, reserved 1048576K
}
Event: 9.560 GC heap before
{Heap before GC invocations=9 (full 1):
 PSYoungGen      total 29696K, used 24576K [0x00000000d5580000, 0x00000000d7780000, 0x0000000100000000)
  eden space 24576K, 100% used [0x00000000d5580000,0x00000000d6d80000,0x00000000d6d80000)
  from space 5120K, 0% used [0x00000000d6d80000,0x00000000d6d80000,0x00000000d7280000)
  to   space 5120K, 0% used [0x00000000d7280000,0x00000000d7280000,0x00000000d7780000)
 ParOldGen       total 68608K, used 13476K [0x0000000080000000, 0x0000000084300000, 0x00000000d5580000)
  object space 68608K, 19% used [0x0000000080000000,0x0000000080d29330,0x0000000084300000)
 Metaspace       used 22725K, committed 23744K, reserved 1114112K
  class space    used 2391K, committed 2816K, reserved 1048576K
}
Event: 9.561 GC heap after
{Heap after GC invocations=9 (full 1):
 PSYoungGen      total 25600K, used 1170K [0x00000000d5580000, 0x00000000d7400000, 0x0000000100000000)
  eden space 24064K, 0% used [0x00000000d5580000,0x00000000d5580000,0x00000000d6d00000)
  from space 1536K, 76% used [0x00000000d7280000,0x00000000d73a4aa0,0x00000000d7400000)
  to   space 2560K, 0% used [0x00000000d6f00000,0x00000000d6f00000,0x00000000d7180000)
 ParOldGen       total 68608K, used 13484K [0x0000000080000000, 0x0000000084300000, 0x00000000d5580000)
  object space 68608K, 19% used [0x0000000080000000,0x0000000080d2b330,0x0000000084300000)
 Metaspace       used 22725K, committed 23744K, reserved 1114112K
  class space    used 2391K, committed 2816K, reserved 1048576K
}
Event: 10.820 GC heap before
{Heap before GC invocations=10 (full 1):
 PSYoungGen      total 25600K, used 25234K [0x00000000d5580000, 0x00000000d7400000, 0x0000000100000000)
  eden space 24064K, 100% used [0x00000000d5580000,0x00000000d6d00000,0x00000000d6d00000)
  from space 1536K, 76% used [0x00000000d7280000,0x00000000d73a4aa0,0x00000000d7400000)
  to   space 2560K, 0% used [0x00000000d6f00000,0x00000000d6f00000,0x00000000d7180000)
 ParOldGen       total 68608K, used 13484K [0x0000000080000000, 0x0000000084300000, 0x00000000d5580000)
  object space 68608K, 19% used [0x0000000080000000,0x0000000080d2b330,0x0000000084300000)
 Metaspace       used 26352K, committed 27328K, reserved 1114112K
  class space    used 2659K, committed 3072K, reserved 1048576K
}
Event: 10.821 GC heap after
{Heap after GC invocations=10 (full 1):
 PSYoungGen      total 25600K, used 1654K [0x00000000d5580000, 0x00000000d7300000, 0x0000000100000000)
  eden space 23552K, 0% used [0x00000000d5580000,0x00000000d5580000,0x00000000d6c80000)
  from space 2048K, 80% used [0x00000000d6f00000,0x00000000d709d870,0x00000000d7100000)
  to   space 2048K, 0% used [0x00000000d7100000,0x00000000d7100000,0x00000000d7300000)
 ParOldGen       total 68608K, used 13492K [0x0000000080000000, 0x0000000084300000, 0x00000000d5580000)
  object space 68608K, 19% used [0x0000000080000000,0x0000000080d2d330,0x0000000084300000)
 Metaspace       used 26352K, committed 27328K, reserved 1114112K
  class space    used 2659K, committed 3072K, reserved 1048576K
}
Event: 10.942 GC heap before
{Heap before GC invocations=11 (full 1):
 PSYoungGen      total 25600K, used 25170K [0x00000000d5580000, 0x00000000d7300000, 0x0000000100000000)
  eden space 23552K, 99% used [0x00000000d5580000,0x00000000d6c77198,0x00000000d6c80000)
  from space 2048K, 80% used [0x00000000d6f00000,0x00000000d709d870,0x00000000d7100000)
  to   space 2048K, 0% used [0x00000000d7100000,0x00000000d7100000,0x00000000d7300000)
 ParOldGen       total 68608K, used 13492K [0x0000000080000000, 0x0000000084300000, 0x00000000d5580000)
  object space 68608K, 19% used [0x0000000080000000,0x0000000080d2d330,0x0000000084300000)
 Metaspace       used 27971K, committed 28992K, reserved 1114112K
  class space    used 2829K, committed 3264K, reserved 1048576K
}
Event: 10.944 GC heap after
{Heap after GC invocations=11 (full 1):
 PSYoungGen      total 25088K, used 1854K [0x00000000d5580000, 0x00000000d7300000, 0x0000000100000000)
  eden space 23040K, 0% used [0x00000000d5580000,0x00000000d5580000,0x00000000d6c00000)
  from space 2048K, 90% used [0x00000000d7100000,0x00000000d72cf970,0x00000000d7300000)
  to   space 2048K, 0% used [0x00000000d6f00000,0x00000000d6f00000,0x00000000d7100000)
 ParOldGen       total 68608K, used 15263K [0x0000000080000000, 0x0000000084300000, 0x00000000d5580000)
  object space 68608K, 22% used [0x0000000080000000,0x0000000080ee7f58,0x0000000084300000)
 Metaspace       used 27971K, committed 28992K, reserved 1114112K
  class space    used 2829K, committed 3264K, reserved 1048576K
}
Event: 11.251 GC heap before
{Heap before GC invocations=12 (full 1):
 PSYoungGen      total 25088K, used 24894K [0x00000000d5580000, 0x00000000d7300000, 0x0000000100000000)
  eden space 23040K, 100% used [0x00000000d5580000,0x00000000d6c00000,0x00000000d6c00000)
  from space 2048K, 90% used [0x00000000d7100000,0x00000000d72cf970,0x00000000d7300000)
  to   space 2048K, 0% used [0x00000000d6f00000,0x00000000d6f00000,0x00000000d7100000)
 ParOldGen       total 68608K, used 15263K [0x0000000080000000, 0x0000000084300000, 0x00000000d5580000)
  object space 68608K, 22% used [0x0000000080000000,0x0000000080ee7f58,0x0000000084300000)
 Metaspace       used 30909K, committed 31936K, reserved 1114112K
  class space    used 3162K, committed 3584K, reserved 1048576K
}
Event: 11.254 GC heap after
{Heap after GC invocations=12 (full 1):
 PSYoungGen      total 24064K, used 1368K [0x00000000d5580000, 0x00000000d7180000, 0x0000000100000000)
  eden space 22528K, 0% used [0x00000000d5580000,0x00000000d5580000,0x00000000d6b80000)
  from space 1536K, 89% used [0x00000000d6f00000,0x00000000d70560b0,0x00000000d7080000)
  to   space 1024K, 0% used [0x00000000d7080000,0x00000000d7080000,0x00000000d7180000)
 ParOldGen       total 68608K, used 16877K [0x0000000080000000, 0x0000000084300000, 0x00000000d5580000)
  object space 68608K, 24% used [0x0000000080000000,0x000000008107b628,0x0000000084300000)
 Metaspace       used 30909K, committed 31936K, reserved 1114112K
  class space    used 3162K, committed 3584K, reserved 1048576K
}
Event: 11.835 GC heap before
{Heap before GC invocations=13 (full 1):
 PSYoungGen      total 24064K, used 23896K [0x00000000d5580000, 0x00000000d7180000, 0x0000000100000000)
  eden space 22528K, 100% used [0x00000000d5580000,0x00000000d6b80000,0x00000000d6b80000)
  from space 1536K, 89% used [0x00000000d6f00000,0x00000000d70560b0,0x00000000d7080000)
  to   space 1024K, 0% used [0x00000000d7080000,0x00000000d7080000,0x00000000d7180000)
 ParOldGen       total 68608K, used 16877K [0x0000000080000000, 0x0000000084300000, 0x00000000d5580000)
  object space 68608K, 24% used [0x0000000080000000,0x000000008107b628,0x0000000084300000)
 Metaspace       used 33082K, committed 34176K, reserved 1114112K
  class space    used 3438K, committed 3904K, reserved 1048576K
}
Event: 11.840 GC heap after
{Heap after GC invocations=13 (full 1):
 PSYoungGen      total 23040K, used 992K [0x00000000d5580000, 0x00000000d7180000, 0x0000000100000000)
  eden space 22016K, 0% used [0x00000000d5580000,0x00000000d5580000,0x00000000d6b00000)
  from space 1024K, 96% used [0x00000000d7080000,0x00000000d7178000,0x00000000d7180000)
  to   space 1536K, 0% used [0x00000000d6e80000,0x00000000d6e80000,0x00000000d7000000)
 ParOldGen       total 68608K, used 18059K [0x0000000080000000, 0x0000000084300000, 0x00000000d5580000)
  object space 68608K, 26% used [0x0000000080000000,0x00000000811a2c18,0x0000000084300000)
 Metaspace       used 33082K, committed 34176K, reserved 1114112K
  class space    used 3438K, committed 3904K, reserved 1048576K
}

Dll operation events (10 events):
Event: 0.010 Loaded shared library c:\Users\dhruv\.vscode\extensions\redhat.java-1.53.0-win32-x64\jre\21.0.10-win32-x86_64\bin\java.dll
Event: 0.077 Loaded shared library c:\Users\dhruv\.vscode\extensions\redhat.java-1.53.0-win32-x64\jre\21.0.10-win32-x86_64\bin\zip.dll
Event: 0.096 Loaded shared library C:\Users\dhruv\.vscode\extensions\redhat.java-1.53.0-win32-x64\jre\21.0.10-win32-x86_64\bin\instrument.dll
Event: 0.100 Loaded shared library C:\Users\dhruv\.vscode\extensions\redhat.java-1.53.0-win32-x64\jre\21.0.10-win32-x86_64\bin\net.dll
Event: 0.102 Loaded shared library C:\Users\dhruv\.vscode\extensions\redhat.java-1.53.0-win32-x64\jre\21.0.10-win32-x86_64\bin\nio.dll
Event: 0.105 Loaded shared library C:\Users\dhruv\.vscode\extensions\redhat.java-1.53.0-win32-x64\jre\21.0.10-win32-x86_64\bin\zip.dll
Event: 0.121 Loaded shared library C:\Users\dhruv\.vscode\extensions\redhat.java-1.53.0-win32-x64\jre\21.0.10-win32-x86_64\bin\jimage.dll
Event: 0.198 Loaded shared library c:\Users\dhruv\.vscode\extensions\redhat.java-1.53.0-win32-x64\jre\21.0.10-win32-x86_64\bin\verify.dll
Event: 2.911 Loaded shared library C:\Users\dhruv\AppData\Roaming\Code\User\globalStorage\redhat.java\1.53.0\config_win\org.eclipse.equinox.launcher\org.eclipse.equinox.launcher.win32.win32.x86_64_1.3.0.v20260203-2149\eclipse_11919.dll
Event: 8.733 Loaded shared library C:\Users\dhruv\AppData\Local\Temp\jna-95563663\jna4429276324323091803.dll

Deoptimization events (20 events):
Event: 11.615 Thread 0x00000147e7240f80 DEOPT PACKING pc=0x0000014793864a8c sp=0x0000001d7b5fdf20
Event: 11.615 Thread 0x00000147e7240f80 DEOPT UNPACKING pc=0x00000147932c3aa2 sp=0x0000001d7b5fdec8 mode 2
Event: 11.703 Thread 0x00000147e7240f80 Uncommon trap: trap_request=0xffffff45 fr.pc=0x0000014793871444 relative=0x0000000000000124
Event: 11.703 Thread 0x00000147e7240f80 Uncommon trap: reason=unstable_if action=reinterpret pc=0x0000014793871444 method=jdk.internal.org.objectweb.asm.SymbolTable.put(Ljdk/internal/org/objectweb/asm/SymbolTable$Entry;)Ljdk/internal/org/objectweb/asm/SymbolTable$Entry; @ 13 c2
Event: 11.703 Thread 0x00000147e7240f80 DEOPT PACKING pc=0x0000014793871444 sp=0x0000001d7b5fbca0
Event: 11.703 Thread 0x00000147e7240f80 DEOPT UNPACKING pc=0x00000147932c3aa2 sp=0x0000001d7b5fbc00 mode 2
Event: 11.865 Thread 0x00000147e7240f80 Uncommon trap: trap_request=0xffffff45 fr.pc=0x00000147939e0968 relative=0x00000000000001c8
Event: 11.865 Thread 0x00000147e7240f80 Uncommon trap: reason=unstable_if action=reinterpret pc=0x00000147939e0968 method=java.util.concurrent.locks.ReentrantReadWriteLock$Sync.tryAcquireShared(I)I @ 81 c2
Event: 11.865 Thread 0x00000147e7240f80 DEOPT PACKING pc=0x00000147939e0968 sp=0x0000001d7b5fe050
Event: 11.865 Thread 0x00000147e7240f80 DEOPT UNPACKING pc=0x00000147932c3aa2 sp=0x0000001d7b5fdf70 mode 2
Event: 11.865 Thread 0x00000147e1927680 Uncommon trap: trap_request=0xffffff45 fr.pc=0x00000147939ddc10 relative=0x0000000000000170
Event: 11.865 Thread 0x00000147e1927680 Uncommon trap: reason=unstable_if action=reinterpret pc=0x00000147939ddc10 method=java.util.concurrent.locks.ReentrantReadWriteLock$Sync.tryAcquireShared(I)I @ 81 c2
Event: 11.866 Thread 0x00000147e1927680 DEOPT PACKING pc=0x00000147939ddc10 sp=0x0000001d7cdfe710
Event: 11.866 Thread 0x00000147e1927680 DEOPT UNPACKING pc=0x00000147932c3aa2 sp=0x0000001d7cdfe698 mode 2
Event: 11.898 Thread 0x00000147e19283a0 DEOPT PACKING pc=0x000001478c66f5d3 sp=0x0000001d7c9fde10
Event: 11.898 Thread 0x00000147e19283a0 DEOPT UNPACKING pc=0x00000147932c4242 sp=0x0000001d7c9fd280 mode 0
Event: 12.006 Thread 0x0000014788b42c40 Uncommon trap: trap_request=0xffffff45 fr.pc=0x0000014793a019e0 relative=0x0000000000001840
Event: 12.006 Thread 0x0000014788b42c40 Uncommon trap: reason=unstable_if action=reinterpret pc=0x0000014793a019e0 method=java.util.Properties.loadConvert([CIILjava/lang/StringBuilder;)Ljava/lang/String; @ 477 c2
Event: 12.006 Thread 0x0000014788b42c40 DEOPT PACKING pc=0x0000014793a019e0 sp=0x0000001d7a9f9a60
Event: 12.006 Thread 0x0000014788b42c40 DEOPT UNPACKING pc=0x00000147932c3aa2 sp=0x0000001d7a9f9a60 mode 2

Classes loaded (20 events):
Event: 11.785 Loading class java/security/spec/InvalidKeySpecException
Event: 11.785 Loading class java/security/spec/InvalidKeySpecException done
Event: 11.785 Loading class javax/crypto/NoSuchPaddingException
Event: 11.785 Loading class javax/crypto/NoSuchPaddingException done
Event: 11.790 Loading class javax/crypto/spec/PBEKeySpec
Event: 11.791 Loading class javax/crypto/spec/PBEKeySpec done
Event: 11.826 Loading class jdk/internal/reflect/MethodHandleBooleanFieldAccessorImpl
Event: 11.827 Loading class jdk/internal/reflect/MethodHandleBooleanFieldAccessorImpl done
Event: 11.865 Loading class java/util/concurrent/locks/ReentrantReadWriteLock$Sync$HoldCounter
Event: 11.865 Loading class java/util/concurrent/locks/ReentrantReadWriteLock$Sync$HoldCounter done
Event: 11.934 Loading class java/util/concurrent/Executors$DefaultThreadFactory
Event: 11.934 Loading class java/util/concurrent/Executors$DefaultThreadFactory done
Event: 11.963 Loading class javax/xml/parsers/FactoryConfigurationError
Event: 11.964 Loading class javax/xml/parsers/FactoryConfigurationError done
Event: 12.011 Loading class java/io/UncheckedIOException
Event: 12.012 Loading class java/io/UncheckedIOException done
Event: 12.016 Loading class java/nio/channels/spi/AbstractInterruptibleChannel$1
Event: 12.016 Loading class sun/nio/ch/Interruptible
Event: 12.016 Loading class sun/nio/ch/Interruptible done
Event: 12.016 Loading class java/nio/channels/spi/AbstractInterruptibleChannel$1 done

Classes unloaded (7 events):
Event: 9.365 Thread 0x0000014788ad2a70 Unloading class 0x00000147a11ab400 'java/lang/invoke/LambdaForm$MH+0x00000147a11ab400'
Event: 9.365 Thread 0x0000014788ad2a70 Unloading class 0x00000147a11ab000 'java/lang/invoke/LambdaForm$MH+0x00000147a11ab000'
Event: 9.365 Thread 0x0000014788ad2a70 Unloading class 0x00000147a11aac00 'java/lang/invoke/LambdaForm$MH+0x00000147a11aac00'
Event: 9.365 Thread 0x0000014788ad2a70 Unloading class 0x00000147a11aa800 'java/lang/invoke/LambdaForm$MH+0x00000147a11aa800'
Event: 9.365 Thread 0x0000014788ad2a70 Unloading class 0x00000147a11aa400 'java/lang/invoke/LambdaForm$BMH+0x00000147a11aa400'
Event: 9.365 Thread 0x0000014788ad2a70 Unloading class 0x00000147a11aa000 'java/lang/invoke/LambdaForm$DMH+0x00000147a11aa000'
Event: 9.365 Thread 0x0000014788ad2a70 Unloading class 0x00000147a11a8c00 'java/lang/invoke/LambdaForm$DMH+0x00000147a11a8c00'

Classes redefined (0 events):
No events

Internal exceptions (20 events):
Event: 9.399 Thread 0x00000147e7240f80 Exception <a 'java/lang/NoSuchMethodError'{0x00000000d5691740}: static Lorg/eclipse/m2e/core/internal/lifecyclemapping/model/PluginExecutionMetadata;.<clinit>()V> (0x00000000d5691740) 
thrown [s\src\hotspot\share\prims\jni.cpp, line 1111]
Event: 9.399 Thread 0x00000147e7240f80 Implicit null exception at 0x000001479397d524 to 0x000001479397df54
Event: 9.404 Thread 0x00000147e7240f80 Exception <a 'java/lang/NoSuchMethodError'{0x00000000d56f2080}: static Lorg/eclipse/m2e/core/internal/lifecyclemapping/model/PluginExecutionFilter;.<clinit>()V> (0x00000000d56f2080) 
thrown [s\src\hotspot\share\prims\jni.cpp, line 1111]
Event: 9.407 Thread 0x00000147e7240f80 Exception <a 'java/lang/NoSuchMethodError'{0x00000000d5721ab8}: static Lorg/eclipse/m2e/core/internal/project/registry/MavenProjectFacade$MavenProjectConfiguration;.<clinit>()V> (0x00000000d5721ab8) 
thrown [s\src\hotspot\share\prims\jni.cpp, line 1111]
Event: 9.458 Thread 0x00000147e7240f80 Exception <a 'java/lang/NoSuchMethodError'{0x00000000d5baa690}: 'double java.lang.invoke.DirectMethodHandle$Holder.invokeStatic(java.lang.Object, java.lang.Object)'> (0x00000000d5baa690) 
thrown [s\src\hotspot\share\interpreter\linkResolver.cpp, line 773]
Event: 9.458 Thread 0x00000147e7240f80 Exception <a 'java/lang/NoSuchMethodError'{0x00000000d5badd50}: 'double java.lang.invoke.DirectMethodHandle$Holder.invokeStaticInit(java.lang.Object, java.lang.Object)'> (0x00000000d5badd50) 
thrown [s\src\hotspot\share\interpreter\linkResolver.cpp, line 773]
Event: 9.763 Thread 0x00000147e7240f80 Implicit null exception at 0x00000147939eb675 to 0x00000147939eb750
Event: 10.833 Thread 0x00000147e19283a0 Exception <a 'java/lang/NoSuchMethodError'{0x00000000d56d4ff0}: 'java.lang.Object java.lang.invoke.DirectMethodHandle$Holder.invokeSpecialIFC(java.lang.Object, java.lang.Object, java.lang.Object, java.lang.Object)'> (0x00000000d56d4ff0) 
thrown [s\src\hotspot\share\interpreter\linkResolver.cpp, line 773]
Event: 10.884 Thread 0x00000147e7240f80 Exception <a 'java/lang/NoSuchMethodError'{0x00000000d6673528}: 'java.lang.Object java.lang.invoke.DirectMethodHandle$Holder.newInvokeSpecial(java.lang.Object, int, java.lang.Object, java.lang.Object)'> (0x00000000d6673528) 
thrown [s\src\hotspot\share\interpreter\linkResolver.cpp, line 773]
Event: 11.080 Thread 0x00000147e7240f80 Exception <a 'java/lang/ClassNotFoundException'{0x00000000d616cd90}: com/sun/org/apache/xerces/internal/impl/msg/spi/DOMMessagesProvider> (0x00000000d616cd90) 
thrown [s\src\hotspot\share\classfile\systemDictionary.cpp, line 312]
Event: 11.081 Thread 0x00000147e7240f80 Exception <a 'java/lang/ClassNotFoundException'{0x00000000d617e548}: com/sun/org/apache/xerces/internal/impl/msg/spi/XMLSerializerMessagesProvider> (0x00000000d617e548) 
thrown [s\src\hotspot\share\classfile\systemDictionary.cpp, line 312]
Event: 11.082 Thread 0x00000147e7240f80 Exception <a 'java/lang/ClassNotFoundException'{0x00000000d618b868}: com/sun/org/apache/xerces/internal/impl/msg/spi/XMLMessagesProvider> (0x00000000d618b868) 
thrown [s\src\hotspot\share\classfile\systemDictionary.cpp, line 312]
Event: 11.301 Thread 0x00000147e19283a0 Exception <a 'java/lang/NoClassDefFoundError'{0x00000000d578c2b8}: javax/enterprise/inject/Typed> (0x00000000d578c2b8) 
thrown [s\src\hotspot\share\classfile\systemDictionary.cpp, line 301]
Event: 11.366 Thread 0x00000147e7240f80 Exception <a 'java/lang/ClassNotFoundException'{0x00000000d5a9f1e0}: com/sun/org/apache/xml/internal/serializer/spi/XMLEntitiesProvider> (0x00000000d5a9f1e0) 
thrown [s\src\hotspot\share\classfile\systemDictionary.cpp, line 312]
Event: 11.638 Thread 0x00000147e7240f80 Exception <a 'java/io/FileNotFoundException'{0x00000000d67083d0}> (0x00000000d67083d0) 
thrown [s\src\hotspot\share\prims\jni.cpp, line 520]
Event: 11.719 Thread 0x00000147e7240f80 Exception <a 'java/lang/UnsatisfiedLinkError'{0x00000000d68f5170}: The specified procedure could not be found.
> (0x00000000d68f5170) 
thrown [s\src\hotspot\share\prims\jni.cpp, line 539]
Event: 11.730 Thread 0x00000147e7240f80 Exception <a 'java/io/FileNotFoundException'{0x00000000d690cfa8}> (0x00000000d690cfa8) 
thrown [s\src\hotspot\share\prims\jni.cpp, line 520]
Event: 11.793 Thread 0x00000147e7240f80 Exception <a 'java/io/FileNotFoundException'{0x00000000d6a93e58}> (0x00000000d6a93e58) 
thrown [s\src\hotspot\share\prims\jni.cpp, line 520]
Event: 11.829 Thread 0x00000147e7240f80 Exception <a 'java/lang/UnsatisfiedLinkError'{0x00000000d6ac6480}: The specified procedure could not be found.
> (0x00000000d6ac6480) 
thrown [s\src\hotspot\share\prims\jni.cpp, line 539]
Event: 12.014 Thread 0x00000147e1926960 Exception <a 'java/lang/NoSuchMethodError'{0x00000000d60f7dc8}: 'void java.lang.invoke.DirectMethodHandle$Holder.invokeStaticInit(java.lang.Object, java.lang.Object, java.lang.Object, java.lang.Object)'> (0x00000000d60f7dc8) 
thrown [s\src\hotspot\share\interpreter\linkResolver.cpp, line 773]

ZGC Phase Switch (0 events):
No events

VM Operations (20 events):
Event: 9.561 Executing safepoint VM operation: ParallelGCFailedAllocation (Allocation Failure) done
Event: 10.798 Executing non-safepoint VM operation: HandshakeAllThreads (Deoptimize)
Event: 10.803 Executing non-safepoint VM operation: HandshakeAllThreads (Deoptimize) done
Event: 10.803 Executing safepoint VM operation: Cleanup
Event: 10.803 Executing safepoint VM operation: Cleanup done
Event: 10.820 Executing safepoint VM operation: ParallelGCFailedAllocation (Allocation Failure)
Event: 10.821 Executing safepoint VM operation: ParallelGCFailedAllocation (Allocation Failure) done
Event: 10.942 Executing safepoint VM operation: ParallelGCFailedAllocation (Allocation Failure)
Event: 10.944 Executing safepoint VM operation: ParallelGCFailedAllocation (Allocation Failure) done
Event: 11.175 Executing non-safepoint VM operation: HandshakeAllThreads (Deoptimize)
Event: 11.175 Executing non-safepoint VM operation: HandshakeAllThreads (Deoptimize) done
Event: 11.250 Executing safepoint VM operation: ParallelGCFailedAllocation (Allocation Failure)
Event: 11.255 Executing safepoint VM operation: ParallelGCFailedAllocation (Allocation Failure) done
Event: 11.280 Executing non-safepoint VM operation: HandshakeAllThreads (Deoptimize)
Event: 11.280 Executing non-safepoint VM operation: HandshakeAllThreads (Deoptimize) done
Event: 11.422 Executing non-safepoint VM operation: HandshakeAllThreads (Deoptimize)
Event: 11.422 Executing non-safepoint VM operation: HandshakeAllThreads (Deoptimize) done
Event: 11.834 Executing safepoint VM operation: ParallelGCFailedAllocation (Allocation Failure)
Event: 11.840 Executing safepoint VM operation: ParallelGCFailedAllocation (Allocation Failure) done
Event: 12.850 Executing safepoint VM operation: Cleanup

Memory protections (0 events):
No events

Nmethod flushes (0 events):
No events

Events (20 events):
Event: 4.919 Thread 0x0000014788beb8c0 Thread added: 0x00000147e7c404c0
Event: 4.919 Thread 0x0000014788beb8c0 Thread added: 0x00000147e7a601b0
Event: 5.574 Thread 0x00000147e7c404c0 Thread exited: 0x00000147e7c404c0
Event: 5.574 Thread 0x00000147e7a601b0 Thread exited: 0x00000147e7a601b0
Event: 6.053 Thread 0x00000147e18caaf0 Thread added: 0x00000147e7c404c0
Event: 8.317 Thread 0x00000147e7240f80 Thread added: 0x00000147e18ec8f0
Event: 8.745 Thread 0x00000147e7c404c0 Thread exited: 0x00000147e7c404c0
Event: 8.773 Thread 0x00000147e7240f80 Thread added: 0x00000147e1926ff0
Event: 8.798 Thread 0x00000147e7240f80 Thread added: 0x00000147e1926960
Event: 8.815 Thread 0x00000147e7240f80 Thread added: 0x00000147e19283a0
Event: 8.895 Thread 0x00000147e18caaf0 Thread added: 0x00000147e7358c60
Event: 8.989 Thread 0x00000147e18caaf0 Thread added: 0x00000147e891c7c0
Event: 9.676 Thread 0x00000147e891c7c0 Thread exited: 0x00000147e891c7c0
Event: 9.676 Thread 0x00000147e7358c60 Thread exited: 0x00000147e7358c60
Event: 10.823 Thread 0x00000147e18caaf0 Thread added: 0x00000147e79a8ce0
Event: 10.961 Thread 0x00000147e18caaf0 Thread added: 0x00000147e89ec320
Event: 11.122 Thread 0x00000147e7240f80 Thread added: 0x00000147e19262d0
Event: 11.123 Thread 0x00000147e1926960 Thread added: 0x00000147e1927680
Event: 11.923 Thread 0x00000147e1926960 Thread added: 0x00000147e1927d10
Event: 12.052 Thread 0x00000147e1927d10 Thread added: 0x00000147e19255b0


Dynamic libraries:
0x00007ff749c30000 - 0x00007ff749c3e000 	c:\Users\dhruv\.vscode\extensions\redhat.java-1.53.0-win32-x64\jre\21.0.10-win32-x86_64\bin\java.exe
0x00007ffc9c540000 - 0x00007ffc9c7a7000 	C:\Windows\SYSTEM32\ntdll.dll
0x00007ffc9bbf0000 - 0x00007ffc9bcb9000 	C:\Windows\System32\KERNEL32.DLL
0x00007ffc98ed0000 - 0x00007ffc992c1000 	C:\Windows\System32\KERNELBASE.dll
0x00007ffc99e00000 - 0x00007ffc99f4b000 	C:\Windows\System32\ucrtbase.dll
0x00007ffc8e9b0000 - 0x00007ffc8e9c8000 	c:\Users\dhruv\.vscode\extensions\redhat.java-1.53.0-win32-x64\jre\21.0.10-win32-x86_64\bin\jli.dll
0x00007ffc8d560000 - 0x00007ffc8d57e000 	c:\Users\dhruv\.vscode\extensions\redhat.java-1.53.0-win32-x64\jre\21.0.10-win32-x86_64\bin\VCRUNTIME140.dll
0x00007ffc9a620000 - 0x00007ffc9a7e5000 	C:\Windows\System32\USER32.dll
0x00007ffc9a2b0000 - 0x00007ffc9a2d7000 	C:\Windows\System32\win32u.dll
0x00007ffc79410000 - 0x00007ffc796a3000 	C:\Windows\WinSxS\amd64_microsoft.windows.common-controls_6595b64144ccf1df_6.0.26100.8037_none_3e092faae333b53b\COMCTL32.dll
0x00007ffc9b490000 - 0x00007ffc9b539000 	C:\Windows\System32\msvcrt.dll
0x00007ffc9b230000 - 0x00007ffc9b25b000 	C:\Windows\System32\GDI32.dll
0x00007ffc9a0d0000 - 0x00007ffc9a1fb000 	C:\Windows\System32\gdi32full.dll
0x00007ffc98e20000 - 0x00007ffc98ec3000 	C:\Windows\System32\msvcp_win.dll
0x00007ffc9c2a0000 - 0x00007ffc9c2d1000 	C:\Windows\System32\IMM32.DLL
0x00007ffc93620000 - 0x00007ffc9362c000 	c:\Users\dhruv\.vscode\extensions\redhat.java-1.53.0-win32-x64\jre\21.0.10-win32-x86_64\bin\vcruntime140_1.dll
0x00007ffc67140000 - 0x00007ffc671cd000 	c:\Users\dhruv\.vscode\extensions\redhat.java-1.53.0-win32-x64\jre\21.0.10-win32-x86_64\bin\msvcp140.dll
0x00007ffc05650000 - 0x00007ffc063f1000 	c:\Users\dhruv\.vscode\extensions\redhat.java-1.53.0-win32-x64\jre\21.0.10-win32-x86_64\bin\server\jvm.dll
0x00007ffc9a880000 - 0x00007ffc9a93b000 	C:\Windows\System32\ADVAPI32.dll
0x00007ffc9b260000 - 0x00007ffc9b307000 	C:\Windows\System32\sechost.dll
0x00007ffc9a2e0000 - 0x00007ffc9a3f8000 	C:\Windows\System32\RPCRT4.dll
0x00007ffc9a800000 - 0x00007ffc9a874000 	C:\Windows\System32\WS2_32.dll
0x00007ffc98ca0000 - 0x00007ffc98cfe000 	C:\Windows\SYSTEM32\POWRPROF.dll
0x00007ffc90f50000 - 0x00007ffc90f85000 	C:\Windows\SYSTEM32\WINMM.dll
0x00007ffc7c780000 - 0x00007ffc7c78b000 	C:\Windows\SYSTEM32\VERSION.dll
0x00007ffc98c80000 - 0x00007ffc98c94000 	C:\Windows\SYSTEM32\UMPDC.dll
0x00007ffc97b80000 - 0x00007ffc97b9b000 	C:\Windows\SYSTEM32\kernel.appcore.dll
0x00007ffc93600000 - 0x00007ffc9360a000 	c:\Users\dhruv\.vscode\extensions\redhat.java-1.53.0-win32-x64\jre\21.0.10-win32-x86_64\bin\jimage.dll
0x00007ffc96e50000 - 0x00007ffc97092000 	C:\Windows\SYSTEM32\DBGHELP.DLL
0x00007ffc9bd20000 - 0x00007ffc9c0a2000 	C:\Windows\System32\combase.dll
0x00007ffc9b0c0000 - 0x00007ffc9b197000 	C:\Windows\System32\OLEAUT32.dll
0x00007ffc7a2d0000 - 0x00007ffc7a30b000 	C:\Windows\SYSTEM32\dbgcore.DLL
0x00007ffc9a200000 - 0x00007ffc9a2a5000 	C:\Windows\System32\bcryptPrimitives.dll
0x00007ffc85be0000 - 0x00007ffc85bef000 	c:\Users\dhruv\.vscode\extensions\redhat.java-1.53.0-win32-x64\jre\21.0.10-win32-x86_64\bin\instrument.dll
0x00007ffc838c0000 - 0x00007ffc838e0000 	c:\Users\dhruv\.vscode\extensions\redhat.java-1.53.0-win32-x64\jre\21.0.10-win32-x86_64\bin\java.dll
0x00007ffc9a950000 - 0x00007ffc9b0af000 	C:\Windows\System32\SHELL32.dll
0x00007ffc99c90000 - 0x00007ffc99dfa000 	C:\Windows\System32\wintypes.dll
0x00007ffc992d0000 - 0x00007ffc99b34000 	C:\Windows\System32\windows.storage.dll
0x00007ffc9a4a0000 - 0x00007ffc9a597000 	C:\Windows\System32\SHCORE.dll
0x00007ffc9c490000 - 0x00007ffc9c4f7000 	C:\Windows\System32\shlwapi.dll
0x00007ffc98d40000 - 0x00007ffc98d69000 	C:\Windows\SYSTEM32\profapi.dll
0x00007ffc93770000 - 0x00007ffc93788000 	c:\Users\dhruv\.vscode\extensions\redhat.java-1.53.0-win32-x64\jre\21.0.10-win32-x86_64\bin\zip.dll
0x00007ffc937e0000 - 0x00007ffc937f0000 	C:\Users\dhruv\.vscode\extensions\redhat.java-1.53.0-win32-x64\jre\21.0.10-win32-x86_64\bin\net.dll
0x00007ffc8ef80000 - 0x00007ffc8f0a7000 	C:\Windows\SYSTEM32\WINHTTP.dll
0x00007ffc98120000 - 0x00007ffc9818b000 	C:\Windows\system32\mswsock.dll
0x00007ffc93670000 - 0x00007ffc93686000 	C:\Users\dhruv\.vscode\extensions\redhat.java-1.53.0-win32-x64\jre\21.0.10-win32-x86_64\bin\nio.dll
0x00007ffc937b0000 - 0x00007ffc937c0000 	c:\Users\dhruv\.vscode\extensions\redhat.java-1.53.0-win32-x64\jre\21.0.10-win32-x86_64\bin\verify.dll
0x00007ffc936b0000 - 0x00007ffc936f5000 	C:\Users\dhruv\AppData\Roaming\Code\User\globalStorage\redhat.java\1.53.0\config_win\org.eclipse.equinox.launcher\org.eclipse.equinox.launcher.win32.win32.x86_64_1.3.0.v20260203-2149\eclipse_11919.dll
0x00007ffc9c2e0000 - 0x00007ffc9c475000 	C:\Windows\System32\ole32.dll
0x00007ffc98410000 - 0x00007ffc9842b000 	C:\Windows\SYSTEM32\CRYPTSP.dll
0x00007ffc97ae0000 - 0x00007ffc97b19000 	C:\Windows\system32\rsaenh.dll
0x00007ffc981d0000 - 0x00007ffc98202000 	C:\Windows\SYSTEM32\USERENV.dll
0x00007ffc98d10000 - 0x00007ffc98d3a000 	C:\Windows\SYSTEM32\bcrypt.dll
0x00007ffc98400000 - 0x00007ffc9840c000 	C:\Windows\SYSTEM32\CRYPTBASE.dll
0x00007ffc97560000 - 0x00007ffc97593000 	C:\Windows\SYSTEM32\IPHLPAPI.DLL
0x00007ffc9c480000 - 0x00007ffc9c48a000 	C:\Windows\System32\NSI.dll
0x00007ffc69fe0000 - 0x00007ffc6a029000 	C:\Users\dhruv\AppData\Local\Temp\jna-95563663\jna4429276324323091803.dll
0x00007ffc9a940000 - 0x00007ffc9a948000 	C:\Windows\System32\PSAPI.DLL
0x00007ffc90880000 - 0x00007ffc9089d000 	C:\Windows\SYSTEM32\dhcpcsvc6.DLL
0x00007ffc8ff40000 - 0x00007ffc8ff63000 	C:\Windows\SYSTEM32\dhcpcsvc.DLL

JVMTI agents:
c:\Users\dhruv\.vscode\extensions\redhat.java-1.53.0-win32-x64\lombok\lombok-1.18.39-4050.jar path:c:\Users\dhruv\.vscode\extensions\redhat.java-1.53.0-win32-x64\jre\21.0.10-win32-x86_64\bin\instrument.dll, loaded, initialized, instrumentlib options:none

dbghelp: loaded successfully - version: 4.0.5 - missing functions: none
symbol engine: initialized successfully - sym options: 0x614 - pdb path: .;c:\Users\dhruv\.vscode\extensions\redhat.java-1.53.0-win32-x64\jre\21.0.10-win32-x86_64\bin;C:\Windows\SYSTEM32;C:\Windows\WinSxS\amd64_microsoft.windows.common-controls_6595b64144ccf1df_6.0.26100.8037_none_3e092faae333b53b;c:\Users\dhruv\.vscode\extensions\redhat.java-1.53.0-win32-x64\jre\21.0.10-win32-x86_64\bin\server;C:\Users\dhruv\AppData\Roaming\Code\User\globalStorage\redhat.java\1.53.0\config_win\org.eclipse.equinox.launcher\org.eclipse.equinox.launcher.win32.win32.x86_64_1.3.0.v20260203-2149;C:\Users\dhruv\AppData\Local\Temp\jna-95563663

VM Arguments:
jvm_args: --add-modules=ALL-SYSTEM --add-opens=java.base/java.util=ALL-UNNAMED --add-opens=java.base/java.lang=ALL-UNNAMED --add-opens=java.base/sun.nio.fs=ALL-UNNAMED -Declipse.application=org.eclipse.jdt.ls.core.id1 -Dosgi.bundles.defaultStartLevel=4 -Declipse.product=org.eclipse.jdt.ls.core.product -Djava.import.generatesMetadataFilesAtProjectRoot=false -DDetectVMInstallationsJob.disabled=true -Dfile.encoding=utf8 -XX:+UseParallelGC -XX:GCTimeRatio=4 -XX:AdaptiveSizePolicyWeight=90 -Dsun.zip.disableMemoryMapping=true -Xmx2G -Xms100m -Xlog:disable -javaagent:c:\Users\dhruv\.vscode\extensions\redhat.java-1.53.0-win32-x64\lombok\lombok-1.18.39-4050.jar -XX:+HeapDumpOnOutOfMemoryError -XX:HeapDumpPath=c:\Users\dhruv\AppData\Roaming\Code\User\workspaceStorage\7d28d01f3346ece97dc27ea15ebc63fd\redhat.java -Daether.dependencyCollector.impl=bf 
java_command: c:\Users\dhruv\.vscode\extensions\redhat.java-1.53.0-win32-x64\server\plugins\org.eclipse.equinox.launcher_1.7.100.v20251111-0406.jar -configuration c:\Users\dhruv\AppData\Roaming\Code\User\globalStorage\redhat.java\1.53.0\config_win -data c:\Users\dhruv\AppData\Roaming\Code\User\workspaceStorage\7d28d01f3346ece97dc27ea15ebc63fd\redhat.java\jdt_ws --pipe=\\.\pipe\lsp-b835d36d033f2d66ebfccd84828c6fc8-sock
java_class_path (initial): c:\Users\dhruv\.vscode\extensions\redhat.java-1.53.0-win32-x64\server\plugins\org.eclipse.equinox.launcher_1.7.100.v20251111-0406.jar
Launcher Type: SUN_STANDARD

[Global flags]
    uintx AdaptiveSizePolicyWeight                 = 90                                        {product} {command line}
     intx CICompilerCount                          = 4                                         {product} {ergonomic}
    uintx GCTimeRatio                              = 4                                         {product} {command line}
     bool HeapDumpOnOutOfMemoryError               = true                                   {manageable} {command line}
    ccstr HeapDumpPath                             = c:\Users\dhruv\AppData\Roaming\Code\User\workspaceStorage\7d28d01f3346ece97dc27ea15ebc63fd\redhat.java         {manageable} {command line}
   size_t InitialHeapSize                          = 104857600                                 {product} {command line}
   size_t MaxHeapSize                              = 2147483648                                {product} {command line}
   size_t MaxNewSize                               = 715653120                                 {product} {ergonomic}
   size_t MinHeapDeltaBytes                        = 524288                                    {product} {ergonomic}
   size_t MinHeapSize                              = 104857600                                 {product} {command line}
   size_t NewSize                                  = 34603008                                  {product} {ergonomic}
    uintx NonNMethodCodeHeapSize                   = 5839372                                {pd product} {ergonomic}
    uintx NonProfiledCodeHeapSize                  = 122909434                              {pd product} {ergonomic}
   size_t OldSize                                  = 70254592                                  {product} {ergonomic}
    uintx ProfiledCodeHeapSize                     = 122909434                              {pd product} {ergonomic}
    uintx ReservedCodeCacheSize                    = 251658240                              {pd product} {ergonomic}
     bool SegmentedCodeCache                       = true                                      {product} {ergonomic}
   size_t SoftMaxHeapSize                          = 2147483648                             {manageable} {ergonomic}
     bool UseCompressedOops                        = true                           {product lp64_product} {ergonomic}
     bool UseLargePagesIndividualAllocation        = false                                  {pd product} {ergonomic}
     bool UseParallelGC                            = true                                      {product} {command line}

Logging:
Log output configuration:
 #0: stdout all=off uptime,level,tags foldmultilines=false
 #1: stderr all=off uptime,level,tags foldmultilines=false

Release file:
JAVA_VERSION="21.0.10" 
MODULES="java.base java.compiler java.datatransfer java.xml java.prefs java.desktop java.instrument java.logging java.management java.security.sasl java.naming java.rmi java.management.rmi java.net.http java.scripting java.security.jgss java.transaction.xa java.sql java.sql.rowset java.xml.crypto java.se java.smartcardio jdk.accessibility jdk.internal.jvmstat jdk.attach jdk.charsets jdk.internal.opt jdk.zipfs jdk.compiler jdk.crypto.ec jdk.crypto.cryptoki jdk.crypto.mscapi jdk.dynalink jdk.internal.ed jdk.editpad jdk.hotspot.agent jdk.httpserver jdk.internal.le jdk.internal.vm.ci jdk.internal.vm.compiler jdk.internal.vm.compiler.management jdk.jartool jdk.javadoc jdk.jcmd jdk.management jdk.management.agent jdk.jconsole jdk.jdeps jdk.jdwp.agent jdk.jdi jdk.jfr jdk.jshell jdk.jsobject jdk.jstatd jdk.localedata jdk.management.jfr jdk.naming.dns jdk.naming.rmi jdk.net jdk.nio.mapmode jdk.random jdk.sctp jdk.security.auth jdk.security.jgss jdk.unsupported jdk.unsupported.desktop jdk.xml.dom" 

Environment Variables:
PATH=C:\Users\dhruv\AppData\Local\Programs\Microsoft VS Code;C:\Program Files\Common Files\Oracle\Java\javapath;C:\Windows\system32;C:\Windows;C:\Windows\System32\Wbem;C:\Windows\System32\WindowsPowerShell\v1.0\;C:\Windows\System32\OpenSSH\;C:\Program Files\nodejs\;C:\Program Files\Git\cmd;C:\Program Files\MongoDB\Server\8.0\bin;C:\Program Files\MySQL\MySQL Server 8.0\bin;C:\Users\dhruv\Downloads\gradle-8.14.3\bin;C:\Program Files\Docker\Docker\resources\bin;C:\Program Files\Apache\MAVEN\bin;C:\Program Files\Apache\MAVEN\apache-maven-3.9.12\bin;C:\Program Files\MySQL\MySQL Shell 8.0\bin\;C:\Users\dhruv\AppData\Local\Microsoft\WindowsApps;C:\Users\dhruv\AppData\Local\Programs\Microsoft VS Code\bin;C:\Users\dhruv\AppData\Roaming\npm;C:\Program Files\JetBrains\IntelliJ IDEA Community Edition 2025.1.4.1\bin;C:\Users\dhruv\AppData\Local\Programs\cursor\resources\app\bin
USERNAME=dhruv
OS=Windows_NT
PROCESSOR_IDENTIFIER=Intel64 Family 6 Model 186 Stepping 2, GenuineIntel
TMP=C:\Users\dhruv\AppData\Local\Temp
TEMP=C:\Users\dhruv\AppData\Local\Temp




Periodic native trim disabled

---------------  S Y S T E M  ---------------

OS:
 Windows 11 , 64 bit Build 26100 (10.0.26100.7920)
OS uptime: 0 days 23:22 hours
Hyper-V role detected

CPU: total 12 (initial active 12) (6 cores per cpu, 2 threads per core) family 6 model 186 stepping 2 microcode 0x6134, cx8, cmov, fxsr, ht, mmx, 3dnowpref, sse, sse2, sse3, ssse3, sse4.1, sse4.2, popcnt, lzcnt, tsc, tscinvbit, avx, avx2, aes, erms, clmul, bmi1, bmi2, adx, sha, fma, vzeroupper, clflush, clflushopt, clwb, hv, serialize, rdtscp, rdpid, fsrm, f16c, cet_ibt, cet_ss
Processor Information for processor 0
  Max Mhz: 2100, Current Mhz: 2100, Mhz Limit: 2100
Processor Information for processor 1
  Max Mhz: 2100, Current Mhz: 2100, Mhz Limit: 2100
Processor Information for processor 2
  Max Mhz: 2100, Current Mhz: 2100, Mhz Limit: 2100
Processor Information for processor 3
  Max Mhz: 2100, Current Mhz: 2100, Mhz Limit: 2100
Processor Information for processor 4
  Max Mhz: 2100, Current Mhz: 2100, Mhz Limit: 2100
Processor Information for processor 5
  Max Mhz: 2100, Current Mhz: 2100, Mhz Limit: 2100
Processor Information for processor 6
  Max Mhz: 2100, Current Mhz: 2100, Mhz Limit: 2100
Processor Information for processor 7
  Max Mhz: 2100, Current Mhz: 2100, Mhz Limit: 2100
Processor Information for processor 8
  Max Mhz: 2100, Current Mhz: 1500, Mhz Limit: 1491
Processor Information for processor 9
  Max Mhz: 2100, Current Mhz: 1500, Mhz Limit: 1491
Processor Information for processor 10
  Max Mhz: 2100, Current Mhz: 1500, Mhz Limit: 1491
Processor Information for processor 11
  Max Mhz: 2100, Current Mhz: 1500, Mhz Limit: 1491

Memory: 4k page, system-wide physical 16076M (3337M free)
TotalPageFile size 46395M (AvailPageFile size 7M)
current process WorkingSet (physical memory assigned to process): 196M, peak: 199M
current process commit charge ("private bytes"): 327M, peak: 329M

vm_info: OpenJDK 64-Bit Server VM (21.0.10+7-LTS) for windows-amd64 JRE (21.0.10+7-LTS), built on 2026-01-20T00:00:00Z by "admin" with MS VC++ 17.12 (VS2022)

END.
