#
# There is insufficient memory for the Java Runtime Environment to continue.
# Native memory allocation (mmap) failed to map 65536 bytes. Error detail: Failed to commit metaspace.
# Possible reasons:
#   The system is out of physical RAM or swap space
#   This process is running with CompressedOops enabled, and the Java Heap may be blocking the growth of the native heap
# Possible solutions:
#   Reduce memory load on the system
#   Increase physical memory or swap space
#   Check if swap backing store is full
#   Decrease Java heap size (-Xmx/-Xms)
#   Decrease number of Java threads
#   Decrease Java thread stack sizes (-Xss)
#   Set larger code cache with -XX:ReservedCodeCacheSize=
#   JVM is running with Unscaled Compressed Oops mode in which the Java heap is
#     placed in the first 4GB address space. The Java Heap base address is the
#     maximum limit for the native heap growth. Please use -XX:HeapBaseMinAddress
#     to set the Java Heap base and to place the Java Heap above 4GB virtual address.
# This output file may be truncated or incomplete.
#
#  Out of Memory Error (virtualSpaceNode.cpp:113), pid=35412, tid=41964
#
# JRE version: OpenJDK Runtime Environment Temurin-21.0.10+7 (21.0.10+7) (build 21.0.10+7-LTS)
# Java VM: OpenJDK 64-Bit Server VM Temurin-21.0.10+7 (21.0.10+7-LTS, mixed mode, sharing, tiered, compressed oops, compressed class ptrs, parallel gc, windows-amd64)
# No core dump will be written. Minidumps are not enabled by default on client versions of Windows
#

---------------  S U M M A R Y ------------

Command Line: --add-modules=ALL-SYSTEM --add-opens=java.base/java.util=ALL-UNNAMED --add-opens=java.base/java.lang=ALL-UNNAMED --add-opens=java.base/sun.nio.fs=ALL-UNNAMED -Declipse.application=org.eclipse.jdt.ls.core.id1 -Dosgi.bundles.defaultStartLevel=4 -Declipse.product=org.eclipse.jdt.ls.core.product -Djava.import.generatesMetadataFilesAtProjectRoot=false -DDetectVMInstallationsJob.disabled=true -Dfile.encoding=utf8 -XX:+UseParallelGC -XX:GCTimeRatio=4 -XX:AdaptiveSizePolicyWeight=90 -Dsun.zip.disableMemoryMapping=true -Xmx2G -Xms100m -Xlog:disable -javaagent:c:\Users\dhruv\.vscode\extensions\redhat.java-1.53.0-win32-x64\lombok\lombok-1.18.39-4050.jar -XX:+HeapDumpOnOutOfMemoryError -XX:HeapDumpPath=c:\Users\dhruv\AppData\Roaming\Code\User\workspaceStorage\7d28d01f3346ece97dc27ea15ebc63fd\redhat.java -Daether.dependencyCollector.impl=bf c:\Users\dhruv\.vscode\extensions\redhat.java-1.53.0-win32-x64\server\plugins\org.eclipse.equinox.launcher_1.7.100.v20251111-0406.jar -configuration c:\Users\dhruv\AppData\Roaming\Code\User\globalStorage\redhat.java\1.53.0\config_win -data c:\Users\dhruv\AppData\Roaming\Code\User\workspaceStorage\7d28d01f3346ece97dc27ea15ebc63fd\redhat.java\jdt_ws --pipe=\\.\pipe\lsp-9f151c490c444253437ca6b528993b98-sock

Host: 13th Gen Intel(R) Core(TM) i5-13420H, 12 cores, 15G,  Windows 11 , 64 bit Build 26100 (10.0.26100.7920)
Time: Sun Mar 29 14:16:13 2026 India Standard Time elapsed time: 5.490505 seconds (0d 0h 0m 5s)

---------------  T H R E A D  ---------------

Current thread (0x0000021cfa8f2450):  JavaThread "Start Level: Equinox Container: 0cf5ae38-8692-44ce-8032-4cd14c851072" daemon [_thread_in_vm, id=41964, stack(0x000000dd9ba00000,0x000000dd9bb00000) (1024K)]

Stack: [0x000000dd9ba00000,0x000000dd9bb00000]
Native frames: (J=compiled Java code, j=interpreted, Vv=VM code, C=native code)
V  [jvm.dll+0x6d7a39]
V  [jvm.dll+0x8b4b26]
V  [jvm.dll+0x8b70de]
V  [jvm.dll+0x8b77c3]
V  [jvm.dll+0x284346]
V  [jvm.dll+0x8b086e]
V  [jvm.dll+0x679444]
V  [jvm.dll+0x1e82bb]
V  [jvm.dll+0x1e807e]
V  [jvm.dll+0x67bd42]
V  [jvm.dll+0x67bb72]
V  [jvm.dll+0x679e1e]
V  [jvm.dll+0x6840c8]
V  [jvm.dll+0x21955e]
V  [jvm.dll+0x219a05]
V  [jvm.dll+0x21a3f8]
V  [jvm.dll+0x20f62e]
V  [jvm.dll+0x5b644f]
V  [jvm.dll+0x82ead6]
V  [jvm.dll+0x478db8]
V  [jvm.dll+0x47ebe8]
C  [java.dll+0x17ec]

Java frames: (J=compiled Java code, j=interpreted, Vv=VM code)
J 1101  java.lang.ClassLoader.defineClass1(Ljava/lang/ClassLoader;Ljava/lang/String;[BIILjava/security/ProtectionDomain;Ljava/lang/String;)Ljava/lang/Class; java.base@21.0.10 (0 bytes) @ 0x0000021ca6dc1591 [0x0000021ca6dc14c0+0x00000000000000d1]
J 1850 c1 java.lang.ClassLoader.defineClass(Ljava/lang/String;[BIILjava/security/ProtectionDomain;)Ljava/lang/Class; java.base@21.0.10 (43 bytes) @ 0x0000021c9f5bd47c [0x0000021c9f5bd120+0x000000000000035c]
J 1724 c1 java.security.SecureClassLoader.defineClass(Ljava/lang/String;[BIILjava/security/CodeSource;)Ljava/lang/Class; java.base@21.0.10 (16 bytes) @ 0x0000021c9f57169c [0x0000021c9f5715c0+0x00000000000000dc]
J 1599 c1 java.net.URLClassLoader.defineClass(Ljava/lang/String;Ljdk/internal/loader/Resource;)Ljava/lang/Class; java.base@21.0.10 (224 bytes) @ 0x0000021c9f52349c [0x0000021c9f521d00+0x000000000000179c]
J 1718 c1 java.net.URLClassLoader$1.run()Ljava/lang/Class; java.base@21.0.10 (81 bytes) @ 0x0000021c9f56ec6c [0x0000021c9f56e040+0x0000000000000c2c]
J 1598 c1 java.net.URLClassLoader$1.run()Ljava/lang/Object; java.base@21.0.10 (5 bytes) @ 0x0000021c9f521654 [0x0000021c9f5215c0+0x0000000000000094]
J 1574 c1 java.security.AccessController.doPrivileged(Ljava/security/PrivilegedExceptionAction;Ljava/security/AccessControlContext;)Ljava/lang/Object; java.base@21.0.10 (26 bytes) @ 0x0000021c9f519f8c [0x0000021c9f519da0+0x00000000000001ec]
J 1596 c1 java.net.URLClassLoader.findClass(Ljava/lang/String;)Ljava/lang/Class; java.base@21.0.10 (47 bytes) @ 0x0000021c9f520904 [0x0000021c9f520780+0x0000000000000184]
J 1626 c1 java.lang.ClassLoader.loadClass(Ljava/lang/String;Z)Ljava/lang/Class; java.base@21.0.10 (121 bytes) @ 0x0000021c9f53182c [0x0000021c9f531260+0x00000000000005cc]
J 989 c1 java.lang.ClassLoader.loadClass(Ljava/lang/String;)Ljava/lang/Class; java.base@21.0.10 (7 bytes) @ 0x0000021c9f40c654 [0x0000021c9f40c540+0x0000000000000114]
v  ~StubRoutines::call_stub 0x0000021ca67b100d
j  org.eclipse.osgi.storage.ManifestLocalization.lookupResourceBundle(Ljava/lang/String;)Lorg/eclipse/osgi/storage/ManifestLocalization$BundleResourceBundle;+309
j  org.eclipse.osgi.storage.ManifestLocalization.getResourceBundle(Ljava/lang/String;Z)Ljava/util/ResourceBundle;+2
j  org.eclipse.osgi.storage.ManifestLocalization.getHeaders(Ljava/lang/String;)Ljava/util/Dictionary;+88
j  org.eclipse.osgi.storage.BundleInfo$Generation.getHeaders(Ljava/lang/String;)Ljava/util/Dictionary;+7
j  org.eclipse.osgi.internal.framework.EquinoxBundle.privGetHeaders(Ljava/lang/String;)Ljava/util/Dictionary;+16
j  org.eclipse.osgi.internal.framework.EquinoxBundle.getHeaders(Ljava/lang/String;)Ljava/util/Dictionary;+12
j  org.eclipse.osgi.internal.framework.EquinoxBundle$SystemBundle.getHeaders(Ljava/lang/String;)Ljava/util/Dictionary;+7
j  org.eclipse.osgi.internal.framework.EquinoxBundle.getHeaders()Ljava/util/Dictionary;+2
j  org.apache.aries.spifly.ProviderBundleTrackerCustomizer.addingBundle(Lorg/osgi/framework/Bundle;Lorg/osgi/framework/BundleEvent;)Ljava/util/List;+90
j  org.apache.aries.spifly.ProviderBundleTrackerCustomizer.addingBundle(Lorg/osgi/framework/Bundle;Lorg/osgi/framework/BundleEvent;)Ljava/lang/Object;+3
j  org.osgi.util.tracker.BundleTracker$Tracked.customizerAdding(Lorg/osgi/framework/Bundle;Lorg/osgi/framework/BundleEvent;)Ljava/lang/Object;+9
j  org.osgi.util.tracker.BundleTracker$Tracked.customizerAdding(Ljava/lang/Object;Ljava/lang/Object;)Ljava/lang/Object;+9
j  org.osgi.util.tracker.AbstractTracked.trackAdding(Ljava/lang/Object;Ljava/lang/Object;)V+8
j  org.osgi.util.tracker.AbstractTracked.trackInitial()V+90
j  org.osgi.util.tracker.BundleTracker.open()V+130
j  org.apache.aries.spifly.BaseActivator.start(Lorg/osgi/framework/BundleContext;Ljava/lang/String;)V+105
j  org.apache.aries.spifly.dynamic.DynamicWeavingActivator.start(Lorg/osgi/framework/BundleContext;)V+31
j  org.eclipse.osgi.internal.framework.BundleContextImpl$2.run()Ljava/lang/Void;+23
j  org.eclipse.osgi.internal.framework.BundleContextImpl$2.run()Ljava/lang/Object;+1
J 1135 c1 java.security.AccessController.executePrivileged(Ljava/security/PrivilegedExceptionAction;Ljava/security/AccessControlContext;Ljava/lang/Class;)Ljava/lang/Object; java.base@21.0.10 (65 bytes) @ 0x0000021c9f44eb44 [0x0000021c9f44e9e0+0x0000000000000164]
j  java.security.AccessController.doPrivileged(Ljava/security/PrivilegedExceptionAction;)Ljava/lang/Object;+9 java.base@21.0.10
j  org.eclipse.osgi.internal.framework.BundleContextImpl.startActivator(Lorg/osgi/framework/BundleActivator;)V+9
j  org.eclipse.osgi.internal.framework.BundleContextImpl.start()V+141
j  org.eclipse.osgi.internal.framework.EquinoxBundle.startWorker0()V+35
j  org.eclipse.osgi.internal.framework.EquinoxBundle$EquinoxModule.startWorker()V+4
j  org.eclipse.osgi.container.Module.doStart([Lorg/eclipse/osgi/container/Module$StartOptions;)Lorg/eclipse/osgi/container/ModuleContainerAdaptor$ModuleEvent;+200
j  org.eclipse.osgi.container.Module.start([Lorg/eclipse/osgi/container/Module$StartOptions;)V+460
j  org.eclipse.osgi.container.ModuleContainer$ContainerStartLevel$2.run()V+83
j  org.eclipse.osgi.internal.framework.EquinoxContainerAdaptor$1$1.execute(Ljava/lang/Runnable;)V+1
j  org.eclipse.osgi.container.ModuleContainer$ContainerStartLevel.incStartLevel(ILjava/util/List;Z)V+193
j  org.eclipse.osgi.container.ModuleContainer$ContainerStartLevel.incStartLevel(ILjava/util/List;Ljava/util/List;Ljava/util/List;Ljava/util/List;)V+19
j  org.eclipse.osgi.container.ModuleContainer$ContainerStartLevel.doContainerStartLevel(Lorg/eclipse/osgi/container/Module;I[Lorg/osgi/framework/FrameworkListener;)V+358
j  org.eclipse.osgi.container.ModuleContainer$ContainerStartLevel.dispatchEvent(Lorg/eclipse/osgi/container/Module;[Lorg/osgi/framework/FrameworkListener;ILjava/lang/Integer;)V+32
j  org.eclipse.osgi.container.ModuleContainer$ContainerStartLevel.dispatchEvent(Ljava/lang/Object;Ljava/lang/Object;ILjava/lang/Object;)V+15
j  org.eclipse.osgi.framework.eventmgr.EventManager.dispatchEvent(Ljava/util/Set;Lorg/eclipse/osgi/framework/eventmgr/EventDispatcher;ILjava/lang/Object;)V+48
j  org.eclipse.osgi.framework.eventmgr.EventManager$EventThread.run()V+26
v  ~StubRoutines::call_stub 0x0000021ca67b100d

Compiled method (n/a) 5540 1101     n 0       java.lang.ClassLoader::defineClass1 (native)
 total in heap  [0x0000021ca6dc1310,0x0000021ca6dc1798] = 1160
 relocation     [0x0000021ca6dc1470,0x0000021ca6dc14a8] = 56
 main code      [0x0000021ca6dc14c0,0x0000021ca6dc1796] = 726
 stub code      [0x0000021ca6dc1796,0x0000021ca6dc1798] = 2

[Constant Pool (empty)]

[MachCode]
[Entry Point]
  # {method} {0x0000021cb3434f58} 'defineClass1' '(Ljava/lang/ClassLoader;Ljava/lang/String;[BIILjava/security/ProtectionDomain;Ljava/lang/String;)Ljava/lang/Class;' in 'java/lang/ClassLoader'
  # parm0:    rdx:rdx   = 'java/lang/ClassLoader'
  # parm1:    r8:r8     = 'java/lang/String'
  # parm2:    r9:r9     = '[B'
  # parm3:    rdi       = int
  # parm4:    rsi       = int
  # parm5:    rcx:rcx   = 'java/security/ProtectionDomain'
  # parm6:    [sp+0xa0]   = 'java/lang/String'  (sp of caller)
  0x0000021ca6dc14c0: 448b 5208 | 49bb 0000 | 00b3 1c02 | 0000 4d03 | d349 3bc2 | 0f84 0600 

  0x0000021ca6dc14d8: ;   {runtime_call ic_miss_stub}
  0x0000021ca6dc14d8: 0000 e9a1 | cfa3 ff90 
[Verified Entry Point]
  0x0000021ca6dc14e0: 8984 2400 | 80ff ff55 | 488b ec48 | 81ec 9000 | 0000 6690 | 4181 7f20 | 0100 0000 

  0x0000021ca6dc14fc: ;   {runtime_call StubRoutines (final stubs)}
  0x0000021ca6dc14fc: 7405 e8dd | 74a2 ff48 | 837d 1000 | 488d 4510 | 480f 4445 | 1048 8944 | 2440 4889 | 4c24 7048 
  0x0000021ca6dc151c: 83f9 0048 | 8d44 2470 | 480f 4444 | 2470 4889 | 4424 3848 | 8974 2430 | 4889 7c24 | 284c 894c 
  0x0000021ca6dc153c: 2458 4983 | f900 488d | 4424 5848 | 0f44 4424 | 5848 8944 | 2420 4c89 | 4424 5049 | 83f8 004c 
  0x0000021ca6dc155c: 8d4c 2450 | 4c0f 444c | 2450 4889 | 5424 4848 | 83fa 004c | 8d44 2448 | 4c0f 4444 

  0x0000021ca6dc1578: ;   {oop(a 'java/lang/Class'{0x0000000080000aa0} = 'java/lang/ClassLoader')}
  0x0000021ca6dc1578: 2448 49be | a00a 0080 | 0000 0000 | 4c89 7424 | 784c 8d74 | 2478 498b | d6c5 f877 

  0x0000021ca6dc1594: ;   {internal_word}
  0x0000021ca6dc1594: 49ba 9115 | dca6 1c02 | 0000 4d89 | 97a8 0300 | 0049 89a7 | a003 0000 

  0x0000021ca6dc15ac: ;   {external_word}
  0x0000021ca6dc15ac: 49ba c65c | 2f06 fc7f | 0000 4180 | 3a00 0f84 | 4e00 0000 | 5241 5041 

  0x0000021ca6dc15c4: ;   {metadata({method} {0x0000021cb3434f58} 'defineClass1' '(Ljava/lang/ClassLoader;Ljava/lang/String;[BIILjava/security/ProtectionDomain;Ljava/lang/String;)Ljava/lang/Class;' in 'java/lang/ClassLoader')}
  0x0000021ca6dc15c4: 5148 ba50 | 4f43 b31c | 0200 0049 | 8bcf 4883 | ec20 40f6 | c40f 0f84 | 1900 0000 | 4883 ec08 
  0x0000021ca6dc15e4: ;   {runtime_call}
  0x0000021ca6dc15e4: 48b8 50e1 | d805 fc7f | 0000 ffd0 | 4883 c408 | e90c 0000 

  0x0000021ca6dc15f8: ;   {runtime_call}
  0x0000021ca6dc15f8: 0048 b850 | e1d8 05fc | 7f00 00ff | d048 83c4 | 2041 5941 | 585a 498d | 8fc0 0300 | 0041 c787 
  0x0000021ca6dc1618: 4c04 0000 | 0400 0000 

  0x0000021ca6dc1620: ;   {runtime_call}
  0x0000021ca6dc1620: 48b8 ac16 | 6393 fc7f | 0000 ffd0 | c5f8 7741 | c787 4c04 | 0000 0500 | 0000 f083 | 4424 c000 
  0x0000021ca6dc1640: 493b af50 | 0400 000f | 870e 0000 | 0041 83bf | 4804 0000 | 000f 842b | 0000 00c5 | f877 4889 
  0x0000021ca6dc1660: 45f8 498b | cf4c 8be4 | 4883 ec20 | 4883 e4f0 

  0x0000021ca6dc1670: ;   {runtime_call}
  0x0000021ca6dc1670: 48b8 d052 | a405 fc7f | 0000 ffd0 | 498b e44d | 33e4 488b | 45f8 41c7 | 874c 0400 | 0008 0000 
  0x0000021ca6dc1690: 0041 83bf | c804 0000 | 020f 84ca 

  0x0000021ca6dc169c: ;   {external_word}
  0x0000021ca6dc169c: 0000 0049 | bac6 5c2f | 06fc 7f00 | 0041 803a | 000f 844c | 0000 0048 

  0x0000021ca6dc16b4: ;   {metadata({method} {0x0000021cb3434f58} 'defineClass1' '(Ljava/lang/ClassLoader;Ljava/lang/String;[BIILjava/security/ProtectionDomain;Ljava/lang/String;)Ljava/lang/Class;' in 'java/lang/ClassLoader')}
  0x0000021ca6dc16b4: 8945 f848 | ba50 4f43 | b31c 0200 | 0049 8bcf | 4883 ec20 | 40f6 c40f | 0f84 1900 | 0000 4883 
  0x0000021ca6dc16d4: ;   {runtime_call}
  0x0000021ca6dc16d4: ec08 48b8 | 50e1 d805 | fc7f 0000 | ffd0 4883 | c408 e90c 

  0x0000021ca6dc16e8: ;   {runtime_call}
  0x0000021ca6dc16e8: 0000 0048 | b850 e1d8 | 05fc 7f00 | 00ff d048 | 83c4 2048 | 8b45 f849 | c787 a003 | 0000 0000 
  0x0000021ca6dc1708: 0000 49c7 | 87a8 0300 | 0000 0000 | 00c5 f877 | 4885 c00f | 8425 0000 | 00a8 030f | 8508 0000 
  0x0000021ca6dc1728: 0048 8b00 | e915 0000 | 00a8 010f | 8509 0000 | 0048 8b40 | fee9 0400 | 0000 488b | 40ff 498b 
  0x0000021ca6dc1748: 8f30 0400 | 00c7 8100 | 0100 0000 | 0000 00c9 | 4983 7f08 | 000f 8501 | 0000 00c3 

  0x0000021ca6dc1764: ;   {runtime_call StubRoutines (initial stubs)}
  0x0000021ca6dc1764: e997 f79e | ffc5 f877 | 4889 45f8 | 4c8b e448 | 83ec 2048 

  0x0000021ca6dc1778: ;   {runtime_call}
  0x0000021ca6dc1778: 83e4 f048 | b8a0 18d9 | 05fc 7f00 | 00ff d049 | 8be4 4d33 | e448 8b45 | f8e9 09ff | ffff f4f4 
[/MachCode]


Compiled method (c1) 5550 1850       3       java.lang.ClassLoader::defineClass (43 bytes)
 total in heap  [0x0000021c9f5bcf10,0x0000021c9f5bd870] = 2400
 relocation     [0x0000021c9f5bd070,0x0000021c9f5bd110] = 160
 main code      [0x0000021c9f5bd120,0x0000021c9f5bd5c0] = 1184
 stub code      [0x0000021c9f5bd5c0,0x0000021c9f5bd638] = 120
 metadata       [0x0000021c9f5bd638,0x0000021c9f5bd668] = 48
 scopes data    [0x0000021c9f5bd668,0x0000021c9f5bd758] = 240
 scopes pcs     [0x0000021c9f5bd758,0x0000021c9f5bd838] = 224
 dependencies   [0x0000021c9f5bd838,0x0000021c9f5bd848] = 16
 nul chk table  [0x0000021c9f5bd848,0x0000021c9f5bd870] = 40

[Constant Pool (empty)]

[MachCode]
[Entry Point]
  # {method} {0x0000021cb34352d8} 'defineClass' '(Ljava/lang/String;[BIILjava/security/ProtectionDomain;)Ljava/lang/Class;' in 'java/lang/ClassLoader'
  # this:     rdx:rdx   = 'java/lang/ClassLoader'
  # parm0:    r8:r8     = 'java/lang/String'
  # parm1:    r9:r9     = '[B'
  # parm2:    rdi       = int
  # parm3:    rsi       = int
  # parm4:    rcx:rcx   = 'java/security/ProtectionDomain'
  #           [sp+0xc0]  (sp of caller)
  0x0000021c9f5bd120: 448b 5208 | 49bb 0000 | 00b3 1c02 | 0000 4d03 | d34c 3bd0 

  0x0000021c9f5bd134: ;   {runtime_call ic_miss_stub}
  0x0000021c9f5bd134: 0f85 4613 | 2407 660f | 1f44 0000 
[Verified Entry Point]
  0x0000021c9f5bd140: 8984 2400 | 80ff ff55 | 4881 ecb0 | 0000 0090 | 4181 7f20 | 0100 0000 

  0x0000021c9f5bd158: ;   {runtime_call StubRoutines (final stubs)}
  0x0000021c9f5bd158: 7405 e881 | b822 0748 | 8954 2478 

  0x0000021c9f5bd164: ;   {metadata(method data for {method} {0x0000021cb34352d8} 'defineClass' '(Ljava/lang/String;[BIILjava/security/ProtectionDomain;)Ljava/lang/Class;' in 'java/lang/ClassLoader')}
  0x0000021c9f5bd164: 48bb f8b2 | 36f6 1c02 | 0000 8b83 | cc00 0000 | 83c0 0289 | 83cc 0000 | 0025 fe07 | 0000 85c0 
  0x0000021c9f5bd184: 0f84 5803 | 0000 89b4 | 2494 0000 | 0089 bc24 | 9000 0000 | 4c89 8c24 | 8800 0000 

  0x0000021c9f5bd1a0: ;   {metadata(method data for {method} {0x0000021cb34352d8} 'defineClass' '(Ljava/lang/String;[BIILjava/security/ProtectionDomain;)Ljava/lang/Class;' in 'java/lang/ClassLoader')}
  0x0000021c9f5bd1a0: 488b da48 | b8f8 b236 | f61c 0200 | 0048 8380 | 1001 0000 | 0149 8bd8 | 4c8b c34c | 8bc9 488b 
  0x0000021c9f5bd1c0: ca48 8bd1 | 4889 9c24 | 8000 0000 

  0x0000021c9f5bd1cc: ;   {optimized virtual_call}
  0x0000021c9f5bd1cc: 6666 90e8 

  0x0000021c9f5bd1d0: ; ImmutableOopMap {[120]=Oop [128]=Oop [136]=Oop }
                      ;*invokevirtual preDefineClass {reexecute=0 rethrow=0 return_oop=0}
                      ; - java.lang.ClassLoader::defineClass@4
  0x0000021c9f5bd1d0: cc27 efff 

  0x0000021c9f5bd1d4: ;   {other}
  0x0000021c9f5bd1d4: 0f1f 8400 | c402 0000 | 4889 8424 | 9800 0000 | 488b 5424 

  0x0000021c9f5bd1e8: ;   {metadata(method data for {method} {0x0000021cb34352d8} 'defineClass' '(Ljava/lang/String;[BIILjava/security/ProtectionDomain;)Ljava/lang/Class;' in 'java/lang/ClassLoader')}
  0x0000021c9f5bd1e8: 7849 b8f8 | b236 f61c | 0200 0049 | 8380 4801 

  0x0000021c9f5bd1f8: ;   {metadata(method data for {method} {0x0000021cb3434fc0} 'defineClassSourceLocation' '(Ljava/security/ProtectionDomain;)Ljava/lang/String;' in 'java/lang/ClassLoader')}
  0x0000021c9f5bd1f8: 0000 0149 | b810 ba36 | f61c 0200 | 0041 8b90 | cc00 0000 | 83c2 0241 | 8990 cc00 | 0000 81e2 
  0x0000021c9f5bd218: feff 1f00 | 85d2 0f84 | df02 0000 

  0x0000021c9f5bd224: ; implicit exception: dispatches to 0x0000021c9f5bd524
  0x0000021c9f5bd224: 483b 004c 

  0x0000021c9f5bd228: ;   {metadata(method data for {method} {0x0000021cb3434fc0} 'defineClassSourceLocation' '(Ljava/security/ProtectionDomain;)Ljava/lang/String;' in 'java/lang/ClassLoader')}
  0x0000021c9f5bd228: 8bc0 48ba | 10ba 36f6 | 1c02 0000 | 4883 8210 | 0100 0001 | 448b 4010 

  0x0000021c9f5bd240: ;   {metadata(method data for {method} {0x0000021cb3434fc0} 'defineClassSourceLocation' '(Ljava/security/ProtectionDomain;)Ljava/lang/String;' in 'java/lang/ClassLoader')}
  0x0000021c9f5bd240: 4d85 c048 | ba10 ba36 | f61c 0200 | 0048 c7c6 | 5801 0000 | 7507 48c7 | c648 0100 | 0048 8b3c 
  0x0000021c9f5bd260: 3248 8d7f | 0148 893c | 320f 850f 

  0x0000021c9f5bd26c: ;   {oop(nullptr)}
  0x0000021c9f5bd26c: 0000 0048 | bb00 0000 | 0000 0000 | 00e9 a901 | 0000 493b | 0049 8bd0 

  0x0000021c9f5bd284: ;   {metadata(method data for {method} {0x0000021cb3434fc0} 'defineClassSourceLocation' '(Ljava/security/ProtectionDomain;)Ljava/lang/String;' in 'java/lang/ClassLoader')}
  0x0000021c9f5bd284: 48be 10ba | 36f6 1c02 | 0000 4883 | 8668 0100 | 0001 418b | 500c 4885 

  0x0000021c9f5bd29c: ;   {metadata(method data for {method} {0x0000021cb3434fc0} 'defineClassSourceLocation' '(Ljava/security/ProtectionDomain;)Ljava/lang/String;' in 'java/lang/ClassLoader')}
  0x0000021c9f5bd29c: d248 be10 | ba36 f61c | 0200 0048 | c7c7 b001 | 0000 7507 | 48c7 c7a0 | 0100 0048 | 8b1c 3e48 
  0x0000021c9f5bd2bc: 8d5b 0148 | 891c 3e0f | 850f 0000 

  0x0000021c9f5bd2c8: ;   {oop(nullptr)}
  0x0000021c9f5bd2c8: 0048 bb00 | 0000 0000 | 0000 00e9 | 4f01 0000 

  0x0000021c9f5bd2d8: ;   {metadata(method data for {method} {0x0000021cb3434fc0} 'defineClassSourceLocation' '(Ljava/security/ProtectionDomain;)Ljava/lang/String;' in 'java/lang/ClassLoader')}
  0x0000021c9f5bd2d8: 48be 10ba | 36f6 1c02 | 0000 4883 | 86c0 0100 | 0001 483b | 024c 8bc2 

  0x0000021c9f5bd2f0: ;   {metadata(method data for {method} {0x0000021cb3434fc0} 'defineClassSourceLocation' '(Ljava/security/ProtectionDomain;)Ljava/lang/String;' in 'java/lang/ClassLoader')}
  0x0000021c9f5bd2f0: 48be 10ba | 36f6 1c02 | 0000 4883 | 86f8 0100 

  0x0000021c9f5bd300: ;   {metadata(method data for {method} {0x0000021cb301abf0} 'toString' '()Ljava/lang/String;' in 'java/net/URL')}
  0x0000021c9f5bd300: 0001 49b8 | e0ad 36f6 | 1c02 0000 | 418b b0cc | 0000 0083 | c602 4189 | b0cc 0000 | 0081 e6fe 
  0x0000021c9f5bd320: ff1f 0085 | f60f 8408 | 0200 004c 

  0x0000021c9f5bd32c: ;   {metadata(method data for {method} {0x0000021cb301abf0} 'toString' '()Ljava/lang/String;' in 'java/net/URL')}
  0x0000021c9f5bd32c: 8bc2 48be | e0ad 36f6 | 1c02 0000 | 4883 8610 | 0100 0001 

  0x0000021c9f5bd340: ;   {metadata(method data for {method} {0x0000021cb3428b60} 'toExternalForm' '()Ljava/lang/String;' in 'java/net/URL')}
  0x0000021c9f5bd340: 49b8 9045 | 36f6 1c02 | 0000 418b | b0cc 0000 | 0083 c602 | 4189 b0cc | 0000 0081 | e6fe ff1f 
  0x0000021c9f5bd360: 0085 f60f | 84eb 0100 | 008b 7238 

  0x0000021c9f5bd36c: ; implicit exception: dispatches to 0x0000021c9f5bd575
  0x0000021c9f5bd36c: 483b 064c 

  0x0000021c9f5bd370: ;   {metadata(method data for {method} {0x0000021cb3428b60} 'toExternalForm' '()Ljava/lang/String;' in 'java/net/URL')}
  0x0000021c9f5bd370: 8bc6 48bf | 9045 36f6 | 1c02 0000 | 458b 4008 | 49ba 0000 | 00b3 1c02 | 0000 4d03 | c24c 3b87 
  0x0000021c9f5bd390: 2001 0000 | 750d 4883 | 8728 0100 | 0001 e960 | 0000 004c | 3b87 3001 | 0000 750d | 4883 8738 
  0x0000021c9f5bd3b0: 0100 0001 | e94a 0000 | 0048 83bf | 2001 0000 | 0075 174c | 8987 2001 | 0000 48c7 | 8728 0100 
  0x0000021c9f5bd3d0: 0001 0000 | 00e9 2900 | 0000 4883 | bf30 0100 | 0000 7517 | 4c89 8730 | 0100 0048 | c787 3801 
  0x0000021c9f5bd3f0: 0000 0100 | 0000 e908 | 0000 0048 | 8387 1001 | 0000 014c | 8bc2 488b | d60f 1f40 | 0048 b8f8 
  0x0000021c9f5bd410: 3121 b31c 

  0x0000021c9f5bd414: ;   {virtual_call}
  0x0000021c9f5bd414: 0200 00e8 

  0x0000021c9f5bd418: ; ImmutableOopMap {[120]=Oop [128]=Oop [136]=Oop [152]=Oop }
                      ;*invokevirtual toExternalForm {reexecute=0 rethrow=0 return_oop=0}
                      ; - java.net.URL::toExternalForm@5
                      ; - java.net.URL::toString@1
                      ; - java.lang.ClassLoader::defineClassSourceLocation@22
                      ; - java.lang.ClassLoader::defineClass@12
  0x0000021c9f5bd418: e415 edff 

  0x0000021c9f5bd41c: ;   {other}
  0x0000021c9f5bd41c: 0f1f 8400 | 0c05 0001 | 488b d848 | 8b84 2498 | 0000 008b | b424 9400 | 0000 8bbc | 2490 0000 
  0x0000021c9f5bd43c: 004c 8b8c | 2488 0000 | 004c 8b84 | 2480 0000 | 0048 8b54 

  0x0000021c9f5bd450: ;   {metadata(method data for {method} {0x0000021cb34352d8} 'defineClass' '(Ljava/lang/String;[BIILjava/security/ProtectionDomain;)Ljava/lang/Class;' in 'java/lang/ClassLoader')}
  0x0000021c9f5bd450: 2478 48b9 | f8b2 36f6 | 1c02 0000 | 4883 8180 | 0100 0001 | 4c8b da49 | 8bd3 488b | c848 891c 
  0x0000021c9f5bd470: 2466 0f1f 

  0x0000021c9f5bd474: ;   {static_call}
  0x0000021c9f5bd474: 4400 00e8 

  0x0000021c9f5bd478: ; ImmutableOopMap {[120]=Oop [152]=Oop }
                      ;*invokestatic defineClass1 {reexecute=0 rethrow=0 return_oop=0}
                      ; - java.lang.ClassLoader::defineClass@27
  0x0000021c9f5bd478: 6440 8007 

  0x0000021c9f5bd47c: ;   {other}
  0x0000021c9f5bd47c: 0f1f 8400 | 6c05 0002 | 488b 5424 

  0x0000021c9f5bd488: ;   {metadata(method data for {method} {0x0000021cb34352d8} 'defineClass' '(Ljava/lang/String;[BIILjava/security/ProtectionDomain;)Ljava/lang/Class;' in 'java/lang/ClassLoader')}
  0x0000021c9f5bd488: 7849 b8f8 | b236 f61c | 0200 0049 | 8380 9001 | 0000 014c | 8bc0 4c8b | 8c24 9800 | 0000 488b 
  0x0000021c9f5bd4a8: 5424 7848 | 8984 24a0 | 0000 000f 

  0x0000021c9f5bd4b4: ;   {optimized virtual_call}
  0x0000021c9f5bd4b4: 1f40 00e8 

  0x0000021c9f5bd4b8: ; ImmutableOopMap {[160]=Oop }
                      ;*invokevirtual postDefineClass {reexecute=0 rethrow=0 return_oop=0}
                      ; - java.lang.ClassLoader::defineClass@37
  0x0000021c9f5bd4b8: e4a6 f7ff 

  0x0000021c9f5bd4bc: ;   {other}
  0x0000021c9f5bd4bc: 0f1f 8400 | ac05 0003 | 488b 8424 | a000 0000 | 4881 c4b0 | 0000 005d 

  0x0000021c9f5bd4d4: ;   {poll_return}
  0x0000021c9f5bd4d4: 493b a750 | 0400 000f | 8799 0000 

  0x0000021c9f5bd4e0: ;   {metadata({method} {0x0000021cb34352d8} 'defineClass' '(Ljava/lang/String;[BIILjava/security/ProtectionDomain;)Ljava/lang/Class;' in 'java/lang/ClassLoader')}
  0x0000021c9f5bd4e0: 00c3 49ba | d052 43b3 | 1c02 0000 | 4c89 5424 | 0848 c704 | 24ff ffff 

  0x0000021c9f5bd4f8: ;   {runtime_call counter_overflow Runtime1 stub}
  0x0000021c9f5bd4f8: ffe8 024e 

  0x0000021c9f5bd4fc: ; ImmutableOopMap {rdx=Oop r8=Oop r9=Oop rcx=Oop [120]=Oop }
                      ;*synchronization entry
                      ; - java.lang.ClassLoader::defineClass@-1
  0x0000021c9f5bd4fc: 2f07 e987 

  0x0000021c9f5bd500: ;   {metadata({method} {0x0000021cb3434fc0} 'defineClassSourceLocation' '(Ljava/security/ProtectionDomain;)Ljava/lang/String;' in 'java/lang/ClassLoader')}
  0x0000021c9f5bd500: fcff ff49 | bab8 4f43 | b31c 0200 | 004c 8954 | 2408 48c7 | 0424 ffff 

  0x0000021c9f5bd518: ;   {runtime_call counter_overflow Runtime1 stub}
  0x0000021c9f5bd518: ffff e8e1 

  0x0000021c9f5bd51c: ; ImmutableOopMap {rax=Oop [120]=Oop [128]=Oop [136]=Oop [152]=Oop }
                      ;*synchronization entry
                      ; - java.lang.ClassLoader::defineClassSourceLocation@-1
                      ; - java.lang.ClassLoader::defineClass@12
  0x0000021c9f5bd51c: 4d2f 07e9 | 00fd ffff 

  0x0000021c9f5bd524: ;   {runtime_call throw_null_pointer_exception Runtime1 stub}
  0x0000021c9f5bd524: e8d7 fc2e 

  0x0000021c9f5bd528: ; ImmutableOopMap {rax=Oop [120]=Oop [128]=Oop [136]=Oop [152]=Oop }
                      ;*invokevirtual getCodeSource {reexecute=0 rethrow=0 return_oop=0}
                      ; - java.lang.ClassLoader::defineClassSourceLocation@1
                      ; - java.lang.ClassLoader::defineClass@12
                      ;   {runtime_call throw_null_pointer_exception Runtime1 stub}
  0x0000021c9f5bd528: 07e8 d2fc 

  0x0000021c9f5bd52c: ; ImmutableOopMap {rax=Oop r8=Oop [120]=Oop [128]=Oop [136]=Oop [152]=Oop }
                      ;*invokevirtual getLocation {reexecute=0 rethrow=0 return_oop=0}
                      ; - java.lang.ClassLoader::defineClassSourceLocation@12
                      ; - java.lang.ClassLoader::defineClass@12
                      ;   {runtime_call throw_null_pointer_exception Runtime1 stub}
  0x0000021c9f5bd52c: 2e07 e8cd 

  0x0000021c9f5bd530: ; ImmutableOopMap {rdx=Oop [120]=Oop [128]=Oop [136]=Oop [152]=Oop }
                      ;*invokevirtual toString {reexecute=0 rethrow=0 return_oop=0}
                      ; - java.lang.ClassLoader::defineClassSourceLocation@22
                      ; - java.lang.ClassLoader::defineClass@12
                      ;   {metadata({method} {0x0000021cb301abf0} 'toString' '()Ljava/lang/String;' in 'java/net/URL')}
  0x0000021c9f5bd530: fc2e 0749 | bae8 ab01 | b31c 0200 | 004c 8954 | 2408 48c7 | 0424 ffff 

  0x0000021c9f5bd548: ;   {runtime_call counter_overflow Runtime1 stub}
  0x0000021c9f5bd548: ffff e8b1 

  0x0000021c9f5bd54c: ; ImmutableOopMap {rdx=Oop [120]=Oop [128]=Oop [136]=Oop [152]=Oop }
                      ;*synchronization entry
                      ; - java.net.URL::toString@-1
                      ; - java.lang.ClassLoader::defineClassSourceLocation@22
                      ; - java.lang.ClassLoader::defineClass@12
  0x0000021c9f5bd54c: 4d2f 07e9 | d7fd ffff 

  0x0000021c9f5bd554: ;   {metadata({method} {0x0000021cb3428b60} 'toExternalForm' '()Ljava/lang/String;' in 'java/net/URL')}
  0x0000021c9f5bd554: 49ba 588b | 42b3 1c02 | 0000 4c89 | 5424 0848 | c704 24ff 

  0x0000021c9f5bd568: ;   {runtime_call counter_overflow Runtime1 stub}
  0x0000021c9f5bd568: ffff ffe8 

  0x0000021c9f5bd56c: ; ImmutableOopMap {rdx=Oop [120]=Oop [128]=Oop [136]=Oop [152]=Oop }
                      ;*synchronization entry
                      ; - java.net.URL::toExternalForm@-1
                      ; - java.net.URL::toString@1
                      ; - java.lang.ClassLoader::defineClassSourceLocation@22
                      ; - java.lang.ClassLoader::defineClass@12
  0x0000021c9f5bd56c: 904d 2f07 | e9f4 fdff 

  0x0000021c9f5bd574: ;   {runtime_call throw_null_pointer_exception Runtime1 stub}
  0x0000021c9f5bd574: ffe8 86fc 

  0x0000021c9f5bd578: ; ImmutableOopMap {rdx=Oop rsi=Oop [120]=Oop [128]=Oop [136]=Oop [152]=Oop }
                      ;*invokevirtual toExternalForm {reexecute=0 rethrow=0 return_oop=0}
                      ; - java.net.URL::toExternalForm@5
                      ; - java.net.URL::toString@1
                      ; - java.lang.ClassLoader::defineClassSourceLocation@22
                      ; - java.lang.ClassLoader::defineClass@12
                      ;   {internal_word}
  0x0000021c9f5bd578: 2e07 49ba | d4d4 5b9f | 1c02 0000 | 4d89 9768 

  0x0000021c9f5bd588: ;   {runtime_call SafepointBlob}
  0x0000021c9f5bd588: 0400 00e9 | 7075 2407 | 498b 8700 | 0500 0049 | c787 0005 | 0000 0000 | 0000 49c7 | 8708 0500 
  0x0000021c9f5bd5a8: 0000 0000 | 0048 81c4 | b000 0000 

  0x0000021c9f5bd5b4: ;   {runtime_call unwind_exception Runtime1 stub}
  0x0000021c9f5bd5b4: 5de9 46ed | 2e07 f4f4 | f4f4 f4f4 
[Stub Code]
  0x0000021c9f5bd5c0: ;   {no_reloc}
  0x0000021c9f5bd5c0: 0f1f 4400 

  0x0000021c9f5bd5c4: ;   {static_stub}
  0x0000021c9f5bd5c4: 0048 bb00 | 0000 0000 

  0x0000021c9f5bd5cc: ;   {runtime_call nmethod}
  0x0000021c9f5bd5cc: 0000 00e9 | fbff ffff 

  0x0000021c9f5bd5d4: ;   {static_stub}
  0x0000021c9f5bd5d4: 48bb 0000 | 0000 0000 

  0x0000021c9f5bd5dc: ;   {runtime_call nmethod}
  0x0000021c9f5bd5dc: 0000 e9fb 

  0x0000021c9f5bd5e0: ;   {static_stub}
  0x0000021c9f5bd5e0: ffff ff48 | bb00 0000 | 0000 0000 

  0x0000021c9f5bd5ec: ;   {runtime_call nmethod}
  0x0000021c9f5bd5ec: 00e9 fbff 

  0x0000021c9f5bd5f0: ;   {static_stub}
  0x0000021c9f5bd5f0: ffff 48bb | 0000 0000 | 0000 0000 

  0x0000021c9f5bd5fc: ;   {runtime_call nmethod}
  0x0000021c9f5bd5fc: e9fb ffff 

  0x0000021c9f5bd600: ;   {runtime_call handle_exception_from_callee Runtime1 stub}
  0x0000021c9f5bd600: ffe8 fa19 

  0x0000021c9f5bd604: ;   {external_word}
  0x0000021c9f5bd604: 2f07 48b9 | 4053 0506 | fc7f 0000 | 4883 e4f0 

  0x0000021c9f5bd614: ;   {runtime_call}
  0x0000021c9f5bd614: 48b8 b0c3 | c705 fc7f | 0000 ffd0 

  0x0000021c9f5bd620: ;   {section_word}
  0x0000021c9f5bd620: f449 ba21 | d65b 9f1c | 0200 0041 

  0x0000021c9f5bd62c: ;   {runtime_call DeoptimizationBlob}
  0x0000021c9f5bd62c: 52e9 6e67 | 2407 f4f4 | f4f4 f4f4 
[/MachCode]


Compiled method (c1) 5562 1724       3       java.security.SecureClassLoader::defineClass (16 bytes)
 total in heap  [0x0000021c9f571410,0x0000021c9f571810] = 1024
 relocation     [0x0000021c9f571570,0x0000021c9f5715c0] = 80
 main code      [0x0000021c9f5715c0,0x0000021c9f571718] = 344
 stub code      [0x0000021c9f571718,0x0000021c9f571768] = 80
 metadata       [0x0000021c9f571768,0x0000021c9f571770] = 8
 scopes data    [0x0000021c9f571770,0x0000021c9f5717b8] = 72
 scopes pcs     [0x0000021c9f5717b8,0x0000021c9f571808] = 80
 dependencies   [0x0000021c9f571808,0x0000021c9f571810] = 8

[Constant Pool (empty)]

[MachCode]
[Entry Point]
  # {method} {0x0000021cb304e0e8} 'defineClass' '(Ljava/lang/String;[BIILjava/security/CodeSource;)Ljava/lang/Class;' in 'java/security/SecureClassLoader'
  # this:     rdx:rdx   = 'java/security/SecureClassLoader'
  # parm0:    r8:r8     = 'java/lang/String'
  # parm1:    r9:r9     = '[B'
  # parm2:    rdi       = int
  # parm3:    rsi       = int
  # parm4:    rcx:rcx   = 'java/security/CodeSource'
  #           [sp+0x80]  (sp of caller)
  0x0000021c9f5715c0: 448b 5208 | 49bb 0000 | 00b3 1c02 | 0000 4d03 | d34c 3bd0 

  0x0000021c9f5715d4: ;   {runtime_call ic_miss_stub}
  0x0000021c9f5715d4: 0f85 a6ce | 2807 660f | 1f44 0000 
[Verified Entry Point]
  0x0000021c9f5715e0: 8984 2400 | 80ff ff55 | 4883 ec70 | 4181 7f20 | 0100 0000 

  0x0000021c9f5715f4: ;   {runtime_call StubRoutines (final stubs)}
  0x0000021c9f5715f4: 7405 e8e5 

  0x0000021c9f5715f8: ;   {metadata(method data for {method} {0x0000021cb304e0e8} 'defineClass' '(Ljava/lang/String;[BIILjava/security/CodeSource;)Ljava/lang/Class;' in 'java/security/SecureClassLoader')}
  0x0000021c9f5715f8: 7327 0748 | bbd0 1d3b | f61c 0200 | 008b 83cc | 0000 0083 | c002 8983 | cc00 0000 | 25fe 0700 
  0x0000021c9f571618: 0085 c00f | 8496 0000 | 0089 7424 | 5c89 7c24 | 584c 894c | 2450 4c89 | 4424 4848 

  0x0000021c9f571634: ;   {metadata(method data for {method} {0x0000021cb304e0e8} 'defineClass' '(Ljava/lang/String;[BIILjava/security/CodeSource;)Ljava/lang/Class;' in 'java/security/SecureClassLoader')}
  0x0000021c9f571634: 8bda 48b8 | d01d 3bf6 | 1c02 0000 | 4883 8010 | 0100 0001 | 4c8b c148 | 8bc2 488b | d048 8944 
  0x0000021c9f571654: ;   {optimized virtual_call}
  0x0000021c9f571654: 2440 90e8 

  0x0000021c9f571658: ; ImmutableOopMap {[64]=Oop [72]=Oop [80]=Oop }
                      ;*invokevirtual getProtectionDomain {reexecute=0 rethrow=0 return_oop=0}
                      ; - java.security.SecureClassLoader::defineClass@9
  0x0000021c9f571658: bc00 0000 

  0x0000021c9f57165c: ;   {other}
  0x0000021c9f57165c: 0f1f 8400 | 4c02 0000 | 488b 5424 

  0x0000021c9f571668: ;   {metadata(method data for {method} {0x0000021cb304e0e8} 'defineClass' '(Ljava/lang/String;[BIILjava/security/CodeSource;)Ljava/lang/Class;' in 'java/security/SecureClassLoader')}
  0x0000021c9f571668: 4049 b8d0 | 1d3b f61c | 0200 0049 | 8380 4801 | 0000 014c | 8b44 2448 | 4c8b 4c24 | 508b 7c24 
  0x0000021c9f571688: 588b 7424 | 5c48 8bc8 | 488b 5424 

  0x0000021c9f571694: ;   {optimized virtual_call}
  0x0000021c9f571694: 4066 90e8 

  0x0000021c9f571698: ; ImmutableOopMap {}
                      ;*invokevirtual defineClass {reexecute=0 rethrow=0 return_oop=0}
                      ; - java.security.SecureClassLoader::defineClass@12
  0x0000021c9f571698: a4ba 0400 

  0x0000021c9f57169c: ;   {other}
  0x0000021c9f57169c: 0f1f 8400 | 8c02 0001 | 4883 c470 

  0x0000021c9f5716a8: ;   {poll_return}
  0x0000021c9f5716a8: 5d49 3ba7 | 5004 0000 | 0f87 2200 

  0x0000021c9f5716b4: ;   {metadata({method} {0x0000021cb304e0e8} 'defineClass' '(Ljava/lang/String;[BIILjava/security/CodeSource;)Ljava/lang/Class;' in 'java/security/SecureClassLoader')}
  0x0000021c9f5716b4: 0000 c349 | bae0 e004 | b31c 0200 | 004c 8954 | 2408 48c7 | 0424 ffff 

  0x0000021c9f5716cc: ;   {runtime_call counter_overflow Runtime1 stub}
  0x0000021c9f5716cc: ffff e82d 

  0x0000021c9f5716d0: ; ImmutableOopMap {rdx=Oop r8=Oop r9=Oop rcx=Oop }
                      ;*synchronization entry
                      ; - java.security.SecureClassLoader::defineClass@-1
  0x0000021c9f5716d0: 0c34 07e9 | 49ff ffff 

  0x0000021c9f5716d8: ;   {internal_word}
  0x0000021c9f5716d8: 49ba a916 | 579f 1c02 | 0000 4d89 | 9768 0400 

  0x0000021c9f5716e8: ;   {runtime_call SafepointBlob}
  0x0000021c9f5716e8: 00e9 1234 | 2907 498b | 8700 0500 | 0049 c787 | 0005 0000 | 0000 0000 | 49c7 8708 | 0500 0000 
  0x0000021c9f571708: 0000 0048 | 83c4 705d 

  0x0000021c9f571710: ;   {runtime_call unwind_exception Runtime1 stub}
  0x0000021c9f571710: e9eb ab33 | 07f4 f4f4 
[Stub Code]
  0x0000021c9f571718: ;   {no_reloc}
  0x0000021c9f571718: 48bb 30e0 | 04b3 1c02 

  0x0000021c9f571720: ;   {runtime_call I2C/C2I adapters}
  0x0000021c9f571720: 0000 e940 

  0x0000021c9f571724: ;   {static_stub}
  0x0000021c9f571724: 2029 0748 | bbd0 5243 | b31c 0200 

  0x0000021c9f571730: ;   {runtime_call I2C/C2I adapters}
  0x0000021c9f571730: 00e9 bf32 

  0x0000021c9f571734: ;   {runtime_call handle_exception_from_callee Runtime1 stub}
  0x0000021c9f571734: 2807 e8c5 

  0x0000021c9f571738: ;   {external_word}
  0x0000021c9f571738: d833 0748 | b940 5305 | 06fc 7f00 | 0048 83e4 

  0x0000021c9f571748: ;   {runtime_call}
  0x0000021c9f571748: f048 b8b0 | c3c7 05fc | 7f00 00ff 

  0x0000021c9f571754: ;   {section_word}
  0x0000021c9f571754: d0f4 49ba | 5617 579f | 1c02 0000 

  0x0000021c9f571760: ;   {runtime_call DeoptimizationBlob}
  0x0000021c9f571760: 4152 e939 | 2629 07f4 
[/MachCode]


---------------  P R O C E S S  ---------------

Threads class SMR info:
_java_thread_list=0x0000021cfa861d70, length=17, elements={
0x0000021c9c07cb10, 0x0000021c9c13e940, 0x0000021cb2b17820, 0x0000021cb2b1f720,
0x0000021cb2b22390, 0x0000021cb2b25150, 0x0000021cb2b25bb0, 0x0000021cb2b269f0,
0x0000021cf4f3a3d0, 0x0000021cf511c1e0, 0x0000021cf52552e0, 0x0000021cf527faf0,
0x0000021cf52d7410, 0x0000021cfa852bd0, 0x0000021cfaa28950, 0x0000021cfa926450,
0x0000021cfa8f2450
}

Java Threads: ( => current thread )
  0x0000021c9c07cb10 JavaThread "main"                              [_thread_blocked, id=39124, stack(0x000000dd9a000000,0x000000dd9a100000) (1024K)]
  0x0000021c9c13e940 JavaThread "Reference Handler"          daemon [_thread_blocked, id=23368, stack(0x000000dd9a400000,0x000000dd9a500000) (1024K)]
  0x0000021cb2b17820 JavaThread "Finalizer"                  daemon [_thread_blocked, id=3240, stack(0x000000dd9a500000,0x000000dd9a600000) (1024K)]
  0x0000021cb2b1f720 JavaThread "Signal Dispatcher"          daemon [_thread_blocked, id=41820, stack(0x000000dd9a600000,0x000000dd9a700000) (1024K)]
  0x0000021cb2b22390 JavaThread "Attach Listener"            daemon [_thread_blocked, id=15184, stack(0x000000dd9a700000,0x000000dd9a800000) (1024K)]
  0x0000021cb2b25150 JavaThread "Service Thread"             daemon [_thread_blocked, id=41772, stack(0x000000dd9a800000,0x000000dd9a900000) (1024K)]
  0x0000021cb2b25bb0 JavaThread "Monitor Deflation Thread"   daemon [_thread_blocked, id=39816, stack(0x000000dd9a900000,0x000000dd9aa00000) (1024K)]
  0x0000021cb2b269f0 JavaThread "C2 CompilerThread0"         daemon [_thread_blocked, id=27340, stack(0x000000dd9aa00000,0x000000dd9ab00000) (1024K)]
  0x0000021cf4f3a3d0 JavaThread "C1 CompilerThread0"         daemon [_thread_blocked, id=44664, stack(0x000000dd9ab00000,0x000000dd9ac00000) (1024K)]
  0x0000021cf511c1e0 JavaThread "Common-Cleaner"             daemon [_thread_blocked, id=42536, stack(0x000000dd9ad00000,0x000000dd9ae00000) (1024K)]
  0x0000021cf52552e0 JavaThread "Notification Thread"        daemon [_thread_blocked, id=9052, stack(0x000000dd9ae00000,0x000000dd9af00000) (1024K)]
  0x0000021cf527faf0 JavaThread "C2 CompilerThread1"         daemon [_thread_blocked, id=26112, stack(0x000000dd9ac00000,0x000000dd9ad00000) (1024K)]
  0x0000021cf52d7410 JavaThread "C2 CompilerThread2"         daemon [_thread_blocked, id=35800, stack(0x000000dd9af00000,0x000000dd9b000000) (1024K)]
  0x0000021cfa852bd0 JavaThread "Active Thread: Equinox Container: 0cf5ae38-8692-44ce-8032-4cd14c851072"        [_thread_blocked, id=14820, stack(0x000000dd9b600000,0x000000dd9b700000) (1024K)]
  0x0000021cfaa28950 JavaThread "Refresh Thread: Equinox Container: 0cf5ae38-8692-44ce-8032-4cd14c851072" daemon [_thread_blocked, id=42884, stack(0x000000dd9b800000,0x000000dd9b900000) (1024K)]
  0x0000021cfa926450 JavaThread "Framework Event Dispatcher: Equinox Container: 0cf5ae38-8692-44ce-8032-4cd14c851072" daemon [_thread_blocked, id=38116, stack(0x000000dd9b900000,0x000000dd9ba00000) (1024K)]
=>0x0000021cfa8f2450 JavaThread "Start Level: Equinox Container: 0cf5ae38-8692-44ce-8032-4cd14c851072" daemon [_thread_in_vm, id=41964, stack(0x000000dd9ba00000,0x000000dd9bb00000) (1024K)]
Total: 17

Other Threads:
  0x0000021cb2b14480 VMThread "VM Thread"                           [id=32652, stack(0x000000dd9a300000,0x000000dd9a400000) (1024K)] _threads_hazard_ptr=0x0000021cfa861d70
  0x0000021cb2a0ca00 WatcherThread "VM Periodic Task Thread"        [id=37300, stack(0x000000dd9a200000,0x000000dd9a300000) (1024K)]
  0x0000021c9c09c2a0 WorkerThread "GC Thread#0"                     [id=24684, stack(0x000000dd9a100000,0x000000dd9a200000) (1024K)]
  0x0000021cfa4dfc80 WorkerThread "GC Thread#1"                     [id=16248, stack(0x000000dd9b000000,0x000000dd9b100000) (1024K)]
  0x0000021cfa4e0030 WorkerThread "GC Thread#2"                     [id=42224, stack(0x000000dd9b100000,0x000000dd9b200000) (1024K)]
  0x0000021cfa2cced0 WorkerThread "GC Thread#3"                     [id=33900, stack(0x000000dd9b200000,0x000000dd9b300000) (1024K)]
  0x0000021cfa2cd280 WorkerThread "GC Thread#4"                     [id=45344, stack(0x000000dd9b300000,0x000000dd9b400000) (1024K)]
  0x0000021cfa33e780 WorkerThread "GC Thread#5"                     [id=3956, stack(0x000000dd9b400000,0x000000dd9b500000) (1024K)]
  0x0000021cfa33e020 WorkerThread "GC Thread#6"                     [id=11900, stack(0x000000dd9b500000,0x000000dd9b600000) (1024K)]
  0x0000021cfa33dc70 WorkerThread "GC Thread#7"                     [id=38768, stack(0x000000dd9b700000,0x000000dd9b800000) (1024K)]
Total: 10

Threads with active compile tasks:
Total: 0

VM state: synchronizing (normal execution)

VM Mutex/Monitor currently owned by a thread:  ([mutex/lock_event])
[0x00007ffc0630c4e0] Metaspace_lock - owner thread: 0x0000021cfa8f2450
[0x00007ffc0630e560] Threads_lock - owner thread: 0x0000021cb2b14480

Heap address: 0x0000000080000000, size: 2048 MB, Compressed Oops mode: 32-bit

CDS archive(s) mapped at: [0x0000021cb3000000-0x0000021cb3ba0000-0x0000021cb3ba0000), size 12189696, SharedBaseAddress: 0x0000021cb3000000, ArchiveRelocationMode: 1.
Compressed class space mapped at: 0x0000021cb4000000-0x0000021cf4000000, reserved size: 1073741824
Narrow klass base: 0x0000021cb3000000, Narrow klass shift: 0, Narrow klass range: 0x100000000

GC Precious Log:
 CardTable entry size: 512
 CPUs: 12 total, 12 available
 Memory: 16076M
 Large Page Support: Disabled
 NUMA Support: Disabled
 Compressed Oops: Enabled (32-bit)
 Alignments: Space 512K, Generation 512K, Heap 2M
 Heap Min Capacity: 100M
 Heap Initial Capacity: 100M
 Heap Max Capacity: 2G
 Pre-touch: Disabled
 Parallel Workers: 10

Heap:
 PSYoungGen      total 29696K, used 10388K [0x00000000d5580000, 0x00000000d7680000, 0x0000000100000000)
  eden space 25600K, 24% used [0x00000000d5580000,0x00000000d5ba79c8,0x00000000d6e80000)
  from space 4096K, 99% used [0x00000000d7280000,0x00000000d767d810,0x00000000d7680000)
  to   space 4096K, 0% used [0x00000000d6e80000,0x00000000d6e80000,0x00000000d7280000)
 ParOldGen       total 68608K, used 2049K [0x0000000080000000, 0x0000000084300000, 0x00000000d5580000)
  object space 68608K, 2% used [0x0000000080000000,0x0000000080200638,0x0000000084300000)
 Metaspace       used 8744K, committed 9024K, reserved 1114112K
  class space    used 930K, committed 1088K, reserved 1048576K

Card table byte_map: [0x0000021c9ba20000,0x0000021c9be30000] _byte_map_base: 0x0000021c9b620000

Marking Bits: (ParMarkBitMap*) 0x00007ffc06313450
 Begin Bits: [0x0000021cae530000, 0x0000021cb0530000)
 End Bits:   [0x0000021cb0530000, 0x0000021cb2530000)

Polling page: 0x0000021c99f40000

Metaspace:

Usage:
  Non-class:      7.63 MB used.
      Class:    930.79 KB used.
       Both:      8.54 MB used.

Virtual space:
  Non-class space:       64.00 MB reserved,       7.75 MB ( 12%) committed,  1 nodes.
      Class space:        1.00 GB reserved,       1.06 MB ( <1%) committed,  1 nodes.
             Both:        1.06 GB reserved,       8.81 MB ( <1%) committed. 

Chunk freelists:
   Non-Class:  8.23 MB
       Class:  14.82 MB
        Both:  23.06 MB

MaxMetaspaceSize: unlimited
CompressedClassSpaceSize: 1.00 GB
Initial GC threshold: 21.00 MB
Current GC threshold: 21.00 MB
CDS: on
 - commit_granule_bytes: 65536.
 - commit_granule_words: 8192.
 - virtual_space_node_default_size: 8388608.
 - enlarge_chunks_in_place: 1.
 - use_allocation_guard: 0.


Internal statistics:

num_allocs_failed_limit: 0.
num_arena_births: 240.
num_arena_deaths: 0.
num_vsnodes_births: 2.
num_vsnodes_deaths: 0.
num_space_committed: 141.
num_space_uncommitted: 0.
num_chunks_returned_to_freelist: 0.
num_chunks_taken_from_freelist: 473.
num_chunk_merges: 0.
num_chunk_splits: 300.
num_chunks_enlarged: 200.
num_inconsistent_stats: 0.

CodeHeap 'non-profiled nmethods': size=120000Kb used=829Kb max_used=829Kb free=119170Kb
 bounds [0x0000021ca6d50000, 0x0000021ca6fc0000, 0x0000021cae280000]
CodeHeap 'profiled nmethods': size=120000Kb used=3371Kb max_used=3371Kb free=116628Kb
 bounds [0x0000021c9f280000, 0x0000021c9f5d0000, 0x0000021ca67b0000]
CodeHeap 'non-nmethods': size=5760Kb used=1218Kb max_used=1250Kb free=4541Kb
 bounds [0x0000021ca67b0000, 0x0000021ca6a20000, 0x0000021ca6d50000]
CodeCache: size=245760Kb, used=5418Kb, max_used=5450Kb, free=240339Kb
 total_blobs=2369, nmethods=1884, adapters=392, full_count=0
Compilation: enabled, stopped_count=0, restarted_count=0

Compilation events (20 events):
Event: 3.427 Thread 0x0000021cf4f3a3d0 1877       3       org.eclipse.osgi.internal.framework.EquinoxBundle::getState (101 bytes)
Event: 3.427 Thread 0x0000021cf4f3a3d0 nmethod 1877 0x0000021c9f5c7a90 code [0x0000021c9f5c7d00, 0x0000021c9f5c8678]
Event: 3.427 Thread 0x0000021cf4f3a3d0 1878   !   3       org.eclipse.osgi.internal.framework.EquinoxBundle::$SWITCH_TABLE$org$eclipse$osgi$container$Module$State (115 bytes)
Event: 3.428 Thread 0x0000021cf4f3a3d0 nmethod 1878 0x0000021c9f5c8a10 code [0x0000021c9f5c8c00, 0x0000021c9f5c9158]
Event: 3.429 Thread 0x0000021cf527faf0 1879       4       java.io.BufferedInputStream::getBufIfOpen (6 bytes)
Event: 3.429 Thread 0x0000021cf52d7410 1880       4       java.io.ByteArrayOutputStream::ensureCapacity (32 bytes)
Event: 3.430 Thread 0x0000021cb2b269f0 1881  s    4       java.io.ByteArrayOutputStream::write (32 bytes)
Event: 3.430 Thread 0x0000021cf4f3a3d0 1884   !   3       java.io.BufferedInputStream::mark (62 bytes)
Event: 3.431 Thread 0x0000021cf527faf0 nmethod 1879 0x0000021ca6e1d510 code [0x0000021ca6e1d6a0, 0x0000021ca6e1d8d8]
Event: 3.431 Thread 0x0000021cf527faf0 1882       4       jdk.internal.misc.InternalLock::lock (8 bytes)
Event: 3.431 Thread 0x0000021cf4f3a3d0 nmethod 1884 0x0000021c9f5c9390 code [0x0000021c9f5c9620, 0x0000021c9f5ca2d0]
Event: 3.431 Thread 0x0000021cf4f3a3d0 1885       3       java.io.BufferedInputStream::implMark (14 bytes)
Event: 3.431 Thread 0x0000021cf4f3a3d0 nmethod 1885 0x0000021c9f5ca710 code [0x0000021c9f5ca8a0, 0x0000021c9f5ca9b8]
Event: 3.432 Thread 0x0000021cf4f3a3d0 1886       3       java.lang.invoke.MethodHandles$Lookup::<init> (84 bytes)
Event: 3.432 Thread 0x0000021cf527faf0 nmethod 1882 0x0000021ca6e1d990 code [0x0000021ca6e1db20, 0x0000021ca6e1dc70]
Event: 3.433 Thread 0x0000021cf527faf0 1883       4       jdk.internal.misc.InternalLock::unlock (8 bytes)
Event: 3.433 Thread 0x0000021cf4f3a3d0 nmethod 1886 0x0000021c9f5caa90 code [0x0000021c9f5cac40, 0x0000021c9f5cae00]
Event: 3.433 Thread 0x0000021cf52d7410 nmethod 1880 0x0000021ca6e1de10 code [0x0000021ca6e1dfc0, 0x0000021ca6e1e468]
Event: 3.434 Thread 0x0000021cb2b269f0 nmethod 1881 0x0000021ca6e1e610 code [0x0000021ca6e1e7e0, 0x0000021ca6e1ef20]
Event: 3.434 Thread 0x0000021cf527faf0 nmethod 1883 0x0000021ca6e1f190 code [0x0000021ca6e1f340, 0x0000021ca6e1f4d0]

GC Heap History (4 events):
Event: 1.778 GC heap before
{Heap before GC invocations=1 (full 0):
 PSYoungGen      total 29696K, used 25600K [0x00000000d5580000, 0x00000000d7680000, 0x0000000100000000)
  eden space 25600K, 100% used [0x00000000d5580000,0x00000000d6e80000,0x00000000d6e80000)
  from space 4096K, 0% used [0x00000000d7280000,0x00000000d7280000,0x00000000d7680000)
  to   space 4096K, 0% used [0x00000000d6e80000,0x00000000d6e80000,0x00000000d7280000)
 ParOldGen       total 68608K, used 0K [0x0000000080000000, 0x0000000084300000, 0x00000000d5580000)
  object space 68608K, 0% used [0x0000000080000000,0x0000000080000000,0x0000000084300000)
 Metaspace       used 4327K, committed 4608K, reserved 1114112K
  class space    used 473K, committed 576K, reserved 1048576K
}
Event: 1.783 GC heap after
{Heap after GC invocations=1 (full 0):
 PSYoungGen      total 29696K, used 3312K [0x00000000d5580000, 0x00000000d7680000, 0x0000000100000000)
  eden space 25600K, 0% used [0x00000000d5580000,0x00000000d5580000,0x00000000d6e80000)
  from space 4096K, 80% used [0x00000000d6e80000,0x00000000d71bc148,0x00000000d7280000)
  to   space 4096K, 0% used [0x00000000d7280000,0x00000000d7280000,0x00000000d7680000)
 ParOldGen       total 68608K, used 16K [0x0000000080000000, 0x0000000084300000, 0x00000000d5580000)
  object space 68608K, 0% used [0x0000000080000000,0x0000000080004000,0x0000000084300000)
 Metaspace       used 4327K, committed 4608K, reserved 1114112K
  class space    used 473K, committed 576K, reserved 1048576K
}
Event: 3.358 GC heap before
{Heap before GC invocations=2 (full 0):
 PSYoungGen      total 29696K, used 28912K [0x00000000d5580000, 0x00000000d7680000, 0x0000000100000000)
  eden space 25600K, 100% used [0x00000000d5580000,0x00000000d6e80000,0x00000000d6e80000)
  from space 4096K, 80% used [0x00000000d6e80000,0x00000000d71bc148,0x00000000d7280000)
  to   space 4096K, 0% used [0x00000000d7280000,0x00000000d7280000,0x00000000d7680000)
 ParOldGen       total 68608K, used 16K [0x0000000080000000, 0x0000000084300000, 0x00000000d5580000)
  object space 68608K, 0% used [0x0000000080000000,0x0000000080004000,0x0000000084300000)
 Metaspace       used 7960K, committed 8256K, reserved 1114112K
  class space    used 831K, committed 960K, reserved 1048576K
}
Event: 3.363 GC heap after
{Heap after GC invocations=2 (full 0):
 PSYoungGen      total 29696K, used 4086K [0x00000000d5580000, 0x00000000d7680000, 0x0000000100000000)
  eden space 25600K, 0% used [0x00000000d5580000,0x00000000d5580000,0x00000000d6e80000)
  from space 4096K, 99% used [0x00000000d7280000,0x00000000d767d810,0x00000000d7680000)
  to   space 4096K, 0% used [0x00000000d6e80000,0x00000000d6e80000,0x00000000d7280000)
 ParOldGen       total 68608K, used 2049K [0x0000000080000000, 0x0000000084300000, 0x00000000d5580000)
  object space 68608K, 2% used [0x0000000080000000,0x0000000080200638,0x0000000084300000)
 Metaspace       used 7960K, committed 8256K, reserved 1114112K
  class space    used 831K, committed 960K, reserved 1048576K
}

Dll operation events (9 events):
Event: 0.015 Loaded shared library c:\Users\dhruv\.vscode\extensions\redhat.java-1.53.0-win32-x64\jre\21.0.10-win32-x86_64\bin\java.dll
Event: 0.093 Loaded shared library c:\Users\dhruv\.vscode\extensions\redhat.java-1.53.0-win32-x64\jre\21.0.10-win32-x86_64\bin\zip.dll
Event: 0.117 Loaded shared library C:\Users\dhruv\.vscode\extensions\redhat.java-1.53.0-win32-x64\jre\21.0.10-win32-x86_64\bin\instrument.dll
Event: 0.122 Loaded shared library C:\Users\dhruv\.vscode\extensions\redhat.java-1.53.0-win32-x64\jre\21.0.10-win32-x86_64\bin\net.dll
Event: 0.124 Loaded shared library C:\Users\dhruv\.vscode\extensions\redhat.java-1.53.0-win32-x64\jre\21.0.10-win32-x86_64\bin\nio.dll
Event: 0.127 Loaded shared library C:\Users\dhruv\.vscode\extensions\redhat.java-1.53.0-win32-x64\jre\21.0.10-win32-x86_64\bin\zip.dll
Event: 0.149 Loaded shared library C:\Users\dhruv\.vscode\extensions\redhat.java-1.53.0-win32-x64\jre\21.0.10-win32-x86_64\bin\jimage.dll
Event: 0.226 Loaded shared library c:\Users\dhruv\.vscode\extensions\redhat.java-1.53.0-win32-x64\jre\21.0.10-win32-x86_64\bin\verify.dll
Event: 3.378 Loaded shared library C:\Users\dhruv\AppData\Roaming\Code\User\globalStorage\redhat.java\1.53.0\config_win\org.eclipse.equinox.launcher\org.eclipse.equinox.launcher.win32.win32.x86_64_1.3.0.v20260203-2149\eclipse_11919.dll

Deoptimization events (20 events):
Event: 3.381 Thread 0x0000021cfaa28950 Uncommon trap: trap_request=0xffffff45 fr.pc=0x0000021ca6d85444 relative=0x00000000000002a4
Event: 3.381 Thread 0x0000021cfaa28950 Uncommon trap: reason=unstable_if action=reinterpret pc=0x0000021ca6d85444 method=java.util.HashMap$HashIterator.<init>(Ljava/util/HashMap;)V @ 45 c2
Event: 3.381 Thread 0x0000021cfaa28950 DEOPT PACKING pc=0x0000021ca6d85444 sp=0x000000dd9b8ff0f0
Event: 3.381 Thread 0x0000021cfaa28950 DEOPT UNPACKING pc=0x0000021ca6803aa2 sp=0x000000dd9b8ff088 mode 2
Event: 3.387 Thread 0x0000021cfaa28950 Uncommon trap: trap_request=0xffffffde fr.pc=0x0000021ca6df4c8c relative=0x00000000000008ac
Event: 3.387 Thread 0x0000021cfaa28950 Uncommon trap: reason=class_check action=maybe_recompile pc=0x0000021ca6df4c8c method=java.util.HashMap.putVal(ILjava/lang/Object;Ljava/lang/Object;ZZ)Ljava/lang/Object; @ 253 c2
Event: 3.387 Thread 0x0000021cfaa28950 DEOPT PACKING pc=0x0000021ca6df4c8c sp=0x000000dd9b8fec10
Event: 3.387 Thread 0x0000021cfaa28950 DEOPT UNPACKING pc=0x0000021ca6803aa2 sp=0x000000dd9b8feaa8 mode 2
Event: 3.406 Thread 0x0000021cfa8f2450 Uncommon trap: trap_request=0xffffff6e fr.pc=0x0000021ca6dc3528 relative=0x0000000000000368
Event: 3.406 Thread 0x0000021cfa8f2450 Uncommon trap: reason=loop_limit_check action=maybe_recompile pc=0x0000021ca6dc3528 method=java.lang.StringLatin1.indexOf([BI[BII)I @ 37 c2
Event: 3.406 Thread 0x0000021cfa8f2450 DEOPT PACKING pc=0x0000021ca6dc3528 sp=0x000000dd9bafcc30
Event: 3.406 Thread 0x0000021cfa8f2450 DEOPT UNPACKING pc=0x0000021ca6803aa2 sp=0x000000dd9bafcb90 mode 2
Event: 3.429 Thread 0x0000021cfa8f2450 Uncommon trap: trap_request=0xffffff45 fr.pc=0x0000021ca6dcceb4 relative=0x0000000000000094
Event: 3.429 Thread 0x0000021cfa8f2450 Uncommon trap: reason=unstable_if action=reinterpret pc=0x0000021ca6dcceb4 method=java.io.BufferedInputStream.getBufIfOpen(Z)[B @ 13 c2
Event: 3.429 Thread 0x0000021cfa8f2450 DEOPT PACKING pc=0x0000021ca6dcceb4 sp=0x000000dd9bafdb40
Event: 3.429 Thread 0x0000021cfa8f2450 DEOPT UNPACKING pc=0x0000021ca6803aa2 sp=0x000000dd9bafdac0 mode 2
Event: 3.430 Thread 0x0000021cfa8f2450 Uncommon trap: trap_request=0xffffff45 fr.pc=0x0000021ca6e0b27c relative=0x0000000000000e3c
Event: 3.430 Thread 0x0000021cfa8f2450 Uncommon trap: reason=unstable_if action=reinterpret pc=0x0000021ca6e0b27c method=java.lang.String.<init>(Ljava/nio/charset/Charset;[BII)V @ 6 c2
Event: 3.430 Thread 0x0000021cfa8f2450 DEOPT PACKING pc=0x0000021ca6e0b27c sp=0x000000dd9bafdac0
Event: 3.430 Thread 0x0000021cfa8f2450 DEOPT UNPACKING pc=0x0000021ca6803aa2 sp=0x000000dd9bafda90 mode 2

Classes loaded (20 events):
Event: 3.398 Loading class java/util/concurrent/CountDownLatch
Event: 3.399 Loading class java/util/concurrent/CountDownLatch done
Event: 3.399 Loading class java/util/concurrent/CountDownLatch$Sync
Event: 3.399 Loading class java/util/concurrent/CountDownLatch$Sync done
Event: 3.412 Loading class jdk/internal/logger/LoggerFinderLoader
Event: 3.412 Loading class jdk/internal/logger/LoggerFinderLoader done
Event: 3.412 Loading class jdk/internal/logger/LoggerFinderLoader$TemporaryLoggerFinder
Event: 3.412 Loading class jdk/internal/logger/LoggerFinderLoader$TemporaryLoggerFinder done
Event: 3.413 Loading class sun/util/logging/internal/LoggingProviderImpl$JULWrapper
Event: 3.413 Loading class sun/util/logging/internal/LoggingProviderImpl$JULWrapper done
Event: 3.423 Loading class java/util/AbstractList$Itr
Event: 3.423 Loading class java/util/AbstractList$Itr done
Event: 3.428 Loading class java/util/MissingResourceException
Event: 3.428 Loading class java/util/MissingResourceException done
Event: 3.434 Loading class java/util/PropertyResourceBundle
Event: 3.434 Loading class java/util/PropertyResourceBundle done
Event: 3.434 Loading class sun/util/PropertyResourceBundleCharset
Event: 3.435 Loading class sun/util/PropertyResourceBundleCharset done
Event: 3.435 Loading class sun/util/PropertyResourceBundleCharset$PropertiesFileDecoder
Event: 3.435 Loading class sun/util/PropertyResourceBundleCharset$PropertiesFileDecoder done

Classes unloaded (0 events):
No events

Classes redefined (0 events):
No events

Internal exceptions (20 events):
Event: 1.785 Thread 0x0000021c9c07cb10 Exception <a 'java/lang/ClassNotFoundException'{0x00000000d5593d10}: sun/net/www/protocol/c/Handler> (0x00000000d5593d10) 
thrown [s\src\hotspot\share\classfile\systemDictionary.cpp, line 312]
Event: 1.786 Thread 0x0000021c9c07cb10 Exception <a 'java/lang/ClassNotFoundException'{0x00000000d55950d0}: sun/net/www/protocol/c/Handler> (0x00000000d55950d0) 
thrown [s\src\hotspot\share\classfile\systemDictionary.cpp, line 312]
Event: 1.786 Thread 0x0000021c9c07cb10 Exception <a 'java/lang/ClassNotFoundException'{0x00000000d5596300}: sun/net/www/protocol/c/Handler> (0x00000000d5596300) 
thrown [s\src\hotspot\share\classfile\systemDictionary.cpp, line 312]
Event: 1.793 Thread 0x0000021c9c07cb10 Exception <a 'java/io/FileNotFoundException'{0x00000000d55c7fc0}> (0x00000000d55c7fc0) 
thrown [s\src\hotspot\share\prims\jni.cpp, line 520]
Event: 1.817 Thread 0x0000021c9c07cb10 Implicit null exception at 0x0000021ca6daa829 to 0x0000021ca6dab0a0
Event: 1.817 Thread 0x0000021c9c07cb10 Implicit null exception at 0x0000021ca6dafd9a to 0x0000021ca6daffa0
Event: 1.817 Thread 0x0000021c9c07cb10 Exception <a 'java/lang/NoSuchMethodError'{0x00000000d57398c0}: 'void java.lang.invoke.DirectMethodHandle$Holder.invokeStatic(java.lang.Object, java.lang.Object, java.lang.Object, java.lang.Object)'> (0x00000000d57398c0) 
thrown [s\src\hotspot\share\interpreter\linkResolver.cpp, line 773]
Event: 1.819 Thread 0x0000021c9c07cb10 Implicit null exception at 0x0000021ca6db249a to 0x0000021ca6db26a4
Event: 1.819 Thread 0x0000021c9c07cb10 Implicit null exception at 0x0000021ca6dac5bd to 0x0000021ca6dac641
Event: 1.908 Thread 0x0000021c9c07cb10 Exception <a 'java/lang/NoSuchMethodError'{0x00000000d59e4e68}: 'void java.lang.invoke.DirectMethodHandle$Holder.invokeSpecial(java.lang.Object, java.lang.Object, java.lang.Object)'> (0x00000000d59e4e68) 
thrown [s\src\hotspot\share\interpreter\linkResolver.cpp, line 773]
Event: 3.165 Thread 0x0000021c9c07cb10 Exception <a 'java/lang/NoSuchMethodError'{0x00000000d6456818}: 'int java.lang.invoke.DirectMethodHandle$Holder.invokeVirtual(java.lang.Object, java.lang.Object)'> (0x00000000d6456818) 
thrown [s\src\hotspot\share\interpreter\linkResolver.cpp, line 773]
Event: 3.206 Thread 0x0000021c9c07cb10 Exception <a 'java/lang/NoSuchMethodError'{0x00000000d65cca30}: 'int java.lang.invoke.DirectMethodHandle$Holder.invokeStaticInit(java.lang.Object, java.lang.Object, java.lang.Object, java.lang.Object)'> (0x00000000d65cca30) 
thrown [s\src\hotspot\share\interpreter\linkResolver.cpp, line 773]
Event: 3.206 Thread 0x0000021c9c07cb10 Exception <a 'java/lang/IncompatibleClassChangeError'{0x00000000d65d4e38}: Found class java.lang.Object, but interface was expected> (0x00000000d65d4e38) 
thrown [s\src\hotspot\share\interpreter\linkResolver.cpp, line 840]
Event: 3.207 Thread 0x0000021c9c07cb10 Exception <a 'java/lang/NoSuchMethodError'{0x00000000d65db630}: 'void java.lang.invoke.DirectMethodHandle$Holder.invokeStaticInit(java.lang.Object, java.lang.Object)'> (0x00000000d65db630) 
thrown [s\src\hotspot\share\interpreter\linkResolver.cpp, line 773]
Event: 3.207 Thread 0x0000021c9c07cb10 Exception <a 'java/lang/NoSuchMethodError'{0x00000000d65e4a48}: 'int java.lang.invoke.DirectMethodHandle$Holder.invokeStaticInit(java.lang.Object, java.lang.Object)'> (0x00000000d65e4a48) 
thrown [s\src\hotspot\share\interpreter\linkResolver.cpp, line 773]
Event: 3.236 Thread 0x0000021c9c07cb10 Exception <a 'java/lang/NoSuchMethodError'{0x00000000d682bcd8}: 'java.lang.Object java.lang.invoke.DirectMethodHandle$Holder.newInvokeSpecial(java.lang.Object, int, java.lang.Object)'> (0x00000000d682bcd8) 
thrown [s\src\hotspot\share\interpreter\linkResolver.cpp, line 773]
Event: 3.269 Thread 0x0000021c9c07cb10 Exception <a 'java/lang/ClassNotFoundException'{0x00000000d6a44760}: sun/net/www/protocol/plurl/Handler> (0x00000000d6a44760) 
thrown [s\src\hotspot\share\classfile\systemDictionary.cpp, line 312]
Event: 3.269 Thread 0x0000021c9c07cb10 Exception <a 'java/lang/ClassNotFoundException'{0x00000000d6a455e0}: sun/net/www/protocol/plurl/Handler> (0x00000000d6a455e0) 
thrown [s\src\hotspot\share\classfile\systemDictionary.cpp, line 312]
Event: 3.373 Thread 0x0000021c9c07cb10 Exception <a 'java/lang/UnsatisfiedLinkError'{0x00000000d55e0970}: 'void org.eclipse.equinox.launcher.JNIBridge._update_splash()'> (0x00000000d55e0970) 
thrown [s\src\hotspot\share\prims\nativeLookup.cpp, line 415]
Event: 3.395 Thread 0x0000021cfaa28950 Exception <a 'java/lang/NoSuchMethodError'{0x00000000d5867cc0}: 'void java.lang.invoke.DirectMethodHandle$Holder.invokeInterface(java.lang.Object, java.lang.Object, java.lang.Object)'> (0x00000000d5867cc0) 
thrown [s\src\hotspot\share\interpreter\linkResolver.cpp, line 773]

ZGC Phase Switch (0 events):
No events

VM Operations (20 events):
Event: 1.538 Executing non-safepoint VM operation: HandshakeAllThreads (Deoptimize) done
Event: 1.554 Executing non-safepoint VM operation: HandshakeAllThreads (Deoptimize)
Event: 1.554 Executing non-safepoint VM operation: HandshakeAllThreads (Deoptimize) done
Event: 1.766 Executing non-safepoint VM operation: HandshakeAllThreads (Deoptimize)
Event: 1.766 Executing non-safepoint VM operation: HandshakeAllThreads (Deoptimize) done
Event: 1.778 Executing safepoint VM operation: ParallelGCFailedAllocation (Allocation Failure)
Event: 1.783 Executing safepoint VM operation: ParallelGCFailedAllocation (Allocation Failure) done
Event: 2.796 Executing safepoint VM operation: Cleanup
Event: 2.797 Executing safepoint VM operation: Cleanup done
Event: 3.222 Executing non-safepoint VM operation: HandshakeAllThreads (Deoptimize)
Event: 3.222 Executing non-safepoint VM operation: HandshakeAllThreads (Deoptimize) done
Event: 3.227 Executing non-safepoint VM operation: HandshakeAllThreads (Deoptimize)
Event: 3.227 Executing non-safepoint VM operation: HandshakeAllThreads (Deoptimize) done
Event: 3.257 Executing non-safepoint VM operation: HandshakeAllThreads (Deoptimize)
Event: 3.257 Executing non-safepoint VM operation: HandshakeAllThreads (Deoptimize) done
Event: 3.266 Executing non-safepoint VM operation: HandshakeAllThreads (Deoptimize)
Event: 3.266 Executing non-safepoint VM operation: HandshakeAllThreads (Deoptimize) done
Event: 3.358 Executing safepoint VM operation: ParallelGCFailedAllocation (Allocation Failure)
Event: 3.363 Executing safepoint VM operation: ParallelGCFailedAllocation (Allocation Failure) done
Event: 4.368 Executing safepoint VM operation: Cleanup

Memory protections (0 events):
No events

Nmethod flushes (0 events):
No events

Events (19 events):
Event: 0.040 Thread 0x0000021c9c07cb10 Thread added: 0x0000021c9c07cb10
Event: 0.054 Thread 0x0000021c9c07cb10 Thread added: 0x0000021c9c13e940
Event: 0.054 Thread 0x0000021c9c07cb10 Thread added: 0x0000021cb2b17820
Event: 0.054 Thread 0x0000021c9c07cb10 Thread added: 0x0000021cb2b1f720
Event: 0.054 Thread 0x0000021c9c07cb10 Thread added: 0x0000021cb2b22390
Event: 0.054 Thread 0x0000021c9c07cb10 Thread added: 0x0000021cb2b25150
Event: 0.054 Thread 0x0000021c9c07cb10 Thread added: 0x0000021cb2b25bb0
Event: 0.054 Thread 0x0000021c9c07cb10 Thread added: 0x0000021cb2b269f0
Event: 0.055 Thread 0x0000021c9c07cb10 Thread added: 0x0000021cf4f3a3d0
Event: 0.103 Thread 0x0000021cf4f3a3d0 Thread added: 0x0000021cf50fbab0
Event: 0.119 Thread 0x0000021c9c07cb10 Thread added: 0x0000021cf511c1e0
Event: 0.316 Thread 0x0000021c9c07cb10 Thread added: 0x0000021cf52552e0
Event: 1.427 Thread 0x0000021cf50fbab0 Thread exited: 0x0000021cf50fbab0
Event: 1.448 Thread 0x0000021cf4f3a3d0 Thread added: 0x0000021cf527faf0
Event: 1.460 Thread 0x0000021cf4f3a3d0 Thread added: 0x0000021cf52d7410
Event: 3.215 Thread 0x0000021c9c07cb10 Thread added: 0x0000021cfa852bd0
Event: 3.372 Thread 0x0000021c9c07cb10 Thread added: 0x0000021cfaa28950
Event: 3.397 Thread 0x0000021cfaa28950 Thread added: 0x0000021cfa926450
Event: 3.400 Thread 0x0000021c9c07cb10 Thread added: 0x0000021cfa8f2450


Dynamic libraries:
0x00007ff749c30000 - 0x00007ff749c3e000 	c:\Users\dhruv\.vscode\extensions\redhat.java-1.53.0-win32-x64\jre\21.0.10-win32-x86_64\bin\java.exe
0x00007ffc9c540000 - 0x00007ffc9c7a7000 	C:\Windows\SYSTEM32\ntdll.dll
0x00007ffc9bbf0000 - 0x00007ffc9bcb9000 	C:\Windows\System32\KERNEL32.DLL
0x00007ffc98ed0000 - 0x00007ffc992c1000 	C:\Windows\System32\KERNELBASE.dll
0x00007ffc99e00000 - 0x00007ffc99f4b000 	C:\Windows\System32\ucrtbase.dll
0x00007ffc93770000 - 0x00007ffc9378e000 	c:\Users\dhruv\.vscode\extensions\redhat.java-1.53.0-win32-x64\jre\21.0.10-win32-x86_64\bin\VCRUNTIME140.dll
0x00007ffc937a0000 - 0x00007ffc937b8000 	c:\Users\dhruv\.vscode\extensions\redhat.java-1.53.0-win32-x64\jre\21.0.10-win32-x86_64\bin\jli.dll
0x00007ffc9a620000 - 0x00007ffc9a7e5000 	C:\Windows\System32\USER32.dll
0x00007ffc79410000 - 0x00007ffc796a3000 	C:\Windows\WinSxS\amd64_microsoft.windows.common-controls_6595b64144ccf1df_6.0.26100.8037_none_3e092faae333b53b\COMCTL32.dll
0x00007ffc9a2b0000 - 0x00007ffc9a2d7000 	C:\Windows\System32\win32u.dll
0x00007ffc9b490000 - 0x00007ffc9b539000 	C:\Windows\System32\msvcrt.dll
0x00007ffc9b230000 - 0x00007ffc9b25b000 	C:\Windows\System32\GDI32.dll
0x00007ffc9a0d0000 - 0x00007ffc9a1fb000 	C:\Windows\System32\gdi32full.dll
0x00007ffc98e20000 - 0x00007ffc98ec3000 	C:\Windows\System32\msvcp_win.dll
0x00007ffc9c2a0000 - 0x00007ffc9c2d1000 	C:\Windows\System32\IMM32.DLL
0x00007ffc937e0000 - 0x00007ffc937ec000 	c:\Users\dhruv\.vscode\extensions\redhat.java-1.53.0-win32-x64\jre\21.0.10-win32-x86_64\bin\vcruntime140_1.dll
0x00007ffc93670000 - 0x00007ffc936fd000 	c:\Users\dhruv\.vscode\extensions\redhat.java-1.53.0-win32-x64\jre\21.0.10-win32-x86_64\bin\msvcp140.dll
0x00007ffc05650000 - 0x00007ffc063f1000 	c:\Users\dhruv\.vscode\extensions\redhat.java-1.53.0-win32-x64\jre\21.0.10-win32-x86_64\bin\server\jvm.dll
0x00007ffc9a880000 - 0x00007ffc9a93b000 	C:\Windows\System32\ADVAPI32.dll
0x00007ffc9b260000 - 0x00007ffc9b307000 	C:\Windows\System32\sechost.dll
0x00007ffc9a2e0000 - 0x00007ffc9a3f8000 	C:\Windows\System32\RPCRT4.dll
0x00007ffc9a800000 - 0x00007ffc9a874000 	C:\Windows\System32\WS2_32.dll
0x00007ffc98ca0000 - 0x00007ffc98cfe000 	C:\Windows\SYSTEM32\POWRPROF.dll
0x00007ffc7c780000 - 0x00007ffc7c78b000 	C:\Windows\SYSTEM32\VERSION.dll
0x00007ffc90f50000 - 0x00007ffc90f85000 	C:\Windows\SYSTEM32\WINMM.dll
0x00007ffc98c80000 - 0x00007ffc98c94000 	C:\Windows\SYSTEM32\UMPDC.dll
0x00007ffc97b80000 - 0x00007ffc97b9b000 	C:\Windows\SYSTEM32\kernel.appcore.dll
0x00007ffc93660000 - 0x00007ffc9366a000 	c:\Users\dhruv\.vscode\extensions\redhat.java-1.53.0-win32-x64\jre\21.0.10-win32-x86_64\bin\jimage.dll
0x00007ffc96e50000 - 0x00007ffc97092000 	C:\Windows\SYSTEM32\DBGHELP.DLL
0x00007ffc9bd20000 - 0x00007ffc9c0a2000 	C:\Windows\System32\combase.dll
0x00007ffc9b0c0000 - 0x00007ffc9b197000 	C:\Windows\System32\OLEAUT32.dll
0x00007ffc7a2d0000 - 0x00007ffc7a30b000 	C:\Windows\SYSTEM32\dbgcore.DLL
0x00007ffc9a200000 - 0x00007ffc9a2a5000 	C:\Windows\System32\bcryptPrimitives.dll
0x00007ffc93650000 - 0x00007ffc9365f000 	c:\Users\dhruv\.vscode\extensions\redhat.java-1.53.0-win32-x64\jre\21.0.10-win32-x86_64\bin\instrument.dll
0x00007ffc93630000 - 0x00007ffc93650000 	c:\Users\dhruv\.vscode\extensions\redhat.java-1.53.0-win32-x64\jre\21.0.10-win32-x86_64\bin\java.dll
0x00007ffc9a950000 - 0x00007ffc9b0af000 	C:\Windows\System32\SHELL32.dll
0x00007ffc99c90000 - 0x00007ffc99dfa000 	C:\Windows\System32\wintypes.dll
0x00007ffc992d0000 - 0x00007ffc99b34000 	C:\Windows\System32\windows.storage.dll
0x00007ffc9a4a0000 - 0x00007ffc9a597000 	C:\Windows\System32\SHCORE.dll
0x00007ffc9c490000 - 0x00007ffc9c4f7000 	C:\Windows\System32\shlwapi.dll
0x00007ffc98d40000 - 0x00007ffc98d69000 	C:\Windows\SYSTEM32\profapi.dll
0x00007ffc8e9b0000 - 0x00007ffc8e9c8000 	c:\Users\dhruv\.vscode\extensions\redhat.java-1.53.0-win32-x64\jre\21.0.10-win32-x86_64\bin\zip.dll
0x00007ffc93620000 - 0x00007ffc93630000 	C:\Users\dhruv\.vscode\extensions\redhat.java-1.53.0-win32-x64\jre\21.0.10-win32-x86_64\bin\net.dll
0x00007ffc8ef80000 - 0x00007ffc8f0a7000 	C:\Windows\SYSTEM32\WINHTTP.dll
0x00007ffc98120000 - 0x00007ffc9818b000 	C:\Windows\system32\mswsock.dll
0x00007ffc8d560000 - 0x00007ffc8d576000 	C:\Users\dhruv\.vscode\extensions\redhat.java-1.53.0-win32-x64\jre\21.0.10-win32-x86_64\bin\nio.dll
0x00007ffc93600000 - 0x00007ffc93610000 	c:\Users\dhruv\.vscode\extensions\redhat.java-1.53.0-win32-x64\jre\21.0.10-win32-x86_64\bin\verify.dll
0x00007ffc69fa0000 - 0x00007ffc69fe5000 	C:\Users\dhruv\AppData\Roaming\Code\User\globalStorage\redhat.java\1.53.0\config_win\org.eclipse.equinox.launcher\org.eclipse.equinox.launcher.win32.win32.x86_64_1.3.0.v20260203-2149\eclipse_11919.dll
0x00007ffc9c2e0000 - 0x00007ffc9c475000 	C:\Windows\System32\ole32.dll

JVMTI agents:
c:\Users\dhruv\.vscode\extensions\redhat.java-1.53.0-win32-x64\lombok\lombok-1.18.39-4050.jar path:c:\Users\dhruv\.vscode\extensions\redhat.java-1.53.0-win32-x64\jre\21.0.10-win32-x86_64\bin\instrument.dll, loaded, initialized, instrumentlib options:none

dbghelp: loaded successfully - version: 4.0.5 - missing functions: none
symbol engine: initialized successfully - sym options: 0x614 - pdb path: .;c:\Users\dhruv\.vscode\extensions\redhat.java-1.53.0-win32-x64\jre\21.0.10-win32-x86_64\bin;C:\Windows\SYSTEM32;C:\Windows\WinSxS\amd64_microsoft.windows.common-controls_6595b64144ccf1df_6.0.26100.8037_none_3e092faae333b53b;c:\Users\dhruv\.vscode\extensions\redhat.java-1.53.0-win32-x64\jre\21.0.10-win32-x86_64\bin\server;C:\Users\dhruv\AppData\Roaming\Code\User\globalStorage\redhat.java\1.53.0\config_win\org.eclipse.equinox.launcher\org.eclipse.equinox.launcher.win32.win32.x86_64_1.3.0.v20260203-2149

VM Arguments:
jvm_args: --add-modules=ALL-SYSTEM --add-opens=java.base/java.util=ALL-UNNAMED --add-opens=java.base/java.lang=ALL-UNNAMED --add-opens=java.base/sun.nio.fs=ALL-UNNAMED -Declipse.application=org.eclipse.jdt.ls.core.id1 -Dosgi.bundles.defaultStartLevel=4 -Declipse.product=org.eclipse.jdt.ls.core.product -Djava.import.generatesMetadataFilesAtProjectRoot=false -DDetectVMInstallationsJob.disabled=true -Dfile.encoding=utf8 -XX:+UseParallelGC -XX:GCTimeRatio=4 -XX:AdaptiveSizePolicyWeight=90 -Dsun.zip.disableMemoryMapping=true -Xmx2G -Xms100m -Xlog:disable -javaagent:c:\Users\dhruv\.vscode\extensions\redhat.java-1.53.0-win32-x64\lombok\lombok-1.18.39-4050.jar -XX:+HeapDumpOnOutOfMemoryError -XX:HeapDumpPath=c:\Users\dhruv\AppData\Roaming\Code\User\workspaceStorage\7d28d01f3346ece97dc27ea15ebc63fd\redhat.java -Daether.dependencyCollector.impl=bf 
java_command: c:\Users\dhruv\.vscode\extensions\redhat.java-1.53.0-win32-x64\server\plugins\org.eclipse.equinox.launcher_1.7.100.v20251111-0406.jar -configuration c:\Users\dhruv\AppData\Roaming\Code\User\globalStorage\redhat.java\1.53.0\config_win -data c:\Users\dhruv\AppData\Roaming\Code\User\workspaceStorage\7d28d01f3346ece97dc27ea15ebc63fd\redhat.java\jdt_ws --pipe=\\.\pipe\lsp-9f151c490c444253437ca6b528993b98-sock
java_class_path (initial): c:\Users\dhruv\.vscode\extensions\redhat.java-1.53.0-win32-x64\server\plugins\org.eclipse.equinox.launcher_1.7.100.v20251111-0406.jar
Launcher Type: SUN_STANDARD

[Global flags]
    uintx AdaptiveSizePolicyWeight                 = 90                                        {product} {command line}
     intx CICompilerCount                          = 4                                         {product} {ergonomic}
    uintx GCTimeRatio                              = 4                                         {product} {command line}
     bool HeapDumpOnOutOfMemoryError               = true                                   {manageable} {command line}
    ccstr HeapDumpPath                             = c:\Users\dhruv\AppData\Roaming\Code\User\workspaceStorage\7d28d01f3346ece97dc27ea15ebc63fd\redhat.java         {manageable} {command line}
   size_t InitialHeapSize                          = 104857600                                 {product} {command line}
   size_t MaxHeapSize                              = 2147483648                                {product} {command line}
   size_t MaxNewSize                               = 715653120                                 {product} {ergonomic}
   size_t MinHeapDeltaBytes                        = 524288                                    {product} {ergonomic}
   size_t MinHeapSize                              = 104857600                                 {product} {command line}
   size_t NewSize                                  = 34603008                                  {product} {ergonomic}
    uintx NonNMethodCodeHeapSize                   = 5839372                                {pd product} {ergonomic}
    uintx NonProfiledCodeHeapSize                  = 122909434                              {pd product} {ergonomic}
   size_t OldSize                                  = 70254592                                  {product} {ergonomic}
    uintx ProfiledCodeHeapSize                     = 122909434                              {pd product} {ergonomic}
    uintx ReservedCodeCacheSize                    = 251658240                              {pd product} {ergonomic}
     bool SegmentedCodeCache                       = true                                      {product} {ergonomic}
   size_t SoftMaxHeapSize                          = 2147483648                             {manageable} {ergonomic}
     bool UseCompressedOops                        = true                           {product lp64_product} {ergonomic}
     bool UseLargePagesIndividualAllocation        = false                                  {pd product} {ergonomic}
     bool UseParallelGC                            = true                                      {product} {command line}

Logging:
Log output configuration:
 #0: stdout all=off uptime,level,tags foldmultilines=false
 #1: stderr all=off uptime,level,tags foldmultilines=false

Release file:
JAVA_VERSION="21.0.10" 
MODULES="java.base java.compiler java.datatransfer java.xml java.prefs java.desktop java.instrument java.logging java.management java.security.sasl java.naming java.rmi java.management.rmi java.net.http java.scripting java.security.jgss java.transaction.xa java.sql java.sql.rowset java.xml.crypto java.se java.smartcardio jdk.accessibility jdk.internal.jvmstat jdk.attach jdk.charsets jdk.internal.opt jdk.zipfs jdk.compiler jdk.crypto.ec jdk.crypto.cryptoki jdk.crypto.mscapi jdk.dynalink jdk.internal.ed jdk.editpad jdk.hotspot.agent jdk.httpserver jdk.internal.le jdk.internal.vm.ci jdk.internal.vm.compiler jdk.internal.vm.compiler.management jdk.jartool jdk.javadoc jdk.jcmd jdk.management jdk.management.agent jdk.jconsole jdk.jdeps jdk.jdwp.agent jdk.jdi jdk.jfr jdk.jshell jdk.jsobject jdk.jstatd jdk.localedata jdk.management.jfr jdk.naming.dns jdk.naming.rmi jdk.net jdk.nio.mapmode jdk.random jdk.sctp jdk.security.auth jdk.security.jgss jdk.unsupported jdk.unsupported.desktop jdk.xml.dom" 

Environment Variables:
PATH=C:\Users\dhruv\AppData\Local\Programs\Microsoft VS Code;C:\Program Files\Common Files\Oracle\Java\javapath;C:\Windows\system32;C:\Windows;C:\Windows\System32\Wbem;C:\Windows\System32\WindowsPowerShell\v1.0\;C:\Windows\System32\OpenSSH\;C:\Program Files\nodejs\;C:\Program Files\Git\cmd;C:\Program Files\MongoDB\Server\8.0\bin;C:\Program Files\MySQL\MySQL Server 8.0\bin;C:\Users\dhruv\Downloads\gradle-8.14.3\bin;C:\Program Files\Docker\Docker\resources\bin;C:\Program Files\Apache\MAVEN\bin;C:\Program Files\Apache\MAVEN\apache-maven-3.9.12\bin;C:\Program Files\MySQL\MySQL Shell 8.0\bin\;C:\Users\dhruv\AppData\Local\Microsoft\WindowsApps;C:\Users\dhruv\AppData\Local\Programs\Microsoft VS Code\bin;C:\Users\dhruv\AppData\Roaming\npm;C:\Program Files\JetBrains\IntelliJ IDEA Community Edition 2025.1.4.1\bin;C:\Users\dhruv\AppData\Local\Programs\cursor\resources\app\bin
USERNAME=dhruv
OS=Windows_NT
PROCESSOR_IDENTIFIER=Intel64 Family 6 Model 186 Stepping 2, GenuineIntel
TMP=C:\Users\dhruv\AppData\Local\Temp
TEMP=C:\Users\dhruv\AppData\Local\Temp




Periodic native trim disabled

---------------  S Y S T E M  ---------------

OS:
 Windows 11 , 64 bit Build 26100 (10.0.26100.7920)
OS uptime: 0 days 23:22 hours
Hyper-V role detected

CPU: total 12 (initial active 12) (6 cores per cpu, 2 threads per core) family 6 model 186 stepping 2 microcode 0x6134, cx8, cmov, fxsr, ht, mmx, 3dnowpref, sse, sse2, sse3, ssse3, sse4.1, sse4.2, popcnt, lzcnt, tsc, tscinvbit, avx, avx2, aes, erms, clmul, bmi1, bmi2, adx, sha, fma, vzeroupper, clflush, clflushopt, clwb, hv, serialize, rdtscp, rdpid, fsrm, f16c, cet_ibt, cet_ss
Processor Information for processor 0
  Max Mhz: 2100, Current Mhz: 2100, Mhz Limit: 2100
Processor Information for processor 1
  Max Mhz: 2100, Current Mhz: 2100, Mhz Limit: 2100
Processor Information for processor 2
  Max Mhz: 2100, Current Mhz: 1453, Mhz Limit: 2100
Processor Information for processor 3
  Max Mhz: 2100, Current Mhz: 2100, Mhz Limit: 2100
Processor Information for processor 4
  Max Mhz: 2100, Current Mhz: 2100, Mhz Limit: 2100
Processor Information for processor 5
  Max Mhz: 2100, Current Mhz: 2100, Mhz Limit: 2100
Processor Information for processor 6
  Max Mhz: 2100, Current Mhz: 2100, Mhz Limit: 2100
Processor Information for processor 7
  Max Mhz: 2100, Current Mhz: 2100, Mhz Limit: 2100
Processor Information for processor 8
  Max Mhz: 2100, Current Mhz: 1500, Mhz Limit: 1491
Processor Information for processor 9
  Max Mhz: 2100, Current Mhz: 1500, Mhz Limit: 1491
Processor Information for processor 10
  Max Mhz: 2100, Current Mhz: 1500, Mhz Limit: 1491
Processor Information for processor 11
  Max Mhz: 2100, Current Mhz: 1500, Mhz Limit: 1491

Memory: 4k page, system-wide physical 16076M (4177M free)
TotalPageFile size 46395M (AvailPageFile size 0M)
current process WorkingSet (physical memory assigned to process): 100M, peak: 100M
current process commit charge ("private bytes"): 251M, peak: 251M

vm_info: OpenJDK 64-Bit Server VM (21.0.10+7-LTS) for windows-amd64 JRE (21.0.10+7-LTS), built on 2026-01-20T00:00:00Z by "admin" with MS VC++ 17.12 (VS2022)

END.
