#
# There is insufficient memory for the Java Runtime Environment to continue.
# Native memory allocation (malloc) failed to allocate 1048576 bytes. Error detail: AllocateHeap
# Possible reasons:
#   The system is out of physical RAM or swap space
#   This process is running with CompressedOops enabled, and the Java Heap may be blocking the growth of the native heap
# Possible solutions:
#   Reduce memory load on the system
#   Increase physical memory or swap space
#   Check if swap backing store is full
#   Decrease Java heap size (-Xmx/-Xms)
#   Decrease number of Java threads
#   Decrease Java thread stack sizes (-Xss)
#   Set larger code cache with -XX:ReservedCodeCacheSize=
#   JVM is running with Unscaled Compressed Oops mode in which the Java heap is
#     placed in the first 4GB address space. The Java Heap base address is the
#     maximum limit for the native heap growth. Please use -XX:HeapBaseMinAddress
#     to set the Java Heap base and to place the Java Heap above 4GB virtual address.
# This output file may be truncated or incomplete.
#
#  Out of Memory Error (allocation.cpp:44), pid=13220, tid=27996
#
# JRE version: OpenJDK Runtime Environment Temurin-21.0.10+7 (21.0.10+7) (build 21.0.10+7-LTS)
# Java VM: OpenJDK 64-Bit Server VM Temurin-21.0.10+7 (21.0.10+7-LTS, mixed mode, sharing, tiered, compressed oops, compressed class ptrs, parallel gc, windows-amd64)
# No core dump will be written. Minidumps are not enabled by default on client versions of Windows
#

---------------  S U M M A R Y ------------

Command Line: --add-modules=ALL-SYSTEM --add-opens=java.base/java.util=ALL-UNNAMED --add-opens=java.base/java.lang=ALL-UNNAMED --add-opens=java.base/sun.nio.fs=ALL-UNNAMED -Declipse.application=org.eclipse.jdt.ls.core.id1 -Dosgi.bundles.defaultStartLevel=4 -Declipse.product=org.eclipse.jdt.ls.core.product -Djava.import.generatesMetadataFilesAtProjectRoot=false -DDetectVMInstallationsJob.disabled=true -Dfile.encoding=utf8 -XX:+UseParallelGC -XX:GCTimeRatio=4 -XX:AdaptiveSizePolicyWeight=90 -Dsun.zip.disableMemoryMapping=true -Xmx2G -Xms100m -Xlog:disable -javaagent:c:\Users\dhruv\.vscode\extensions\redhat.java-1.53.0-win32-x64\lombok\lombok-1.18.39-4050.jar -XX:+HeapDumpOnOutOfMemoryError -XX:HeapDumpPath=c:\Users\dhruv\AppData\Roaming\Code\User\workspaceStorage\7d28d01f3346ece97dc27ea15ebc63fd\redhat.java -Daether.dependencyCollector.impl=bf c:\Users\dhruv\.vscode\extensions\redhat.java-1.53.0-win32-x64\server\plugins\org.eclipse.equinox.launcher_1.7.100.v20251111-0406.jar -configuration c:\Users\dhruv\AppData\Roaming\Code\User\globalStorage\redhat.java\1.53.0\config_win -data c:\Users\dhruv\AppData\Roaming\Code\User\workspaceStorage\7d28d01f3346ece97dc27ea15ebc63fd\redhat.java\jdt_ws --pipe=\\.\pipe\lsp-7aefb05bfdfb35ad1a2cbe4306964234-sock

Host: 13th Gen Intel(R) Core(TM) i5-13420H, 12 cores, 15G,  Windows 11 , 64 bit Build 26100 (10.0.26100.7920)
Time: Sun Mar 29 14:09:41 2026 India Standard Time elapsed time: 32.791289 seconds (0d 0h 0m 32s)

---------------  T H R E A D  ---------------

Current thread (0x00000282f6b5a470):  JavaThread "Attach Listener" daemon [_thread_in_vm, id=27996, stack(0x000000e28c100000,0x000000e28c200000) (1024K)]

Stack: [0x000000e28c100000,0x000000e28c200000]
Native frames: (J=compiled Java code, j=interpreted, Vv=VM code, C=native code)
V  [jvm.dll+0x6d7a39]
V  [jvm.dll+0x8b4b26]
V  [jvm.dll+0x8b70de]
V  [jvm.dll+0x8b77c3]
V  [jvm.dll+0x284346]
V  [jvm.dll+0xc1277]
V  [jvm.dll+0x6d82e9]
V  [jvm.dll+0x1334a6]
V  [jvm.dll+0x3f857e]
V  [jvm.dll+0x85f59d]
V  [jvm.dll+0x6d626d]
C  [ucrtbase.dll+0x37b0]
C  [KERNEL32.DLL+0x2e8d7]
C  [ntdll.dll+0x8c48c]


---------------  P R O C E S S  ---------------

Threads class SMR info:
_java_thread_list=0x00000282fe218d80, length=53, elements={
0x00000282de2aac10, 0x00000282de25d980, 0x00000282f6b55c10, 0x00000282f6b595b0,
0x00000282f6b5a470, 0x00000282f6b5ebc0, 0x00000282f6b5f620, 0x00000282f6b62470,
0x00000282f6b9dea0, 0x00000282f6d5ff30, 0x00000282f6e9e290, 0x00000282fb955490,
0x00000282fb47cd10, 0x00000282fb31c960, 0x00000282fbb6ef40, 0x00000282fb964d30,
0x00000282fb9110b0, 0x00000282fb81f770, 0x00000282fbf32030, 0x00000282fc1f3000,
0x00000282fbcea380, 0x00000282fbce8fd0, 0x00000282fbcebdc0, 0x00000282fbce9660,
0x00000282fbce9cf0, 0x00000282fbceaa10, 0x00000282fbceb0a0, 0x00000282fbceb730,
0x00000282fd25fd30, 0x00000282fd25dc60, 0x00000282fd25c8b0, 0x00000282fd2603c0,
0x00000282fd25e2f0, 0x00000282fd25cf40, 0x00000282fd25f6a0, 0x00000282fd25d5d0,
0x00000282fd25e980, 0x00000282fd25f010, 0x00000282fd261770, 0x00000282fd261e00,
0x00000282fd2631b0, 0x00000282fd263840, 0x00000282fd262490, 0x00000282fd262b20,
0x00000282fd263ed0, 0x00000282fd260a50, 0x00000282fd2610e0, 0x00000282fe005480,
0x00000282fe005b10, 0x00000282fe006ec0, 0x00000282fe007550, 0x00000282fe007be0,
0x00000282fe008900
}

Java Threads: ( => current thread )
  0x00000282de2aac10 JavaThread "main"                              [_thread_blocked, id=46076, stack(0x000000e28b900000,0x000000e28ba00000) (1024K)]
  0x00000282de25d980 JavaThread "Reference Handler"          daemon [_thread_blocked, id=41504, stack(0x000000e28be00000,0x000000e28bf00000) (1024K)]
  0x00000282f6b55c10 JavaThread "Finalizer"                  daemon [_thread_blocked, id=41728, stack(0x000000e28bf00000,0x000000e28c000000) (1024K)]
  0x00000282f6b595b0 JavaThread "Signal Dispatcher"          daemon [_thread_blocked, id=35428, stack(0x000000e28c000000,0x000000e28c100000) (1024K)]
=>0x00000282f6b5a470 JavaThread "Attach Listener"            daemon [_thread_in_vm, id=27996, stack(0x000000e28c100000,0x000000e28c200000) (1024K)]
  0x00000282f6b5ebc0 JavaThread "Service Thread"             daemon [_thread_blocked, id=39884, stack(0x000000e28c200000,0x000000e28c300000) (1024K)]
  0x00000282f6b5f620 JavaThread "Monitor Deflation Thread"   daemon [_thread_blocked, id=13932, stack(0x000000e28c300000,0x000000e28c400000) (1024K)]
  0x00000282f6b62470 JavaThread "C2 CompilerThread0"         daemon [_thread_blocked, id=37456, stack(0x000000e28c400000,0x000000e28c500000) (1024K)]
  0x00000282f6b9dea0 JavaThread "C1 CompilerThread0"         daemon [_thread_blocked, id=32424, stack(0x000000e28c500000,0x000000e28c600000) (1024K)]
  0x00000282f6d5ff30 JavaThread "Common-Cleaner"             daemon [_thread_blocked, id=41316, stack(0x000000e28c600000,0x000000e28c700000) (1024K)]
  0x00000282f6e9e290 JavaThread "Notification Thread"        daemon [_thread_blocked, id=29868, stack(0x000000e28c800000,0x000000e28c900000) (1024K)]
  0x00000282fb955490 JavaThread "Active Thread: Equinox Container: d16738e8-605a-4971-9992-102f33eced4c"        [_thread_blocked, id=27792, stack(0x000000e28d000000,0x000000e28d100000) (1024K)]
  0x00000282fb47cd10 JavaThread "Refresh Thread: Equinox Container: d16738e8-605a-4971-9992-102f33eced4c" daemon [_thread_blocked, id=3576, stack(0x000000e28d100000,0x000000e28d200000) (1024K)]
  0x00000282fb31c960 JavaThread "Framework Event Dispatcher: Equinox Container: d16738e8-605a-4971-9992-102f33eced4c" daemon [_thread_blocked, id=4948, stack(0x000000e28d200000,0x000000e28d300000) (1024K)]
  0x00000282fbb6ef40 JavaThread "Start Level: Equinox Container: d16738e8-605a-4971-9992-102f33eced4c" daemon [_thread_blocked, id=17588, stack(0x000000e28d300000,0x000000e28d400000) (1024K)]
  0x00000282fb964d30 JavaThread "Bundle File Closer"         daemon [_thread_blocked, id=31920, stack(0x000000e28d700000,0x000000e28d800000) (1024K)]
  0x00000282fb9110b0 JavaThread "SCR Component Actor"        daemon [_thread_blocked, id=772, stack(0x000000e28c700000,0x000000e28c800000) (1024K)]
  0x00000282fb81f770 JavaThread "Worker-JM"                         [_thread_blocked, id=17480, stack(0x000000e28d900000,0x000000e28da00000) (1024K)]
  0x00000282fbf32030 JavaThread "JNA Cleaner"                daemon [_thread_blocked, id=44528, stack(0x000000e28d800000,0x000000e28d900000) (1024K)]
  0x00000282fc1f3000 JavaThread "Worker-0"                          [_thread_blocked, id=46784, stack(0x000000e28da00000,0x000000e28db00000) (1024K)]
  0x00000282fbcea380 JavaThread "Worker-1"                          [_thread_blocked, id=2968, stack(0x000000e28db00000,0x000000e28dc00000) (1024K)]
  0x00000282fbce8fd0 JavaThread "Worker-2"                          [_thread_blocked, id=20728, stack(0x000000e28d400000,0x000000e28d500000) (1024K)]
  0x00000282fbcebdc0 JavaThread "Java indexing"              daemon [_thread_blocked, id=25580, stack(0x000000e28de00000,0x000000e28df00000) (1024K)]
  0x00000282fbce9660 JavaThread "Worker-3"                          [_thread_blocked, id=2808, stack(0x000000e28e100000,0x000000e28e200000) (1024K)]
  0x00000282fbce9cf0 JavaThread "Worker-4"                          [_thread_blocked, id=39920, stack(0x000000e28e200000,0x000000e28e300000) (1024K)]
  0x00000282fbceaa10 JavaThread "Thread-1"                   daemon [_thread_in_native, id=26892, stack(0x000000e28e300000,0x000000e28e400000) (1024K)]
  0x00000282fbceb0a0 JavaThread "Thread-2"                   daemon [_thread_in_native, id=13256, stack(0x000000e28e400000,0x000000e28e500000) (1024K)]
  0x00000282fbceb730 JavaThread "Thread-3"                   daemon [_thread_in_native, id=13576, stack(0x000000e28e500000,0x000000e28e600000) (1024K)]
  0x00000282fd25fd30 JavaThread "Thread-4"                   daemon [_thread_in_native, id=38196, stack(0x000000e28e600000,0x000000e28e700000) (1024K)]
  0x00000282fd25dc60 JavaThread "Thread-5"                   daemon [_thread_in_native, id=25452, stack(0x000000e28e700000,0x000000e28e800000) (1024K)]
  0x00000282fd25c8b0 JavaThread "Thread-6"                   daemon [_thread_in_native, id=15700, stack(0x000000e28e800000,0x000000e28e900000) (1024K)]
  0x00000282fd2603c0 JavaThread "Thread-7"                   daemon [_thread_in_native, id=24588, stack(0x000000e28e900000,0x000000e28ea00000) (1024K)]
  0x00000282fd25e2f0 JavaThread "Thread-8"                   daemon [_thread_in_native, id=42188, stack(0x000000e28ea00000,0x000000e28eb00000) (1024K)]
  0x00000282fd25cf40 JavaThread "Thread-9"                   daemon [_thread_in_native, id=9268, stack(0x000000e28eb00000,0x000000e28ec00000) (1024K)]
  0x00000282fd25f6a0 JavaThread "Thread-10"                  daemon [_thread_in_native, id=19052, stack(0x000000e28ec00000,0x000000e28ed00000) (1024K)]
  0x00000282fd25d5d0 JavaThread "Thread-11"                  daemon [_thread_in_native, id=41916, stack(0x000000e28ed00000,0x000000e28ee00000) (1024K)]
  0x00000282fd25e980 JavaThread "Thread-12"                  daemon [_thread_in_native, id=45800, stack(0x000000e28ee00000,0x000000e28ef00000) (1024K)]
  0x00000282fd25f010 JavaThread "Thread-13"                  daemon [_thread_in_native, id=18736, stack(0x000000e28ef00000,0x000000e28f000000) (1024K)]
  0x00000282fd261770 JavaThread "pool-2-thread-1"                   [_thread_blocked, id=27488, stack(0x000000e28f000000,0x000000e28f100000) (1024K)]
  0x00000282fd261e00 JavaThread "WorkspaceEventsHandler"            [_thread_blocked, id=25852, stack(0x000000e28f100000,0x000000e28f200000) (1024K)]
  0x00000282fd2631b0 JavaThread "pool-1-thread-1"                   [_thread_blocked, id=32552, stack(0x000000e28f200000,0x000000e28f300000) (1024K)]
  0x00000282fd263840 JavaThread "ForkJoinPool.commonPool-worker-1" daemon [_thread_blocked, id=21068, stack(0x000000e28f300000,0x000000e28f400000) (1024K)]
  0x00000282fd262490 JavaThread "ForkJoinPool.commonPool-worker-2" daemon [_thread_blocked, id=21868, stack(0x000000e28f400000,0x000000e28f500000) (1024K)]
  0x00000282fd262b20 JavaThread "ForkJoinPool.commonPool-worker-3" daemon [_thread_blocked, id=39796, stack(0x000000e28f500000,0x000000e28f600000) (1024K)]
  0x00000282fd263ed0 JavaThread "ForkJoinPool.commonPool-worker-4" daemon [_thread_blocked, id=42540, stack(0x000000e28f600000,0x000000e28f700000) (1024K)]
  0x00000282fd260a50 JavaThread "ForkJoinPool.commonPool-worker-5" daemon [_thread_blocked, id=26592, stack(0x000000e28f700000,0x000000e28f800000) (1024K)]
  0x00000282fd2610e0 JavaThread "ForkJoinPool.commonPool-worker-6" daemon [_thread_blocked, id=46396, stack(0x000000e28f800000,0x000000e28f900000) (1024K)]
  0x00000282fe005480 JavaThread "ForkJoinPool.commonPool-worker-7" daemon [_thread_blocked, id=8072, stack(0x000000e28f900000,0x000000e28fa00000) (1024K)]
  0x00000282fe005b10 JavaThread "ForkJoinPool.commonPool-worker-8" daemon [_thread_blocked, id=31132, stack(0x000000e28fa00000,0x000000e28fb00000) (1024K)]
  0x00000282fe006ec0 JavaThread "ForkJoinPool.commonPool-worker-9" daemon [_thread_blocked, id=3740, stack(0x000000e28fb00000,0x000000e28fc00000) (1024K)]
  0x00000282fe007550 JavaThread "ForkJoinPool.commonPool-worker-10" daemon [_thread_blocked, id=15908, stack(0x000000e28fc00000,0x000000e28fd00000) (1024K)]
  0x00000282fe007be0 JavaThread "ForkJoinPool.commonPool-worker-11" daemon [_thread_blocked, id=13448, stack(0x000000e28fd00000,0x000000e28fe00000) (1024K)]
  0x00000282fe008900 JavaThread "Cleaner-0"                  daemon [_thread_blocked, id=36588, stack(0x000000e28fe00000,0x000000e28ff00000) (1024K)]
Total: 53

Other Threads:
  0x00000282de244820 VMThread "VM Thread"                           [id=984, stack(0x000000e28bd00000,0x000000e28be00000) (1024K)] _threads_hazard_ptr=0x00000282fe218d80
  0x00000282de13ca00 WatcherThread "VM Periodic Task Thread"        [id=44296, stack(0x000000e28bc00000,0x000000e28bd00000) (1024K)]
  0x00000282de2ca3a0 WorkerThread "GC Thread#0"                     [id=40044, stack(0x000000e28bb00000,0x000000e28bc00000) (1024K)]
  0x00000282fb030ac0 WorkerThread "GC Thread#1"                     [id=24812, stack(0x000000e28c900000,0x000000e28ca00000) (1024K)]
  0x00000282fb030e70 WorkerThread "GC Thread#2"                     [id=44720, stack(0x000000e28ca00000,0x000000e28cb00000) (1024K)]
  0x00000282fb5003f0 WorkerThread "GC Thread#3"                     [id=27516, stack(0x000000e28cb00000,0x000000e28cc00000) (1024K)]
  0x00000282fb5007a0 WorkerThread "GC Thread#4"                     [id=17080, stack(0x000000e28cc00000,0x000000e28cd00000) (1024K)]
  0x00000282fb715190 WorkerThread "GC Thread#5"                     [id=13776, stack(0x000000e28cd00000,0x000000e28ce00000) (1024K)]
  0x00000282fb717c60 WorkerThread "GC Thread#6"                     [id=38016, stack(0x000000e28ce00000,0x000000e28cf00000) (1024K)]
  0x00000282fb8b8c50 WorkerThread "GC Thread#7"                     [id=39036, stack(0x000000e28cf00000,0x000000e28d000000) (1024K)]
  0x00000282fb8b84f0 WorkerThread "GC Thread#8"                     [id=12084, stack(0x000000e28d500000,0x000000e28d600000) (1024K)]
  0x00000282fb8b9760 WorkerThread "GC Thread#9"                     [id=39628, stack(0x000000e28d600000,0x000000e28d700000) (1024K)]
Total: 12

Threads with active compile tasks:
Total: 0

VM state: synchronizing (normal execution)

VM Mutex/Monitor currently owned by a thread:  ([mutex/lock_event])
[0x00007ffc0630e560] Threads_lock - owner thread: 0x00000282de244820

Heap address: 0x0000000080000000, size: 2048 MB, Compressed Oops mode: 32-bit

CDS archive(s) mapped at: [0x0000028280000000-0x0000028280ba0000-0x0000028280ba0000), size 12189696, SharedBaseAddress: 0x0000028280000000, ArchiveRelocationMode: 1.
Compressed class space mapped at: 0x0000028281000000-0x00000282c1000000, reserved size: 1073741824
Narrow klass base: 0x0000028280000000, Narrow klass shift: 0, Narrow klass range: 0x100000000

GC Precious Log:
 CardTable entry size: 512
 CPUs: 12 total, 12 available
 Memory: 16076M
 Large Page Support: Disabled
 NUMA Support: Disabled
 Compressed Oops: Enabled (32-bit)
 Alignments: Space 512K, Generation 512K, Heap 2M
 Heap Min Capacity: 100M
 Heap Initial Capacity: 100M
 Heap Max Capacity: 2G
 Pre-touch: Disabled
 Parallel Workers: 10

Heap:
 PSYoungGen      total 15872K, used 14719K [0x00000000d5580000, 0x00000000d6680000, 0x0000000100000000)
  eden space 14336K, 99% used [0x00000000d5580000,0x00000000d637fee8,0x00000000d6380000)
  from space 1536K, 25% used [0x00000000d6400000,0x00000000d6460000,0x00000000d6580000)
  to   space 1024K, 0% used [0x00000000d6580000,0x00000000d6580000,0x00000000d6680000)
 ParOldGen       total 105984K, used 105731K [0x0000000080000000, 0x0000000086780000, 0x00000000d5580000)
  object space 105984K, 99% used [0x0000000080000000,0x0000000086740e90,0x0000000086780000)
 Metaspace       used 66806K, committed 68416K, reserved 1114112K
  class space    used 7108K, committed 7808K, reserved 1048576K

Card table byte_map: [0x00000282ddc50000,0x00000282de060000] _byte_map_base: 0x00000282dd850000

Marking Bits: (ParMarkBitMap*) 0x00007ffc06313450
 Begin Bits: [0x00000282f0760000, 0x00000282f2760000)
 End Bits:   [0x00000282f2760000, 0x00000282f4760000)

Polling page: 0x00000282dc120000

Metaspace:

Usage:
  Non-class:     58.30 MB used.
      Class:      6.94 MB used.
       Both:     65.24 MB used.

Virtual space:
  Non-class space:       64.00 MB reserved,      59.19 MB ( 92%) committed,  1 nodes.
      Class space:        1.00 GB reserved,       7.62 MB ( <1%) committed,  1 nodes.
             Both:        1.06 GB reserved,      66.81 MB (  6%) committed. 

Chunk freelists:
   Non-Class:  4.08 MB
       Class:  8.22 MB
        Both:  12.29 MB

MaxMetaspaceSize: unlimited
CompressedClassSpaceSize: 1.00 GB
Initial GC threshold: 21.00 MB
Current GC threshold: 97.31 MB
CDS: on
 - commit_granule_bytes: 65536.
 - commit_granule_words: 8192.
 - virtual_space_node_default_size: 8388608.
 - enlarge_chunks_in_place: 1.
 - use_allocation_guard: 0.


Internal statistics:

num_allocs_failed_limit: 9.
num_arena_births: 1346.
num_arena_deaths: 40.
num_vsnodes_births: 2.
num_vsnodes_deaths: 0.
num_space_committed: 1069.
num_space_uncommitted: 0.
num_chunks_returned_to_freelist: 62.
num_chunks_taken_from_freelist: 4600.
num_chunk_merges: 28.
num_chunk_splits: 2806.
num_chunks_enlarged: 1522.
num_inconsistent_stats: 0.

CodeHeap 'non-profiled nmethods': size=120000Kb used=7283Kb max_used=7283Kb free=112716Kb
 bounds [0x00000282e8f80000, 0x00000282e96a0000, 0x00000282f04b0000]
CodeHeap 'profiled nmethods': size=120000Kb used=22722Kb max_used=22722Kb free=97278Kb
 bounds [0x00000282e14b0000, 0x00000282e2af0000, 0x00000282e89e0000]
CodeHeap 'non-nmethods': size=5760Kb used=1447Kb max_used=1519Kb free=4312Kb
 bounds [0x00000282e89e0000, 0x00000282e8c50000, 0x00000282e8f80000]
CodeCache: size=245760Kb, used=31452Kb, max_used=31524Kb, free=214306Kb
 total_blobs=11250, nmethods=10482, adapters=673, full_count=0
Compilation: enabled, stopped_count=0, restarted_count=0

Compilation events (20 events):
Event: 20.265 Thread 0x00000282fba3c780 11080       4       org.eclipse.core.runtime.Path::<init> (37 bytes)
Event: 20.266 Thread 0x00000282fba3c780 nmethod 11080 0x00000282e966b110 code [0x00000282e966b2a0, 0x00000282e966b370]
Event: 20.266 Thread 0x00000282fba3c780 11088       4       lombok.eclipse.handlers.EclipseHandlerUtil::typeMatches (10 bytes)
Event: 20.283 Thread 0x00000282fba3c780 nmethod 11088 0x00000282e966b410 code [0x00000282e966b620, 0x00000282e966bd50]
Event: 20.283 Thread 0x00000282fba3c780 11021       4       org.eclipse.sisu.inject.LocatedBeans$Itr::next (5 bytes)
Event: 20.284 Thread 0x00000282fba3c780 nmethod 11021 0x00000282e966c310 code [0x00000282e966c4a0, 0x00000282e966c580]
Event: 20.284 Thread 0x00000282fba3c780 11125       4       java.lang.invoke.DelegatingMethodHandle::makeReinvokerForm (326 bytes)
Event: 20.313 Thread 0x00000282f6bf6a10 nmethod 11222 0x00000282e966c690 code [0x00000282e966d8a0, 0x00000282e9677d18]
Event: 20.314 Thread 0x00000282f6bf6a10 11126       4       java.lang.invoke.DelegatingMethodHandle::whichKind (44 bytes)
Event: 20.315 Thread 0x00000282f6bf6a10 nmethod 11126 0x00000282e967ea10 code [0x00000282e967eba0, 0x00000282e967ec38]
Event: 20.315 Thread 0x00000282f6bf6a10 11124       4       java.lang.invoke.DirectMethodHandle::make (21 bytes)
Event: 20.319 Thread 0x00000282fba3c780 nmethod 11125 0x00000282e967ed10 code [0x00000282e967f020, 0x00000282e9680350]
Event: 20.322 Thread 0x00000282fba3c780 11257       4       org.eclipse.jdt.internal.compiler.parser.Parser::pushIdentifier (34 bytes)
Event: 20.341 Thread 0x00000282fba3c780 nmethod 11257 0x00000282e9681390 code [0x00000282e96815a0, 0x00000282e9681d38]
Event: 20.341 Thread 0x00000282fba3c780 11034       4       org.eclipse.jdt.internal.core.AbstractClassFile::equals (49 bytes)
Event: 20.349 Thread 0x00000282fba3c780 nmethod 11034 0x00000282e9682290 code [0x00000282e9682460, 0x00000282e9682a10]
Event: 20.349 Thread 0x00000282fba3c780 11024       4       java.lang.invoke.DirectMethodHandle$Holder::invokeStatic (15 bytes)
Event: 20.351 Thread 0x00000282fba3c780 nmethod 11024 0x00000282e9682d90 code [0x00000282e9682f20, 0x00000282e9683008]
Event: 20.475 Thread 0x00000282f6bf6a10 nmethod 11124 0x00000282e9683110 code [0x00000282e9683a60, 0x00000282e96884f8]
Event: 20.539 Thread 0x00000282f6b62470 nmethod 11070 0x00000282e968bd10 code [0x00000282e968cd40, 0x00000282e96961b0]

GC Heap History (20 events):
Event: 17.178 GC heap before
{Heap before GC invocations=145 (full 3):
 PSYoungGen      total 19456K, used 19360K [0x00000000d5580000, 0x00000000d6a00000, 0x0000000100000000)
  eden space 17920K, 100% used [0x00000000d5580000,0x00000000d6700000,0x00000000d6700000)
  from space 1536K, 93% used [0x00000000d6700000,0x00000000d6868000,0x00000000d6880000)
  to   space 1536K, 0% used [0x00000000d6880000,0x00000000d6880000,0x00000000d6a00000)
 ParOldGen       total 89088K, used 88922K [0x0000000080000000, 0x0000000085700000, 0x00000000d5580000)
  object space 89088K, 99% used [0x0000000080000000,0x00000000856d6b50,0x0000000085700000)
 Metaspace       used 60928K, committed 62400K, reserved 1114112K
  class space    used 6538K, committed 7232K, reserved 1048576K
}
Event: 17.182 GC heap after
{Heap after GC invocations=145 (full 3):
 PSYoungGen      total 17920K, used 1536K [0x00000000d5580000, 0x00000000d6d00000, 0x0000000100000000)
  eden space 16384K, 0% used [0x00000000d5580000,0x00000000d5580000,0x00000000d6580000)
  from space 1536K, 100% used [0x00000000d6880000,0x00000000d6a00000,0x00000000d6a00000)
  to   space 3072K, 0% used [0x00000000d6580000,0x00000000d6580000,0x00000000d6880000)
 ParOldGen       total 90112K, used 89842K [0x0000000080000000, 0x0000000085800000, 0x00000000d5580000)
  object space 90112K, 99% used [0x0000000080000000,0x00000000857bcb60,0x0000000085800000)
 Metaspace       used 60928K, committed 62400K, reserved 1114112K
  class space    used 6538K, committed 7232K, reserved 1048576K
}
Event: 17.251 GC heap before
{Heap before GC invocations=146 (full 3):
 PSYoungGen      total 17920K, used 17920K [0x00000000d5580000, 0x00000000d6d00000, 0x0000000100000000)
  eden space 16384K, 100% used [0x00000000d5580000,0x00000000d6580000,0x00000000d6580000)
  from space 1536K, 100% used [0x00000000d6880000,0x00000000d6a00000,0x00000000d6a00000)
  to   space 3072K, 0% used [0x00000000d6580000,0x00000000d6580000,0x00000000d6880000)
 ParOldGen       total 90112K, used 89842K [0x0000000080000000, 0x0000000085800000, 0x00000000d5580000)
  object space 90112K, 99% used [0x0000000080000000,0x00000000857bcb60,0x0000000085800000)
 Metaspace       used 61050K, committed 62528K, reserved 1114112K
  class space    used 6548K, committed 7232K, reserved 1048576K
}
Event: 17.255 GC heap after
{Heap after GC invocations=146 (full 3):
 PSYoungGen      total 17920K, used 1185K [0x00000000d5580000, 0x00000000d6980000, 0x0000000100000000)
  eden space 16384K, 0% used [0x00000000d5580000,0x00000000d5580000,0x00000000d6580000)
  from space 1536K, 77% used [0x00000000d6580000,0x00000000d66a85c8,0x00000000d6700000)
  to   space 2048K, 0% used [0x00000000d6780000,0x00000000d6780000,0x00000000d6980000)
 ParOldGen       total 91136K, used 90803K [0x0000000080000000, 0x0000000085900000, 0x00000000d5580000)
  object space 91136K, 99% used [0x0000000080000000,0x00000000858acff0,0x0000000085900000)
 Metaspace       used 61050K, committed 62528K, reserved 1114112K
  class space    used 6548K, committed 7232K, reserved 1048576K
}
Event: 17.561 GC heap before
{Heap before GC invocations=147 (full 3):
 PSYoungGen      total 17920K, used 17569K [0x00000000d5580000, 0x00000000d6980000, 0x0000000100000000)
  eden space 16384K, 100% used [0x00000000d5580000,0x00000000d6580000,0x00000000d6580000)
  from space 1536K, 77% used [0x00000000d6580000,0x00000000d66a85c8,0x00000000d6700000)
  to   space 2048K, 0% used [0x00000000d6780000,0x00000000d6780000,0x00000000d6980000)
 ParOldGen       total 91136K, used 90803K [0x0000000080000000, 0x0000000085900000, 0x00000000d5580000)
  object space 91136K, 99% used [0x0000000080000000,0x00000000858acff0,0x0000000085900000)
 Metaspace       used 62049K, committed 63616K, reserved 1114112K
  class space    used 6686K, committed 7360K, reserved 1048576K
}
Event: 17.566 GC heap after
{Heap after GC invocations=147 (full 3):
 PSYoungGen      total 18432K, used 1827K [0x00000000d5580000, 0x00000000d6980000, 0x0000000100000000)
  eden space 16384K, 0% used [0x00000000d5580000,0x00000000d5580000,0x00000000d6580000)
  from space 2048K, 89% used [0x00000000d6780000,0x00000000d6948fc8,0x00000000d6980000)
  to   space 2048K, 0% used [0x00000000d6580000,0x00000000d6580000,0x00000000d6780000)
 ParOldGen       total 92160K, used 91920K [0x0000000080000000, 0x0000000085a00000, 0x00000000d5580000)
  object space 92160K, 99% used [0x0000000080000000,0x00000000859c40b8,0x0000000085a00000)
 Metaspace       used 62049K, committed 63616K, reserved 1114112K
  class space    used 6686K, committed 7360K, reserved 1048576K
}
Event: 17.790 GC heap before
{Heap before GC invocations=148 (full 3):
 PSYoungGen      total 18432K, used 18202K [0x00000000d5580000, 0x00000000d6980000, 0x0000000100000000)
  eden space 16384K, 99% used [0x00000000d5580000,0x00000000d657db68,0x00000000d6580000)
  from space 2048K, 89% used [0x00000000d6780000,0x00000000d6948fc8,0x00000000d6980000)
  to   space 2048K, 0% used [0x00000000d6580000,0x00000000d6580000,0x00000000d6780000)
 ParOldGen       total 92160K, used 91920K [0x0000000080000000, 0x0000000085a00000, 0x00000000d5580000)
  object space 92160K, 99% used [0x0000000080000000,0x00000000859c40b8,0x0000000085a00000)
 Metaspace       used 63679K, committed 65216K, reserved 1114112K
  class space    used 6836K, committed 7488K, reserved 1048576K
}
Event: 17.794 GC heap after
{Heap after GC invocations=148 (full 3):
 PSYoungGen      total 18432K, used 1626K [0x00000000d5580000, 0x00000000d6980000, 0x0000000100000000)
  eden space 16384K, 0% used [0x00000000d5580000,0x00000000d5580000,0x00000000d6580000)
  from space 2048K, 79% used [0x00000000d6580000,0x00000000d6716820,0x00000000d6780000)
  to   space 2048K, 0% used [0x00000000d6780000,0x00000000d6780000,0x00000000d6980000)
 ParOldGen       total 96768K, used 96435K [0x0000000080000000, 0x0000000085e80000, 0x00000000d5580000)
  object space 96768K, 99% used [0x0000000080000000,0x0000000085e2cd48,0x0000000085e80000)
 Metaspace       used 63679K, committed 65216K, reserved 1114112K
  class space    used 6836K, committed 7488K, reserved 1048576K
}
Event: 17.930 GC heap before
{Heap before GC invocations=149 (full 3):
 PSYoungGen      total 18432K, used 18010K [0x00000000d5580000, 0x00000000d6980000, 0x0000000100000000)
  eden space 16384K, 100% used [0x00000000d5580000,0x00000000d6580000,0x00000000d6580000)
  from space 2048K, 79% used [0x00000000d6580000,0x00000000d6716820,0x00000000d6780000)
  to   space 2048K, 0% used [0x00000000d6780000,0x00000000d6780000,0x00000000d6980000)
 ParOldGen       total 96768K, used 96435K [0x0000000080000000, 0x0000000085e80000, 0x00000000d5580000)
  object space 96768K, 99% used [0x0000000080000000,0x0000000085e2cd48,0x0000000085e80000)
 Metaspace       used 64224K, committed 65728K, reserved 1114112K
  class space    used 6888K, committed 7552K, reserved 1048576K
}
Event: 17.935 GC heap after
{Heap after GC invocations=149 (full 3):
 PSYoungGen      total 16384K, used 2039K [0x00000000d5580000, 0x00000000d6d80000, 0x0000000100000000)
  eden space 14336K, 0% used [0x00000000d5580000,0x00000000d5580000,0x00000000d6380000)
  from space 2048K, 99% used [0x00000000d6780000,0x00000000d697dfe0,0x00000000d6980000)
  to   space 4096K, 0% used [0x00000000d6380000,0x00000000d6380000,0x00000000d6780000)
 ParOldGen       total 98304K, used 98114K [0x0000000080000000, 0x0000000086000000, 0x00000000d5580000)
  object space 98304K, 99% used [0x0000000080000000,0x0000000085fd08f0,0x0000000086000000)
 Metaspace       used 64224K, committed 65728K, reserved 1114112K
  class space    used 6888K, committed 7552K, reserved 1048576K
}
Event: 18.123 GC heap before
{Heap before GC invocations=150 (full 3):
 PSYoungGen      total 16384K, used 16375K [0x00000000d5580000, 0x00000000d6d80000, 0x0000000100000000)
  eden space 14336K, 100% used [0x00000000d5580000,0x00000000d6380000,0x00000000d6380000)
  from space 2048K, 99% used [0x00000000d6780000,0x00000000d697dfe0,0x00000000d6980000)
  to   space 4096K, 0% used [0x00000000d6380000,0x00000000d6380000,0x00000000d6780000)
 ParOldGen       total 98304K, used 98114K [0x0000000080000000, 0x0000000086000000, 0x00000000d5580000)
  object space 98304K, 99% used [0x0000000080000000,0x0000000085fd08f0,0x0000000086000000)
 Metaspace       used 64697K, committed 66240K, reserved 1114112K
  class space    used 6918K, committed 7616K, reserved 1048576K
}
Event: 18.128 GC heap after
{Heap after GC invocations=150 (full 3):
 PSYoungGen      total 17920K, used 3223K [0x00000000d5580000, 0x00000000d6a80000, 0x0000000100000000)
  eden space 14336K, 0% used [0x00000000d5580000,0x00000000d5580000,0x00000000d6380000)
  from space 3584K, 89% used [0x00000000d6380000,0x00000000d66a5c48,0x00000000d6700000)
  to   space 3584K, 0% used [0x00000000d6700000,0x00000000d6700000,0x00000000d6a80000)
 ParOldGen       total 99840K, used 99543K [0x0000000080000000, 0x0000000086180000, 0x00000000d5580000)
  object space 99840K, 99% used [0x0000000080000000,0x0000000086135d48,0x0000000086180000)
 Metaspace       used 64697K, committed 66240K, reserved 1114112K
  class space    used 6918K, committed 7616K, reserved 1048576K
}
Event: 18.300 GC heap before
{Heap before GC invocations=151 (full 3):
 PSYoungGen      total 17920K, used 17557K [0x00000000d5580000, 0x00000000d6a80000, 0x0000000100000000)
  eden space 14336K, 99% used [0x00000000d5580000,0x00000000d637fa00,0x00000000d6380000)
  from space 3584K, 89% used [0x00000000d6380000,0x00000000d66a5c48,0x00000000d6700000)
  to   space 3584K, 0% used [0x00000000d6700000,0x00000000d6700000,0x00000000d6a80000)
 ParOldGen       total 99840K, used 99543K [0x0000000080000000, 0x0000000086180000, 0x00000000d5580000)
  object space 99840K, 99% used [0x0000000080000000,0x0000000086135d48,0x0000000086180000)
 Metaspace       used 65316K, committed 66880K, reserved 1114112K
  class space    used 6963K, committed 7616K, reserved 1048576K
}
Event: 18.306 GC heap after
{Heap after GC invocations=151 (full 3):
 PSYoungGen      total 16384K, used 1996K [0x00000000d5580000, 0x00000000d6900000, 0x0000000100000000)
  eden space 14336K, 0% used [0x00000000d5580000,0x00000000d5580000,0x00000000d6380000)
  from space 2048K, 97% used [0x00000000d6700000,0x00000000d68f3140,0x00000000d6900000)
  to   space 2560K, 0% used [0x00000000d6400000,0x00000000d6400000,0x00000000d6680000)
 ParOldGen       total 102400K, used 102137K [0x0000000080000000, 0x0000000086400000, 0x00000000d5580000)
  object space 102400K, 99% used [0x0000000080000000,0x00000000863be710,0x0000000086400000)
 Metaspace       used 65316K, committed 66880K, reserved 1114112K
  class space    used 6963K, committed 7616K, reserved 1048576K
}
Event: 18.496 GC heap before
{Heap before GC invocations=152 (full 3):
 PSYoungGen      total 16384K, used 16332K [0x00000000d5580000, 0x00000000d6900000, 0x0000000100000000)
  eden space 14336K, 100% used [0x00000000d5580000,0x00000000d6380000,0x00000000d6380000)
  from space 2048K, 97% used [0x00000000d6700000,0x00000000d68f3140,0x00000000d6900000)
  to   space 2560K, 0% used [0x00000000d6400000,0x00000000d6400000,0x00000000d6680000)
 ParOldGen       total 102400K, used 102137K [0x0000000080000000, 0x0000000086400000, 0x00000000d5580000)
  object space 102400K, 99% used [0x0000000080000000,0x00000000863be710,0x0000000086400000)
 Metaspace       used 65653K, committed 67200K, reserved 1114112K
  class space    used 6987K, committed 7680K, reserved 1048576K
}
Event: 18.501 GC heap after
{Heap after GC invocations=152 (full 3):
 PSYoungGen      total 16384K, used 1545K [0x00000000d5580000, 0x00000000d6780000, 0x0000000100000000)
  eden space 14336K, 0% used [0x00000000d5580000,0x00000000d5580000,0x00000000d6380000)
  from space 2048K, 75% used [0x00000000d6400000,0x00000000d6582440,0x00000000d6600000)
  to   space 1536K, 0% used [0x00000000d6600000,0x00000000d6600000,0x00000000d6780000)
 ParOldGen       total 103936K, used 103934K [0x0000000080000000, 0x0000000086580000, 0x00000000d5580000)
  object space 103936K, 99% used [0x0000000080000000,0x000000008657f920,0x0000000086580000)
 Metaspace       used 65653K, committed 67200K, reserved 1114112K
  class space    used 6987K, committed 7680K, reserved 1048576K
}
Event: 18.585 GC heap before
{Heap before GC invocations=153 (full 3):
 PSYoungGen      total 16384K, used 15881K [0x00000000d5580000, 0x00000000d6780000, 0x0000000100000000)
  eden space 14336K, 100% used [0x00000000d5580000,0x00000000d6380000,0x00000000d6380000)
  from space 2048K, 75% used [0x00000000d6400000,0x00000000d6582440,0x00000000d6600000)
  to   space 1536K, 0% used [0x00000000d6600000,0x00000000d6600000,0x00000000d6780000)
 ParOldGen       total 103936K, used 103934K [0x0000000080000000, 0x0000000086580000, 0x00000000d5580000)
  object space 103936K, 99% used [0x0000000080000000,0x000000008657f920,0x0000000086580000)
 Metaspace       used 65835K, committed 67392K, reserved 1114112K
  class space    used 6998K, committed 7680K, reserved 1048576K
}
Event: 18.587 GC heap after
{Heap after GC invocations=153 (full 3):
 PSYoungGen      total 15360K, used 700K [0x00000000d5580000, 0x00000000d6700000, 0x0000000100000000)
  eden space 14336K, 0% used [0x00000000d5580000,0x00000000d5580000,0x00000000d6380000)
  from space 1024K, 68% used [0x00000000d6600000,0x00000000d66af140,0x00000000d6700000)
  to   space 1536K, 0% used [0x00000000d6400000,0x00000000d6400000,0x00000000d6580000)
 ParOldGen       total 105472K, used 105307K [0x0000000080000000, 0x0000000086700000, 0x00000000d5580000)
  object space 105472K, 99% used [0x0000000080000000,0x00000000866d6e90,0x0000000086700000)
 Metaspace       used 65835K, committed 67392K, reserved 1114112K
  class space    used 6998K, committed 7680K, reserved 1048576K
}
Event: 18.752 GC heap before
{Heap before GC invocations=154 (full 3):
 PSYoungGen      total 15360K, used 15036K [0x00000000d5580000, 0x00000000d6700000, 0x0000000100000000)
  eden space 14336K, 100% used [0x00000000d5580000,0x00000000d6380000,0x00000000d6380000)
  from space 1024K, 68% used [0x00000000d6600000,0x00000000d66af140,0x00000000d6700000)
  to   space 1536K, 0% used [0x00000000d6400000,0x00000000d6400000,0x00000000d6580000)
 ParOldGen       total 105472K, used 105307K [0x0000000080000000, 0x0000000086700000, 0x00000000d5580000)
  object space 105472K, 99% used [0x0000000080000000,0x00000000866d6e90,0x0000000086700000)
 Metaspace       used 66241K, committed 67840K, reserved 1114112K
  class space    used 7038K, committed 7744K, reserved 1048576K
}
Event: 18.755 GC heap after
{Heap after GC invocations=154 (full 3):
 PSYoungGen      total 15872K, used 384K [0x00000000d5580000, 0x00000000d6680000, 0x0000000100000000)
  eden space 14336K, 0% used [0x00000000d5580000,0x00000000d5580000,0x00000000d6380000)
  from space 1536K, 25% used [0x00000000d6400000,0x00000000d6460000,0x00000000d6580000)
  to   space 1024K, 0% used [0x00000000d6580000,0x00000000d6580000,0x00000000d6680000)
 ParOldGen       total 105984K, used 105731K [0x0000000080000000, 0x0000000086780000, 0x00000000d5580000)
  object space 105984K, 99% used [0x0000000080000000,0x0000000086740e90,0x0000000086780000)
 Metaspace       used 66241K, committed 67840K, reserved 1114112K
  class space    used 7038K, committed 7744K, reserved 1048576K
}

Dll operation events (10 events):
Event: 0.015 Loaded shared library c:\Users\dhruv\.vscode\extensions\redhat.java-1.53.0-win32-x64\jre\21.0.10-win32-x86_64\bin\java.dll
Event: 0.133 Loaded shared library c:\Users\dhruv\.vscode\extensions\redhat.java-1.53.0-win32-x64\jre\21.0.10-win32-x86_64\bin\zip.dll
Event: 0.160 Loaded shared library C:\Users\dhruv\.vscode\extensions\redhat.java-1.53.0-win32-x64\jre\21.0.10-win32-x86_64\bin\instrument.dll
Event: 0.167 Loaded shared library C:\Users\dhruv\.vscode\extensions\redhat.java-1.53.0-win32-x64\jre\21.0.10-win32-x86_64\bin\net.dll
Event: 0.170 Loaded shared library C:\Users\dhruv\.vscode\extensions\redhat.java-1.53.0-win32-x64\jre\21.0.10-win32-x86_64\bin\nio.dll
Event: 0.173 Loaded shared library C:\Users\dhruv\.vscode\extensions\redhat.java-1.53.0-win32-x64\jre\21.0.10-win32-x86_64\bin\zip.dll
Event: 0.198 Loaded shared library C:\Users\dhruv\.vscode\extensions\redhat.java-1.53.0-win32-x64\jre\21.0.10-win32-x86_64\bin\jimage.dll
Event: 0.304 Loaded shared library c:\Users\dhruv\.vscode\extensions\redhat.java-1.53.0-win32-x64\jre\21.0.10-win32-x86_64\bin\verify.dll
Event: 2.334 Loaded shared library C:\Users\dhruv\AppData\Roaming\Code\User\globalStorage\redhat.java\1.53.0\config_win\org.eclipse.equinox.launcher\org.eclipse.equinox.launcher.win32.win32.x86_64_1.3.0.v20260203-2149\eclipse_11919.dll
Event: 5.000 Loaded shared library C:\Users\dhruv\AppData\Local\Temp\jna-95563663\jna7243576133189132115.dll

Deoptimization events (20 events):
Event: 19.479 Thread 0x00000282fbce8fd0 Uncommon trap: trap_request=0xffffffc6 fr.pc=0x00000282e9120308 relative=0x00000000000001e8
Event: 19.479 Thread 0x00000282fbce8fd0 Uncommon trap: reason=bimorphic_or_optimized_type_check action=maybe_recompile pc=0x00000282e9120308 method=java.util.Collections.eq(Ljava/lang/Object;Ljava/lang/Object;)Z @ 18 c2
Event: 19.479 Thread 0x00000282fbce8fd0 DEOPT PACKING pc=0x00000282e9120308 sp=0x000000e28d4fef00
Event: 19.479 Thread 0x00000282fbce8fd0 DEOPT UNPACKING pc=0x00000282e8a33aa2 sp=0x000000e28d4fee40 mode 2
Event: 19.599 Thread 0x00000282fbce8fd0 Uncommon trap: trap_request=0xffffff45 fr.pc=0x00000282e962e514 relative=0x0000000000001d34
Event: 19.599 Thread 0x00000282fbce8fd0 Uncommon trap: reason=unstable_if action=reinterpret pc=0x00000282e962e514 method=org.eclipse.jdt.internal.compiler.parser.Parser.consumeToken(Lorg/eclipse/jdt/internal/compiler/parser/TerminalToken;)V @ 8 c2
Event: 19.599 Thread 0x00000282fbce8fd0 DEOPT PACKING pc=0x00000282e962e514 sp=0x000000e28d4febd0
Event: 19.599 Thread 0x00000282fbce8fd0 DEOPT UNPACKING pc=0x00000282e8a33aa2 sp=0x000000e28d4feb78 mode 2
Event: 19.603 Thread 0x00000282fbce8fd0 Uncommon trap: trap_request=0xffffff45 fr.pc=0x00000282e95ec190 relative=0x0000000000000150
Event: 19.603 Thread 0x00000282fbce8fd0 Uncommon trap: reason=unstable_if action=reinterpret pc=0x00000282e95ec190 method=org.eclipse.jdt.internal.compiler.parser.Scanner.addTokenToLookBack(Lorg/eclipse/jdt/internal/compiler/parser/TerminalToken;)V @ 45 c2
Event: 19.603 Thread 0x00000282fbce8fd0 DEOPT PACKING pc=0x00000282e95ec190 sp=0x000000e28d4feb70
Event: 19.603 Thread 0x00000282fbce8fd0 DEOPT UNPACKING pc=0x00000282e8a33aa2 sp=0x000000e28d4feb08 mode 2
Event: 19.603 Thread 0x00000282fbce8fd0 Uncommon trap: trap_request=0xffffff45 fr.pc=0x00000282e962a48c relative=0x000000000000006c
Event: 19.603 Thread 0x00000282fbce8fd0 Uncommon trap: reason=unstable_if action=reinterpret pc=0x00000282e962a48c method=org.eclipse.jdt.internal.compiler.parser.Scanner.atMultiCaseComma()Z @ 4 c2
Event: 19.603 Thread 0x00000282fbce8fd0 DEOPT PACKING pc=0x00000282e962a48c sp=0x000000e28d4feb80
Event: 19.603 Thread 0x00000282fbce8fd0 DEOPT UNPACKING pc=0x00000282e8a33aa2 sp=0x000000e28d4feb18 mode 2
Event: 19.657 Thread 0x00000282fbce8fd0 Uncommon trap: trap_request=0xffffff45 fr.pc=0x00000282e93786b8 relative=0x0000000000000318
Event: 19.657 Thread 0x00000282fbce8fd0 Uncommon trap: reason=unstable_if action=reinterpret pc=0x00000282e93786b8 method=java.lang.invoke.MethodType.isConvertibleTo(Ljava/lang/invoke/MethodType;)Z @ 117 c2
Event: 19.657 Thread 0x00000282fbce8fd0 DEOPT PACKING pc=0x00000282e93786b8 sp=0x000000e28d4fd770
Event: 19.657 Thread 0x00000282fbce8fd0 DEOPT UNPACKING pc=0x00000282e8a33aa2 sp=0x000000e28d4fd6b0 mode 2

Classes loaded (20 events):
Event: 16.874 Loading class java/util/stream/ReduceOps$4
Event: 16.875 Loading class java/util/stream/ReduceOps$4 done
Event: 16.875 Loading class java/util/stream/ReduceOps$4ReducingSink
Event: 16.876 Loading class java/util/stream/ReduceOps$4ReducingSink done
Event: 17.066 Loading class sun/nio/cs/ISO_8859_1$Decoder
Event: 17.066 Loading class sun/nio/cs/ISO_8859_1$Decoder done
Event: 18.139 Loading class jdk/internal/ref/CleanerImpl$InnocuousThreadFactory
Event: 18.140 Loading class jdk/internal/ref/CleanerImpl$InnocuousThreadFactory done
Event: 18.314 Loading class java/util/stream/ReferencePipeline$4
Event: 18.314 Loading class java/util/stream/ReferencePipeline$4 done
Event: 18.315 Loading class java/util/stream/Nodes$IntFixedNodeBuilder
Event: 18.316 Loading class java/util/stream/Node$Builder$OfInt
Event: 18.316 Loading class java/util/stream/Node$Builder$OfInt done
Event: 18.316 Loading class java/util/stream/Nodes$IntArrayNode
Event: 18.316 Loading class java/util/stream/Nodes$IntArrayNode done
Event: 18.316 Loading class java/util/stream/Nodes$IntFixedNodeBuilder done
Event: 18.317 Loading class java/util/stream/ReferencePipeline$4$1
Event: 18.317 Loading class java/util/stream/ReferencePipeline$4$1 done
Event: 19.386 Loading class java/lang/StringLatin1$LinesSpliterator
Event: 19.387 Loading class java/lang/StringLatin1$LinesSpliterator done

Classes unloaded (20 events):
Event: 5.520 Thread 0x00000282de244820 Unloading class 0x00000282811a5400 'java/lang/invoke/LambdaForm$MH+0x00000282811a5400'
Event: 5.520 Thread 0x00000282de244820 Unloading class 0x00000282811a5000 'java/lang/invoke/LambdaForm$MH+0x00000282811a5000'
Event: 5.520 Thread 0x00000282de244820 Unloading class 0x00000282811a4c00 'java/lang/invoke/LambdaForm$MH+0x00000282811a4c00'
Event: 5.520 Thread 0x00000282de244820 Unloading class 0x00000282811a4800 'java/lang/invoke/LambdaForm$MH+0x00000282811a4800'
Event: 5.520 Thread 0x00000282de244820 Unloading class 0x00000282811a4400 'java/lang/invoke/LambdaForm$BMH+0x00000282811a4400'
Event: 5.520 Thread 0x00000282de244820 Unloading class 0x00000282811a4000 'java/lang/invoke/LambdaForm$DMH+0x00000282811a4000'
Event: 5.520 Thread 0x00000282de244820 Unloading class 0x00000282811a2c00 'java/lang/invoke/LambdaForm$DMH+0x00000282811a2c00'
Event: 13.933 Thread 0x00000282de244820 Unloading class 0x0000028281684400 'java/lang/invoke/LambdaForm$DMH+0x0000028281684400'
Event: 13.933 Thread 0x00000282de244820 Unloading class 0x000002828166f800 'java/lang/invoke/LambdaForm$MH+0x000002828166f800'
Event: 13.933 Thread 0x00000282de244820 Unloading class 0x000002828166f400 'java/lang/invoke/LambdaForm$MH+0x000002828166f400'
Event: 13.933 Thread 0x00000282de244820 Unloading class 0x000002828166f000 'java/lang/invoke/LambdaForm$MH+0x000002828166f000'
Event: 13.933 Thread 0x00000282de244820 Unloading class 0x000002828166e800 'java/lang/invoke/LambdaForm$MH+0x000002828166e800'
Event: 13.933 Thread 0x00000282de244820 Unloading class 0x000002828166e400 'java/lang/invoke/LambdaForm$MH+0x000002828166e400'
Event: 13.933 Thread 0x00000282de244820 Unloading class 0x000002828166e000 'java/lang/invoke/LambdaForm$MH+0x000002828166e000'
Event: 13.934 Thread 0x00000282de244820 Unloading class 0x000002828166d800 'java/lang/invoke/LambdaForm$MH+0x000002828166d800'
Event: 13.934 Thread 0x00000282de244820 Unloading class 0x000002828166d400 'java/lang/invoke/LambdaForm$MH+0x000002828166d400'
Event: 13.934 Thread 0x00000282de244820 Unloading class 0x000002828166d000 'java/lang/invoke/LambdaForm$MH+0x000002828166d000'
Event: 13.934 Thread 0x00000282de244820 Unloading class 0x000002828166c800 'java/lang/invoke/LambdaForm$MH+0x000002828166c800'
Event: 13.934 Thread 0x00000282de244820 Unloading class 0x000002828166c400 'java/lang/invoke/LambdaForm$MH+0x000002828166c400'
Event: 13.934 Thread 0x00000282de244820 Unloading class 0x000002828166c000 'java/lang/invoke/LambdaForm$MH+0x000002828166c000'

Classes redefined (0 events):
No events

Internal exceptions (20 events):
Event: 17.626 Thread 0x00000282fc1f3000 Exception <a 'java/io/FileNotFoundException'{0x00000000d586d750}> (0x00000000d586d750) 
thrown [s\src\hotspot\share\prims\jni.cpp, line 520]
Event: 17.651 Thread 0x00000282fbce8fd0 Exception <a 'sun/nio/fs/WindowsException'{0x00000000d59c70b0}> (0x00000000d59c70b0) 
thrown [s\src\hotspot\share\prims\jni.cpp, line 520]
Event: 17.652 Thread 0x00000282fbce8fd0 Exception <a 'sun/nio/fs/WindowsException'{0x00000000d59c76e0}> (0x00000000d59c76e0) 
thrown [s\src\hotspot\share\prims\jni.cpp, line 520]
Event: 17.671 Thread 0x00000282fe007be0 Exception <a 'java/lang/LinkageError'{0x00000000d5b8d2e8}: loader lombok.launch.ShadowClassLoader @537b91f3 attempted duplicate class definition for lombok.launch.PatchFixesHider$PatchFixes. (lombok.launch.PatchFixesHider$PatchFixes is in unnamed module of loader lombok.launch.ShadowClassLoader @537b91f3, parent loader org.eclipse.osgi.internal.loader.EquinoxClassLoader @427abbf3)> (0x00000000d5b8d2e8) 
thrown [s\src\hotspot\share\classfile\systemDictionary.cpp, line 1672]
Event: 17.675 Thread 0x00000282fd263840 Exception <a 'java/lang/LinkageError'{0x00000000d5bb47e8}: loader lombok.launch.ShadowClassLoader @537b91f3 attempted duplicate class definition for lombok.launch.PatchFixesHider$PatchFixes. (lombok.launch.PatchFixesHider$PatchFixes is in unnamed module of loader lombok.launch.ShadowClassLoader @537b91f3, parent loader org.eclipse.osgi.internal.loader.EquinoxClassLoader @427abbf3)> (0x00000000d5bb47e8) 
thrown [s\src\hotspot\share\classfile\systemDictionary.cpp, line 1672]
Event: 17.802 Thread 0x00000282fd262b20 Implicit null exception at 0x00000282e947f65a to 0x00000282e947f6b3
Event: 18.452 Thread 0x00000282fe007be0 Implicit null exception at 0x00000282e943eecb to 0x00000282e943f02c
Event: 18.463 Thread 0x00000282fd2610e0 Exception <a 'sun/nio/fs/WindowsException'{0x00000000d5d4ac48}> (0x00000000d5d4ac48) 
thrown [s\src\hotspot\share\prims\jni.cpp, line 520]
Event: 18.463 Thread 0x00000282fd2610e0 Exception <a 'sun/nio/fs/WindowsException'{0x00000000d5d4b548}> (0x00000000d5d4b548) 
thrown [s\src\hotspot\share\prims\jni.cpp, line 520]
Event: 18.464 Thread 0x00000282fd2610e0 Exception <a 'sun/nio/fs/WindowsException'{0x00000000d5d4c2c0}> (0x00000000d5d4c2c0) 
thrown [s\src\hotspot\share\prims\jni.cpp, line 520]
Event: 18.464 Thread 0x00000282fd2610e0 Exception <a 'sun/nio/fs/WindowsException'{0x00000000d5d4cba0}> (0x00000000d5d4cba0) 
thrown [s\src\hotspot\share\prims\jni.cpp, line 520]
Event: 18.465 Thread 0x00000282fd2610e0 Exception <a 'sun/nio/fs/WindowsException'{0x00000000d5d4e4d0}> (0x00000000d5d4e4d0) 
thrown [s\src\hotspot\share\prims\jni.cpp, line 520]
Event: 18.465 Thread 0x00000282fd2610e0 Exception <a 'sun/nio/fs/WindowsException'{0x00000000d5d4edb0}> (0x00000000d5d4edb0) 
thrown [s\src\hotspot\share\prims\jni.cpp, line 520]
Event: 18.472 Thread 0x00000282fd2610e0 Exception <a 'sun/nio/fs/WindowsException'{0x00000000d5e190e0}> (0x00000000d5e190e0) 
thrown [s\src\hotspot\share\prims\jni.cpp, line 520]
Event: 18.472 Thread 0x00000282fd2610e0 Exception <a 'sun/nio/fs/WindowsException'{0x00000000d5e199c0}> (0x00000000d5e199c0) 
thrown [s\src\hotspot\share\prims\jni.cpp, line 520]
Event: 19.329 Thread 0x00000282fbce8fd0 Exception <a 'java/lang/NoSuchMethodError'{0x00000000d5a411f8}: 'java.lang.Object java.lang.invoke.DirectMethodHandle$Holder.invokeStatic(java.lang.Object, java.lang.Object, int, java.lang.Object)'> (0x00000000d5a411f8) 
thrown [s\src\hotspot\share\interpreter\linkResolver.cpp, line 773]
Event: 19.330 Thread 0x00000282fbce8fd0 Exception <a 'java/lang/NoSuchMethodError'{0x00000000d5a47b68}: 'java.lang.Object java.lang.invoke.DirectMethodHandle$Holder.newInvokeSpecial(java.lang.Object, java.lang.Object, int)'> (0x00000000d5a47b68) 
thrown [s\src\hotspot\share\interpreter\linkResolver.cpp, line 773]
Event: 19.387 Thread 0x00000282fbce8fd0 Exception <a 'java/lang/NoSuchMethodError'{0x00000000d5b18688}: 'java.lang.Object java.lang.invoke.DirectMethodHandle$Holder.invokeStatic(java.lang.Object, int, java.lang.Object)'> (0x00000000d5b18688) 
thrown [s\src\hotspot\share\interpreter\linkResolver.cpp, line 773]
Event: 19.410 Thread 0x00000282fbce8fd0 Implicit null exception at 0x00000282e93b8b23 to 0x00000282e93b8e88
Event: 19.658 Thread 0x00000282fbce8fd0 Exception <a 'java/lang/NoSuchMethodError'{0x00000000d6072d80}: 'void java.lang.invoke.DelegatingMethodHandle$Holder.reinvoke_L(java.lang.Object, java.lang.Object, java.lang.Object, int, java.lang.Object, int, int)'> (0x00000000d6072d80) 
thrown [s\src\hotspot\share\interpreter\linkResolver.cpp, line 773]

ZGC Phase Switch (0 events):
No events

VM Operations (20 events):
Event: 17.935 Executing safepoint VM operation: ParallelGCFailedAllocation (Allocation Failure) done
Event: 18.122 Executing safepoint VM operation: ParallelGCFailedAllocation (Allocation Failure)
Event: 18.128 Executing safepoint VM operation: ParallelGCFailedAllocation (Allocation Failure) done
Event: 18.299 Executing safepoint VM operation: ParallelGCFailedAllocation (Allocation Failure)
Event: 18.306 Executing safepoint VM operation: ParallelGCFailedAllocation (Allocation Failure) done
Event: 18.496 Executing safepoint VM operation: ParallelGCFailedAllocation (Allocation Failure)
Event: 18.501 Executing safepoint VM operation: ParallelGCFailedAllocation (Allocation Failure) done
Event: 18.584 Executing safepoint VM operation: ParallelGCFailedAllocation (Allocation Failure)
Event: 18.588 Executing safepoint VM operation: ParallelGCFailedAllocation (Allocation Failure) done
Event: 18.752 Executing safepoint VM operation: ParallelGCFailedAllocation (Allocation Failure)
Event: 18.755 Executing safepoint VM operation: ParallelGCFailedAllocation (Allocation Failure) done
Event: 19.287 Executing non-safepoint VM operation: HandshakeAllThreads (Deoptimize)
Event: 19.288 Executing non-safepoint VM operation: HandshakeAllThreads (Deoptimize) done
Event: 19.355 Executing non-safepoint VM operation: HandshakeAllThreads (Deoptimize)
Event: 19.356 Executing non-safepoint VM operation: HandshakeAllThreads (Deoptimize) done
Event: 19.530 Executing safepoint VM operation: ICBufferFull
Event: 19.531 Executing safepoint VM operation: ICBufferFull done
Event: 20.536 Executing safepoint VM operation: Cleanup
Event: 20.536 Executing safepoint VM operation: Cleanup done
Event: 32.635 Executing safepoint VM operation: Cleanup

Memory protections (0 events):
No events

Nmethod flushes (20 events):
Event: 13.961 Thread 0x00000282de244820 flushing osr nmethod 0x00000282e1cd7e10
Event: 13.961 Thread 0x00000282de244820 flushing  nmethod 0x00000282e1cf9910
Event: 13.961 Thread 0x00000282de244820 flushing  nmethod 0x00000282e1d06b90
Event: 13.961 Thread 0x00000282de244820 flushing  nmethod 0x00000282e1d0a090
Event: 13.961 Thread 0x00000282de244820 flushing  nmethod 0x00000282e1d0af90
Event: 13.961 Thread 0x00000282de244820 flushing  nmethod 0x00000282e1d0b910
Event: 13.961 Thread 0x00000282de244820 flushing  nmethod 0x00000282e1d23410
Event: 13.961 Thread 0x00000282de244820 flushing  nmethod 0x00000282e1d23b10
Event: 13.961 Thread 0x00000282de244820 flushing  nmethod 0x00000282e1d24110
Event: 13.961 Thread 0x00000282de244820 flushing  nmethod 0x00000282e1d24f90
Event: 13.961 Thread 0x00000282de244820 flushing  nmethod 0x00000282e1d26910
Event: 13.961 Thread 0x00000282de244820 flushing  nmethod 0x00000282e1d33010
Event: 13.961 Thread 0x00000282de244820 flushing  nmethod 0x00000282e1d4cc90
Event: 13.961 Thread 0x00000282de244820 flushing  nmethod 0x00000282e1d53690
Event: 13.961 Thread 0x00000282de244820 flushing  nmethod 0x00000282e1d73710
Event: 13.961 Thread 0x00000282de244820 flushing  nmethod 0x00000282e1d90390
Event: 13.961 Thread 0x00000282de244820 flushing  nmethod 0x00000282e1daf410
Event: 13.961 Thread 0x00000282de244820 flushing  nmethod 0x00000282e1dce710
Event: 13.961 Thread 0x00000282de244820 flushing  nmethod 0x00000282e1dd0010
Event: 13.961 Thread 0x00000282de244820 flushing  nmethod 0x00000282e1ddf510

Events (20 events):
Event: 7.847 Thread 0x00000282fd262490 Thread added: 0x00000282fd260a50
Event: 7.847 Thread 0x00000282fd263ed0 Thread added: 0x00000282fd2610e0
Event: 7.848 Thread 0x00000282fd260a50 Thread added: 0x00000282fe005480
Event: 7.849 Thread 0x00000282fd2610e0 Thread added: 0x00000282fe005b10
Event: 7.851 Thread 0x00000282fe005480 Thread added: 0x00000282fe006ec0
Event: 7.852 Thread 0x00000282fe005b10 Thread added: 0x00000282fe007550
Event: 7.852 Thread 0x00000282fe006ec0 Thread added: 0x00000282fe007be0
Event: 16.219 Thread 0x00000282fbce8fd0 Thread added: 0x00000282fe008f90
Event: 16.220 Thread 0x00000282fbce8fd0 Thread added: 0x00000282fe009620
Event: 16.220 Thread 0x00000282fbce8fd0 Thread added: 0x00000282fe0061a0
Event: 16.220 Thread 0x00000282fbce8fd0 Thread added: 0x00000282fe008270
Event: 16.220 Thread 0x00000282fbce8fd0 Thread added: 0x00000282fe008900
Event: 17.249 Thread 0x00000282fe009620 Thread exited: 0x00000282fe009620
Event: 17.249 Thread 0x00000282fe0061a0 Thread exited: 0x00000282fe0061a0
Event: 17.249 Thread 0x00000282fe008900 Thread exited: 0x00000282fe008900
Event: 17.249 Thread 0x00000282fe008f90 Thread exited: 0x00000282fe008f90
Event: 17.249 Thread 0x00000282fe008270 Thread exited: 0x00000282fe008270
Event: 18.141 Thread 0x00000282fe007be0 Thread added: 0x00000282fe008900
Event: 25.351 Thread 0x00000282fba3c780 Thread exited: 0x00000282fba3c780
Event: 25.488 Thread 0x00000282f6bf6a10 Thread exited: 0x00000282f6bf6a10


Dynamic libraries:
0x00007ff6d80b0000 - 0x00007ff6d80be000 	c:\Users\dhruv\.vscode\extensions\redhat.java-1.53.0-win32-x64\jre\21.0.10-win32-x86_64\bin\java.exe
0x00007ffc9c540000 - 0x00007ffc9c7a7000 	C:\Windows\SYSTEM32\ntdll.dll
0x00007ffc9bbf0000 - 0x00007ffc9bcb9000 	C:\Windows\System32\KERNEL32.DLL
0x00007ffc98ed0000 - 0x00007ffc992c1000 	C:\Windows\System32\KERNELBASE.dll
0x00007ffc99e00000 - 0x00007ffc99f4b000 	C:\Windows\System32\ucrtbase.dll
0x00007ffc937a0000 - 0x00007ffc937b8000 	c:\Users\dhruv\.vscode\extensions\redhat.java-1.53.0-win32-x64\jre\21.0.10-win32-x86_64\bin\jli.dll
0x00007ffc9a620000 - 0x00007ffc9a7e5000 	C:\Windows\System32\USER32.dll
0x00007ffc9a2b0000 - 0x00007ffc9a2d7000 	C:\Windows\System32\win32u.dll
0x00007ffc9b230000 - 0x00007ffc9b25b000 	C:\Windows\System32\GDI32.dll
0x00007ffc9a0d0000 - 0x00007ffc9a1fb000 	C:\Windows\System32\gdi32full.dll
0x00007ffc98e20000 - 0x00007ffc98ec3000 	C:\Windows\System32\msvcp_win.dll
0x00007ffc93770000 - 0x00007ffc9378e000 	c:\Users\dhruv\.vscode\extensions\redhat.java-1.53.0-win32-x64\jre\21.0.10-win32-x86_64\bin\VCRUNTIME140.dll
0x00007ffc79410000 - 0x00007ffc796a3000 	C:\Windows\WinSxS\amd64_microsoft.windows.common-controls_6595b64144ccf1df_6.0.26100.8037_none_3e092faae333b53b\COMCTL32.dll
0x00007ffc9b490000 - 0x00007ffc9b539000 	C:\Windows\System32\msvcrt.dll
0x00007ffc9c2a0000 - 0x00007ffc9c2d1000 	C:\Windows\System32\IMM32.DLL
0x00007ffc937e0000 - 0x00007ffc937ec000 	c:\Users\dhruv\.vscode\extensions\redhat.java-1.53.0-win32-x64\jre\21.0.10-win32-x86_64\bin\vcruntime140_1.dll
0x00007ffc93670000 - 0x00007ffc936fd000 	c:\Users\dhruv\.vscode\extensions\redhat.java-1.53.0-win32-x64\jre\21.0.10-win32-x86_64\bin\msvcp140.dll
0x00007ffc05650000 - 0x00007ffc063f1000 	c:\Users\dhruv\.vscode\extensions\redhat.java-1.53.0-win32-x64\jre\21.0.10-win32-x86_64\bin\server\jvm.dll
0x00007ffc9a880000 - 0x00007ffc9a93b000 	C:\Windows\System32\ADVAPI32.dll
0x00007ffc9b260000 - 0x00007ffc9b307000 	C:\Windows\System32\sechost.dll
0x00007ffc9a2e0000 - 0x00007ffc9a3f8000 	C:\Windows\System32\RPCRT4.dll
0x00007ffc9a800000 - 0x00007ffc9a874000 	C:\Windows\System32\WS2_32.dll
0x00007ffc98ca0000 - 0x00007ffc98cfe000 	C:\Windows\SYSTEM32\POWRPROF.dll
0x00007ffc90f50000 - 0x00007ffc90f85000 	C:\Windows\SYSTEM32\WINMM.dll
0x00007ffc7c780000 - 0x00007ffc7c78b000 	C:\Windows\SYSTEM32\VERSION.dll
0x00007ffc98c80000 - 0x00007ffc98c94000 	C:\Windows\SYSTEM32\UMPDC.dll
0x00007ffc97b80000 - 0x00007ffc97b9b000 	C:\Windows\SYSTEM32\kernel.appcore.dll
0x00007ffc93600000 - 0x00007ffc9360a000 	c:\Users\dhruv\.vscode\extensions\redhat.java-1.53.0-win32-x64\jre\21.0.10-win32-x86_64\bin\jimage.dll
0x00007ffc96e50000 - 0x00007ffc97092000 	C:\Windows\SYSTEM32\DBGHELP.DLL
0x00007ffc9bd20000 - 0x00007ffc9c0a2000 	C:\Windows\System32\combase.dll
0x00007ffc9b0c0000 - 0x00007ffc9b197000 	C:\Windows\System32\OLEAUT32.dll
0x00007ffc7a2d0000 - 0x00007ffc7a30b000 	C:\Windows\SYSTEM32\dbgcore.DLL
0x00007ffc9a200000 - 0x00007ffc9a2a5000 	C:\Windows\System32\bcryptPrimitives.dll
0x00007ffc935f0000 - 0x00007ffc935ff000 	c:\Users\dhruv\.vscode\extensions\redhat.java-1.53.0-win32-x64\jre\21.0.10-win32-x86_64\bin\instrument.dll
0x00007ffc8ef60000 - 0x00007ffc8ef80000 	c:\Users\dhruv\.vscode\extensions\redhat.java-1.53.0-win32-x64\jre\21.0.10-win32-x86_64\bin\java.dll
0x00007ffc9a950000 - 0x00007ffc9b0af000 	C:\Windows\System32\SHELL32.dll
0x00007ffc99c90000 - 0x00007ffc99dfa000 	C:\Windows\System32\wintypes.dll
0x00007ffc992d0000 - 0x00007ffc99b34000 	C:\Windows\System32\windows.storage.dll
0x00007ffc9a4a0000 - 0x00007ffc9a597000 	C:\Windows\System32\SHCORE.dll
0x00007ffc9c490000 - 0x00007ffc9c4f7000 	C:\Windows\System32\shlwapi.dll
0x00007ffc98d40000 - 0x00007ffc98d69000 	C:\Windows\SYSTEM32\profapi.dll
0x00007ffc8d560000 - 0x00007ffc8d578000 	c:\Users\dhruv\.vscode\extensions\redhat.java-1.53.0-win32-x64\jre\21.0.10-win32-x86_64\bin\zip.dll
0x00007ffc93660000 - 0x00007ffc93670000 	C:\Users\dhruv\.vscode\extensions\redhat.java-1.53.0-win32-x64\jre\21.0.10-win32-x86_64\bin\net.dll
0x00007ffc8ef80000 - 0x00007ffc8f0a7000 	C:\Windows\SYSTEM32\WINHTTP.dll
0x00007ffc98120000 - 0x00007ffc9818b000 	C:\Windows\system32\mswsock.dll
0x00007ffc93640000 - 0x00007ffc93656000 	C:\Users\dhruv\.vscode\extensions\redhat.java-1.53.0-win32-x64\jre\21.0.10-win32-x86_64\bin\nio.dll
0x00007ffc93630000 - 0x00007ffc93640000 	c:\Users\dhruv\.vscode\extensions\redhat.java-1.53.0-win32-x64\jre\21.0.10-win32-x86_64\bin\verify.dll
0x00007ffc78280000 - 0x00007ffc782c5000 	C:\Users\dhruv\AppData\Roaming\Code\User\globalStorage\redhat.java\1.53.0\config_win\org.eclipse.equinox.launcher\org.eclipse.equinox.launcher.win32.win32.x86_64_1.3.0.v20260203-2149\eclipse_11919.dll
0x00007ffc9c2e0000 - 0x00007ffc9c475000 	C:\Windows\System32\ole32.dll
0x00007ffc98410000 - 0x00007ffc9842b000 	C:\Windows\SYSTEM32\CRYPTSP.dll
0x00007ffc97ae0000 - 0x00007ffc97b19000 	C:\Windows\system32\rsaenh.dll
0x00007ffc981d0000 - 0x00007ffc98202000 	C:\Windows\SYSTEM32\USERENV.dll
0x00007ffc98d10000 - 0x00007ffc98d3a000 	C:\Windows\SYSTEM32\bcrypt.dll
0x00007ffc98400000 - 0x00007ffc9840c000 	C:\Windows\SYSTEM32\CRYPTBASE.dll
0x00007ffc97560000 - 0x00007ffc97593000 	C:\Windows\SYSTEM32\IPHLPAPI.DLL
0x00007ffc9c480000 - 0x00007ffc9c48a000 	C:\Windows\System32\NSI.dll
0x00007ffc6a080000 - 0x00007ffc6a0c9000 	C:\Users\dhruv\AppData\Local\Temp\jna-95563663\jna7243576133189132115.dll
0x00007ffc9a940000 - 0x00007ffc9a948000 	C:\Windows\System32\PSAPI.DLL
0x00007ffc90880000 - 0x00007ffc9089d000 	C:\Windows\SYSTEM32\dhcpcsvc6.DLL
0x00007ffc8ff40000 - 0x00007ffc8ff63000 	C:\Windows\SYSTEM32\dhcpcsvc.DLL

JVMTI agents:
c:\Users\dhruv\.vscode\extensions\redhat.java-1.53.0-win32-x64\lombok\lombok-1.18.39-4050.jar path:c:\Users\dhruv\.vscode\extensions\redhat.java-1.53.0-win32-x64\jre\21.0.10-win32-x86_64\bin\instrument.dll, loaded, initialized, instrumentlib options:none

dbghelp: loaded successfully - version: 4.0.5 - missing functions: none
symbol engine: initialized successfully - sym options: 0x614 - pdb path: .;c:\Users\dhruv\.vscode\extensions\redhat.java-1.53.0-win32-x64\jre\21.0.10-win32-x86_64\bin;C:\Windows\SYSTEM32;C:\Windows\WinSxS\amd64_microsoft.windows.common-controls_6595b64144ccf1df_6.0.26100.8037_none_3e092faae333b53b;c:\Users\dhruv\.vscode\extensions\redhat.java-1.53.0-win32-x64\jre\21.0.10-win32-x86_64\bin\server;C:\Users\dhruv\AppData\Roaming\Code\User\globalStorage\redhat.java\1.53.0\config_win\org.eclipse.equinox.launcher\org.eclipse.equinox.launcher.win32.win32.x86_64_1.3.0.v20260203-2149;C:\Users\dhruv\AppData\Local\Temp\jna-95563663

VM Arguments:
jvm_args: --add-modules=ALL-SYSTEM --add-opens=java.base/java.util=ALL-UNNAMED --add-opens=java.base/java.lang=ALL-UNNAMED --add-opens=java.base/sun.nio.fs=ALL-UNNAMED -Declipse.application=org.eclipse.jdt.ls.core.id1 -Dosgi.bundles.defaultStartLevel=4 -Declipse.product=org.eclipse.jdt.ls.core.product -Djava.import.generatesMetadataFilesAtProjectRoot=false -DDetectVMInstallationsJob.disabled=true -Dfile.encoding=utf8 -XX:+UseParallelGC -XX:GCTimeRatio=4 -XX:AdaptiveSizePolicyWeight=90 -Dsun.zip.disableMemoryMapping=true -Xmx2G -Xms100m -Xlog:disable -javaagent:c:\Users\dhruv\.vscode\extensions\redhat.java-1.53.0-win32-x64\lombok\lombok-1.18.39-4050.jar -XX:+HeapDumpOnOutOfMemoryError -XX:HeapDumpPath=c:\Users\dhruv\AppData\Roaming\Code\User\workspaceStorage\7d28d01f3346ece97dc27ea15ebc63fd\redhat.java -Daether.dependencyCollector.impl=bf 
java_command: c:\Users\dhruv\.vscode\extensions\redhat.java-1.53.0-win32-x64\server\plugins\org.eclipse.equinox.launcher_1.7.100.v20251111-0406.jar -configuration c:\Users\dhruv\AppData\Roaming\Code\User\globalStorage\redhat.java\1.53.0\config_win -data c:\Users\dhruv\AppData\Roaming\Code\User\workspaceStorage\7d28d01f3346ece97dc27ea15ebc63fd\redhat.java\jdt_ws --pipe=\\.\pipe\lsp-7aefb05bfdfb35ad1a2cbe4306964234-sock
java_class_path (initial): c:\Users\dhruv\.vscode\extensions\redhat.java-1.53.0-win32-x64\server\plugins\org.eclipse.equinox.launcher_1.7.100.v20251111-0406.jar
Launcher Type: SUN_STANDARD

[Global flags]
    uintx AdaptiveSizePolicyWeight                 = 90                                        {product} {command line}
     intx CICompilerCount                          = 4                                         {product} {ergonomic}
    uintx GCTimeRatio                              = 4                                         {product} {command line}
     bool HeapDumpOnOutOfMemoryError               = true                                   {manageable} {command line}
    ccstr HeapDumpPath                             = c:\Users\dhruv\AppData\Roaming\Code\User\workspaceStorage\7d28d01f3346ece97dc27ea15ebc63fd\redhat.java         {manageable} {command line}
   size_t InitialHeapSize                          = 104857600                                 {product} {command line}
   size_t MaxHeapSize                              = 2147483648                                {product} {command line}
   size_t MaxNewSize                               = 715653120                                 {product} {ergonomic}
   size_t MinHeapDeltaBytes                        = 524288                                    {product} {ergonomic}
   size_t MinHeapSize                              = 104857600                                 {product} {command line}
   size_t NewSize                                  = 34603008                                  {product} {ergonomic}
    uintx NonNMethodCodeHeapSize                   = 5839372                                {pd product} {ergonomic}
    uintx NonProfiledCodeHeapSize                  = 122909434                              {pd product} {ergonomic}
   size_t OldSize                                  = 70254592                                  {product} {ergonomic}
    uintx ProfiledCodeHeapSize                     = 122909434                              {pd product} {ergonomic}
    uintx ReservedCodeCacheSize                    = 251658240                              {pd product} {ergonomic}
     bool SegmentedCodeCache                       = true                                      {product} {ergonomic}
   size_t SoftMaxHeapSize                          = 2147483648                             {manageable} {ergonomic}
     bool UseCompressedOops                        = true                           {product lp64_product} {ergonomic}
     bool UseLargePagesIndividualAllocation        = false                                  {pd product} {ergonomic}
     bool UseParallelGC                            = true                                      {product} {command line}

Logging:
Log output configuration:
 #0: stdout all=off uptime,level,tags foldmultilines=false
 #1: stderr all=off uptime,level,tags foldmultilines=false

Release file:
JAVA_VERSION="21.0.10" 
MODULES="java.base java.compiler java.datatransfer java.xml java.prefs java.desktop java.instrument java.logging java.management java.security.sasl java.naming java.rmi java.management.rmi java.net.http java.scripting java.security.jgss java.transaction.xa java.sql java.sql.rowset java.xml.crypto java.se java.smartcardio jdk.accessibility jdk.internal.jvmstat jdk.attach jdk.charsets jdk.internal.opt jdk.zipfs jdk.compiler jdk.crypto.ec jdk.crypto.cryptoki jdk.crypto.mscapi jdk.dynalink jdk.internal.ed jdk.editpad jdk.hotspot.agent jdk.httpserver jdk.internal.le jdk.internal.vm.ci jdk.internal.vm.compiler jdk.internal.vm.compiler.management jdk.jartool jdk.javadoc jdk.jcmd jdk.management jdk.management.agent jdk.jconsole jdk.jdeps jdk.jdwp.agent jdk.jdi jdk.jfr jdk.jshell jdk.jsobject jdk.jstatd jdk.localedata jdk.management.jfr jdk.naming.dns jdk.naming.rmi jdk.net jdk.nio.mapmode jdk.random jdk.sctp jdk.security.auth jdk.security.jgss jdk.unsupported jdk.unsupported.desktop jdk.xml.dom" 

Environment Variables:
PATH=C:\Users\dhruv\AppData\Local\Programs\Microsoft VS Code;C:\Program Files\Common Files\Oracle\Java\javapath;C:\Windows\system32;C:\Windows;C:\Windows\System32\Wbem;C:\Windows\System32\WindowsPowerShell\v1.0\;C:\Windows\System32\OpenSSH\;C:\Program Files\nodejs\;C:\Program Files\Git\cmd;C:\Program Files\MongoDB\Server\8.0\bin;C:\Program Files\MySQL\MySQL Server 8.0\bin;C:\Users\dhruv\Downloads\gradle-8.14.3\bin;C:\Program Files\Docker\Docker\resources\bin;C:\Program Files\Apache\MAVEN\bin;C:\Program Files\Apache\MAVEN\apache-maven-3.9.12\bin;C:\Program Files\MySQL\MySQL Shell 8.0\bin\;C:\Users\dhruv\AppData\Local\Microsoft\WindowsApps;C:\Users\dhruv\AppData\Local\Programs\Microsoft VS Code\bin;C:\Users\dhruv\AppData\Roaming\npm;C:\Program Files\JetBrains\IntelliJ IDEA Community Edition 2025.1.4.1\bin;C:\Users\dhruv\AppData\Local\Programs\cursor\resources\app\bin
USERNAME=dhruv
OS=Windows_NT
PROCESSOR_IDENTIFIER=Intel64 Family 6 Model 186 Stepping 2, GenuineIntel
TMP=C:\Users\dhruv\AppData\Local\Temp
TEMP=C:\Users\dhruv\AppData\Local\Temp




Periodic native trim disabled

---------------  S Y S T E M  ---------------

OS:
 Windows 11 , 64 bit Build 26100 (10.0.26100.7920)
OS uptime: 0 days 23:16 hours
Hyper-V role detected

CPU: total 12 (initial active 12) (6 cores per cpu, 2 threads per core) family 6 model 186 stepping 2 microcode 0x6134, cx8, cmov, fxsr, ht, mmx, 3dnowpref, sse, sse2, sse3, ssse3, sse4.1, sse4.2, popcnt, lzcnt, tsc, tscinvbit, avx, avx2, aes, erms, clmul, bmi1, bmi2, adx, sha, fma, vzeroupper, clflush, clflushopt, clwb, hv, serialize, rdtscp, rdpid, fsrm, f16c, cet_ibt, cet_ss
Processor Information for processor 0
  Max Mhz: 2100, Current Mhz: 2100, Mhz Limit: 2100
Processor Information for processor 1
  Max Mhz: 2100, Current Mhz: 2100, Mhz Limit: 2100
Processor Information for processor 2
  Max Mhz: 2100, Current Mhz: 2100, Mhz Limit: 2100
Processor Information for processor 3
  Max Mhz: 2100, Current Mhz: 2100, Mhz Limit: 2100
Processor Information for processor 4
  Max Mhz: 2100, Current Mhz: 2100, Mhz Limit: 2100
Processor Information for processor 5
  Max Mhz: 2100, Current Mhz: 2100, Mhz Limit: 2100
Processor Information for processor 6
  Max Mhz: 2100, Current Mhz: 2100, Mhz Limit: 2100
Processor Information for processor 7
  Max Mhz: 2100, Current Mhz: 2100, Mhz Limit: 2100
Processor Information for processor 8
  Max Mhz: 2100, Current Mhz: 1500, Mhz Limit: 1491
Processor Information for processor 9
  Max Mhz: 2100, Current Mhz: 1500, Mhz Limit: 1491
Processor Information for processor 10
  Max Mhz: 2100, Current Mhz: 1500, Mhz Limit: 1491
Processor Information for processor 11
  Max Mhz: 2100, Current Mhz: 1500, Mhz Limit: 1491

Memory: 4k page, system-wide physical 16076M (1273M free)
TotalPageFile size 46395M (AvailPageFile size 4M)
current process WorkingSet (physical memory assigned to process): 311M, peak: 386M
current process commit charge ("private bytes"): 401M, peak: 463M

vm_info: OpenJDK 64-Bit Server VM (21.0.10+7-LTS) for windows-amd64 JRE (21.0.10+7-LTS), built on 2026-01-20T00:00:00Z by "admin" with MS VC++ 17.12 (VS2022)

END.
