#
# There is insufficient memory for the Java Runtime Environment to continue.
# Native memory allocation (malloc) failed to allocate 1352816 bytes. Error detail: Chunk::new
# Possible reasons:
#   The system is out of physical RAM or swap space
#   This process is running with CompressedOops enabled, and the Java Heap may be blocking the growth of the native heap
# Possible solutions:
#   Reduce memory load on the system
#   Increase physical memory or swap space
#   Check if swap backing store is full
#   Decrease Java heap size (-Xmx/-Xms)
#   Decrease number of Java threads
#   Decrease Java thread stack sizes (-Xss)
#   Set larger code cache with -XX:ReservedCodeCacheSize=
#   JVM is running with Unscaled Compressed Oops mode in which the Java heap is
#     placed in the first 4GB address space. The Java Heap base address is the
#     maximum limit for the native heap growth. Please use -XX:HeapBaseMinAddress
#     to set the Java Heap base and to place the Java Heap above 4GB virtual address.
# This output file may be truncated or incomplete.
#
#  Out of Memory Error (arena.cpp:168), pid=12248, tid=33852
#
# JRE version: OpenJDK Runtime Environment Temurin-21.0.10+7 (21.0.10+7) (build 21.0.10+7-LTS)
# Java VM: OpenJDK 64-Bit Server VM Temurin-21.0.10+7 (21.0.10+7-LTS, mixed mode, sharing, tiered, compressed oops, compressed class ptrs, parallel gc, windows-amd64)
# No core dump will be written. Minidumps are not enabled by default on client versions of Windows
#

---------------  S U M M A R Y ------------

Command Line: --add-modules=ALL-SYSTEM --add-opens=java.base/java.util=ALL-UNNAMED --add-opens=java.base/java.lang=ALL-UNNAMED --add-opens=java.base/sun.nio.fs=ALL-UNNAMED -Declipse.application=org.eclipse.jdt.ls.core.id1 -Dosgi.bundles.defaultStartLevel=4 -Declipse.product=org.eclipse.jdt.ls.core.product -Djava.import.generatesMetadataFilesAtProjectRoot=false -DDetectVMInstallationsJob.disabled=true -Dfile.encoding=utf8 -XX:+UseParallelGC -XX:GCTimeRatio=4 -XX:AdaptiveSizePolicyWeight=90 -Dsun.zip.disableMemoryMapping=true -Xmx2G -Xms100m -Xlog:disable -javaagent:c:\Users\dhruv\.vscode\extensions\redhat.java-1.53.0-win32-x64\lombok\lombok-1.18.39-4050.jar c:\Users\dhruv\.vscode\extensions\redhat.java-1.53.0-win32-x64\server\plugins\org.eclipse.equinox.launcher_1.7.100.v20251111-0406.jar -configuration c:\Users\dhruv\AppData\Roaming\Code\User\globalStorage\redhat.java\1.53.0\config_ss_win -data c:\Users\dhruv\AppData\Roaming\Code\User\workspaceStorage\7d28d01f3346ece97dc27ea15ebc63fd\redhat.java\ss_ws --pipe=\\.\pipe\lsp-bada9abfb83abdd0b0aff77abf41be52-sock

Host: 13th Gen Intel(R) Core(TM) i5-13420H, 12 cores, 15G,  Windows 11 , 64 bit Build 26100 (10.0.26100.7920)
Time: Sun Mar 29 14:17:22 2026 India Standard Time elapsed time: 24.351484 seconds (0d 0h 0m 24s)

---------------  T H R E A D  ---------------

Current thread (0x00000204760fdd20):  JavaThread "C2 CompilerThread0" daemon [_thread_in_native, id=33852, stack(0x000000d8bed00000,0x000000d8bee00000) (1024K)]


Current CompileTask:
C2:24351 5413       4       java.lang.invoke.MethodType::makeImpl (109 bytes)

Stack: [0x000000d8bed00000,0x000000d8bee00000]
Native frames: (J=compiled Java code, j=interpreted, Vv=VM code, C=native code)
V  [jvm.dll+0x6d7a39]
V  [jvm.dll+0x8b4b26]
V  [jvm.dll+0x8b70de]
V  [jvm.dll+0x8b77c3]
V  [jvm.dll+0x284346]
V  [jvm.dll+0xc66ed]
V  [jvm.dll+0xc6c31]
V  [jvm.dll+0x3bec01]
V  [jvm.dll+0x38b162]
V  [jvm.dll+0x38a5aa]
V  [jvm.dll+0x24c560]
V  [jvm.dll+0x24bb40]
V  [jvm.dll+0x1cb34e]
V  [jvm.dll+0x25b85d]
V  [jvm.dll+0x259dea]
V  [jvm.dll+0x3f857e]
V  [jvm.dll+0x85f59d]
V  [jvm.dll+0x6d626d]
C  [ucrtbase.dll+0x37b0]
C  [KERNEL32.DLL+0x2e8d7]
C  [ntdll.dll+0x8c48c]


---------------  P R O C E S S  ---------------

Threads class SMR info:
_java_thread_list=0x000002047648db70, length=42, elements={
0x000002041a327720, 0x00000204760e04a0, 0x00000204760e3890, 0x00000204760e8840,
0x00000204760eb2b0, 0x00000204760ee0d0, 0x00000204760f4300, 0x00000204760fdd20,
0x0000020476108350, 0x0000020476360a50, 0x00000204763610e0, 0x0000020476362490,
0x000002047635f010, 0x0000020476361770, 0x0000020476361e00, 0x000002047635fd30,
0x00000204763603c0, 0x000002047b3f6700, 0x000002047b3f87d0, 0x000002047b3f7420,
0x000002047b3f8e60, 0x000002047b3f94f0, 0x000002047b3f7ab0, 0x000002047b3f6070,
0x000002047b3f8140, 0x000002047b3f9b80, 0x000002047b3fa210, 0x000002047b3f6d90,
0x000002047b3fbc50, 0x000002047b3fc970, 0x000002047b3fa8a0, 0x000002047b3faf30,
0x000002047b3fc2e0, 0x000002047b3fd000, 0x000002047b3fd690, 0x000002047b3fb5c0,
0x000002047b56b720, 0x000002047b56bdb0, 0x000002047b56c440, 0x000002047b83eb30,
0x000002047cfbcb40, 0x000002047b569ce0
}

Java Threads: ( => current thread )
  0x000002041a327720 JavaThread "main"                              [_thread_blocked, id=43504, stack(0x000000d8be300000,0x000000d8be400000) (1024K)]
  0x00000204760e04a0 JavaThread "Reference Handler"          daemon [_thread_blocked, id=36144, stack(0x000000d8be700000,0x000000d8be800000) (1024K)]
  0x00000204760e3890 JavaThread "Finalizer"                  daemon [_thread_blocked, id=8004, stack(0x000000d8be800000,0x000000d8be900000) (1024K)]
  0x00000204760e8840 JavaThread "Signal Dispatcher"          daemon [_thread_blocked, id=27208, stack(0x000000d8be900000,0x000000d8bea00000) (1024K)]
  0x00000204760eb2b0 JavaThread "Attach Listener"            daemon [_thread_blocked, id=44604, stack(0x000000d8bea00000,0x000000d8beb00000) (1024K)]
  0x00000204760ee0d0 JavaThread "Service Thread"             daemon [_thread_blocked, id=42164, stack(0x000000d8beb00000,0x000000d8bec00000) (1024K)]
  0x00000204760f4300 JavaThread "Monitor Deflation Thread"   daemon [_thread_blocked, id=28896, stack(0x000000d8bec00000,0x000000d8bed00000) (1024K)]
=>0x00000204760fdd20 JavaThread "C2 CompilerThread0"         daemon [_thread_in_native, id=33852, stack(0x000000d8bed00000,0x000000d8bee00000) (1024K)]
  0x0000020476108350 JavaThread "C1 CompilerThread0"         daemon [_thread_blocked, id=14788, stack(0x000000d8bee00000,0x000000d8bef00000) (1024K)]
  0x0000020476360a50 JavaThread "Common-Cleaner"             daemon [_thread_blocked, id=20436, stack(0x000000d8bef00000,0x000000d8bf000000) (1024K)]
  0x00000204763610e0 JavaThread "Notification Thread"        daemon [_thread_blocked, id=16752, stack(0x000000d8bf000000,0x000000d8bf100000) (1024K)]
  0x0000020476362490 JavaThread "Active Thread: Equinox Container: ab290625-6d2a-4ef6-90d6-fa622be8c962"        [_thread_blocked, id=11972, stack(0x000000d8bf900000,0x000000d8bfa00000) (1024K)]
  0x000002047635f010 JavaThread "Framework Event Dispatcher: Equinox Container: ab290625-6d2a-4ef6-90d6-fa622be8c962" daemon [_thread_blocked, id=43608, stack(0x000000d8bfa00000,0x000000d8bfb00000) (1024K)]
  0x0000020476361770 JavaThread "Start Level: Equinox Container: ab290625-6d2a-4ef6-90d6-fa622be8c962" daemon [_thread_blocked, id=42180, stack(0x000000d8bfb00000,0x000000d8bfc00000) (1024K)]
  0x0000020476361e00 JavaThread "SCR Component Actor"        daemon [_thread_blocked, id=35056, stack(0x000000d8bf100000,0x000000d8bf200000) (1024K)]
  0x000002047635fd30 JavaThread "Worker-JM"                         [_thread_blocked, id=42256, stack(0x000000d8bfe00000,0x000000d8bff00000) (1024K)]
  0x00000204763603c0 JavaThread "JNA Cleaner"                daemon [_thread_blocked, id=33492, stack(0x000000d8bf200000,0x000000d8bf300000) (1024K)]
  0x000002047b3f6700 JavaThread "Worker-0"                          [_thread_blocked, id=5356, stack(0x000000d8bfd00000,0x000000d8bfe00000) (1024K)]
  0x000002047b3f87d0 JavaThread "Worker-1"                          [_thread_blocked, id=42992, stack(0x000000d8c0100000,0x000000d8c0200000) (1024K)]
  0x000002047b3f7420 JavaThread "Thread-1"                   daemon [_thread_in_native, id=34188, stack(0x000000d8c0500000,0x000000d8c0600000) (1024K)]
  0x000002047b3f8e60 JavaThread "Thread-2"                   daemon [_thread_in_native, id=32432, stack(0x000000d8c0600000,0x000000d8c0700000) (1024K)]
  0x000002047b3f94f0 JavaThread "Thread-3"                   daemon [_thread_in_native, id=43632, stack(0x000000d8c0700000,0x000000d8c0800000) (1024K)]
  0x000002047b3f7ab0 JavaThread "Thread-4"                   daemon [_thread_in_native, id=39868, stack(0x000000d8c0800000,0x000000d8c0900000) (1024K)]
  0x000002047b3f6070 JavaThread "Thread-5"                   daemon [_thread_in_native, id=26432, stack(0x000000d8c0900000,0x000000d8c0a00000) (1024K)]
  0x000002047b3f8140 JavaThread "Thread-6"                   daemon [_thread_in_native, id=7672, stack(0x000000d8c0a00000,0x000000d8c0b00000) (1024K)]
  0x000002047b3f9b80 JavaThread "Thread-7"                   daemon [_thread_in_native, id=44628, stack(0x000000d8c0b00000,0x000000d8c0c00000) (1024K)]
  0x000002047b3fa210 JavaThread "Thread-8"                   daemon [_thread_in_native, id=38216, stack(0x000000d8c0c00000,0x000000d8c0d00000) (1024K)]
  0x000002047b3f6d90 JavaThread "Thread-9"                   daemon [_thread_in_native, id=40052, stack(0x000000d8c0d00000,0x000000d8c0e00000) (1024K)]
  0x000002047b3fbc50 JavaThread "Thread-10"                  daemon [_thread_in_native, id=38384, stack(0x000000d8c0e00000,0x000000d8c0f00000) (1024K)]
  0x000002047b3fc970 JavaThread "Thread-11"                  daemon [_thread_in_native, id=37716, stack(0x000000d8c0f00000,0x000000d8c1000000) (1024K)]
  0x000002047b3fa8a0 JavaThread "Thread-12"                  daemon [_thread_in_native, id=41068, stack(0x000000d8c1000000,0x000000d8c1100000) (1024K)]
  0x000002047b3faf30 JavaThread "Thread-13"                  daemon [_thread_in_native, id=31728, stack(0x000000d8c1100000,0x000000d8c1200000) (1024K)]
  0x000002047b3fc2e0 JavaThread "pool-2-thread-1"                   [_thread_blocked, id=40480, stack(0x000000d8c1200000,0x000000d8c1300000) (1024K)]
  0x000002047b3fd000 JavaThread "Worker-2: Shutdown..."             [_thread_blocked, id=9672, stack(0x000000d8c1300000,0x000000d8c1400000) (1024K)]
  0x000002047b3fd690 JavaThread "WorkspaceEventsHandler"            [_thread_blocked, id=6800, stack(0x000000d8c1400000,0x000000d8c1500000) (1024K)]
  0x000002047b3fb5c0 JavaThread "pool-1-thread-1"                   [_thread_blocked, id=27388, stack(0x000000d8c1500000,0x000000d8c1600000) (1024K)]
  0x000002047b56b720 JavaThread "ForkJoinPool.commonPool-worker-1" daemon [_thread_blocked, id=27276, stack(0x000000d8c0200000,0x000000d8c0300000) (1024K)]
  0x000002047b56bdb0 JavaThread "ForkJoinPool.commonPool-worker-2" daemon [_thread_blocked, id=9100, stack(0x000000d8c1600000,0x000000d8c1700000) (1024K)]
  0x000002047b56c440 JavaThread "ForkJoinPool.commonPool-worker-3" daemon [_thread_blocked, id=42948, stack(0x000000d8c1700000,0x000000d8c1800000) (1024K)]
  0x000002047b83eb30 JavaThread "C2 CompilerThread1"         daemon [_thread_blocked, id=29460, stack(0x000000d8c1800000,0x000000d8c1900000) (1024K)]
  0x000002047cfbcb40 JavaThread "C2 CompilerThread2"         daemon [_thread_blocked, id=7712, stack(0x000000d8c1900000,0x000000d8c1a00000) (1024K)]
  0x000002047b569ce0 JavaThread "ForkJoinPool-2-worker-1"    daemon [_thread_blocked, id=27016, stack(0x000000d8c1a00000,0x000000d8c1b00000) (1024K)]
Total: 42

Other Threads:
  0x00000204741e4820 VMThread "VM Thread"                           [id=35976, stack(0x000000d8be600000,0x000000d8be700000) (1024K)]
  0x00000204740dca00 WatcherThread "VM Periodic Task Thread"        [id=23968, stack(0x000000d8be500000,0x000000d8be600000) (1024K)]
  0x000002041c6eb2f0 WorkerThread "GC Thread#0"                     [id=30152, stack(0x000000d8be400000,0x000000d8be500000) (1024K)]
  0x0000020476410920 WorkerThread "GC Thread#1"                     [id=28268, stack(0x000000d8bf300000,0x000000d8bf400000) (1024K)]
  0x000002047640f6b0 WorkerThread "GC Thread#2"                     [id=44912, stack(0x000000d8bf400000,0x000000d8bf500000) (1024K)]
  0x0000020476411080 WorkerThread "GC Thread#3"                     [id=13832, stack(0x000000d8bf500000,0x000000d8bf600000) (1024K)]
  0x000002047640fa60 WorkerThread "GC Thread#4"                     [id=34316, stack(0x000000d8bf600000,0x000000d8bf700000) (1024K)]
  0x000002047640fe10 WorkerThread "GC Thread#5"                     [id=42148, stack(0x000000d8bf700000,0x000000d8bf800000) (1024K)]
  0x00000204764101c0 WorkerThread "GC Thread#6"                     [id=45804, stack(0x000000d8bf800000,0x000000d8bf900000) (1024K)]
  0x000002047b1a07c0 WorkerThread "GC Thread#7"                     [id=22964, stack(0x000000d8bfc00000,0x000000d8bfd00000) (1024K)]
  0x000002047b19f900 WorkerThread "GC Thread#8"                     [id=38184, stack(0x000000d8bff00000,0x000000d8c0000000) (1024K)]
  0x000002047b1a0410 WorkerThread "GC Thread#9"                     [id=43004, stack(0x000000d8c0000000,0x000000d8c0100000) (1024K)]
Total: 12

Threads with active compile tasks:
C2 CompilerThread0  24398 5413       4       java.lang.invoke.MethodType::makeImpl (109 bytes)
C2 CompilerThread1  24398 5517       4       org.lombokweb.asm.ByteVector::putByte (39 bytes)
C2 CompilerThread2  24398 5534       4       org.lombokweb.asm.MethodWriter::putMethodInfo (1274 bytes)
Total: 3

VM state: at safepoint (normal execution)

VM Mutex/Monitor currently owned by a thread:  ([mutex/lock_event])
[0x00007ffc0630e560] Threads_lock - owner thread: 0x00000204741e4820
[0x00007ffc0630e660] Heap_lock - owner thread: 0x000002047b56b720

Heap address: 0x0000000080000000, size: 2048 MB, Compressed Oops mode: 32-bit

CDS archive(s) mapped at: [0x0000020433000000-0x0000020433ba0000-0x0000020433ba0000), size 12189696, SharedBaseAddress: 0x0000020433000000, ArchiveRelocationMode: 1.
Compressed class space mapped at: 0x0000020434000000-0x0000020474000000, reserved size: 1073741824
Narrow klass base: 0x0000020433000000, Narrow klass shift: 0, Narrow klass range: 0x100000000

GC Precious Log:
 CardTable entry size: 512
 CPUs: 12 total, 12 available
 Memory: 16076M
 Large Page Support: Disabled
 NUMA Support: Disabled
 Compressed Oops: Enabled (32-bit)
 Alignments: Space 512K, Generation 512K, Heap 2M
 Heap Min Capacity: 100M
 Heap Initial Capacity: 100M
 Heap Max Capacity: 2G
 Pre-touch: Disabled
 Parallel Workers: 10

Heap:
 PSYoungGen      total 23552K, used 2552K [0x00000000d5580000, 0x00000000d6f00000, 0x0000000100000000)
  eden space 20992K, 0% used [0x00000000d5580000,0x00000000d5580000,0x00000000d6a00000)
  from space 2560K, 99% used [0x00000000d6a00000,0x00000000d6c7e218,0x00000000d6c80000)
  to   space 512K, 0% used [0x00000000d6c80000,0x00000000d6c80000,0x00000000d6d00000)
 ParOldGen       total 68608K, used 30463K [0x0000000080000000, 0x0000000084300000, 0x00000000d5580000)
  object space 68608K, 44% used [0x0000000080000000,0x0000000081dbff30,0x0000000084300000)
 Metaspace       used 40397K, committed 41472K, reserved 1114112K
  class space    used 4087K, committed 4544K, reserved 1048576K

Card table byte_map: [0x000002041c070000,0x000002041c480000] _byte_map_base: 0x000002041bc70000

Marking Bits: (ParMarkBitMap*) 0x00007ffc06313450
 Begin Bits: [0x000002042eb80000, 0x0000020430b80000)
 End Bits:   [0x0000020430b80000, 0x0000020432b80000)

Polling page: 0x000002041a580000

Metaspace:

Usage:
  Non-class:     35.46 MB used.
      Class:      3.99 MB used.
       Both:     39.45 MB used.

Virtual space:
  Non-class space:       64.00 MB reserved,      36.06 MB ( 56%) committed,  1 nodes.
      Class space:        1.00 GB reserved,       4.44 MB ( <1%) committed,  1 nodes.
             Both:        1.06 GB reserved,      40.50 MB (  4%) committed. 

Chunk freelists:
   Non-Class:  11.42 MB
       Class:  11.54 MB
        Both:  22.97 MB

MaxMetaspaceSize: unlimited
CompressedClassSpaceSize: 1.00 GB
Initial GC threshold: 21.00 MB
Current GC threshold: 58.38 MB
CDS: on
 - commit_granule_bytes: 65536.
 - commit_granule_words: 8192.
 - virtual_space_node_default_size: 8388608.
 - enlarge_chunks_in_place: 1.
 - use_allocation_guard: 0.


Internal statistics:

num_allocs_failed_limit: 6.
num_arena_births: 846.
num_arena_deaths: 82.
num_vsnodes_births: 2.
num_vsnodes_deaths: 0.
num_space_committed: 648.
num_space_uncommitted: 0.
num_chunks_returned_to_freelist: 116.
num_chunks_taken_from_freelist: 2628.
num_chunk_merges: 37.
num_chunk_splits: 1618.
num_chunks_enlarged: 974.
num_inconsistent_stats: 0.

CodeHeap 'non-profiled nmethods': size=120000Kb used=2688Kb max_used=2688Kb free=117311Kb
 bounds [0x00000204273a0000, 0x0000020427650000, 0x000002042e8d0000]
CodeHeap 'profiled nmethods': size=120000Kb used=10484Kb max_used=10484Kb free=109515Kb
 bounds [0x000002041f8d0000, 0x0000020420310000, 0x0000020426e00000]
CodeHeap 'non-nmethods': size=5760Kb used=1406Kb max_used=1430Kb free=4353Kb
 bounds [0x0000020426e00000, 0x0000020427070000, 0x00000204273a0000]
CodeCache: size=245760Kb, used=14578Kb, max_used=14602Kb, free=231179Kb
 total_blobs=5844, nmethods=5127, adapters=623, full_count=0
Compilation: enabled, stopped_count=0, restarted_count=0

Compilation events (20 events):
Event: 23.335 Thread 0x0000020476108350 nmethod 5529 0x0000020420307590 code [0x0000020420307740, 0x00000204203078d0]
Event: 23.335 Thread 0x0000020476108350 5530       3       org.lombokweb.asm.ClassVisitor::visitInnerClass (20 bytes)
Event: 23.336 Thread 0x0000020476108350 nmethod 5530 0x0000020420307990 code [0x0000020420307b40, 0x0000020420307d48]
Event: 23.336 Thread 0x0000020476108350 5531       3       org.lombokweb.asm.ClassWriter::visitInnerClass (130 bytes)
Event: 23.337 Thread 0x000002047b83eb30 nmethod 5450% 0x000002042763eb10 code [0x000002042763ed00, 0x000002042763f9d0]
Event: 23.337 Thread 0x0000020476108350 nmethod 5531 0x0000020420307e10 code [0x0000020420308060, 0x00000204203087c8]
Event: 23.337 Thread 0x000002047b83eb30 5526       4       java.util.regex.Matcher::reset (128 bytes)
Event: 23.342 Thread 0x0000020476108350 5535       3       lombok.patcher.scripts.WrapMethodCallScript$WrapMethodCall::visitMethodInsn (310 bytes)
Event: 23.345 Thread 0x0000020476108350 nmethod 5535 0x0000020420308c10 code [0x0000020420309060, 0x000002042030aa38]
Event: 23.346 Thread 0x0000020476108350 5536       3       java.util.regex.Pattern$Loop::match (196 bytes)
Event: 23.346 Thread 0x000002047cfbcb40 5534       4       org.lombokweb.asm.MethodWriter::putMethodInfo (1274 bytes)
Event: 23.347 Thread 0x0000020476108350 nmethod 5536 0x000002042030b510 code [0x000002042030b780, 0x000002042030c070]
Event: 23.347 Thread 0x0000020476108350 5537       3       java.util.regex.IntHashSet::contains (44 bytes)
Event: 23.348 Thread 0x0000020476108350 nmethod 5537 0x000002042030c490 code [0x000002042030c640, 0x000002042030c8e8]
Event: 23.348 Thread 0x0000020476108350 5538       3       jdk.internal.org.objectweb.asm.MethodVisitor::visitMethodInsn (80 bytes)
Event: 23.348 Thread 0x0000020476108350 nmethod 5538 0x000002042030ca90 code [0x000002042030cc80, 0x000002042030d128]
Event: 23.348 Thread 0x0000020476108350 5539       3       jdk.internal.org.objectweb.asm.MethodVisitor::visitMaxs (17 bytes)
Event: 23.349 Thread 0x0000020476108350 nmethod 5539 0x000002042030d290 code [0x000002042030d440, 0x000002042030d648]
Event: 23.349 Thread 0x0000020476108350 5540       3       jdk.internal.org.objectweb.asm.MethodVisitor::visitEnd (15 bytes)
Event: 23.349 Thread 0x0000020476108350 nmethod 5540 0x000002042030d710 code [0x000002042030d8c0, 0x000002042030dac8]

GC Heap History (20 events):
Event: 17.852 GC heap before
{Heap before GC invocations=13 (full 1):
 PSYoungGen      total 24064K, used 24032K [0x00000000d5580000, 0x00000000d7180000, 0x0000000100000000)
  eden space 22016K, 100% used [0x00000000d5580000,0x00000000d6b00000,0x00000000d6b00000)
  from space 2048K, 98% used [0x00000000d6c00000,0x00000000d6df8010,0x00000000d6e00000)
  to   space 2560K, 0% used [0x00000000d6f00000,0x00000000d6f00000,0x00000000d7180000)
 ParOldGen       total 68608K, used 16257K [0x0000000080000000, 0x0000000084300000, 0x00000000d5580000)
  object space 68608K, 23% used [0x0000000080000000,0x0000000080fe0788,0x0000000084300000)
 Metaspace       used 32316K, committed 33216K, reserved 1114112K
  class space    used 3289K, committed 3712K, reserved 1048576K
}
Event: 17.860 GC heap after
{Heap after GC invocations=13 (full 1):
 PSYoungGen      total 23552K, used 2530K [0x00000000d5580000, 0x00000000d7500000, 0x0000000100000000)
  eden space 20992K, 0% used [0x00000000d5580000,0x00000000d5580000,0x00000000d6a00000)
  from space 2560K, 98% used [0x00000000d6f00000,0x00000000d7178860,0x00000000d7180000)
  to   space 5120K, 0% used [0x00000000d6a00000,0x00000000d6a00000,0x00000000d6f00000)
 ParOldGen       total 68608K, used 18222K [0x0000000080000000, 0x0000000084300000, 0x00000000d5580000)
  object space 68608K, 26% used [0x0000000080000000,0x00000000811cb8b8,0x0000000084300000)
 Metaspace       used 32316K, committed 33216K, reserved 1114112K
  class space    used 3289K, committed 3712K, reserved 1048576K
}
Event: 18.000 GC heap before
{Heap before GC invocations=14 (full 1):
 PSYoungGen      total 23552K, used 23522K [0x00000000d5580000, 0x00000000d7500000, 0x0000000100000000)
  eden space 20992K, 100% used [0x00000000d5580000,0x00000000d6a00000,0x00000000d6a00000)
  from space 2560K, 98% used [0x00000000d6f00000,0x00000000d7178860,0x00000000d7180000)
  to   space 5120K, 0% used [0x00000000d6a00000,0x00000000d6a00000,0x00000000d6f00000)
 ParOldGen       total 68608K, used 18222K [0x0000000080000000, 0x0000000084300000, 0x00000000d5580000)
  object space 68608K, 26% used [0x0000000080000000,0x00000000811cb8b8,0x0000000084300000)
 Metaspace       used 32338K, committed 33280K, reserved 1114112K
  class space    used 3290K, committed 3712K, reserved 1048576K
}
Event: 18.008 GC heap after
{Heap after GC invocations=14 (full 1):
 PSYoungGen      total 23552K, used 2144K [0x00000000d5580000, 0x00000000d7000000, 0x0000000100000000)
  eden space 20992K, 0% used [0x00000000d5580000,0x00000000d5580000,0x00000000d6a00000)
  from space 2560K, 83% used [0x00000000d6a00000,0x00000000d6c18000,0x00000000d6c80000)
  to   space 3072K, 0% used [0x00000000d6d00000,0x00000000d6d00000,0x00000000d7000000)
 ParOldGen       total 68608K, used 20688K [0x0000000080000000, 0x0000000084300000, 0x00000000d5580000)
  object space 68608K, 30% used [0x0000000080000000,0x0000000081434378,0x0000000084300000)
 Metaspace       used 32338K, committed 33280K, reserved 1114112K
  class space    used 3290K, committed 3712K, reserved 1048576K
}
Event: 18.133 GC heap before
{Heap before GC invocations=15 (full 1):
 PSYoungGen      total 23552K, used 23136K [0x00000000d5580000, 0x00000000d7000000, 0x0000000100000000)
  eden space 20992K, 100% used [0x00000000d5580000,0x00000000d6a00000,0x00000000d6a00000)
  from space 2560K, 83% used [0x00000000d6a00000,0x00000000d6c18000,0x00000000d6c80000)
  to   space 3072K, 0% used [0x00000000d6d00000,0x00000000d6d00000,0x00000000d7000000)
 ParOldGen       total 68608K, used 20688K [0x0000000080000000, 0x0000000084300000, 0x00000000d5580000)
  object space 68608K, 30% used [0x0000000080000000,0x0000000081434378,0x0000000084300000)
 Metaspace       used 32352K, committed 33344K, reserved 1114112K
  class space    used 3290K, committed 3712K, reserved 1048576K
}
Event: 18.141 GC heap after
{Heap after GC invocations=15 (full 1):
 PSYoungGen      total 23552K, used 2116K [0x00000000d5580000, 0x00000000d6f80000, 0x0000000100000000)
  eden space 20992K, 0% used [0x00000000d5580000,0x00000000d5580000,0x00000000d6a00000)
  from space 2560K, 82% used [0x00000000d6d00000,0x00000000d6f11000,0x00000000d6f80000)
  to   space 2560K, 0% used [0x00000000d6a00000,0x00000000d6a00000,0x00000000d6c80000)
 ParOldGen       total 68608K, used 22696K [0x0000000080000000, 0x0000000084300000, 0x00000000d5580000)
  object space 68608K, 33% used [0x0000000080000000,0x000000008162a378,0x0000000084300000)
 Metaspace       used 32352K, committed 33344K, reserved 1114112K
  class space    used 3290K, committed 3712K, reserved 1048576K
}
Event: 18.253 GC heap before
{Heap before GC invocations=16 (full 1):
 PSYoungGen      total 23552K, used 23108K [0x00000000d5580000, 0x00000000d6f80000, 0x0000000100000000)
  eden space 20992K, 100% used [0x00000000d5580000,0x00000000d6a00000,0x00000000d6a00000)
  from space 2560K, 82% used [0x00000000d6d00000,0x00000000d6f11000,0x00000000d6f80000)
  to   space 2560K, 0% used [0x00000000d6a00000,0x00000000d6a00000,0x00000000d6c80000)
 ParOldGen       total 68608K, used 22696K [0x0000000080000000, 0x0000000084300000, 0x00000000d5580000)
  object space 68608K, 33% used [0x0000000080000000,0x000000008162a378,0x0000000084300000)
 Metaspace       used 32401K, committed 33344K, reserved 1114112K
  class space    used 3293K, committed 3712K, reserved 1048576K
}
Event: 18.258 GC heap after
{Heap after GC invocations=16 (full 1):
 PSYoungGen      total 23552K, used 2144K [0x00000000d5580000, 0x00000000d6f00000, 0x0000000100000000)
  eden space 20992K, 0% used [0x00000000d5580000,0x00000000d5580000,0x00000000d6a00000)
  from space 2560K, 83% used [0x00000000d6a00000,0x00000000d6c18010,0x00000000d6c80000)
  to   space 2560K, 0% used [0x00000000d6c80000,0x00000000d6c80000,0x00000000d6f00000)
 ParOldGen       total 68608K, used 24625K [0x0000000080000000, 0x0000000084300000, 0x00000000d5580000)
  object space 68608K, 35% used [0x0000000080000000,0x000000008180c478,0x0000000084300000)
 Metaspace       used 32401K, committed 33344K, reserved 1114112K
  class space    used 3293K, committed 3712K, reserved 1048576K
}
Event: 18.433 GC heap before
{Heap before GC invocations=17 (full 1):
 PSYoungGen      total 23552K, used 23136K [0x00000000d5580000, 0x00000000d6f00000, 0x0000000100000000)
  eden space 20992K, 100% used [0x00000000d5580000,0x00000000d6a00000,0x00000000d6a00000)
  from space 2560K, 83% used [0x00000000d6a00000,0x00000000d6c18010,0x00000000d6c80000)
  to   space 2560K, 0% used [0x00000000d6c80000,0x00000000d6c80000,0x00000000d6f00000)
 ParOldGen       total 68608K, used 24625K [0x0000000080000000, 0x0000000084300000, 0x00000000d5580000)
  object space 68608K, 35% used [0x0000000080000000,0x000000008180c478,0x0000000084300000)
 Metaspace       used 32476K, committed 33408K, reserved 1114112K
  class space    used 3293K, committed 3712K, reserved 1048576K
}
Event: 18.440 GC heap after
{Heap after GC invocations=17 (full 1):
 PSYoungGen      total 23040K, used 1952K [0x00000000d5580000, 0x00000000d6e80000, 0x0000000100000000)
  eden space 20992K, 0% used [0x00000000d5580000,0x00000000d5580000,0x00000000d6a00000)
  from space 2048K, 95% used [0x00000000d6c80000,0x00000000d6e68000,0x00000000d6e80000)
  to   space 2048K, 0% used [0x00000000d6a80000,0x00000000d6a80000,0x00000000d6c80000)
 ParOldGen       total 68608K, used 26641K [0x0000000080000000, 0x0000000084300000, 0x00000000d5580000)
  object space 68608K, 38% used [0x0000000080000000,0x0000000081a04488,0x0000000084300000)
 Metaspace       used 32476K, committed 33408K, reserved 1114112K
  class space    used 3293K, committed 3712K, reserved 1048576K
}
Event: 18.900 GC heap before
{Heap before GC invocations=18 (full 1):
 PSYoungGen      total 23040K, used 22909K [0x00000000d5580000, 0x00000000d6e80000, 0x0000000100000000)
  eden space 20992K, 99% used [0x00000000d5580000,0x00000000d69f7628,0x00000000d6a00000)
  from space 2048K, 95% used [0x00000000d6c80000,0x00000000d6e68000,0x00000000d6e80000)
  to   space 2048K, 0% used [0x00000000d6a80000,0x00000000d6a80000,0x00000000d6c80000)
 ParOldGen       total 68608K, used 26641K [0x0000000080000000, 0x0000000084300000, 0x00000000d5580000)
  object space 68608K, 38% used [0x0000000080000000,0x0000000081a04488,0x0000000084300000)
 Metaspace       used 33628K, committed 34496K, reserved 1114112K
  class space    used 3446K, committed 3840K, reserved 1048576K
}
Event: 18.907 GC heap after
{Heap after GC invocations=18 (full 1):
 PSYoungGen      total 23040K, used 1547K [0x00000000d5580000, 0x00000000d6e00000, 0x0000000100000000)
  eden space 20992K, 0% used [0x00000000d5580000,0x00000000d5580000,0x00000000d6a00000)
  from space 2048K, 75% used [0x00000000d6a80000,0x00000000d6c02f00,0x00000000d6c80000)
  to   space 1536K, 0% used [0x00000000d6c80000,0x00000000d6c80000,0x00000000d6e00000)
 ParOldGen       total 68608K, used 28489K [0x0000000080000000, 0x0000000084300000, 0x00000000d5580000)
  object space 68608K, 41% used [0x0000000080000000,0x0000000081bd2688,0x0000000084300000)
 Metaspace       used 33628K, committed 34496K, reserved 1114112K
  class space    used 3446K, committed 3840K, reserved 1048576K
}
Event: 19.566 GC heap before
{Heap before GC invocations=19 (full 1):
 PSYoungGen      total 23040K, used 16164K [0x00000000d5580000, 0x00000000d6e00000, 0x0000000100000000)
  eden space 20992K, 69% used [0x00000000d5580000,0x00000000d63c6250,0x00000000d6a00000)
  from space 2048K, 75% used [0x00000000d6a80000,0x00000000d6c02f00,0x00000000d6c80000)
  to   space 1536K, 0% used [0x00000000d6c80000,0x00000000d6c80000,0x00000000d6e00000)
 ParOldGen       total 68608K, used 28489K [0x0000000080000000, 0x0000000084300000, 0x00000000d5580000)
  object space 68608K, 41% used [0x0000000080000000,0x0000000081bd2688,0x0000000084300000)
 Metaspace       used 34902K, committed 35840K, reserved 1114112K
  class space    used 3579K, committed 4032K, reserved 1048576K
}
Event: 19.570 GC heap after
{Heap after GC invocations=19 (full 1):
 PSYoungGen      total 22016K, used 655K [0x00000000d5580000, 0x00000000d6d80000, 0x0000000100000000)
  eden space 20992K, 0% used [0x00000000d5580000,0x00000000d5580000,0x00000000d6a00000)
  from space 1024K, 64% used [0x00000000d6c80000,0x00000000d6d23e00,0x00000000d6d80000)
  to   space 1024K, 0% used [0x00000000d6b80000,0x00000000d6b80000,0x00000000d6c80000)
 ParOldGen       total 68608K, used 29785K [0x0000000080000000, 0x0000000084300000, 0x00000000d5580000)
  object space 68608K, 43% used [0x0000000080000000,0x0000000081d16580,0x0000000084300000)
 Metaspace       used 34902K, committed 35840K, reserved 1114112K
  class space    used 3579K, committed 4032K, reserved 1048576K
}
Event: 19.570 GC heap before
{Heap before GC invocations=20 (full 2):
 PSYoungGen      total 22016K, used 655K [0x00000000d5580000, 0x00000000d6d80000, 0x0000000100000000)
  eden space 20992K, 0% used [0x00000000d5580000,0x00000000d5580000,0x00000000d6a00000)
  from space 1024K, 64% used [0x00000000d6c80000,0x00000000d6d23e00,0x00000000d6d80000)
  to   space 1024K, 0% used [0x00000000d6b80000,0x00000000d6b80000,0x00000000d6c80000)
 ParOldGen       total 68608K, used 29785K [0x0000000080000000, 0x0000000084300000, 0x00000000d5580000)
  object space 68608K, 43% used [0x0000000080000000,0x0000000081d16580,0x0000000084300000)
 Metaspace       used 34902K, committed 35840K, reserved 1114112K
  class space    used 3579K, committed 4032K, reserved 1048576K
}
Event: 19.675 GC heap after
{Heap after GC invocations=20 (full 2):
 PSYoungGen      total 22016K, used 0K [0x00000000d5580000, 0x00000000d6d80000, 0x0000000100000000)
  eden space 20992K, 0% used [0x00000000d5580000,0x00000000d5580000,0x00000000d6a00000)
  from space 1024K, 0% used [0x00000000d6c80000,0x00000000d6c80000,0x00000000d6d80000)
  to   space 1024K, 0% used [0x00000000d6b80000,0x00000000d6b80000,0x00000000d6c80000)
 ParOldGen       total 68608K, used 28553K [0x0000000080000000, 0x0000000084300000, 0x00000000d5580000)
  object space 68608K, 41% used [0x0000000080000000,0x0000000081be26c0,0x0000000084300000)
 Metaspace       used 34842K, committed 35840K, reserved 1114112K
  class space    used 3562K, committed 4032K, reserved 1048576K
}
Event: 20.485 GC heap before
{Heap before GC invocations=21 (full 2):
 PSYoungGen      total 22016K, used 20992K [0x00000000d5580000, 0x00000000d6d80000, 0x0000000100000000)
  eden space 20992K, 100% used [0x00000000d5580000,0x00000000d6a00000,0x00000000d6a00000)
  from space 1024K, 0% used [0x00000000d6c80000,0x00000000d6c80000,0x00000000d6d80000)
  to   space 1024K, 0% used [0x00000000d6b80000,0x00000000d6b80000,0x00000000d6c80000)
 ParOldGen       total 68608K, used 28553K [0x0000000080000000, 0x0000000084300000, 0x00000000d5580000)
  object space 68608K, 41% used [0x0000000080000000,0x0000000081be26c0,0x0000000084300000)
 Metaspace       used 36279K, committed 37184K, reserved 1114112K
  class space    used 3695K, committed 4096K, reserved 1048576K
}
Event: 20.486 GC heap after
{Heap after GC invocations=21 (full 2):
 PSYoungGen      total 22016K, used 576K [0x00000000d5580000, 0x00000000d6d00000, 0x0000000100000000)
  eden space 20992K, 0% used [0x00000000d5580000,0x00000000d5580000,0x00000000d6a00000)
  from space 1024K, 56% used [0x00000000d6b80000,0x00000000d6c10000,0x00000000d6c80000)
  to   space 512K, 0% used [0x00000000d6c80000,0x00000000d6c80000,0x00000000d6d00000)
 ParOldGen       total 68608K, used 28561K [0x0000000080000000, 0x0000000084300000, 0x00000000d5580000)
  object space 68608K, 41% used [0x0000000080000000,0x0000000081be46c0,0x0000000084300000)
 Metaspace       used 36279K, committed 37184K, reserved 1114112K
  class space    used 3695K, committed 4096K, reserved 1048576K
}
Event: 22.281 GC heap before
{Heap before GC invocations=22 (full 2):
 PSYoungGen      total 22016K, used 21568K [0x00000000d5580000, 0x00000000d6d00000, 0x0000000100000000)
  eden space 20992K, 100% used [0x00000000d5580000,0x00000000d6a00000,0x00000000d6a00000)
  from space 1024K, 56% used [0x00000000d6b80000,0x00000000d6c10000,0x00000000d6c80000)
  to   space 512K, 0% used [0x00000000d6c80000,0x00000000d6c80000,0x00000000d6d00000)
 ParOldGen       total 68608K, used 28561K [0x0000000080000000, 0x0000000084300000, 0x00000000d5580000)
  object space 68608K, 41% used [0x0000000080000000,0x0000000081be46c0,0x0000000084300000)
 Metaspace       used 38966K, committed 40000K, reserved 1114112K
  class space    used 3969K, committed 4416K, reserved 1048576K
}
Event: 22.284 GC heap after
{Heap after GC invocations=22 (full 2):
 PSYoungGen      total 21504K, used 512K [0x00000000d5580000, 0x00000000d6f00000, 0x0000000100000000)
  eden space 20992K, 0% used [0x00000000d5580000,0x00000000d5580000,0x00000000d6a00000)
  from space 512K, 100% used [0x00000000d6c80000,0x00000000d6d00000,0x00000000d6d00000)
  to   space 2560K, 0% used [0x00000000d6a00000,0x00000000d6a00000,0x00000000d6c80000)
 ParOldGen       total 68608K, used 29914K [0x0000000080000000, 0x0000000084300000, 0x00000000d5580000)
  object space 68608K, 43% used [0x0000000080000000,0x0000000081d36ba8,0x0000000084300000)
 Metaspace       used 38966K, committed 40000K, reserved 1114112K
  class space    used 3969K, committed 4416K, reserved 1048576K
}

Dll operation events (10 events):
Event: 0.069 Loaded shared library c:\Users\dhruv\.vscode\extensions\redhat.java-1.53.0-win32-x64\jre\21.0.10-win32-x86_64\bin\java.dll
Event: 0.244 Loaded shared library c:\Users\dhruv\.vscode\extensions\redhat.java-1.53.0-win32-x64\jre\21.0.10-win32-x86_64\bin\zip.dll
Event: 0.282 Loaded shared library C:\Users\dhruv\.vscode\extensions\redhat.java-1.53.0-win32-x64\jre\21.0.10-win32-x86_64\bin\instrument.dll
Event: 0.290 Loaded shared library C:\Users\dhruv\.vscode\extensions\redhat.java-1.53.0-win32-x64\jre\21.0.10-win32-x86_64\bin\net.dll
Event: 0.295 Loaded shared library C:\Users\dhruv\.vscode\extensions\redhat.java-1.53.0-win32-x64\jre\21.0.10-win32-x86_64\bin\nio.dll
Event: 0.299 Loaded shared library C:\Users\dhruv\.vscode\extensions\redhat.java-1.53.0-win32-x64\jre\21.0.10-win32-x86_64\bin\zip.dll
Event: 0.335 Loaded shared library C:\Users\dhruv\.vscode\extensions\redhat.java-1.53.0-win32-x64\jre\21.0.10-win32-x86_64\bin\jimage.dll
Event: 0.483 Loaded shared library c:\Users\dhruv\.vscode\extensions\redhat.java-1.53.0-win32-x64\jre\21.0.10-win32-x86_64\bin\verify.dll
Event: 2.011 Loaded shared library C:\Users\dhruv\AppData\Roaming\Code\User\globalStorage\redhat.java\1.53.0\config_ss_win\org.eclipse.equinox.launcher\org.eclipse.equinox.launcher.win32.win32.x86_64_1.3.0.v20260203-2149\eclipse_11919.dll
Event: 3.111 Loaded shared library C:\Users\dhruv\AppData\Local\Temp\jna-95563663\jna15234972405818997609.dll

Deoptimization events (20 events):
Event: 23.324 Thread 0x000002047b3fd000 Uncommon trap: trap_request=0xffffffde fr.pc=0x000002042759e5ec relative=0x00000000000005ac
Event: 23.324 Thread 0x000002047b3fd000 Uncommon trap: reason=class_check action=maybe_recompile pc=0x000002042759e5ec method=java.util.Spliterators$1Adapter.hasNext()Z @ 12 c2
Event: 23.324 Thread 0x000002047b3fd000 DEOPT PACKING pc=0x000002042759e5ec sp=0x000000d8c13fe970
Event: 23.324 Thread 0x000002047b3fd000 DEOPT UNPACKING pc=0x0000020426e53aa2 sp=0x000000d8c13fe928 mode 2
Event: 23.324 Thread 0x000002047b3fd000 Uncommon trap: trap_request=0xffffffde fr.pc=0x000002042759e5ec relative=0x00000000000005ac
Event: 23.324 Thread 0x000002047b3fd000 Uncommon trap: reason=class_check action=maybe_recompile pc=0x000002042759e5ec method=java.util.Spliterators$1Adapter.hasNext()Z @ 12 c2
Event: 23.324 Thread 0x000002047b3fd000 DEOPT PACKING pc=0x000002042759e5ec sp=0x000000d8c13fe980
Event: 23.324 Thread 0x000002047b3fd000 DEOPT UNPACKING pc=0x0000020426e53aa2 sp=0x000000d8c13fe938 mode 2
Event: 23.324 Thread 0x000002047b3fd000 Uncommon trap: trap_request=0xffffffde fr.pc=0x000002042759e5ec relative=0x00000000000005ac
Event: 23.324 Thread 0x000002047b3fd000 Uncommon trap: reason=class_check action=maybe_recompile pc=0x000002042759e5ec method=java.util.Spliterators$1Adapter.hasNext()Z @ 12 c2
Event: 23.324 Thread 0x000002047b3fd000 DEOPT PACKING pc=0x000002042759e5ec sp=0x000000d8c13fe980
Event: 23.324 Thread 0x000002047b3fd000 DEOPT UNPACKING pc=0x0000020426e53aa2 sp=0x000000d8c13fe938 mode 2
Event: 23.332 Thread 0x000002047b3fd000 Uncommon trap: trap_request=0xffffff45 fr.pc=0x000002042763b8bc relative=0x000000000000229c
Event: 23.332 Thread 0x000002047b3fd000 Uncommon trap: reason=unstable_if action=reinterpret pc=0x000002042763b8bc method=org.eclipse.jdt.internal.core.JavaModelCache.getInfo(Lorg/eclipse/jdt/core/IJavaElement;)Lorg/eclipse/jdt/internal/compiler/env/IElementInfo; @ 6 c2
Event: 23.332 Thread 0x000002047b3fd000 DEOPT PACKING pc=0x000002042763b8bc sp=0x000000d8c13febd0
Event: 23.332 Thread 0x000002047b3fd000 DEOPT UNPACKING pc=0x0000020426e53aa2 sp=0x000000d8c13feb40 mode 2
Event: 23.333 Thread 0x000002047b3fd000 Uncommon trap: trap_request=0xfffffff4 fr.pc=0x0000020427636868 relative=0x0000000000000228
Event: 23.333 Thread 0x000002047b3fd000 Uncommon trap: reason=null_check action=make_not_entrant pc=0x0000020427636868 method=org.eclipse.core.runtime.Path.equals(Ljava/lang/Object;)Z @ 8 c2
Event: 23.333 Thread 0x000002047b3fd000 DEOPT PACKING pc=0x0000020427636868 sp=0x000000d8c13fee30
Event: 23.333 Thread 0x000002047b3fd000 DEOPT UNPACKING pc=0x0000020426e53aa2 sp=0x000000d8c13fedd0 mode 2

Classes loaded (20 events):
Event: 22.825 Loading class sun/util/logging/resources/logging done
Event: 22.825 Loading class sun/util/logging/resources/logging_en
Event: 22.825 Loading class sun/util/logging/resources/logging_en done
Event: 22.826 Loading class sun/util/logging/resources/logging_en
Event: 22.826 Loading class sun/util/logging/resources/logging_en done
Event: 22.826 Loading class sun/util/logging/resources/logging_en_US
Event: 22.826 Loading class sun/util/logging/resources/logging_en_US done
Event: 22.826 Loading class sun/util/logging/resources/logging_en_US
Event: 22.826 Loading class sun/util/logging/resources/logging_en_US done
Event: 22.826 Loading class java/util/Formatter$DateTime
Event: 22.827 Loading class java/util/Formatter$DateTime done
Event: 22.827 Loading class java/time/ZonedDateTime$1
Event: 22.828 Loading class java/time/ZonedDateTime$1 done
Event: 23.083 Loading class java/lang/UnsupportedClassVersionError
Event: 23.083 Loading class java/lang/UnsupportedClassVersionError done
Event: 23.085 Loading class java/io/FileReader
Event: 23.085 Loading class java/io/FileReader done
Event: 23.336 Loading class java/util/concurrent/ConcurrentHashMap$EntrySpliterator
Event: 23.337 Loading class java/util/concurrent/ConcurrentHashMap$EntrySpliterator done
Event: 23.348 Loading class java/util/concurrent/ForkJoinTask$AdaptedCallable

Classes unloaded (20 events):
Event: 19.590 Thread 0x00000204741e4820 Unloading class 0x0000020434392800 'java/lang/invoke/LambdaForm$DMH+0x0000020434392800'
Event: 19.590 Thread 0x00000204741e4820 Unloading class 0x0000020434391800 'java/lang/invoke/LambdaForm$MH+0x0000020434391800'
Event: 19.590 Thread 0x00000204741e4820 Unloading class 0x0000020434391c00 'java/lang/invoke/LambdaForm$MH+0x0000020434391c00'
Event: 19.590 Thread 0x00000204741e4820 Unloading class 0x000002043438e400 'java/lang/invoke/LambdaForm$MH+0x000002043438e400'
Event: 19.590 Thread 0x00000204741e4820 Unloading class 0x000002043438d800 'java/lang/invoke/LambdaForm$MH+0x000002043438d800'
Event: 19.590 Thread 0x00000204741e4820 Unloading class 0x000002043438d400 'java/lang/invoke/LambdaForm$MH+0x000002043438d400'
Event: 19.590 Thread 0x00000204741e4820 Unloading class 0x000002043438c800 'java/lang/invoke/LambdaForm$MH+0x000002043438c800'
Event: 19.590 Thread 0x00000204741e4820 Unloading class 0x000002043438cc00 'java/lang/invoke/LambdaForm$MH+0x000002043438cc00'
Event: 19.590 Thread 0x00000204741e4820 Unloading class 0x000002043438c000 'java/lang/invoke/LambdaForm$MH+0x000002043438c000'
Event: 19.590 Thread 0x00000204741e4820 Unloading class 0x000002043438bc00 'java/lang/invoke/LambdaForm$MH+0x000002043438bc00'
Event: 19.591 Thread 0x00000204741e4820 Unloading class 0x000002043438b400 'java/lang/invoke/LambdaForm$MH+0x000002043438b400'
Event: 19.591 Thread 0x00000204741e4820 Unloading class 0x000002043438b000 'java/lang/invoke/LambdaForm$MH+0x000002043438b000'
Event: 19.591 Thread 0x00000204741e4820 Unloading class 0x000002043438ac00 'java/lang/invoke/LambdaForm$MH+0x000002043438ac00'
Event: 19.591 Thread 0x00000204741e4820 Unloading class 0x000002043438a400 'java/lang/invoke/LambdaForm$MH+0x000002043438a400'
Event: 19.591 Thread 0x00000204741e4820 Unloading class 0x0000020434389c00 'java/lang/invoke/LambdaForm$MH+0x0000020434389c00'
Event: 19.591 Thread 0x00000204741e4820 Unloading class 0x0000020434389800 'java/lang/invoke/LambdaForm$MH+0x0000020434389800'
Event: 19.591 Thread 0x00000204741e4820 Unloading class 0x0000020434389400 'java/lang/invoke/LambdaForm$MH+0x0000020434389400'
Event: 19.591 Thread 0x00000204741e4820 Unloading class 0x0000020434389000 'java/lang/invoke/LambdaForm$MH+0x0000020434389000'
Event: 19.591 Thread 0x00000204741e4820 Unloading class 0x0000020434388800 'java/lang/invoke/LambdaForm$DMH+0x0000020434388800'
Event: 19.591 Thread 0x00000204741e4820 Unloading class 0x0000020434388000 'java/lang/invoke/LambdaForm$DMH+0x0000020434388000'

Classes redefined (0 events):
No events

Internal exceptions (20 events):
Event: 20.247 Thread 0x000002047b3fb5c0 Implicit null exception at 0x000002042744dc1d to 0x000002042744e714
Event: 20.523 Thread 0x000002047b3fb5c0 Exception <a 'java/lang/LinkageError'{0x00000000d56a3790}: loader lombok.launch.ShadowClassLoader @3d1cade0 attempted duplicate class definition for lombok.launch.PatchFixesHider$FieldInitializer. (lombok.launch.PatchFixesHider$FieldInitializer is in unnamed module of loader lombok.launch.ShadowClassLoader @3d1cade0, parent loader org.eclipse.osgi.internal.loader.EquinoxClassLoader @2f7f32b3)> (0x00000000d56a3790) 
thrown [s\src\hotspot\share\classfile\systemDictionary.cpp, line 1672]
Event: 20.524 Thread 0x000002047b56bdb0 Exception <a 'java/lang/LinkageError'{0x00000000d5743f40}: loader lombok.launch.ShadowClassLoader @3d1cade0 attempted duplicate class definition for lombok.launch.PatchFixesHider$FieldInitializer. (lombok.launch.PatchFixesHider$FieldInitializer is in unnamed module of loader lombok.launch.ShadowClassLoader @3d1cade0, parent loader org.eclipse.osgi.internal.loader.EquinoxClassLoader @2f7f32b3)> (0x00000000d5743f40) 
thrown [s\src\hotspot\share\classfile\systemDictionary.cpp, line 1672]
Event: 20.584 Thread 0x000002047b56b720 Exception <a 'java/lang/NoSuchMethodError'{0x00000000d57afb10}: 'java.lang.Object java.lang.invoke.DirectMethodHandle$Holder.invokeSpecial(java.lang.Object, java.lang.Object, java.lang.Object, java.lang.Object, int, java.lang.Object, java.lang.Object)'> (0x00000000d57afb10) 
thrown [s\src\hotspot\share\interpreter\linkResolver.cpp, line 773]
Event: 20.584 Thread 0x000002047b56bdb0 Exception <a 'java/lang/NoSuchMethodError'{0x00000000d58cc710}: 'java.lang.Object java.lang.invoke.DirectMethodHandle$Holder.invokeSpecial(java.lang.Object, java.lang.Object, java.lang.Object, java.lang.Object, int, java.lang.Object, java.lang.Object)'> (0x00000000d58cc710) 
thrown [s\src\hotspot\share\interpreter\linkResolver.cpp, line 773]
Event: 21.292 Thread 0x000002047b3fd000 Exception <a 'java/lang/NoSuchMethodError'{0x00000000d5f91f90}: 'java.lang.Object java.lang.invoke.DirectMethodHandle$Holder.invokeSpecial(java.lang.Object, java.lang.Object, int, long)'> (0x00000000d5f91f90) 
thrown [s\src\hotspot\share\interpreter\linkResolver.cpp, line 773]
Event: 22.049 Thread 0x000002047b3f6700 Exception <a 'java/lang/NoSuchMethodError'{0x00000000d63e8948}: 'int java.lang.invoke.DirectMethodHandle$Holder.invokeSpecialIFC(java.lang.Object, java.lang.Object, java.lang.Object)'> (0x00000000d63e8948) 
thrown [s\src\hotspot\share\interpreter\linkResolver.cpp, line 773]
Event: 22.117 Thread 0x000002047b3f6700 Exception <a 'java/io/FileNotFoundException'{0x00000000d6560690}> (0x00000000d6560690) 
thrown [s\src\hotspot\share\prims\jni.cpp, line 520]
Event: 22.120 Thread 0x000002047b3f6700 Exception <a 'java/io/FileNotFoundException'{0x00000000d6561690}> (0x00000000d6561690) 
thrown [s\src\hotspot\share\prims\jni.cpp, line 520]
Event: 22.366 Thread 0x000002047b3f6700 Exception <a 'java/io/FileNotFoundException'{0x00000000d571d628}> (0x00000000d571d628) 
thrown [s\src\hotspot\share\prims\jni.cpp, line 520]
Event: 22.367 Thread 0x000002047b3f6700 Exception <a 'java/io/FileNotFoundException'{0x00000000d571e628}> (0x00000000d571e628) 
thrown [s\src\hotspot\share\prims\jni.cpp, line 520]
Event: 22.368 Thread 0x000002047b3f6700 Exception <a 'java/io/FileNotFoundException'{0x00000000d571f398}> (0x00000000d571f398) 
thrown [s\src\hotspot\share\prims\jni.cpp, line 520]
Event: 22.825 Thread 0x000002047b3fb5c0 Exception <a 'java/lang/ClassNotFoundException'{0x00000000d595c3b8}: sun/util/logging/resources/spi/loggingProvider> (0x00000000d595c3b8) 
thrown [s\src\hotspot\share\classfile\systemDictionary.cpp, line 312]
Event: 23.017 Thread 0x000002047b3fb5c0 Exception <a 'java/lang/IncompatibleClassChangeError'{0x00000000d5a452a8}: Found class java.lang.Object, but interface was expected> (0x00000000d5a452a8) 
thrown [s\src\hotspot\share\interpreter\linkResolver.cpp, line 840]
Event: 23.027 Thread 0x000002047b3fb5c0 Exception <a 'java/lang/IncompatibleClassChangeError'{0x00000000d5a5e378}: Found class java.lang.Object, but interface was expected> (0x00000000d5a5e378) 
thrown [s\src\hotspot\share\interpreter\linkResolver.cpp, line 840]
Event: 23.076 Thread 0x000002047b56bdb0 Exception <a 'java/lang/ArrayIndexOutOfBoundsException'{0x00000000d5d80868}> (0x00000000d5d80868) 
thrown [s\src\hotspot\share\runtime\sharedRuntime.cpp, line 625]
Event: 23.105 Thread 0x000002047b56b720 Exception <a 'java/lang/NoSuchMethodError'{0x00000000d5e06120}: 'int java.lang.invoke.Invokers$Holder.invokeExact_MT(java.lang.Object, java.lang.Object)'> (0x00000000d5e06120) 
thrown [s\src\hotspot\share\interpreter\linkResolver.cpp, line 773]
Event: 23.195 Thread 0x000002047b56b720 Exception <a 'java/lang/NoSuchMethodError'{0x00000000d5f47930}: 'int java.lang.invoke.DirectMethodHandle$Holder.invokeInterface(java.lang.Object, java.lang.Object)'> (0x00000000d5f47930) 
thrown [s\src\hotspot\share\interpreter\linkResolver.cpp, line 773]
Event: 23.195 Thread 0x000002047b56b720 Exception <a 'java/lang/IncompatibleClassChangeError'{0x00000000d5f4ac00}: Found class java.lang.Object, but interface was expected> (0x00000000d5f4ac00) 
thrown [s\src\hotspot\share\interpreter\linkResolver.cpp, line 840]
Event: 23.333 Thread 0x000002047b3fd000 Implicit null exception at 0x0000020427636682 to 0x0000020427636858

ZGC Phase Switch (0 events):
No events

VM Operations (20 events):
Event: 18.440 Executing safepoint VM operation: ParallelGCFailedAllocation (Allocation Failure) done
Event: 18.900 Executing safepoint VM operation: ParallelGCFailedAllocation (Allocation Failure)
Event: 18.907 Executing safepoint VM operation: ParallelGCFailedAllocation (Allocation Failure) done
Event: 19.093 Executing non-safepoint VM operation: HandshakeAllThreads (Deoptimize)
Event: 19.093 Executing non-safepoint VM operation: HandshakeAllThreads (Deoptimize) done
Event: 19.566 Executing safepoint VM operation: CollectForMetadataAllocation (Metadata GC Threshold)
Event: 19.675 Executing safepoint VM operation: CollectForMetadataAllocation (Metadata GC Threshold) done
Event: 20.484 Executing safepoint VM operation: ParallelGCFailedAllocation (Allocation Failure)
Event: 20.487 Executing safepoint VM operation: ParallelGCFailedAllocation (Allocation Failure) done
Event: 21.501 Executing safepoint VM operation: Cleanup
Event: 21.501 Executing safepoint VM operation: Cleanup done
Event: 22.054 Executing non-safepoint VM operation: HandshakeAllThreads (Deoptimize)
Event: 22.054 Executing non-safepoint VM operation: HandshakeAllThreads (Deoptimize) done
Event: 22.128 Executing non-safepoint VM operation: HandshakeAllThreads (Deoptimize)
Event: 22.128 Executing non-safepoint VM operation: HandshakeAllThreads (Deoptimize) done
Event: 22.281 Executing safepoint VM operation: ParallelGCFailedAllocation (Allocation Failure)
Event: 22.285 Executing safepoint VM operation: ParallelGCFailedAllocation (Allocation Failure) done
Event: 23.094 Executing non-safepoint VM operation: HandshakeAllThreads (Deoptimize)
Event: 23.095 Executing non-safepoint VM operation: HandshakeAllThreads (Deoptimize) done
Event: 24.098 Executing safepoint VM operation: Cleanup

Memory protections (0 events):
No events

Nmethod flushes (20 events):
Event: 19.609 Thread 0x00000204741e4820 flushing  nmethod 0x000002041fc46a90
Event: 19.609 Thread 0x00000204741e4820 flushing  nmethod 0x000002041fca3990
Event: 19.609 Thread 0x00000204741e4820 flushing  nmethod 0x000002041fca7f10
Event: 19.609 Thread 0x00000204741e4820 flushing  nmethod 0x000002041fcf1b10
Event: 19.609 Thread 0x00000204741e4820 flushing  nmethod 0x000002041fcf4510
Event: 19.609 Thread 0x00000204741e4820 flushing  nmethod 0x000002041fd17810
Event: 19.609 Thread 0x00000204741e4820 flushing  nmethod 0x000002041fd18210
Event: 19.609 Thread 0x00000204741e4820 flushing  nmethod 0x000002041fd1d610
Event: 19.609 Thread 0x00000204741e4820 flushing  nmethod 0x000002041fd3b490
Event: 19.609 Thread 0x00000204741e4820 flushing  nmethod 0x000002041fd64890
Event: 19.609 Thread 0x00000204741e4820 flushing  nmethod 0x000002041fd67f90
Event: 19.609 Thread 0x00000204741e4820 flushing  nmethod 0x000002041fd68c90
Event: 19.609 Thread 0x00000204741e4820 flushing  nmethod 0x000002041fd9a910
Event: 19.609 Thread 0x00000204741e4820 flushing  nmethod 0x000002041fd9b190
Event: 19.609 Thread 0x00000204741e4820 flushing  nmethod 0x000002041fd9b590
Event: 19.609 Thread 0x00000204741e4820 flushing  nmethod 0x000002041fd9bf10
Event: 19.609 Thread 0x00000204741e4820 flushing  nmethod 0x000002041fda4490
Event: 19.609 Thread 0x00000204741e4820 flushing  nmethod 0x000002041fdaba10
Event: 19.609 Thread 0x00000204741e4820 flushing  nmethod 0x000002041fdae410
Event: 19.609 Thread 0x00000204741e4820 flushing  nmethod 0x000002041fdb4490

Events (20 events):
Event: 5.514 Thread 0x0000020476a2b0e0 Thread exited: 0x0000020476a2b0e0
Event: 5.626 Thread 0x0000020476108350 Thread added: 0x000002047c4217e0
Event: 5.641 Thread 0x000002041a327720 Thread added: 0x000002047b3fd690
Event: 5.642 Thread 0x000002041a327720 Thread added: 0x000002047b3fb5c0
Event: 10.784 Thread 0x000002047c4217e0 Thread exited: 0x000002047c4217e0
Event: 16.890 Thread 0x000002047b3fb5c0 Thread added: 0x000002047b56b720
Event: 16.940 Thread 0x000002047b3fb5c0 Thread added: 0x000002047b56bdb0
Event: 17.220 Thread 0x0000020476108350 Thread added: 0x000002047b024990
Event: 17.555 Thread 0x000002047b024990 Thread added: 0x000002047bab6180
Event: 19.896 Thread 0x000002047bab6180 Thread exited: 0x000002047bab6180
Event: 19.920 Thread 0x000002047b024990 Thread exited: 0x000002047b024990
Event: 20.782 Thread 0x0000020476108350 Thread added: 0x000002047bc39830
Event: 20.782 Thread 0x0000020476108350 Thread added: 0x000002047b996480
Event: 21.283 Thread 0x000002047b996480 Thread exited: 0x000002047b996480
Event: 21.283 Thread 0x000002047bc39830 Thread exited: 0x000002047bc39830
Event: 22.400 Thread 0x0000020476108350 Thread added: 0x000002047672df30
Event: 22.809 Thread 0x000002047672df30 Thread exited: 0x000002047672df30
Event: 23.030 Thread 0x000002047b3fb5c0 Thread added: 0x000002047b56c440
Event: 23.200 Thread 0x0000020476108350 Thread added: 0x000002047b83eb30
Event: 23.346 Thread 0x0000020476108350 Thread added: 0x000002047cfbcb40


Dynamic libraries:
0x00007ff7e3a00000 - 0x00007ff7e3a0e000 	c:\Users\dhruv\.vscode\extensions\redhat.java-1.53.0-win32-x64\jre\21.0.10-win32-x86_64\bin\java.exe
0x00007ffc9c540000 - 0x00007ffc9c7a7000 	C:\Windows\SYSTEM32\ntdll.dll
0x00007ffc9bbf0000 - 0x00007ffc9bcb9000 	C:\Windows\System32\KERNEL32.DLL
0x00007ffc98ed0000 - 0x00007ffc992c1000 	C:\Windows\System32\KERNELBASE.dll
0x00007ffc99e00000 - 0x00007ffc99f4b000 	C:\Windows\System32\ucrtbase.dll
0x00007ffc8ef60000 - 0x00007ffc8ef78000 	c:\Users\dhruv\.vscode\extensions\redhat.java-1.53.0-win32-x64\jre\21.0.10-win32-x86_64\bin\jli.dll
0x00007ffc9a620000 - 0x00007ffc9a7e5000 	C:\Windows\System32\USER32.dll
0x00007ffc8e9b0000 - 0x00007ffc8e9ce000 	c:\Users\dhruv\.vscode\extensions\redhat.java-1.53.0-win32-x64\jre\21.0.10-win32-x86_64\bin\VCRUNTIME140.dll
0x00007ffc9a2b0000 - 0x00007ffc9a2d7000 	C:\Windows\System32\win32u.dll
0x00007ffc79410000 - 0x00007ffc796a3000 	C:\Windows\WinSxS\amd64_microsoft.windows.common-controls_6595b64144ccf1df_6.0.26100.8037_none_3e092faae333b53b\COMCTL32.dll
0x00007ffc9b230000 - 0x00007ffc9b25b000 	C:\Windows\System32\GDI32.dll
0x00007ffc9b490000 - 0x00007ffc9b539000 	C:\Windows\System32\msvcrt.dll
0x00007ffc9a0d0000 - 0x00007ffc9a1fb000 	C:\Windows\System32\gdi32full.dll
0x00007ffc98e20000 - 0x00007ffc98ec3000 	C:\Windows\System32\msvcp_win.dll
0x00007ffc9c2a0000 - 0x00007ffc9c2d1000 	C:\Windows\System32\IMM32.DLL
0x00007ffc937e0000 - 0x00007ffc937ec000 	c:\Users\dhruv\.vscode\extensions\redhat.java-1.53.0-win32-x64\jre\21.0.10-win32-x86_64\bin\vcruntime140_1.dll
0x00007ffc67140000 - 0x00007ffc671cd000 	c:\Users\dhruv\.vscode\extensions\redhat.java-1.53.0-win32-x64\jre\21.0.10-win32-x86_64\bin\msvcp140.dll
0x00007ffc05650000 - 0x00007ffc063f1000 	c:\Users\dhruv\.vscode\extensions\redhat.java-1.53.0-win32-x64\jre\21.0.10-win32-x86_64\bin\server\jvm.dll
0x00007ffc9a880000 - 0x00007ffc9a93b000 	C:\Windows\System32\ADVAPI32.dll
0x00007ffc9b260000 - 0x00007ffc9b307000 	C:\Windows\System32\sechost.dll
0x00007ffc9a2e0000 - 0x00007ffc9a3f8000 	C:\Windows\System32\RPCRT4.dll
0x00007ffc9a800000 - 0x00007ffc9a874000 	C:\Windows\System32\WS2_32.dll
0x00007ffc90f50000 - 0x00007ffc90f85000 	C:\Windows\SYSTEM32\WINMM.dll
0x00007ffc7c780000 - 0x00007ffc7c78b000 	C:\Windows\SYSTEM32\VERSION.dll
0x00007ffc98ca0000 - 0x00007ffc98cfe000 	C:\Windows\SYSTEM32\POWRPROF.dll
0x00007ffc98c80000 - 0x00007ffc98c94000 	C:\Windows\SYSTEM32\UMPDC.dll
0x00007ffc97b80000 - 0x00007ffc97b9b000 	C:\Windows\SYSTEM32\kernel.appcore.dll
0x00007ffc93620000 - 0x00007ffc9362a000 	c:\Users\dhruv\.vscode\extensions\redhat.java-1.53.0-win32-x64\jre\21.0.10-win32-x86_64\bin\jimage.dll
0x00007ffc96e50000 - 0x00007ffc97092000 	C:\Windows\SYSTEM32\DBGHELP.DLL
0x00007ffc9bd20000 - 0x00007ffc9c0a2000 	C:\Windows\System32\combase.dll
0x00007ffc9b0c0000 - 0x00007ffc9b197000 	C:\Windows\System32\OLEAUT32.dll
0x00007ffc7a2d0000 - 0x00007ffc7a30b000 	C:\Windows\SYSTEM32\dbgcore.DLL
0x00007ffc9a200000 - 0x00007ffc9a2a5000 	C:\Windows\System32\bcryptPrimitives.dll
0x00007ffc93600000 - 0x00007ffc9360f000 	c:\Users\dhruv\.vscode\extensions\redhat.java-1.53.0-win32-x64\jre\21.0.10-win32-x86_64\bin\instrument.dll
0x00007ffc8d560000 - 0x00007ffc8d580000 	c:\Users\dhruv\.vscode\extensions\redhat.java-1.53.0-win32-x64\jre\21.0.10-win32-x86_64\bin\java.dll
0x00007ffc9a950000 - 0x00007ffc9b0af000 	C:\Windows\System32\SHELL32.dll
0x00007ffc99c90000 - 0x00007ffc99dfa000 	C:\Windows\System32\wintypes.dll
0x00007ffc992d0000 - 0x00007ffc99b34000 	C:\Windows\System32\windows.storage.dll
0x00007ffc9a4a0000 - 0x00007ffc9a597000 	C:\Windows\System32\SHCORE.dll
0x00007ffc9c490000 - 0x00007ffc9c4f7000 	C:\Windows\System32\shlwapi.dll
0x00007ffc98d40000 - 0x00007ffc98d69000 	C:\Windows\SYSTEM32\profapi.dll
0x00007ffc838c0000 - 0x00007ffc838d8000 	c:\Users\dhruv\.vscode\extensions\redhat.java-1.53.0-win32-x64\jre\21.0.10-win32-x86_64\bin\zip.dll
0x00007ffc8d1f0000 - 0x00007ffc8d200000 	C:\Users\dhruv\.vscode\extensions\redhat.java-1.53.0-win32-x64\jre\21.0.10-win32-x86_64\bin\net.dll
0x00007ffc8ef80000 - 0x00007ffc8f0a7000 	C:\Windows\SYSTEM32\WINHTTP.dll
0x00007ffc98120000 - 0x00007ffc9818b000 	C:\Windows\system32\mswsock.dll
0x00007ffc7a110000 - 0x00007ffc7a126000 	C:\Users\dhruv\.vscode\extensions\redhat.java-1.53.0-win32-x64\jre\21.0.10-win32-x86_64\bin\nio.dll
0x00007ffc85be0000 - 0x00007ffc85bf0000 	c:\Users\dhruv\.vscode\extensions\redhat.java-1.53.0-win32-x64\jre\21.0.10-win32-x86_64\bin\verify.dll
0x00007ffc69d30000 - 0x00007ffc69d75000 	C:\Users\dhruv\AppData\Roaming\Code\User\globalStorage\redhat.java\1.53.0\config_ss_win\org.eclipse.equinox.launcher\org.eclipse.equinox.launcher.win32.win32.x86_64_1.3.0.v20260203-2149\eclipse_11919.dll
0x00007ffc9c2e0000 - 0x00007ffc9c475000 	C:\Windows\System32\ole32.dll
0x00007ffc98410000 - 0x00007ffc9842b000 	C:\Windows\SYSTEM32\CRYPTSP.dll
0x00007ffc97ae0000 - 0x00007ffc97b19000 	C:\Windows\system32\rsaenh.dll
0x00007ffc981d0000 - 0x00007ffc98202000 	C:\Windows\SYSTEM32\USERENV.dll
0x00007ffc98d10000 - 0x00007ffc98d3a000 	C:\Windows\SYSTEM32\bcrypt.dll
0x00007ffc98400000 - 0x00007ffc9840c000 	C:\Windows\SYSTEM32\CRYPTBASE.dll
0x00007ffc97560000 - 0x00007ffc97593000 	C:\Windows\SYSTEM32\IPHLPAPI.DLL
0x00007ffc9c480000 - 0x00007ffc9c48a000 	C:\Windows\System32\NSI.dll
0x00007ffc69b30000 - 0x00007ffc69b79000 	C:\Users\dhruv\AppData\Local\Temp\jna-95563663\jna15234972405818997609.dll
0x00007ffc9a940000 - 0x00007ffc9a948000 	C:\Windows\System32\PSAPI.DLL
0x00007ffc90880000 - 0x00007ffc9089d000 	C:\Windows\SYSTEM32\dhcpcsvc6.DLL
0x00007ffc8ff40000 - 0x00007ffc8ff63000 	C:\Windows\SYSTEM32\dhcpcsvc.DLL

JVMTI agents:
c:\Users\dhruv\.vscode\extensions\redhat.java-1.53.0-win32-x64\lombok\lombok-1.18.39-4050.jar path:c:\Users\dhruv\.vscode\extensions\redhat.java-1.53.0-win32-x64\jre\21.0.10-win32-x86_64\bin\instrument.dll, loaded, initialized, instrumentlib options:none

dbghelp: loaded successfully - version: 4.0.5 - missing functions: none
symbol engine: initialized successfully - sym options: 0x614 - pdb path: .;c:\Users\dhruv\.vscode\extensions\redhat.java-1.53.0-win32-x64\jre\21.0.10-win32-x86_64\bin;C:\Windows\SYSTEM32;C:\Windows\WinSxS\amd64_microsoft.windows.common-controls_6595b64144ccf1df_6.0.26100.8037_none_3e092faae333b53b;c:\Users\dhruv\.vscode\extensions\redhat.java-1.53.0-win32-x64\jre\21.0.10-win32-x86_64\bin\server;C:\Users\dhruv\AppData\Roaming\Code\User\globalStorage\redhat.java\1.53.0\config_ss_win\org.eclipse.equinox.launcher\org.eclipse.equinox.launcher.win32.win32.x86_64_1.3.0.v20260203-2149;C:\Users\dhruv\AppData\Local\Temp\jna-95563663

VM Arguments:
jvm_args: --add-modules=ALL-SYSTEM --add-opens=java.base/java.util=ALL-UNNAMED --add-opens=java.base/java.lang=ALL-UNNAMED --add-opens=java.base/sun.nio.fs=ALL-UNNAMED -Declipse.application=org.eclipse.jdt.ls.core.id1 -Dosgi.bundles.defaultStartLevel=4 -Declipse.product=org.eclipse.jdt.ls.core.product -Djava.import.generatesMetadataFilesAtProjectRoot=false -DDetectVMInstallationsJob.disabled=true -Dfile.encoding=utf8 -XX:+UseParallelGC -XX:GCTimeRatio=4 -XX:AdaptiveSizePolicyWeight=90 -Dsun.zip.disableMemoryMapping=true -Xmx2G -Xms100m -Xlog:disable -javaagent:c:\Users\dhruv\.vscode\extensions\redhat.java-1.53.0-win32-x64\lombok\lombok-1.18.39-4050.jar 
java_command: c:\Users\dhruv\.vscode\extensions\redhat.java-1.53.0-win32-x64\server\plugins\org.eclipse.equinox.launcher_1.7.100.v20251111-0406.jar -configuration c:\Users\dhruv\AppData\Roaming\Code\User\globalStorage\redhat.java\1.53.0\config_ss_win -data c:\Users\dhruv\AppData\Roaming\Code\User\workspaceStorage\7d28d01f3346ece97dc27ea15ebc63fd\redhat.java\ss_ws --pipe=\\.\pipe\lsp-bada9abfb83abdd0b0aff77abf41be52-sock
java_class_path (initial): c:\Users\dhruv\.vscode\extensions\redhat.java-1.53.0-win32-x64\server\plugins\org.eclipse.equinox.launcher_1.7.100.v20251111-0406.jar
Launcher Type: SUN_STANDARD

[Global flags]
    uintx AdaptiveSizePolicyWeight                 = 90                                        {product} {command line}
     intx CICompilerCount                          = 4                                         {product} {ergonomic}
    uintx GCTimeRatio                              = 4                                         {product} {command line}
   size_t InitialHeapSize                          = 104857600                                 {product} {command line}
   size_t MaxHeapSize                              = 2147483648                                {product} {command line}
   size_t MaxNewSize                               = 715653120                                 {product} {ergonomic}
   size_t MinHeapDeltaBytes                        = 524288                                    {product} {ergonomic}
   size_t MinHeapSize                              = 104857600                                 {product} {command line}
   size_t NewSize                                  = 34603008                                  {product} {ergonomic}
    uintx NonNMethodCodeHeapSize                   = 5839372                                {pd product} {ergonomic}
    uintx NonProfiledCodeHeapSize                  = 122909434                              {pd product} {ergonomic}
   size_t OldSize                                  = 70254592                                  {product} {ergonomic}
    uintx ProfiledCodeHeapSize                     = 122909434                              {pd product} {ergonomic}
    uintx ReservedCodeCacheSize                    = 251658240                              {pd product} {ergonomic}
     bool SegmentedCodeCache                       = true                                      {product} {ergonomic}
   size_t SoftMaxHeapSize                          = 2147483648                             {manageable} {ergonomic}
     bool UseCompressedOops                        = true                           {product lp64_product} {ergonomic}
     bool UseLargePagesIndividualAllocation        = false                                  {pd product} {ergonomic}
     bool UseParallelGC                            = true                                      {product} {command line}

Logging:
Log output configuration:
 #0: stdout all=off uptime,level,tags foldmultilines=false
 #1: stderr all=off uptime,level,tags foldmultilines=false

Release file:
JAVA_VERSION="21.0.10" 
MODULES="java.base java.compiler java.datatransfer java.xml java.prefs java.desktop java.instrument java.logging java.management java.security.sasl java.naming java.rmi java.management.rmi java.net.http java.scripting java.security.jgss java.transaction.xa java.sql java.sql.rowset java.xml.crypto java.se java.smartcardio jdk.accessibility jdk.internal.jvmstat jdk.attach jdk.charsets jdk.internal.opt jdk.zipfs jdk.compiler jdk.crypto.ec jdk.crypto.cryptoki jdk.crypto.mscapi jdk.dynalink jdk.internal.ed jdk.editpad jdk.hotspot.agent jdk.httpserver jdk.internal.le jdk.internal.vm.ci jdk.internal.vm.compiler jdk.internal.vm.compiler.management jdk.jartool jdk.javadoc jdk.jcmd jdk.management jdk.management.agent jdk.jconsole jdk.jdeps jdk.jdwp.agent jdk.jdi jdk.jfr jdk.jshell jdk.jsobject jdk.jstatd jdk.localedata jdk.management.jfr jdk.naming.dns jdk.naming.rmi jdk.net jdk.nio.mapmode jdk.random jdk.sctp jdk.security.auth jdk.security.jgss jdk.unsupported jdk.unsupported.desktop jdk.xml.dom" 

Environment Variables:
PATH=C:\Users\dhruv\AppData\Local\Programs\Microsoft VS Code;C:\Program Files\Common Files\Oracle\Java\javapath;C:\Windows\system32;C:\Windows;C:\Windows\System32\Wbem;C:\Windows\System32\WindowsPowerShell\v1.0\;C:\Windows\System32\OpenSSH\;C:\Program Files\nodejs\;C:\Program Files\Git\cmd;C:\Program Files\MongoDB\Server\8.0\bin;C:\Program Files\MySQL\MySQL Server 8.0\bin;C:\Users\dhruv\Downloads\gradle-8.14.3\bin;C:\Program Files\Docker\Docker\resources\bin;C:\Program Files\Apache\MAVEN\bin;C:\Program Files\Apache\MAVEN\apache-maven-3.9.12\bin;C:\Program Files\MySQL\MySQL Shell 8.0\bin\;C:\Users\dhruv\AppData\Local\Microsoft\WindowsApps;C:\Users\dhruv\AppData\Local\Programs\Microsoft VS Code\bin;C:\Users\dhruv\AppData\Roaming\npm;C:\Program Files\JetBrains\IntelliJ IDEA Community Edition 2025.1.4.1\bin;C:\Users\dhruv\AppData\Local\Programs\cursor\resources\app\bin
USERNAME=dhruv
OS=Windows_NT
PROCESSOR_IDENTIFIER=Intel64 Family 6 Model 186 Stepping 2, GenuineIntel
TMP=C:\Users\dhruv\AppData\Local\Temp
TEMP=C:\Users\dhruv\AppData\Local\Temp




Periodic native trim disabled

---------------  S Y S T E M  ---------------

OS:
 Windows 11 , 64 bit Build 26100 (10.0.26100.7920)
OS uptime: 0 days 23:24 hours
Hyper-V role detected

CPU: total 12 (initial active 12) (6 cores per cpu, 2 threads per core) family 6 model 186 stepping 2 microcode 0x6134, cx8, cmov, fxsr, ht, mmx, 3dnowpref, sse, sse2, sse3, ssse3, sse4.1, sse4.2, popcnt, lzcnt, tsc, tscinvbit, avx, avx2, aes, erms, clmul, bmi1, bmi2, adx, sha, fma, vzeroupper, clflush, clflushopt, clwb, hv, serialize, rdtscp, rdpid, fsrm, f16c, cet_ibt, cet_ss
Processor Information for processor 0
  Max Mhz: 2100, Current Mhz: 2100, Mhz Limit: 2100
Processor Information for processor 1
  Max Mhz: 2100, Current Mhz: 2100, Mhz Limit: 2100
Processor Information for processor 2
  Max Mhz: 2100, Current Mhz: 2100, Mhz Limit: 2100
Processor Information for processor 3
  Max Mhz: 2100, Current Mhz: 2100, Mhz Limit: 2100
Processor Information for processor 4
  Max Mhz: 2100, Current Mhz: 2100, Mhz Limit: 2100
Processor Information for processor 5
  Max Mhz: 2100, Current Mhz: 2100, Mhz Limit: 2100
Processor Information for processor 6
  Max Mhz: 2100, Current Mhz: 2100, Mhz Limit: 2100
Processor Information for processor 7
  Max Mhz: 2100, Current Mhz: 2100, Mhz Limit: 2100
Processor Information for processor 8
  Max Mhz: 2100, Current Mhz: 1500, Mhz Limit: 1491
Processor Information for processor 9
  Max Mhz: 2100, Current Mhz: 1500, Mhz Limit: 1491
Processor Information for processor 10
  Max Mhz: 2100, Current Mhz: 1500, Mhz Limit: 1491
Processor Information for processor 11
  Max Mhz: 2100, Current Mhz: 1500, Mhz Limit: 1491

Memory: 4k page, system-wide physical 16076M (4006M free)
TotalPageFile size 46395M (AvailPageFile size 2M)
current process WorkingSet (physical memory assigned to process): 201M, peak: 201M
current process commit charge ("private bytes"): 318M, peak: 318M

vm_info: OpenJDK 64-Bit Server VM (21.0.10+7-LTS) for windows-amd64 JRE (21.0.10+7-LTS), built on 2026-01-20T00:00:00Z by "admin" with MS VC++ 17.12 (VS2022)

END.
