#
# There is insufficient memory for the Java Runtime Environment to continue.
# Native memory allocation (malloc) failed to allocate 329664 bytes. Error detail: Chunk::new
# Possible reasons:
#   The system is out of physical RAM or swap space
#   This process is running with CompressedOops enabled, and the Java Heap may be blocking the growth of the native heap
# Possible solutions:
#   Reduce memory load on the system
#   Increase physical memory or swap space
#   Check if swap backing store is full
#   Decrease Java heap size (-Xmx/-Xms)
#   Decrease number of Java threads
#   Decrease Java thread stack sizes (-Xss)
#   Set larger code cache with -XX:ReservedCodeCacheSize=
#   JVM is running with Unscaled Compressed Oops mode in which the Java heap is
#     placed in the first 4GB address space. The Java Heap base address is the
#     maximum limit for the native heap growth. Please use -XX:HeapBaseMinAddress
#     to set the Java Heap base and to place the Java Heap above 4GB virtual address.
# This output file may be truncated or incomplete.
#
#  Out of Memory Error (arena.cpp:168), pid=8140, tid=23716
#
# JRE version: OpenJDK Runtime Environment Temurin-21.0.10+7 (21.0.10+7) (build 21.0.10+7-LTS)
# Java VM: OpenJDK 64-Bit Server VM Temurin-21.0.10+7 (21.0.10+7-LTS, mixed mode, sharing, tiered, compressed oops, compressed class ptrs, parallel gc, windows-amd64)
# No core dump will be written. Minidumps are not enabled by default on client versions of Windows
#

---------------  S U M M A R Y ------------

Command Line: --add-modules=ALL-SYSTEM --add-opens=java.base/java.util=ALL-UNNAMED --add-opens=java.base/java.lang=ALL-UNNAMED --add-opens=java.base/sun.nio.fs=ALL-UNNAMED -Declipse.application=org.eclipse.jdt.ls.core.id1 -Dosgi.bundles.defaultStartLevel=4 -Declipse.product=org.eclipse.jdt.ls.core.product -Djava.import.generatesMetadataFilesAtProjectRoot=false -DDetectVMInstallationsJob.disabled=true -Dfile.encoding=utf8 -XX:+UseParallelGC -XX:GCTimeRatio=4 -XX:AdaptiveSizePolicyWeight=90 -Dsun.zip.disableMemoryMapping=true -Xmx2G -Xms100m -Xlog:disable -javaagent:c:\Users\dhruv\.vscode\extensions\redhat.java-1.53.0-win32-x64\lombok\lombok-1.18.39-4050.jar -XX:+HeapDumpOnOutOfMemoryError -XX:HeapDumpPath=c:\Users\dhruv\AppData\Roaming\Code\User\workspaceStorage\7d28d01f3346ece97dc27ea15ebc63fd\redhat.java -Daether.dependencyCollector.impl=bf c:\Users\dhruv\.vscode\extensions\redhat.java-1.53.0-win32-x64\server\plugins\org.eclipse.equinox.launcher_1.7.100.v20251111-0406.jar -configuration c:\Users\dhruv\AppData\Roaming\Code\User\globalStorage\redhat.java\1.53.0\config_win -data c:\Users\dhruv\AppData\Roaming\Code\User\workspaceStorage\7d28d01f3346ece97dc27ea15ebc63fd\redhat.java\jdt_ws --pipe=\\.\pipe\lsp-d75d6d16c5d6b1914b8152f113e29358-sock

Host: 13th Gen Intel(R) Core(TM) i5-13420H, 12 cores, 15G,  Windows 11 , 64 bit Build 26100 (10.0.26100.7920)
Time: Mon Mar 30 10:49:10 2026 India Standard Time elapsed time: 6.947549 seconds (0d 0h 0m 6s)

---------------  T H R E A D  ---------------

Current thread (0x000001c35936a370):  JavaThread "C2 CompilerThread0" daemon [_thread_in_native, id=23716, stack(0x00000035fa100000,0x00000035fa200000) (1024K)]


Current CompileTask:
C2:6947  653       4       lombok.patcher.scripts.MethodLevelPatchScript::patch (21 bytes)

Stack: [0x00000035fa100000,0x00000035fa200000]
Native frames: (J=compiled Java code, j=interpreted, Vv=VM code, C=native code)
V  [jvm.dll+0x6d7a39]
V  [jvm.dll+0x8b4b26]
V  [jvm.dll+0x8b70de]
V  [jvm.dll+0x8b77c3]
V  [jvm.dll+0x284346]
V  [jvm.dll+0xc66ed]
V  [jvm.dll+0xc6c31]
V  [jvm.dll+0x3bec3b]
V  [jvm.dll+0x38b162]
V  [jvm.dll+0x38a5aa]
V  [jvm.dll+0x24c560]
V  [jvm.dll+0x24bb40]
V  [jvm.dll+0x1cb34e]
V  [jvm.dll+0x25b85d]
V  [jvm.dll+0x259dea]
V  [jvm.dll+0x3f857e]
V  [jvm.dll+0x85f59d]
V  [jvm.dll+0x6d626d]
C  [ucrtbase.dll+0x37b0]
C  [KERNEL32.DLL+0x2e8d7]
C  [ntdll.dll+0x8c48c]


---------------  P R O C E S S  ---------------

Threads class SMR info:
_java_thread_list=0x000001c3596a1920, length=13, elements={
0x000001c37caeb0b0, 0x000001c3593448b0, 0x000001c359345870, 0x000001c3593518d0,
0x000001c359351240, 0x000001c35934f800, 0x000001c35934e450, 0x000001c35936a370,
0x000001c35936ca40, 0x000001c35958db00, 0x000001c359350520, 0x000001c35934f170,
0x000001c3597566c0
}

Java Threads: ( => current thread )
  0x000001c37caeb0b0 JavaThread "main"                              [_thread_in_Java, id=7512, stack(0x00000035f9700000,0x00000035f9800000) (1024K)]
  0x000001c3593448b0 JavaThread "Reference Handler"          daemon [_thread_blocked, id=23688, stack(0x00000035f9b00000,0x00000035f9c00000) (1024K)]
  0x000001c359345870 JavaThread "Finalizer"                  daemon [_thread_blocked, id=21036, stack(0x00000035f9c00000,0x00000035f9d00000) (1024K)]
  0x000001c3593518d0 JavaThread "Signal Dispatcher"          daemon [_thread_blocked, id=23604, stack(0x00000035f9d00000,0x00000035f9e00000) (1024K)]
  0x000001c359351240 JavaThread "Attach Listener"            daemon [_thread_blocked, id=6492, stack(0x00000035f9e00000,0x00000035f9f00000) (1024K)]
  0x000001c35934f800 JavaThread "Service Thread"             daemon [_thread_blocked, id=5924, stack(0x00000035f9f00000,0x00000035fa000000) (1024K)]
  0x000001c35934e450 JavaThread "Monitor Deflation Thread"   daemon [_thread_blocked, id=11492, stack(0x00000035fa000000,0x00000035fa100000) (1024K)]
=>0x000001c35936a370 JavaThread "C2 CompilerThread0"         daemon [_thread_in_native, id=23716, stack(0x00000035fa100000,0x00000035fa200000) (1024K)]
  0x000001c35936ca40 JavaThread "C1 CompilerThread0"         daemon [_thread_blocked, id=9572, stack(0x00000035fa200000,0x00000035fa300000) (1024K)]
  0x000001c35958db00 JavaThread "C2 CompilerThread1"         daemon [_thread_blocked, id=19080, stack(0x00000035fa300000,0x00000035fa400000) (1024K)]
  0x000001c359350520 JavaThread "Common-Cleaner"             daemon [_thread_blocked, id=4304, stack(0x00000035fa400000,0x00000035fa500000) (1024K)]
  0x000001c35934f170 JavaThread "Notification Thread"        daemon [_thread_blocked, id=5416, stack(0x00000035fa500000,0x00000035fa600000) (1024K)]
  0x000001c3597566c0 JavaThread "C2 CompilerThread2"         daemon [_thread_blocked, id=16988, stack(0x00000035fa600000,0x00000035fa700000) (1024K)]
Total: 13

Other Threads:
  0x000001c316324760 VMThread "VM Thread"                           [id=3804, stack(0x00000035f9a00000,0x00000035f9b00000) (1024K)]
  0x000001c31621ca00 WatcherThread "VM Periodic Task Thread"        [id=19548, stack(0x00000035f9900000,0x00000035f9a00000) (1024K)]
  0x000001c37ee73670 WorkerThread "GC Thread#0"                     [id=10580, stack(0x00000035f9800000,0x00000035f9900000) (1024K)]
Total: 3

Threads with active compile tasks:
C2 CompilerThread0  7007  653       4       lombok.patcher.scripts.MethodLevelPatchScript::patch (21 bytes)
Total: 1

VM state: not at safepoint (normal execution)

VM Mutex/Monitor currently owned by a thread: None

Heap address: 0x0000000080000000, size: 2048 MB, Compressed Oops mode: 32-bit

CDS archive(s) mapped at: [0x000001c317000000-0x000001c317ba0000-0x000001c317ba0000), size 12189696, SharedBaseAddress: 0x000001c317000000, ArchiveRelocationMode: 1.
Compressed class space mapped at: 0x000001c318000000-0x000001c358000000, reserved size: 1073741824
Narrow klass base: 0x000001c317000000, Narrow klass shift: 0, Narrow klass range: 0x100000000

GC Precious Log:
 CardTable entry size: 512
 CPUs: 12 total, 12 available
 Memory: 16076M
 Large Page Support: Disabled
 NUMA Support: Disabled
 Compressed Oops: Enabled (32-bit)
 Alignments: Space 512K, Generation 512K, Heap 2M
 Heap Min Capacity: 100M
 Heap Initial Capacity: 100M
 Heap Max Capacity: 2G
 Pre-touch: Disabled
 Parallel Workers: 10

Heap:
 PSYoungGen      total 29696K, used 16069K [0x00000000d5580000, 0x00000000d7680000, 0x0000000100000000)
  eden space 25600K, 62% used [0x00000000d5580000,0x00000000d6531488,0x00000000d6e80000)
  from space 4096K, 0% used [0x00000000d7280000,0x00000000d7280000,0x00000000d7680000)
  to   space 4096K, 0% used [0x00000000d6e80000,0x00000000d6e80000,0x00000000d7280000)
 ParOldGen       total 68608K, used 0K [0x0000000080000000, 0x0000000084300000, 0x00000000d5580000)
  object space 68608K, 0% used [0x0000000080000000,0x0000000080000000,0x0000000084300000)
 Metaspace       used 3083K, committed 3264K, reserved 1114112K
  class space    used 319K, committed 384K, reserved 1048576K

Card table byte_map: [0x000001c37e7f0000,0x000001c37ec00000] _byte_map_base: 0x000001c37e3f0000

Marking Bits: (ParMarkBitMap*) 0x00007ff9bc5e3450
 Begin Bits: [0x000001c312140000, 0x000001c314140000)
 End Bits:   [0x000001c314140000, 0x000001c316140000)

Polling page: 0x000001c37cdd0000

Metaspace:

Usage:
  Non-class:      2.70 MB used.
      Class:    319.30 KB used.
       Both:      3.01 MB used.

Virtual space:
  Non-class space:       64.00 MB reserved,       2.81 MB (  4%) committed,  1 nodes.
      Class space:        1.00 GB reserved,     384.00 KB ( <1%) committed,  1 nodes.
             Both:        1.06 GB reserved,       3.19 MB ( <1%) committed. 

Chunk freelists:
   Non-Class:  11.54 MB
       Class:  15.65 MB
        Both:  27.19 MB

MaxMetaspaceSize: unlimited
CompressedClassSpaceSize: 1.00 GB
Initial GC threshold: 21.00 MB
Current GC threshold: 21.00 MB
CDS: on
 - commit_granule_bytes: 65536.
 - commit_granule_words: 8192.
 - virtual_space_node_default_size: 8388608.
 - enlarge_chunks_in_place: 1.
 - use_allocation_guard: 0.


Internal statistics:

num_allocs_failed_limit: 0.
num_arena_births: 112.
num_arena_deaths: 0.
num_vsnodes_births: 2.
num_vsnodes_deaths: 0.
num_space_committed: 51.
num_space_uncommitted: 0.
num_chunks_returned_to_freelist: 0.
num_chunks_taken_from_freelist: 140.
num_chunk_merges: 0.
num_chunk_splits: 97.
num_chunks_enlarged: 60.
num_inconsistent_stats: 0.

CodeHeap 'non-profiled nmethods': size=120000Kb used=301Kb max_used=301Kb free=119698Kb
 bounds [0x000001c30ac10000, 0x000001c30ae80000, 0x000001c312140000]
CodeHeap 'profiled nmethods': size=120000Kb used=1169Kb max_used=1169Kb free=118830Kb
 bounds [0x000001c303140000, 0x000001c3033b0000, 0x000001c30a670000]
CodeHeap 'non-nmethods': size=5760Kb used=1188Kb max_used=1217Kb free=4571Kb
 bounds [0x000001c30a670000, 0x000001c30a8e0000, 0x000001c30ac10000]
CodeCache: size=245760Kb, used=2658Kb, max_used=2687Kb, free=243099Kb
 total_blobs=1233, nmethods=786, adapters=354, full_count=0
Compilation: enabled, stopped_count=0, restarted_count=0

Compilation events (20 events):
Event: 2.817 Thread 0x000001c35958db00  717 %     4       sun.security.provider.SHA2::implCompress0 @ 204 (448 bytes)
Event: 2.819 Thread 0x000001c35936ca40  718       3       java.lang.ClassLoader::findLoadedClass (15 bytes)
Event: 2.820 Thread 0x000001c35936ca40 nmethod 718 0x000001c30324f190 code [0x000001c30324f360, 0x000001c30324f548]
Event: 2.821 Thread 0x000001c35936ca40  719       3       java.util.Arrays::copyOf (10 bytes)
Event: 2.821 Thread 0x000001c35936ca40 nmethod 719 0x000001c30324f610 code [0x000001c30324f7c0, 0x000001c30324f910]
Event: 2.830 Thread 0x000001c35936ca40  721       3       java.lang.invoke.MemberName::isResolved (13 bytes)
Event: 2.831 Thread 0x000001c35936ca40 nmethod 721 0x000001c30324fa10 code [0x000001c30324fba0, 0x000001c30324fd00]
Event: 2.841 Thread 0x000001c35936ca40  723       1       jdk.internal.loader.BuiltinClassLoader$LoadedModule::loader (5 bytes)
Event: 2.843 Thread 0x000001c35936ca40 nmethod 723 0x000001c30ac52190 code [0x000001c30ac52320, 0x000001c30ac523e8]
Event: 2.859 Thread 0x000001c35936ca40  725       3       java.util.ImmutableCollections$ListN::get (7 bytes)
Event: 2.861 Thread 0x000001c35936ca40 nmethod 725 0x000001c30324fd90 code [0x000001c30324ff20, 0x000001c303250058]
Event: 2.863 Thread 0x000001c35936ca40  726       1       java.lang.Module::getDescriptor (5 bytes)
Event: 2.864 Thread 0x000001c35936ca40 nmethod 726 0x000001c30ac52490 code [0x000001c30ac52620, 0x000001c30ac526e8]
Event: 2.866 Thread 0x000001c35936ca40  727       3       java.util.ImmutableCollections$List12::get (35 bytes)
Event: 2.870 Thread 0x000001c35936ca40 nmethod 727 0x000001c303250110 code [0x000001c3032502c0, 0x000001c303250558]
Event: 2.886 Thread 0x000001c35936ca40  728       3       java.lang.StringUTF16::compress (47 bytes)
Event: 2.888 Thread 0x000001c35936ca40 nmethod 728 0x000001c303250610 code [0x000001c3032507c0, 0x000001c303250a08]
Event: 2.888 Thread 0x000001c35936ca40  729       3       java.util.Properties$LineReader::readLine (584 bytes)
Event: 2.895 Thread 0x000001c35936ca40 nmethod 729 0x000001c303250b90 code [0x000001c303250f60, 0x000001c303253538]
Event: 2.895 Thread 0x000001c35936ca40  731       3       java.util.Properties::loadConvert (540 bytes)

GC Heap History (0 events):
No events

Dll operation events (8 events):
Event: 0.027 Loaded shared library c:\Users\dhruv\.vscode\extensions\redhat.java-1.53.0-win32-x64\jre\21.0.10-win32-x86_64\bin\java.dll
Event: 0.167 Loaded shared library c:\Users\dhruv\.vscode\extensions\redhat.java-1.53.0-win32-x64\jre\21.0.10-win32-x86_64\bin\zip.dll
Event: 0.195 Loaded shared library C:\Users\dhruv\.vscode\extensions\redhat.java-1.53.0-win32-x64\jre\21.0.10-win32-x86_64\bin\instrument.dll
Event: 0.204 Loaded shared library C:\Users\dhruv\.vscode\extensions\redhat.java-1.53.0-win32-x64\jre\21.0.10-win32-x86_64\bin\net.dll
Event: 0.209 Loaded shared library C:\Users\dhruv\.vscode\extensions\redhat.java-1.53.0-win32-x64\jre\21.0.10-win32-x86_64\bin\nio.dll
Event: 0.215 Loaded shared library C:\Users\dhruv\.vscode\extensions\redhat.java-1.53.0-win32-x64\jre\21.0.10-win32-x86_64\bin\zip.dll
Event: 0.253 Loaded shared library C:\Users\dhruv\.vscode\extensions\redhat.java-1.53.0-win32-x64\jre\21.0.10-win32-x86_64\bin\jimage.dll
Event: 0.372 Loaded shared library c:\Users\dhruv\.vscode\extensions\redhat.java-1.53.0-win32-x64\jre\21.0.10-win32-x86_64\bin\verify.dll

Deoptimization events (20 events):
Event: 0.687 Thread 0x000001c37caeb0b0 Uncommon trap: trap_request=0xffffff45 fr.pc=0x000001c30ac31874 relative=0x00000000000000d4
Event: 0.687 Thread 0x000001c37caeb0b0 Uncommon trap: reason=unstable_if action=reinterpret pc=0x000001c30ac31874 method=java.net.URI.match(CJJ)Z @ 45 c2
Event: 0.688 Thread 0x000001c37caeb0b0 DEOPT PACKING pc=0x000001c30ac31874 sp=0x00000035f97fd010
Event: 0.688 Thread 0x000001c37caeb0b0 DEOPT UNPACKING pc=0x000001c30a6c3aa2 sp=0x00000035f97fcf78 mode 2
Event: 0.758 Thread 0x000001c37caeb0b0 Uncommon trap: trap_request=0xffffff45 fr.pc=0x000001c30ac30324 relative=0x0000000000000184
Event: 0.758 Thread 0x000001c37caeb0b0 Uncommon trap: reason=unstable_if action=reinterpret pc=0x000001c30ac30324 method=java.lang.StringUTF16.compress([CI[BII)I @ 20 c2
Event: 0.758 Thread 0x000001c37caeb0b0 DEOPT PACKING pc=0x000001c30ac30324 sp=0x00000035f97fbca0
Event: 0.758 Thread 0x000001c37caeb0b0 DEOPT UNPACKING pc=0x000001c30a6c3aa2 sp=0x00000035f97fbc10 mode 2
Event: 0.770 Thread 0x000001c37caeb0b0 DEOPT PACKING pc=0x000001c303231784 sp=0x00000035f97fd680
Event: 0.770 Thread 0x000001c37caeb0b0 DEOPT UNPACKING pc=0x000001c30a6c4242 sp=0x00000035f97fcad8 mode 0
Event: 0.770 Thread 0x000001c37caeb0b0 DEOPT PACKING pc=0x000001c303231784 sp=0x00000035f97fd680
Event: 0.770 Thread 0x000001c37caeb0b0 DEOPT UNPACKING pc=0x000001c30a6c4242 sp=0x00000035f97fcad8 mode 0
Event: 0.770 Thread 0x000001c37caeb0b0 DEOPT PACKING pc=0x000001c303231784 sp=0x00000035f97fd7a0
Event: 0.770 Thread 0x000001c37caeb0b0 DEOPT UNPACKING pc=0x000001c30a6c4242 sp=0x00000035f97fcbf8 mode 0
Event: 0.770 Thread 0x000001c37caeb0b0 DEOPT PACKING pc=0x000001c303231784 sp=0x00000035f97fd7a0
Event: 0.770 Thread 0x000001c37caeb0b0 DEOPT UNPACKING pc=0x000001c30a6c4242 sp=0x00000035f97fcbf8 mode 0
Event: 0.777 Thread 0x000001c37caeb0b0 Uncommon trap: trap_request=0xffffff6e fr.pc=0x000001c30ac4de9c relative=0x00000000000001fc
Event: 0.777 Thread 0x000001c37caeb0b0 Uncommon trap: reason=loop_limit_check action=maybe_recompile pc=0x000001c30ac4de9c method=java.math.BigInteger.implMulAdd([I[IIII)I @ 26 c2
Event: 0.777 Thread 0x000001c37caeb0b0 DEOPT PACKING pc=0x000001c30ac4de9c sp=0x00000035f97fd870
Event: 0.777 Thread 0x000001c37caeb0b0 DEOPT UNPACKING pc=0x000001c30a6c3aa2 sp=0x00000035f97fd7c0 mode 2

Classes loaded (20 events):
Event: 2.812 Loading class java/net/URISyntaxException
Event: 2.813 Loading class java/net/URISyntaxException done
Event: 2.818 Loading class java/security/Policy
Event: 2.819 Loading class java/security/Policy done
Event: 2.822 Loading class java/lang/SecurityException
Event: 2.822 Loading class java/lang/SecurityException done
Event: 2.825 Loading class java/nio/file/attribute/PosixFilePermissions
Event: 2.825 Loading class java/nio/file/attribute/PosixFilePermissions done
Event: 2.826 Loading class java/nio/file/attribute/PosixFilePermission
Event: 2.826 Loading class java/nio/file/attribute/PosixFilePermission done
Event: 2.827 Loading class java/lang/Thread$ThreadNumbering
Event: 2.827 Loading class java/lang/Thread$ThreadNumbering done
Event: 2.846 Loading class java/net/URL$ThreadTrackHolder
Event: 2.847 Loading class java/net/URL$ThreadTrackHolder done
Event: 2.847 Loading class java/net/URL$2
Event: 2.847 Loading class java/net/URL$2 done
Event: 2.849 Loading class java/net/URL$1
Event: 2.849 Loading class java/net/URL$1 done
Event: 2.850 Loading class java/net/spi/URLStreamHandlerProvider
Event: 2.852 Loading class java/net/spi/URLStreamHandlerProvider done

Classes unloaded (0 events):
No events

Classes redefined (0 events):
No events

Internal exceptions (14 events):
Event: 0.165 Thread 0x000001c37caeb0b0 Exception <a 'java/lang/NoSuchMethodError'{0x00000000d57a91e8}: 'void java.lang.invoke.DirectMethodHandle$Holder.invokeStatic(java.lang.Object, java.lang.Object, java.lang.Object)'> (0x00000000d57a91e8) 
thrown [s\src\hotspot\share\interpreter\linkResolver.cpp, line 773]
Event: 0.241 Thread 0x000001c37caeb0b0 Exception <a 'java/lang/NoSuchMethodError'{0x00000000d5911b70}: 'java.lang.Object java.lang.invoke.Invokers$Holder.invokeExact_MT(java.lang.Object, java.lang.Object, java.lang.Object, java.lang.Object, java.lang.Object)'> (0x00000000d5911b70) 
thrown [s\src\hotspot\share\interpreter\linkResolver.cpp, line 773]
Event: 0.325 Thread 0x000001c37caeb0b0 Exception <a 'java/lang/NoSuchMethodError'{0x00000000d59ca5e8}: 'int java.lang.invoke.DirectMethodHandle$Holder.invokeSpecial(java.lang.Object, java.lang.Object, java.lang.Object, int)'> (0x00000000d59ca5e8) 
thrown [s\src\hotspot\share\interpreter\linkResolver.cpp, line 773]
Event: 0.327 Thread 0x000001c37caeb0b0 Exception <a 'java/lang/NoSuchMethodError'{0x00000000d59dcfd0}: 'java.lang.Object java.lang.invoke.DirectMethodHandle$Holder.invokeStatic(java.lang.Object, java.lang.Object, java.lang.Object, java.lang.Object, int)'> (0x00000000d59dcfd0) 
thrown [s\src\hotspot\share\interpreter\linkResolver.cpp, line 773]
Event: 0.329 Thread 0x000001c37caeb0b0 Exception <a 'java/lang/NoSuchMethodError'{0x00000000d59e8410}: 'void java.lang.invoke.DelegatingMethodHandle$Holder.reinvoke_L(java.lang.Object, java.lang.Object, java.lang.Object, int, java.lang.Object)'> (0x00000000d59e8410) 
thrown [s\src\hotspot\share\interpreter\linkResolver.cpp, line 773]
Event: 0.333 Thread 0x000001c37caeb0b0 Exception <a 'java/lang/NoSuchMethodError'{0x00000000d59f8d60}: 'int java.lang.invoke.DirectMethodHandle$Holder.invokeSpecial(java.lang.Object, java.lang.Object, java.lang.Object)'> (0x00000000d59f8d60) 
thrown [s\src\hotspot\share\interpreter\linkResolver.cpp, line 773]
Event: 0.335 Thread 0x000001c37caeb0b0 Exception <a 'java/lang/NoSuchMethodError'{0x00000000d5a04a20}: 'java.lang.Object java.lang.invoke.DirectMethodHandle$Holder.invokeStatic(java.lang.Object, java.lang.Object, int)'> (0x00000000d5a04a20) 
thrown [s\src\hotspot\share\interpreter\linkResolver.cpp, line 773]
Event: 0.336 Thread 0x000001c37caeb0b0 Exception <a 'java/lang/NoSuchMethodError'{0x00000000d5a09370}: 'void java.lang.invoke.DirectMethodHandle$Holder.invokeStatic(java.lang.Object, java.lang.Object, int, java.lang.Object)'> (0x00000000d5a09370) 
thrown [s\src\hotspot\share\interpreter\linkResolver.cpp, line 773]
Event: 0.336 Thread 0x000001c37caeb0b0 Exception <a 'java/lang/NoSuchMethodError'{0x00000000d5a0cf00}: 'void java.lang.invoke.DirectMethodHandle$Holder.invokeSpecial(java.lang.Object, java.lang.Object, java.lang.Object, int, java.lang.Object)'> (0x00000000d5a0cf00) 
thrown [s\src\hotspot\share\interpreter\linkResolver.cpp, line 773]
Event: 0.337 Thread 0x000001c37caeb0b0 Exception <a 'java/lang/NoSuchMethodError'{0x00000000d5a10370}: 'void java.lang.invoke.DelegatingMethodHandle$Holder.delegate(java.lang.Object, java.lang.Object, int, java.lang.Object)'> (0x00000000d5a10370) 
thrown [s\src\hotspot\share\interpreter\linkResolver.cpp, line 773]
Event: 0.421 Thread 0x000001c37caeb0b0 Exception <a 'java/lang/NoSuchMethodError'{0x00000000d5bcf1e0}: 'void java.lang.invoke.DelegatingMethodHandle$Holder.reinvoke_L(java.lang.Object, java.lang.Object, java.lang.Object, int)'> (0x00000000d5bcf1e0) 
thrown [s\src\hotspot\share\interpreter\linkResolver.cpp, line 773]
Event: 0.657 Thread 0x000001c37caeb0b0 Exception <a 'java/lang/NoSuchMethodError'{0x00000000d605ae18}: 'void java.lang.invoke.DirectMethodHandle$Holder.invokeVirtual(java.lang.Object, java.lang.Object)'> (0x00000000d605ae18) 
thrown [s\src\hotspot\share\interpreter\linkResolver.cpp, line 773]
Event: 2.831 Thread 0x000001c37caeb0b0 Exception <a 'java/lang/NoSuchMethodError'{0x00000000d6440dc0}: 'void java.lang.invoke.DirectMethodHandle$Holder.invokeStatic(java.lang.Object, java.lang.Object)'> (0x00000000d6440dc0) 
thrown [s\src\hotspot\share\interpreter\linkResolver.cpp, line 773]
Event: 2.870 Thread 0x000001c37caeb0b0 Exception <a 'java/lang/ClassNotFoundException'{0x00000000d6468eb8}: sun/net/www/protocol/c/Handler> (0x00000000d6468eb8) 
thrown [s\src\hotspot\share\classfile\systemDictionary.cpp, line 312]

ZGC Phase Switch (0 events):
No events

VM Operations (11 events):
Event: 0.277 Executing non-safepoint VM operation: HandshakeAllThreads (Deoptimize)
Event: 0.277 Executing non-safepoint VM operation: HandshakeAllThreads (Deoptimize) done
Event: 0.784 Executing non-safepoint VM operation: HandshakeAllThreads (Deoptimize)
Event: 0.784 Executing non-safepoint VM operation: HandshakeAllThreads (Deoptimize) done
Event: 1.786 Executing safepoint VM operation: Cleanup
Event: 1.787 Executing safepoint VM operation: Cleanup done
Event: 2.798 Executing safepoint VM operation: Cleanup
Event: 2.798 Executing safepoint VM operation: Cleanup done
Event: 2.818 Executing non-safepoint VM operation: HandshakeAllThreads (Deoptimize)
Event: 2.818 Executing non-safepoint VM operation: HandshakeAllThreads (Deoptimize) done
Event: 3.822 Executing safepoint VM operation: Cleanup

Memory protections (0 events):
No events

Nmethod flushes (0 events):
No events

Events (13 events):
Event: 0.074 Thread 0x000001c37caeb0b0 Thread added: 0x000001c37caeb0b0
Event: 0.111 Thread 0x000001c37caeb0b0 Thread added: 0x000001c3593448b0
Event: 0.111 Thread 0x000001c37caeb0b0 Thread added: 0x000001c359345870
Event: 0.112 Thread 0x000001c37caeb0b0 Thread added: 0x000001c3593518d0
Event: 0.112 Thread 0x000001c37caeb0b0 Thread added: 0x000001c359351240
Event: 0.112 Thread 0x000001c37caeb0b0 Thread added: 0x000001c35934f800
Event: 0.113 Thread 0x000001c37caeb0b0 Thread added: 0x000001c35934e450
Event: 0.113 Thread 0x000001c37caeb0b0 Thread added: 0x000001c35936a370
Event: 0.113 Thread 0x000001c37caeb0b0 Thread added: 0x000001c35936ca40
Event: 0.176 Thread 0x000001c35936ca40 Thread added: 0x000001c35958db00
Event: 0.198 Thread 0x000001c37caeb0b0 Thread added: 0x000001c359350520
Event: 0.590 Thread 0x000001c37caeb0b0 Thread added: 0x000001c35934f170
Event: 0.715 Thread 0x000001c35936ca40 Thread added: 0x000001c3597566c0


Dynamic libraries:
0x00007ff7574e0000 - 0x00007ff7574ee000 	c:\Users\dhruv\.vscode\extensions\redhat.java-1.53.0-win32-x64\jre\21.0.10-win32-x86_64\bin\java.exe
0x00007ffa6c8a0000 - 0x00007ffa6cb07000 	C:\Windows\SYSTEM32\ntdll.dll
0x00007ffa6bfa0000 - 0x00007ffa6c069000 	C:\Windows\System32\KERNEL32.DLL
0x00007ffa69fc0000 - 0x00007ffa6a3b1000 	C:\Windows\System32\KERNELBASE.dll
0x00007ffa693d0000 - 0x00007ffa6951b000 	C:\Windows\System32\ucrtbase.dll
0x00007ff9d5b20000 - 0x00007ff9d5b38000 	c:\Users\dhruv\.vscode\extensions\redhat.java-1.53.0-win32-x64\jre\21.0.10-win32-x86_64\bin\jli.dll
0x00007ff9d43c0000 - 0x00007ff9d43de000 	c:\Users\dhruv\.vscode\extensions\redhat.java-1.53.0-win32-x64\jre\21.0.10-win32-x86_64\bin\VCRUNTIME140.dll
0x00007ffa6b100000 - 0x00007ffa6b2c5000 	C:\Windows\System32\USER32.dll
0x00007ffa4a450000 - 0x00007ffa4a6e3000 	C:\Windows\WinSxS\amd64_microsoft.windows.common-controls_6595b64144ccf1df_6.0.26100.8037_none_3e092faae333b53b\COMCTL32.dll
0x00007ffa69180000 - 0x00007ffa691a7000 	C:\Windows\System32\win32u.dll
0x00007ffa6b3d0000 - 0x00007ffa6b479000 	C:\Windows\System32\msvcrt.dll
0x00007ffa6c600000 - 0x00007ffa6c62b000 	C:\Windows\System32\GDI32.dll
0x00007ffa6a510000 - 0x00007ffa6a63b000 	C:\Windows\System32\gdi32full.dll
0x00007ffa691b0000 - 0x00007ffa69253000 	C:\Windows\System32\msvcp_win.dll
0x00007ffa6c760000 - 0x00007ffa6c791000 	C:\Windows\System32\IMM32.DLL
0x00007ffa39f70000 - 0x00007ffa39f7c000 	c:\Users\dhruv\.vscode\extensions\redhat.java-1.53.0-win32-x64\jre\21.0.10-win32-x86_64\bin\vcruntime140_1.dll
0x00007ff9ca080000 - 0x00007ff9ca10d000 	c:\Users\dhruv\.vscode\extensions\redhat.java-1.53.0-win32-x64\jre\21.0.10-win32-x86_64\bin\msvcp140.dll
0x00007ff9bb920000 - 0x00007ff9bc6c1000 	c:\Users\dhruv\.vscode\extensions\redhat.java-1.53.0-win32-x64\jre\21.0.10-win32-x86_64\bin\server\jvm.dll
0x00007ffa6c630000 - 0x00007ffa6c6eb000 	C:\Windows\System32\ADVAPI32.dll
0x00007ffa6ad90000 - 0x00007ffa6ae37000 	C:\Windows\System32\sechost.dll
0x00007ffa6af50000 - 0x00007ffa6b068000 	C:\Windows\System32\RPCRT4.dll
0x00007ffa6ae40000 - 0x00007ffa6aeb4000 	C:\Windows\System32\WS2_32.dll
0x00007ffa68fe0000 - 0x00007ffa6903e000 	C:\Windows\SYSTEM32\POWRPROF.dll
0x00007ffa4b4a0000 - 0x00007ffa4b4ab000 	C:\Windows\SYSTEM32\VERSION.dll
0x00007ffa5ebf0000 - 0x00007ffa5ec25000 	C:\Windows\SYSTEM32\WINMM.dll
0x00007ffa68fc0000 - 0x00007ffa68fd4000 	C:\Windows\SYSTEM32\UMPDC.dll
0x00007ffa67ee0000 - 0x00007ffa67efb000 	C:\Windows\SYSTEM32\kernel.appcore.dll
0x00007ffa39d00000 - 0x00007ffa39d0a000 	c:\Users\dhruv\.vscode\extensions\redhat.java-1.53.0-win32-x64\jre\21.0.10-win32-x86_64\bin\jimage.dll
0x00007ffa66e70000 - 0x00007ffa670b2000 	C:\Windows\SYSTEM32\DBGHELP.DLL
0x00007ffa6c270000 - 0x00007ffa6c5f2000 	C:\Windows\System32\combase.dll
0x00007ffa6b480000 - 0x00007ffa6b557000 	C:\Windows\System32\OLEAUT32.dll
0x00007ffa47b70000 - 0x00007ffa47bab000 	C:\Windows\SYSTEM32\dbgcore.DLL
0x00007ffa69520000 - 0x00007ffa695c5000 	C:\Windows\System32\bcryptPrimitives.dll
0x00007ffa4c950000 - 0x00007ffa4c95f000 	c:\Users\dhruv\.vscode\extensions\redhat.java-1.53.0-win32-x64\jre\21.0.10-win32-x86_64\bin\instrument.dll
0x00007ff9cee50000 - 0x00007ff9cee70000 	c:\Users\dhruv\.vscode\extensions\redhat.java-1.53.0-win32-x64\jre\21.0.10-win32-x86_64\bin\java.dll
0x00007ffa6b6c0000 - 0x00007ffa6be1f000 	C:\Windows\System32\SHELL32.dll
0x00007ffa69260000 - 0x00007ffa693ca000 	C:\Windows\System32\wintypes.dll
0x00007ffa695d0000 - 0x00007ffa69e34000 	C:\Windows\System32\windows.storage.dll
0x00007ffa6ac90000 - 0x00007ffa6ad87000 	C:\Windows\System32\SHCORE.dll
0x00007ffa6c6f0000 - 0x00007ffa6c757000 	C:\Windows\System32\shlwapi.dll
0x00007ffa690a0000 - 0x00007ffa690c9000 	C:\Windows\SYSTEM32\profapi.dll
0x00007ff9cee30000 - 0x00007ff9cee48000 	c:\Users\dhruv\.vscode\extensions\redhat.java-1.53.0-win32-x64\jre\21.0.10-win32-x86_64\bin\zip.dll
0x00007ffa4c940000 - 0x00007ffa4c950000 	C:\Users\dhruv\.vscode\extensions\redhat.java-1.53.0-win32-x64\jre\21.0.10-win32-x86_64\bin\net.dll
0x00007ffa5f540000 - 0x00007ffa5f667000 	C:\Windows\SYSTEM32\WINHTTP.dll
0x00007ffa68460000 - 0x00007ffa684cb000 	C:\Windows\system32\mswsock.dll
0x00007ffa4c8d0000 - 0x00007ffa4c8e6000 	C:\Users\dhruv\.vscode\extensions\redhat.java-1.53.0-win32-x64\jre\21.0.10-win32-x86_64\bin\nio.dll
0x00007ffa4c930000 - 0x00007ffa4c940000 	c:\Users\dhruv\.vscode\extensions\redhat.java-1.53.0-win32-x64\jre\21.0.10-win32-x86_64\bin\verify.dll

JVMTI agents:
c:\Users\dhruv\.vscode\extensions\redhat.java-1.53.0-win32-x64\lombok\lombok-1.18.39-4050.jar path:c:\Users\dhruv\.vscode\extensions\redhat.java-1.53.0-win32-x64\jre\21.0.10-win32-x86_64\bin\instrument.dll, loaded, initialized, instrumentlib options:none

dbghelp: loaded successfully - version: 4.0.5 - missing functions: none
symbol engine: initialized successfully - sym options: 0x614 - pdb path: .;c:\Users\dhruv\.vscode\extensions\redhat.java-1.53.0-win32-x64\jre\21.0.10-win32-x86_64\bin;C:\Windows\SYSTEM32;C:\Windows\WinSxS\amd64_microsoft.windows.common-controls_6595b64144ccf1df_6.0.26100.8037_none_3e092faae333b53b;c:\Users\dhruv\.vscode\extensions\redhat.java-1.53.0-win32-x64\jre\21.0.10-win32-x86_64\bin\server

VM Arguments:
jvm_args: --add-modules=ALL-SYSTEM --add-opens=java.base/java.util=ALL-UNNAMED --add-opens=java.base/java.lang=ALL-UNNAMED --add-opens=java.base/sun.nio.fs=ALL-UNNAMED -Declipse.application=org.eclipse.jdt.ls.core.id1 -Dosgi.bundles.defaultStartLevel=4 -Declipse.product=org.eclipse.jdt.ls.core.product -Djava.import.generatesMetadataFilesAtProjectRoot=false -DDetectVMInstallationsJob.disabled=true -Dfile.encoding=utf8 -XX:+UseParallelGC -XX:GCTimeRatio=4 -XX:AdaptiveSizePolicyWeight=90 -Dsun.zip.disableMemoryMapping=true -Xmx2G -Xms100m -Xlog:disable -javaagent:c:\Users\dhruv\.vscode\extensions\redhat.java-1.53.0-win32-x64\lombok\lombok-1.18.39-4050.jar -XX:+HeapDumpOnOutOfMemoryError -XX:HeapDumpPath=c:\Users\dhruv\AppData\Roaming\Code\User\workspaceStorage\7d28d01f3346ece97dc27ea15ebc63fd\redhat.java -Daether.dependencyCollector.impl=bf 
java_command: c:\Users\dhruv\.vscode\extensions\redhat.java-1.53.0-win32-x64\server\plugins\org.eclipse.equinox.launcher_1.7.100.v20251111-0406.jar -configuration c:\Users\dhruv\AppData\Roaming\Code\User\globalStorage\redhat.java\1.53.0\config_win -data c:\Users\dhruv\AppData\Roaming\Code\User\workspaceStorage\7d28d01f3346ece97dc27ea15ebc63fd\redhat.java\jdt_ws --pipe=\\.\pipe\lsp-d75d6d16c5d6b1914b8152f113e29358-sock
java_class_path (initial): c:\Users\dhruv\.vscode\extensions\redhat.java-1.53.0-win32-x64\server\plugins\org.eclipse.equinox.launcher_1.7.100.v20251111-0406.jar
Launcher Type: SUN_STANDARD

[Global flags]
    uintx AdaptiveSizePolicyWeight                 = 90                                        {product} {command line}
     intx CICompilerCount                          = 4                                         {product} {ergonomic}
    uintx GCTimeRatio                              = 4                                         {product} {command line}
     bool HeapDumpOnOutOfMemoryError               = true                                   {manageable} {command line}
    ccstr HeapDumpPath                             = c:\Users\dhruv\AppData\Roaming\Code\User\workspaceStorage\7d28d01f3346ece97dc27ea15ebc63fd\redhat.java         {manageable} {command line}
   size_t InitialHeapSize                          = 104857600                                 {product} {command line}
   size_t MaxHeapSize                              = 2147483648                                {product} {command line}
   size_t MaxNewSize                               = 715653120                                 {product} {ergonomic}
   size_t MinHeapDeltaBytes                        = 524288                                    {product} {ergonomic}
   size_t MinHeapSize                              = 104857600                                 {product} {command line}
   size_t NewSize                                  = 34603008                                  {product} {ergonomic}
    uintx NonNMethodCodeHeapSize                   = 5839372                                {pd product} {ergonomic}
    uintx NonProfiledCodeHeapSize                  = 122909434                              {pd product} {ergonomic}
   size_t OldSize                                  = 70254592                                  {product} {ergonomic}
    uintx ProfiledCodeHeapSize                     = 122909434                              {pd product} {ergonomic}
    uintx ReservedCodeCacheSize                    = 251658240                              {pd product} {ergonomic}
     bool SegmentedCodeCache                       = true                                      {product} {ergonomic}
   size_t SoftMaxHeapSize                          = 2147483648                             {manageable} {ergonomic}
     bool UseCompressedOops                        = true                           {product lp64_product} {ergonomic}
     bool UseLargePagesIndividualAllocation        = false                                  {pd product} {ergonomic}
     bool UseParallelGC                            = true                                      {product} {command line}

Logging:
Log output configuration:
 #0: stdout all=off uptime,level,tags foldmultilines=false
 #1: stderr all=off uptime,level,tags foldmultilines=false

Release file:
JAVA_VERSION="21.0.10" 
MODULES="java.base java.compiler java.datatransfer java.xml java.prefs java.desktop java.instrument java.logging java.management java.security.sasl java.naming java.rmi java.management.rmi java.net.http java.scripting java.security.jgss java.transaction.xa java.sql java.sql.rowset java.xml.crypto java.se java.smartcardio jdk.accessibility jdk.internal.jvmstat jdk.attach jdk.charsets jdk.internal.opt jdk.zipfs jdk.compiler jdk.crypto.ec jdk.crypto.cryptoki jdk.crypto.mscapi jdk.dynalink jdk.internal.ed jdk.editpad jdk.hotspot.agent jdk.httpserver jdk.internal.le jdk.internal.vm.ci jdk.internal.vm.compiler jdk.internal.vm.compiler.management jdk.jartool jdk.javadoc jdk.jcmd jdk.management jdk.management.agent jdk.jconsole jdk.jdeps jdk.jdwp.agent jdk.jdi jdk.jfr jdk.jshell jdk.jsobject jdk.jstatd jdk.localedata jdk.management.jfr jdk.naming.dns jdk.naming.rmi jdk.net jdk.nio.mapmode jdk.random jdk.sctp jdk.security.auth jdk.security.jgss jdk.unsupported jdk.unsupported.desktop jdk.xml.dom" 

Environment Variables:
PATH=C:\Users\dhruv\AppData\Local\Programs\Microsoft VS Code;C:\Program Files\Common Files\Oracle\Java\javapath;C:\Windows\system32;C:\Windows;C:\Windows\System32\Wbem;C:\Windows\System32\WindowsPowerShell\v1.0\;C:\Windows\System32\OpenSSH\;C:\Program Files\nodejs\;C:\Program Files\Git\cmd;C:\Program Files\MongoDB\Server\8.0\bin;C:\Program Files\MySQL\MySQL Server 8.0\bin;C:\Users\dhruv\Downloads\gradle-8.14.3\bin;C:\Program Files\Docker\Docker\resources\bin;C:\Program Files\Apache\MAVEN\bin;C:\Program Files\Apache\MAVEN\apache-maven-3.9.12\bin;C:\Program Files\MySQL\MySQL Shell 8.0\bin\;C:\Users\dhruv\AppData\Local\Microsoft\WindowsApps;C:\Users\dhruv\AppData\Local\Programs\Microsoft VS Code\bin;C:\Users\dhruv\AppData\Roaming\npm;C:\Program Files\JetBrains\IntelliJ IDEA Community Edition 2025.1.4.1\bin;;C:\Users\dhruv\AppData\Local\Programs\cursor\resources\app\bin
USERNAME=dhruv
OS=Windows_NT
PROCESSOR_IDENTIFIER=Intel64 Family 6 Model 186 Stepping 2, GenuineIntel
TMP=C:\Users\dhruv\AppData\Local\Temp
TEMP=C:\Users\dhruv\AppData\Local\Temp




Periodic native trim disabled

---------------  S Y S T E M  ---------------

OS:
 Windows 11 , 64 bit Build 26100 (10.0.26100.7920)
OS uptime: 0 days 14:46 hours
Hyper-V role detected

CPU: total 12 (initial active 12) (6 cores per cpu, 2 threads per core) family 6 model 186 stepping 2 microcode 0x6134, cx8, cmov, fxsr, ht, mmx, 3dnowpref, sse, sse2, sse3, ssse3, sse4.1, sse4.2, popcnt, lzcnt, tsc, tscinvbit, avx, avx2, aes, erms, clmul, bmi1, bmi2, adx, sha, fma, vzeroupper, clflush, clflushopt, clwb, hv, serialize, rdtscp, rdpid, fsrm, f16c, cet_ibt, cet_ss
Processor Information for processor 0
  Max Mhz: 2100, Current Mhz: 2100, Mhz Limit: 2100
Processor Information for processor 1
  Max Mhz: 2100, Current Mhz: 2100, Mhz Limit: 2100
Processor Information for processor 2
  Max Mhz: 2100, Current Mhz: 2100, Mhz Limit: 2100
Processor Information for processor 3
  Max Mhz: 2100, Current Mhz: 2100, Mhz Limit: 2100
Processor Information for processor 4
  Max Mhz: 2100, Current Mhz: 2100, Mhz Limit: 2100
Processor Information for processor 5
  Max Mhz: 2100, Current Mhz: 2100, Mhz Limit: 2100
Processor Information for processor 6
  Max Mhz: 2100, Current Mhz: 2100, Mhz Limit: 2100
Processor Information for processor 7
  Max Mhz: 2100, Current Mhz: 2100, Mhz Limit: 2100
Processor Information for processor 8
  Max Mhz: 2100, Current Mhz: 1500, Mhz Limit: 1491
Processor Information for processor 9
  Max Mhz: 2100, Current Mhz: 1500, Mhz Limit: 1491
Processor Information for processor 10
  Max Mhz: 2100, Current Mhz: 1500, Mhz Limit: 1491
Processor Information for processor 11
  Max Mhz: 2100, Current Mhz: 1500, Mhz Limit: 1491

Memory: 4k page, system-wide physical 16076M (2302M free)
TotalPageFile size 46395M (AvailPageFile size 6M)
current process WorkingSet (physical memory assigned to process): 63M, peak: 65M
current process commit charge ("private bytes"): 238M, peak: 241M

vm_info: OpenJDK 64-Bit Server VM (21.0.10+7-LTS) for windows-amd64 JRE (21.0.10+7-LTS), built on 2026-01-20T00:00:00Z by "admin" with MS VC++ 17.12 (VS2022)

END.
