#
# There is insufficient memory for the Java Runtime Environment to continue.
# Native memory allocation (malloc) failed to allocate 1138736 bytes. Error detail: Chunk::new
# Possible reasons:
#   The system is out of physical RAM or swap space
#   This process is running with CompressedOops enabled, and the Java Heap may be blocking the growth of the native heap
# Possible solutions:
#   Reduce memory load on the system
#   Increase physical memory or swap space
#   Check if swap backing store is full
#   Decrease Java heap size (-Xmx/-Xms)
#   Decrease number of Java threads
#   Decrease Java thread stack sizes (-Xss)
#   Set larger code cache with -XX:ReservedCodeCacheSize=
#   JVM is running with Unscaled Compressed Oops mode in which the Java heap is
#     placed in the first 4GB address space. The Java Heap base address is the
#     maximum limit for the native heap growth. Please use -XX:HeapBaseMinAddress
#     to set the Java Heap base and to place the Java Heap above 4GB virtual address.
# This output file may be truncated or incomplete.
#
#  Out of Memory Error (arena.cpp:168), pid=25288, tid=44896
#
# JRE version: OpenJDK Runtime Environment Temurin-21.0.10+7 (21.0.10+7) (build 21.0.10+7-LTS)
# Java VM: OpenJDK 64-Bit Server VM Temurin-21.0.10+7 (21.0.10+7-LTS, mixed mode, sharing, tiered, compressed oops, compressed class ptrs, parallel gc, windows-amd64)
# No core dump will be written. Minidumps are not enabled by default on client versions of Windows
#

---------------  S U M M A R Y ------------

Command Line: --add-modules=ALL-SYSTEM --add-opens=java.base/java.util=ALL-UNNAMED --add-opens=java.base/java.lang=ALL-UNNAMED --add-opens=java.base/sun.nio.fs=ALL-UNNAMED -Declipse.application=org.eclipse.jdt.ls.core.id1 -Dosgi.bundles.defaultStartLevel=4 -Declipse.product=org.eclipse.jdt.ls.core.product -Djava.import.generatesMetadataFilesAtProjectRoot=false -DDetectVMInstallationsJob.disabled=true -Dfile.encoding=utf8 -XX:+UseParallelGC -XX:GCTimeRatio=4 -XX:AdaptiveSizePolicyWeight=90 -Dsun.zip.disableMemoryMapping=true -Xmx2G -Xms100m -Xlog:disable -javaagent:c:\Users\dhruv\.vscode\extensions\redhat.java-1.53.0-win32-x64\lombok\lombok-1.18.39-4050.jar -XX:+HeapDumpOnOutOfMemoryError -XX:HeapDumpPath=c:\Users\dhruv\AppData\Roaming\Code\User\workspaceStorage\7d28d01f3346ece97dc27ea15ebc63fd\redhat.java -Daether.dependencyCollector.impl=bf c:\Users\dhruv\.vscode\extensions\redhat.java-1.53.0-win32-x64\server\plugins\org.eclipse.equinox.launcher_1.7.100.v20251111-0406.jar -configuration c:\Users\dhruv\AppData\Roaming\Code\User\globalStorage\redhat.java\1.53.0\config_win -data c:\Users\dhruv\AppData\Roaming\Code\User\workspaceStorage\7d28d01f3346ece97dc27ea15ebc63fd\redhat.java\jdt_ws --pipe=\\.\pipe\lsp-82ef7175cb120d7040222748ae23d369-sock

Host: 13th Gen Intel(R) Core(TM) i5-13420H, 12 cores, 15G,  Windows 11 , 64 bit Build 26100 (10.0.26100.7920)
Time: Sun Mar 29 14:09:59 2026 India Standard Time elapsed time: 17.131137 seconds (0d 0h 0m 17s)

---------------  T H R E A D  ---------------

Current thread (0x0000025f64e0ca80):  JavaThread "C2 CompilerThread1" daemon [_thread_in_native, id=44896, stack(0x000000d495500000,0x000000d495600000) (1024K)]


Current CompileTask:
C2:17131 4013       4       org.lombokweb.asm.ClassReader::readMethod (1070 bytes)

Stack: [0x000000d495500000,0x000000d495600000]
Native frames: (J=compiled Java code, j=interpreted, Vv=VM code, C=native code)
V  [jvm.dll+0x6d7a39]
V  [jvm.dll+0x8b4b26]
V  [jvm.dll+0x8b70de]
V  [jvm.dll+0x8b77c3]
V  [jvm.dll+0x284346]
V  [jvm.dll+0xc66ed]
V  [jvm.dll+0xc6c31]
V  [jvm.dll+0x3bec01]
V  [jvm.dll+0x38b162]
V  [jvm.dll+0x38a5aa]
V  [jvm.dll+0x24c560]
V  [jvm.dll+0x24bb40]
V  [jvm.dll+0x1cb34e]
V  [jvm.dll+0x25b85d]
V  [jvm.dll+0x259dea]
V  [jvm.dll+0x3f857e]
V  [jvm.dll+0x85f59d]
V  [jvm.dll+0x6d626d]
C  [ucrtbase.dll+0x37b0]
C  [KERNEL32.DLL+0x2e8d7]
C  [ntdll.dll+0x8c48c]


---------------  P R O C E S S  ---------------

Threads class SMR info:
_java_thread_list=0x0000025f66063c20, length=25, elements={
0x0000025f4645f6f0, 0x0000025f5cf0e6d0, 0x0000025f465005d0, 0x0000025f46508610,
0x0000025f46509270, 0x0000025f4650d340, 0x0000025f46518c50, 0x0000025f5e251f80,
0x0000025f5e252630, 0x0000025f5e4a2880, 0x0000025f5e4ff8f0, 0x0000025f5f943aa0,
0x0000025f5f919850, 0x0000025f5f903470, 0x0000025f5e2ce900, 0x0000025f644c7c30,
0x0000025f5f9d9960, 0x0000025f5f597d80, 0x0000025f64498a20, 0x0000025f6449b180,
0x0000025f64499740, 0x0000025f64e0ca80, 0x0000025f643c7f30, 0x0000025f6449aaf0,
0x0000025f6449a460
}

Java Threads: ( => current thread )
  0x0000025f4645f6f0 JavaThread "main"                              [_thread_blocked, id=30272, stack(0x000000d493400000,0x000000d493500000) (1024K)]
  0x0000025f5cf0e6d0 JavaThread "Reference Handler"          daemon [_thread_blocked, id=16240, stack(0x000000d493800000,0x000000d493900000) (1024K)]
  0x0000025f465005d0 JavaThread "Finalizer"                  daemon [_thread_blocked, id=44516, stack(0x000000d493900000,0x000000d493a00000) (1024K)]
  0x0000025f46508610 JavaThread "Signal Dispatcher"          daemon [_thread_blocked, id=38452, stack(0x000000d493a00000,0x000000d493b00000) (1024K)]
  0x0000025f46509270 JavaThread "Attach Listener"            daemon [_thread_blocked, id=35844, stack(0x000000d493b00000,0x000000d493c00000) (1024K)]
  0x0000025f4650d340 JavaThread "Service Thread"             daemon [_thread_blocked, id=16372, stack(0x000000d493c00000,0x000000d493d00000) (1024K)]
  0x0000025f46518c50 JavaThread "Monitor Deflation Thread"   daemon [_thread_blocked, id=46896, stack(0x000000d493d00000,0x000000d493e00000) (1024K)]
  0x0000025f5e251f80 JavaThread "C2 CompilerThread0"         daemon [_thread_in_native, id=35948, stack(0x000000d493e00000,0x000000d493f00000) (1024K)]
  0x0000025f5e252630 JavaThread "C1 CompilerThread0"         daemon [_thread_blocked, id=132, stack(0x000000d493f00000,0x000000d494000000) (1024K)]
  0x0000025f5e4a2880 JavaThread "Common-Cleaner"             daemon [_thread_blocked, id=26192, stack(0x000000d494100000,0x000000d494200000) (1024K)]
  0x0000025f5e4ff8f0 JavaThread "Notification Thread"        daemon [_thread_blocked, id=29044, stack(0x000000d494200000,0x000000d494300000) (1024K)]
  0x0000025f5f943aa0 JavaThread "Active Thread: Equinox Container: 0ae0ba48-cc9a-476e-b1ff-360a69dac6f4"        [_thread_blocked, id=46424, stack(0x000000d494a00000,0x000000d494b00000) (1024K)]
  0x0000025f5f919850 JavaThread "Refresh Thread: Equinox Container: 0ae0ba48-cc9a-476e-b1ff-360a69dac6f4" daemon [_thread_blocked, id=27036, stack(0x000000d494c00000,0x000000d494d00000) (1024K)]
  0x0000025f5f903470 JavaThread "Framework Event Dispatcher: Equinox Container: 0ae0ba48-cc9a-476e-b1ff-360a69dac6f4" daemon [_thread_blocked, id=41060, stack(0x000000d494d00000,0x000000d494e00000) (1024K)]
  0x0000025f5e2ce900 JavaThread "Start Level: Equinox Container: 0ae0ba48-cc9a-476e-b1ff-360a69dac6f4" daemon [_thread_in_native, id=21020, stack(0x000000d494e00000,0x000000d494f00000) (1024K)]
  0x0000025f644c7c30 JavaThread "Bundle File Closer"         daemon [_thread_blocked, id=22060, stack(0x000000d495100000,0x000000d495200000) (1024K)]
  0x0000025f5f9d9960 JavaThread "SCR Component Actor"        daemon [_thread_blocked, id=25272, stack(0x000000d495200000,0x000000d495300000) (1024K)]
  0x0000025f5f597d80 JavaThread "Worker-JM"                         [_thread_blocked, id=11100, stack(0x000000d495300000,0x000000d495400000) (1024K)]
  0x0000025f64498a20 JavaThread "JNA Cleaner"                daemon [_thread_blocked, id=29884, stack(0x000000d494000000,0x000000d494100000) (1024K)]
  0x0000025f6449b180 JavaThread "Worker-0"                          [_thread_blocked, id=47000, stack(0x000000d494300000,0x000000d494400000) (1024K)]
  0x0000025f64499740 JavaThread "Worker-1: Repository registry initialization"        [_thread_in_Java, id=46804, stack(0x000000d495400000,0x000000d495500000) (1024K)]
=>0x0000025f64e0ca80 JavaThread "C2 CompilerThread1"         daemon [_thread_in_native, id=44896, stack(0x000000d495500000,0x000000d495600000) (1024K)]
  0x0000025f643c7f30 JavaThread "C2 CompilerThread2"         daemon [_thread_in_native, id=8108, stack(0x000000d495600000,0x000000d495700000) (1024K)]
  0x0000025f6449aaf0 JavaThread "Java indexing"              daemon [_thread_blocked, id=43580, stack(0x000000d495700000,0x000000d495800000) (1024K)]
  0x0000025f6449a460 JavaThread "Worker-2"                          [_thread_blocked, id=20328, stack(0x000000d495800000,0x000000d495900000) (1024K)]
Total: 25

Other Threads:
  0x0000025f5cef33e0 VMThread "VM Thread"                           [id=34508, stack(0x000000d493700000,0x000000d493800000) (1024K)]
  0x0000025f5cdeca00 WatcherThread "VM Periodic Task Thread"        [id=38588, stack(0x000000d493600000,0x000000d493700000) (1024K)]
  0x0000025f4647ece0 WorkerThread "GC Thread#0"                     [id=14124, stack(0x000000d493500000,0x000000d493600000) (1024K)]
  0x0000025f640a14a0 WorkerThread "GC Thread#1"                     [id=43968, stack(0x000000d494400000,0x000000d494500000) (1024K)]
  0x0000025f640a3ab0 WorkerThread "GC Thread#2"                     [id=45804, stack(0x000000d494500000,0x000000d494600000) (1024K)]
  0x0000025f5f8e9a40 WorkerThread "GC Thread#3"                     [id=29164, stack(0x000000d494600000,0x000000d494700000) (1024K)]
  0x0000025f5f8e9df0 WorkerThread "GC Thread#4"                     [id=21372, stack(0x000000d494700000,0x000000d494800000) (1024K)]
  0x0000025f64049ff0 WorkerThread "GC Thread#5"                     [id=39496, stack(0x000000d494800000,0x000000d494900000) (1024K)]
  0x0000025f5f8d1500 WorkerThread "GC Thread#6"                     [id=44780, stack(0x000000d494900000,0x000000d494a00000) (1024K)]
  0x0000025f5f8d0290 WorkerThread "GC Thread#7"                     [id=28080, stack(0x000000d494b00000,0x000000d494c00000) (1024K)]
  0x0000025f5f8d1150 WorkerThread "GC Thread#8"                     [id=44792, stack(0x000000d494f00000,0x000000d495000000) (1024K)]
  0x0000025f5f8d0640 WorkerThread "GC Thread#9"                     [id=18156, stack(0x000000d495000000,0x000000d495100000) (1024K)]
Total: 12

Threads with active compile tasks:
C2 CompilerThread0  17154 4100       4       lombok.launch.ClassFileMetaData::readValue (27 bytes)
C2 CompilerThread1  17155 4013       4       org.lombokweb.asm.ClassReader::readMethod (1070 bytes)
C2 CompilerThread2  17155 4075   !   4       org.eclipse.osgi.internal.loader.classpath.ClasspathManager::findClassImpl (328 bytes)
Total: 3

VM state: not at safepoint (normal execution)

VM Mutex/Monitor currently owned by a thread: None

Heap address: 0x0000000080000000, size: 2048 MB, Compressed Oops mode: 32-bit

CDS archive(s) mapped at: [0x0000025f00000000-0x0000025f00ba0000-0x0000025f00ba0000), size 12189696, SharedBaseAddress: 0x0000025f00000000, ArchiveRelocationMode: 1.
Compressed class space mapped at: 0x0000025f01000000-0x0000025f41000000, reserved size: 1073741824
Narrow klass base: 0x0000025f00000000, Narrow klass shift: 0, Narrow klass range: 0x100000000

GC Precious Log:
 CardTable entry size: 512
 CPUs: 12 total, 12 available
 Memory: 16076M
 Large Page Support: Disabled
 NUMA Support: Disabled
 Compressed Oops: Enabled (32-bit)
 Alignments: Space 512K, Generation 512K, Heap 2M
 Heap Min Capacity: 100M
 Heap Initial Capacity: 100M
 Heap Max Capacity: 2G
 Pre-touch: Disabled
 Parallel Workers: 10

Heap:
 PSYoungGen      total 25088K, used 19677K [0x00000000d5580000, 0x00000000d7500000, 0x0000000100000000)
  eden space 23040K, 76% used [0x00000000d5580000,0x00000000d66b9440,0x00000000d6c00000)
  from space 2048K, 99% used [0x00000000d7180000,0x00000000d737f1d8,0x00000000d7380000)
  to   space 4608K, 0% used [0x00000000d6c00000,0x00000000d6c00000,0x00000000d7080000)
 ParOldGen       total 68608K, used 15437K [0x0000000080000000, 0x0000000084300000, 0x00000000d5580000)
  object space 68608K, 22% used [0x0000000080000000,0x0000000080f13638,0x0000000084300000)
 Metaspace       used 30404K, committed 31360K, reserved 1114112K
  class space    used 3082K, committed 3520K, reserved 1048576K

Card table byte_map: [0x0000025f45e30000,0x0000025f46240000] _byte_map_base: 0x0000025f45a30000

Marking Bits: (ParMarkBitMap*) 0x00007ffc06313450
 Begin Bits: [0x0000025f58910000, 0x0000025f5a910000)
 End Bits:   [0x0000025f5a910000, 0x0000025f5c910000)

Polling page: 0x0000025f45c20000

Metaspace:

Usage:
  Non-class:     26.68 MB used.
      Class:      3.01 MB used.
       Both:     29.69 MB used.

Virtual space:
  Non-class space:       64.00 MB reserved,      27.19 MB ( 42%) committed,  1 nodes.
      Class space:        1.00 GB reserved,       3.44 MB ( <1%) committed,  1 nodes.
             Both:        1.06 GB reserved,      30.62 MB (  3%) committed. 

Chunk freelists:
   Non-Class:  4.06 MB
       Class:  12.44 MB
        Both:  16.50 MB

MaxMetaspaceSize: unlimited
CompressedClassSpaceSize: 1.00 GB
Initial GC threshold: 21.00 MB
Current GC threshold: 35.00 MB
CDS: on
 - commit_granule_bytes: 65536.
 - commit_granule_words: 8192.
 - virtual_space_node_default_size: 8388608.
 - enlarge_chunks_in_place: 1.
 - use_allocation_guard: 0.


Internal statistics:

num_allocs_failed_limit: 3.
num_arena_births: 844.
num_arena_deaths: 14.
num_vsnodes_births: 2.
num_vsnodes_deaths: 0.
num_space_committed: 490.
num_space_uncommitted: 0.
num_chunks_returned_to_freelist: 17.
num_chunks_taken_from_freelist: 2147.
num_chunk_merges: 9.
num_chunk_splits: 1363.
num_chunks_enlarged: 778.
num_inconsistent_stats: 0.

CodeHeap 'non-profiled nmethods': size=120000Kb used=1980Kb max_used=1980Kb free=118019Kb
 bounds [0x0000025f51130000, 0x0000025f513a0000, 0x0000025f58660000]
CodeHeap 'profiled nmethods': size=120000Kb used=8594Kb max_used=8594Kb free=111405Kb
 bounds [0x0000025f49660000, 0x0000025f49ed0000, 0x0000025f50b90000]
CodeHeap 'non-nmethods': size=5760Kb used=1342Kb max_used=1366Kb free=4417Kb
 bounds [0x0000025f50b90000, 0x0000025f50e00000, 0x0000025f51130000]
CodeCache: size=245760Kb, used=11916Kb, max_used=11940Kb, free=233841Kb
 total_blobs=4869, nmethods=4236, adapters=539, full_count=0
Compilation: enabled, stopped_count=0, restarted_count=0

Compilation events (20 events):
Event: 16.111 Thread 0x0000025f5e252630 nmethod 4224 0x0000025f49eb4790 code [0x0000025f49eb4980, 0x0000025f49eb4c18]
Event: 16.111 Thread 0x0000025f5e252630 4226       3       java.lang.String::<init> (98 bytes)
Event: 16.113 Thread 0x0000025f5e252630 nmethod 4226 0x0000025f49eb4d90 code [0x0000025f49eb5180, 0x0000025f49eb6bd0]
Event: 16.113 Thread 0x0000025f5e252630 4227       2       java.util.Collections$UnmodifiableCollection::contains (11 bytes)
Event: 16.113 Thread 0x0000025f5e252630 nmethod 4227 0x0000025f49eb7490 code [0x0000025f49eb7640, 0x0000025f49eb7778]
Event: 16.113 Thread 0x0000025f5e252630 4222       3       java.lang.CharacterDataLatin1::toUpperCase (67 bytes)
Event: 16.113 Thread 0x0000025f5e252630 nmethod 4222 0x0000025f49eb7810 code [0x0000025f49eb79e0, 0x0000025f49eb7d08]
Event: 16.113 Thread 0x0000025f5e252630 4221       3       java.lang.Character::toUpperCase (6 bytes)
Event: 16.114 Thread 0x0000025f5e252630 nmethod 4221 0x0000025f49eb7d90 code [0x0000025f49eb7f60, 0x0000025f49eb81b8]
Event: 16.114 Thread 0x0000025f5e252630 4223       3       java.lang.Character::toUpperCase (9 bytes)
Event: 16.114 Thread 0x0000025f5e252630 nmethod 4223 0x0000025f49eb8290 code [0x0000025f49eb8440, 0x0000025f49eb8638]
Event: 16.124 Thread 0x0000025f5e252630 4228       3       org.eclipse.osgi.internal.loader.BundleLoader::createExportPackageSource (90 bytes)
Event: 16.124 Thread 0x0000025f5e252630 nmethod 4228 0x0000025f49eb8710 code [0x0000025f49eb8960, 0x0000025f49eb9290]
Event: 16.124 Thread 0x0000025f5e252630 4231   !   3       java.lang.invoke.MethodHandles$Lookup::canBeCached (150 bytes)
Event: 16.125 Thread 0x0000025f5e252630 nmethod 4231 0x0000025f49eb9590 code [0x0000025f49eb98c0, 0x0000025f49ebab68]
Event: 16.125 Thread 0x0000025f5e252630 4230       3       jdk.internal.org.objectweb.asm.MethodVisitor::visitInsn (16 bytes)
Event: 16.126 Thread 0x0000025f5e252630 nmethod 4230 0x0000025f49ebb290 code [0x0000025f49ebb440, 0x0000025f49ebb648]
Event: 16.126 Thread 0x0000025f5e252630 4229       3       java.lang.Module::canRead (86 bytes)
Event: 16.127 Thread 0x0000025f5e252630 nmethod 4229 0x0000025f49ebb710 code [0x0000025f49ebbae0, 0x0000025f49ebd6e0]
Event: 16.198 Thread 0x0000025f5e252630 4232       3       org.eclipse.core.runtime.Assert::isLegal (15 bytes)

GC Heap History (20 events):
Event: 6.208 GC heap before
{Heap before GC invocations=2 (full 0):
 PSYoungGen      total 29696K, used 28896K [0x00000000d5580000, 0x00000000d7680000, 0x0000000100000000)
  eden space 25600K, 100% used [0x00000000d5580000,0x00000000d6e80000,0x00000000d6e80000)
  from space 4096K, 80% used [0x00000000d6e80000,0x00000000d71b8158,0x00000000d7280000)
  to   space 4096K, 0% used [0x00000000d7280000,0x00000000d7280000,0x00000000d7680000)
 ParOldGen       total 68608K, used 16K [0x0000000080000000, 0x0000000084300000, 0x00000000d5580000)
  object space 68608K, 0% used [0x0000000080000000,0x0000000080004000,0x0000000084300000)
 Metaspace       used 7929K, committed 8192K, reserved 1114112K
  class space    used 830K, committed 960K, reserved 1048576K
}
Event: 6.216 GC heap after
{Heap after GC invocations=2 (full 0):
 PSYoungGen      total 29696K, used 4070K [0x00000000d5580000, 0x00000000d7680000, 0x0000000100000000)
  eden space 25600K, 0% used [0x00000000d5580000,0x00000000d5580000,0x00000000d6e80000)
  from space 4096K, 99% used [0x00000000d7280000,0x00000000d7679820,0x00000000d7680000)
  to   space 4096K, 0% used [0x00000000d6e80000,0x00000000d6e80000,0x00000000d7280000)
 ParOldGen       total 68608K, used 2057K [0x0000000080000000, 0x0000000084300000, 0x00000000d5580000)
  object space 68608K, 2% used [0x0000000080000000,0x00000000802026a8,0x0000000084300000)
 Metaspace       used 7929K, committed 8192K, reserved 1114112K
  class space    used 830K, committed 960K, reserved 1048576K
}
Event: 10.711 GC heap before
{Heap before GC invocations=3 (full 0):
 PSYoungGen      total 29696K, used 29670K [0x00000000d5580000, 0x00000000d7680000, 0x0000000100000000)
  eden space 25600K, 100% used [0x00000000d5580000,0x00000000d6e80000,0x00000000d6e80000)
  from space 4096K, 99% used [0x00000000d7280000,0x00000000d7679820,0x00000000d7680000)
  to   space 4096K, 0% used [0x00000000d6e80000,0x00000000d6e80000,0x00000000d7280000)
 ParOldGen       total 68608K, used 2057K [0x0000000080000000, 0x0000000084300000, 0x00000000d5580000)
  object space 68608K, 2% used [0x0000000080000000,0x00000000802026a8,0x0000000084300000)
 Metaspace       used 9386K, committed 9728K, reserved 1114112K
  class space    used 1004K, committed 1152K, reserved 1048576K
}
Event: 10.716 GC heap after
{Heap after GC invocations=3 (full 0):
 PSYoungGen      total 29696K, used 4092K [0x00000000d5580000, 0x00000000d7680000, 0x0000000100000000)
  eden space 25600K, 0% used [0x00000000d5580000,0x00000000d5580000,0x00000000d6e80000)
  from space 4096K, 99% used [0x00000000d6e80000,0x00000000d727f1c8,0x00000000d7280000)
  to   space 4096K, 0% used [0x00000000d7280000,0x00000000d7280000,0x00000000d7680000)
 ParOldGen       total 68608K, used 4899K [0x0000000080000000, 0x0000000084300000, 0x00000000d5580000)
  object space 68608K, 7% used [0x0000000080000000,0x00000000804c8fd0,0x0000000084300000)
 Metaspace       used 9386K, committed 9728K, reserved 1114112K
  class space    used 1004K, committed 1152K, reserved 1048576K
}
Event: 11.228 GC heap before
{Heap before GC invocations=4 (full 0):
 PSYoungGen      total 29696K, used 29692K [0x00000000d5580000, 0x00000000d7680000, 0x0000000100000000)
  eden space 25600K, 100% used [0x00000000d5580000,0x00000000d6e80000,0x00000000d6e80000)
  from space 4096K, 99% used [0x00000000d6e80000,0x00000000d727f1c8,0x00000000d7280000)
  to   space 4096K, 0% used [0x00000000d7280000,0x00000000d7280000,0x00000000d7680000)
 ParOldGen       total 68608K, used 4899K [0x0000000080000000, 0x0000000084300000, 0x00000000d5580000)
  object space 68608K, 7% used [0x0000000080000000,0x00000000804c8fd0,0x0000000084300000)
 Metaspace       used 11642K, committed 12032K, reserved 1114112K
  class space    used 1235K, committed 1408K, reserved 1048576K
}
Event: 11.232 GC heap after
{Heap after GC invocations=4 (full 0):
 PSYoungGen      total 29696K, used 4086K [0x00000000d5580000, 0x00000000d7680000, 0x0000000100000000)
  eden space 25600K, 0% used [0x00000000d5580000,0x00000000d5580000,0x00000000d6e80000)
  from space 4096K, 99% used [0x00000000d7280000,0x00000000d767da68,0x00000000d7680000)
  to   space 4096K, 0% used [0x00000000d6e80000,0x00000000d6e80000,0x00000000d7280000)
 ParOldGen       total 68608K, used 6737K [0x0000000080000000, 0x0000000084300000, 0x00000000d5580000)
  object space 68608K, 9% used [0x0000000080000000,0x0000000080694488,0x0000000084300000)
 Metaspace       used 11642K, committed 12032K, reserved 1114112K
  class space    used 1235K, committed 1408K, reserved 1048576K
}
Event: 11.605 GC heap before
{Heap before GC invocations=5 (full 0):
 PSYoungGen      total 29696K, used 29686K [0x00000000d5580000, 0x00000000d7680000, 0x0000000100000000)
  eden space 25600K, 100% used [0x00000000d5580000,0x00000000d6e80000,0x00000000d6e80000)
  from space 4096K, 99% used [0x00000000d7280000,0x00000000d767da68,0x00000000d7680000)
  to   space 4096K, 0% used [0x00000000d6e80000,0x00000000d6e80000,0x00000000d7280000)
 ParOldGen       total 68608K, used 6737K [0x0000000080000000, 0x0000000084300000, 0x00000000d5580000)
  object space 68608K, 9% used [0x0000000080000000,0x0000000080694488,0x0000000084300000)
 Metaspace       used 15541K, committed 16064K, reserved 1114112K
  class space    used 1621K, committed 1856K, reserved 1048576K
}
Event: 11.609 GC heap after
{Heap after GC invocations=5 (full 0):
 PSYoungGen      total 29184K, used 4089K [0x00000000d5580000, 0x00000000d7900000, 0x0000000100000000)
  eden space 25088K, 0% used [0x00000000d5580000,0x00000000d5580000,0x00000000d6e00000)
  from space 4096K, 99% used [0x00000000d6e80000,0x00000000d727e528,0x00000000d7280000)
  to   space 5632K, 0% used [0x00000000d7380000,0x00000000d7380000,0x00000000d7900000)
 ParOldGen       total 68608K, used 7947K [0x0000000080000000, 0x0000000084300000, 0x00000000d5580000)
  object space 68608K, 11% used [0x0000000080000000,0x00000000807c2e80,0x0000000084300000)
 Metaspace       used 15541K, committed 16064K, reserved 1114112K
  class space    used 1621K, committed 1856K, reserved 1048576K
}
Event: 12.087 GC heap before
{Heap before GC invocations=6 (full 0):
 PSYoungGen      total 29184K, used 29177K [0x00000000d5580000, 0x00000000d7900000, 0x0000000100000000)
  eden space 25088K, 100% used [0x00000000d5580000,0x00000000d6e00000,0x00000000d6e00000)
  from space 4096K, 99% used [0x00000000d6e80000,0x00000000d727e528,0x00000000d7280000)
  to   space 5632K, 0% used [0x00000000d7380000,0x00000000d7380000,0x00000000d7900000)
 ParOldGen       total 68608K, used 7947K [0x0000000080000000, 0x0000000084300000, 0x00000000d5580000)
  object space 68608K, 11% used [0x0000000080000000,0x00000000807c2e80,0x0000000084300000)
 Metaspace       used 18620K, committed 19392K, reserved 1114112K
  class space    used 1968K, committed 2304K, reserved 1048576K
}
Event: 12.091 GC heap after
{Heap after GC invocations=6 (full 0):
 PSYoungGen      total 30208K, used 5230K [0x00000000d5580000, 0x00000000d7900000, 0x0000000100000000)
  eden space 24576K, 0% used [0x00000000d5580000,0x00000000d5580000,0x00000000d6d80000)
  from space 5632K, 92% used [0x00000000d7380000,0x00000000d789b878,0x00000000d7900000)
  to   space 5632K, 0% used [0x00000000d6e00000,0x00000000d6e00000,0x00000000d7380000)
 ParOldGen       total 68608K, used 7955K [0x0000000080000000, 0x0000000084300000, 0x00000000d5580000)
  object space 68608K, 11% used [0x0000000080000000,0x00000000807c4e80,0x0000000084300000)
 Metaspace       used 18620K, committed 19392K, reserved 1114112K
  class space    used 1968K, committed 2304K, reserved 1048576K
}
Event: 12.377 GC heap before
{Heap before GC invocations=7 (full 0):
 PSYoungGen      total 30208K, used 25839K [0x00000000d5580000, 0x00000000d7900000, 0x0000000100000000)
  eden space 24576K, 83% used [0x00000000d5580000,0x00000000d69a0690,0x00000000d6d80000)
  from space 5632K, 92% used [0x00000000d7380000,0x00000000d789b878,0x00000000d7900000)
  to   space 5632K, 0% used [0x00000000d6e00000,0x00000000d6e00000,0x00000000d7380000)
 ParOldGen       total 68608K, used 7955K [0x0000000080000000, 0x0000000084300000, 0x00000000d5580000)
  object space 68608K, 11% used [0x0000000080000000,0x00000000807c4e80,0x0000000084300000)
 Metaspace       used 20632K, committed 21504K, reserved 1114112K
  class space    used 2222K, committed 2624K, reserved 1048576K
}
Event: 12.382 GC heap after
{Heap after GC invocations=7 (full 0):
 PSYoungGen      total 29696K, used 4732K [0x00000000d5580000, 0x00000000d7780000, 0x0000000100000000)
  eden space 24576K, 0% used [0x00000000d5580000,0x00000000d5580000,0x00000000d6d80000)
  from space 5120K, 92% used [0x00000000d6e00000,0x00000000d729f150,0x00000000d7300000)
  to   space 4608K, 0% used [0x00000000d7300000,0x00000000d7300000,0x00000000d7780000)
 ParOldGen       total 68608K, used 9437K [0x0000000080000000, 0x0000000084300000, 0x00000000d5580000)
  object space 68608K, 13% used [0x0000000080000000,0x0000000080937488,0x0000000084300000)
 Metaspace       used 20632K, committed 21504K, reserved 1114112K
  class space    used 2222K, committed 2624K, reserved 1048576K
}
Event: 12.382 GC heap before
{Heap before GC invocations=8 (full 1):
 PSYoungGen      total 29696K, used 4732K [0x00000000d5580000, 0x00000000d7780000, 0x0000000100000000)
  eden space 24576K, 0% used [0x00000000d5580000,0x00000000d5580000,0x00000000d6d80000)
  from space 5120K, 92% used [0x00000000d6e00000,0x00000000d729f150,0x00000000d7300000)
  to   space 4608K, 0% used [0x00000000d7300000,0x00000000d7300000,0x00000000d7780000)
 ParOldGen       total 68608K, used 9437K [0x0000000080000000, 0x0000000084300000, 0x00000000d5580000)
  object space 68608K, 13% used [0x0000000080000000,0x0000000080937488,0x0000000084300000)
 Metaspace       used 20632K, committed 21504K, reserved 1114112K
  class space    used 2222K, committed 2624K, reserved 1048576K
}
Event: 12.409 GC heap after
{Heap after GC invocations=8 (full 1):
 PSYoungGen      total 29696K, used 0K [0x00000000d5580000, 0x00000000d7780000, 0x0000000100000000)
  eden space 24576K, 0% used [0x00000000d5580000,0x00000000d5580000,0x00000000d6d80000)
  from space 5120K, 0% used [0x00000000d6e00000,0x00000000d6e00000,0x00000000d7300000)
  to   space 4608K, 0% used [0x00000000d7300000,0x00000000d7300000,0x00000000d7780000)
 ParOldGen       total 68608K, used 13543K [0x0000000080000000, 0x0000000084300000, 0x00000000d5580000)
  object space 68608K, 19% used [0x0000000080000000,0x0000000080d39fc0,0x0000000084300000)
 Metaspace       used 20619K, committed 21504K, reserved 1114112K
  class space    used 2218K, committed 2624K, reserved 1048576K
}
Event: 12.600 GC heap before
{Heap before GC invocations=9 (full 1):
 PSYoungGen      total 29696K, used 24576K [0x00000000d5580000, 0x00000000d7780000, 0x0000000100000000)
  eden space 24576K, 100% used [0x00000000d5580000,0x00000000d6d80000,0x00000000d6d80000)
  from space 5120K, 0% used [0x00000000d6e00000,0x00000000d6e00000,0x00000000d7300000)
  to   space 4608K, 0% used [0x00000000d7300000,0x00000000d7300000,0x00000000d7780000)
 ParOldGen       total 68608K, used 13543K [0x0000000080000000, 0x0000000084300000, 0x00000000d5580000)
  object space 68608K, 19% used [0x0000000080000000,0x0000000080d39fc0,0x0000000084300000)
 Metaspace       used 22775K, committed 23744K, reserved 1114112K
  class space    used 2398K, committed 2816K, reserved 1048576K
}
Event: 12.601 GC heap after
{Heap after GC invocations=9 (full 1):
 PSYoungGen      total 25600K, used 1235K [0x00000000d5580000, 0x00000000d7480000, 0x0000000100000000)
  eden space 24064K, 0% used [0x00000000d5580000,0x00000000d5580000,0x00000000d6d00000)
  from space 1536K, 80% used [0x00000000d7300000,0x00000000d7434d98,0x00000000d7480000)
  to   space 3072K, 0% used [0x00000000d6e80000,0x00000000d6e80000,0x00000000d7180000)
 ParOldGen       total 68608K, used 13551K [0x0000000080000000, 0x0000000084300000, 0x00000000d5580000)
  object space 68608K, 19% used [0x0000000080000000,0x0000000080d3bfc0,0x0000000084300000)
 Metaspace       used 22775K, committed 23744K, reserved 1114112K
  class space    used 2398K, committed 2816K, reserved 1048576K
}
Event: 13.828 GC heap before
{Heap before GC invocations=10 (full 1):
 PSYoungGen      total 25600K, used 25299K [0x00000000d5580000, 0x00000000d7480000, 0x0000000100000000)
  eden space 24064K, 100% used [0x00000000d5580000,0x00000000d6d00000,0x00000000d6d00000)
  from space 1536K, 80% used [0x00000000d7300000,0x00000000d7434d98,0x00000000d7480000)
  to   space 3072K, 0% used [0x00000000d6e80000,0x00000000d6e80000,0x00000000d7180000)
 ParOldGen       total 68608K, used 13551K [0x0000000080000000, 0x0000000084300000, 0x00000000d5580000)
  object space 68608K, 19% used [0x0000000080000000,0x0000000080d3bfc0,0x0000000084300000)
 Metaspace       used 26392K, committed 27328K, reserved 1114112K
  class space    used 2666K, committed 3072K, reserved 1048576K
}
Event: 13.829 GC heap after
{Heap after GC invocations=10 (full 1):
 PSYoungGen      total 26624K, used 1395K [0x00000000d5580000, 0x00000000d7380000, 0x0000000100000000)
  eden space 23552K, 0% used [0x00000000d5580000,0x00000000d5580000,0x00000000d6c80000)
  from space 3072K, 45% used [0x00000000d6e80000,0x00000000d6fdcd98,0x00000000d7180000)
  to   space 2048K, 0% used [0x00000000d7180000,0x00000000d7180000,0x00000000d7380000)
 ParOldGen       total 68608K, used 13551K [0x0000000080000000, 0x0000000084300000, 0x00000000d5580000)
  object space 68608K, 19% used [0x0000000080000000,0x0000000080d3bfc0,0x0000000084300000)
 Metaspace       used 26392K, committed 27328K, reserved 1114112K
  class space    used 2666K, committed 3072K, reserved 1048576K
}
Event: 16.002 GC heap before
{Heap before GC invocations=11 (full 1):
 PSYoungGen      total 26624K, used 24947K [0x00000000d5580000, 0x00000000d7380000, 0x0000000100000000)
  eden space 23552K, 100% used [0x00000000d5580000,0x00000000d6c80000,0x00000000d6c80000)
  from space 3072K, 45% used [0x00000000d6e80000,0x00000000d6fdcd98,0x00000000d7180000)
  to   space 2048K, 0% used [0x00000000d7180000,0x00000000d7180000,0x00000000d7380000)
 ParOldGen       total 68608K, used 13551K [0x0000000080000000, 0x0000000084300000, 0x00000000d5580000)
  object space 68608K, 19% used [0x0000000080000000,0x0000000080d3bfc0,0x0000000084300000)
 Metaspace       used 27845K, committed 28800K, reserved 1114112K
  class space    used 2804K, committed 3200K, reserved 1048576K
}
Event: 16.004 GC heap after
{Heap after GC invocations=11 (full 1):
 PSYoungGen      total 25088K, used 2044K [0x00000000d5580000, 0x00000000d7500000, 0x0000000100000000)
  eden space 23040K, 0% used [0x00000000d5580000,0x00000000d5580000,0x00000000d6c00000)
  from space 2048K, 99% used [0x00000000d7180000,0x00000000d737f1d8,0x00000000d7380000)
  to   space 4608K, 0% used [0x00000000d6c00000,0x00000000d6c00000,0x00000000d7080000)
 ParOldGen       total 68608K, used 15437K [0x0000000080000000, 0x0000000084300000, 0x00000000d5580000)
  object space 68608K, 22% used [0x0000000080000000,0x0000000080f13638,0x0000000084300000)
 Metaspace       used 27845K, committed 28800K, reserved 1114112K
  class space    used 2804K, committed 3200K, reserved 1048576K
}

Dll operation events (10 events):
Event: 0.009 Loaded shared library c:\Users\dhruv\.vscode\extensions\redhat.java-1.53.0-win32-x64\jre\21.0.10-win32-x86_64\bin\java.dll
Event: 0.073 Loaded shared library c:\Users\dhruv\.vscode\extensions\redhat.java-1.53.0-win32-x64\jre\21.0.10-win32-x86_64\bin\zip.dll
Event: 0.096 Loaded shared library C:\Users\dhruv\.vscode\extensions\redhat.java-1.53.0-win32-x64\jre\21.0.10-win32-x86_64\bin\instrument.dll
Event: 0.101 Loaded shared library C:\Users\dhruv\.vscode\extensions\redhat.java-1.53.0-win32-x64\jre\21.0.10-win32-x86_64\bin\net.dll
Event: 0.103 Loaded shared library C:\Users\dhruv\.vscode\extensions\redhat.java-1.53.0-win32-x64\jre\21.0.10-win32-x86_64\bin\nio.dll
Event: 0.106 Loaded shared library C:\Users\dhruv\.vscode\extensions\redhat.java-1.53.0-win32-x64\jre\21.0.10-win32-x86_64\bin\zip.dll
Event: 0.123 Loaded shared library C:\Users\dhruv\.vscode\extensions\redhat.java-1.53.0-win32-x64\jre\21.0.10-win32-x86_64\bin\jimage.dll
Event: 0.196 Loaded shared library c:\Users\dhruv\.vscode\extensions\redhat.java-1.53.0-win32-x64\jre\21.0.10-win32-x86_64\bin\verify.dll
Event: 6.249 Loaded shared library C:\Users\dhruv\AppData\Roaming\Code\User\globalStorage\redhat.java\1.53.0\config_win\org.eclipse.equinox.launcher\org.eclipse.equinox.launcher.win32.win32.x86_64_1.3.0.v20260203-2149\eclipse_11919.dll
Event: 11.789 Loaded shared library C:\Users\dhruv\AppData\Local\Temp\jna-95563663\jna2230692473708799026.dll

Deoptimization events (20 events):
Event: 16.101 Thread 0x0000025f5e2ce900 Uncommon trap: trap_request=0xffffff45 fr.pc=0x0000025f51219d78 relative=0x0000000000000438
Event: 16.101 Thread 0x0000025f5e2ce900 Uncommon trap: reason=unstable_if action=reinterpret pc=0x0000025f51219d78 method=java.lang.AbstractStringBuilder.isLatin1()Z @ 10 c2
Event: 16.101 Thread 0x0000025f5e2ce900 DEOPT PACKING pc=0x0000025f51219d78 sp=0x000000d494efe0f0
Event: 16.101 Thread 0x0000025f5e2ce900 DEOPT UNPACKING pc=0x0000025f50be3aa2 sp=0x000000d494efe060 mode 2
Event: 16.105 Thread 0x0000025f5e2ce900 Uncommon trap: trap_request=0xffffffc6 fr.pc=0x0000025f511e4700 relative=0x0000000000000a00
Event: 16.105 Thread 0x0000025f5e2ce900 Uncommon trap: reason=bimorphic_or_optimized_type_check action=maybe_recompile pc=0x0000025f511e4700 method=java.util.HashMap.putVal(ILjava/lang/Object;Ljava/lang/Object;ZZ)Ljava/lang/Object; @ 56 c2
Event: 16.105 Thread 0x0000025f5e2ce900 DEOPT PACKING pc=0x0000025f511e4700 sp=0x000000d494efd920
Event: 16.105 Thread 0x0000025f5e2ce900 DEOPT UNPACKING pc=0x0000025f50be3aa2 sp=0x000000d494efd888 mode 2
Event: 16.105 Thread 0x0000025f5e2ce900 Uncommon trap: trap_request=0xffffffc6 fr.pc=0x0000025f511e4700 relative=0x0000000000000a00
Event: 16.105 Thread 0x0000025f5e2ce900 Uncommon trap: reason=bimorphic_or_optimized_type_check action=maybe_recompile pc=0x0000025f511e4700 method=java.util.HashMap.putVal(ILjava/lang/Object;Ljava/lang/Object;ZZ)Ljava/lang/Object; @ 56 c2
Event: 16.106 Thread 0x0000025f5e2ce900 DEOPT PACKING pc=0x0000025f511e4700 sp=0x000000d494efd920
Event: 16.106 Thread 0x0000025f5e2ce900 DEOPT UNPACKING pc=0x0000025f50be3aa2 sp=0x000000d494efd888 mode 2
Event: 16.106 Thread 0x0000025f5e2ce900 Uncommon trap: trap_request=0xffffffc6 fr.pc=0x0000025f511e4700 relative=0x0000000000000a00
Event: 16.106 Thread 0x0000025f5e2ce900 Uncommon trap: reason=bimorphic_or_optimized_type_check action=maybe_recompile pc=0x0000025f511e4700 method=java.util.HashMap.putVal(ILjava/lang/Object;Ljava/lang/Object;ZZ)Ljava/lang/Object; @ 56 c2
Event: 16.106 Thread 0x0000025f5e2ce900 DEOPT PACKING pc=0x0000025f511e4700 sp=0x000000d494efd920
Event: 16.106 Thread 0x0000025f5e2ce900 DEOPT UNPACKING pc=0x0000025f50be3aa2 sp=0x000000d494efd888 mode 2
Event: 16.106 Thread 0x0000025f5e2ce900 Uncommon trap: trap_request=0xffffffc6 fr.pc=0x0000025f511e4700 relative=0x0000000000000a00
Event: 16.106 Thread 0x0000025f5e2ce900 Uncommon trap: reason=bimorphic_or_optimized_type_check action=maybe_recompile pc=0x0000025f511e4700 method=java.util.HashMap.putVal(ILjava/lang/Object;Ljava/lang/Object;ZZ)Ljava/lang/Object; @ 56 c2
Event: 16.106 Thread 0x0000025f5e2ce900 DEOPT PACKING pc=0x0000025f511e4700 sp=0x000000d494efd920
Event: 16.106 Thread 0x0000025f5e2ce900 DEOPT UNPACKING pc=0x0000025f50be3aa2 sp=0x000000d494efd888 mode 2

Classes loaded (20 events):
Event: 16.101 Loading class sun/reflect/annotation/TypeAnnotation$LocationInfo$Location
Event: 16.101 Loading class sun/reflect/annotation/TypeAnnotation$LocationInfo$Location done
Event: 16.101 Loading class sun/reflect/annotation/AnnotatedTypeFactory
Event: 16.102 Loading class sun/reflect/annotation/AnnotatedTypeFactory done
Event: 16.102 Loading class sun/reflect/annotation/AnnotatedTypeFactory$AnnotatedTypeBaseImpl
Event: 16.102 Loading class sun/reflect/annotation/AnnotatedTypeFactory$AnnotatedTypeBaseImpl done
Event: 16.104 Loading class java/lang/ProcessEnvironment
Event: 16.104 Loading class java/lang/ProcessEnvironment done
Event: 16.105 Loading class java/lang/ProcessEnvironment$NameComparator
Event: 16.105 Loading class java/lang/ProcessEnvironment$NameComparator done
Event: 16.105 Loading class java/lang/ProcessEnvironment$EntryComparator
Event: 16.105 Loading class java/lang/ProcessEnvironment$EntryComparator done
Event: 16.106 Loading class java/lang/ProcessEnvironment$CheckedEntrySet
Event: 16.106 Loading class java/lang/ProcessEnvironment$CheckedEntrySet done
Event: 16.106 Loading class java/lang/ProcessEnvironment$CheckedEntrySet$1
Event: 16.106 Loading class java/lang/ProcessEnvironment$CheckedEntrySet$1 done
Event: 16.106 Loading class java/lang/ProcessEnvironment$CheckedEntry
Event: 16.107 Loading class java/lang/ProcessEnvironment$CheckedEntry done
Event: 16.117 Loading class java/util/UUID$Holder
Event: 16.117 Loading class java/util/UUID$Holder done

Classes unloaded (7 events):
Event: 12.386 Thread 0x0000025f5cef33e0 Unloading class 0x0000025f011a4c00 'java/lang/invoke/LambdaForm$MH+0x0000025f011a4c00'
Event: 12.386 Thread 0x0000025f5cef33e0 Unloading class 0x0000025f011a4800 'java/lang/invoke/LambdaForm$MH+0x0000025f011a4800'
Event: 12.386 Thread 0x0000025f5cef33e0 Unloading class 0x0000025f011a4400 'java/lang/invoke/LambdaForm$MH+0x0000025f011a4400'
Event: 12.386 Thread 0x0000025f5cef33e0 Unloading class 0x0000025f011a4000 'java/lang/invoke/LambdaForm$MH+0x0000025f011a4000'
Event: 12.386 Thread 0x0000025f5cef33e0 Unloading class 0x0000025f011a3c00 'java/lang/invoke/LambdaForm$BMH+0x0000025f011a3c00'
Event: 12.386 Thread 0x0000025f5cef33e0 Unloading class 0x0000025f011a3800 'java/lang/invoke/LambdaForm$DMH+0x0000025f011a3800'
Event: 12.386 Thread 0x0000025f5cef33e0 Unloading class 0x0000025f011a2400 'java/lang/invoke/LambdaForm$DMH+0x0000025f011a2400'

Classes redefined (0 events):
No events

Internal exceptions (20 events):
Event: 12.324 Thread 0x0000025f5e2ce900 Exception <a 'java/lang/NoSuchMethodError'{0x00000000d6676840}: 'int java.lang.invoke.DirectMethodHandle$Holder.invokeStaticInit(java.lang.Object, float, float)'> (0x00000000d6676840) 
thrown [s\src\hotspot\share\interpreter\linkResolver.cpp, line 773]
Event: 12.324 Thread 0x0000025f5e2ce900 Exception <a 'java/lang/NoSuchMethodError'{0x00000000d667e1f0}: 'int java.lang.invoke.DirectMethodHandle$Holder.invokeStaticInit(java.lang.Object, double, double)'> (0x00000000d667e1f0) 
thrown [s\src\hotspot\share\interpreter\linkResolver.cpp, line 773]
Event: 12.325 Thread 0x0000025f5e2ce900 Exception <a 'java/lang/NoSuchMethodError'{0x00000000d6683608}: 'int java.lang.invoke.DirectMethodHandle$Holder.invokeStatic(java.lang.Object, long)'> (0x00000000d6683608) 
thrown [s\src\hotspot\share\interpreter\linkResolver.cpp, line 773]
Event: 12.327 Thread 0x0000025f5e2ce900 Exception <a 'java/lang/NoSuchMethodError'{0x00000000d66a22f0}: 'int java.lang.invoke.Invokers$Holder.linkToTargetMethod(java.lang.Object, java.lang.Object)'> (0x00000000d66a22f0) 
thrown [s\src\hotspot\share\interpreter\linkResolver.cpp, line 773]
Event: 12.351 Thread 0x0000025f5e2ce900 Exception <a 'java/lang/NoSuchMethodError'{0x00000000d6795010}: 'java.lang.Object java.lang.invoke.Invokers$Holder.invoke_MT(java.lang.Object, java.lang.Object, java.lang.Object, java.lang.Object, java.lang.Object, java.lang.Object, java.lang.Object, java.lang.Object, java.lang.Object, java.lang.Object, java.lang.Object)'> (0x00000000d6795010) 
thrown [s\src\hotspot\share\interpreter\linkResolver.cpp, line 773]
Event: 12.356 Thread 0x0000025f5e2ce900 Exception <a 'java/lang/NoSuchMethodError'{0x00000000d6821f70}: 'java.lang.Object java.lang.invoke.Invokers$Holder.invoke_MT(java.lang.Object, java.lang.Object, java.lang.Object, java.lang.Object, java.lang.Object, java.lang.Object, java.lang.Object, java.lang.Object, java.lang.Object, java.lang.Object)'> (0x00000000d6821f70) 
thrown [s\src\hotspot\share\interpreter\linkResolver.cpp, line 773]
Event: 12.370 Thread 0x0000025f5e2ce900 Exception <a 'java/lang/NoSuchMethodError'{0x00000000d68ccf80}: 'java.lang.Object java.lang.invoke.DirectMethodHandle$Holder.newInvokeSpecial(java.lang.Object, java.lang.Object, java.lang.Object, java.lang.Object, java.lang.Object, java.lang.Object, java.lang.Object)'> (0x00000000d68ccf80) 
thrown [s\src\hotspot\share\interpreter\linkResolver.cpp, line 773]
Event: 12.410 Thread 0x0000025f5e2ce900 Exception <a 'java/lang/NoSuchMethodError'{0x00000000d558ada8}: 'java.lang.Object java.lang.invoke.Invokers$Holder.invoker(java.lang.Object, java.lang.Object, java.lang.Object, java.lang.Object, java.lang.Object, java.lang.Object, java.lang.Object, java.lang.Object, java.lang.Object, java.lang.Object, java.lang.Object, java.lang.Object, java.lang.Object)'> (0x00000000d558ada8) 
thrown [s\src\hotspot\share\interpreter\linkResolver.cpp, line 773]
Event: 12.411 Thread 0x0000025f5e2ce900 Exception <a 'java/lang/NoSuchMethodError'{0x00000000d5595240}: 'java.lang.Object java.lang.invoke.DelegatingMethodHandle$Holder.delegate(java.lang.Object, java.lang.Object, java.lang.Object, java.lang.Object, java.lang.Object, java.lang.Object, java.lang.Object, java.lang.Object, java.lang.Object, java.lang.Object, java.lang.Object, java.lang.Object, java.lang.Object)'> (0x00000000d5595240) 
thrown [s\src\hotspot\share\interpreter\linkResolver.cpp, line 773]
Event: 12.417 Thread 0x0000025f5e2ce900 Exception <a 'java/lang/NoSuchMethodError'{0x00000000d560ef58}: static Lorg/eclipse/m2e/core/internal/lifecyclemapping/model/PluginExecutionMetadata;.<clinit>()V> (0x00000000d560ef58) 
thrown [s\src\hotspot\share\prims\jni.cpp, line 1111]
Event: 12.422 Thread 0x0000025f5e2ce900 Exception <a 'java/lang/NoSuchMethodError'{0x00000000d566ed08}: static Lorg/eclipse/m2e/core/internal/lifecyclemapping/model/PluginExecutionFilter;.<clinit>()V> (0x00000000d566ed08) 
thrown [s\src\hotspot\share\prims\jni.cpp, line 1111]
Event: 12.425 Thread 0x0000025f5e2ce900 Exception <a 'java/lang/NoSuchMethodError'{0x00000000d569e740}: static Lorg/eclipse/m2e/core/internal/project/registry/MavenProjectFacade$MavenProjectConfiguration;.<clinit>()V> (0x00000000d569e740) 
thrown [s\src\hotspot\share\prims\jni.cpp, line 1111]
Event: 12.499 Thread 0x0000025f5e2ce900 Exception <a 'java/lang/NoSuchMethodError'{0x00000000d5c15cf0}: 'double java.lang.invoke.DirectMethodHandle$Holder.invokeStatic(java.lang.Object, java.lang.Object)'> (0x00000000d5c15cf0) 
thrown [s\src\hotspot\share\interpreter\linkResolver.cpp, line 773]
Event: 12.499 Thread 0x0000025f5e2ce900 Exception <a 'java/lang/NoSuchMethodError'{0x00000000d5c193b0}: 'double java.lang.invoke.DirectMethodHandle$Holder.invokeStaticInit(java.lang.Object, java.lang.Object)'> (0x00000000d5c193b0) 
thrown [s\src\hotspot\share\interpreter\linkResolver.cpp, line 773]
Event: 12.746 Thread 0x0000025f5e2ce900 Implicit null exception at 0x0000025f512fcbf5 to 0x0000025f512fccd0
Event: 15.908 Thread 0x0000025f64499740 Exception <a 'java/lang/NoSuchMethodError'{0x00000000d5a880b0}: 'java.lang.Object java.lang.invoke.DirectMethodHandle$Holder.invokeSpecialIFC(java.lang.Object, java.lang.Object, java.lang.Object, java.lang.Object)'> (0x00000000d5a880b0) 
thrown [s\src\hotspot\share\interpreter\linkResolver.cpp, line 773]
Event: 15.936 Thread 0x0000025f5e2ce900 Exception <a 'java/lang/NoSuchMethodError'{0x00000000d64460a8}: 'java.lang.Object java.lang.invoke.DirectMethodHandle$Holder.newInvokeSpecial(java.lang.Object, int, java.lang.Object, java.lang.Object)'> (0x00000000d64460a8) 
thrown [s\src\hotspot\share\interpreter\linkResolver.cpp, line 773]
Event: 16.064 Thread 0x0000025f5e2ce900 Exception <a 'java/lang/ClassNotFoundException'{0x00000000d5d7a0d8}: com/sun/org/apache/xerces/internal/impl/msg/spi/DOMMessagesProvider> (0x00000000d5d7a0d8) 
thrown [s\src\hotspot\share\classfile\systemDictionary.cpp, line 312]
Event: 16.065 Thread 0x0000025f5e2ce900 Exception <a 'java/lang/ClassNotFoundException'{0x00000000d5d8b890}: com/sun/org/apache/xerces/internal/impl/msg/spi/XMLSerializerMessagesProvider> (0x00000000d5d8b890) 
thrown [s\src\hotspot\share\classfile\systemDictionary.cpp, line 312]
Event: 16.066 Thread 0x0000025f5e2ce900 Exception <a 'java/lang/ClassNotFoundException'{0x00000000d5d98bb0}: com/sun/org/apache/xerces/internal/impl/msg/spi/XMLMessagesProvider> (0x00000000d5d98bb0) 
thrown [s\src\hotspot\share\classfile\systemDictionary.cpp, line 312]

ZGC Phase Switch (0 events):
No events

VM Operations (20 events):
Event: 12.091 Executing safepoint VM operation: ParallelGCFailedAllocation (Allocation Failure) done
Event: 12.313 Executing non-safepoint VM operation: HandshakeAllThreads (Deoptimize)
Event: 12.313 Executing non-safepoint VM operation: HandshakeAllThreads (Deoptimize) done
Event: 12.377 Executing safepoint VM operation: CollectForMetadataAllocation (Metadata GC Threshold)
Event: 12.409 Executing safepoint VM operation: CollectForMetadataAllocation (Metadata GC Threshold) done
Event: 12.599 Executing safepoint VM operation: ParallelGCFailedAllocation (Allocation Failure)
Event: 12.601 Executing safepoint VM operation: ParallelGCFailedAllocation (Allocation Failure) done
Event: 13.609 Executing safepoint VM operation: Cleanup
Event: 13.609 Executing safepoint VM operation: Cleanup done
Event: 13.814 Executing non-safepoint VM operation: HandshakeAllThreads (Deoptimize)
Event: 13.814 Executing non-safepoint VM operation: HandshakeAllThreads (Deoptimize) done
Event: 13.828 Executing safepoint VM operation: ParallelGCFailedAllocation (Allocation Failure)
Event: 13.830 Executing safepoint VM operation: ParallelGCFailedAllocation (Allocation Failure) done
Event: 15.831 Executing safepoint VM operation: Cleanup
Event: 15.898 Executing safepoint VM operation: Cleanup done
Event: 16.002 Executing safepoint VM operation: ParallelGCFailedAllocation (Allocation Failure)
Event: 16.004 Executing safepoint VM operation: ParallelGCFailedAllocation (Allocation Failure) done
Event: 16.105 Executing non-safepoint VM operation: HandshakeAllThreads (Deoptimize)
Event: 16.105 Executing non-safepoint VM operation: HandshakeAllThreads (Deoptimize) done
Event: 17.112 Executing safepoint VM operation: Cleanup

Memory protections (0 events):
No events

Nmethod flushes (0 events):
No events

Events (20 events):
Event: 2.406 Thread 0x0000025f5e252630 Thread added: 0x0000025f5e589780
Event: 2.465 Thread 0x0000025f5e252630 Thread added: 0x0000025f5e62d4a0
Event: 5.045 Thread 0x0000025f4645f6f0 Thread added: 0x0000025f5f943aa0
Event: 6.241 Thread 0x0000025f4645f6f0 Thread added: 0x0000025f5f919850
Event: 6.283 Thread 0x0000025f5f919850 Thread added: 0x0000025f5f903470
Event: 6.288 Thread 0x0000025f4645f6f0 Thread added: 0x0000025f5e2ce900
Event: 10.768 Thread 0x0000025f5e2ce900 Thread added: 0x0000025f644c7c30
Event: 11.202 Thread 0x0000025f5e2ce900 Thread added: 0x0000025f5f9d9960
Event: 11.443 Thread 0x0000025f5e2ce900 Thread added: 0x0000025f5f597d80
Event: 11.521 Thread 0x0000025f5e62d4a0 Thread exited: 0x0000025f5e62d4a0
Event: 11.797 Thread 0x0000025f5e589780 Thread exited: 0x0000025f5e589780
Event: 11.817 Thread 0x0000025f5e2ce900 Thread added: 0x0000025f64498a20
Event: 11.839 Thread 0x0000025f5e2ce900 Thread added: 0x0000025f6449b180
Event: 11.854 Thread 0x0000025f5e2ce900 Thread added: 0x0000025f64499740
Event: 11.953 Thread 0x0000025f5e252630 Thread added: 0x0000025f64e0ca80
Event: 12.002 Thread 0x0000025f64e0ca80 Thread added: 0x0000025f64f6d010
Event: 15.899 Thread 0x0000025f64f6d010 Thread exited: 0x0000025f64f6d010
Event: 15.989 Thread 0x0000025f5e251f80 Thread added: 0x0000025f643c7f30
Event: 16.085 Thread 0x0000025f5e2ce900 Thread added: 0x0000025f6449aaf0
Event: 16.086 Thread 0x0000025f6449b180 Thread added: 0x0000025f6449a460


Dynamic libraries:
0x00007ff6d80b0000 - 0x00007ff6d80be000 	c:\Users\dhruv\.vscode\extensions\redhat.java-1.53.0-win32-x64\jre\21.0.10-win32-x86_64\bin\java.exe
0x00007ffc9c540000 - 0x00007ffc9c7a7000 	C:\Windows\SYSTEM32\ntdll.dll
0x00007ffc9bbf0000 - 0x00007ffc9bcb9000 	C:\Windows\System32\KERNEL32.DLL
0x00007ffc98ed0000 - 0x00007ffc992c1000 	C:\Windows\System32\KERNELBASE.dll
0x00007ffc99e00000 - 0x00007ffc99f4b000 	C:\Windows\System32\ucrtbase.dll
0x00007ffc937a0000 - 0x00007ffc937b8000 	c:\Users\dhruv\.vscode\extensions\redhat.java-1.53.0-win32-x64\jre\21.0.10-win32-x86_64\bin\jli.dll
0x00007ffc93770000 - 0x00007ffc9378e000 	c:\Users\dhruv\.vscode\extensions\redhat.java-1.53.0-win32-x64\jre\21.0.10-win32-x86_64\bin\VCRUNTIME140.dll
0x00007ffc9a620000 - 0x00007ffc9a7e5000 	C:\Windows\System32\USER32.dll
0x00007ffc79410000 - 0x00007ffc796a3000 	C:\Windows\WinSxS\amd64_microsoft.windows.common-controls_6595b64144ccf1df_6.0.26100.8037_none_3e092faae333b53b\COMCTL32.dll
0x00007ffc9a2b0000 - 0x00007ffc9a2d7000 	C:\Windows\System32\win32u.dll
0x00007ffc9b230000 - 0x00007ffc9b25b000 	C:\Windows\System32\GDI32.dll
0x00007ffc9b490000 - 0x00007ffc9b539000 	C:\Windows\System32\msvcrt.dll
0x00007ffc9a0d0000 - 0x00007ffc9a1fb000 	C:\Windows\System32\gdi32full.dll
0x00007ffc98e20000 - 0x00007ffc98ec3000 	C:\Windows\System32\msvcp_win.dll
0x00007ffc9c2a0000 - 0x00007ffc9c2d1000 	C:\Windows\System32\IMM32.DLL
0x00007ffc937e0000 - 0x00007ffc937ec000 	c:\Users\dhruv\.vscode\extensions\redhat.java-1.53.0-win32-x64\jre\21.0.10-win32-x86_64\bin\vcruntime140_1.dll
0x00007ffc93670000 - 0x00007ffc936fd000 	c:\Users\dhruv\.vscode\extensions\redhat.java-1.53.0-win32-x64\jre\21.0.10-win32-x86_64\bin\msvcp140.dll
0x00007ffc05650000 - 0x00007ffc063f1000 	c:\Users\dhruv\.vscode\extensions\redhat.java-1.53.0-win32-x64\jre\21.0.10-win32-x86_64\bin\server\jvm.dll
0x00007ffc9a880000 - 0x00007ffc9a93b000 	C:\Windows\System32\ADVAPI32.dll
0x00007ffc9b260000 - 0x00007ffc9b307000 	C:\Windows\System32\sechost.dll
0x00007ffc9a2e0000 - 0x00007ffc9a3f8000 	C:\Windows\System32\RPCRT4.dll
0x00007ffc9a800000 - 0x00007ffc9a874000 	C:\Windows\System32\WS2_32.dll
0x00007ffc98ca0000 - 0x00007ffc98cfe000 	C:\Windows\SYSTEM32\POWRPROF.dll
0x00007ffc7c780000 - 0x00007ffc7c78b000 	C:\Windows\SYSTEM32\VERSION.dll
0x00007ffc90f50000 - 0x00007ffc90f85000 	C:\Windows\SYSTEM32\WINMM.dll
0x00007ffc98c80000 - 0x00007ffc98c94000 	C:\Windows\SYSTEM32\UMPDC.dll
0x00007ffc97b80000 - 0x00007ffc97b9b000 	C:\Windows\SYSTEM32\kernel.appcore.dll
0x00007ffc93600000 - 0x00007ffc9360a000 	c:\Users\dhruv\.vscode\extensions\redhat.java-1.53.0-win32-x64\jre\21.0.10-win32-x86_64\bin\jimage.dll
0x00007ffc96e50000 - 0x00007ffc97092000 	C:\Windows\SYSTEM32\DBGHELP.DLL
0x00007ffc9bd20000 - 0x00007ffc9c0a2000 	C:\Windows\System32\combase.dll
0x00007ffc9b0c0000 - 0x00007ffc9b197000 	C:\Windows\System32\OLEAUT32.dll
0x00007ffc7a2d0000 - 0x00007ffc7a30b000 	C:\Windows\SYSTEM32\dbgcore.DLL
0x00007ffc9a200000 - 0x00007ffc9a2a5000 	C:\Windows\System32\bcryptPrimitives.dll
0x00007ffc93660000 - 0x00007ffc9366f000 	c:\Users\dhruv\.vscode\extensions\redhat.java-1.53.0-win32-x64\jre\21.0.10-win32-x86_64\bin\instrument.dll
0x00007ffc8ef60000 - 0x00007ffc8ef80000 	c:\Users\dhruv\.vscode\extensions\redhat.java-1.53.0-win32-x64\jre\21.0.10-win32-x86_64\bin\java.dll
0x00007ffc9a950000 - 0x00007ffc9b0af000 	C:\Windows\System32\SHELL32.dll
0x00007ffc99c90000 - 0x00007ffc99dfa000 	C:\Windows\System32\wintypes.dll
0x00007ffc992d0000 - 0x00007ffc99b34000 	C:\Windows\System32\windows.storage.dll
0x00007ffc9a4a0000 - 0x00007ffc9a597000 	C:\Windows\System32\SHCORE.dll
0x00007ffc9c490000 - 0x00007ffc9c4f7000 	C:\Windows\System32\shlwapi.dll
0x00007ffc98d40000 - 0x00007ffc98d69000 	C:\Windows\SYSTEM32\profapi.dll
0x00007ffc8d560000 - 0x00007ffc8d578000 	c:\Users\dhruv\.vscode\extensions\redhat.java-1.53.0-win32-x64\jre\21.0.10-win32-x86_64\bin\zip.dll
0x00007ffc93650000 - 0x00007ffc93660000 	C:\Users\dhruv\.vscode\extensions\redhat.java-1.53.0-win32-x64\jre\21.0.10-win32-x86_64\bin\net.dll
0x00007ffc8ef80000 - 0x00007ffc8f0a7000 	C:\Windows\SYSTEM32\WINHTTP.dll
0x00007ffc98120000 - 0x00007ffc9818b000 	C:\Windows\system32\mswsock.dll
0x00007ffc93630000 - 0x00007ffc93646000 	C:\Users\dhruv\.vscode\extensions\redhat.java-1.53.0-win32-x64\jre\21.0.10-win32-x86_64\bin\nio.dll
0x00007ffc935f0000 - 0x00007ffc93600000 	c:\Users\dhruv\.vscode\extensions\redhat.java-1.53.0-win32-x64\jre\21.0.10-win32-x86_64\bin\verify.dll
0x00007ffc78280000 - 0x00007ffc782c5000 	C:\Users\dhruv\AppData\Roaming\Code\User\globalStorage\redhat.java\1.53.0\config_win\org.eclipse.equinox.launcher\org.eclipse.equinox.launcher.win32.win32.x86_64_1.3.0.v20260203-2149\eclipse_11919.dll
0x00007ffc9c2e0000 - 0x00007ffc9c475000 	C:\Windows\System32\ole32.dll
0x00007ffc98410000 - 0x00007ffc9842b000 	C:\Windows\SYSTEM32\CRYPTSP.dll
0x00007ffc97ae0000 - 0x00007ffc97b19000 	C:\Windows\system32\rsaenh.dll
0x00007ffc981d0000 - 0x00007ffc98202000 	C:\Windows\SYSTEM32\USERENV.dll
0x00007ffc98d10000 - 0x00007ffc98d3a000 	C:\Windows\SYSTEM32\bcrypt.dll
0x00007ffc98400000 - 0x00007ffc9840c000 	C:\Windows\SYSTEM32\CRYPTBASE.dll
0x00007ffc97560000 - 0x00007ffc97593000 	C:\Windows\SYSTEM32\IPHLPAPI.DLL
0x00007ffc9c480000 - 0x00007ffc9c48a000 	C:\Windows\System32\NSI.dll
0x00007ffc6a080000 - 0x00007ffc6a0c9000 	C:\Users\dhruv\AppData\Local\Temp\jna-95563663\jna2230692473708799026.dll
0x00007ffc9a940000 - 0x00007ffc9a948000 	C:\Windows\System32\PSAPI.DLL

JVMTI agents:
c:\Users\dhruv\.vscode\extensions\redhat.java-1.53.0-win32-x64\lombok\lombok-1.18.39-4050.jar path:c:\Users\dhruv\.vscode\extensions\redhat.java-1.53.0-win32-x64\jre\21.0.10-win32-x86_64\bin\instrument.dll, loaded, initialized, instrumentlib options:none

dbghelp: loaded successfully - version: 4.0.5 - missing functions: none
symbol engine: initialized successfully - sym options: 0x614 - pdb path: .;c:\Users\dhruv\.vscode\extensions\redhat.java-1.53.0-win32-x64\jre\21.0.10-win32-x86_64\bin;C:\Windows\SYSTEM32;C:\Windows\WinSxS\amd64_microsoft.windows.common-controls_6595b64144ccf1df_6.0.26100.8037_none_3e092faae333b53b;c:\Users\dhruv\.vscode\extensions\redhat.java-1.53.0-win32-x64\jre\21.0.10-win32-x86_64\bin\server;C:\Users\dhruv\AppData\Roaming\Code\User\globalStorage\redhat.java\1.53.0\config_win\org.eclipse.equinox.launcher\org.eclipse.equinox.launcher.win32.win32.x86_64_1.3.0.v20260203-2149;C:\Users\dhruv\AppData\Local\Temp\jna-95563663

VM Arguments:
jvm_args: --add-modules=ALL-SYSTEM --add-opens=java.base/java.util=ALL-UNNAMED --add-opens=java.base/java.lang=ALL-UNNAMED --add-opens=java.base/sun.nio.fs=ALL-UNNAMED -Declipse.application=org.eclipse.jdt.ls.core.id1 -Dosgi.bundles.defaultStartLevel=4 -Declipse.product=org.eclipse.jdt.ls.core.product -Djava.import.generatesMetadataFilesAtProjectRoot=false -DDetectVMInstallationsJob.disabled=true -Dfile.encoding=utf8 -XX:+UseParallelGC -XX:GCTimeRatio=4 -XX:AdaptiveSizePolicyWeight=90 -Dsun.zip.disableMemoryMapping=true -Xmx2G -Xms100m -Xlog:disable -javaagent:c:\Users\dhruv\.vscode\extensions\redhat.java-1.53.0-win32-x64\lombok\lombok-1.18.39-4050.jar -XX:+HeapDumpOnOutOfMemoryError -XX:HeapDumpPath=c:\Users\dhruv\AppData\Roaming\Code\User\workspaceStorage\7d28d01f3346ece97dc27ea15ebc63fd\redhat.java -Daether.dependencyCollector.impl=bf 
java_command: c:\Users\dhruv\.vscode\extensions\redhat.java-1.53.0-win32-x64\server\plugins\org.eclipse.equinox.launcher_1.7.100.v20251111-0406.jar -configuration c:\Users\dhruv\AppData\Roaming\Code\User\globalStorage\redhat.java\1.53.0\config_win -data c:\Users\dhruv\AppData\Roaming\Code\User\workspaceStorage\7d28d01f3346ece97dc27ea15ebc63fd\redhat.java\jdt_ws --pipe=\\.\pipe\lsp-82ef7175cb120d7040222748ae23d369-sock
java_class_path (initial): c:\Users\dhruv\.vscode\extensions\redhat.java-1.53.0-win32-x64\server\plugins\org.eclipse.equinox.launcher_1.7.100.v20251111-0406.jar
Launcher Type: SUN_STANDARD

[Global flags]
    uintx AdaptiveSizePolicyWeight                 = 90                                        {product} {command line}
     intx CICompilerCount                          = 4                                         {product} {ergonomic}
    uintx GCTimeRatio                              = 4                                         {product} {command line}
     bool HeapDumpOnOutOfMemoryError               = true                                   {manageable} {command line}
    ccstr HeapDumpPath                             = c:\Users\dhruv\AppData\Roaming\Code\User\workspaceStorage\7d28d01f3346ece97dc27ea15ebc63fd\redhat.java         {manageable} {command line}
   size_t InitialHeapSize                          = 104857600                                 {product} {command line}
   size_t MaxHeapSize                              = 2147483648                                {product} {command line}
   size_t MaxNewSize                               = 715653120                                 {product} {ergonomic}
   size_t MinHeapDeltaBytes                        = 524288                                    {product} {ergonomic}
   size_t MinHeapSize                              = 104857600                                 {product} {command line}
   size_t NewSize                                  = 34603008                                  {product} {ergonomic}
    uintx NonNMethodCodeHeapSize                   = 5839372                                {pd product} {ergonomic}
    uintx NonProfiledCodeHeapSize                  = 122909434                              {pd product} {ergonomic}
   size_t OldSize                                  = 70254592                                  {product} {ergonomic}
    uintx ProfiledCodeHeapSize                     = 122909434                              {pd product} {ergonomic}
    uintx ReservedCodeCacheSize                    = 251658240                              {pd product} {ergonomic}
     bool SegmentedCodeCache                       = true                                      {product} {ergonomic}
   size_t SoftMaxHeapSize                          = 2147483648                             {manageable} {ergonomic}
     bool UseCompressedOops                        = true                           {product lp64_product} {ergonomic}
     bool UseLargePagesIndividualAllocation        = false                                  {pd product} {ergonomic}
     bool UseParallelGC                            = true                                      {product} {command line}

Logging:
Log output configuration:
 #0: stdout all=off uptime,level,tags foldmultilines=false
 #1: stderr all=off uptime,level,tags foldmultilines=false

Release file:
JAVA_VERSION="21.0.10" 
MODULES="java.base java.compiler java.datatransfer java.xml java.prefs java.desktop java.instrument java.logging java.management java.security.sasl java.naming java.rmi java.management.rmi java.net.http java.scripting java.security.jgss java.transaction.xa java.sql java.sql.rowset java.xml.crypto java.se java.smartcardio jdk.accessibility jdk.internal.jvmstat jdk.attach jdk.charsets jdk.internal.opt jdk.zipfs jdk.compiler jdk.crypto.ec jdk.crypto.cryptoki jdk.crypto.mscapi jdk.dynalink jdk.internal.ed jdk.editpad jdk.hotspot.agent jdk.httpserver jdk.internal.le jdk.internal.vm.ci jdk.internal.vm.compiler jdk.internal.vm.compiler.management jdk.jartool jdk.javadoc jdk.jcmd jdk.management jdk.management.agent jdk.jconsole jdk.jdeps jdk.jdwp.agent jdk.jdi jdk.jfr jdk.jshell jdk.jsobject jdk.jstatd jdk.localedata jdk.management.jfr jdk.naming.dns jdk.naming.rmi jdk.net jdk.nio.mapmode jdk.random jdk.sctp jdk.security.auth jdk.security.jgss jdk.unsupported jdk.unsupported.desktop jdk.xml.dom" 

Environment Variables:
PATH=C:\Users\dhruv\AppData\Local\Programs\Microsoft VS Code;C:\Program Files\Common Files\Oracle\Java\javapath;C:\Windows\system32;C:\Windows;C:\Windows\System32\Wbem;C:\Windows\System32\WindowsPowerShell\v1.0\;C:\Windows\System32\OpenSSH\;C:\Program Files\nodejs\;C:\Program Files\Git\cmd;C:\Program Files\MongoDB\Server\8.0\bin;C:\Program Files\MySQL\MySQL Server 8.0\bin;C:\Users\dhruv\Downloads\gradle-8.14.3\bin;C:\Program Files\Docker\Docker\resources\bin;C:\Program Files\Apache\MAVEN\bin;C:\Program Files\Apache\MAVEN\apache-maven-3.9.12\bin;C:\Program Files\MySQL\MySQL Shell 8.0\bin\;C:\Users\dhruv\AppData\Local\Microsoft\WindowsApps;C:\Users\dhruv\AppData\Local\Programs\Microsoft VS Code\bin;C:\Users\dhruv\AppData\Roaming\npm;C:\Program Files\JetBrains\IntelliJ IDEA Community Edition 2025.1.4.1\bin;C:\Users\dhruv\AppData\Local\Programs\cursor\resources\app\bin
USERNAME=dhruv
OS=Windows_NT
PROCESSOR_IDENTIFIER=Intel64 Family 6 Model 186 Stepping 2, GenuineIntel
TMP=C:\Users\dhruv\AppData\Local\Temp
TEMP=C:\Users\dhruv\AppData\Local\Temp




Periodic native trim disabled

---------------  S Y S T E M  ---------------

OS:
 Windows 11 , 64 bit Build 26100 (10.0.26100.7920)
OS uptime: 0 days 23:16 hours
Hyper-V role detected

CPU: total 12 (initial active 12) (6 cores per cpu, 2 threads per core) family 6 model 186 stepping 2 microcode 0x6134, cx8, cmov, fxsr, ht, mmx, 3dnowpref, sse, sse2, sse3, ssse3, sse4.1, sse4.2, popcnt, lzcnt, tsc, tscinvbit, avx, avx2, aes, erms, clmul, bmi1, bmi2, adx, sha, fma, vzeroupper, clflush, clflushopt, clwb, hv, serialize, rdtscp, rdpid, fsrm, f16c, cet_ibt, cet_ss
Processor Information for processor 0
  Max Mhz: 2100, Current Mhz: 1453, Mhz Limit: 2100
Processor Information for processor 1
  Max Mhz: 2100, Current Mhz: 2100, Mhz Limit: 2100
Processor Information for processor 2
  Max Mhz: 2100, Current Mhz: 2100, Mhz Limit: 2100
Processor Information for processor 3
  Max Mhz: 2100, Current Mhz: 2100, Mhz Limit: 2100
Processor Information for processor 4
  Max Mhz: 2100, Current Mhz: 2100, Mhz Limit: 2100
Processor Information for processor 5
  Max Mhz: 2100, Current Mhz: 2100, Mhz Limit: 2100
Processor Information for processor 6
  Max Mhz: 2100, Current Mhz: 1453, Mhz Limit: 2100
Processor Information for processor 7
  Max Mhz: 2100, Current Mhz: 2100, Mhz Limit: 2100
Processor Information for processor 8
  Max Mhz: 2100, Current Mhz: 1500, Mhz Limit: 1491
Processor Information for processor 9
  Max Mhz: 2100, Current Mhz: 1500, Mhz Limit: 1491
Processor Information for processor 10
  Max Mhz: 2100, Current Mhz: 1500, Mhz Limit: 1491
Processor Information for processor 11
  Max Mhz: 2100, Current Mhz: 1500, Mhz Limit: 1491

Memory: 4k page, system-wide physical 16076M (1215M free)
TotalPageFile size 46395M (AvailPageFile size 9M)
current process WorkingSet (physical memory assigned to process): 174M, peak: 180M
current process commit charge ("private bytes"): 310M, peak: 316M

vm_info: OpenJDK 64-Bit Server VM (21.0.10+7-LTS) for windows-amd64 JRE (21.0.10+7-LTS), built on 2026-01-20T00:00:00Z by "admin" with MS VC++ 17.12 (VS2022)

END.
