#
# There is insufficient memory for the Java Runtime Environment to continue.
# Native memory allocation (malloc) failed to allocate 788848 bytes. Error detail: Chunk::new
# Possible reasons:
#   The system is out of physical RAM or swap space
#   This process is running with CompressedOops enabled, and the Java Heap may be blocking the growth of the native heap
# Possible solutions:
#   Reduce memory load on the system
#   Increase physical memory or swap space
#   Check if swap backing store is full
#   Decrease Java heap size (-Xmx/-Xms)
#   Decrease number of Java threads
#   Decrease Java thread stack sizes (-Xss)
#   Set larger code cache with -XX:ReservedCodeCacheSize=
#   JVM is running with Unscaled Compressed Oops mode in which the Java heap is
#     placed in the first 4GB address space. The Java Heap base address is the
#     maximum limit for the native heap growth. Please use -XX:HeapBaseMinAddress
#     to set the Java Heap base and to place the Java Heap above 4GB virtual address.
# This output file may be truncated or incomplete.
#
#  Out of Memory Error (arena.cpp:168), pid=19048, tid=46328
#
# JRE version: OpenJDK Runtime Environment Temurin-21.0.10+7 (21.0.10+7) (build 21.0.10+7-LTS)
# Java VM: OpenJDK 64-Bit Server VM Temurin-21.0.10+7 (21.0.10+7-LTS, mixed mode, sharing, tiered, compressed oops, compressed class ptrs, parallel gc, windows-amd64)
# No core dump will be written. Minidumps are not enabled by default on client versions of Windows
#

---------------  S U M M A R Y ------------

Command Line: --add-modules=ALL-SYSTEM --add-opens=java.base/java.util=ALL-UNNAMED --add-opens=java.base/java.lang=ALL-UNNAMED --add-opens=java.base/sun.nio.fs=ALL-UNNAMED -Declipse.application=org.eclipse.jdt.ls.core.id1 -Dosgi.bundles.defaultStartLevel=4 -Declipse.product=org.eclipse.jdt.ls.core.product -Djava.import.generatesMetadataFilesAtProjectRoot=false -DDetectVMInstallationsJob.disabled=true -Dfile.encoding=utf8 -XX:+UseParallelGC -XX:GCTimeRatio=4 -XX:AdaptiveSizePolicyWeight=90 -Dsun.zip.disableMemoryMapping=true -Xmx2G -Xms100m -Xlog:disable -javaagent:c:\Users\dhruv\.vscode\extensions\redhat.java-1.53.0-win32-x64\lombok\lombok-1.18.39-4050.jar -XX:+HeapDumpOnOutOfMemoryError -XX:HeapDumpPath=c:\Users\dhruv\AppData\Roaming\Code\User\workspaceStorage\7d28d01f3346ece97dc27ea15ebc63fd\redhat.java -Daether.dependencyCollector.impl=bf c:\Users\dhruv\.vscode\extensions\redhat.java-1.53.0-win32-x64\server\plugins\org.eclipse.equinox.launcher_1.7.100.v20251111-0406.jar -configuration c:\Users\dhruv\AppData\Roaming\Code\User\globalStorage\redhat.java\1.53.0\config_win -data c:\Users\dhruv\AppData\Roaming\Code\User\workspaceStorage\7d28d01f3346ece97dc27ea15ebc63fd\redhat.java\jdt_ws --pipe=\\.\pipe\lsp-52ecb3c186e43c954a41855dca1e17bd-sock

Host: 13th Gen Intel(R) Core(TM) i5-13420H, 12 cores, 15G,  Windows 11 , 64 bit Build 26100 (10.0.26100.7920)
Time: Sun Mar 29 14:37:35 2026 India Standard Time elapsed time: 23.984460 seconds (0d 0h 0m 23s)

---------------  T H R E A D  ---------------

Current thread (0x000001a6ed26bfc0):  JavaThread "C2 CompilerThread1" daemon [_thread_in_native, id=46328, stack(0x0000005145200000,0x0000005145300000) (1024K)]


Current CompileTask:
C2:23984 7127       4       jdk.internal.jimage.ImageReader$SharedImageReader$$Lambda/0x000001a6a35a9800::visit (13 bytes)

Stack: [0x0000005145200000,0x0000005145300000]
Native frames: (J=compiled Java code, j=interpreted, Vv=VM code, C=native code)
V  [jvm.dll+0x6d7a39]
V  [jvm.dll+0x8b4b26]
V  [jvm.dll+0x8b70de]
V  [jvm.dll+0x8b77c3]
V  [jvm.dll+0x284346]
V  [jvm.dll+0xc66ed]
V  [jvm.dll+0xc6c31]
V  [jvm.dll+0x3bec3b]
V  [jvm.dll+0x38b162]
V  [jvm.dll+0x38a5aa]
V  [jvm.dll+0x24c560]
V  [jvm.dll+0x24bb40]
V  [jvm.dll+0x1cb34e]
V  [jvm.dll+0x25b85d]
V  [jvm.dll+0x259dea]
V  [jvm.dll+0x3f857e]
V  [jvm.dll+0x85f59d]
V  [jvm.dll+0x6d626d]
C  [ucrtbase.dll+0x37b0]
C  [KERNEL32.DLL+0x2e8d7]
C  [ntdll.dll+0x8c48c]


---------------  P R O C E S S  ---------------

Threads class SMR info:
_java_thread_list=0x000001a6ebfc8450, length=54, elements={
0x000001a68abfb850, 0x000001a6e46744b0, 0x000001a6a16adc30, 0x000001a6e4676ed0,
0x000001a6e4677740, 0x000001a6e467a2b0, 0x000001a6e467ad10, 0x000001a6e467baa0,
0x000001a6e46f6920, 0x000001a6e4886f00, 0x000001a6e49eb760, 0x000001a6e98dbfe0,
0x000001a6e98b91a0, 0x000001a6e9253b50, 0x000001a6e9adaf80, 0x000001a6e9bda780,
0x000001a6e9d61840, 0x000001a6e9ef73d0, 0x000001a6e98081c0, 0x000001a6e9806780,
0x000001a6e98074a0, 0x000001a6e98060f0, 0x000001a6e9808ee0, 0x000001a6e9809570,
0x000001a6e9807b30, 0x000001a6ec4f4c90, 0x000001a6ec4f59b0, 0x000001a6ec4f66d0,
0x000001a6ec4f87a0, 0x000001a6ec4f6d60, 0x000001a6ec4f73f0, 0x000001a6ec4f7a80,
0x000001a6ec4f5320, 0x000001a6ec4f8110, 0x000001a6ec4f8e30, 0x000001a6ec4f94c0,
0x000001a6ec4f6040, 0x000001a6ec4f9b50, 0x000001a6ec4fa870, 0x000001a6ec4fb590,
0x000001a6ec4fa1e0, 0x000001a6ec4fc2b0, 0x000001a6ec4fbc20, 0x000001a6eac26c20,
0x000001a6eac251e0, 0x000001a6eac24b50, 0x000001a6eac26590, 0x000001a6eac237a0,
0x000001a6eac272b0, 0x000001a6eac25870, 0x000001a6eac23e30, 0x000001a6eac27940,
0x000001a6ed26bfc0, 0x000001a6ec040930
}

Java Threads: ( => current thread )
  0x000001a68abfb850 JavaThread "main"                              [_thread_blocked, id=5968, stack(0x0000005143100000,0x0000005143200000) (1024K)]
  0x000001a6e46744b0 JavaThread "Reference Handler"          daemon [_thread_blocked, id=46768, stack(0x0000005143500000,0x0000005143600000) (1024K)]
  0x000001a6a16adc30 JavaThread "Finalizer"                  daemon [_thread_blocked, id=42960, stack(0x0000005143600000,0x0000005143700000) (1024K)]
  0x000001a6e4676ed0 JavaThread "Signal Dispatcher"          daemon [_thread_blocked, id=25224, stack(0x0000005143700000,0x0000005143800000) (1024K)]
  0x000001a6e4677740 JavaThread "Attach Listener"            daemon [_thread_blocked, id=7012, stack(0x0000005143800000,0x0000005143900000) (1024K)]
  0x000001a6e467a2b0 JavaThread "Service Thread"             daemon [_thread_blocked, id=9188, stack(0x0000005143900000,0x0000005143a00000) (1024K)]
  0x000001a6e467ad10 JavaThread "Monitor Deflation Thread"   daemon [_thread_blocked, id=9608, stack(0x0000005143a00000,0x0000005143b00000) (1024K)]
  0x000001a6e467baa0 JavaThread "C2 CompilerThread0"         daemon [_thread_in_native, id=13584, stack(0x0000005143b00000,0x0000005143c00000) (1024K)]
  0x000001a6e46f6920 JavaThread "C1 CompilerThread0"         daemon [_thread_blocked, id=39500, stack(0x0000005143c00000,0x0000005143d00000) (1024K)]
  0x000001a6e4886f00 JavaThread "Common-Cleaner"             daemon [_thread_blocked, id=31216, stack(0x0000005143d00000,0x0000005143e00000) (1024K)]
  0x000001a6e49eb760 JavaThread "Notification Thread"        daemon [_thread_blocked, id=8640, stack(0x0000005143f00000,0x0000005144000000) (1024K)]
  0x000001a6e98dbfe0 JavaThread "Active Thread: Equinox Container: 8183b137-f51a-463c-8d08-ea1438cfd193"        [_thread_blocked, id=42052, stack(0x0000005144700000,0x0000005144800000) (1024K)]
  0x000001a6e98b91a0 JavaThread "Refresh Thread: Equinox Container: 8183b137-f51a-463c-8d08-ea1438cfd193" daemon [_thread_blocked, id=38296, stack(0x0000005144800000,0x0000005144900000) (1024K)]
  0x000001a6e9253b50 JavaThread "Framework Event Dispatcher: Equinox Container: 8183b137-f51a-463c-8d08-ea1438cfd193" daemon [_thread_blocked, id=39444, stack(0x0000005144900000,0x0000005144a00000) (1024K)]
  0x000001a6e9adaf80 JavaThread "Start Level: Equinox Container: 8183b137-f51a-463c-8d08-ea1438cfd193" daemon [_thread_blocked, id=41260, stack(0x0000005144a00000,0x0000005144b00000) (1024K)]
  0x000001a6e9bda780 JavaThread "Bundle File Closer"         daemon [_thread_blocked, id=8708, stack(0x0000005144d00000,0x0000005144e00000) (1024K)]
  0x000001a6e9d61840 JavaThread "SCR Component Actor"        daemon [_thread_blocked, id=21600, stack(0x0000005144e00000,0x0000005144f00000) (1024K)]
  0x000001a6e9ef73d0 JavaThread "Worker-JM"                         [_thread_blocked, id=12384, stack(0x0000005145000000,0x0000005145100000) (1024K)]
  0x000001a6e98081c0 JavaThread "JNA Cleaner"                daemon [_thread_blocked, id=35372, stack(0x0000005143e00000,0x0000005143f00000) (1024K)]
  0x000001a6e9806780 JavaThread "Worker-0"                          [_thread_blocked, id=896, stack(0x0000005144f00000,0x0000005145000000) (1024K)]
  0x000001a6e98074a0 JavaThread "Worker-1: Initialize workspace"        [_thread_blocked, id=5560, stack(0x0000005145100000,0x0000005145200000) (1024K)]
  0x000001a6e98060f0 JavaThread "Java indexing"              daemon [_thread_blocked, id=18780, stack(0x0000005145400000,0x0000005145500000) (1024K)]
  0x000001a6e9808ee0 JavaThread "Worker-2"                          [_thread_blocked, id=19824, stack(0x0000005145700000,0x0000005145800000) (1024K)]
  0x000001a6e9809570 JavaThread "Worker-3"                          [_thread_blocked, id=3536, stack(0x0000005145800000,0x0000005145900000) (1024K)]
  0x000001a6e9807b30 JavaThread "Worker-4"                          [_thread_blocked, id=4868, stack(0x0000005145900000,0x0000005145a00000) (1024K)]
  0x000001a6ec4f4c90 JavaThread "Thread-1"                   daemon [_thread_in_native, id=25908, stack(0x0000005145a00000,0x0000005145b00000) (1024K)]
  0x000001a6ec4f59b0 JavaThread "Thread-2"                   daemon [_thread_in_native, id=40496, stack(0x0000005145b00000,0x0000005145c00000) (1024K)]
  0x000001a6ec4f66d0 JavaThread "Thread-3"                   daemon [_thread_in_native, id=18764, stack(0x0000005145c00000,0x0000005145d00000) (1024K)]
  0x000001a6ec4f87a0 JavaThread "Thread-4"                   daemon [_thread_in_native, id=41360, stack(0x0000005145d00000,0x0000005145e00000) (1024K)]
  0x000001a6ec4f6d60 JavaThread "Thread-5"                   daemon [_thread_in_native, id=14248, stack(0x0000005145e00000,0x0000005145f00000) (1024K)]
  0x000001a6ec4f73f0 JavaThread "Thread-6"                   daemon [_thread_in_native, id=3184, stack(0x0000005145f00000,0x0000005146000000) (1024K)]
  0x000001a6ec4f7a80 JavaThread "Thread-7"                   daemon [_thread_in_native, id=2704, stack(0x0000005146000000,0x0000005146100000) (1024K)]
  0x000001a6ec4f5320 JavaThread "Thread-8"                   daemon [_thread_in_native, id=19104, stack(0x0000005146100000,0x0000005146200000) (1024K)]
  0x000001a6ec4f8110 JavaThread "Thread-9"                   daemon [_thread_in_native, id=31868, stack(0x0000005146200000,0x0000005146300000) (1024K)]
  0x000001a6ec4f8e30 JavaThread "Thread-10"                  daemon [_thread_in_native, id=1620, stack(0x0000005146300000,0x0000005146400000) (1024K)]
  0x000001a6ec4f94c0 JavaThread "Thread-11"                  daemon [_thread_in_native, id=6860, stack(0x0000005146400000,0x0000005146500000) (1024K)]
  0x000001a6ec4f6040 JavaThread "Thread-12"                  daemon [_thread_in_native, id=10796, stack(0x0000005146500000,0x0000005146600000) (1024K)]
  0x000001a6ec4f9b50 JavaThread "Thread-13"                  daemon [_thread_in_native, id=31440, stack(0x0000005146600000,0x0000005146700000) (1024K)]
  0x000001a6ec4fa870 JavaThread "pool-2-thread-1"                   [_thread_blocked, id=5660, stack(0x0000005146700000,0x0000005146800000) (1024K)]
  0x000001a6ec4fb590 JavaThread "WorkspaceEventsHandler"            [_thread_blocked, id=26628, stack(0x0000005146800000,0x0000005146900000) (1024K)]
  0x000001a6ec4fa1e0 JavaThread "pool-1-thread-1"                   [_thread_in_Java, id=19944, stack(0x0000005146900000,0x0000005146a00000) (1024K)]
  0x000001a6ec4fc2b0 JavaThread "ForkJoinPool.commonPool-worker-1" daemon [_thread_blocked, id=8344, stack(0x0000005146a00000,0x0000005146b00000) (1024K)]
  0x000001a6ec4fbc20 JavaThread "ForkJoinPool.commonPool-worker-2" daemon [_thread_blocked, id=40856, stack(0x0000005146b00000,0x0000005146c00000) (1024K)]
  0x000001a6eac26c20 JavaThread "ForkJoinPool.commonPool-worker-3" daemon [_thread_blocked, id=36832, stack(0x0000005146c00000,0x0000005146d00000) (1024K)]
  0x000001a6eac251e0 JavaThread "ForkJoinPool.commonPool-worker-4" daemon [_thread_blocked, id=30808, stack(0x0000005146d00000,0x0000005146e00000) (1024K)]
  0x000001a6eac24b50 JavaThread "ForkJoinPool.commonPool-worker-5" daemon [_thread_blocked, id=29540, stack(0x0000005146e00000,0x0000005146f00000) (1024K)]
  0x000001a6eac26590 JavaThread "ForkJoinPool.commonPool-worker-6" daemon [_thread_blocked, id=17920, stack(0x0000005146f00000,0x0000005147000000) (1024K)]
  0x000001a6eac237a0 JavaThread "ForkJoinPool.commonPool-worker-7" daemon [_thread_blocked, id=45700, stack(0x0000005147000000,0x0000005147100000) (1024K)]
  0x000001a6eac272b0 JavaThread "ForkJoinPool.commonPool-worker-8" daemon [_thread_blocked, id=46824, stack(0x0000005147100000,0x0000005147200000) (1024K)]
  0x000001a6eac25870 JavaThread "ForkJoinPool.commonPool-worker-9" daemon [_thread_blocked, id=36784, stack(0x0000005147200000,0x0000005147300000) (1024K)]
  0x000001a6eac23e30 JavaThread "ForkJoinPool.commonPool-worker-10" daemon [_thread_blocked, id=28992, stack(0x0000005147300000,0x0000005147400000) (1024K)]
  0x000001a6eac27940 JavaThread "ForkJoinPool.commonPool-worker-11" daemon [_thread_blocked, id=40416, stack(0x0000005147400000,0x0000005147500000) (1024K)]
=>0x000001a6ed26bfc0 JavaThread "C2 CompilerThread1"         daemon [_thread_in_native, id=46328, stack(0x0000005145200000,0x0000005145300000) (1024K)]
  0x000001a6ec040930 JavaThread "C2 CompilerThread2"         daemon [_thread_in_native, id=8648, stack(0x0000005145300000,0x0000005145400000) (1024K)]
Total: 54

Other Threads:
  0x000001a68acbe430 VMThread "VM Thread"                           [id=37720, stack(0x0000005143400000,0x0000005143500000) (1024K)]
  0x000001a6a158ca00 WatcherThread "VM Periodic Task Thread"        [id=14860, stack(0x0000005143300000,0x0000005143400000) (1024K)]
  0x000001a68ac1afe0 WorkerThread "GC Thread#0"                     [id=25440, stack(0x0000005143200000,0x0000005143300000) (1024K)]
  0x000001a6e95879d0 WorkerThread "GC Thread#1"                     [id=10848, stack(0x0000005144100000,0x0000005144200000) (1024K)]
  0x000001a6e9629110 WorkerThread "GC Thread#2"                     [id=724, stack(0x0000005144200000,0x0000005144300000) (1024K)]
  0x000001a6e4a3fff0 WorkerThread "GC Thread#3"                     [id=39808, stack(0x0000005144300000,0x0000005144400000) (1024K)]
  0x000001a6e9a45a30 WorkerThread "GC Thread#4"                     [id=14736, stack(0x0000005144400000,0x0000005144500000) (1024K)]
  0x000001a6e4a403a0 WorkerThread "GC Thread#5"                     [id=25080, stack(0x0000005144500000,0x0000005144600000) (1024K)]
  0x000001a6e4a40750 WorkerThread "GC Thread#6"                     [id=12708, stack(0x0000005144600000,0x0000005144700000) (1024K)]
  0x000001a6e98b85d0 WorkerThread "GC Thread#7"                     [id=37652, stack(0x0000005144000000,0x0000005144100000) (1024K)]
  0x000001a6e9db9e80 WorkerThread "GC Thread#8"                     [id=14308, stack(0x0000005144b00000,0x0000005144c00000) (1024K)]
  0x000001a6e9e1aac0 WorkerThread "GC Thread#9"                     [id=25368, stack(0x0000005144c00000,0x0000005144d00000) (1024K)]
Total: 12

Threads with active compile tasks:
C2 CompilerThread0  24010 7099       4       jdk.internal.org.objectweb.asm.SymbolTable::addConstantMemberReference (147 bytes)
C2 CompilerThread1  24010 7127       4       jdk.internal.jimage.ImageReader$SharedImageReader$$Lambda/0x000001a6a35a9800::visit (13 bytes)
C2 CompilerThread2  24010 7128       4       jdk.internal.jimage.ImageReader$SharedImageReader::lambda$handleModulesSubTree$1 (58 bytes)
Total: 3

VM state: not at safepoint (normal execution)

VM Mutex/Monitor currently owned by a thread: None

Heap address: 0x0000000080000000, size: 2048 MB, Compressed Oops mode: 32-bit

CDS archive(s) mapped at: [0x000001a6a2000000-0x000001a6a2ba0000-0x000001a6a2ba0000), size 12189696, SharedBaseAddress: 0x000001a6a2000000, ArchiveRelocationMode: 1.
Compressed class space mapped at: 0x000001a6a3000000-0x000001a6e3000000, reserved size: 1073741824
Narrow klass base: 0x000001a6a2000000, Narrow klass shift: 0, Narrow klass range: 0x100000000

GC Precious Log:
 CardTable entry size: 512
 CPUs: 12 total, 12 available
 Memory: 16076M
 Large Page Support: Disabled
 NUMA Support: Disabled
 Compressed Oops: Enabled (32-bit)
 Alignments: Space 512K, Generation 512K, Heap 2M
 Heap Min Capacity: 100M
 Heap Initial Capacity: 100M
 Heap Max Capacity: 2G
 Pre-touch: Disabled
 Parallel Workers: 10

Heap:
 PSYoungGen      total 17408K, used 1157K [0x00000000d5580000, 0x00000000d6d00000, 0x0000000100000000)
  eden space 16896K, 3% used [0x00000000d5580000,0x00000000d56214f8,0x00000000d6600000)
  from space 512K, 100% used [0x00000000d6980000,0x00000000d6a00000,0x00000000d6a00000)
  to   space 3584K, 0% used [0x00000000d6600000,0x00000000d6600000,0x00000000d6980000)
 ParOldGen       total 68608K, used 46841K [0x0000000080000000, 0x0000000084300000, 0x00000000d5580000)
  object space 68608K, 68% used [0x0000000080000000,0x0000000082dbe5d8,0x0000000084300000)
 Metaspace       used 48983K, committed 50368K, reserved 1114112K
  class space    used 5330K, committed 5952K, reserved 1048576K

Card table byte_map: [0x000001a68a5a0000,0x000001a68a9b0000] _byte_map_base: 0x000001a68a1a0000

Marking Bits: (ParMarkBitMap*) 0x00007ffc06313450
 Begin Bits: [0x000001a69d0b0000, 0x000001a69f0b0000)
 End Bits:   [0x000001a69f0b0000, 0x000001a6a10b0000)

Polling page: 0x000001a688a40000

Metaspace:

Usage:
  Non-class:     42.63 MB used.
      Class:      5.21 MB used.
       Both:     47.84 MB used.

Virtual space:
  Non-class space:       64.00 MB reserved,      43.38 MB ( 68%) committed,  1 nodes.
      Class space:        1.00 GB reserved,       5.81 MB ( <1%) committed,  1 nodes.
             Both:        1.06 GB reserved,      49.19 MB (  5%) committed. 

Chunk freelists:
   Non-Class:  4.41 MB
       Class:  10.01 MB
        Both:  14.42 MB

MaxMetaspaceSize: unlimited
CompressedClassSpaceSize: 1.00 GB
Initial GC threshold: 21.00 MB
Current GC threshold: 58.88 MB
CDS: on
 - commit_granule_bytes: 65536.
 - commit_granule_words: 8192.
 - virtual_space_node_default_size: 8388608.
 - enlarge_chunks_in_place: 1.
 - use_allocation_guard: 0.


Internal statistics:

num_allocs_failed_limit: 10.
num_arena_births: 1018.
num_arena_deaths: 14.
num_vsnodes_births: 2.
num_vsnodes_deaths: 0.
num_space_committed: 787.
num_space_uncommitted: 0.
num_chunks_returned_to_freelist: 24.
num_chunks_taken_from_freelist: 3245.
num_chunk_merges: 16.
num_chunk_splits: 2023.
num_chunks_enlarged: 1168.
num_inconsistent_stats: 0.

CodeHeap 'non-profiled nmethods': size=120000Kb used=3639Kb max_used=3639Kb free=116360Kb
 bounds [0x000001a6958d0000, 0x000001a695c60000, 0x000001a69ce00000]
CodeHeap 'profiled nmethods': size=120000Kb used=13401Kb max_used=13401Kb free=106598Kb
 bounds [0x000001a68de00000, 0x000001a68eb20000, 0x000001a695330000]
CodeHeap 'non-nmethods': size=5760Kb used=1372Kb max_used=1439Kb free=4388Kb
 bounds [0x000001a695330000, 0x000001a6955a0000, 0x000001a6958d0000]
CodeCache: size=245760Kb, used=18412Kb, max_used=18479Kb, free=227346Kb
 total_blobs=7241, nmethods=6566, adapters=581, full_count=0
Compilation: enabled, stopped_count=0, restarted_count=0

Compilation events (20 events):
Event: 20.920 Thread 0x000001a6e46f6920 nmethod 7161 0x000001a68eb0e710 code [0x000001a68eb0e920, 0x000001a68eb0ece8]
Event: 20.920 Thread 0x000001a6e46f6920 7162       2       java.lang.invoke.LambdaForm$MH/0x000001a6a301f400::invoke (46 bytes)
Event: 20.920 Thread 0x000001a6e46f6920 nmethod 7162 0x000001a68eb0f010 code [0x000001a68eb0f1e0, 0x000001a68eb0f3f8]
Event: 20.921 Thread 0x000001a6e46f6920 7163       1       org.eclipse.jdt.internal.core.JarPackageFragmentRoot::isArchive (2 bytes)
Event: 20.921 Thread 0x000001a6e46f6920 nmethod 7163 0x000001a695c5d110 code [0x000001a695c5d2a0, 0x000001a695c5d368]
Event: 20.940 Thread 0x000001a6e46f6920 7167       3       java.util.ImmutableCollections$ListItr::hasNext (17 bytes)
Event: 21.937 Thread 0x000001a6e46f6920 nmethod 7167 0x000001a68eb0f590 code [0x000001a68eb0f720, 0x000001a68eb0f888]
Event: 21.937 Thread 0x000001a6e46f6920 7168       2       org.eclipse.jdt.internal.core.PackageFragment::<init> (19 bytes)
Event: 21.938 Thread 0x000001a6e46f6920 nmethod 7168 0x000001a68eb0f910 code [0x000001a68eb0fac0, 0x000001a68eb0fc70]
Event: 21.939 Thread 0x000001a6e46f6920 7169       2       org.eclipse.jdt.internal.core.JrtPackageFragmentRoot::getPackageFragment (10 bytes)
Event: 21.939 Thread 0x000001a6e46f6920 nmethod 7169 0x000001a68eb0fd90 code [0x000001a68eb0ff40, 0x000001a68eb10110]
Event: 21.939 Thread 0x000001a6e46f6920 7170       2       org.eclipse.jdt.internal.core.JarPackageFragment::<init> (7 bytes)
Event: 21.940 Thread 0x000001a6e46f6920 nmethod 7170 0x000001a68eb10210 code [0x000001a68eb103a0, 0x000001a68eb10520]
Event: 21.941 Thread 0x000001a6e46f6920 7175       2       java.lang.invoke.DelegatingMethodHandle$Holder::reinvoke_L (20 bytes)
Event: 21.941 Thread 0x000001a6e46f6920 nmethod 7175 0x000001a68eb10690 code [0x000001a68eb10840, 0x000001a68eb109e0]
Event: 21.941 Thread 0x000001a6e46f6920 7174       1       org.eclipse.jdt.internal.core.AbstractClassFile::getElementType (3 bytes)
Event: 21.942 Thread 0x000001a6e46f6920 nmethod 7174 0x000001a695c5d410 code [0x000001a695c5d5a0, 0x000001a695c5d668]
Event: 21.943 Thread 0x000001a6e46f6920 7176       1       org.eclipse.jdt.internal.core.PackageFragment::getElementType (2 bytes)
Event: 21.943 Thread 0x000001a6e46f6920 nmethod 7176 0x000001a695c5d710 code [0x000001a695c5d8a0, 0x000001a695c5d968]
Event: 21.968 Thread 0x000001a6e46f6920 7178       2       org.eclipse.jdt.internal.core.JavaElement::getParent (5 bytes)

GC Heap History (20 events):
Event: 10.378 GC heap before
{Heap before GC invocations=20 (full 2):
 PSYoungGen      total 23552K, used 23552K [0x00000000d5580000, 0x00000000d7500000, 0x0000000100000000)
  eden space 22016K, 100% used [0x00000000d5580000,0x00000000d6b00000,0x00000000d6b00000)
  from space 1536K, 100% used [0x00000000d6c80000,0x00000000d6e00000,0x00000000d6e00000)
  to   space 5120K, 0% used [0x00000000d7000000,0x00000000d7000000,0x00000000d7500000)
 ParOldGen       total 68608K, used 24443K [0x0000000080000000, 0x0000000084300000, 0x00000000d5580000)
  object space 68608K, 35% used [0x0000000080000000,0x00000000817decf8,0x0000000084300000)
 Metaspace       used 41292K, committed 42560K, reserved 1114112K
  class space    used 4418K, committed 4992K, reserved 1048576K
}
Event: 10.387 GC heap after
{Heap after GC invocations=20 (full 2):
 PSYoungGen      total 22016K, used 5098K [0x00000000d5580000, 0x00000000d7f00000, 0x0000000100000000)
  eden space 16896K, 0% used [0x00000000d5580000,0x00000000d5580000,0x00000000d6600000)
  from space 5120K, 99% used [0x00000000d7000000,0x00000000d74fa9f0,0x00000000d7500000)
  to   space 10240K, 0% used [0x00000000d6600000,0x00000000d6600000,0x00000000d7000000)
 ParOldGen       total 68608K, used 28275K [0x0000000080000000, 0x0000000084300000, 0x00000000d5580000)
  object space 68608K, 41% used [0x0000000080000000,0x0000000081b9ce60,0x0000000084300000)
 Metaspace       used 41292K, committed 42560K, reserved 1114112K
  class space    used 4418K, committed 4992K, reserved 1048576K
}
Event: 11.427 GC heap before
{Heap before GC invocations=21 (full 2):
 PSYoungGen      total 22016K, used 21994K [0x00000000d5580000, 0x00000000d7f00000, 0x0000000100000000)
  eden space 16896K, 100% used [0x00000000d5580000,0x00000000d6600000,0x00000000d6600000)
  from space 5120K, 99% used [0x00000000d7000000,0x00000000d74fa9f0,0x00000000d7500000)
  to   space 10240K, 0% used [0x00000000d6600000,0x00000000d6600000,0x00000000d7000000)
 ParOldGen       total 68608K, used 28275K [0x0000000080000000, 0x0000000084300000, 0x00000000d5580000)
  object space 68608K, 41% used [0x0000000080000000,0x0000000081b9ce60,0x0000000084300000)
 Metaspace       used 43205K, committed 44544K, reserved 1114112K
  class space    used 4667K, committed 5248K, reserved 1048576K
}
Event: 11.436 GC heap after
{Heap after GC invocations=21 (full 2):
 PSYoungGen      total 18432K, used 1248K [0x00000000d5580000, 0x00000000d7080000, 0x0000000100000000)
  eden space 16896K, 0% used [0x00000000d5580000,0x00000000d5580000,0x00000000d6600000)
  from space 1536K, 81% used [0x00000000d6600000,0x00000000d6738000,0x00000000d6780000)
  to   space 4096K, 0% used [0x00000000d6c80000,0x00000000d6c80000,0x00000000d7080000)
 ParOldGen       total 68608K, used 33379K [0x0000000080000000, 0x0000000084300000, 0x00000000d5580000)
  object space 68608K, 48% used [0x0000000080000000,0x0000000082098d28,0x0000000084300000)
 Metaspace       used 43205K, committed 44544K, reserved 1114112K
  class space    used 4667K, committed 5248K, reserved 1048576K
}
Event: 13.452 GC heap before
{Heap before GC invocations=22 (full 2):
 PSYoungGen      total 18432K, used 18143K [0x00000000d5580000, 0x00000000d7080000, 0x0000000100000000)
  eden space 16896K, 99% used [0x00000000d5580000,0x00000000d65fffc8,0x00000000d6600000)
  from space 1536K, 81% used [0x00000000d6600000,0x00000000d6738000,0x00000000d6780000)
  to   space 4096K, 0% used [0x00000000d6c80000,0x00000000d6c80000,0x00000000d7080000)
 ParOldGen       total 68608K, used 33379K [0x0000000080000000, 0x0000000084300000, 0x00000000d5580000)
  object space 68608K, 48% used [0x0000000080000000,0x0000000082098d28,0x0000000084300000)
 Metaspace       used 45283K, committed 46592K, reserved 1114112K
  class space    used 4935K, committed 5504K, reserved 1048576K
}
Event: 13.457 GC heap after
{Heap after GC invocations=22 (full 2):
 PSYoungGen      total 18432K, used 1179K [0x00000000d5580000, 0x00000000d6e00000, 0x0000000100000000)
  eden space 16896K, 0% used [0x00000000d5580000,0x00000000d5580000,0x00000000d6600000)
  from space 1536K, 76% used [0x00000000d6c80000,0x00000000d6da6e98,0x00000000d6e00000)
  to   space 2048K, 0% used [0x00000000d6a00000,0x00000000d6a00000,0x00000000d6c00000)
 ParOldGen       total 68608K, used 34394K [0x0000000080000000, 0x0000000084300000, 0x00000000d5580000)
  object space 68608K, 50% used [0x0000000080000000,0x0000000082196a48,0x0000000084300000)
 Metaspace       used 45283K, committed 46592K, reserved 1114112K
  class space    used 4935K, committed 5504K, reserved 1048576K
}
Event: 14.915 GC heap before
{Heap before GC invocations=23 (full 2):
 PSYoungGen      total 18432K, used 18075K [0x00000000d5580000, 0x00000000d6e00000, 0x0000000100000000)
  eden space 16896K, 100% used [0x00000000d5580000,0x00000000d6600000,0x00000000d6600000)
  from space 1536K, 76% used [0x00000000d6c80000,0x00000000d6da6e98,0x00000000d6e00000)
  to   space 2048K, 0% used [0x00000000d6a00000,0x00000000d6a00000,0x00000000d6c00000)
 ParOldGen       total 68608K, used 34394K [0x0000000080000000, 0x0000000084300000, 0x00000000d5580000)
  object space 68608K, 50% used [0x0000000080000000,0x0000000082196a48,0x0000000084300000)
 Metaspace       used 46963K, committed 48256K, reserved 1114112K
  class space    used 5124K, committed 5696K, reserved 1048576K
}
Event: 14.920 GC heap after
{Heap after GC invocations=23 (full 2):
 PSYoungGen      total 18432K, used 1168K [0x00000000d5580000, 0x00000000d6d00000, 0x0000000100000000)
  eden space 16896K, 0% used [0x00000000d5580000,0x00000000d5580000,0x00000000d6600000)
  from space 1536K, 76% used [0x00000000d6a00000,0x00000000d6b24020,0x00000000d6b80000)
  to   space 1536K, 0% used [0x00000000d6b80000,0x00000000d6b80000,0x00000000d6d00000)
 ParOldGen       total 68608K, used 35387K [0x0000000080000000, 0x0000000084300000, 0x00000000d5580000)
  object space 68608K, 51% used [0x0000000080000000,0x000000008228ef90,0x0000000084300000)
 Metaspace       used 46963K, committed 48256K, reserved 1114112K
  class space    used 5124K, committed 5696K, reserved 1048576K
}
Event: 20.599 GC heap before
{Heap before GC invocations=24 (full 2):
 PSYoungGen      total 18432K, used 18064K [0x00000000d5580000, 0x00000000d6d00000, 0x0000000100000000)
  eden space 16896K, 100% used [0x00000000d5580000,0x00000000d6600000,0x00000000d6600000)
  from space 1536K, 76% used [0x00000000d6a00000,0x00000000d6b24020,0x00000000d6b80000)
  to   space 1536K, 0% used [0x00000000d6b80000,0x00000000d6b80000,0x00000000d6d00000)
 ParOldGen       total 68608K, used 35387K [0x0000000080000000, 0x0000000084300000, 0x00000000d5580000)
  object space 68608K, 51% used [0x0000000080000000,0x000000008228ef90,0x0000000084300000)
 Metaspace       used 48579K, committed 49984K, reserved 1114112K
  class space    used 5275K, committed 5952K, reserved 1048576K
}
Event: 20.601 GC heap after
{Heap after GC invocations=24 (full 2):
 PSYoungGen      total 18432K, used 1432K [0x00000000d5580000, 0x00000000d6d00000, 0x0000000100000000)
  eden space 16896K, 0% used [0x00000000d5580000,0x00000000d5580000,0x00000000d6600000)
  from space 1536K, 93% used [0x00000000d6b80000,0x00000000d6ce61d8,0x00000000d6d00000)
  to   space 1536K, 0% used [0x00000000d6a00000,0x00000000d6a00000,0x00000000d6b80000)
 ParOldGen       total 68608K, used 36302K [0x0000000080000000, 0x0000000084300000, 0x00000000d5580000)
  object space 68608K, 52% used [0x0000000080000000,0x0000000082373978,0x0000000084300000)
 Metaspace       used 48579K, committed 49984K, reserved 1114112K
  class space    used 5275K, committed 5952K, reserved 1048576K
}
Event: 20.725 GC heap before
{Heap before GC invocations=25 (full 2):
 PSYoungGen      total 18432K, used 18328K [0x00000000d5580000, 0x00000000d6d00000, 0x0000000100000000)
  eden space 16896K, 100% used [0x00000000d5580000,0x00000000d6600000,0x00000000d6600000)
  from space 1536K, 93% used [0x00000000d6b80000,0x00000000d6ce61d8,0x00000000d6d00000)
  to   space 1536K, 0% used [0x00000000d6a00000,0x00000000d6a00000,0x00000000d6b80000)
 ParOldGen       total 68608K, used 36302K [0x0000000080000000, 0x0000000084300000, 0x00000000d5580000)
  object space 68608K, 52% used [0x0000000080000000,0x0000000082373978,0x0000000084300000)
 Metaspace       used 48587K, committed 49984K, reserved 1114112K
  class space    used 5275K, committed 5952K, reserved 1048576K
}
Event: 20.727 GC heap after
{Heap after GC invocations=25 (full 2):
 PSYoungGen      total 18432K, used 1504K [0x00000000d5580000, 0x00000000d6d00000, 0x0000000100000000)
  eden space 16896K, 0% used [0x00000000d5580000,0x00000000d5580000,0x00000000d6600000)
  from space 1536K, 97% used [0x00000000d6a00000,0x00000000d6b78010,0x00000000d6b80000)
  to   space 1536K, 0% used [0x00000000d6b80000,0x00000000d6b80000,0x00000000d6d00000)
 ParOldGen       total 68608K, used 37624K [0x0000000080000000, 0x0000000084300000, 0x00000000d5580000)
  object space 68608K, 54% used [0x0000000080000000,0x00000000824be3c0,0x0000000084300000)
 Metaspace       used 48587K, committed 49984K, reserved 1114112K
  class space    used 5275K, committed 5952K, reserved 1048576K
}
Event: 20.828 GC heap before
{Heap before GC invocations=26 (full 2):
 PSYoungGen      total 18432K, used 18400K [0x00000000d5580000, 0x00000000d6d00000, 0x0000000100000000)
  eden space 16896K, 100% used [0x00000000d5580000,0x00000000d6600000,0x00000000d6600000)
  from space 1536K, 97% used [0x00000000d6a00000,0x00000000d6b78010,0x00000000d6b80000)
  to   space 1536K, 0% used [0x00000000d6b80000,0x00000000d6b80000,0x00000000d6d00000)
 ParOldGen       total 68608K, used 37624K [0x0000000080000000, 0x0000000084300000, 0x00000000d5580000)
  object space 68608K, 54% used [0x0000000080000000,0x00000000824be3c0,0x0000000084300000)
 Metaspace       used 48930K, committed 50304K, reserved 1114112K
  class space    used 5327K, committed 5952K, reserved 1048576K
}
Event: 20.831 GC heap after
{Heap after GC invocations=26 (full 2):
 PSYoungGen      total 18432K, used 1506K [0x00000000d5580000, 0x00000000d6d00000, 0x0000000100000000)
  eden space 16896K, 0% used [0x00000000d5580000,0x00000000d5580000,0x00000000d6600000)
  from space 1536K, 98% used [0x00000000d6b80000,0x00000000d6cf8810,0x00000000d6d00000)
  to   space 3584K, 0% used [0x00000000d6600000,0x00000000d6600000,0x00000000d6980000)
 ParOldGen       total 68608K, used 39440K [0x0000000080000000, 0x0000000084300000, 0x00000000d5580000)
  object space 68608K, 57% used [0x0000000080000000,0x00000000826843d0,0x0000000084300000)
 Metaspace       used 48930K, committed 50304K, reserved 1114112K
  class space    used 5327K, committed 5952K, reserved 1048576K
}
Event: 20.878 GC heap before
{Heap before GC invocations=27 (full 2):
 PSYoungGen      total 18432K, used 18402K [0x00000000d5580000, 0x00000000d6d00000, 0x0000000100000000)
  eden space 16896K, 100% used [0x00000000d5580000,0x00000000d6600000,0x00000000d6600000)
  from space 1536K, 98% used [0x00000000d6b80000,0x00000000d6cf8810,0x00000000d6d00000)
  to   space 3584K, 0% used [0x00000000d6600000,0x00000000d6600000,0x00000000d6980000)
 ParOldGen       total 68608K, used 39440K [0x0000000080000000, 0x0000000084300000, 0x00000000d5580000)
  object space 68608K, 57% used [0x0000000080000000,0x00000000826843d0,0x0000000084300000)
 Metaspace       used 48933K, committed 50304K, reserved 1114112K
  class space    used 5327K, committed 5952K, reserved 1048576K
}
Event: 20.881 GC heap after
{Heap after GC invocations=27 (full 2):
 PSYoungGen      total 20480K, used 1760K [0x00000000d5580000, 0x00000000d6c00000, 0x0000000100000000)
  eden space 16896K, 0% used [0x00000000d5580000,0x00000000d5580000,0x00000000d6600000)
  from space 3584K, 49% used [0x00000000d6600000,0x00000000d67b8010,0x00000000d6980000)
  to   space 2560K, 0% used [0x00000000d6980000,0x00000000d6980000,0x00000000d6c00000)
 ParOldGen       total 68608K, used 40957K [0x0000000080000000, 0x0000000084300000, 0x00000000d5580000)
  object space 68608K, 59% used [0x0000000080000000,0x00000000827ff590,0x0000000084300000)
 Metaspace       used 48933K, committed 50304K, reserved 1114112K
  class space    used 5327K, committed 5952K, reserved 1048576K
}
Event: 20.929 GC heap before
{Heap before GC invocations=28 (full 2):
 PSYoungGen      total 20480K, used 18656K [0x00000000d5580000, 0x00000000d6c00000, 0x0000000100000000)
  eden space 16896K, 100% used [0x00000000d5580000,0x00000000d6600000,0x00000000d6600000)
  from space 3584K, 49% used [0x00000000d6600000,0x00000000d67b8010,0x00000000d6980000)
  to   space 2560K, 0% used [0x00000000d6980000,0x00000000d6980000,0x00000000d6c00000)
 ParOldGen       total 68608K, used 40957K [0x0000000080000000, 0x0000000084300000, 0x00000000d5580000)
  object space 68608K, 59% used [0x0000000080000000,0x00000000827ff590,0x0000000084300000)
 Metaspace       used 48953K, committed 50368K, reserved 1114112K
  class space    used 5327K, committed 5952K, reserved 1048576K
}
Event: 20.931 GC heap after
{Heap after GC invocations=28 (full 2):
 PSYoungGen      total 18944K, used 1728K [0x00000000d5580000, 0x00000000d6b80000, 0x0000000100000000)
  eden space 16896K, 0% used [0x00000000d5580000,0x00000000d5580000,0x00000000d6600000)
  from space 2048K, 84% used [0x00000000d6980000,0x00000000d6b30000,0x00000000d6b80000)
  to   space 2048K, 0% used [0x00000000d6780000,0x00000000d6780000,0x00000000d6980000)
 ParOldGen       total 68608K, used 42533K [0x0000000080000000, 0x0000000084300000, 0x00000000d5580000)
  object space 68608K, 61% used [0x0000000080000000,0x00000000829895a0,0x0000000084300000)
 Metaspace       used 48953K, committed 50368K, reserved 1114112K
  class space    used 5327K, committed 5952K, reserved 1048576K
}
Event: 20.951 GC heap before
{Heap before GC invocations=29 (full 2):
 PSYoungGen      total 18944K, used 18624K [0x00000000d5580000, 0x00000000d6b80000, 0x0000000100000000)
  eden space 16896K, 100% used [0x00000000d5580000,0x00000000d6600000,0x00000000d6600000)
  from space 2048K, 84% used [0x00000000d6980000,0x00000000d6b30000,0x00000000d6b80000)
  to   space 2048K, 0% used [0x00000000d6780000,0x00000000d6780000,0x00000000d6980000)
 ParOldGen       total 68608K, used 42533K [0x0000000080000000, 0x0000000084300000, 0x00000000d5580000)
  object space 68608K, 61% used [0x0000000080000000,0x00000000829895a0,0x0000000084300000)
 Metaspace       used 48954K, committed 50368K, reserved 1114112K
  class space    used 5327K, committed 5952K, reserved 1048576K
}
Event: 20.953 GC heap after
{Heap after GC invocations=29 (full 2):
 PSYoungGen      total 18944K, used 1700K [0x00000000d5580000, 0x00000000d6a00000, 0x0000000100000000)
  eden space 16896K, 0% used [0x00000000d5580000,0x00000000d5580000,0x00000000d6600000)
  from space 2048K, 83% used [0x00000000d6780000,0x00000000d6929000,0x00000000d6980000)
  to   space 512K, 0% used [0x00000000d6980000,0x00000000d6980000,0x00000000d6a00000)
 ParOldGen       total 68608K, used 44136K [0x0000000080000000, 0x0000000084300000, 0x00000000d5580000)
  object space 68608K, 64% used [0x0000000080000000,0x0000000082b1a050,0x0000000084300000)
 Metaspace       used 48954K, committed 50368K, reserved 1114112K
  class space    used 5327K, committed 5952K, reserved 1048576K
}

Dll operation events (10 events):
Event: 0.015 Loaded shared library c:\Users\dhruv\.vscode\extensions\redhat.java-1.53.0-win32-x64\jre\21.0.10-win32-x86_64\bin\java.dll
Event: 0.139 Loaded shared library c:\Users\dhruv\.vscode\extensions\redhat.java-1.53.0-win32-x64\jre\21.0.10-win32-x86_64\bin\zip.dll
Event: 0.161 Loaded shared library C:\Users\dhruv\.vscode\extensions\redhat.java-1.53.0-win32-x64\jre\21.0.10-win32-x86_64\bin\instrument.dll
Event: 0.168 Loaded shared library C:\Users\dhruv\.vscode\extensions\redhat.java-1.53.0-win32-x64\jre\21.0.10-win32-x86_64\bin\net.dll
Event: 0.179 Loaded shared library C:\Users\dhruv\.vscode\extensions\redhat.java-1.53.0-win32-x64\jre\21.0.10-win32-x86_64\bin\nio.dll
Event: 0.183 Loaded shared library C:\Users\dhruv\.vscode\extensions\redhat.java-1.53.0-win32-x64\jre\21.0.10-win32-x86_64\bin\zip.dll
Event: 0.201 Loaded shared library C:\Users\dhruv\.vscode\extensions\redhat.java-1.53.0-win32-x64\jre\21.0.10-win32-x86_64\bin\jimage.dll
Event: 0.302 Loaded shared library c:\Users\dhruv\.vscode\extensions\redhat.java-1.53.0-win32-x64\jre\21.0.10-win32-x86_64\bin\verify.dll
Event: 1.889 Loaded shared library C:\Users\dhruv\AppData\Roaming\Code\User\globalStorage\redhat.java\1.53.0\config_win\org.eclipse.equinox.launcher\org.eclipse.equinox.launcher.win32.win32.x86_64_1.3.0.v20260203-2149\eclipse_11919.dll
Event: 4.618 Loaded shared library C:\Users\dhruv\AppData\Local\Temp\jna-95563663\jna8993733228102672414.dll

Deoptimization events (20 events):
Event: 20.775 Thread 0x000001a6ec4fa1e0 Uncommon trap: trap_request=0xffffffc6 fr.pc=0x000001a695bb0fc0 relative=0x0000000000000540
Event: 20.775 Thread 0x000001a6ec4fa1e0 Uncommon trap: reason=bimorphic_or_optimized_type_check action=maybe_recompile pc=0x000001a695bb0fc0 method=java.util.ImmutableCollections$MapN.probe(Ljava/lang/Object;)I @ 1 c2
Event: 20.776 Thread 0x000001a6ec4fa1e0 DEOPT PACKING pc=0x000001a695bb0fc0 sp=0x00000051469fd330
Event: 20.776 Thread 0x000001a6ec4fa1e0 DEOPT UNPACKING pc=0x000001a695383aa2 sp=0x00000051469fd2d0 mode 2
Event: 20.776 Thread 0x000001a6ec4fa1e0 Uncommon trap: trap_request=0xffffffc6 fr.pc=0x000001a695bb0fc0 relative=0x0000000000000540
Event: 20.776 Thread 0x000001a6ec4fa1e0 Uncommon trap: reason=bimorphic_or_optimized_type_check action=maybe_recompile pc=0x000001a695bb0fc0 method=java.util.ImmutableCollections$MapN.probe(Ljava/lang/Object;)I @ 1 c2
Event: 20.776 Thread 0x000001a6ec4fa1e0 DEOPT PACKING pc=0x000001a695bb0fc0 sp=0x00000051469fd330
Event: 20.776 Thread 0x000001a6ec4fa1e0 DEOPT UNPACKING pc=0x000001a695383aa2 sp=0x00000051469fd2d0 mode 2
Event: 20.792 Thread 0x000001a6ec4fa1e0 Uncommon trap: trap_request=0xffffffde fr.pc=0x000001a6959e5c60 relative=0x0000000000000500
Event: 20.792 Thread 0x000001a6ec4fa1e0 Uncommon trap: reason=class_check action=maybe_recompile pc=0x000001a6959e5c60 method=java.util.ImmutableCollections$MapN.probe(Ljava/lang/Object;)I @ 1 c2
Event: 20.792 Thread 0x000001a6ec4fa1e0 DEOPT PACKING pc=0x000001a6959e5c60 sp=0x00000051469fd610
Event: 20.792 Thread 0x000001a6ec4fa1e0 DEOPT UNPACKING pc=0x000001a695383aa2 sp=0x00000051469fd550 mode 2
Event: 20.885 Thread 0x000001a6ec4fa1e0 DEOPT PACKING pc=0x000001a68ea72106 sp=0x00000051469fcdb0
Event: 20.885 Thread 0x000001a6ec4fa1e0 DEOPT UNPACKING pc=0x000001a695384242 sp=0x00000051469fc298 mode 0
Event: 20.896 Thread 0x000001a6ec4fa1e0 Uncommon trap: trap_request=0xffffff45 fr.pc=0x000001a695c56e40 relative=0x0000000000000520
Event: 20.896 Thread 0x000001a6ec4fa1e0 Uncommon trap: reason=unstable_if action=reinterpret pc=0x000001a695c56e40 method=java.util.ArrayList.equalsRange(Ljava/util/List;II)Z @ 76 c2
Event: 20.896 Thread 0x000001a6ec4fa1e0 DEOPT PACKING pc=0x000001a695c56e40 sp=0x00000051469fd2e0
Event: 20.896 Thread 0x000001a6ec4fa1e0 DEOPT UNPACKING pc=0x000001a695383aa2 sp=0x00000051469fd280 mode 2
Event: 21.936 Thread 0x000001a6ec4fa1e0 DEOPT PACKING pc=0x000001a68ea72106 sp=0x00000051469fcdb0
Event: 21.937 Thread 0x000001a6ec4fa1e0 DEOPT UNPACKING pc=0x000001a695384242 sp=0x00000051469fc298 mode 0

Classes loaded (20 events):
Event: 15.407 Loading class sun/nio/ch/Util$4
Event: 15.407 Loading class sun/nio/ch/Util$4 done
Event: 15.419 Loading class java/nio/file/ClosedDirectoryStreamException
Event: 15.419 Loading class java/nio/file/ClosedDirectoryStreamException done
Event: 15.420 Loading class jdk/internal/jrtfs/JrtFileSystem
Event: 15.420 Loading class jdk/internal/jrtfs/JrtFileSystem done
Event: 15.420 Loading class jdk/internal/jrtfs/JrtPath
Event: 15.421 Loading class jdk/internal/jrtfs/JrtPath done
Event: 15.421 Loading class jdk/internal/jimage/ImageReader$Node
Event: 15.422 Loading class jdk/internal/jimage/ImageReader$Node done
Event: 15.432 Loading class java/nio/ByteBufferAsIntBufferL
Event: 15.433 Loading class java/nio/ByteBufferAsIntBufferL done
Event: 15.439 Loading class jdk/internal/jimage/ImageReader$Directory
Event: 15.440 Loading class jdk/internal/jimage/ImageReader$Directory done
Event: 20.792 Loading class java/util/AbstractList$ListItr
Event: 20.792 Loading class java/util/AbstractList$ListItr done
Event: 20.807 Loading class java/nio/channels/Channels$ReadableByteChannelImpl
Event: 20.808 Loading class java/nio/channels/Channels$ReadableByteChannelImpl done
Event: 20.809 Loading class java/nio/channels/NonWritableChannelException
Event: 20.809 Loading class java/nio/channels/NonWritableChannelException done

Classes unloaded (7 events):
Event: 5.286 Thread 0x000001a68acbe430 Unloading class 0x000001a6a31ad400 'java/lang/invoke/LambdaForm$MH+0x000001a6a31ad400'
Event: 5.286 Thread 0x000001a68acbe430 Unloading class 0x000001a6a31ad000 'java/lang/invoke/LambdaForm$MH+0x000001a6a31ad000'
Event: 5.286 Thread 0x000001a68acbe430 Unloading class 0x000001a6a31acc00 'java/lang/invoke/LambdaForm$MH+0x000001a6a31acc00'
Event: 5.286 Thread 0x000001a68acbe430 Unloading class 0x000001a6a31ac800 'java/lang/invoke/LambdaForm$MH+0x000001a6a31ac800'
Event: 5.286 Thread 0x000001a68acbe430 Unloading class 0x000001a6a31ac400 'java/lang/invoke/LambdaForm$BMH+0x000001a6a31ac400'
Event: 5.286 Thread 0x000001a68acbe430 Unloading class 0x000001a6a31ac000 'java/lang/invoke/LambdaForm$DMH+0x000001a6a31ac000'
Event: 5.286 Thread 0x000001a68acbe430 Unloading class 0x000001a6a31aac00 'java/lang/invoke/LambdaForm$DMH+0x000001a6a31aac00'

Classes redefined (0 events):
No events

Internal exceptions (20 events):
Event: 14.871 Thread 0x000001a6e9807b30 Exception <a 'sun/nio/fs/WindowsException'{0x00000000d6599488}> (0x00000000d6599488) 
thrown [s\src\hotspot\share\prims\jni.cpp, line 520]
Event: 14.871 Thread 0x000001a6e9807b30 Exception <a 'sun/nio/fs/WindowsException'{0x00000000d6599be0}> (0x00000000d6599be0) 
thrown [s\src\hotspot\share\prims\jni.cpp, line 520]
Event: 14.874 Thread 0x000001a6e9807b30 Exception <a 'sun/nio/fs/WindowsException'{0x00000000d659db80}> (0x00000000d659db80) 
thrown [s\src\hotspot\share\prims\jni.cpp, line 520]
Event: 14.874 Thread 0x000001a6e9807b30 Exception <a 'sun/nio/fs/WindowsException'{0x00000000d659e300}> (0x00000000d659e300) 
thrown [s\src\hotspot\share\prims\jni.cpp, line 520]
Event: 14.874 Thread 0x000001a6e9807b30 Exception <a 'sun/nio/fs/WindowsException'{0x00000000d659ea80}> (0x00000000d659ea80) 
thrown [s\src\hotspot\share\prims\jni.cpp, line 520]
Event: 14.874 Thread 0x000001a6e9807b30 Exception <a 'sun/nio/fs/WindowsException'{0x00000000d659f538}> (0x00000000d659f538) 
thrown [s\src\hotspot\share\prims\jni.cpp, line 520]
Event: 14.878 Thread 0x000001a6e9807b30 Exception <a 'sun/nio/fs/WindowsException'{0x00000000d65a3648}> (0x00000000d65a3648) 
thrown [s\src\hotspot\share\prims\jni.cpp, line 520]
Event: 14.878 Thread 0x000001a6e9807b30 Exception <a 'sun/nio/fs/WindowsException'{0x00000000d65a4050}> (0x00000000d65a4050) 
thrown [s\src\hotspot\share\prims\jni.cpp, line 520]
Event: 14.878 Thread 0x000001a6e9807b30 Exception <a 'sun/nio/fs/WindowsException'{0x00000000d65a47f0}> (0x00000000d65a47f0) 
thrown [s\src\hotspot\share\prims\jni.cpp, line 520]
Event: 14.878 Thread 0x000001a6e9807b30 Exception <a 'sun/nio/fs/WindowsException'{0x00000000d65a4fa8}> (0x00000000d65a4fa8) 
thrown [s\src\hotspot\share\prims\jni.cpp, line 520]
Event: 14.881 Thread 0x000001a6e9807b30 Exception <a 'sun/nio/fs/WindowsException'{0x00000000d65a92b0}> (0x00000000d65a92b0) 
thrown [s\src\hotspot\share\prims\jni.cpp, line 520]
Event: 14.881 Thread 0x000001a6e9807b30 Exception <a 'sun/nio/fs/WindowsException'{0x00000000d65a9a30}> (0x00000000d65a9a30) 
thrown [s\src\hotspot\share\prims\jni.cpp, line 520]
Event: 14.881 Thread 0x000001a6e9807b30 Exception <a 'sun/nio/fs/WindowsException'{0x00000000d65aa1b0}> (0x00000000d65aa1b0) 
thrown [s\src\hotspot\share\prims\jni.cpp, line 520]
Event: 14.881 Thread 0x000001a6e9807b30 Exception <a 'sun/nio/fs/WindowsException'{0x00000000d65aa950}> (0x00000000d65aa950) 
thrown [s\src\hotspot\share\prims\jni.cpp, line 520]
Event: 14.883 Thread 0x000001a6e9807b30 Exception <a 'sun/nio/fs/WindowsException'{0x00000000d65aebf8}> (0x00000000d65aebf8) 
thrown [s\src\hotspot\share\prims\jni.cpp, line 520]
Event: 14.884 Thread 0x000001a6e9807b30 Exception <a 'sun/nio/fs/WindowsException'{0x00000000d65af368}> (0x00000000d65af368) 
thrown [s\src\hotspot\share\prims\jni.cpp, line 520]
Event: 14.884 Thread 0x000001a6e9807b30 Exception <a 'sun/nio/fs/WindowsException'{0x00000000d65afad8}> (0x00000000d65afad8) 
thrown [s\src\hotspot\share\prims\jni.cpp, line 520]
Event: 14.884 Thread 0x000001a6e9807b30 Exception <a 'sun/nio/fs/WindowsException'{0x00000000d65b0260}> (0x00000000d65b0260) 
thrown [s\src\hotspot\share\prims\jni.cpp, line 520]
Event: 15.112 Thread 0x000001a6ec4fa1e0 Exception <a 'java/lang/IncompatibleClassChangeError'{0x00000000d5709550}: Found class java.lang.Object, but interface was expected> (0x00000000d5709550) 
thrown [s\src\hotspot\share\interpreter\linkResolver.cpp, line 840]
Event: 15.408 Thread 0x000001a6ec4fa1e0 Exception <a 'java/lang/NoSuchMethodError'{0x00000000d5d3ceb0}: 'java.lang.Object java.lang.invoke.DelegatingMethodHandle$Holder.reinvoke_L(java.lang.Object, int, long, java.lang.Object, java.lang.Object, int, java.lang.Object)'> (0x00000000d5d3ceb0) 
thrown [s\src\hotspot\share\interpreter\linkResolver.cpp, line 773]

ZGC Phase Switch (0 events):
No events

VM Operations (20 events):
Event: 18.545 Executing non-safepoint VM operation: HandshakeAllThreads (Deoptimize)
Event: 18.545 Executing non-safepoint VM operation: HandshakeAllThreads (Deoptimize) done
Event: 20.563 Executing safepoint VM operation: Cleanup
Event: 20.563 Executing safepoint VM operation: Cleanup done
Event: 20.599 Executing safepoint VM operation: ParallelGCFailedAllocation (Allocation Failure)
Event: 20.601 Executing safepoint VM operation: ParallelGCFailedAllocation (Allocation Failure) done
Event: 20.725 Executing safepoint VM operation: ParallelGCFailedAllocation (Allocation Failure)
Event: 20.727 Executing safepoint VM operation: ParallelGCFailedAllocation (Allocation Failure) done
Event: 20.793 Executing non-safepoint VM operation: HandshakeAllThreads (Deoptimize)
Event: 20.794 Executing non-safepoint VM operation: HandshakeAllThreads (Deoptimize) done
Event: 20.828 Executing safepoint VM operation: ParallelGCFailedAllocation (Allocation Failure)
Event: 20.831 Executing safepoint VM operation: ParallelGCFailedAllocation (Allocation Failure) done
Event: 20.878 Executing safepoint VM operation: ParallelGCFailedAllocation (Allocation Failure)
Event: 20.881 Executing safepoint VM operation: ParallelGCFailedAllocation (Allocation Failure) done
Event: 20.929 Executing safepoint VM operation: ParallelGCFailedAllocation (Allocation Failure)
Event: 20.931 Executing safepoint VM operation: ParallelGCFailedAllocation (Allocation Failure) done
Event: 20.951 Executing safepoint VM operation: ParallelGCFailedAllocation (Allocation Failure)
Event: 20.953 Executing safepoint VM operation: ParallelGCFailedAllocation (Allocation Failure) done
Event: 22.971 Executing safepoint VM operation: Cleanup
Event: 22.971 Executing safepoint VM operation: Cleanup done

Memory protections (0 events):
No events

Nmethod flushes (20 events):
Event: 7.668 Thread 0x000001a68acbe430 flushing  nmethod 0x000001a68e453d90
Event: 7.668 Thread 0x000001a68acbe430 flushing  nmethod 0x000001a68e454f90
Event: 7.668 Thread 0x000001a68acbe430 flushing  nmethod 0x000001a68e455c10
Event: 7.668 Thread 0x000001a68acbe430 flushing  nmethod 0x000001a68e456390
Event: 7.668 Thread 0x000001a68acbe430 flushing  nmethod 0x000001a68e456d10
Event: 7.668 Thread 0x000001a68acbe430 flushing  nmethod 0x000001a68e457210
Event: 7.668 Thread 0x000001a68acbe430 flushing  nmethod 0x000001a68e457b10
Event: 7.668 Thread 0x000001a68acbe430 flushing  nmethod 0x000001a68e458b90
Event: 7.668 Thread 0x000001a68acbe430 flushing  nmethod 0x000001a68e45a190
Event: 7.668 Thread 0x000001a68acbe430 flushing  nmethod 0x000001a68e45be10
Event: 7.668 Thread 0x000001a68acbe430 flushing  nmethod 0x000001a68e479a10
Event: 7.668 Thread 0x000001a68acbe430 flushing  nmethod 0x000001a68e486d90
Event: 7.668 Thread 0x000001a68acbe430 flushing  nmethod 0x000001a68e496d10
Event: 7.668 Thread 0x000001a68acbe430 flushing  nmethod 0x000001a68e499a90
Event: 7.668 Thread 0x000001a68acbe430 flushing  nmethod 0x000001a68e4a1290
Event: 7.668 Thread 0x000001a68acbe430 flushing  nmethod 0x000001a68e511b10
Event: 7.668 Thread 0x000001a68acbe430 flushing  nmethod 0x000001a68e537310
Event: 7.668 Thread 0x000001a68acbe430 flushing  nmethod 0x000001a68e54f790
Event: 7.668 Thread 0x000001a68acbe430 flushing  nmethod 0x000001a68e54fc10
Event: 7.668 Thread 0x000001a68acbe430 flushing  nmethod 0x000001a68e56ad90

Events (20 events):
Event: 9.640 Thread 0x000001a6ec4fbc20 Thread added: 0x000001a6eac251e0
Event: 9.641 Thread 0x000001a6eac251e0 Thread added: 0x000001a6eac24b50
Event: 9.641 Thread 0x000001a6eac26c20 Thread added: 0x000001a6eac26590
Event: 9.642 Thread 0x000001a6eac26c20 Thread added: 0x000001a6eac237a0
Event: 9.644 Thread 0x000001a6eac26590 Thread added: 0x000001a6eac272b0
Event: 9.645 Thread 0x000001a6eac24b50 Thread added: 0x000001a6eac25870
Event: 9.645 Thread 0x000001a6eac237a0 Thread added: 0x000001a6eac23e30
Event: 9.648 Thread 0x000001a6eac25870 Thread added: 0x000001a6eac27940
Event: 10.566 Thread 0x000001a6eb1075c0 Thread exited: 0x000001a6eb1075c0
Event: 10.566 Thread 0x000001a6e48da5a0 Thread exited: 0x000001a6e48da5a0
Event: 11.054 Thread 0x000001a6e46f6920 Thread added: 0x000001a6e48da5a0
Event: 12.189 Thread 0x000001a6e46f6920 Thread added: 0x000001a6ed26bfc0
Event: 13.400 Thread 0x000001a6ed26bfc0 Thread exited: 0x000001a6ed26bfc0
Event: 13.400 Thread 0x000001a6e48da5a0 Thread exited: 0x000001a6e48da5a0
Event: 13.596 Thread 0x000001a6e46f6920 Thread added: 0x000001a6ed26bfc0
Event: 13.606 Thread 0x000001a6ed26bfc0 Thread added: 0x000001a6e48da5a0
Event: 14.786 Thread 0x000001a6e48da5a0 Thread exited: 0x000001a6e48da5a0
Event: 14.827 Thread 0x000001a6ed26bfc0 Thread exited: 0x000001a6ed26bfc0
Event: 17.528 Thread 0x000001a6e46f6920 Thread added: 0x000001a6ed26bfc0
Event: 18.544 Thread 0x000001a6e46f6920 Thread added: 0x000001a6ec040930


Dynamic libraries:
0x00007ff7e3a00000 - 0x00007ff7e3a0e000 	c:\Users\dhruv\.vscode\extensions\redhat.java-1.53.0-win32-x64\jre\21.0.10-win32-x86_64\bin\java.exe
0x00007ffc9c540000 - 0x00007ffc9c7a7000 	C:\Windows\SYSTEM32\ntdll.dll
0x00007ffc9bbf0000 - 0x00007ffc9bcb9000 	C:\Windows\System32\KERNEL32.DLL
0x00007ffc98ed0000 - 0x00007ffc992c1000 	C:\Windows\System32\KERNELBASE.dll
0x00007ffc99e00000 - 0x00007ffc99f4b000 	C:\Windows\System32\ucrtbase.dll
0x00007ffc93060000 - 0x00007ffc93078000 	c:\Users\dhruv\.vscode\extensions\redhat.java-1.53.0-win32-x64\jre\21.0.10-win32-x86_64\bin\jli.dll
0x00007ffc9a620000 - 0x00007ffc9a7e5000 	C:\Windows\System32\USER32.dll
0x00007ffc9a2b0000 - 0x00007ffc9a2d7000 	C:\Windows\System32\win32u.dll
0x00007ffc9b230000 - 0x00007ffc9b25b000 	C:\Windows\System32\GDI32.dll
0x00007ffc9a0d0000 - 0x00007ffc9a1fb000 	C:\Windows\System32\gdi32full.dll
0x00007ffc98e20000 - 0x00007ffc98ec3000 	C:\Windows\System32\msvcp_win.dll
0x00007ffc8ef60000 - 0x00007ffc8ef7e000 	c:\Users\dhruv\.vscode\extensions\redhat.java-1.53.0-win32-x64\jre\21.0.10-win32-x86_64\bin\VCRUNTIME140.dll
0x00007ffc79410000 - 0x00007ffc796a3000 	C:\Windows\WinSxS\amd64_microsoft.windows.common-controls_6595b64144ccf1df_6.0.26100.8037_none_3e092faae333b53b\COMCTL32.dll
0x00007ffc9b490000 - 0x00007ffc9b539000 	C:\Windows\System32\msvcrt.dll
0x00007ffc9c2a0000 - 0x00007ffc9c2d1000 	C:\Windows\System32\IMM32.DLL
0x00007ffc93620000 - 0x00007ffc9362c000 	c:\Users\dhruv\.vscode\extensions\redhat.java-1.53.0-win32-x64\jre\21.0.10-win32-x86_64\bin\vcruntime140_1.dll
0x00007ffc69cf0000 - 0x00007ffc69d7d000 	c:\Users\dhruv\.vscode\extensions\redhat.java-1.53.0-win32-x64\jre\21.0.10-win32-x86_64\bin\msvcp140.dll
0x00007ffc05650000 - 0x00007ffc063f1000 	c:\Users\dhruv\.vscode\extensions\redhat.java-1.53.0-win32-x64\jre\21.0.10-win32-x86_64\bin\server\jvm.dll
0x00007ffc9a880000 - 0x00007ffc9a93b000 	C:\Windows\System32\ADVAPI32.dll
0x00007ffc9b260000 - 0x00007ffc9b307000 	C:\Windows\System32\sechost.dll
0x00007ffc9a2e0000 - 0x00007ffc9a3f8000 	C:\Windows\System32\RPCRT4.dll
0x00007ffc9a800000 - 0x00007ffc9a874000 	C:\Windows\System32\WS2_32.dll
0x00007ffc98ca0000 - 0x00007ffc98cfe000 	C:\Windows\SYSTEM32\POWRPROF.dll
0x00007ffc90f50000 - 0x00007ffc90f85000 	C:\Windows\SYSTEM32\WINMM.dll
0x00007ffc7c780000 - 0x00007ffc7c78b000 	C:\Windows\SYSTEM32\VERSION.dll
0x00007ffc98c80000 - 0x00007ffc98c94000 	C:\Windows\SYSTEM32\UMPDC.dll
0x00007ffc97b80000 - 0x00007ffc97b9b000 	C:\Windows\SYSTEM32\kernel.appcore.dll
0x00007ffc93600000 - 0x00007ffc9360a000 	c:\Users\dhruv\.vscode\extensions\redhat.java-1.53.0-win32-x64\jre\21.0.10-win32-x86_64\bin\jimage.dll
0x00007ffc96e50000 - 0x00007ffc97092000 	C:\Windows\SYSTEM32\DBGHELP.DLL
0x00007ffc9bd20000 - 0x00007ffc9c0a2000 	C:\Windows\System32\combase.dll
0x00007ffc9b0c0000 - 0x00007ffc9b197000 	C:\Windows\System32\OLEAUT32.dll
0x00007ffc7a2d0000 - 0x00007ffc7a30b000 	C:\Windows\SYSTEM32\dbgcore.DLL
0x00007ffc9a200000 - 0x00007ffc9a2a5000 	C:\Windows\System32\bcryptPrimitives.dll
0x00007ffc8e9c0000 - 0x00007ffc8e9cf000 	c:\Users\dhruv\.vscode\extensions\redhat.java-1.53.0-win32-x64\jre\21.0.10-win32-x86_64\bin\instrument.dll
0x00007ffc8d560000 - 0x00007ffc8d580000 	c:\Users\dhruv\.vscode\extensions\redhat.java-1.53.0-win32-x64\jre\21.0.10-win32-x86_64\bin\java.dll
0x00007ffc9a950000 - 0x00007ffc9b0af000 	C:\Windows\System32\SHELL32.dll
0x00007ffc99c90000 - 0x00007ffc99dfa000 	C:\Windows\System32\wintypes.dll
0x00007ffc992d0000 - 0x00007ffc99b34000 	C:\Windows\System32\windows.storage.dll
0x00007ffc9a4a0000 - 0x00007ffc9a597000 	C:\Windows\System32\SHCORE.dll
0x00007ffc9c490000 - 0x00007ffc9c4f7000 	C:\Windows\System32\shlwapi.dll
0x00007ffc98d40000 - 0x00007ffc98d69000 	C:\Windows\SYSTEM32\profapi.dll
0x00007ffc838c0000 - 0x00007ffc838d8000 	c:\Users\dhruv\.vscode\extensions\redhat.java-1.53.0-win32-x64\jre\21.0.10-win32-x86_64\bin\zip.dll
0x00007ffc8e9b0000 - 0x00007ffc8e9c0000 	C:\Users\dhruv\.vscode\extensions\redhat.java-1.53.0-win32-x64\jre\21.0.10-win32-x86_64\bin\net.dll
0x00007ffc8ef80000 - 0x00007ffc8f0a7000 	C:\Windows\SYSTEM32\WINHTTP.dll
0x00007ffc98120000 - 0x00007ffc9818b000 	C:\Windows\system32\mswsock.dll
0x00007ffc7a110000 - 0x00007ffc7a126000 	C:\Users\dhruv\.vscode\extensions\redhat.java-1.53.0-win32-x64\jre\21.0.10-win32-x86_64\bin\nio.dll
0x00007ffc8d6f0000 - 0x00007ffc8d700000 	c:\Users\dhruv\.vscode\extensions\redhat.java-1.53.0-win32-x64\jre\21.0.10-win32-x86_64\bin\verify.dll
0x00007ffc930a0000 - 0x00007ffc930e5000 	C:\Users\dhruv\AppData\Roaming\Code\User\globalStorage\redhat.java\1.53.0\config_win\org.eclipse.equinox.launcher\org.eclipse.equinox.launcher.win32.win32.x86_64_1.3.0.v20260203-2149\eclipse_11919.dll
0x00007ffc9c2e0000 - 0x00007ffc9c475000 	C:\Windows\System32\ole32.dll
0x00007ffc98410000 - 0x00007ffc9842b000 	C:\Windows\SYSTEM32\CRYPTSP.dll
0x00007ffc97ae0000 - 0x00007ffc97b19000 	C:\Windows\system32\rsaenh.dll
0x00007ffc981d0000 - 0x00007ffc98202000 	C:\Windows\SYSTEM32\USERENV.dll
0x00007ffc98d10000 - 0x00007ffc98d3a000 	C:\Windows\SYSTEM32\bcrypt.dll
0x00007ffc98400000 - 0x00007ffc9840c000 	C:\Windows\SYSTEM32\CRYPTBASE.dll
0x00007ffc97560000 - 0x00007ffc97593000 	C:\Windows\SYSTEM32\IPHLPAPI.DLL
0x00007ffc9c480000 - 0x00007ffc9c48a000 	C:\Windows\System32\NSI.dll
0x00007ffc69b30000 - 0x00007ffc69b79000 	C:\Users\dhruv\AppData\Local\Temp\jna-95563663\jna8993733228102672414.dll
0x00007ffc9a940000 - 0x00007ffc9a948000 	C:\Windows\System32\PSAPI.DLL
0x00007ffc90880000 - 0x00007ffc9089d000 	C:\Windows\SYSTEM32\dhcpcsvc6.DLL
0x00007ffc8ff40000 - 0x00007ffc8ff63000 	C:\Windows\SYSTEM32\dhcpcsvc.DLL

JVMTI agents:
c:\Users\dhruv\.vscode\extensions\redhat.java-1.53.0-win32-x64\lombok\lombok-1.18.39-4050.jar path:c:\Users\dhruv\.vscode\extensions\redhat.java-1.53.0-win32-x64\jre\21.0.10-win32-x86_64\bin\instrument.dll, loaded, initialized, instrumentlib options:none

dbghelp: loaded successfully - version: 4.0.5 - missing functions: none
symbol engine: initialized successfully - sym options: 0x614 - pdb path: .;c:\Users\dhruv\.vscode\extensions\redhat.java-1.53.0-win32-x64\jre\21.0.10-win32-x86_64\bin;C:\Windows\SYSTEM32;C:\Windows\WinSxS\amd64_microsoft.windows.common-controls_6595b64144ccf1df_6.0.26100.8037_none_3e092faae333b53b;c:\Users\dhruv\.vscode\extensions\redhat.java-1.53.0-win32-x64\jre\21.0.10-win32-x86_64\bin\server;C:\Users\dhruv\AppData\Roaming\Code\User\globalStorage\redhat.java\1.53.0\config_win\org.eclipse.equinox.launcher\org.eclipse.equinox.launcher.win32.win32.x86_64_1.3.0.v20260203-2149;C:\Users\dhruv\AppData\Local\Temp\jna-95563663

VM Arguments:
jvm_args: --add-modules=ALL-SYSTEM --add-opens=java.base/java.util=ALL-UNNAMED --add-opens=java.base/java.lang=ALL-UNNAMED --add-opens=java.base/sun.nio.fs=ALL-UNNAMED -Declipse.application=org.eclipse.jdt.ls.core.id1 -Dosgi.bundles.defaultStartLevel=4 -Declipse.product=org.eclipse.jdt.ls.core.product -Djava.import.generatesMetadataFilesAtProjectRoot=false -DDetectVMInstallationsJob.disabled=true -Dfile.encoding=utf8 -XX:+UseParallelGC -XX:GCTimeRatio=4 -XX:AdaptiveSizePolicyWeight=90 -Dsun.zip.disableMemoryMapping=true -Xmx2G -Xms100m -Xlog:disable -javaagent:c:\Users\dhruv\.vscode\extensions\redhat.java-1.53.0-win32-x64\lombok\lombok-1.18.39-4050.jar -XX:+HeapDumpOnOutOfMemoryError -XX:HeapDumpPath=c:\Users\dhruv\AppData\Roaming\Code\User\workspaceStorage\7d28d01f3346ece97dc27ea15ebc63fd\redhat.java -Daether.dependencyCollector.impl=bf 
java_command: c:\Users\dhruv\.vscode\extensions\redhat.java-1.53.0-win32-x64\server\plugins\org.eclipse.equinox.launcher_1.7.100.v20251111-0406.jar -configuration c:\Users\dhruv\AppData\Roaming\Code\User\globalStorage\redhat.java\1.53.0\config_win -data c:\Users\dhruv\AppData\Roaming\Code\User\workspaceStorage\7d28d01f3346ece97dc27ea15ebc63fd\redhat.java\jdt_ws --pipe=\\.\pipe\lsp-52ecb3c186e43c954a41855dca1e17bd-sock
java_class_path (initial): c:\Users\dhruv\.vscode\extensions\redhat.java-1.53.0-win32-x64\server\plugins\org.eclipse.equinox.launcher_1.7.100.v20251111-0406.jar
Launcher Type: SUN_STANDARD

[Global flags]
    uintx AdaptiveSizePolicyWeight                 = 90                                        {product} {command line}
     intx CICompilerCount                          = 4                                         {product} {ergonomic}
    uintx GCTimeRatio                              = 4                                         {product} {command line}
     bool HeapDumpOnOutOfMemoryError               = true                                   {manageable} {command line}
    ccstr HeapDumpPath                             = c:\Users\dhruv\AppData\Roaming\Code\User\workspaceStorage\7d28d01f3346ece97dc27ea15ebc63fd\redhat.java         {manageable} {command line}
   size_t InitialHeapSize                          = 104857600                                 {product} {command line}
   size_t MaxHeapSize                              = 2147483648                                {product} {command line}
   size_t MaxNewSize                               = 715653120                                 {product} {ergonomic}
   size_t MinHeapDeltaBytes                        = 524288                                    {product} {ergonomic}
   size_t MinHeapSize                              = 104857600                                 {product} {command line}
   size_t NewSize                                  = 34603008                                  {product} {ergonomic}
    uintx NonNMethodCodeHeapSize                   = 5839372                                {pd product} {ergonomic}
    uintx NonProfiledCodeHeapSize                  = 122909434                              {pd product} {ergonomic}
   size_t OldSize                                  = 70254592                                  {product} {ergonomic}
    uintx ProfiledCodeHeapSize                     = 122909434                              {pd product} {ergonomic}
    uintx ReservedCodeCacheSize                    = 251658240                              {pd product} {ergonomic}
     bool SegmentedCodeCache                       = true                                      {product} {ergonomic}
   size_t SoftMaxHeapSize                          = 2147483648                             {manageable} {ergonomic}
     bool UseCompressedOops                        = true                           {product lp64_product} {ergonomic}
     bool UseLargePagesIndividualAllocation        = false                                  {pd product} {ergonomic}
     bool UseParallelGC                            = true                                      {product} {command line}

Logging:
Log output configuration:
 #0: stdout all=off uptime,level,tags foldmultilines=false
 #1: stderr all=off uptime,level,tags foldmultilines=false

Release file:
JAVA_VERSION="21.0.10" 
MODULES="java.base java.compiler java.datatransfer java.xml java.prefs java.desktop java.instrument java.logging java.management java.security.sasl java.naming java.rmi java.management.rmi java.net.http java.scripting java.security.jgss java.transaction.xa java.sql java.sql.rowset java.xml.crypto java.se java.smartcardio jdk.accessibility jdk.internal.jvmstat jdk.attach jdk.charsets jdk.internal.opt jdk.zipfs jdk.compiler jdk.crypto.ec jdk.crypto.cryptoki jdk.crypto.mscapi jdk.dynalink jdk.internal.ed jdk.editpad jdk.hotspot.agent jdk.httpserver jdk.internal.le jdk.internal.vm.ci jdk.internal.vm.compiler jdk.internal.vm.compiler.management jdk.jartool jdk.javadoc jdk.jcmd jdk.management jdk.management.agent jdk.jconsole jdk.jdeps jdk.jdwp.agent jdk.jdi jdk.jfr jdk.jshell jdk.jsobject jdk.jstatd jdk.localedata jdk.management.jfr jdk.naming.dns jdk.naming.rmi jdk.net jdk.nio.mapmode jdk.random jdk.sctp jdk.security.auth jdk.security.jgss jdk.unsupported jdk.unsupported.desktop jdk.xml.dom" 

Environment Variables:
PATH=C:\Users\dhruv\AppData\Local\Programs\Microsoft VS Code;C:\Program Files\Common Files\Oracle\Java\javapath;C:\Windows\system32;C:\Windows;C:\Windows\System32\Wbem;C:\Windows\System32\WindowsPowerShell\v1.0\;C:\Windows\System32\OpenSSH\;C:\Program Files\nodejs\;C:\Program Files\Git\cmd;C:\Program Files\MongoDB\Server\8.0\bin;C:\Program Files\MySQL\MySQL Server 8.0\bin;C:\Users\dhruv\Downloads\gradle-8.14.3\bin;C:\Program Files\Docker\Docker\resources\bin;C:\Program Files\Apache\MAVEN\bin;C:\Program Files\Apache\MAVEN\apache-maven-3.9.12\bin;C:\Program Files\MySQL\MySQL Shell 8.0\bin\;C:\Users\dhruv\AppData\Local\Microsoft\WindowsApps;C:\Users\dhruv\AppData\Local\Programs\Microsoft VS Code\bin;C:\Users\dhruv\AppData\Roaming\npm;C:\Program Files\JetBrains\IntelliJ IDEA Community Edition 2025.1.4.1\bin;C:\Users\dhruv\AppData\Local\Programs\cursor\resources\app\bin
USERNAME=dhruv
OS=Windows_NT
PROCESSOR_IDENTIFIER=Intel64 Family 6 Model 186 Stepping 2, GenuineIntel
TMP=C:\Users\dhruv\AppData\Local\Temp
TEMP=C:\Users\dhruv\AppData\Local\Temp




Periodic native trim disabled

---------------  S Y S T E M  ---------------

OS:
 Windows 11 , 64 bit Build 26100 (10.0.26100.7920)
OS uptime: 0 days 23:44 hours
Hyper-V role detected

CPU: total 12 (initial active 12) (6 cores per cpu, 2 threads per core) family 6 model 186 stepping 2 microcode 0x6134, cx8, cmov, fxsr, ht, mmx, 3dnowpref, sse, sse2, sse3, ssse3, sse4.1, sse4.2, popcnt, lzcnt, tsc, tscinvbit, avx, avx2, aes, erms, clmul, bmi1, bmi2, adx, sha, fma, vzeroupper, clflush, clflushopt, clwb, hv, serialize, rdtscp, rdpid, fsrm, f16c, cet_ibt, cet_ss
Processor Information for processor 0
  Max Mhz: 2100, Current Mhz: 2100, Mhz Limit: 2100
Processor Information for processor 1
  Max Mhz: 2100, Current Mhz: 2100, Mhz Limit: 2100
Processor Information for processor 2
  Max Mhz: 2100, Current Mhz: 2100, Mhz Limit: 2100
Processor Information for processor 3
  Max Mhz: 2100, Current Mhz: 1453, Mhz Limit: 2100
Processor Information for processor 4
  Max Mhz: 2100, Current Mhz: 2100, Mhz Limit: 2100
Processor Information for processor 5
  Max Mhz: 2100, Current Mhz: 2100, Mhz Limit: 2100
Processor Information for processor 6
  Max Mhz: 2100, Current Mhz: 2100, Mhz Limit: 2100
Processor Information for processor 7
  Max Mhz: 2100, Current Mhz: 2100, Mhz Limit: 2100
Processor Information for processor 8
  Max Mhz: 2100, Current Mhz: 1500, Mhz Limit: 1491
Processor Information for processor 9
  Max Mhz: 2100, Current Mhz: 1500, Mhz Limit: 1491
Processor Information for processor 10
  Max Mhz: 2100, Current Mhz: 1500, Mhz Limit: 1491
Processor Information for processor 11
  Max Mhz: 2100, Current Mhz: 1500, Mhz Limit: 1491

Memory: 4k page, system-wide physical 16076M (2731M free)
TotalPageFile size 46395M (AvailPageFile size 56M)
current process WorkingSet (physical memory assigned to process): 234M, peak: 247M
current process commit charge ("private bytes"): 336M, peak: 363M

vm_info: OpenJDK 64-Bit Server VM (21.0.10+7-LTS) for windows-amd64 JRE (21.0.10+7-LTS), built on 2026-01-20T00:00:00Z by "admin" with MS VC++ 17.12 (VS2022)

END.
