#
# There is insufficient memory for the Java Runtime Environment to continue.
# Native memory allocation (malloc) failed to allocate 1064496 bytes. Error detail: Chunk::new
# Possible reasons:
#   The system is out of physical RAM or swap space
#   This process is running with CompressedOops enabled, and the Java Heap may be blocking the growth of the native heap
# Possible solutions:
#   Reduce memory load on the system
#   Increase physical memory or swap space
#   Check if swap backing store is full
#   Decrease Java heap size (-Xmx/-Xms)
#   Decrease number of Java threads
#   Decrease Java thread stack sizes (-Xss)
#   Set larger code cache with -XX:ReservedCodeCacheSize=
#   JVM is running with Unscaled Compressed Oops mode in which the Java heap is
#     placed in the first 4GB address space. The Java Heap base address is the
#     maximum limit for the native heap growth. Please use -XX:HeapBaseMinAddress
#     to set the Java Heap base and to place the Java Heap above 4GB virtual address.
# This output file may be truncated or incomplete.
#
#  Out of Memory Error (arena.cpp:168), pid=7452, tid=24232
#
# JRE version: OpenJDK Runtime Environment Temurin-21.0.10+7 (21.0.10+7) (build 21.0.10+7-LTS)
# Java VM: OpenJDK 64-Bit Server VM Temurin-21.0.10+7 (21.0.10+7-LTS, mixed mode, sharing, tiered, compressed oops, compressed class ptrs, parallel gc, windows-amd64)
# No core dump will be written. Minidumps are not enabled by default on client versions of Windows
#

---------------  S U M M A R Y ------------

Command Line: --add-modules=ALL-SYSTEM --add-opens=java.base/java.util=ALL-UNNAMED --add-opens=java.base/java.lang=ALL-UNNAMED --add-opens=java.base/sun.nio.fs=ALL-UNNAMED -Declipse.application=org.eclipse.jdt.ls.core.id1 -Dosgi.bundles.defaultStartLevel=4 -Declipse.product=org.eclipse.jdt.ls.core.product -Djava.import.generatesMetadataFilesAtProjectRoot=false -DDetectVMInstallationsJob.disabled=true -Dfile.encoding=utf8 -XX:+UseParallelGC -XX:GCTimeRatio=4 -XX:AdaptiveSizePolicyWeight=90 -Dsun.zip.disableMemoryMapping=true -Xmx2G -Xms100m -Xlog:disable -javaagent:c:\Users\dhruv\.vscode\extensions\redhat.java-1.53.0-win32-x64\lombok\lombok-1.18.39-4050.jar -XX:+HeapDumpOnOutOfMemoryError -XX:HeapDumpPath=c:\Users\dhruv\AppData\Roaming\Code\User\workspaceStorage\7d28d01f3346ece97dc27ea15ebc63fd\redhat.java -Daether.dependencyCollector.impl=bf c:\Users\dhruv\.vscode\extensions\redhat.java-1.53.0-win32-x64\server\plugins\org.eclipse.equinox.launcher_1.7.100.v20251111-0406.jar -configuration c:\Users\dhruv\AppData\Roaming\Code\User\globalStorage\redhat.java\1.53.0\config_win -data c:\Users\dhruv\AppData\Roaming\Code\User\workspaceStorage\7d28d01f3346ece97dc27ea15ebc63fd\redhat.java\jdt_ws --pipe=\\.\pipe\lsp-2401cfb72cb1f477cebcd925db7c095e-sock

Host: 13th Gen Intel(R) Core(TM) i5-13420H, 12 cores, 15G,  Windows 11 , 64 bit Build 26100 (10.0.26100.7920)
Time: Sun Mar 29 14:17:23 2026 India Standard Time elapsed time: 24.978635 seconds (0d 0h 0m 24s)

---------------  T H R E A D  ---------------

Current thread (0x000001acf917ed80):  JavaThread "C2 CompilerThread1" daemon [_thread_in_native, id=24232, stack(0x00000012c1a00000,0x00000012c1b00000) (1024K)]


Current CompileTask:
C2:24978 7572       4       java.lang.invoke.DirectMethodHandle::make (275 bytes)

Stack: [0x00000012c1a00000,0x00000012c1b00000]
Native frames: (J=compiled Java code, j=interpreted, Vv=VM code, C=native code)
V  [jvm.dll+0x6d7a39]
V  [jvm.dll+0x8b4b26]
V  [jvm.dll+0x8b70de]
V  [jvm.dll+0x8b77c3]
V  [jvm.dll+0x284346]
V  [jvm.dll+0xc66ed]
V  [jvm.dll+0xc6c31]
V  [jvm.dll+0x3bec01]
V  [jvm.dll+0x38b162]
V  [jvm.dll+0x38a5aa]
V  [jvm.dll+0x24c560]
V  [jvm.dll+0x24bb40]
V  [jvm.dll+0x1cb34e]
V  [jvm.dll+0x25b85d]
V  [jvm.dll+0x259dea]
V  [jvm.dll+0x3f857e]
V  [jvm.dll+0x85f59d]
V  [jvm.dll+0x6d626d]
C  [ucrtbase.dll+0x37b0]
C  [KERNEL32.DLL+0x2e8d7]
C  [ntdll.dll+0x8c48c]


---------------  P R O C E S S  ---------------

Threads class SMR info:
_java_thread_list=0x000001acc329d040, length=54, elements={
0x000001ace081c3d0, 0x000001acf91044b0, 0x000001acf9105470, 0x000001acf910c840,
0x000001acf910f320, 0x000001acf9111e50, 0x000001acf91124c0, 0x000001acf9115170,
0x000001acf91801f0, 0x000001acf9318660, 0x000001acf93aa380, 0x000001acf993a6b0,
0x000001acf9bd2970, 0x000001acfe29d9f0, 0x000001acfe2a3620, 0x000001acfe3e18b0,
0x000001acfe3340c0, 0x000001acfea1dc10, 0x000001acfe93a0a0, 0x000001acfe93adc0,
0x000001acfe93a730, 0x000001acfe93ce90, 0x000001acfe93c800, 0x000001acfe93bae0,
0x000001acfe93c170, 0x000001acfe939a10, 0x000001acc1712ff0, 0x000001acc1712960,
0x000001acc17143a0, 0x000001acc17122d0, 0x000001acc17115b0, 0x000001acc1714a30,
0x000001acc1711c40, 0x000001acc1713680, 0x000001acc1713d10, 0x000001acc12db940,
0x000001acc12db2b0, 0x000001acc12da590, 0x000001acc12dbfd0, 0x000001acc12dc660,
0x000001acc12d91e0, 0x000001acc12d9870, 0x000001acc12dac20, 0x000001acc12dd380,
0x000001acc12d9f00, 0x000001acc12df450, 0x000001acc12de730, 0x000001acc12e0800,
0x000001acc12de0a0, 0x000001acc12dda10, 0x000001acc12dedc0, 0x000001acc12e0170,
0x000001acf917ed80, 0x000001acf917d910
}

Java Threads: ( => current thread )
  0x000001ace081c3d0 JavaThread "main"                              [_thread_blocked, id=20156, stack(0x00000012bf800000,0x00000012bf900000) (1024K)]
  0x000001acf91044b0 JavaThread "Reference Handler"          daemon [_thread_blocked, id=43768, stack(0x00000012bfc00000,0x00000012bfd00000) (1024K)]
  0x000001acf9105470 JavaThread "Finalizer"                  daemon [_thread_blocked, id=13460, stack(0x00000012bfd00000,0x00000012bfe00000) (1024K)]
  0x000001acf910c840 JavaThread "Signal Dispatcher"          daemon [_thread_blocked, id=28016, stack(0x00000012bfe00000,0x00000012bff00000) (1024K)]
  0x000001acf910f320 JavaThread "Attach Listener"            daemon [_thread_blocked, id=27124, stack(0x00000012bff00000,0x00000012c0000000) (1024K)]
  0x000001acf9111e50 JavaThread "Service Thread"             daemon [_thread_blocked, id=33144, stack(0x00000012c0000000,0x00000012c0100000) (1024K)]
  0x000001acf91124c0 JavaThread "Monitor Deflation Thread"   daemon [_thread_blocked, id=39668, stack(0x00000012c0100000,0x00000012c0200000) (1024K)]
  0x000001acf9115170 JavaThread "C2 CompilerThread0"         daemon [_thread_in_native, id=6944, stack(0x00000012c0200000,0x00000012c0300000) (1024K)]
  0x000001acf91801f0 JavaThread "C1 CompilerThread0"         daemon [_thread_in_native, id=32784, stack(0x00000012c0300000,0x00000012c0400000) (1024K)]
  0x000001acf9318660 JavaThread "Common-Cleaner"             daemon [_thread_blocked, id=4388, stack(0x00000012c0400000,0x00000012c0500000) (1024K)]
  0x000001acf93aa380 JavaThread "Notification Thread"        daemon [_thread_blocked, id=6440, stack(0x00000012c0600000,0x00000012c0700000) (1024K)]
  0x000001acf993a6b0 JavaThread "Active Thread: Equinox Container: 1b194276-d57e-43ae-8768-2df92d3b59fe"        [_thread_blocked, id=34472, stack(0x00000012c0e00000,0x00000012c0f00000) (1024K)]
  0x000001acf9bd2970 JavaThread "Refresh Thread: Equinox Container: 1b194276-d57e-43ae-8768-2df92d3b59fe" daemon [_thread_blocked, id=32308, stack(0x00000012c1000000,0x00000012c1100000) (1024K)]
  0x000001acfe29d9f0 JavaThread "Framework Event Dispatcher: Equinox Container: 1b194276-d57e-43ae-8768-2df92d3b59fe" daemon [_thread_blocked, id=28172, stack(0x00000012c1100000,0x00000012c1200000) (1024K)]
  0x000001acfe2a3620 JavaThread "Start Level: Equinox Container: 1b194276-d57e-43ae-8768-2df92d3b59fe" daemon [_thread_blocked, id=24260, stack(0x00000012c1200000,0x00000012c1300000) (1024K)]
  0x000001acfe3e18b0 JavaThread "Bundle File Closer"         daemon [_thread_blocked, id=46512, stack(0x00000012c1500000,0x00000012c1600000) (1024K)]
  0x000001acfe3340c0 JavaThread "SCR Component Actor"        daemon [_thread_blocked, id=31996, stack(0x00000012c0500000,0x00000012c0600000) (1024K)]
  0x000001acfea1dc10 JavaThread "Worker-JM"                         [_thread_blocked, id=46428, stack(0x00000012c1700000,0x00000012c1800000) (1024K)]
  0x000001acfe93a0a0 JavaThread "JNA Cleaner"                daemon [_thread_blocked, id=12344, stack(0x00000012c0700000,0x00000012c0800000) (1024K)]
  0x000001acfe93adc0 JavaThread "Worker-0"                          [_thread_blocked, id=36984, stack(0x00000012c1600000,0x00000012c1700000) (1024K)]
  0x000001acfe93a730 JavaThread "Worker-1"                          [_thread_blocked, id=24700, stack(0x00000012c1800000,0x00000012c1900000) (1024K)]
  0x000001acfe93ce90 JavaThread "Worker-2: Publish Diagnostics"        [_thread_in_Java, id=14328, stack(0x00000012c1900000,0x00000012c1a00000) (1024K)]
  0x000001acfe93c800 JavaThread "Java indexing"              daemon [_thread_blocked, id=14096, stack(0x00000012c1c00000,0x00000012c1d00000) (1024K)]
  0x000001acfe93bae0 JavaThread "Worker-3: Initialize workspace"        [_thread_in_Java, id=31876, stack(0x00000012c1f00000,0x00000012c2000000) (1024K)]
  0x000001acfe93c170 JavaThread "Worker-4"                          [_thread_blocked, id=22172, stack(0x00000012c2000000,0x00000012c2100000) (1024K)]
  0x000001acfe939a10 JavaThread "Thread-1"                   daemon [_thread_in_native, id=26596, stack(0x00000012c2100000,0x00000012c2200000) (1024K)]
  0x000001acc1712ff0 JavaThread "Thread-2"                   daemon [_thread_in_native, id=14584, stack(0x00000012c2200000,0x00000012c2300000) (1024K)]
  0x000001acc1712960 JavaThread "Thread-3"                   daemon [_thread_in_native, id=17228, stack(0x00000012c2300000,0x00000012c2400000) (1024K)]
  0x000001acc17143a0 JavaThread "Thread-4"                   daemon [_thread_in_native, id=6728, stack(0x00000012c2400000,0x00000012c2500000) (1024K)]
  0x000001acc17122d0 JavaThread "Thread-5"                   daemon [_thread_in_native, id=12244, stack(0x00000012c2500000,0x00000012c2600000) (1024K)]
  0x000001acc17115b0 JavaThread "Thread-6"                   daemon [_thread_in_native, id=30364, stack(0x00000012c2600000,0x00000012c2700000) (1024K)]
  0x000001acc1714a30 JavaThread "Thread-7"                   daemon [_thread_in_native, id=13700, stack(0x00000012c2700000,0x00000012c2800000) (1024K)]
  0x000001acc1711c40 JavaThread "Thread-8"                   daemon [_thread_in_native, id=25464, stack(0x00000012c2800000,0x00000012c2900000) (1024K)]
  0x000001acc1713680 JavaThread "Thread-9"                   daemon [_thread_in_native, id=44252, stack(0x00000012c2900000,0x00000012c2a00000) (1024K)]
  0x000001acc1713d10 JavaThread "Thread-10"                  daemon [_thread_in_native, id=45500, stack(0x00000012c2a00000,0x00000012c2b00000) (1024K)]
  0x000001acc12db940 JavaThread "Thread-11"                  daemon [_thread_in_native, id=27568, stack(0x00000012c2b00000,0x00000012c2c00000) (1024K)]
  0x000001acc12db2b0 JavaThread "Thread-12"                  daemon [_thread_in_native, id=16760, stack(0x00000012c2c00000,0x00000012c2d00000) (1024K)]
  0x000001acc12da590 JavaThread "Thread-13"                  daemon [_thread_in_native, id=21008, stack(0x00000012c2d00000,0x00000012c2e00000) (1024K)]
  0x000001acc12dbfd0 JavaThread "pool-2-thread-1"                   [_thread_blocked, id=33380, stack(0x00000012c2e00000,0x00000012c2f00000) (1024K)]
  0x000001acc12dc660 JavaThread "WorkspaceEventsHandler"            [_thread_blocked, id=31520, stack(0x00000012c2f00000,0x00000012c3000000) (1024K)]
  0x000001acc12d91e0 JavaThread "pool-1-thread-1"                   [_thread_blocked, id=17216, stack(0x00000012c3000000,0x00000012c3100000) (1024K)]
  0x000001acc12d9870 JavaThread "ForkJoinPool.commonPool-worker-1" daemon [_thread_in_Java, id=9108, stack(0x00000012c3100000,0x00000012c3200000) (1024K)]
  0x000001acc12dac20 JavaThread "ForkJoinPool.commonPool-worker-2" daemon [_thread_blocked, id=44368, stack(0x00000012c3200000,0x00000012c3300000) (1024K)]
  0x000001acc12dd380 JavaThread "ForkJoinPool.commonPool-worker-3" daemon [_thread_blocked, id=37768, stack(0x00000012c3300000,0x00000012c3400000) (1024K)]
  0x000001acc12d9f00 JavaThread "ForkJoinPool.commonPool-worker-4" daemon [_thread_blocked, id=33724, stack(0x00000012c3400000,0x00000012c3500000) (1024K)]
  0x000001acc12df450 JavaThread "ForkJoinPool.commonPool-worker-5" daemon [_thread_blocked, id=38980, stack(0x00000012c3500000,0x00000012c3600000) (1024K)]
  0x000001acc12de730 JavaThread "ForkJoinPool.commonPool-worker-6" daemon [_thread_blocked, id=38068, stack(0x00000012c3600000,0x00000012c3700000) (1024K)]
  0x000001acc12e0800 JavaThread "ForkJoinPool.commonPool-worker-7" daemon [_thread_blocked, id=16124, stack(0x00000012c3700000,0x00000012c3800000) (1024K)]
  0x000001acc12de0a0 JavaThread "ForkJoinPool.commonPool-worker-8" daemon [_thread_blocked, id=7308, stack(0x00000012c3800000,0x00000012c3900000) (1024K)]
  0x000001acc12dda10 JavaThread "ForkJoinPool.commonPool-worker-9" daemon [_thread_blocked, id=22488, stack(0x00000012c3900000,0x00000012c3a00000) (1024K)]
  0x000001acc12dedc0 JavaThread "ForkJoinPool.commonPool-worker-10" daemon [_thread_blocked, id=21232, stack(0x00000012c3a00000,0x00000012c3b00000) (1024K)]
  0x000001acc12e0170 JavaThread "ForkJoinPool.commonPool-worker-11" daemon [_thread_blocked, id=32748, stack(0x00000012c3b00000,0x00000012c3c00000) (1024K)]
=>0x000001acf917ed80 JavaThread "C2 CompilerThread1"         daemon [_thread_in_native, id=24232, stack(0x00000012c1a00000,0x00000012c1b00000) (1024K)]
  0x000001acf917d910 JavaThread "C2 CompilerThread2"         daemon [_thread_in_native, id=26816, stack(0x00000012c1b00000,0x00000012c1c00000) (1024K)]
Total: 54

Other Threads:
  0x000001ace07b3f70 VMThread "VM Thread"                           [id=29768, stack(0x00000012bfb00000,0x00000012bfc00000) (1024K)]
  0x000001ace06aca00 WatcherThread "VM Periodic Task Thread"        [id=35736, stack(0x00000012bfa00000,0x00000012bfb00000) (1024K)]
  0x000001ace083bb60 WorkerThread "GC Thread#0"                     [id=37592, stack(0x00000012bf900000,0x00000012bfa00000) (1024K)]
  0x000001acfe07b090 WorkerThread "GC Thread#1"                     [id=22048, stack(0x00000012c0800000,0x00000012c0900000) (1024K)]
  0x000001acfe07ace0 WorkerThread "GC Thread#2"                     [id=23008, stack(0x00000012c0900000,0x00000012c0a00000) (1024K)]
  0x000001acfe07a1d0 WorkerThread "GC Thread#3"                     [id=28104, stack(0x00000012c0a00000,0x00000012c0b00000) (1024K)]
  0x000001acfe07a580 WorkerThread "GC Thread#4"                     [id=38144, stack(0x00000012c0b00000,0x00000012c0c00000) (1024K)]
  0x000001acfe07a930 WorkerThread "GC Thread#5"                     [id=31132, stack(0x00000012c0c00000,0x00000012c0d00000) (1024K)]
  0x000001acfe07b440 WorkerThread "GC Thread#6"                     [id=23232, stack(0x00000012c0d00000,0x00000012c0e00000) (1024K)]
  0x000001acfe079e20 WorkerThread "GC Thread#7"                     [id=43852, stack(0x00000012c0f00000,0x00000012c1000000) (1024K)]
  0x000001acfe5d4da0 WorkerThread "GC Thread#8"                     [id=21456, stack(0x00000012c1300000,0x00000012c1400000) (1024K)]
  0x000001acfe5d5150 WorkerThread "GC Thread#9"                     [id=25816, stack(0x00000012c1400000,0x00000012c1500000) (1024K)]
Total: 12

Threads with active compile tasks:
C2 CompilerThread0  25005 7702       4       sun.nio.fs.WindowsPathParser::parse (504 bytes)
C2 CompilerThread1  25005 7572       4       java.lang.invoke.DirectMethodHandle::make (275 bytes)
C2 CompilerThread2  25006 7662   !   4       org.eclipse.jdt.internal.core.util.DeduplicationUtil::intern (149 bytes)
Total: 3

VM state: not at safepoint (normal execution)

VM Mutex/Monitor currently owned by a thread: None

Heap address: 0x0000000080000000, size: 2048 MB, Compressed Oops mode: 32-bit

CDS archive(s) mapped at: [0x000001ac80000000-0x000001ac80ba0000-0x000001ac80ba0000), size 12189696, SharedBaseAddress: 0x000001ac80000000, ArchiveRelocationMode: 1.
Compressed class space mapped at: 0x000001ac81000000-0x000001acc1000000, reserved size: 1073741824
Narrow klass base: 0x000001ac80000000, Narrow klass shift: 0, Narrow klass range: 0x100000000

GC Precious Log:
 CardTable entry size: 512
 CPUs: 12 total, 12 available
 Memory: 16076M
 Large Page Support: Disabled
 NUMA Support: Disabled
 Compressed Oops: Enabled (32-bit)
 Alignments: Space 512K, Generation 512K, Heap 2M
 Heap Min Capacity: 100M
 Heap Initial Capacity: 100M
 Heap Max Capacity: 2G
 Pre-touch: Disabled
 Parallel Workers: 10

Heap:
 PSYoungGen      total 20480K, used 19893K [0x00000000d5580000, 0x00000000d6f00000, 0x0000000100000000)
  eden space 18944K, 97% used [0x00000000d5580000,0x00000000d678c928,0x00000000d6800000)
  from space 1536K, 91% used [0x00000000d6d80000,0x00000000d6ee0e10,0x00000000d6f00000)
  to   space 3072K, 0% used [0x00000000d6900000,0x00000000d6900000,0x00000000d6c00000)
 ParOldGen       total 68608K, used 55164K [0x0000000080000000, 0x0000000084300000, 0x00000000d5580000)
  object space 68608K, 80% used [0x0000000080000000,0x00000000835df350,0x0000000084300000)
 Metaspace       used 55602K, committed 57088K, reserved 1114112K
  class space    used 6011K, committed 6656K, reserved 1048576K

Card table byte_map: [0x000001ace01c0000,0x000001ace05d0000] _byte_map_base: 0x000001acdfdc0000

Marking Bits: (ParMarkBitMap*) 0x00007ffc06313450
 Begin Bits: [0x000001acf2cd0000, 0x000001acf4cd0000)
 End Bits:   [0x000001acf4cd0000, 0x000001acf6cd0000)

Polling page: 0x000001acde670000

Metaspace:

Usage:
  Non-class:     48.43 MB used.
      Class:      5.87 MB used.
       Both:     54.30 MB used.

Virtual space:
  Non-class space:       64.00 MB reserved,      49.25 MB ( 77%) committed,  1 nodes.
      Class space:        1.00 GB reserved,       6.50 MB ( <1%) committed,  1 nodes.
             Both:        1.06 GB reserved,      55.75 MB (  5%) committed. 

Chunk freelists:
   Non-Class:  14.36 MB
       Class:  9.35 MB
        Both:  23.71 MB

MaxMetaspaceSize: unlimited
CompressedClassSpaceSize: 1.00 GB
Initial GC threshold: 21.00 MB
Current GC threshold: 58.38 MB
CDS: on
 - commit_granule_bytes: 65536.
 - commit_granule_words: 8192.
 - virtual_space_node_default_size: 8388608.
 - enlarge_chunks_in_place: 1.
 - use_allocation_guard: 0.


Internal statistics:

num_allocs_failed_limit: 6.
num_arena_births: 1076.
num_arena_deaths: 14.
num_vsnodes_births: 2.
num_vsnodes_deaths: 0.
num_space_committed: 892.
num_space_uncommitted: 0.
num_chunks_returned_to_freelist: 20.
num_chunks_taken_from_freelist: 3619.
num_chunk_merges: 9.
num_chunk_splits: 2255.
num_chunks_enlarged: 1308.
num_inconsistent_stats: 0.

CodeHeap 'non-profiled nmethods': size=120000Kb used=4308Kb max_used=4308Kb free=115692Kb
 bounds [0x000001aceb4f0000, 0x000001aceb930000, 0x000001acf2a20000]
CodeHeap 'profiled nmethods': size=120000Kb used=15320Kb max_used=15320Kb free=104679Kb
 bounds [0x000001ace3a20000, 0x000001ace4920000, 0x000001aceaf50000]
CodeHeap 'non-nmethods': size=5760Kb used=1411Kb max_used=1438Kb free=4348Kb
 bounds [0x000001aceaf50000, 0x000001aceb1c0000, 0x000001aceb4f0000]
CodeCache: size=245760Kb, used=21039Kb, max_used=21066Kb, free=224719Kb
 total_blobs=7848, nmethods=7124, adapters=630, full_count=0
Compilation: enabled, stopped_count=0, restarted_count=0

Compilation events (20 events):
Event: 22.920 Thread 0x000001acf91801f0 7691       1       java.text.FieldPosition::getFieldAttribute (5 bytes)
Event: 22.920 Thread 0x000001acf91801f0 nmethod 7691 0x000001aceb921710 code [0x000001aceb9218a0, 0x000001aceb921968]
Event: 22.926 Thread 0x000001acf91801f0 7693       3       java.lang.ThreadLocal::<init> (12 bytes)
Event: 22.926 Thread 0x000001acf91801f0 nmethod 7693 0x000001ace48fd390 code [0x000001ace48fd540, 0x000001ace48fd758]
Event: 22.926 Thread 0x000001acf91801f0 7694       3       java.lang.ThreadLocal::nextHashCode (9 bytes)
Event: 22.927 Thread 0x000001acf91801f0 nmethod 7694 0x000001ace48fd890 code [0x000001ace48fda40, 0x000001ace48fdb70]
Event: 22.936 Thread 0x000001acf91801f0 7695       3       java.util.Spliterators::spliterator (16 bytes)
Event: 22.936 Thread 0x000001acf91801f0 nmethod 7695 0x000001ace48fdc10 code [0x000001ace48fdde0, 0x000001ace48fe1e8]
Event: 22.937 Thread 0x000001acf91801f0 7696       3       java.util.Spliterators$IteratorSpliterator::<init> (39 bytes)
Event: 22.937 Thread 0x000001acf91801f0 nmethod 7696 0x000001ace48fe390 code [0x000001ace48fe540, 0x000001ace48fe730]
Event: 22.949 Thread 0x000001acf91801f0 7698       3       java.util.ArrayList::sort (45 bytes)
Event: 22.950 Thread 0x000001acf91801f0 nmethod 7698 0x000001ace48fe810 code [0x000001ace48fe9e0, 0x000001ace48fec60]
Event: 22.952 Thread 0x000001acf91801f0 7699       3       org.eclipse.core.runtime.Platform::getPreferencesService (7 bytes)
Event: 23.961 Thread 0x000001acf91801f0 nmethod 7699 0x000001ace48fed90 code [0x000001ace48fef60, 0x000001ace48ff338]
Event: 23.961 Thread 0x000001acf91801f0 7700       3       org.eclipse.core.internal.runtime.InternalPlatform::getPreferencesService (22 bytes)
Event: 23.961 Thread 0x000001acf91801f0 nmethod 7700 0x000001ace48ff490 code [0x000001ace48ff640, 0x000001ace48ff970]
Event: 23.961 Thread 0x000001acf9115170 nmethod 7687 0x000001aceb921a10 code [0x000001aceb921c60, 0x000001aceb922668]
Event: 23.961 Thread 0x000001acf9115170 7686       4       java.util.ArrayList::toArray (57 bytes)
Event: 23.962 Thread 0x000001acf91801f0 7701       3       java.lang.invoke.InnerClassLambdaMetafactory::spinInnerClass (118 bytes)
Event: 23.963 Thread 0x000001acf91801f0 nmethod 7701 0x000001ace48ffa90 code [0x000001ace48ffc60, 0x000001ace48fff38]

GC Heap History (20 events):
Event: 17.721 GC heap after
{Heap after GC invocations=24 (full 2):
 PSYoungGen      total 20480K, used 1504K [0x00000000d5580000, 0x00000000d7000000, 0x0000000100000000)
  eden space 18944K, 0% used [0x00000000d5580000,0x00000000d5580000,0x00000000d6800000)
  from space 1536K, 97% used [0x00000000d6c80000,0x00000000d6df8010,0x00000000d6e00000)
  to   space 4096K, 0% used [0x00000000d6800000,0x00000000d6800000,0x00000000d6c00000)
 ParOldGen       total 68608K, used 38589K [0x0000000080000000, 0x0000000084300000, 0x00000000d5580000)
  object space 68608K, 56% used [0x0000000080000000,0x00000000825af660,0x0000000084300000)
 Metaspace       used 48531K, committed 49856K, reserved 1114112K
  class space    used 5270K, committed 5824K, reserved 1048576K
}
Event: 18.099 GC heap before
{Heap before GC invocations=25 (full 2):
 PSYoungGen      total 20480K, used 20448K [0x00000000d5580000, 0x00000000d7000000, 0x0000000100000000)
  eden space 18944K, 100% used [0x00000000d5580000,0x00000000d6800000,0x00000000d6800000)
  from space 1536K, 97% used [0x00000000d6c80000,0x00000000d6df8010,0x00000000d6e00000)
  to   space 4096K, 0% used [0x00000000d6800000,0x00000000d6800000,0x00000000d6c00000)
 ParOldGen       total 68608K, used 38589K [0x0000000080000000, 0x0000000084300000, 0x00000000d5580000)
  object space 68608K, 56% used [0x0000000080000000,0x00000000825af660,0x0000000084300000)
 Metaspace       used 48874K, committed 50176K, reserved 1114112K
  class space    used 5321K, committed 5888K, reserved 1048576K
}
Event: 18.104 GC heap after
{Heap after GC invocations=25 (full 2):
 PSYoungGen      total 21504K, used 2210K [0x00000000d5580000, 0x00000000d6e00000, 0x0000000100000000)
  eden space 18944K, 0% used [0x00000000d5580000,0x00000000d5580000,0x00000000d6800000)
  from space 2560K, 86% used [0x00000000d6800000,0x00000000d6a28820,0x00000000d6a80000)
  to   space 3072K, 0% used [0x00000000d6b00000,0x00000000d6b00000,0x00000000d6e00000)
 ParOldGen       total 68608K, used 40069K [0x0000000080000000, 0x0000000084300000, 0x00000000d5580000)
  object space 68608K, 58% used [0x0000000080000000,0x0000000082721660,0x0000000084300000)
 Metaspace       used 48874K, committed 50176K, reserved 1114112K
  class space    used 5321K, committed 5888K, reserved 1048576K
}
Event: 18.255 GC heap before
{Heap before GC invocations=26 (full 2):
 PSYoungGen      total 21504K, used 21154K [0x00000000d5580000, 0x00000000d6e00000, 0x0000000100000000)
  eden space 18944K, 100% used [0x00000000d5580000,0x00000000d6800000,0x00000000d6800000)
  from space 2560K, 86% used [0x00000000d6800000,0x00000000d6a28820,0x00000000d6a80000)
  to   space 3072K, 0% used [0x00000000d6b00000,0x00000000d6b00000,0x00000000d6e00000)
 ParOldGen       total 68608K, used 40069K [0x0000000080000000, 0x0000000084300000, 0x00000000d5580000)
  object space 68608K, 58% used [0x0000000080000000,0x0000000082721660,0x0000000084300000)
 Metaspace       used 48897K, committed 50240K, reserved 1114112K
  class space    used 5321K, committed 5888K, reserved 1048576K
}
Event: 18.261 GC heap after
{Heap after GC invocations=26 (full 2):
 PSYoungGen      total 20992K, used 1952K [0x00000000d5580000, 0x00000000d6d00000, 0x0000000100000000)
  eden space 18944K, 0% used [0x00000000d5580000,0x00000000d5580000,0x00000000d6800000)
  from space 2048K, 95% used [0x00000000d6b00000,0x00000000d6ce8000,0x00000000d6d00000)
  to   space 2560K, 0% used [0x00000000d6800000,0x00000000d6800000,0x00000000d6a80000)
 ParOldGen       total 68608K, used 42107K [0x0000000080000000, 0x0000000084300000, 0x00000000d5580000)
  object space 68608K, 61% used [0x0000000080000000,0x000000008291efb0,0x0000000084300000)
 Metaspace       used 48897K, committed 50240K, reserved 1114112K
  class space    used 5321K, committed 5888K, reserved 1048576K
}
Event: 18.424 GC heap before
{Heap before GC invocations=27 (full 2):
 PSYoungGen      total 20992K, used 20896K [0x00000000d5580000, 0x00000000d6d00000, 0x0000000100000000)
  eden space 18944K, 100% used [0x00000000d5580000,0x00000000d6800000,0x00000000d6800000)
  from space 2048K, 95% used [0x00000000d6b00000,0x00000000d6ce8000,0x00000000d6d00000)
  to   space 2560K, 0% used [0x00000000d6800000,0x00000000d6800000,0x00000000d6a80000)
 ParOldGen       total 68608K, used 42107K [0x0000000080000000, 0x0000000084300000, 0x00000000d5580000)
  object space 68608K, 61% used [0x0000000080000000,0x000000008291efb0,0x0000000084300000)
 Metaspace       used 48900K, committed 50240K, reserved 1114112K
  class space    used 5321K, committed 5888K, reserved 1048576K
}
Event: 18.433 GC heap after
{Heap after GC invocations=27 (full 2):
 PSYoungGen      total 20992K, used 1924K [0x00000000d5580000, 0x00000000d6c00000, 0x0000000100000000)
  eden space 18944K, 0% used [0x00000000d5580000,0x00000000d5580000,0x00000000d6800000)
  from space 2048K, 93% used [0x00000000d6800000,0x00000000d69e1000,0x00000000d6a00000)
  to   space 2048K, 0% used [0x00000000d6a00000,0x00000000d6a00000,0x00000000d6c00000)
 ParOldGen       total 68608K, used 43878K [0x0000000080000000, 0x0000000084300000, 0x00000000d5580000)
  object space 68608K, 63% used [0x0000000080000000,0x0000000082ad9a60,0x0000000084300000)
 Metaspace       used 48900K, committed 50240K, reserved 1114112K
  class space    used 5321K, committed 5888K, reserved 1048576K
}
Event: 18.624 GC heap before
{Heap before GC invocations=28 (full 2):
 PSYoungGen      total 20992K, used 20868K [0x00000000d5580000, 0x00000000d6c00000, 0x0000000100000000)
  eden space 18944K, 100% used [0x00000000d5580000,0x00000000d6800000,0x00000000d6800000)
  from space 2048K, 93% used [0x00000000d6800000,0x00000000d69e1000,0x00000000d6a00000)
  to   space 2048K, 0% used [0x00000000d6a00000,0x00000000d6a00000,0x00000000d6c00000)
 ParOldGen       total 68608K, used 43878K [0x0000000080000000, 0x0000000084300000, 0x00000000d5580000)
  object space 68608K, 63% used [0x0000000080000000,0x0000000082ad9a60,0x0000000084300000)
 Metaspace       used 48931K, committed 50240K, reserved 1114112K
  class space    used 5324K, committed 5888K, reserved 1048576K
}
Event: 18.629 GC heap after
{Heap after GC invocations=28 (full 2):
 PSYoungGen      total 20992K, used 2016K [0x00000000d5580000, 0x00000000d6c00000, 0x0000000100000000)
  eden space 18944K, 0% used [0x00000000d5580000,0x00000000d5580000,0x00000000d6800000)
  from space 2048K, 98% used [0x00000000d6a00000,0x00000000d6bf8010,0x00000000d6c00000)
  to   space 2048K, 0% used [0x00000000d6800000,0x00000000d6800000,0x00000000d6a00000)
 ParOldGen       total 68608K, used 45647K [0x0000000080000000, 0x0000000084300000, 0x00000000d5580000)
  object space 68608K, 66% used [0x0000000080000000,0x0000000082c93fd8,0x0000000084300000)
 Metaspace       used 48931K, committed 50240K, reserved 1114112K
  class space    used 5324K, committed 5888K, reserved 1048576K
}
Event: 18.867 GC heap before
{Heap before GC invocations=29 (full 2):
 PSYoungGen      total 20992K, used 20960K [0x00000000d5580000, 0x00000000d6c00000, 0x0000000100000000)
  eden space 18944K, 100% used [0x00000000d5580000,0x00000000d6800000,0x00000000d6800000)
  from space 2048K, 98% used [0x00000000d6a00000,0x00000000d6bf8010,0x00000000d6c00000)
  to   space 2048K, 0% used [0x00000000d6800000,0x00000000d6800000,0x00000000d6a00000)
 ParOldGen       total 68608K, used 45647K [0x0000000080000000, 0x0000000084300000, 0x00000000d5580000)
  object space 68608K, 66% used [0x0000000080000000,0x0000000082c93fd8,0x0000000084300000)
 Metaspace       used 48950K, committed 50304K, reserved 1114112K
  class space    used 5324K, committed 5888K, reserved 1048576K
}
Event: 18.872 GC heap after
{Heap after GC invocations=29 (full 2):
 PSYoungGen      total 20992K, used 1728K [0x00000000d5580000, 0x00000000d6c00000, 0x0000000100000000)
  eden space 18944K, 0% used [0x00000000d5580000,0x00000000d5580000,0x00000000d6800000)
  from space 2048K, 84% used [0x00000000d6800000,0x00000000d69b0000,0x00000000d6a00000)
  to   space 2048K, 0% used [0x00000000d6a00000,0x00000000d6a00000,0x00000000d6c00000)
 ParOldGen       total 68608K, used 47495K [0x0000000080000000, 0x0000000084300000, 0x00000000d5580000)
  object space 68608K, 69% used [0x0000000080000000,0x0000000082e61fe8,0x0000000084300000)
 Metaspace       used 48950K, committed 50304K, reserved 1114112K
  class space    used 5324K, committed 5888K, reserved 1048576K
}
Event: 19.199 GC heap before
{Heap before GC invocations=30 (full 2):
 PSYoungGen      total 20992K, used 20672K [0x00000000d5580000, 0x00000000d6c00000, 0x0000000100000000)
  eden space 18944K, 100% used [0x00000000d5580000,0x00000000d6800000,0x00000000d6800000)
  from space 2048K, 84% used [0x00000000d6800000,0x00000000d69b0000,0x00000000d6a00000)
  to   space 2048K, 0% used [0x00000000d6a00000,0x00000000d6a00000,0x00000000d6c00000)
 ParOldGen       total 68608K, used 47495K [0x0000000080000000, 0x0000000084300000, 0x00000000d5580000)
  object space 68608K, 69% used [0x0000000080000000,0x0000000082e61fe8,0x0000000084300000)
 Metaspace       used 49602K, committed 50944K, reserved 1114112K
  class space    used 5406K, committed 5952K, reserved 1048576K
}
Event: 19.204 GC heap after
{Heap after GC invocations=30 (full 2):
 PSYoungGen      total 20992K, used 1504K [0x00000000d5580000, 0x00000000d6c00000, 0x0000000100000000)
  eden space 18944K, 0% used [0x00000000d5580000,0x00000000d5580000,0x00000000d6800000)
  from space 2048K, 73% used [0x00000000d6a00000,0x00000000d6b78000,0x00000000d6c00000)
  to   space 2048K, 0% used [0x00000000d6800000,0x00000000d6800000,0x00000000d6a00000)
 ParOldGen       total 68608K, used 49112K [0x0000000080000000, 0x0000000084300000, 0x00000000d5580000)
  object space 68608K, 71% used [0x0000000080000000,0x0000000082ff61e8,0x0000000084300000)
 Metaspace       used 49602K, committed 50944K, reserved 1114112K
  class space    used 5406K, committed 5952K, reserved 1048576K
}
Event: 20.049 GC heap before
{Heap before GC invocations=31 (full 2):
 PSYoungGen      total 20992K, used 20448K [0x00000000d5580000, 0x00000000d6c00000, 0x0000000100000000)
  eden space 18944K, 100% used [0x00000000d5580000,0x00000000d6800000,0x00000000d6800000)
  from space 2048K, 73% used [0x00000000d6a00000,0x00000000d6b78000,0x00000000d6c00000)
  to   space 2048K, 0% used [0x00000000d6800000,0x00000000d6800000,0x00000000d6a00000)
 ParOldGen       total 68608K, used 49112K [0x0000000080000000, 0x0000000084300000, 0x00000000d5580000)
  object space 68608K, 71% used [0x0000000080000000,0x0000000082ff61e8,0x0000000084300000)
 Metaspace       used 51117K, committed 52480K, reserved 1114112K
  class space    used 5623K, committed 6208K, reserved 1048576K
}
Event: 20.052 GC heap after
{Heap after GC invocations=31 (full 2):
 PSYoungGen      total 19968K, used 632K [0x00000000d5580000, 0x00000000d6a80000, 0x0000000100000000)
  eden space 18944K, 0% used [0x00000000d5580000,0x00000000d5580000,0x00000000d6800000)
  from space 1024K, 61% used [0x00000000d6800000,0x00000000d689e2e8,0x00000000d6900000)
  to   space 1024K, 0% used [0x00000000d6980000,0x00000000d6980000,0x00000000d6a80000)
 ParOldGen       total 68608K, used 50400K [0x0000000080000000, 0x0000000084300000, 0x00000000d5580000)
  object space 68608K, 73% used [0x0000000080000000,0x0000000083138220,0x0000000084300000)
 Metaspace       used 51117K, committed 52480K, reserved 1114112K
  class space    used 5623K, committed 6208K, reserved 1048576K
}
Event: 20.995 GC heap before
{Heap before GC invocations=32 (full 2):
 PSYoungGen      total 19968K, used 19576K [0x00000000d5580000, 0x00000000d6a80000, 0x0000000100000000)
  eden space 18944K, 100% used [0x00000000d5580000,0x00000000d6800000,0x00000000d6800000)
  from space 1024K, 61% used [0x00000000d6800000,0x00000000d689e2e8,0x00000000d6900000)
  to   space 1024K, 0% used [0x00000000d6980000,0x00000000d6980000,0x00000000d6a80000)
 ParOldGen       total 68608K, used 50400K [0x0000000080000000, 0x0000000084300000, 0x00000000d5580000)
  object space 68608K, 73% used [0x0000000080000000,0x0000000083138220,0x0000000084300000)
 Metaspace       used 52346K, committed 53696K, reserved 1114112K
  class space    used 5732K, committed 6272K, reserved 1048576K
}
Event: 20.998 GC heap after
{Heap after GC invocations=32 (full 2):
 PSYoungGen      total 19456K, used 512K [0x00000000d5580000, 0x00000000d6a00000, 0x0000000100000000)
  eden space 18944K, 0% used [0x00000000d5580000,0x00000000d5580000,0x00000000d6800000)
  from space 512K, 100% used [0x00000000d6980000,0x00000000d6a00000,0x00000000d6a00000)
  to   space 1024K, 0% used [0x00000000d6800000,0x00000000d6800000,0x00000000d6900000)
 ParOldGen       total 68608K, used 50875K [0x0000000080000000, 0x0000000084300000, 0x00000000d5580000)
  object space 68608K, 74% used [0x0000000080000000,0x00000000831aedd0,0x0000000084300000)
 Metaspace       used 52346K, committed 53696K, reserved 1114112K
  class space    used 5732K, committed 6272K, reserved 1048576K
}
Event: 22.738 GC heap before
{Heap before GC invocations=33 (full 2):
 PSYoungGen      total 19456K, used 19456K [0x00000000d5580000, 0x00000000d6a00000, 0x0000000100000000)
  eden space 18944K, 100% used [0x00000000d5580000,0x00000000d6800000,0x00000000d6800000)
  from space 512K, 100% used [0x00000000d6980000,0x00000000d6a00000,0x00000000d6a00000)
  to   space 1024K, 0% used [0x00000000d6800000,0x00000000d6800000,0x00000000d6900000)
 ParOldGen       total 68608K, used 50875K [0x0000000080000000, 0x0000000084300000, 0x00000000d5580000)
  object space 68608K, 74% used [0x0000000080000000,0x00000000831aedd0,0x0000000084300000)
 Metaspace       used 54706K, committed 56128K, reserved 1114112K
  class space    used 5922K, committed 6528K, reserved 1048576K
}
Event: 22.743 GC heap after
{Heap after GC invocations=33 (full 2):
 PSYoungGen      total 19968K, used 1021K [0x00000000d5580000, 0x00000000d7300000, 0x0000000100000000)
  eden space 18944K, 0% used [0x00000000d5580000,0x00000000d5580000,0x00000000d6800000)
  from space 1024K, 99% used [0x00000000d6800000,0x00000000d68ff418,0x00000000d6900000)
  to   space 5632K, 0% used [0x00000000d6d80000,0x00000000d6d80000,0x00000000d7300000)
 ParOldGen       total 68608K, used 54487K [0x0000000080000000, 0x0000000084300000, 0x00000000d5580000)
  object space 68608K, 79% used [0x0000000080000000,0x0000000083535d28,0x0000000084300000)
 Metaspace       used 54706K, committed 56128K, reserved 1114112K
  class space    used 5922K, committed 6528K, reserved 1048576K
}
Event: 23.969 GC heap before
{Heap before GC invocations=34 (full 2):
 PSYoungGen      total 19968K, used 19965K [0x00000000d5580000, 0x00000000d7300000, 0x0000000100000000)
  eden space 18944K, 100% used [0x00000000d5580000,0x00000000d6800000,0x00000000d6800000)
  from space 1024K, 99% used [0x00000000d6800000,0x00000000d68ff418,0x00000000d6900000)
  to   space 5632K, 0% used [0x00000000d6d80000,0x00000000d6d80000,0x00000000d7300000)
 ParOldGen       total 68608K, used 54487K [0x0000000080000000, 0x0000000084300000, 0x00000000d5580000)
  object space 68608K, 79% used [0x0000000080000000,0x0000000083535d28,0x0000000084300000)
 Metaspace       used 55305K, committed 56768K, reserved 1114112K
  class space    used 5988K, committed 6656K, reserved 1048576K
}

Dll operation events (10 events):
Event: 0.012 Loaded shared library c:\Users\dhruv\.vscode\extensions\redhat.java-1.53.0-win32-x64\jre\21.0.10-win32-x86_64\bin\java.dll
Event: 0.125 Loaded shared library c:\Users\dhruv\.vscode\extensions\redhat.java-1.53.0-win32-x64\jre\21.0.10-win32-x86_64\bin\zip.dll
Event: 0.145 Loaded shared library C:\Users\dhruv\.vscode\extensions\redhat.java-1.53.0-win32-x64\jre\21.0.10-win32-x86_64\bin\instrument.dll
Event: 0.155 Loaded shared library C:\Users\dhruv\.vscode\extensions\redhat.java-1.53.0-win32-x64\jre\21.0.10-win32-x86_64\bin\net.dll
Event: 0.158 Loaded shared library C:\Users\dhruv\.vscode\extensions\redhat.java-1.53.0-win32-x64\jre\21.0.10-win32-x86_64\bin\nio.dll
Event: 0.163 Loaded shared library C:\Users\dhruv\.vscode\extensions\redhat.java-1.53.0-win32-x64\jre\21.0.10-win32-x86_64\bin\zip.dll
Event: 0.181 Loaded shared library C:\Users\dhruv\.vscode\extensions\redhat.java-1.53.0-win32-x64\jre\21.0.10-win32-x86_64\bin\jimage.dll
Event: 0.245 Loaded shared library c:\Users\dhruv\.vscode\extensions\redhat.java-1.53.0-win32-x64\jre\21.0.10-win32-x86_64\bin\verify.dll
Event: 1.687 Loaded shared library C:\Users\dhruv\AppData\Roaming\Code\User\globalStorage\redhat.java\1.53.0\config_win\org.eclipse.equinox.launcher\org.eclipse.equinox.launcher.win32.win32.x86_64_1.3.0.v20260203-2149\eclipse_11919.dll
Event: 3.640 Loaded shared library C:\Users\dhruv\AppData\Local\Temp\jna-95563663\jna15142739003792039037.dll

Deoptimization events (20 events):
Event: 22.853 Thread 0x000001acc12d9870 DEOPT PACKING pc=0x000001ace48dde4e sp=0x00000012c31fdd60
Event: 22.853 Thread 0x000001acc12d9870 DEOPT UNPACKING pc=0x000001aceafa4242 sp=0x00000012c31fd2e0 mode 0
Event: 22.855 Thread 0x000001acc12d9870 DEOPT PACKING pc=0x000001ace48dde4e sp=0x00000012c31fdd60
Event: 22.855 Thread 0x000001acc12d9870 DEOPT UNPACKING pc=0x000001aceafa4242 sp=0x00000012c31fd2e0 mode 0
Event: 22.857 Thread 0x000001acc12d9870 DEOPT PACKING pc=0x000001ace48dde4e sp=0x00000012c31fdd60
Event: 22.857 Thread 0x000001acc12d9870 DEOPT UNPACKING pc=0x000001aceafa4242 sp=0x00000012c31fd2e0 mode 0
Event: 22.867 Thread 0x000001acc12d9870 DEOPT PACKING pc=0x000001ace48dde4e sp=0x00000012c31fdd60
Event: 22.867 Thread 0x000001acc12d9870 DEOPT UNPACKING pc=0x000001aceafa4242 sp=0x00000012c31fd2e0 mode 0
Event: 22.874 Thread 0x000001acfe93bae0 Uncommon trap: trap_request=0xffffffde fr.pc=0x000001aceb55d2b4 relative=0x0000000000000274
Event: 22.874 Thread 0x000001acfe93bae0 Uncommon trap: reason=class_check action=maybe_recompile pc=0x000001aceb55d2b4 method=java.util.Comparator.lambda$comparing$77a9974f$1(Ljava/util/function/Function;Ljava/lang/Object;Ljava/lang/Object;)I @ 7 c2
Event: 22.874 Thread 0x000001acfe93bae0 DEOPT PACKING pc=0x000001aceb55d2b4 sp=0x00000012c1ffd790
Event: 22.874 Thread 0x000001acc12d9870 Uncommon trap: trap_request=0xffffff45 fr.pc=0x000001aceb68f948 relative=0x0000000000000988
Event: 22.874 Thread 0x000001acfe93bae0 DEOPT UNPACKING pc=0x000001aceafa3aa2 sp=0x00000012c1ffd6c0 mode 2
Event: 22.874 Thread 0x000001acc12d9870 Uncommon trap: reason=unstable_if action=reinterpret pc=0x000001aceb68f948 method=java.util.Arrays.mismatch([BII[BII)I @ 58 c2
Event: 22.874 Thread 0x000001acc12d9870 DEOPT PACKING pc=0x000001aceb68f948 sp=0x00000012c31fe130
Event: 22.874 Thread 0x000001acc12d9870 DEOPT UNPACKING pc=0x000001aceafa3aa2 sp=0x00000012c31fdfa0 mode 2
Event: 22.903 Thread 0x000001acc12d9870 Uncommon trap: trap_request=0xffffffcc fr.pc=0x000001aceb9200fc relative=0x000000000000013c
Event: 22.903 Thread 0x000001acc12d9870 Uncommon trap: reason=intrinsic_or_type_checked_inlining action=make_not_entrant pc=0x000001aceb9200fc method=java.util.ArrayList.toArray([Ljava/lang/Object;)[Ljava/lang/Object; @ 36 c2
Event: 22.903 Thread 0x000001acc12d9870 DEOPT PACKING pc=0x000001aceb9200fc sp=0x00000012c31fe1d0
Event: 22.903 Thread 0x000001acc12d9870 DEOPT UNPACKING pc=0x000001aceafa3aa2 sp=0x00000012c31fe180 mode 2

Classes loaded (20 events):
Event: 21.106 Loading class java/util/Hashtable$ValueCollection
Event: 21.106 Loading class java/util/Hashtable$ValueCollection done
Event: 21.312 Loading class java/nio/charset/CharacterCodingException
Event: 21.312 Loading class java/nio/charset/CharacterCodingException done
Event: 21.312 Loading class java/io/SequenceInputStream
Event: 21.313 Loading class java/io/SequenceInputStream done
Event: 21.401 Loading class java/util/WeakHashMap$KeyIterator
Event: 21.401 Loading class java/util/WeakHashMap$KeyIterator done
Event: 22.538 Loading class java/util/concurrent/CompletableFuture$UniApply
Event: 22.538 Loading class java/util/concurrent/CompletableFuture$UniCompletion
Event: 22.538 Loading class java/util/concurrent/CompletableFuture$UniCompletion done
Event: 22.538 Loading class java/util/concurrent/CompletableFuture$UniApply done
Event: 22.539 Loading class java/util/concurrent/CompletableFuture$UniAccept
Event: 22.539 Loading class java/util/concurrent/CompletableFuture$UniAccept done
Event: 22.539 Loading class java/util/concurrent/CompletableFuture$UniExceptionally
Event: 22.540 Loading class java/util/concurrent/CompletableFuture$UniExceptionally done
Event: 22.613 Loading class java/lang/UnsupportedClassVersionError
Event: 22.613 Loading class java/lang/UnsupportedClassVersionError done
Event: 22.754 Loading class java/util/Hashtable$KeySet
Event: 22.755 Loading class java/util/Hashtable$KeySet done

Classes unloaded (7 events):
Event: 5.096 Thread 0x000001ace07b3f70 Unloading class 0x000001ac811ad400 'java/lang/invoke/LambdaForm$MH+0x000001ac811ad400'
Event: 5.096 Thread 0x000001ace07b3f70 Unloading class 0x000001ac811ad000 'java/lang/invoke/LambdaForm$MH+0x000001ac811ad000'
Event: 5.096 Thread 0x000001ace07b3f70 Unloading class 0x000001ac811acc00 'java/lang/invoke/LambdaForm$MH+0x000001ac811acc00'
Event: 5.096 Thread 0x000001ace07b3f70 Unloading class 0x000001ac811ac800 'java/lang/invoke/LambdaForm$MH+0x000001ac811ac800'
Event: 5.096 Thread 0x000001ace07b3f70 Unloading class 0x000001ac811ac400 'java/lang/invoke/LambdaForm$BMH+0x000001ac811ac400'
Event: 5.096 Thread 0x000001ace07b3f70 Unloading class 0x000001ac811ac000 'java/lang/invoke/LambdaForm$DMH+0x000001ac811ac000'
Event: 5.096 Thread 0x000001ace07b3f70 Unloading class 0x000001ac811aac00 'java/lang/invoke/LambdaForm$DMH+0x000001ac811aac00'

Classes redefined (0 events):
No events

Internal exceptions (20 events):
Event: 21.826 Thread 0x000001acfe93ce90 Exception <a 'java/lang/NoSuchMethodError'{0x00000000d5de4c00}: 'java.lang.Object java.lang.invoke.DirectMethodHandle$Holder.invokeSpecial(java.lang.Object, java.lang.Object, int, long)'> (0x00000000d5de4c00) 
thrown [s\src\hotspot\share\interpreter\linkResolver.cpp, line 773]
Event: 22.472 Thread 0x000001acc12d91e0 Exception <a 'sun/nio/fs/WindowsException'{0x00000000d5d99f98}> (0x00000000d5d99f98) 
thrown [s\src\hotspot\share\prims\jni.cpp, line 520]
Event: 22.474 Thread 0x000001acc12d91e0 Exception <a 'sun/nio/fs/WindowsException'{0x00000000d5d9a5c8}> (0x00000000d5d9a5c8) 
thrown [s\src\hotspot\share\prims\jni.cpp, line 520]
Event: 22.477 Thread 0x000001acc12d91e0 Exception <a 'sun/nio/fs/WindowsException'{0x00000000d5d9d630}> (0x00000000d5d9d630) 
thrown [s\src\hotspot\share\prims\jni.cpp, line 520]
Event: 22.477 Thread 0x000001acc12d91e0 Exception <a 'sun/nio/fs/WindowsException'{0x00000000d5d9dc60}> (0x00000000d5d9dc60) 
thrown [s\src\hotspot\share\prims\jni.cpp, line 520]
Event: 22.535 Thread 0x000001acc12d91e0 Exception <a 'java/lang/IncompatibleClassChangeError'{0x00000000d5e25ec0}: Found class java.lang.Object, but interface was expected> (0x00000000d5e25ec0) 
thrown [s\src\hotspot\share\interpreter\linkResolver.cpp, line 840]
Event: 22.624 Thread 0x000001acc12d9870 Exception <a 'java/lang/NoSuchMethodError'{0x00000000d6179ea8}: 'int java.lang.invoke.Invokers$Holder.invokeExact_MT(java.lang.Object, java.lang.Object)'> (0x00000000d6179ea8) 
thrown [s\src\hotspot\share\interpreter\linkResolver.cpp, line 773]
Event: 22.753 Thread 0x000001acc12e0170 Implicit null exception at 0x000001aceb765b04 to 0x000001aceb7668f0
Event: 22.757 Thread 0x000001acfe93bae0 Exception <a 'java/io/FileNotFoundException'{0x00000000d564e968}> (0x00000000d564e968) 
thrown [s\src\hotspot\share\prims\jni.cpp, line 520]
Event: 22.758 Thread 0x000001acfe93bae0 Exception <a 'java/io/FileNotFoundException'{0x00000000d564fa38}> (0x00000000d564fa38) 
thrown [s\src\hotspot\share\prims\jni.cpp, line 520]
Event: 22.760 Thread 0x000001acfe93bae0 Exception <a 'java/io/FileNotFoundException'{0x00000000d5650790}> (0x00000000d5650790) 
thrown [s\src\hotspot\share\prims\jni.cpp, line 520]
Event: 22.816 Thread 0x000001acfe93bae0 Exception <a 'sun/nio/fs/WindowsException'{0x00000000d59aa890}> (0x00000000d59aa890) 
thrown [s\src\hotspot\share\prims\jni.cpp, line 520]
Event: 22.816 Thread 0x000001acfe93bae0 Exception <a 'sun/nio/fs/WindowsException'{0x00000000d59aaec0}> (0x00000000d59aaec0) 
thrown [s\src\hotspot\share\prims\jni.cpp, line 520]
Event: 22.817 Thread 0x000001acfe93bae0 Exception <a 'sun/nio/fs/WindowsException'{0x00000000d59abc00}> (0x00000000d59abc00) 
thrown [s\src\hotspot\share\prims\jni.cpp, line 520]
Event: 22.817 Thread 0x000001acfe93bae0 Exception <a 'sun/nio/fs/WindowsException'{0x00000000d59ac230}> (0x00000000d59ac230) 
thrown [s\src\hotspot\share\prims\jni.cpp, line 520]
Event: 22.835 Thread 0x000001acfe93bae0 Exception <a 'java/io/FileNotFoundException'{0x00000000d5b51328}> (0x00000000d5b51328) 
thrown [s\src\hotspot\share\prims\jni.cpp, line 520]
Event: 22.836 Thread 0x000001acfe93bae0 Exception <a 'java/io/FileNotFoundException'{0x00000000d5b520a8}> (0x00000000d5b520a8) 
thrown [s\src\hotspot\share\prims\jni.cpp, line 520]
Event: 22.851 Thread 0x000001acfe93bae0 Exception <a 'sun/nio/fs/WindowsException'{0x00000000d5c640f8}> (0x00000000d5c640f8) 
thrown [s\src\hotspot\share\prims\jni.cpp, line 520]
Event: 22.851 Thread 0x000001acfe93bae0 Exception <a 'sun/nio/fs/WindowsException'{0x00000000d5c64728}> (0x00000000d5c64728) 
thrown [s\src\hotspot\share\prims\jni.cpp, line 520]
Event: 22.955 Thread 0x000001acc12d91e0 Exception <a 'java/lang/IncompatibleClassChangeError'{0x00000000d5f61720}: Found class java.lang.Object, but interface was expected> (0x00000000d5f61720) 
thrown [s\src\hotspot\share\interpreter\linkResolver.cpp, line 840]

ZGC Phase Switch (0 events):
No events

VM Operations (20 events):
Event: 18.872 Executing safepoint VM operation: ParallelGCFailedAllocation (Allocation Failure) done
Event: 19.199 Executing safepoint VM operation: ParallelGCFailedAllocation (Allocation Failure)
Event: 19.204 Executing safepoint VM operation: ParallelGCFailedAllocation (Allocation Failure) done
Event: 19.495 Executing non-safepoint VM operation: HandshakeAllThreads (Deoptimize)
Event: 19.495 Executing non-safepoint VM operation: HandshakeAllThreads (Deoptimize) done
Event: 20.049 Executing safepoint VM operation: ParallelGCFailedAllocation (Allocation Failure)
Event: 20.052 Executing safepoint VM operation: ParallelGCFailedAllocation (Allocation Failure) done
Event: 20.995 Executing safepoint VM operation: ParallelGCFailedAllocation (Allocation Failure)
Event: 20.998 Executing safepoint VM operation: ParallelGCFailedAllocation (Allocation Failure) done
Event: 22.007 Executing safepoint VM operation: Cleanup
Event: 22.007 Executing safepoint VM operation: Cleanup done
Event: 22.620 Executing non-safepoint VM operation: HandshakeAllThreads (Deoptimize)
Event: 22.620 Executing non-safepoint VM operation: HandshakeAllThreads (Deoptimize) done
Event: 22.738 Executing safepoint VM operation: ParallelGCFailedAllocation (Allocation Failure)
Event: 22.743 Executing safepoint VM operation: ParallelGCFailedAllocation (Allocation Failure) done
Event: 22.889 Executing non-safepoint VM operation: HandshakeAllThreads (Deoptimize)
Event: 22.889 Executing non-safepoint VM operation: HandshakeAllThreads (Deoptimize) done
Event: 23.889 Executing safepoint VM operation: Cleanup
Event: 23.961 Executing safepoint VM operation: Cleanup done
Event: 23.969 Executing safepoint VM operation: ParallelGCFailedAllocation (Allocation Failure)

Memory protections (0 events):
No events

Nmethod flushes (20 events):
Event: 7.469 Thread 0x000001ace07b3f70 flushing  nmethod 0x000001ace4060f90
Event: 7.469 Thread 0x000001ace07b3f70 flushing  nmethod 0x000001ace4062990
Event: 7.469 Thread 0x000001ace07b3f70 flushing  nmethod 0x000001ace4063d10
Event: 7.469 Thread 0x000001ace07b3f70 flushing  nmethod 0x000001ace4064210
Event: 7.469 Thread 0x000001ace07b3f70 flushing  nmethod 0x000001ace4070310
Event: 7.469 Thread 0x000001ace07b3f70 flushing  nmethod 0x000001ace4080210
Event: 7.469 Thread 0x000001ace07b3f70 flushing  nmethod 0x000001ace408e190
Event: 7.469 Thread 0x000001ace07b3f70 flushing  nmethod 0x000001ace40a0010
Event: 7.469 Thread 0x000001ace07b3f70 flushing  nmethod 0x000001ace40a0310
Event: 7.469 Thread 0x000001ace07b3f70 flushing  nmethod 0x000001ace40a8910
Event: 7.469 Thread 0x000001ace07b3f70 flushing  nmethod 0x000001ace40b4c10
Event: 7.469 Thread 0x000001ace07b3f70 flushing  nmethod 0x000001ace40f1790
Event: 7.469 Thread 0x000001ace07b3f70 flushing  nmethod 0x000001ace410bb90
Event: 7.469 Thread 0x000001ace07b3f70 flushing  nmethod 0x000001ace411b590
Event: 7.469 Thread 0x000001ace07b3f70 flushing  nmethod 0x000001ace4142d90
Event: 7.469 Thread 0x000001ace07b3f70 flushing  nmethod 0x000001ace4165190
Event: 7.469 Thread 0x000001ace07b3f70 flushing  nmethod 0x000001ace4165610
Event: 7.469 Thread 0x000001ace07b3f70 flushing  nmethod 0x000001ace416ac10
Event: 7.469 Thread 0x000001ace07b3f70 flushing  nmethod 0x000001ace4180e10
Event: 7.469 Thread 0x000001ace07b3f70 flushing  nmethod 0x000001ace41a5e90

Events (20 events):
Event: 9.719 Thread 0x000001acc12dac20 Thread added: 0x000001acc12d9f00
Event: 9.720 Thread 0x000001acc12dd380 Thread added: 0x000001acc12df450
Event: 9.722 Thread 0x000001acc12d9f00 Thread added: 0x000001acc12de730
Event: 9.723 Thread 0x000001acc12df450 Thread added: 0x000001acc12e0800
Event: 9.732 Thread 0x000001acc12dd380 Thread added: 0x000001acc12de0a0
Event: 9.734 Thread 0x000001acc12de730 Thread added: 0x000001acc12dda10
Event: 9.735 Thread 0x000001acc12dda10 Thread added: 0x000001acc12dedc0
Event: 9.736 Thread 0x000001acc12e0800 Thread added: 0x000001acc12e0170
Event: 9.961 Thread 0x000001acf91808c0 Thread exited: 0x000001acf91808c0
Event: 11.160 Thread 0x000001acf91801f0 Thread added: 0x000001acf917ed80
Event: 14.708 Thread 0x000001acf917ed80 Thread exited: 0x000001acf917ed80
Event: 14.710 Thread 0x000001acf917d910 Thread exited: 0x000001acf917d910
Event: 15.029 Thread 0x000001acf91801f0 Thread added: 0x000001acf917dfe0
Event: 16.542 Thread 0x000001acf917dfe0 Thread exited: 0x000001acf917dfe0
Event: 17.136 Thread 0x000001acf91801f0 Thread added: 0x000001acf91808c0
Event: 17.541 Thread 0x000001acf9115170 Thread added: 0x000001acf917ed80
Event: 19.439 Thread 0x000001acf917ed80 Thread exited: 0x000001acf917ed80
Event: 19.672 Thread 0x000001acf91808c0 Thread exited: 0x000001acf91808c0
Event: 22.470 Thread 0x000001acf91801f0 Thread added: 0x000001acf917ed80
Event: 22.765 Thread 0x000001acf91801f0 Thread added: 0x000001acf917d910


Dynamic libraries:
0x00007ff7e3a00000 - 0x00007ff7e3a0e000 	c:\Users\dhruv\.vscode\extensions\redhat.java-1.53.0-win32-x64\jre\21.0.10-win32-x86_64\bin\java.exe
0x00007ffc9c540000 - 0x00007ffc9c7a7000 	C:\Windows\SYSTEM32\ntdll.dll
0x00007ffc9bbf0000 - 0x00007ffc9bcb9000 	C:\Windows\System32\KERNEL32.DLL
0x00007ffc98ed0000 - 0x00007ffc992c1000 	C:\Windows\System32\KERNELBASE.dll
0x00007ffc99e00000 - 0x00007ffc99f4b000 	C:\Windows\System32\ucrtbase.dll
0x00007ffc8ef60000 - 0x00007ffc8ef78000 	c:\Users\dhruv\.vscode\extensions\redhat.java-1.53.0-win32-x64\jre\21.0.10-win32-x86_64\bin\jli.dll
0x00007ffc9a620000 - 0x00007ffc9a7e5000 	C:\Windows\System32\USER32.dll
0x00007ffc9a2b0000 - 0x00007ffc9a2d7000 	C:\Windows\System32\win32u.dll
0x00007ffc9b230000 - 0x00007ffc9b25b000 	C:\Windows\System32\GDI32.dll
0x00007ffc9a0d0000 - 0x00007ffc9a1fb000 	C:\Windows\System32\gdi32full.dll
0x00007ffc98e20000 - 0x00007ffc98ec3000 	C:\Windows\System32\msvcp_win.dll
0x00007ffc8e9b0000 - 0x00007ffc8e9ce000 	c:\Users\dhruv\.vscode\extensions\redhat.java-1.53.0-win32-x64\jre\21.0.10-win32-x86_64\bin\VCRUNTIME140.dll
0x00007ffc79410000 - 0x00007ffc796a3000 	C:\Windows\WinSxS\amd64_microsoft.windows.common-controls_6595b64144ccf1df_6.0.26100.8037_none_3e092faae333b53b\COMCTL32.dll
0x00007ffc9b490000 - 0x00007ffc9b539000 	C:\Windows\System32\msvcrt.dll
0x00007ffc9c2a0000 - 0x00007ffc9c2d1000 	C:\Windows\System32\IMM32.DLL
0x00007ffc937e0000 - 0x00007ffc937ec000 	c:\Users\dhruv\.vscode\extensions\redhat.java-1.53.0-win32-x64\jre\21.0.10-win32-x86_64\bin\vcruntime140_1.dll
0x00007ffc67140000 - 0x00007ffc671cd000 	c:\Users\dhruv\.vscode\extensions\redhat.java-1.53.0-win32-x64\jre\21.0.10-win32-x86_64\bin\msvcp140.dll
0x00007ffc05650000 - 0x00007ffc063f1000 	c:\Users\dhruv\.vscode\extensions\redhat.java-1.53.0-win32-x64\jre\21.0.10-win32-x86_64\bin\server\jvm.dll
0x00007ffc9a880000 - 0x00007ffc9a93b000 	C:\Windows\System32\ADVAPI32.dll
0x00007ffc9b260000 - 0x00007ffc9b307000 	C:\Windows\System32\sechost.dll
0x00007ffc9a2e0000 - 0x00007ffc9a3f8000 	C:\Windows\System32\RPCRT4.dll
0x00007ffc9a800000 - 0x00007ffc9a874000 	C:\Windows\System32\WS2_32.dll
0x00007ffc90f50000 - 0x00007ffc90f85000 	C:\Windows\SYSTEM32\WINMM.dll
0x00007ffc98ca0000 - 0x00007ffc98cfe000 	C:\Windows\SYSTEM32\POWRPROF.dll
0x00007ffc7c780000 - 0x00007ffc7c78b000 	C:\Windows\SYSTEM32\VERSION.dll
0x00007ffc98c80000 - 0x00007ffc98c94000 	C:\Windows\SYSTEM32\UMPDC.dll
0x00007ffc97b80000 - 0x00007ffc97b9b000 	C:\Windows\SYSTEM32\kernel.appcore.dll
0x00007ffc93620000 - 0x00007ffc9362a000 	c:\Users\dhruv\.vscode\extensions\redhat.java-1.53.0-win32-x64\jre\21.0.10-win32-x86_64\bin\jimage.dll
0x00007ffc96e50000 - 0x00007ffc97092000 	C:\Windows\SYSTEM32\DBGHELP.DLL
0x00007ffc9bd20000 - 0x00007ffc9c0a2000 	C:\Windows\System32\combase.dll
0x00007ffc9b0c0000 - 0x00007ffc9b197000 	C:\Windows\System32\OLEAUT32.dll
0x00007ffc7a2d0000 - 0x00007ffc7a30b000 	C:\Windows\SYSTEM32\dbgcore.DLL
0x00007ffc9a200000 - 0x00007ffc9a2a5000 	C:\Windows\System32\bcryptPrimitives.dll
0x00007ffc93600000 - 0x00007ffc9360f000 	c:\Users\dhruv\.vscode\extensions\redhat.java-1.53.0-win32-x64\jre\21.0.10-win32-x86_64\bin\instrument.dll
0x00007ffc8d560000 - 0x00007ffc8d580000 	c:\Users\dhruv\.vscode\extensions\redhat.java-1.53.0-win32-x64\jre\21.0.10-win32-x86_64\bin\java.dll
0x00007ffc9a950000 - 0x00007ffc9b0af000 	C:\Windows\System32\SHELL32.dll
0x00007ffc99c90000 - 0x00007ffc99dfa000 	C:\Windows\System32\wintypes.dll
0x00007ffc992d0000 - 0x00007ffc99b34000 	C:\Windows\System32\windows.storage.dll
0x00007ffc9a4a0000 - 0x00007ffc9a597000 	C:\Windows\System32\SHCORE.dll
0x00007ffc9c490000 - 0x00007ffc9c4f7000 	C:\Windows\System32\shlwapi.dll
0x00007ffc98d40000 - 0x00007ffc98d69000 	C:\Windows\SYSTEM32\profapi.dll
0x00007ffc838c0000 - 0x00007ffc838d8000 	c:\Users\dhruv\.vscode\extensions\redhat.java-1.53.0-win32-x64\jre\21.0.10-win32-x86_64\bin\zip.dll
0x00007ffc8d1f0000 - 0x00007ffc8d200000 	C:\Users\dhruv\.vscode\extensions\redhat.java-1.53.0-win32-x64\jre\21.0.10-win32-x86_64\bin\net.dll
0x00007ffc8ef80000 - 0x00007ffc8f0a7000 	C:\Windows\SYSTEM32\WINHTTP.dll
0x00007ffc98120000 - 0x00007ffc9818b000 	C:\Windows\system32\mswsock.dll
0x00007ffc7a110000 - 0x00007ffc7a126000 	C:\Users\dhruv\.vscode\extensions\redhat.java-1.53.0-win32-x64\jre\21.0.10-win32-x86_64\bin\nio.dll
0x00007ffc85be0000 - 0x00007ffc85bf0000 	c:\Users\dhruv\.vscode\extensions\redhat.java-1.53.0-win32-x64\jre\21.0.10-win32-x86_64\bin\verify.dll
0x00007ffc69ce0000 - 0x00007ffc69d25000 	C:\Users\dhruv\AppData\Roaming\Code\User\globalStorage\redhat.java\1.53.0\config_win\org.eclipse.equinox.launcher\org.eclipse.equinox.launcher.win32.win32.x86_64_1.3.0.v20260203-2149\eclipse_11919.dll
0x00007ffc9c2e0000 - 0x00007ffc9c475000 	C:\Windows\System32\ole32.dll
0x00007ffc98410000 - 0x00007ffc9842b000 	C:\Windows\SYSTEM32\CRYPTSP.dll
0x00007ffc97ae0000 - 0x00007ffc97b19000 	C:\Windows\system32\rsaenh.dll
0x00007ffc981d0000 - 0x00007ffc98202000 	C:\Windows\SYSTEM32\USERENV.dll
0x00007ffc98d10000 - 0x00007ffc98d3a000 	C:\Windows\SYSTEM32\bcrypt.dll
0x00007ffc98400000 - 0x00007ffc9840c000 	C:\Windows\SYSTEM32\CRYPTBASE.dll
0x00007ffc97560000 - 0x00007ffc97593000 	C:\Windows\SYSTEM32\IPHLPAPI.DLL
0x00007ffc9c480000 - 0x00007ffc9c48a000 	C:\Windows\System32\NSI.dll
0x00007ffc68a30000 - 0x00007ffc68a79000 	C:\Users\dhruv\AppData\Local\Temp\jna-95563663\jna15142739003792039037.dll
0x00007ffc9a940000 - 0x00007ffc9a948000 	C:\Windows\System32\PSAPI.DLL
0x00007ffc90880000 - 0x00007ffc9089d000 	C:\Windows\SYSTEM32\dhcpcsvc6.DLL
0x00007ffc8ff40000 - 0x00007ffc8ff63000 	C:\Windows\SYSTEM32\dhcpcsvc.DLL

JVMTI agents:
c:\Users\dhruv\.vscode\extensions\redhat.java-1.53.0-win32-x64\lombok\lombok-1.18.39-4050.jar path:c:\Users\dhruv\.vscode\extensions\redhat.java-1.53.0-win32-x64\jre\21.0.10-win32-x86_64\bin\instrument.dll, loaded, initialized, instrumentlib options:none

dbghelp: loaded successfully - version: 4.0.5 - missing functions: none
symbol engine: initialized successfully - sym options: 0x614 - pdb path: .;c:\Users\dhruv\.vscode\extensions\redhat.java-1.53.0-win32-x64\jre\21.0.10-win32-x86_64\bin;C:\Windows\SYSTEM32;C:\Windows\WinSxS\amd64_microsoft.windows.common-controls_6595b64144ccf1df_6.0.26100.8037_none_3e092faae333b53b;c:\Users\dhruv\.vscode\extensions\redhat.java-1.53.0-win32-x64\jre\21.0.10-win32-x86_64\bin\server;C:\Users\dhruv\AppData\Roaming\Code\User\globalStorage\redhat.java\1.53.0\config_win\org.eclipse.equinox.launcher\org.eclipse.equinox.launcher.win32.win32.x86_64_1.3.0.v20260203-2149;C:\Users\dhruv\AppData\Local\Temp\jna-95563663

VM Arguments:
jvm_args: --add-modules=ALL-SYSTEM --add-opens=java.base/java.util=ALL-UNNAMED --add-opens=java.base/java.lang=ALL-UNNAMED --add-opens=java.base/sun.nio.fs=ALL-UNNAMED -Declipse.application=org.eclipse.jdt.ls.core.id1 -Dosgi.bundles.defaultStartLevel=4 -Declipse.product=org.eclipse.jdt.ls.core.product -Djava.import.generatesMetadataFilesAtProjectRoot=false -DDetectVMInstallationsJob.disabled=true -Dfile.encoding=utf8 -XX:+UseParallelGC -XX:GCTimeRatio=4 -XX:AdaptiveSizePolicyWeight=90 -Dsun.zip.disableMemoryMapping=true -Xmx2G -Xms100m -Xlog:disable -javaagent:c:\Users\dhruv\.vscode\extensions\redhat.java-1.53.0-win32-x64\lombok\lombok-1.18.39-4050.jar -XX:+HeapDumpOnOutOfMemoryError -XX:HeapDumpPath=c:\Users\dhruv\AppData\Roaming\Code\User\workspaceStorage\7d28d01f3346ece97dc27ea15ebc63fd\redhat.java -Daether.dependencyCollector.impl=bf 
java_command: c:\Users\dhruv\.vscode\extensions\redhat.java-1.53.0-win32-x64\server\plugins\org.eclipse.equinox.launcher_1.7.100.v20251111-0406.jar -configuration c:\Users\dhruv\AppData\Roaming\Code\User\globalStorage\redhat.java\1.53.0\config_win -data c:\Users\dhruv\AppData\Roaming\Code\User\workspaceStorage\7d28d01f3346ece97dc27ea15ebc63fd\redhat.java\jdt_ws --pipe=\\.\pipe\lsp-2401cfb72cb1f477cebcd925db7c095e-sock
java_class_path (initial): c:\Users\dhruv\.vscode\extensions\redhat.java-1.53.0-win32-x64\server\plugins\org.eclipse.equinox.launcher_1.7.100.v20251111-0406.jar
Launcher Type: SUN_STANDARD

[Global flags]
    uintx AdaptiveSizePolicyWeight                 = 90                                        {product} {command line}
     intx CICompilerCount                          = 4                                         {product} {ergonomic}
    uintx GCTimeRatio                              = 4                                         {product} {command line}
     bool HeapDumpOnOutOfMemoryError               = true                                   {manageable} {command line}
    ccstr HeapDumpPath                             = c:\Users\dhruv\AppData\Roaming\Code\User\workspaceStorage\7d28d01f3346ece97dc27ea15ebc63fd\redhat.java         {manageable} {command line}
   size_t InitialHeapSize                          = 104857600                                 {product} {command line}
   size_t MaxHeapSize                              = 2147483648                                {product} {command line}
   size_t MaxNewSize                               = 715653120                                 {product} {ergonomic}
   size_t MinHeapDeltaBytes                        = 524288                                    {product} {ergonomic}
   size_t MinHeapSize                              = 104857600                                 {product} {command line}
   size_t NewSize                                  = 34603008                                  {product} {ergonomic}
    uintx NonNMethodCodeHeapSize                   = 5839372                                {pd product} {ergonomic}
    uintx NonProfiledCodeHeapSize                  = 122909434                              {pd product} {ergonomic}
   size_t OldSize                                  = 70254592                                  {product} {ergonomic}
    uintx ProfiledCodeHeapSize                     = 122909434                              {pd product} {ergonomic}
    uintx ReservedCodeCacheSize                    = 251658240                              {pd product} {ergonomic}
     bool SegmentedCodeCache                       = true                                      {product} {ergonomic}
   size_t SoftMaxHeapSize                          = 2147483648                             {manageable} {ergonomic}
     bool UseCompressedOops                        = true                           {product lp64_product} {ergonomic}
     bool UseLargePagesIndividualAllocation        = false                                  {pd product} {ergonomic}
     bool UseParallelGC                            = true                                      {product} {command line}

Logging:
Log output configuration:
 #0: stdout all=off uptime,level,tags foldmultilines=false
 #1: stderr all=off uptime,level,tags foldmultilines=false

Release file:
JAVA_VERSION="21.0.10" 
MODULES="java.base java.compiler java.datatransfer java.xml java.prefs java.desktop java.instrument java.logging java.management java.security.sasl java.naming java.rmi java.management.rmi java.net.http java.scripting java.security.jgss java.transaction.xa java.sql java.sql.rowset java.xml.crypto java.se java.smartcardio jdk.accessibility jdk.internal.jvmstat jdk.attach jdk.charsets jdk.internal.opt jdk.zipfs jdk.compiler jdk.crypto.ec jdk.crypto.cryptoki jdk.crypto.mscapi jdk.dynalink jdk.internal.ed jdk.editpad jdk.hotspot.agent jdk.httpserver jdk.internal.le jdk.internal.vm.ci jdk.internal.vm.compiler jdk.internal.vm.compiler.management jdk.jartool jdk.javadoc jdk.jcmd jdk.management jdk.management.agent jdk.jconsole jdk.jdeps jdk.jdwp.agent jdk.jdi jdk.jfr jdk.jshell jdk.jsobject jdk.jstatd jdk.localedata jdk.management.jfr jdk.naming.dns jdk.naming.rmi jdk.net jdk.nio.mapmode jdk.random jdk.sctp jdk.security.auth jdk.security.jgss jdk.unsupported jdk.unsupported.desktop jdk.xml.dom" 

Environment Variables:
PATH=C:\Users\dhruv\AppData\Local\Programs\Microsoft VS Code;C:\Program Files\Common Files\Oracle\Java\javapath;C:\Windows\system32;C:\Windows;C:\Windows\System32\Wbem;C:\Windows\System32\WindowsPowerShell\v1.0\;C:\Windows\System32\OpenSSH\;C:\Program Files\nodejs\;C:\Program Files\Git\cmd;C:\Program Files\MongoDB\Server\8.0\bin;C:\Program Files\MySQL\MySQL Server 8.0\bin;C:\Users\dhruv\Downloads\gradle-8.14.3\bin;C:\Program Files\Docker\Docker\resources\bin;C:\Program Files\Apache\MAVEN\bin;C:\Program Files\Apache\MAVEN\apache-maven-3.9.12\bin;C:\Program Files\MySQL\MySQL Shell 8.0\bin\;C:\Users\dhruv\AppData\Local\Microsoft\WindowsApps;C:\Users\dhruv\AppData\Local\Programs\Microsoft VS Code\bin;C:\Users\dhruv\AppData\Roaming\npm;C:\Program Files\JetBrains\IntelliJ IDEA Community Edition 2025.1.4.1\bin;C:\Users\dhruv\AppData\Local\Programs\cursor\resources\app\bin
USERNAME=dhruv
OS=Windows_NT
PROCESSOR_IDENTIFIER=Intel64 Family 6 Model 186 Stepping 2, GenuineIntel
TMP=C:\Users\dhruv\AppData\Local\Temp
TEMP=C:\Users\dhruv\AppData\Local\Temp




Periodic native trim disabled

---------------  S Y S T E M  ---------------

OS:
 Windows 11 , 64 bit Build 26100 (10.0.26100.7920)
OS uptime: 0 days 23:24 hours
Hyper-V role detected

CPU: total 12 (initial active 12) (6 cores per cpu, 2 threads per core) family 6 model 186 stepping 2 microcode 0x6134, cx8, cmov, fxsr, ht, mmx, 3dnowpref, sse, sse2, sse3, ssse3, sse4.1, sse4.2, popcnt, lzcnt, tsc, tscinvbit, avx, avx2, aes, erms, clmul, bmi1, bmi2, adx, sha, fma, vzeroupper, clflush, clflushopt, clwb, hv, serialize, rdtscp, rdpid, fsrm, f16c, cet_ibt, cet_ss
Processor Information for processor 0
  Max Mhz: 2100, Current Mhz: 2100, Mhz Limit: 2100
Processor Information for processor 1
  Max Mhz: 2100, Current Mhz: 2100, Mhz Limit: 2100
Processor Information for processor 2
  Max Mhz: 2100, Current Mhz: 2100, Mhz Limit: 2100
Processor Information for processor 3
  Max Mhz: 2100, Current Mhz: 2100, Mhz Limit: 2100
Processor Information for processor 4
  Max Mhz: 2100, Current Mhz: 2100, Mhz Limit: 2100
Processor Information for processor 5
  Max Mhz: 2100, Current Mhz: 2100, Mhz Limit: 2100
Processor Information for processor 6
  Max Mhz: 2100, Current Mhz: 2100, Mhz Limit: 2100
Processor Information for processor 7
  Max Mhz: 2100, Current Mhz: 2100, Mhz Limit: 2100
Processor Information for processor 8
  Max Mhz: 2100, Current Mhz: 1500, Mhz Limit: 1491
Processor Information for processor 9
  Max Mhz: 2100, Current Mhz: 1500, Mhz Limit: 1491
Processor Information for processor 10
  Max Mhz: 2100, Current Mhz: 1500, Mhz Limit: 1491
Processor Information for processor 11
  Max Mhz: 2100, Current Mhz: 1500, Mhz Limit: 1491

Memory: 4k page, system-wide physical 16076M (3999M free)
TotalPageFile size 46395M (AvailPageFile size 6M)
current process WorkingSet (physical memory assigned to process): 258M, peak: 258M
current process commit charge ("private bytes"): 352M, peak: 356M

vm_info: OpenJDK 64-Bit Server VM (21.0.10+7-LTS) for windows-amd64 JRE (21.0.10+7-LTS), built on 2026-01-20T00:00:00Z by "admin" with MS VC++ 17.12 (VS2022)

END.
