#
# There is insufficient memory for the Java Runtime Environment to continue.
# Native memory allocation (malloc) failed to allocate 2911584 bytes. Error detail: Chunk::new
# Possible reasons:
#   The system is out of physical RAM or swap space
#   This process is running with CompressedOops enabled, and the Java Heap may be blocking the growth of the native heap
# Possible solutions:
#   Reduce memory load on the system
#   Increase physical memory or swap space
#   Check if swap backing store is full
#   Decrease Java heap size (-Xmx/-Xms)
#   Decrease number of Java threads
#   Decrease Java thread stack sizes (-Xss)
#   Set larger code cache with -XX:ReservedCodeCacheSize=
#   JVM is running with Unscaled Compressed Oops mode in which the Java heap is
#     placed in the first 4GB address space. The Java Heap base address is the
#     maximum limit for the native heap growth. Please use -XX:HeapBaseMinAddress
#     to set the Java Heap base and to place the Java Heap above 4GB virtual address.
# This output file may be truncated or incomplete.
#
#  Out of Memory Error (arena.cpp:168), pid=3240, tid=10868
#
# JRE version: OpenJDK Runtime Environment Temurin-21.0.10+7 (21.0.10+7) (build 21.0.10+7-LTS)
# Java VM: OpenJDK 64-Bit Server VM Temurin-21.0.10+7 (21.0.10+7-LTS, mixed mode, sharing, tiered, compressed oops, compressed class ptrs, parallel gc, windows-amd64)
# No core dump will be written. Minidumps are not enabled by default on client versions of Windows
#

---------------  S U M M A R Y ------------

Command Line: --add-modules=ALL-SYSTEM --add-opens=java.base/java.util=ALL-UNNAMED --add-opens=java.base/java.lang=ALL-UNNAMED --add-opens=java.base/sun.nio.fs=ALL-UNNAMED -Declipse.application=org.eclipse.jdt.ls.core.id1 -Dosgi.bundles.defaultStartLevel=4 -Declipse.product=org.eclipse.jdt.ls.core.product -Djava.import.generatesMetadataFilesAtProjectRoot=false -DDetectVMInstallationsJob.disabled=true -Dfile.encoding=utf8 -XX:+UseParallelGC -XX:GCTimeRatio=4 -XX:AdaptiveSizePolicyWeight=90 -Dsun.zip.disableMemoryMapping=true -Xmx2G -Xms100m -Xlog:disable -javaagent:c:\Users\dhruv\.vscode\extensions\redhat.java-1.53.0-win32-x64\lombok\lombok-1.18.39-4050.jar -XX:+HeapDumpOnOutOfMemoryError -XX:HeapDumpPath=c:\Users\dhruv\AppData\Roaming\Code\User\workspaceStorage\7d28d01f3346ece97dc27ea15ebc63fd\redhat.java -Daether.dependencyCollector.impl=bf c:\Users\dhruv\.vscode\extensions\redhat.java-1.53.0-win32-x64\server\plugins\org.eclipse.equinox.launcher_1.7.100.v20251111-0406.jar -configuration c:\Users\dhruv\AppData\Roaming\Code\User\globalStorage\redhat.java\1.53.0\config_win -data c:\Users\dhruv\AppData\Roaming\Code\User\workspaceStorage\7d28d01f3346ece97dc27ea15ebc63fd\redhat.java\jdt_ws --pipe=\\.\pipe\lsp-1f9ed830fffaeba1ff18bfcc7594d4bf-sock

Host: 13th Gen Intel(R) Core(TM) i5-13420H, 12 cores, 15G,  Windows 11 , 64 bit Build 26100 (10.0.26100.7920)
Time: Mon Mar 30 10:48:35 2026 India Standard Time elapsed time: 43.818584 seconds (0d 0h 0m 43s)

---------------  T H R E A D  ---------------

Current thread (0x00000171db789c00):  JavaThread "C2 CompilerThread1" daemon [_thread_in_native, id=10868, stack(0x0000006d8e900000,0x0000006d8ea00000) (1024K)]


Current CompileTask:
C2:43818 10342       4       lombok.eclipse.EclipseAST::buildStatement (57 bytes)

Stack: [0x0000006d8e900000,0x0000006d8ea00000]
Native frames: (J=compiled Java code, j=interpreted, Vv=VM code, C=native code)
V  [jvm.dll+0x6d7a39]
V  [jvm.dll+0x8b4b26]
V  [jvm.dll+0x8b70de]
V  [jvm.dll+0x8b77c3]
V  [jvm.dll+0x284346]
V  [jvm.dll+0xc66ed]
V  [jvm.dll+0xc6c31]
V  [jvm.dll+0x3bec3b]
V  [jvm.dll+0x1e3f69]
V  [jvm.dll+0x24c6b3]
V  [jvm.dll+0x24bb40]
V  [jvm.dll+0x1cb34e]
V  [jvm.dll+0x25b85d]
V  [jvm.dll+0x259dea]
V  [jvm.dll+0x3f857e]
V  [jvm.dll+0x85f59d]
V  [jvm.dll+0x6d626d]
C  [ucrtbase.dll+0x37b0]
C  [KERNEL32.DLL+0x2e8d7]
C  [ntdll.dll+0x8c48c]


---------------  P R O C E S S  ---------------

Threads class SMR info:
_java_thread_list=0x00000171ec5e36d0, length=88, elements={
0x00000171ffed19f0, 0x00000171fff6efd0, 0x00000171fff6fa00, 0x00000171fff7edc0,
0x00000171fff7f820, 0x00000171fff82be0, 0x00000171fff886a0, 0x00000171fff8d3d0,
0x00000171da343630, 0x00000171da51f3e0, 0x00000171da68fa50, 0x00000171db6daba0,
0x00000171db9cf5c0, 0x00000171db57cf10, 0x00000171db57a760, 0x00000171e02ad690,
0x00000171e0389c10, 0x00000171e01b2ad0, 0x00000171db9d2410, 0x00000171db9d1d80,
0x00000171db9d0340, 0x00000171db9d09d0, 0x00000171db9d16f0, 0x00000171e0a2ec00,
0x00000171e0a2b780, 0x00000171e0a2cb30, 0x00000171e0a2d1c0, 0x00000171e0a2d850,
0x00000171e0a2be10, 0x00000171e0a2f290, 0x00000171e0a2f920, 0x00000171e0a2c4a0,
0x00000171e0a32da0, 0x00000171e0a31360, 0x00000171e0a319f0, 0x00000171e0a32080,
0x00000171e0a32710, 0x00000171e0a30640, 0x00000171e0a2ffb0, 0x00000171e0a30cd0,
0x00000171e0abe030, 0x00000171e0abd9a0, 0x00000171e0abcc80, 0x00000171e0abed50,
0x00000171e0ac0100, 0x00000171e0abd310, 0x00000171e0ac14b0, 0x00000171e0ac0790,
0x00000171e0abf3e0, 0x00000171e0ac1b40, 0x00000171e0ac2ef0, 0x00000171e0ac0e20,
0x00000171e0ac21d0, 0x00000171e0ac2860, 0x00000171e0abfa70, 0x00000171e0ac3c10,
0x00000171e0ac3580, 0x00000171e0ac42a0, 0x00000171e15d7a60, 0x00000171e15d80f0,
0x00000171e15d8780, 0x00000171e15d6d40, 0x00000171e15d94a0, 0x00000171e15d73d0,
0x00000171e15d8e10, 0x00000171e15d6020, 0x00000171e15d9b30, 0x00000171e15d66b0,
0x00000171e15dc920, 0x00000171e15dd640, 0x00000171e15dcfb0, 0x00000171e15dbc00,
0x00000171e15da850, 0x00000171e15dc290, 0x00000171e15da1c0, 0x00000171e15daee0,
0x00000171e15db570, 0x00000171e217f5a0, 0x00000171e217ef10, 0x00000171e217d4d0,
0x00000171e217db60, 0x00000171e217e1f0, 0x00000171e217fc30, 0x00000171e217c7b0,
0x00000171e217e880, 0x00000171e21802c0, 0x00000171db789c00, 0x00000171edec9890
}

Java Threads: ( => current thread )
  0x00000171ffed19f0 JavaThread "main"                              [_thread_blocked, id=18668, stack(0x0000006d88d00000,0x0000006d88e00000) (1024K)]
  0x00000171fff6efd0 JavaThread "Reference Handler"          daemon [_thread_blocked, id=20684, stack(0x0000006d89100000,0x0000006d89200000) (1024K)]
  0x00000171fff6fa00 JavaThread "Finalizer"                  daemon [_thread_blocked, id=12168, stack(0x0000006d89200000,0x0000006d89300000) (1024K)]
  0x00000171fff7edc0 JavaThread "Signal Dispatcher"          daemon [_thread_blocked, id=1628, stack(0x0000006d89300000,0x0000006d89400000) (1024K)]
  0x00000171fff7f820 JavaThread "Attach Listener"            daemon [_thread_blocked, id=17868, stack(0x0000006d89400000,0x0000006d89500000) (1024K)]
  0x00000171fff82be0 JavaThread "Service Thread"             daemon [_thread_blocked, id=14124, stack(0x0000006d89500000,0x0000006d89600000) (1024K)]
  0x00000171fff886a0 JavaThread "Monitor Deflation Thread"   daemon [_thread_blocked, id=18652, stack(0x0000006d89600000,0x0000006d89700000) (1024K)]
  0x00000171fff8d3d0 JavaThread "C2 CompilerThread0"         daemon [_thread_in_native, id=17800, stack(0x0000006d89700000,0x0000006d89800000) (1024K)]
  0x00000171da343630 JavaThread "C1 CompilerThread0"         daemon [_thread_blocked, id=24804, stack(0x0000006d89800000,0x0000006d89900000) (1024K)]
  0x00000171da51f3e0 JavaThread "Common-Cleaner"             daemon [_thread_blocked, id=12380, stack(0x0000006d89900000,0x0000006d89a00000) (1024K)]
  0x00000171da68fa50 JavaThread "Notification Thread"        daemon [_thread_blocked, id=16444, stack(0x0000006d89a00000,0x0000006d89b00000) (1024K)]
  0x00000171db6daba0 JavaThread "Active Thread: Equinox Container: 8c3d031a-0742-4fbf-8fc0-93d70a7a4ce3"        [_thread_blocked, id=16080, stack(0x0000006d8a100000,0x0000006d8a200000) (1024K)]
  0x00000171db9cf5c0 JavaThread "Refresh Thread: Equinox Container: 8c3d031a-0742-4fbf-8fc0-93d70a7a4ce3" daemon [_thread_blocked, id=3208, stack(0x0000006d8a300000,0x0000006d8a400000) (1024K)]
  0x00000171db57cf10 JavaThread "Framework Event Dispatcher: Equinox Container: 8c3d031a-0742-4fbf-8fc0-93d70a7a4ce3" daemon [_thread_blocked, id=16728, stack(0x0000006d8a400000,0x0000006d8a500000) (1024K)]
  0x00000171db57a760 JavaThread "Start Level: Equinox Container: 8c3d031a-0742-4fbf-8fc0-93d70a7a4ce3" daemon [_thread_blocked, id=21376, stack(0x0000006d8a500000,0x0000006d8a600000) (1024K)]
  0x00000171e02ad690 JavaThread "Bundle File Closer"         daemon [_thread_blocked, id=3248, stack(0x0000006d8a800000,0x0000006d8a900000) (1024K)]
  0x00000171e0389c10 JavaThread "SCR Component Actor"        daemon [_thread_blocked, id=3496, stack(0x0000006d8a900000,0x0000006d8aa00000) (1024K)]
  0x00000171e01b2ad0 JavaThread "Worker-JM"                         [_thread_blocked, id=7488, stack(0x0000006d8aa00000,0x0000006d8ab00000) (1024K)]
  0x00000171db9d2410 JavaThread "JNA Cleaner"                daemon [_thread_blocked, id=20496, stack(0x0000006d8ab00000,0x0000006d8ac00000) (1024K)]
  0x00000171db9d1d80 JavaThread "Worker-0"                          [_thread_blocked, id=18444, stack(0x0000006d8ac00000,0x0000006d8ad00000) (1024K)]
  0x00000171db9d0340 JavaThread "Worker-1"                          [_thread_blocked, id=9436, stack(0x0000006d8ad00000,0x0000006d8ae00000) (1024K)]
  0x00000171db9d09d0 JavaThread "Worker-2: Building"                [_thread_in_vm, id=9592, stack(0x0000006d8ae00000,0x0000006d8af00000) (1024K)]
  0x00000171db9d16f0 JavaThread "Worker-3"                          [_thread_blocked, id=22768, stack(0x0000006d8af00000,0x0000006d8b000000) (1024K)]
  0x00000171e0a2ec00 JavaThread "Java indexing"              daemon [_thread_blocked, id=15548, stack(0x0000006d8b000000,0x0000006d8b100000) (1024K)]
  0x00000171e0a2b780 JavaThread "Worker-4"                          [_thread_blocked, id=9988, stack(0x0000006d8b300000,0x0000006d8b400000) (1024K)]
  0x00000171e0a2cb30 JavaThread "Worker-5"                          [_thread_blocked, id=20252, stack(0x0000006d8b400000,0x0000006d8b500000) (1024K)]
  0x00000171e0a2d1c0 JavaThread "Thread-1"                   daemon [_thread_in_native, id=16496, stack(0x0000006d8b500000,0x0000006d8b600000) (1024K)]
  0x00000171e0a2d850 JavaThread "Thread-2"                   daemon [_thread_in_native, id=21708, stack(0x0000006d8b600000,0x0000006d8b700000) (1024K)]
  0x00000171e0a2be10 JavaThread "Thread-3"                   daemon [_thread_in_native, id=18540, stack(0x0000006d8b700000,0x0000006d8b800000) (1024K)]
  0x00000171e0a2f290 JavaThread "Thread-4"                   daemon [_thread_in_native, id=14544, stack(0x0000006d8b800000,0x0000006d8b900000) (1024K)]
  0x00000171e0a2f920 JavaThread "Thread-5"                   daemon [_thread_in_native, id=17728, stack(0x0000006d8b900000,0x0000006d8ba00000) (1024K)]
  0x00000171e0a2c4a0 JavaThread "Thread-6"                   daemon [_thread_in_native, id=16120, stack(0x0000006d8ba00000,0x0000006d8bb00000) (1024K)]
  0x00000171e0a32da0 JavaThread "Thread-7"                   daemon [_thread_in_native, id=13956, stack(0x0000006d8bb00000,0x0000006d8bc00000) (1024K)]
  0x00000171e0a31360 JavaThread "Thread-8"                   daemon [_thread_in_native, id=23712, stack(0x0000006d8bc00000,0x0000006d8bd00000) (1024K)]
  0x00000171e0a319f0 JavaThread "Thread-9"                   daemon [_thread_in_native, id=15968, stack(0x0000006d8bd00000,0x0000006d8be00000) (1024K)]
  0x00000171e0a32080 JavaThread "Thread-10"                  daemon [_thread_in_native, id=5972, stack(0x0000006d8be00000,0x0000006d8bf00000) (1024K)]
  0x00000171e0a32710 JavaThread "Thread-11"                  daemon [_thread_in_native, id=7420, stack(0x0000006d8bf00000,0x0000006d8c000000) (1024K)]
  0x00000171e0a30640 JavaThread "Thread-12"                  daemon [_thread_in_native, id=13180, stack(0x0000006d8c000000,0x0000006d8c100000) (1024K)]
  0x00000171e0a2ffb0 JavaThread "Thread-13"                  daemon [_thread_in_native, id=5868, stack(0x0000006d8c100000,0x0000006d8c200000) (1024K)]
  0x00000171e0a30cd0 JavaThread "pool-2-thread-1"                   [_thread_blocked, id=23440, stack(0x0000006d8c200000,0x0000006d8c300000) (1024K)]
  0x00000171e0abe030 JavaThread "WorkspaceEventsHandler"            [_thread_blocked, id=18784, stack(0x0000006d8c300000,0x0000006d8c400000) (1024K)]
  0x00000171e0abd9a0 JavaThread "pool-1-thread-1"                   [_thread_blocked, id=21500, stack(0x0000006d8c400000,0x0000006d8c500000) (1024K)]
  0x00000171e0abcc80 JavaThread "ForkJoinPool.commonPool-worker-1" daemon [_thread_blocked, id=21444, stack(0x0000006d8c500000,0x0000006d8c600000) (1024K)]
  0x00000171e0abed50 JavaThread "ForkJoinPool.commonPool-worker-2" daemon [_thread_blocked, id=17096, stack(0x0000006d8c600000,0x0000006d8c700000) (1024K)]
  0x00000171e0ac0100 JavaThread "ForkJoinPool.commonPool-worker-3" daemon [_thread_blocked, id=19636, stack(0x0000006d8c700000,0x0000006d8c800000) (1024K)]
  0x00000171e0abd310 JavaThread "ForkJoinPool.commonPool-worker-4" daemon [_thread_blocked, id=12900, stack(0x0000006d8c800000,0x0000006d8c900000) (1024K)]
  0x00000171e0ac14b0 JavaThread "ForkJoinPool.commonPool-worker-5" daemon [_thread_blocked, id=18956, stack(0x0000006d8c900000,0x0000006d8ca00000) (1024K)]
  0x00000171e0ac0790 JavaThread "ForkJoinPool.commonPool-worker-6" daemon [_thread_blocked, id=6716, stack(0x0000006d8ca00000,0x0000006d8cb00000) (1024K)]
  0x00000171e0abf3e0 JavaThread "ForkJoinPool.commonPool-worker-7" daemon [_thread_blocked, id=18588, stack(0x0000006d8cb00000,0x0000006d8cc00000) (1024K)]
  0x00000171e0ac1b40 JavaThread "ForkJoinPool.commonPool-worker-8" daemon [_thread_blocked, id=3384, stack(0x0000006d8cc00000,0x0000006d8cd00000) (1024K)]
  0x00000171e0ac2ef0 JavaThread "ForkJoinPool.commonPool-worker-9" daemon [_thread_blocked, id=2928, stack(0x0000006d8cd00000,0x0000006d8ce00000) (1024K)]
  0x00000171e0ac0e20 JavaThread "ForkJoinPool.commonPool-worker-10" daemon [_thread_blocked, id=2812, stack(0x0000006d8ce00000,0x0000006d8cf00000) (1024K)]
  0x00000171e0ac21d0 JavaThread "ForkJoinPool.commonPool-worker-11" daemon [_thread_blocked, id=6684, stack(0x0000006d8cf00000,0x0000006d8d000000) (1024K)]
  0x00000171e0ac2860 JavaThread "LocalFile Deleter"          daemon [_thread_blocked, id=5040, stack(0x0000006d8d000000,0x0000006d8d100000) (1024K)]
  0x00000171e0abfa70 JavaThread "LocalFile Deleter"          daemon [_thread_blocked, id=8528, stack(0x0000006d8d100000,0x0000006d8d200000) (1024K)]
  0x00000171e0ac3c10 JavaThread "LocalFile Deleter"          daemon [_thread_blocked, id=18260, stack(0x0000006d8d200000,0x0000006d8d300000) (1024K)]
  0x00000171e0ac3580 JavaThread "LocalFile Deleter"          daemon [_thread_blocked, id=18552, stack(0x0000006d8d300000,0x0000006d8d400000) (1024K)]
  0x00000171e0ac42a0 JavaThread "LocalFile Deleter"          daemon [_thread_blocked, id=8860, stack(0x0000006d8d400000,0x0000006d8d500000) (1024K)]
  0x00000171e15d7a60 JavaThread "LocalFile Deleter"          daemon [_thread_blocked, id=14388, stack(0x0000006d8d500000,0x0000006d8d600000) (1024K)]
  0x00000171e15d80f0 JavaThread "LocalFile Deleter"          daemon [_thread_blocked, id=10644, stack(0x0000006d8d600000,0x0000006d8d700000) (1024K)]
  0x00000171e15d8780 JavaThread "LocalFile Deleter"          daemon [_thread_blocked, id=23124, stack(0x0000006d8d700000,0x0000006d8d800000) (1024K)]
  0x00000171e15d6d40 JavaThread "LocalFile Deleter"          daemon [_thread_blocked, id=6260, stack(0x0000006d8d800000,0x0000006d8d900000) (1024K)]
  0x00000171e15d94a0 JavaThread "LocalFile Deleter"          daemon [_thread_blocked, id=23032, stack(0x0000006d8d900000,0x0000006d8da00000) (1024K)]
  0x00000171e15d73d0 JavaThread "LocalFile Deleter"          daemon [_thread_blocked, id=16196, stack(0x0000006d8da00000,0x0000006d8db00000) (1024K)]
  0x00000171e15d8e10 JavaThread "LocalFile Deleter"          daemon [_thread_blocked, id=6712, stack(0x0000006d8db00000,0x0000006d8dc00000) (1024K)]
  0x00000171e15d6020 JavaThread "Compiler Source File Reader" daemon [_thread_blocked, id=8836, stack(0x0000006d8dc00000,0x0000006d8dd00000) (1024K)]
  0x00000171e15d9b30 JavaThread "Compiler Source File Reader" daemon [_thread_blocked, id=20868, stack(0x0000006d8dd00000,0x0000006d8de00000) (1024K)]
  0x00000171e15d66b0 JavaThread "Compiler Source File Reader" daemon [_thread_blocked, id=23300, stack(0x0000006d8de00000,0x0000006d8df00000) (1024K)]
  0x00000171e15dc920 JavaThread "Compiler Source File Reader" daemon [_thread_blocked, id=14732, stack(0x0000006d8df00000,0x0000006d8e000000) (1024K)]
  0x00000171e15dd640 JavaThread "Compiler Source File Reader" daemon [_thread_blocked, id=21244, stack(0x0000006d8e000000,0x0000006d8e100000) (1024K)]
  0x00000171e15dcfb0 JavaThread "Compiler Source File Reader" daemon [_thread_blocked, id=19848, stack(0x0000006d8e100000,0x0000006d8e200000) (1024K)]
  0x00000171e15dbc00 JavaThread "Compiler Source File Reader" daemon [_thread_blocked, id=3020, stack(0x0000006d8e200000,0x0000006d8e300000) (1024K)]
  0x00000171e15da850 JavaThread "Compiler Source File Reader" daemon [_thread_blocked, id=17508, stack(0x0000006d8e300000,0x0000006d8e400000) (1024K)]
  0x00000171e15dc290 JavaThread "Compiler Source File Reader" daemon [_thread_blocked, id=19756, stack(0x0000006d8e400000,0x0000006d8e500000) (1024K)]
  0x00000171e15da1c0 JavaThread "Compiler Source File Reader" daemon [_thread_blocked, id=24472, stack(0x0000006d8e500000,0x0000006d8e600000) (1024K)]
  0x00000171e15daee0 JavaThread "Compiler Processing Task"   daemon [_thread_in_vm, id=24088, stack(0x0000006d8e700000,0x0000006d8e800000) (1024K)]
  0x00000171e15db570 JavaThread "Compiler Class File Writer" daemon [_thread_blocked, id=15392, stack(0x0000006d8e600000,0x0000006d8e700000) (1024K)]
  0x00000171e217f5a0 JavaThread "Compiler Class File Writer" daemon [_thread_blocked, id=21868, stack(0x0000006d8e800000,0x0000006d8e900000) (1024K)]
  0x00000171e217ef10 JavaThread "Compiler Class File Writer" daemon [_thread_blocked, id=22204, stack(0x0000006d8ea00000,0x0000006d8eb00000) (1024K)]
  0x00000171e217d4d0 JavaThread "Compiler Class File Writer" daemon [_thread_blocked, id=20988, stack(0x0000006d8eb00000,0x0000006d8ec00000) (1024K)]
  0x00000171e217db60 JavaThread "Compiler Class File Writer" daemon [_thread_blocked, id=25080, stack(0x0000006d8ec00000,0x0000006d8ed00000) (1024K)]
  0x00000171e217e1f0 JavaThread "Compiler Class File Writer" daemon [_thread_blocked, id=6932, stack(0x0000006d8ed00000,0x0000006d8ee00000) (1024K)]
  0x00000171e217fc30 JavaThread "Compiler Class File Writer" daemon [_thread_blocked, id=18384, stack(0x0000006d8ee00000,0x0000006d8ef00000) (1024K)]
  0x00000171e217c7b0 JavaThread "Compiler Class File Writer" daemon [_thread_blocked, id=22796, stack(0x0000006d8ef00000,0x0000006d8f000000) (1024K)]
  0x00000171e217e880 JavaThread "Compiler Class File Writer" daemon [_thread_blocked, id=16212, stack(0x0000006d8f000000,0x0000006d8f100000) (1024K)]
  0x00000171e21802c0 JavaThread "Compiler Class File Writer" daemon [_thread_blocked, id=9312, stack(0x0000006d8f100000,0x0000006d8f200000) (1024K)]
=>0x00000171db789c00 JavaThread "C2 CompilerThread1"         daemon [_thread_in_native, id=10868, stack(0x0000006d8e900000,0x0000006d8ea00000) (1024K)]
  0x00000171edec9890 JavaThread "C2 CompilerThread2"         daemon [_thread_in_vm, id=10236, stack(0x0000006d8f200000,0x0000006d8f300000) (1024K)]
Total: 88

Other Threads:
  0x0000017197de3c90 VMThread "VM Thread"                           [id=19808, stack(0x0000006d89000000,0x0000006d89100000) (1024K)]
  0x0000017197cdca00 WatcherThread "VM Periodic Task Thread"        [id=25208, stack(0x0000006d88f00000,0x0000006d89000000) (1024K)]
  0x00000171ffef0fe0 WorkerThread "GC Thread#0"                     [id=15420, stack(0x0000006d88e00000,0x0000006d88f00000) (1024K)]
  0x00000171db6a5ab0 WorkerThread "GC Thread#1"                     [id=3336, stack(0x0000006d89b00000,0x0000006d89c00000) (1024K)]
  0x00000171db6bc690 WorkerThread "GC Thread#2"                     [id=13864, stack(0x0000006d89c00000,0x0000006d89d00000) (1024K)]
  0x00000171db611740 WorkerThread "GC Thread#3"                     [id=25368, stack(0x0000006d89d00000,0x0000006d89e00000) (1024K)]
  0x00000171db611ef0 WorkerThread "GC Thread#4"                     [id=10352, stack(0x0000006d89e00000,0x0000006d89f00000) (1024K)]
  0x00000171db612a40 WorkerThread "GC Thread#5"                     [id=17276, stack(0x0000006d89f00000,0x0000006d8a000000) (1024K)]
  0x00000171db4b8c60 WorkerThread "GC Thread#6"                     [id=23536, stack(0x0000006d8a000000,0x0000006d8a100000) (1024K)]
  0x00000171db9cdc20 WorkerThread "GC Thread#7"                     [id=23004, stack(0x0000006d8a200000,0x0000006d8a300000) (1024K)]
  0x00000171e00e93f0 WorkerThread "GC Thread#8"                     [id=20144, stack(0x0000006d8a600000,0x0000006d8a700000) (1024K)]
  0x00000171db7888a0 WorkerThread "GC Thread#9"                     [id=24416, stack(0x0000006d8a700000,0x0000006d8a800000) (1024K)]
Total: 12

Threads with active compile tasks:
C2 CompilerThread0  43888 10232       4       org.eclipse.jdt.internal.compiler.lookup.LookupEnvironment::getTypeFromTypeSignature (770 bytes)
C2 CompilerThread1  43889 10342       4       lombok.eclipse.EclipseAST::buildStatement (57 bytes)
C2 CompilerThread2  43889 10496       4       org.eclipse.jdt.internal.compiler.parser.Parser::consumeRule (7843 bytes)
Total: 3

VM state: not at safepoint (normal execution)

VM Mutex/Monitor currently owned by a thread: None

Heap address: 0x0000000080000000, size: 2048 MB, Compressed Oops mode: 32-bit

CDS archive(s) mapped at: [0x0000017198000000-0x0000017198ba0000-0x0000017198ba0000), size 12189696, SharedBaseAddress: 0x0000017198000000, ArchiveRelocationMode: 1.
Compressed class space mapped at: 0x0000017199000000-0x00000171d9000000, reserved size: 1073741824
Narrow klass base: 0x0000017198000000, Narrow klass shift: 0, Narrow klass range: 0x100000000

GC Precious Log:
 CardTable entry size: 512
 CPUs: 12 total, 12 available
 Memory: 16076M
 Large Page Support: Disabled
 NUMA Support: Disabled
 Compressed Oops: Enabled (32-bit)
 Alignments: Space 512K, Generation 512K, Heap 2M
 Heap Min Capacity: 100M
 Heap Initial Capacity: 100M
 Heap Max Capacity: 2G
 Pre-touch: Disabled
 Parallel Workers: 10

Heap:
 PSYoungGen      total 18432K, used 17020K [0x00000000d5580000, 0x00000000d6c00000, 0x0000000100000000)
  eden space 16896K, 91% used [0x00000000d5580000,0x00000000d649f2f8,0x00000000d6600000)
  from space 1536K, 100% used [0x00000000d6a80000,0x00000000d6c00000,0x00000000d6c00000)
  to   space 3072K, 0% used [0x00000000d6600000,0x00000000d6600000,0x00000000d6900000)
 ParOldGen       total 72192K, used 63018K [0x0000000080000000, 0x0000000084680000, 0x00000000d5580000)
  object space 72192K, 87% used [0x0000000080000000,0x0000000083d8aad8,0x0000000084680000)
 Metaspace       used 60257K, committed 61696K, reserved 1114112K
  class space    used 6290K, committed 6912K, reserved 1048576K

Card table byte_map: [0x00000171ff870000,0x00000171ffc80000] _byte_map_base: 0x00000171ff470000

Marking Bits: (ParMarkBitMap*) 0x00007ff9bc5e3450
 Begin Bits: [0x0000017193800000, 0x0000017195800000)
 End Bits:   [0x0000017195800000, 0x0000017197800000)

Polling page: 0x00000171ff070000

Metaspace:

Usage:
  Non-class:     52.70 MB used.
      Class:      6.14 MB used.
       Both:     58.85 MB used.

Virtual space:
  Non-class space:       64.00 MB reserved,      53.50 MB ( 84%) committed,  1 nodes.
      Class space:        1.00 GB reserved,       6.75 MB ( <1%) committed,  1 nodes.
             Both:        1.06 GB reserved,      60.25 MB (  6%) committed. 

Chunk freelists:
   Non-Class:  9.97 MB
       Class:  9.26 MB
        Both:  19.23 MB

MaxMetaspaceSize: unlimited
CompressedClassSpaceSize: 1.00 GB
Initial GC threshold: 21.00 MB
Current GC threshold: 97.31 MB
CDS: on
 - commit_granule_bytes: 65536.
 - commit_granule_words: 8192.
 - virtual_space_node_default_size: 8388608.
 - enlarge_chunks_in_place: 1.
 - use_allocation_guard: 0.


Internal statistics:

num_allocs_failed_limit: 9.
num_arena_births: 1204.
num_arena_deaths: 14.
num_vsnodes_births: 2.
num_vsnodes_deaths: 0.
num_space_committed: 964.
num_space_uncommitted: 0.
num_chunks_returned_to_freelist: 23.
num_chunks_taken_from_freelist: 4214.
num_chunk_merges: 12.
num_chunk_splits: 2485.
num_chunks_enlarged: 1223.
num_inconsistent_stats: 0.

CodeHeap 'non-profiled nmethods': size=120000Kb used=5757Kb max_used=5757Kb free=114242Kb
 bounds [0x000001718c020000, 0x000001718c5c0000, 0x0000017193550000]
CodeHeap 'profiled nmethods': size=120000Kb used=22925Kb max_used=22925Kb free=97074Kb
 bounds [0x0000017184550000, 0x0000017185bc0000, 0x000001718ba80000]
CodeHeap 'non-nmethods': size=5760Kb used=1406Kb max_used=1481Kb free=4353Kb
 bounds [0x000001718ba80000, 0x000001718bcf0000, 0x000001718c020000]
CodeCache: size=245760Kb, used=30088Kb, max_used=30163Kb, free=215669Kb
 total_blobs=10446, nmethods=9730, adapters=621, full_count=0
Compilation: enabled, stopped_count=0, restarted_count=0

Compilation events (20 events):
Event: 40.739 Thread 0x00000171da343630 10485       3       java.util.stream.Stream::concat (73 bytes)
Event: 40.740 Thread 0x00000171da343630 nmethod 10485 0x0000017185b9c190 code [0x0000017185b9c420, 0x0000017185b9d1b8]
Event: 40.741 Thread 0x00000171da343630 10486       3       java.util.HashMap::merge (346 bytes)
Event: 40.743 Thread 0x00000171da343630 nmethod 10486 0x0000017185b9d690 code [0x0000017185b9d9a0, 0x0000017185b9ee50]
Event: 40.757 Thread 0x00000171da343630 10487       3       org.eclipse.jdt.internal.compiler.lookup.Scope::findDefaultAbstractMethod (349 bytes)
Event: 40.762 Thread 0x00000171da343630 nmethod 10487 0x0000017185b9f490 code [0x0000017185b9f8a0, 0x0000017185ba19d8]
Event: 40.762 Thread 0x00000171da343630 10489       3       org.eclipse.jdt.internal.compiler.lookup.MethodScope::checkUnusedParameters (150 bytes)
Event: 40.767 Thread 0x00000171da343630 nmethod 10489 0x0000017185ba2890 code [0x0000017185ba2b00, 0x0000017185ba36e8]
Event: 40.767 Thread 0x00000171da343630 10488       3       org.eclipse.jdt.internal.compiler.flow.ExceptionHandlingFlowContext::complainIfUnusedExceptionHandlers (239 bytes)
Event: 40.769 Thread 0x00000171da343630 nmethod 10488 0x0000017185ba3b90 code [0x0000017185ba3e20, 0x0000017185ba4c08]
Event: 40.770 Thread 0x00000171da343630 10490       3       org.eclipse.jdt.internal.compiler.lookup.ParameterizedTypeBinding::signature (23 bytes)
Event: 40.771 Thread 0x00000171da343630 nmethod 10490 0x0000017185ba5410 code [0x0000017185ba55c0, 0x0000017185ba57f0]
Event: 40.771 Thread 0x00000171da343630 10491       3       org.eclipse.jdt.internal.compiler.ast.StringLiteral::<init> (13 bytes)
Event: 40.772 Thread 0x00000171da343630 nmethod 10491 0x0000017185ba5910 code [0x0000017185ba5ae0, 0x0000017185ba5e68]
Event: 40.773 Thread 0x00000171da343630 10492       3       sun.nio.fs.WindowsChannelFactory::newFileChannel (130 bytes)
Event: 40.773 Thread 0x00000171da343630 nmethod 10492 0x0000017185ba6010 code [0x0000017185ba6220, 0x0000017185ba66f8]
Event: 40.773 Thread 0x00000171da343630 10493   !   3       sun.nio.fs.WindowsNativeDispatcher::CreateFile (83 bytes)
Event: 40.775 Thread 0x00000171da343630 nmethod 10493 0x0000017185ba6890 code [0x0000017185ba6ae0, 0x0000017185ba70a0]
Event: 40.785 Thread 0x00000171da343630 10494       3       org.eclipse.jdt.internal.compiler.parser.Parser::consumeStatementReturn (102 bytes)
Event: 42.807 Thread 0x00000171da343630 nmethod 10494 0x0000017185ba7510 code [0x0000017185ba7720, 0x0000017185ba7c58]

GC Heap History (20 events):
Event: 26.954 GC heap before
{Heap before GC invocations=34 (full 2):
 PSYoungGen      total 18432K, used 18244K [0x00000000d5580000, 0x00000000d7100000, 0x0000000100000000)
  eden space 16896K, 99% used [0x00000000d5580000,0x00000000d65e2b80,0x00000000d6600000)
  from space 1536K, 95% used [0x00000000d6e00000,0x00000000d6f6e848,0x00000000d6f80000)
  to   space 1536K, 0% used [0x00000000d6f80000,0x00000000d6f80000,0x00000000d7100000)
 ParOldGen       total 68608K, used 58724K [0x0000000080000000, 0x0000000084300000, 0x00000000d5580000)
  object space 68608K, 85% used [0x0000000080000000,0x0000000083959218,0x0000000084300000)
 Metaspace       used 52281K, committed 53696K, reserved 1114112K
  class space    used 5635K, committed 6272K, reserved 1048576K
}
Event: 26.957 GC heap after
{Heap after GC invocations=34 (full 2):
 PSYoungGen      total 17920K, used 861K [0x00000000d5580000, 0x00000000d7080000, 0x0000000100000000)
  eden space 16896K, 0% used [0x00000000d5580000,0x00000000d5580000,0x00000000d6600000)
  from space 1024K, 84% used [0x00000000d6f80000,0x00000000d7057458,0x00000000d7080000)
  to   space 1536K, 0% used [0x00000000d6d80000,0x00000000d6d80000,0x00000000d6f00000)
 ParOldGen       total 68608K, used 59376K [0x0000000080000000, 0x0000000084300000, 0x00000000d5580000)
  object space 68608K, 86% used [0x0000000080000000,0x00000000839fc390,0x0000000084300000)
 Metaspace       used 52281K, committed 53696K, reserved 1114112K
  class space    used 5635K, committed 6272K, reserved 1048576K
}
Event: 28.372 GC heap before
{Heap before GC invocations=35 (full 2):
 PSYoungGen      total 17920K, used 17757K [0x00000000d5580000, 0x00000000d7080000, 0x0000000100000000)
  eden space 16896K, 100% used [0x00000000d5580000,0x00000000d6600000,0x00000000d6600000)
  from space 1024K, 84% used [0x00000000d6f80000,0x00000000d7057458,0x00000000d7080000)
  to   space 1536K, 0% used [0x00000000d6d80000,0x00000000d6d80000,0x00000000d6f00000)
 ParOldGen       total 68608K, used 59376K [0x0000000080000000, 0x0000000084300000, 0x00000000d5580000)
  object space 68608K, 86% used [0x0000000080000000,0x00000000839fc390,0x0000000084300000)
 Metaspace       used 53644K, committed 55040K, reserved 1114112K
  class space    used 5786K, committed 6400K, reserved 1048576K
}
Event: 28.373 GC heap after
{Heap after GC invocations=35 (full 2):
 PSYoungGen      total 18432K, used 288K [0x00000000d5580000, 0x00000000d7000000, 0x0000000100000000)
  eden space 16896K, 0% used [0x00000000d5580000,0x00000000d5580000,0x00000000d6600000)
  from space 1536K, 18% used [0x00000000d6d80000,0x00000000d6dc8000,0x00000000d6f00000)
  to   space 1024K, 0% used [0x00000000d6f00000,0x00000000d6f00000,0x00000000d7000000)
 ParOldGen       total 68608K, used 59408K [0x0000000080000000, 0x0000000084300000, 0x00000000d5580000)
  object space 68608K, 86% used [0x0000000080000000,0x0000000083a04390,0x0000000084300000)
 Metaspace       used 53644K, committed 55040K, reserved 1114112K
  class space    used 5786K, committed 6400K, reserved 1048576K
}
Event: 29.869 GC heap before
{Heap before GC invocations=36 (full 2):
 PSYoungGen      total 18432K, used 17184K [0x00000000d5580000, 0x00000000d7000000, 0x0000000100000000)
  eden space 16896K, 100% used [0x00000000d5580000,0x00000000d6600000,0x00000000d6600000)
  from space 1536K, 18% used [0x00000000d6d80000,0x00000000d6dc8000,0x00000000d6f00000)
  to   space 1024K, 0% used [0x00000000d6f00000,0x00000000d6f00000,0x00000000d7000000)
 ParOldGen       total 68608K, used 59408K [0x0000000080000000, 0x0000000084300000, 0x00000000d5580000)
  object space 68608K, 86% used [0x0000000080000000,0x0000000083a04390,0x0000000084300000)
 Metaspace       used 54478K, committed 55872K, reserved 1114112K
  class space    used 5874K, committed 6464K, reserved 1048576K
}
Event: 29.872 GC heap after
{Heap after GC invocations=36 (full 2):
 PSYoungGen      total 17920K, used 544K [0x00000000d5580000, 0x00000000d7000000, 0x0000000100000000)
  eden space 16896K, 0% used [0x00000000d5580000,0x00000000d5580000,0x00000000d6600000)
  from space 1024K, 53% used [0x00000000d6f00000,0x00000000d6f88010,0x00000000d7000000)
  to   space 1024K, 0% used [0x00000000d6e00000,0x00000000d6e00000,0x00000000d6f00000)
 ParOldGen       total 68608K, used 59568K [0x0000000080000000, 0x0000000084300000, 0x00000000d5580000)
  object space 68608K, 86% used [0x0000000080000000,0x0000000083a2c390,0x0000000084300000)
 Metaspace       used 54478K, committed 55872K, reserved 1114112K
  class space    used 5874K, committed 6464K, reserved 1048576K
}
Event: 30.917 GC heap before
{Heap before GC invocations=37 (full 2):
 PSYoungGen      total 17920K, used 17440K [0x00000000d5580000, 0x00000000d7000000, 0x0000000100000000)
  eden space 16896K, 100% used [0x00000000d5580000,0x00000000d6600000,0x00000000d6600000)
  from space 1024K, 53% used [0x00000000d6f00000,0x00000000d6f88010,0x00000000d7000000)
  to   space 1024K, 0% used [0x00000000d6e00000,0x00000000d6e00000,0x00000000d6f00000)
 ParOldGen       total 68608K, used 59568K [0x0000000080000000, 0x0000000084300000, 0x00000000d5580000)
  object space 68608K, 86% used [0x0000000080000000,0x0000000083a2c390,0x0000000084300000)
 Metaspace       used 55074K, committed 56448K, reserved 1114112K
  class space    used 5925K, committed 6528K, reserved 1048576K
}
Event: 30.921 GC heap after
{Heap after GC invocations=37 (full 2):
 PSYoungGen      total 17920K, used 1010K [0x00000000d5580000, 0x00000000d6f80000, 0x0000000100000000)
  eden space 16896K, 0% used [0x00000000d5580000,0x00000000d5580000,0x00000000d6600000)
  from space 1024K, 98% used [0x00000000d6e00000,0x00000000d6efc8e8,0x00000000d6f00000)
  to   space 512K, 0% used [0x00000000d6f00000,0x00000000d6f00000,0x00000000d6f80000)
 ParOldGen       total 68608K, used 62425K [0x0000000080000000, 0x0000000084300000, 0x00000000d5580000)
  object space 68608K, 90% used [0x0000000080000000,0x0000000083cf65a8,0x0000000084300000)
 Metaspace       used 55074K, committed 56448K, reserved 1114112K
  class space    used 5925K, committed 6528K, reserved 1048576K
}
Event: 32.186 GC heap before
{Heap before GC invocations=38 (full 2):
 PSYoungGen      total 17920K, used 17906K [0x00000000d5580000, 0x00000000d6f80000, 0x0000000100000000)
  eden space 16896K, 100% used [0x00000000d5580000,0x00000000d6600000,0x00000000d6600000)
  from space 1024K, 98% used [0x00000000d6e00000,0x00000000d6efc8e8,0x00000000d6f00000)
  to   space 512K, 0% used [0x00000000d6f00000,0x00000000d6f00000,0x00000000d6f80000)
 ParOldGen       total 68608K, used 62425K [0x0000000080000000, 0x0000000084300000, 0x00000000d5580000)
  object space 68608K, 90% used [0x0000000080000000,0x0000000083cf65a8,0x0000000084300000)
 Metaspace       used 56054K, committed 57408K, reserved 1114112K
  class space    used 5973K, committed 6592K, reserved 1048576K
}
Event: 32.198 GC heap after
{Heap after GC invocations=38 (full 2):
 PSYoungGen      total 17408K, used 511K [0x00000000d5580000, 0x00000000d7100000, 0x0000000100000000)
  eden space 16896K, 0% used [0x00000000d5580000,0x00000000d5580000,0x00000000d6600000)
  from space 512K, 99% used [0x00000000d6f00000,0x00000000d6f7ff38,0x00000000d6f80000)
  to   space 5632K, 0% used [0x00000000d6600000,0x00000000d6600000,0x00000000d6b80000)
 ParOldGen       total 68608K, used 67100K [0x0000000080000000, 0x0000000084300000, 0x00000000d5580000)
  object space 68608K, 97% used [0x0000000080000000,0x00000000841871a0,0x0000000084300000)
 Metaspace       used 56054K, committed 57408K, reserved 1114112K
  class space    used 5973K, committed 6592K, reserved 1048576K
}
Event: 34.625 GC heap before
{Heap before GC invocations=39 (full 2):
 PSYoungGen      total 17408K, used 17407K [0x00000000d5580000, 0x00000000d7100000, 0x0000000100000000)
  eden space 16896K, 100% used [0x00000000d5580000,0x00000000d6600000,0x00000000d6600000)
  from space 512K, 99% used [0x00000000d6f00000,0x00000000d6f7ff38,0x00000000d6f80000)
  to   space 5632K, 0% used [0x00000000d6600000,0x00000000d6600000,0x00000000d6b80000)
 ParOldGen       total 68608K, used 67100K [0x0000000080000000, 0x0000000084300000, 0x00000000d5580000)
  object space 68608K, 97% used [0x0000000080000000,0x00000000841871a0,0x0000000084300000)
 Metaspace       used 57072K, committed 58496K, reserved 1114112K
  class space    used 6084K, committed 6720K, reserved 1048576K
}
Event: 34.631 GC heap after
{Heap after GC invocations=39 (full 2):
 PSYoungGen      total 22528K, used 2800K [0x00000000d5580000, 0x00000000d6f80000, 0x0000000100000000)
  eden space 16896K, 0% used [0x00000000d5580000,0x00000000d5580000,0x00000000d6600000)
  from space 5632K, 49% used [0x00000000d6600000,0x00000000d68bc030,0x00000000d6b80000)
  to   space 4096K, 0% used [0x00000000d6b80000,0x00000000d6b80000,0x00000000d6f80000)
 ParOldGen       total 68608K, used 67656K [0x0000000080000000, 0x0000000084300000, 0x00000000d5580000)
  object space 68608K, 98% used [0x0000000080000000,0x00000000842120a0,0x0000000084300000)
 Metaspace       used 57072K, committed 58496K, reserved 1114112K
  class space    used 6084K, committed 6720K, reserved 1048576K
}
Event: 36.262 GC heap before
{Heap before GC invocations=40 (full 2):
 PSYoungGen      total 22528K, used 19696K [0x00000000d5580000, 0x00000000d6f80000, 0x0000000100000000)
  eden space 16896K, 100% used [0x00000000d5580000,0x00000000d6600000,0x00000000d6600000)
  from space 5632K, 49% used [0x00000000d6600000,0x00000000d68bc030,0x00000000d6b80000)
  to   space 4096K, 0% used [0x00000000d6b80000,0x00000000d6b80000,0x00000000d6f80000)
 ParOldGen       total 68608K, used 67656K [0x0000000080000000, 0x0000000084300000, 0x00000000d5580000)
  object space 68608K, 98% used [0x0000000080000000,0x00000000842120a0,0x0000000084300000)
 Metaspace       used 57809K, committed 59136K, reserved 1114112K
  class space    used 6124K, committed 6720K, reserved 1048576K
}
Event: 36.271 GC heap after
{Heap after GC invocations=40 (full 2):
 PSYoungGen      total 18944K, used 1920K [0x00000000d5580000, 0x00000000d6d80000, 0x0000000100000000)
  eden space 16896K, 0% used [0x00000000d5580000,0x00000000d5580000,0x00000000d6600000)
  from space 2048K, 93% used [0x00000000d6b80000,0x00000000d6d60010,0x00000000d6d80000)
  to   space 2560K, 0% used [0x00000000d6880000,0x00000000d6880000,0x00000000d6b00000)
 ParOldGen       total 70656K, used 70248K [0x0000000080000000, 0x0000000084500000, 0x00000000d5580000)
  object space 70656K, 99% used [0x0000000080000000,0x000000008449a198,0x0000000084500000)
 Metaspace       used 57809K, committed 59136K, reserved 1114112K
  class space    used 6124K, committed 6720K, reserved 1048576K
}
Event: 36.643 GC heap before
{Heap before GC invocations=41 (full 2):
 PSYoungGen      total 18944K, used 7010K [0x00000000d5580000, 0x00000000d6d80000, 0x0000000100000000)
  eden space 16896K, 30% used [0x00000000d5580000,0x00000000d5a78be0,0x00000000d6600000)
  from space 2048K, 93% used [0x00000000d6b80000,0x00000000d6d60010,0x00000000d6d80000)
  to   space 2560K, 0% used [0x00000000d6880000,0x00000000d6880000,0x00000000d6b00000)
 ParOldGen       total 70656K, used 70248K [0x0000000080000000, 0x0000000084500000, 0x00000000d5580000)
  object space 70656K, 99% used [0x0000000080000000,0x000000008449a198,0x0000000084500000)
 Metaspace       used 58385K, committed 59776K, reserved 1114112K
  class space    used 6198K, committed 6784K, reserved 1048576K
}
Event: 36.651 GC heap after
{Heap after GC invocations=41 (full 2):
 PSYoungGen      total 17920K, used 672K [0x00000000d5580000, 0x00000000d6c00000, 0x0000000100000000)
  eden space 16896K, 0% used [0x00000000d5580000,0x00000000d5580000,0x00000000d6600000)
  from space 1024K, 65% used [0x00000000d6880000,0x00000000d6928020,0x00000000d6980000)
  to   space 1536K, 0% used [0x00000000d6a80000,0x00000000d6a80000,0x00000000d6c00000)
 ParOldGen       total 72192K, used 71849K [0x0000000080000000, 0x0000000084680000, 0x00000000d5580000)
  object space 72192K, 99% used [0x0000000080000000,0x000000008462a4f0,0x0000000084680000)
 Metaspace       used 58385K, committed 59776K, reserved 1114112K
  class space    used 6198K, committed 6784K, reserved 1048576K
}
Event: 36.651 GC heap before
{Heap before GC invocations=42 (full 3):
 PSYoungGen      total 17920K, used 672K [0x00000000d5580000, 0x00000000d6c00000, 0x0000000100000000)
  eden space 16896K, 0% used [0x00000000d5580000,0x00000000d5580000,0x00000000d6600000)
  from space 1024K, 65% used [0x00000000d6880000,0x00000000d6928020,0x00000000d6980000)
  to   space 1536K, 0% used [0x00000000d6a80000,0x00000000d6a80000,0x00000000d6c00000)
 ParOldGen       total 72192K, used 71849K [0x0000000080000000, 0x0000000084680000, 0x00000000d5580000)
  object space 72192K, 99% used [0x0000000080000000,0x000000008462a4f0,0x0000000084680000)
 Metaspace       used 58385K, committed 59776K, reserved 1114112K
  class space    used 6198K, committed 6784K, reserved 1048576K
}
Event: 36.879 GC heap after
{Heap after GC invocations=42 (full 3):
 PSYoungGen      total 17920K, used 0K [0x00000000d5580000, 0x00000000d6c00000, 0x0000000100000000)
  eden space 16896K, 0% used [0x00000000d5580000,0x00000000d5580000,0x00000000d6600000)
  from space 1024K, 0% used [0x00000000d6880000,0x00000000d6880000,0x00000000d6980000)
  to   space 1536K, 0% used [0x00000000d6a80000,0x00000000d6a80000,0x00000000d6c00000)
 ParOldGen       total 72192K, used 62156K [0x0000000080000000, 0x0000000084680000, 0x00000000d5580000)
  object space 72192K, 86% used [0x0000000080000000,0x0000000083cb31b8,0x0000000084680000)
 Metaspace       used 58385K, committed 59776K, reserved 1114112K
  class space    used 6198K, committed 6784K, reserved 1048576K
}
Event: 39.003 GC heap before
{Heap before GC invocations=43 (full 3):
 PSYoungGen      total 17920K, used 16896K [0x00000000d5580000, 0x00000000d6c00000, 0x0000000100000000)
  eden space 16896K, 100% used [0x00000000d5580000,0x00000000d6600000,0x00000000d6600000)
  from space 1024K, 0% used [0x00000000d6880000,0x00000000d6880000,0x00000000d6980000)
  to   space 1536K, 0% used [0x00000000d6a80000,0x00000000d6a80000,0x00000000d6c00000)
 ParOldGen       total 72192K, used 62156K [0x0000000080000000, 0x0000000084680000, 0x00000000d5580000)
  object space 72192K, 86% used [0x0000000080000000,0x0000000083cb31b8,0x0000000084680000)
 Metaspace       used 59589K, committed 61056K, reserved 1114112K
  class space    used 6263K, committed 6912K, reserved 1048576K
}
Event: 39.010 GC heap after
{Heap after GC invocations=43 (full 3):
 PSYoungGen      total 18432K, used 1536K [0x00000000d5580000, 0x00000000d6c00000, 0x0000000100000000)
  eden space 16896K, 0% used [0x00000000d5580000,0x00000000d5580000,0x00000000d6600000)
  from space 1536K, 100% used [0x00000000d6a80000,0x00000000d6c00000,0x00000000d6c00000)
  to   space 3072K, 0% used [0x00000000d6600000,0x00000000d6600000,0x00000000d6900000)
 ParOldGen       total 72192K, used 63018K [0x0000000080000000, 0x0000000084680000, 0x00000000d5580000)
  object space 72192K, 87% used [0x0000000080000000,0x0000000083d8aad8,0x0000000084680000)
 Metaspace       used 59589K, committed 61056K, reserved 1114112K
  class space    used 6263K, committed 6912K, reserved 1048576K
}

Dll operation events (10 events):
Event: 0.024 Loaded shared library c:\Users\dhruv\.vscode\extensions\redhat.java-1.53.0-win32-x64\jre\21.0.10-win32-x86_64\bin\java.dll
Event: 0.179 Loaded shared library c:\Users\dhruv\.vscode\extensions\redhat.java-1.53.0-win32-x64\jre\21.0.10-win32-x86_64\bin\zip.dll
Event: 0.226 Loaded shared library C:\Users\dhruv\.vscode\extensions\redhat.java-1.53.0-win32-x64\jre\21.0.10-win32-x86_64\bin\instrument.dll
Event: 0.236 Loaded shared library C:\Users\dhruv\.vscode\extensions\redhat.java-1.53.0-win32-x64\jre\21.0.10-win32-x86_64\bin\net.dll
Event: 0.242 Loaded shared library C:\Users\dhruv\.vscode\extensions\redhat.java-1.53.0-win32-x64\jre\21.0.10-win32-x86_64\bin\nio.dll
Event: 0.248 Loaded shared library C:\Users\dhruv\.vscode\extensions\redhat.java-1.53.0-win32-x64\jre\21.0.10-win32-x86_64\bin\zip.dll
Event: 0.286 Loaded shared library C:\Users\dhruv\.vscode\extensions\redhat.java-1.53.0-win32-x64\jre\21.0.10-win32-x86_64\bin\jimage.dll
Event: 0.443 Loaded shared library c:\Users\dhruv\.vscode\extensions\redhat.java-1.53.0-win32-x64\jre\21.0.10-win32-x86_64\bin\verify.dll
Event: 1.975 Loaded shared library C:\Users\dhruv\AppData\Roaming\Code\User\globalStorage\redhat.java\1.53.0\config_win\org.eclipse.equinox.launcher\org.eclipse.equinox.launcher.win32.win32.x86_64_1.3.0.v20260203-2149\eclipse_11919.dll
Event: 6.438 Loaded shared library C:\Users\dhruv\AppData\Local\Temp\jna-95563663\jna4546157593000801618.dll

Deoptimization events (20 events):
Event: 39.138 Thread 0x00000171e15daee0 DEOPT UNPACKING pc=0x000001718bad3aa2 sp=0x0000006d8e7fe9f0 mode 2
Event: 39.515 Thread 0x00000171e15daee0 DEOPT PACKING pc=0x000001718522c619 sp=0x0000006d8e7fe970
Event: 39.515 Thread 0x00000171e15daee0 DEOPT UNPACKING pc=0x000001718bad4242 sp=0x0000006d8e7fde08 mode 0
Event: 39.574 Thread 0x00000171e15daee0 Uncommon trap: trap_request=0xffffff45 fr.pc=0x000001718c17c134 relative=0x00000000000007f4
Event: 39.574 Thread 0x00000171e15daee0 Uncommon trap: reason=unstable_if action=reinterpret pc=0x000001718c17c134 method=org.eclipse.jdt.internal.compiler.parser.Parser.consumeToken(Lorg/eclipse/jdt/internal/compiler/parser/TerminalToken;)V @ 1485 c2
Event: 39.574 Thread 0x00000171e15daee0 DEOPT PACKING pc=0x000001718c17c134 sp=0x0000006d8e7fd8e0
Event: 39.574 Thread 0x00000171e15daee0 DEOPT UNPACKING pc=0x000001718bad3aa2 sp=0x0000006d8e7fd878 mode 2
Event: 39.610 Thread 0x00000171e15daee0 Uncommon trap: trap_request=0xffffff45 fr.pc=0x000001718c48e030 relative=0x0000000000000cf0
Event: 39.610 Thread 0x00000171e15daee0 Uncommon trap: reason=unstable_if action=reinterpret pc=0x000001718c48e030 method=org.eclipse.jdt.internal.compiler.util.CharDeduplication.sharedCopyOfRange([CII)[C @ 147 c2
Event: 39.610 Thread 0x00000171e15daee0 DEOPT PACKING pc=0x000001718c48e030 sp=0x0000006d8e7fe8b0
Event: 39.610 Thread 0x00000171e15daee0 DEOPT UNPACKING pc=0x000001718bad3aa2 sp=0x0000006d8e7fe790 mode 2
Event: 40.924 Thread 0x00000171e15db570 Uncommon trap: trap_request=0xffffff45 fr.pc=0x000001718c20fbc8 relative=0x0000000000000868
Event: 42.792 Thread 0x00000171e15db570 Uncommon trap: reason=unstable_if action=reinterpret pc=0x000001718c20fbc8 method=java.util.concurrent.ConcurrentHashMap.addCount(JI)V @ 34 c2
Event: 42.792 Thread 0x00000171e15daee0 DEOPT PACKING pc=0x00000171856bd487 sp=0x0000006d8e7fe970
Event: 42.792 Thread 0x00000171e15daee0 DEOPT UNPACKING pc=0x000001718bad4242 sp=0x0000006d8e7fdda8 mode 0
Event: 42.807 Thread 0x00000171e15db570 DEOPT PACKING pc=0x000001718c20fbc8 sp=0x0000006d8e6fee10
Event: 42.900 Thread 0x00000171e15daee0 Uncommon trap: trap_request=0xffffff45 fr.pc=0x000001718c571514 relative=0x0000000000000c94
Event: 42.900 Thread 0x00000171e15daee0 Uncommon trap: reason=unstable_if action=reinterpret pc=0x000001718c571514 method=org.eclipse.jdt.internal.compiler.codegen.ConstantPool.literalIndex([C)I @ 119 c2
Event: 42.900 Thread 0x00000171e15daee0 DEOPT PACKING pc=0x000001718c571514 sp=0x0000006d8e7fe5b0
Event: 42.900 Thread 0x00000171e15daee0 DEOPT UNPACKING pc=0x000001718bad3aa2 sp=0x0000006d8e7fe550 mode 2

Classes loaded (20 events):
Event: 33.192 Loading class java/util/stream/Nodes$IntArrayNode done
Event: 33.193 Loading class java/util/stream/Nodes$IntFixedNodeBuilder done
Event: 33.193 Loading class java/util/stream/ReferencePipeline$4$1
Event: 33.193 Loading class java/util/stream/ReferencePipeline$4$1 done
Event: 34.052 Loading class java/util/stream/ReduceOps$4
Event: 34.052 Loading class java/util/stream/ReduceOps$4 done
Event: 34.052 Loading class java/util/stream/ReduceOps$4ReducingSink
Event: 34.052 Loading class java/util/stream/ReduceOps$4ReducingSink done
Event: 34.074 Loading class java/nio/file/Files$2
Event: 34.075 Loading class java/nio/file/Files$2 done
Event: 36.285 Loading class jdk/internal/module/IllegalAccessLogger
Event: 36.285 Loading class jdk/internal/module/IllegalAccessLogger done
Event: 36.314 Loading class java/util/concurrent/ArrayBlockingQueue
Event: 36.316 Loading class java/util/concurrent/ArrayBlockingQueue done
Event: 36.591 Loading class java/util/Hashtable$ValueCollection
Event: 36.591 Loading class java/util/Hashtable$ValueCollection done
Event: 36.635 Loading class java/util/concurrent/ConcurrentHashMap$KeySpliterator
Event: 36.636 Loading class java/util/concurrent/ConcurrentHashMap$KeySpliterator done
Event: 36.903 Loading class sun/nio/ch/ChannelOutputStream
Event: 36.903 Loading class sun/nio/ch/ChannelOutputStream done

Classes unloaded (7 events):
Event: 8.419 Thread 0x0000017197de3c90 Unloading class 0x00000171991acc00 'java/lang/invoke/LambdaForm$MH+0x00000171991acc00'
Event: 8.419 Thread 0x0000017197de3c90 Unloading class 0x00000171991ac800 'java/lang/invoke/LambdaForm$MH+0x00000171991ac800'
Event: 8.419 Thread 0x0000017197de3c90 Unloading class 0x00000171991ac400 'java/lang/invoke/LambdaForm$MH+0x00000171991ac400'
Event: 8.419 Thread 0x0000017197de3c90 Unloading class 0x00000171991ac000 'java/lang/invoke/LambdaForm$MH+0x00000171991ac000'
Event: 8.419 Thread 0x0000017197de3c90 Unloading class 0x00000171991abc00 'java/lang/invoke/LambdaForm$BMH+0x00000171991abc00'
Event: 8.419 Thread 0x0000017197de3c90 Unloading class 0x00000171991ab800 'java/lang/invoke/LambdaForm$DMH+0x00000171991ab800'
Event: 8.419 Thread 0x0000017197de3c90 Unloading class 0x00000171991aa400 'java/lang/invoke/LambdaForm$DMH+0x00000171991aa400'

Classes redefined (0 events):
No events

Internal exceptions (20 events):
Event: 24.610 Thread 0x00000171e15d80f0 Exception <a 'sun/nio/fs/WindowsException'{0x00000000d60b8608}> (0x00000000d60b8608) 
thrown [s\src\hotspot\share\prims\jni.cpp, line 520]
Event: 24.610 Thread 0x00000171e15d8e10 Exception <a 'sun/nio/fs/WindowsException'{0x00000000d6112ec8}> (0x00000000d6112ec8) 
thrown [s\src\hotspot\share\prims\jni.cpp, line 520]
Event: 24.616 Thread 0x00000171e15d8780 Exception <a 'sun/nio/fs/WindowsException'{0x00000000d60dfb40}> (0x00000000d60dfb40) 
thrown [s\src\hotspot\share\prims\jni.cpp, line 520]
Event: 24.824 Thread 0x00000171db9d09d0 Exception <a 'sun/nio/fs/WindowsException'{0x00000000d6200390}> (0x00000000d6200390) 
thrown [s\src\hotspot\share\prims\jni.cpp, line 520]
Event: 24.824 Thread 0x00000171db9d09d0 Exception <a 'sun/nio/fs/WindowsException'{0x00000000d6200c70}> (0x00000000d6200c70) 
thrown [s\src\hotspot\share\prims\jni.cpp, line 520]
Event: 24.855 Thread 0x00000171db9d09d0 Exception <a 'java/io/FileNotFoundException'{0x00000000d6233168}> (0x00000000d6233168) 
thrown [s\src\hotspot\share\prims\jni.cpp, line 520]
Event: 24.855 Thread 0x00000171db9d09d0 Exception <a 'java/io/FileNotFoundException'{0x00000000d6234418}> (0x00000000d6234418) 
thrown [s\src\hotspot\share\prims\jni.cpp, line 520]
Event: 24.856 Thread 0x00000171db9d09d0 Exception <a 'java/io/FileNotFoundException'{0x00000000d6235420}> (0x00000000d6235420) 
thrown [s\src\hotspot\share\prims\jni.cpp, line 520]
Event: 32.401 Thread 0x00000171db9d09d0 Exception <a 'java/lang/NoSuchMethodError'{0x00000000d56587e0}: 'void java.lang.invoke.DelegatingMethodHandle$Holder.reinvoke_L(java.lang.Object, java.lang.Object, java.lang.Object, int, java.lang.Object, int, int)'> (0x00000000d56587e0) 
thrown [s\src\hotspot\share\interpreter\linkResolver.cpp, line 773]
Event: 33.005 Thread 0x00000171db9d09d0 Exception <a 'java/lang/NoSuchMethodError'{0x00000000d5c8a708}: 'java.lang.Object java.lang.invoke.DirectMethodHandle$Holder.invokeStatic(java.lang.Object, java.lang.Object, int, int)'> (0x00000000d5c8a708) 
thrown [s\src\hotspot\share\interpreter\linkResolver.cpp, line 773]
Event: 33.006 Thread 0x00000171db9d09d0 Exception <a 'java/lang/NoSuchMethodError'{0x00000000d5c8ea18}: 'java.lang.Object java.lang.invoke.DirectMethodHandle$Holder.invokeSpecial(java.lang.Object, java.lang.Object, java.lang.Object, int, int)'> (0x00000000d5c8ea18) 
thrown [s\src\hotspot\share\interpreter\linkResolver.cpp, line 773]
Event: 34.090 Thread 0x00000171db9d09d0 Exception <a 'java/lang/NoSuchMethodError'{0x00000000d6286a70}: 'int java.lang.invoke.DirectMethodHandle$Holder.invokeSpecialIFC(java.lang.Object, java.lang.Object, java.lang.Object)'> (0x00000000d6286a70) 
thrown [s\src\hotspot\share\interpreter\linkResolver.cpp, line 773]
Event: 35.216 Thread 0x00000171db9d09d0 Implicit null exception at 0x000001718c42b5cb to 0x000001718c42b72c
Event: 36.494 Thread 0x00000171e15daee0 Implicit null exception at 0x000001718c4336ce to 0x000001718c433c68
Event: 36.532 Thread 0x00000171e15daee0 Exception <a 'java/lang/NoSuchMethodError'{0x00000000d5904968}: 'void java.lang.invoke.DirectMethodHandle$Holder.invokeStatic(java.lang.Object, int, java.lang.Object)'> (0x00000000d5904968) 
thrown [s\src\hotspot\share\interpreter\linkResolver.cpp, line 773]
Event: 36.641 Thread 0x00000171db9d09d0 Exception <a 'java/lang/NoSuchMethodError'{0x00000000d5a04ca8}: 'java.lang.Object java.lang.invoke.DirectMethodHandle$Holder.newInvokeSpecial(java.lang.Object, java.lang.Object, int, int, java.lang.Object)'> (0x00000000d5a04ca8) 
thrown [s\src\hotspot\share\interpreter\linkResolver.cpp, line 773]
Event: 37.233 Thread 0x00000171e15daee0 Implicit null exception at 0x000001718c490b47 to 0x000001718c491200
Event: 37.410 Thread 0x00000171e15daee0 Exception <a 'java/lang/NoSuchMethodError'{0x00000000d5a0da28}: 'java.lang.Object java.lang.invoke.DirectMethodHandle$Holder.invokeStatic(java.lang.Object, java.lang.Object, int, java.lang.Object, java.lang.Object)'> (0x00000000d5a0da28) 
thrown [s\src\hotspot\share\interpreter\linkResolver.cpp, line 773]
Event: 37.518 Thread 0x00000171e15daee0 Exception <a 'java/lang/NoSuchMethodError'{0x00000000d5ce9380}: 'java.lang.Object java.lang.invoke.DirectMethodHandle$Holder.invokeStatic(java.lang.Object, java.lang.Object, int, java.lang.Object)'> (0x00000000d5ce9380) 
thrown [s\src\hotspot\share\interpreter\linkResolver.cpp, line 773]
Event: 37.519 Thread 0x00000171e15daee0 Exception <a 'java/lang/NoSuchMethodError'{0x00000000d5cf00c8}: 'java.lang.Object java.lang.invoke.DirectMethodHandle$Holder.newInvokeSpecial(java.lang.Object, java.lang.Object, int)'> (0x00000000d5cf00c8) 
thrown [s\src\hotspot\share\interpreter\linkResolver.cpp, line 773]

ZGC Phase Switch (0 events):
No events

VM Operations (20 events):
Event: 36.974 Executing non-safepoint VM operation: HandshakeAllThreads (Deoptimize)
Event: 36.975 Executing non-safepoint VM operation: HandshakeAllThreads (Deoptimize) done
Event: 37.510 Executing non-safepoint VM operation: HandshakeAllThreads (Deoptimize)
Event: 37.510 Executing non-safepoint VM operation: HandshakeAllThreads (Deoptimize) done
Event: 37.954 Executing non-safepoint VM operation: HandshakeAllThreads (Deoptimize)
Event: 37.954 Executing non-safepoint VM operation: HandshakeAllThreads (Deoptimize) done
Event: 37.954 Executing safepoint VM operation: Cleanup
Event: 37.954 Executing safepoint VM operation: Cleanup done
Event: 38.438 Executing non-safepoint VM operation: HandshakeAllThreads (Deoptimize)
Event: 38.438 Executing non-safepoint VM operation: HandshakeAllThreads (Deoptimize) done
Event: 38.726 Executing safepoint VM operation: ICBufferFull
Event: 38.726 Executing safepoint VM operation: ICBufferFull done
Event: 39.003 Executing safepoint VM operation: ParallelGCFailedAllocation (Allocation Failure)
Event: 39.010 Executing safepoint VM operation: ParallelGCFailedAllocation (Allocation Failure) done
Event: 39.110 Executing non-safepoint VM operation: HandshakeAllThreads (Deoptimize)
Event: 39.111 Executing non-safepoint VM operation: HandshakeAllThreads (Deoptimize) done
Event: 40.115 Executing safepoint VM operation: Cleanup
Event: 40.131 Executing safepoint VM operation: Cleanup done
Event: 41.142 Executing safepoint VM operation: Cleanup
Event: 42.807 Executing safepoint VM operation: Cleanup done

Memory protections (0 events):
No events

Nmethod flushes (20 events):
Event: 36.744 Thread 0x0000017197de3c90 flushing  nmethod 0x0000017184f37490
Event: 36.744 Thread 0x0000017197de3c90 flushing  nmethod 0x0000017184f37d10
Event: 36.744 Thread 0x0000017197de3c90 flushing  nmethod 0x0000017184f44010
Event: 36.744 Thread 0x0000017197de3c90 flushing  nmethod 0x0000017184f61d10
Event: 36.744 Thread 0x0000017197de3c90 flushing  nmethod 0x0000017184f69210
Event: 36.744 Thread 0x0000017197de3c90 flushing  nmethod 0x0000017184f84d10
Event: 36.744 Thread 0x0000017197de3c90 flushing  nmethod 0x0000017184f94710
Event: 36.744 Thread 0x0000017197de3c90 flushing  nmethod 0x0000017184f96b90
Event: 36.744 Thread 0x0000017197de3c90 flushing  nmethod 0x0000017184f99790
Event: 36.744 Thread 0x0000017197de3c90 flushing  nmethod 0x0000017184f9c990
Event: 36.744 Thread 0x0000017197de3c90 flushing  nmethod 0x0000017184f9ce90
Event: 36.744 Thread 0x0000017197de3c90 flushing  nmethod 0x0000017184f9d210
Event: 36.744 Thread 0x0000017197de3c90 flushing  nmethod 0x0000017184fa0d10
Event: 36.744 Thread 0x0000017197de3c90 flushing  nmethod 0x0000017184fe3390
Event: 36.744 Thread 0x0000017197de3c90 flushing  nmethod 0x0000017184fe4990
Event: 36.744 Thread 0x0000017197de3c90 flushing  nmethod 0x000001718501ab10
Event: 36.744 Thread 0x0000017197de3c90 flushing  nmethod 0x000001718501ba10
Event: 36.744 Thread 0x0000017197de3c90 flushing  nmethod 0x000001718501bd90
Event: 36.744 Thread 0x0000017197de3c90 flushing  nmethod 0x000001718501c210
Event: 36.744 Thread 0x0000017197de3c90 flushing  nmethod 0x0000017185024210

Events (20 events):
Event: 31.666 Thread 0x00000171da3c01d0 Thread exited: 0x00000171da3c01d0
Event: 32.118 Thread 0x00000171da343630 Thread added: 0x00000171e2e1beb0
Event: 34.302 Thread 0x00000171e2e1beb0 Thread exited: 0x00000171e2e1beb0
Event: 34.710 Thread 0x00000171e31886b0 Thread exited: 0x00000171e31886b0
Event: 35.288 Thread 0x00000171da343630 Thread added: 0x00000171e161c7f0
Event: 36.317 Thread 0x00000171db9d09d0 Thread added: 0x00000171e15daee0
Event: 36.587 Thread 0x00000171e161c7f0 Thread exited: 0x00000171e161c7f0
Event: 36.883 Thread 0x00000171db9d09d0 Thread added: 0x00000171e15db570
Event: 36.940 Thread 0x00000171db9d09d0 Thread added: 0x00000171e217f5a0
Event: 37.059 Thread 0x00000171da343630 Thread added: 0x00000171ec5c2730
Event: 37.142 Thread 0x00000171db9d09d0 Thread added: 0x00000171e217ef10
Event: 37.194 Thread 0x00000171db9d09d0 Thread added: 0x00000171e217d4d0
Event: 37.570 Thread 0x00000171db9d09d0 Thread added: 0x00000171e217db60
Event: 37.570 Thread 0x00000171db9d09d0 Thread added: 0x00000171e217e1f0
Event: 37.614 Thread 0x00000171db9d09d0 Thread added: 0x00000171e217fc30
Event: 37.668 Thread 0x00000171db9d09d0 Thread added: 0x00000171e217c7b0
Event: 37.720 Thread 0x00000171db9d09d0 Thread added: 0x00000171e217e880
Event: 37.818 Thread 0x00000171db9d09d0 Thread added: 0x00000171e21802c0
Event: 38.992 Thread 0x00000171ec5c2730 Thread exited: 0x00000171ec5c2730
Event: 39.872 Thread 0x00000171da343630 Thread added: 0x00000171db789c00


Dynamic libraries:
0x00007ff7574e0000 - 0x00007ff7574ee000 	c:\Users\dhruv\.vscode\extensions\redhat.java-1.53.0-win32-x64\jre\21.0.10-win32-x86_64\bin\java.exe
0x00007ffa6c8a0000 - 0x00007ffa6cb07000 	C:\Windows\SYSTEM32\ntdll.dll
0x00007ffa6bfa0000 - 0x00007ffa6c069000 	C:\Windows\System32\KERNEL32.DLL
0x00007ffa69fc0000 - 0x00007ffa6a3b1000 	C:\Windows\System32\KERNELBASE.dll
0x00007ffa693d0000 - 0x00007ffa6951b000 	C:\Windows\System32\ucrtbase.dll
0x00007ff9d5b20000 - 0x00007ff9d5b38000 	c:\Users\dhruv\.vscode\extensions\redhat.java-1.53.0-win32-x64\jre\21.0.10-win32-x86_64\bin\jli.dll
0x00007ff9d43c0000 - 0x00007ff9d43de000 	c:\Users\dhruv\.vscode\extensions\redhat.java-1.53.0-win32-x64\jre\21.0.10-win32-x86_64\bin\VCRUNTIME140.dll
0x00007ffa6b100000 - 0x00007ffa6b2c5000 	C:\Windows\System32\USER32.dll
0x00007ffa4a450000 - 0x00007ffa4a6e3000 	C:\Windows\WinSxS\amd64_microsoft.windows.common-controls_6595b64144ccf1df_6.0.26100.8037_none_3e092faae333b53b\COMCTL32.dll
0x00007ffa69180000 - 0x00007ffa691a7000 	C:\Windows\System32\win32u.dll
0x00007ffa6b3d0000 - 0x00007ffa6b479000 	C:\Windows\System32\msvcrt.dll
0x00007ffa6c600000 - 0x00007ffa6c62b000 	C:\Windows\System32\GDI32.dll
0x00007ffa6a510000 - 0x00007ffa6a63b000 	C:\Windows\System32\gdi32full.dll
0x00007ffa691b0000 - 0x00007ffa69253000 	C:\Windows\System32\msvcp_win.dll
0x00007ffa6c760000 - 0x00007ffa6c791000 	C:\Windows\System32\IMM32.DLL
0x00007ffa39f70000 - 0x00007ffa39f7c000 	c:\Users\dhruv\.vscode\extensions\redhat.java-1.53.0-win32-x64\jre\21.0.10-win32-x86_64\bin\vcruntime140_1.dll
0x00007ff9ca080000 - 0x00007ff9ca10d000 	c:\Users\dhruv\.vscode\extensions\redhat.java-1.53.0-win32-x64\jre\21.0.10-win32-x86_64\bin\msvcp140.dll
0x00007ff9bb920000 - 0x00007ff9bc6c1000 	c:\Users\dhruv\.vscode\extensions\redhat.java-1.53.0-win32-x64\jre\21.0.10-win32-x86_64\bin\server\jvm.dll
0x00007ffa6c630000 - 0x00007ffa6c6eb000 	C:\Windows\System32\ADVAPI32.dll
0x00007ffa6ad90000 - 0x00007ffa6ae37000 	C:\Windows\System32\sechost.dll
0x00007ffa6af50000 - 0x00007ffa6b068000 	C:\Windows\System32\RPCRT4.dll
0x00007ffa6ae40000 - 0x00007ffa6aeb4000 	C:\Windows\System32\WS2_32.dll
0x00007ffa68fe0000 - 0x00007ffa6903e000 	C:\Windows\SYSTEM32\POWRPROF.dll
0x00007ffa5ebf0000 - 0x00007ffa5ec25000 	C:\Windows\SYSTEM32\WINMM.dll
0x00007ffa4b4a0000 - 0x00007ffa4b4ab000 	C:\Windows\SYSTEM32\VERSION.dll
0x00007ffa68fc0000 - 0x00007ffa68fd4000 	C:\Windows\SYSTEM32\UMPDC.dll
0x00007ffa67ee0000 - 0x00007ffa67efb000 	C:\Windows\SYSTEM32\kernel.appcore.dll
0x00007ffa39d00000 - 0x00007ffa39d0a000 	c:\Users\dhruv\.vscode\extensions\redhat.java-1.53.0-win32-x64\jre\21.0.10-win32-x86_64\bin\jimage.dll
0x00007ffa66e70000 - 0x00007ffa670b2000 	C:\Windows\SYSTEM32\DBGHELP.DLL
0x00007ffa6c270000 - 0x00007ffa6c5f2000 	C:\Windows\System32\combase.dll
0x00007ffa6b480000 - 0x00007ffa6b557000 	C:\Windows\System32\OLEAUT32.dll
0x00007ffa47b70000 - 0x00007ffa47bab000 	C:\Windows\SYSTEM32\dbgcore.DLL
0x00007ffa69520000 - 0x00007ffa695c5000 	C:\Windows\System32\bcryptPrimitives.dll
0x00007ffa4c680000 - 0x00007ffa4c68f000 	c:\Users\dhruv\.vscode\extensions\redhat.java-1.53.0-win32-x64\jre\21.0.10-win32-x86_64\bin\instrument.dll
0x00007ff9cee50000 - 0x00007ff9cee70000 	c:\Users\dhruv\.vscode\extensions\redhat.java-1.53.0-win32-x64\jre\21.0.10-win32-x86_64\bin\java.dll
0x00007ffa6b6c0000 - 0x00007ffa6be1f000 	C:\Windows\System32\SHELL32.dll
0x00007ffa69260000 - 0x00007ffa693ca000 	C:\Windows\System32\wintypes.dll
0x00007ffa695d0000 - 0x00007ffa69e34000 	C:\Windows\System32\windows.storage.dll
0x00007ffa6ac90000 - 0x00007ffa6ad87000 	C:\Windows\System32\SHCORE.dll
0x00007ffa6c6f0000 - 0x00007ffa6c757000 	C:\Windows\System32\shlwapi.dll
0x00007ffa690a0000 - 0x00007ffa690c9000 	C:\Windows\SYSTEM32\profapi.dll
0x00007ff9cee30000 - 0x00007ff9cee48000 	c:\Users\dhruv\.vscode\extensions\redhat.java-1.53.0-win32-x64\jre\21.0.10-win32-x86_64\bin\zip.dll
0x00007ffa4c670000 - 0x00007ffa4c680000 	C:\Users\dhruv\.vscode\extensions\redhat.java-1.53.0-win32-x64\jre\21.0.10-win32-x86_64\bin\net.dll
0x00007ffa5f540000 - 0x00007ffa5f667000 	C:\Windows\SYSTEM32\WINHTTP.dll
0x00007ffa68460000 - 0x00007ffa684cb000 	C:\Windows\system32\mswsock.dll
0x00007ffa4a710000 - 0x00007ffa4a726000 	C:\Users\dhruv\.vscode\extensions\redhat.java-1.53.0-win32-x64\jre\21.0.10-win32-x86_64\bin\nio.dll
0x00007ffa4a700000 - 0x00007ffa4a710000 	c:\Users\dhruv\.vscode\extensions\redhat.java-1.53.0-win32-x64\jre\21.0.10-win32-x86_64\bin\verify.dll
0x00007ffa4a400000 - 0x00007ffa4a445000 	C:\Users\dhruv\AppData\Roaming\Code\User\globalStorage\redhat.java\1.53.0\config_win\org.eclipse.equinox.launcher\org.eclipse.equinox.launcher.win32.win32.x86_64_1.3.0.v20260203-2149\eclipse_11919.dll
0x00007ffa6a640000 - 0x00007ffa6a7d5000 	C:\Windows\System32\ole32.dll
0x00007ffa68750000 - 0x00007ffa6876b000 	C:\Windows\SYSTEM32\CRYPTSP.dll
0x00007ffa67e40000 - 0x00007ffa67e79000 	C:\Windows\system32\rsaenh.dll
0x00007ffa68510000 - 0x00007ffa68542000 	C:\Windows\SYSTEM32\USERENV.dll
0x00007ffa69070000 - 0x00007ffa6909a000 	C:\Windows\SYSTEM32\bcrypt.dll
0x00007ffa68740000 - 0x00007ffa6874c000 	C:\Windows\SYSTEM32\CRYPTBASE.dll
0x00007ffa67980000 - 0x00007ffa679b3000 	C:\Windows\SYSTEM32\IPHLPAPI.DLL
0x00007ffa6af40000 - 0x00007ffa6af4a000 	C:\Windows\System32\NSI.dll
0x00007ffa40810000 - 0x00007ffa40859000 	C:\Users\dhruv\AppData\Local\Temp\jna-95563663\jna4546157593000801618.dll
0x00007ffa6c070000 - 0x00007ffa6c078000 	C:\Windows\System32\PSAPI.DLL
0x00007ffa60be0000 - 0x00007ffa60bfd000 	C:\Windows\SYSTEM32\dhcpcsvc6.DLL
0x00007ffa60bb0000 - 0x00007ffa60bd3000 	C:\Windows\SYSTEM32\dhcpcsvc.DLL

JVMTI agents:
c:\Users\dhruv\.vscode\extensions\redhat.java-1.53.0-win32-x64\lombok\lombok-1.18.39-4050.jar path:c:\Users\dhruv\.vscode\extensions\redhat.java-1.53.0-win32-x64\jre\21.0.10-win32-x86_64\bin\instrument.dll, loaded, initialized, instrumentlib options:none

dbghelp: loaded successfully - version: 4.0.5 - missing functions: none
symbol engine: initialized successfully - sym options: 0x614 - pdb path: .;c:\Users\dhruv\.vscode\extensions\redhat.java-1.53.0-win32-x64\jre\21.0.10-win32-x86_64\bin;C:\Windows\SYSTEM32;C:\Windows\WinSxS\amd64_microsoft.windows.common-controls_6595b64144ccf1df_6.0.26100.8037_none_3e092faae333b53b;c:\Users\dhruv\.vscode\extensions\redhat.java-1.53.0-win32-x64\jre\21.0.10-win32-x86_64\bin\server;C:\Users\dhruv\AppData\Roaming\Code\User\globalStorage\redhat.java\1.53.0\config_win\org.eclipse.equinox.launcher\org.eclipse.equinox.launcher.win32.win32.x86_64_1.3.0.v20260203-2149;C:\Users\dhruv\AppData\Local\Temp\jna-95563663

VM Arguments:
jvm_args: --add-modules=ALL-SYSTEM --add-opens=java.base/java.util=ALL-UNNAMED --add-opens=java.base/java.lang=ALL-UNNAMED --add-opens=java.base/sun.nio.fs=ALL-UNNAMED -Declipse.application=org.eclipse.jdt.ls.core.id1 -Dosgi.bundles.defaultStartLevel=4 -Declipse.product=org.eclipse.jdt.ls.core.product -Djava.import.generatesMetadataFilesAtProjectRoot=false -DDetectVMInstallationsJob.disabled=true -Dfile.encoding=utf8 -XX:+UseParallelGC -XX:GCTimeRatio=4 -XX:AdaptiveSizePolicyWeight=90 -Dsun.zip.disableMemoryMapping=true -Xmx2G -Xms100m -Xlog:disable -javaagent:c:\Users\dhruv\.vscode\extensions\redhat.java-1.53.0-win32-x64\lombok\lombok-1.18.39-4050.jar -XX:+HeapDumpOnOutOfMemoryError -XX:HeapDumpPath=c:\Users\dhruv\AppData\Roaming\Code\User\workspaceStorage\7d28d01f3346ece97dc27ea15ebc63fd\redhat.java -Daether.dependencyCollector.impl=bf 
java_command: c:\Users\dhruv\.vscode\extensions\redhat.java-1.53.0-win32-x64\server\plugins\org.eclipse.equinox.launcher_1.7.100.v20251111-0406.jar -configuration c:\Users\dhruv\AppData\Roaming\Code\User\globalStorage\redhat.java\1.53.0\config_win -data c:\Users\dhruv\AppData\Roaming\Code\User\workspaceStorage\7d28d01f3346ece97dc27ea15ebc63fd\redhat.java\jdt_ws --pipe=\\.\pipe\lsp-1f9ed830fffaeba1ff18bfcc7594d4bf-sock
java_class_path (initial): c:\Users\dhruv\.vscode\extensions\redhat.java-1.53.0-win32-x64\server\plugins\org.eclipse.equinox.launcher_1.7.100.v20251111-0406.jar
Launcher Type: SUN_STANDARD

[Global flags]
    uintx AdaptiveSizePolicyWeight                 = 90                                        {product} {command line}
     intx CICompilerCount                          = 4                                         {product} {ergonomic}
    uintx GCTimeRatio                              = 4                                         {product} {command line}
     bool HeapDumpOnOutOfMemoryError               = true                                   {manageable} {command line}
    ccstr HeapDumpPath                             = c:\Users\dhruv\AppData\Roaming\Code\User\workspaceStorage\7d28d01f3346ece97dc27ea15ebc63fd\redhat.java         {manageable} {command line}
   size_t InitialHeapSize                          = 104857600                                 {product} {command line}
   size_t MaxHeapSize                              = 2147483648                                {product} {command line}
   size_t MaxNewSize                               = 715653120                                 {product} {ergonomic}
   size_t MinHeapDeltaBytes                        = 524288                                    {product} {ergonomic}
   size_t MinHeapSize                              = 104857600                                 {product} {command line}
   size_t NewSize                                  = 34603008                                  {product} {ergonomic}
    uintx NonNMethodCodeHeapSize                   = 5839372                                {pd product} {ergonomic}
    uintx NonProfiledCodeHeapSize                  = 122909434                              {pd product} {ergonomic}
   size_t OldSize                                  = 70254592                                  {product} {ergonomic}
    uintx ProfiledCodeHeapSize                     = 122909434                              {pd product} {ergonomic}
    uintx ReservedCodeCacheSize                    = 251658240                              {pd product} {ergonomic}
     bool SegmentedCodeCache                       = true                                      {product} {ergonomic}
   size_t SoftMaxHeapSize                          = 2147483648                             {manageable} {ergonomic}
     bool UseCompressedOops                        = true                           {product lp64_product} {ergonomic}
     bool UseLargePagesIndividualAllocation        = false                                  {pd product} {ergonomic}
     bool UseParallelGC                            = true                                      {product} {command line}

Logging:
Log output configuration:
 #0: stdout all=off uptime,level,tags foldmultilines=false
 #1: stderr all=off uptime,level,tags foldmultilines=false

Release file:
JAVA_VERSION="21.0.10" 
MODULES="java.base java.compiler java.datatransfer java.xml java.prefs java.desktop java.instrument java.logging java.management java.security.sasl java.naming java.rmi java.management.rmi java.net.http java.scripting java.security.jgss java.transaction.xa java.sql java.sql.rowset java.xml.crypto java.se java.smartcardio jdk.accessibility jdk.internal.jvmstat jdk.attach jdk.charsets jdk.internal.opt jdk.zipfs jdk.compiler jdk.crypto.ec jdk.crypto.cryptoki jdk.crypto.mscapi jdk.dynalink jdk.internal.ed jdk.editpad jdk.hotspot.agent jdk.httpserver jdk.internal.le jdk.internal.vm.ci jdk.internal.vm.compiler jdk.internal.vm.compiler.management jdk.jartool jdk.javadoc jdk.jcmd jdk.management jdk.management.agent jdk.jconsole jdk.jdeps jdk.jdwp.agent jdk.jdi jdk.jfr jdk.jshell jdk.jsobject jdk.jstatd jdk.localedata jdk.management.jfr jdk.naming.dns jdk.naming.rmi jdk.net jdk.nio.mapmode jdk.random jdk.sctp jdk.security.auth jdk.security.jgss jdk.unsupported jdk.unsupported.desktop jdk.xml.dom" 

Environment Variables:
PATH=C:\Users\dhruv\AppData\Local\Programs\Microsoft VS Code;C:\Program Files\Common Files\Oracle\Java\javapath;C:\Windows\system32;C:\Windows;C:\Windows\System32\Wbem;C:\Windows\System32\WindowsPowerShell\v1.0\;C:\Windows\System32\OpenSSH\;C:\Program Files\nodejs\;C:\Program Files\Git\cmd;C:\Program Files\MongoDB\Server\8.0\bin;C:\Program Files\MySQL\MySQL Server 8.0\bin;C:\Users\dhruv\Downloads\gradle-8.14.3\bin;C:\Program Files\Docker\Docker\resources\bin;C:\Program Files\Apache\MAVEN\bin;C:\Program Files\Apache\MAVEN\apache-maven-3.9.12\bin;C:\Program Files\MySQL\MySQL Shell 8.0\bin\;C:\Users\dhruv\AppData\Local\Microsoft\WindowsApps;C:\Users\dhruv\AppData\Local\Programs\Microsoft VS Code\bin;C:\Users\dhruv\AppData\Roaming\npm;C:\Program Files\JetBrains\IntelliJ IDEA Community Edition 2025.1.4.1\bin;;C:\Users\dhruv\AppData\Local\Programs\cursor\resources\app\bin
USERNAME=dhruv
OS=Windows_NT
PROCESSOR_IDENTIFIER=Intel64 Family 6 Model 186 Stepping 2, GenuineIntel
TMP=C:\Users\dhruv\AppData\Local\Temp
TEMP=C:\Users\dhruv\AppData\Local\Temp




Periodic native trim disabled

---------------  S Y S T E M  ---------------

OS:
 Windows 11 , 64 bit Build 26100 (10.0.26100.7920)
OS uptime: 0 days 14:46 hours
Hyper-V role detected

CPU: total 12 (initial active 12) (6 cores per cpu, 2 threads per core) family 6 model 186 stepping 2 microcode 0x6134, cx8, cmov, fxsr, ht, mmx, 3dnowpref, sse, sse2, sse3, ssse3, sse4.1, sse4.2, popcnt, lzcnt, tsc, tscinvbit, avx, avx2, aes, erms, clmul, bmi1, bmi2, adx, sha, fma, vzeroupper, clflush, clflushopt, clwb, hv, serialize, rdtscp, rdpid, fsrm, f16c, cet_ibt, cet_ss
Processor Information for processor 0
  Max Mhz: 2100, Current Mhz: 2100, Mhz Limit: 2100
Processor Information for processor 1
  Max Mhz: 2100, Current Mhz: 2100, Mhz Limit: 2100
Processor Information for processor 2
  Max Mhz: 2100, Current Mhz: 2100, Mhz Limit: 2100
Processor Information for processor 3
  Max Mhz: 2100, Current Mhz: 2100, Mhz Limit: 2100
Processor Information for processor 4
  Max Mhz: 2100, Current Mhz: 2100, Mhz Limit: 2100
Processor Information for processor 5
  Max Mhz: 2100, Current Mhz: 2100, Mhz Limit: 2100
Processor Information for processor 6
  Max Mhz: 2100, Current Mhz: 2100, Mhz Limit: 2100
Processor Information for processor 7
  Max Mhz: 2100, Current Mhz: 2100, Mhz Limit: 2100
Processor Information for processor 8
  Max Mhz: 2100, Current Mhz: 1500, Mhz Limit: 1491
Processor Information for processor 9
  Max Mhz: 2100, Current Mhz: 1500, Mhz Limit: 1491
Processor Information for processor 10
  Max Mhz: 2100, Current Mhz: 1500, Mhz Limit: 1491
Processor Information for processor 11
  Max Mhz: 2100, Current Mhz: 1500, Mhz Limit: 1491

Memory: 4k page, system-wide physical 16076M (1150M free)
TotalPageFile size 46395M (AvailPageFile size 46M)
current process WorkingSet (physical memory assigned to process): 317M, peak: 321M
current process commit charge ("private bytes"): 397M, peak: 398M

vm_info: OpenJDK 64-Bit Server VM (21.0.10+7-LTS) for windows-amd64 JRE (21.0.10+7-LTS), built on 2026-01-20T00:00:00Z by "admin" with MS VC++ 17.12 (VS2022)

END.
