#
# There is insufficient memory for the Java Runtime Environment to continue.
# Native memory allocation (malloc) failed to allocate 326496 bytes. Error detail: Chunk::new
# Possible reasons:
#   The system is out of physical RAM or swap space
#   This process is running with CompressedOops enabled, and the Java Heap may be blocking the growth of the native heap
# Possible solutions:
#   Reduce memory load on the system
#   Increase physical memory or swap space
#   Check if swap backing store is full
#   Decrease Java heap size (-Xmx/-Xms)
#   Decrease number of Java threads
#   Decrease Java thread stack sizes (-Xss)
#   Set larger code cache with -XX:ReservedCodeCacheSize=
#   JVM is running with Unscaled Compressed Oops mode in which the Java heap is
#     placed in the first 4GB address space. The Java Heap base address is the
#     maximum limit for the native heap growth. Please use -XX:HeapBaseMinAddress
#     to set the Java Heap base and to place the Java Heap above 4GB virtual address.
# This output file may be truncated or incomplete.
#
#  Out of Memory Error (arena.cpp:168), pid=8016, tid=39524
#
# JRE version: OpenJDK Runtime Environment Temurin-21.0.10+7 (21.0.10+7) (build 21.0.10+7-LTS)
# Java VM: OpenJDK 64-Bit Server VM Temurin-21.0.10+7 (21.0.10+7-LTS, mixed mode, sharing, tiered, compressed oops, compressed class ptrs, parallel gc, windows-amd64)
# No core dump will be written. Minidumps are not enabled by default on client versions of Windows
#

---------------  S U M M A R Y ------------

Command Line: --add-modules=ALL-SYSTEM --add-opens=java.base/java.util=ALL-UNNAMED --add-opens=java.base/java.lang=ALL-UNNAMED --add-opens=java.base/sun.nio.fs=ALL-UNNAMED -Declipse.application=org.eclipse.jdt.ls.core.id1 -Dosgi.bundles.defaultStartLevel=4 -Declipse.product=org.eclipse.jdt.ls.core.product -Djava.import.generatesMetadataFilesAtProjectRoot=false -DDetectVMInstallationsJob.disabled=true -Dfile.encoding=utf8 -XX:+UseParallelGC -XX:GCTimeRatio=4 -XX:AdaptiveSizePolicyWeight=90 -Dsun.zip.disableMemoryMapping=true -Xmx2G -Xms100m -Xlog:disable -javaagent:c:\Users\dhruv\.vscode\extensions\redhat.java-1.53.0-win32-x64\lombok\lombok-1.18.39-4050.jar -XX:+HeapDumpOnOutOfMemoryError -XX:HeapDumpPath=c:\Users\dhruv\AppData\Roaming\Code\User\workspaceStorage\7d28d01f3346ece97dc27ea15ebc63fd\redhat.java -Daether.dependencyCollector.impl=bf c:\Users\dhruv\.vscode\extensions\redhat.java-1.53.0-win32-x64\server\plugins\org.eclipse.equinox.launcher_1.7.100.v20251111-0406.jar -configuration c:\Users\dhruv\AppData\Roaming\Code\User\globalStorage\redhat.java\1.53.0\config_win -data c:\Users\dhruv\AppData\Roaming\Code\User\workspaceStorage\7d28d01f3346ece97dc27ea15ebc63fd\redhat.java\jdt_ws --pipe=\\.\pipe\lsp-7e0ed8fe9f1c1ff7fd2f1f26aa4b34bd-sock

Host: 13th Gen Intel(R) Core(TM) i5-13420H, 12 cores, 15G,  Windows 11 , 64 bit Build 26100 (10.0.26100.7920)
Time: Sun Mar 29 14:37:11 2026 India Standard Time elapsed time: 538.796436 seconds (0d 0h 8m 58s)

---------------  T H R E A D  ---------------

Current thread (0x000001447958f960):  JavaThread "C2 CompilerThread0" daemon [_thread_in_native, id=39524, stack(0x00000022ac000000,0x00000022ac100000) (1024K)]


Current CompileTask:
C2:538796 16006   !   4       org.eclipse.core.internal.localstore.FileSystemResourceManager::getStore (32 bytes)

Stack: [0x00000022ac000000,0x00000022ac100000]
Native frames: (J=compiled Java code, j=interpreted, Vv=VM code, C=native code)
V  [jvm.dll+0x6d7a39]
V  [jvm.dll+0x8b4b26]
V  [jvm.dll+0x8b70de]
V  [jvm.dll+0x8b77c3]
V  [jvm.dll+0x284346]
V  [jvm.dll+0xc66ed]
V  [jvm.dll+0xc6c31]
V  [jvm.dll+0x3bec3b]
V  [jvm.dll+0x38b162]
V  [jvm.dll+0x38a5aa]
V  [jvm.dll+0x24c560]
V  [jvm.dll+0x24bb40]
V  [jvm.dll+0x1cb34e]
V  [jvm.dll+0x25b85d]
V  [jvm.dll+0x259dea]
V  [jvm.dll+0x3f857e]
V  [jvm.dll+0x85f59d]
V  [jvm.dll+0x6d626d]
C  [ucrtbase.dll+0x37b0]
C  [KERNEL32.DLL+0x2e8d7]
C  [ntdll.dll+0x8c48c]


---------------  P R O C E S S  ---------------

Threads class SMR info:
_java_thread_list=0x0000014400bab4b0, length=43, elements={
0x000001441fbcb590, 0x0000014479570080, 0x0000014479573370, 0x0000014479576b30,
0x0000014479577b40, 0x000001447957bd40, 0x0000014479583d40, 0x000001447958f960,
0x000001447959a170, 0x0000014479783050, 0x000001447e050010, 0x000001447e858b20,
0x000001447e987c60, 0x000001447e630040, 0x000001447e6306b0, 0x000001447eec0000,
0x000001447ecd4150, 0x000001447e3eb000, 0x000001447ec5f400, 0x000001447ec60e40,
0x000001447ec5e6e0, 0x0000014401621f50, 0x0000014401620ba0, 0x0000014401621230,
0x00000144016218c0, 0x0000014401623300, 0x0000014401622c70, 0x000001440161fe80,
0x00000144016225e0, 0x0000014401623990, 0x0000014401620510, 0x00000144016246b0,
0x00000144016274a0, 0x0000014401626e10, 0x0000014401626780, 0x0000014401624d40,
0x00000144016260f0, 0x0000014401625a60, 0x00000144014e5840, 0x00000144014e6560,
0x00000144014e7910, 0x0000014411c9a0b0, 0x0000014411c9d530
}

Java Threads: ( => current thread )
  0x000001441fbcb590 JavaThread "main"                              [_thread_blocked, id=31360, stack(0x00000022ab600000,0x00000022ab700000) (1024K)]
  0x0000014479570080 JavaThread "Reference Handler"          daemon [_thread_blocked, id=13068, stack(0x00000022aba00000,0x00000022abb00000) (1024K)]
  0x0000014479573370 JavaThread "Finalizer"                  daemon [_thread_blocked, id=30724, stack(0x00000022abb00000,0x00000022abc00000) (1024K)]
  0x0000014479576b30 JavaThread "Signal Dispatcher"          daemon [_thread_blocked, id=30220, stack(0x00000022abc00000,0x00000022abd00000) (1024K)]
  0x0000014479577b40 JavaThread "Attach Listener"            daemon [_thread_blocked, id=6780, stack(0x00000022abd00000,0x00000022abe00000) (1024K)]
  0x000001447957bd40 JavaThread "Service Thread"             daemon [_thread_blocked, id=33736, stack(0x00000022abe00000,0x00000022abf00000) (1024K)]
  0x0000014479583d40 JavaThread "Monitor Deflation Thread"   daemon [_thread_blocked, id=17672, stack(0x00000022abf00000,0x00000022ac000000) (1024K)]
=>0x000001447958f960 JavaThread "C2 CompilerThread0"         daemon [_thread_in_native, id=39524, stack(0x00000022ac000000,0x00000022ac100000) (1024K)]
  0x000001447959a170 JavaThread "C1 CompilerThread0"         daemon [_thread_blocked, id=36280, stack(0x00000022ac100000,0x00000022ac200000) (1024K)]
  0x0000014479783050 JavaThread "Common-Cleaner"             daemon [_thread_blocked, id=4104, stack(0x00000022ac200000,0x00000022ac300000) (1024K)]
  0x000001447e050010 JavaThread "Notification Thread"        daemon [_thread_blocked, id=34272, stack(0x00000022ac400000,0x00000022ac500000) (1024K)]
  0x000001447e858b20 JavaThread "Active Thread: Equinox Container: 2756d3f6-4e54-4cff-aa06-0dd67472425a"        [_thread_blocked, id=41300, stack(0x00000022acc00000,0x00000022acd00000) (1024K)]
  0x000001447e987c60 JavaThread "Refresh Thread: Equinox Container: 2756d3f6-4e54-4cff-aa06-0dd67472425a" daemon [_thread_blocked, id=25916, stack(0x00000022ace00000,0x00000022acf00000) (1024K)]
  0x000001447e630040 JavaThread "Framework Event Dispatcher: Equinox Container: 2756d3f6-4e54-4cff-aa06-0dd67472425a" daemon [_thread_blocked, id=37748, stack(0x00000022acf00000,0x00000022ad000000) (1024K)]
  0x000001447e6306b0 JavaThread "Start Level: Equinox Container: 2756d3f6-4e54-4cff-aa06-0dd67472425a" daemon [_thread_blocked, id=39228, stack(0x00000022ad000000,0x00000022ad100000) (1024K)]
  0x000001447eec0000 JavaThread "Bundle File Closer"         daemon [_thread_blocked, id=16760, stack(0x00000022ad300000,0x00000022ad400000) (1024K)]
  0x000001447ecd4150 JavaThread "SCR Component Actor"        daemon [_thread_blocked, id=39744, stack(0x00000022ac300000,0x00000022ac400000) (1024K)]
  0x000001447e3eb000 JavaThread "Worker-JM"                         [_thread_blocked, id=36044, stack(0x00000022ad500000,0x00000022ad600000) (1024K)]
  0x000001447ec5f400 JavaThread "JNA Cleaner"                daemon [_thread_blocked, id=17092, stack(0x00000022ad400000,0x00000022ad500000) (1024K)]
  0x000001447ec60e40 JavaThread "Java indexing"              daemon [_thread_blocked, id=5356, stack(0x00000022ad900000,0x00000022ada00000) (1024K)]
  0x000001447ec5e6e0 JavaThread "Worker-3: Building"                [_thread_in_native, id=33724, stack(0x00000022add00000,0x00000022ade00000) (1024K)]
  0x0000014401621f50 JavaThread "Thread-1"                   daemon [_thread_in_native, id=32340, stack(0x00000022adf00000,0x00000022ae000000) (1024K)]
  0x0000014401620ba0 JavaThread "Thread-2"                   daemon [_thread_in_native, id=46492, stack(0x00000022ae000000,0x00000022ae100000) (1024K)]
  0x0000014401621230 JavaThread "Thread-3"                   daemon [_thread_in_native, id=20864, stack(0x00000022ae100000,0x00000022ae200000) (1024K)]
  0x00000144016218c0 JavaThread "Thread-4"                   daemon [_thread_in_native, id=9156, stack(0x00000022ae200000,0x00000022ae300000) (1024K)]
  0x0000014401623300 JavaThread "Thread-5"                   daemon [_thread_in_native, id=41964, stack(0x00000022ae300000,0x00000022ae400000) (1024K)]
  0x0000014401622c70 JavaThread "Thread-6"                   daemon [_thread_in_native, id=20628, stack(0x00000022ae400000,0x00000022ae500000) (1024K)]
  0x000001440161fe80 JavaThread "Thread-7"                   daemon [_thread_in_native, id=25488, stack(0x00000022ae500000,0x00000022ae600000) (1024K)]
  0x00000144016225e0 JavaThread "Thread-8"                   daemon [_thread_in_native, id=2352, stack(0x00000022ae600000,0x00000022ae700000) (1024K)]
  0x0000014401623990 JavaThread "Thread-9"                   daemon [_thread_in_native, id=13748, stack(0x00000022ae700000,0x00000022ae800000) (1024K)]
  0x0000014401620510 JavaThread "Thread-10"                  daemon [_thread_in_native, id=9792, stack(0x00000022ae800000,0x00000022ae900000) (1024K)]
  0x00000144016246b0 JavaThread "Thread-11"                  daemon [_thread_in_native, id=17648, stack(0x00000022ae900000,0x00000022aea00000) (1024K)]
  0x00000144016274a0 JavaThread "Thread-12"                  daemon [_thread_in_native, id=4820, stack(0x00000022aea00000,0x00000022aeb00000) (1024K)]
  0x0000014401626e10 JavaThread "Thread-13"                  daemon [_thread_in_native, id=43732, stack(0x00000022aeb00000,0x00000022aec00000) (1024K)]
  0x0000014401626780 JavaThread "pool-2-thread-1"                   [_thread_blocked, id=4988, stack(0x00000022aec00000,0x00000022aed00000) (1024K)]
  0x0000014401624d40 JavaThread "WorkspaceEventsHandler"            [_thread_blocked, id=43916, stack(0x00000022aed00000,0x00000022aee00000) (1024K)]
  0x00000144016260f0 JavaThread "pool-1-thread-1"                   [_thread_blocked, id=41416, stack(0x00000022aee00000,0x00000022aef00000) (1024K)]
  0x0000014401625a60 JavaThread "ForkJoinPool.commonPool-worker-1" daemon [_thread_blocked, id=4620, stack(0x00000022aef00000,0x00000022af000000) (1024K)]
  0x00000144014e5840 JavaThread "ForkJoinPool.commonPool-worker-2" daemon [_thread_blocked, id=21956, stack(0x00000022af000000,0x00000022af100000) (1024K)]
  0x00000144014e6560 JavaThread "ForkJoinPool.commonPool-worker-6" daemon [_thread_blocked, id=43096, stack(0x00000022af400000,0x00000022af500000) (1024K)]
  0x00000144014e7910 JavaThread "ForkJoinPool.commonPool-worker-8" daemon [_thread_blocked, id=24208, stack(0x00000022af600000,0x00000022af700000) (1024K)]
  0x0000014411c9a0b0 JavaThread "Worker-5"                          [_thread_blocked, id=496, stack(0x00000022ab500000,0x00000022ab600000) (1024K)]
  0x0000014411c9d530 JavaThread "Worker-6"                          [_thread_blocked, id=46548, stack(0x00000022ab300000,0x00000022ab400000) (1024K)]
Total: 43

Other Threads:
  0x000001441fb647d0 VMThread "VM Thread"                           [id=36548, stack(0x00000022ab900000,0x00000022aba00000) (1024K)]
  0x000001441fa5ca00 WatcherThread "VM Periodic Task Thread"        [id=45964, stack(0x00000022ab800000,0x00000022ab900000) (1024K)]
  0x000001441fbeaed0 WorkerThread "GC Thread#0"                     [id=23044, stack(0x00000022ab700000,0x00000022ab800000) (1024K)]
  0x000001447e5f5ab0 WorkerThread "GC Thread#1"                     [id=22100, stack(0x00000022ac600000,0x00000022ac700000) (1024K)]
  0x000001447e38ee80 WorkerThread "GC Thread#2"                     [id=30232, stack(0x00000022ac700000,0x00000022ac800000) (1024K)]
  0x000001447e38f230 WorkerThread "GC Thread#3"                     [id=46920, stack(0x00000022ac800000,0x00000022ac900000) (1024K)]
  0x000001447e38f5e0 WorkerThread "GC Thread#4"                     [id=45052, stack(0x00000022ac900000,0x00000022aca00000) (1024K)]
  0x000001447e875220 WorkerThread "GC Thread#5"                     [id=12452, stack(0x00000022aca00000,0x00000022acb00000) (1024K)]
  0x000001447e78af50 WorkerThread "GC Thread#6"                     [id=2992, stack(0x00000022acb00000,0x00000022acc00000) (1024K)]
  0x000001447e78a7f0 WorkerThread "GC Thread#7"                     [id=33308, stack(0x00000022acd00000,0x00000022ace00000) (1024K)]
  0x000001447e78a090 WorkerThread "GC Thread#8"                     [id=38144, stack(0x00000022ad100000,0x00000022ad200000) (1024K)]
  0x000001447e78aba0 WorkerThread "GC Thread#9"                     [id=19260, stack(0x00000022ad200000,0x00000022ad300000) (1024K)]
Total: 12

Threads with active compile tasks:
C2 CompilerThread0  538837 16006   !   4       org.eclipse.core.internal.localstore.FileSystemResourceManager::getStore (32 bytes)
Total: 1

VM state: not at safepoint (normal execution)

VM Mutex/Monitor currently owned by a thread: None

Heap address: 0x0000000080000000, size: 2048 MB, Compressed Oops mode: 32-bit

CDS archive(s) mapped at: [0x0000014437000000-0x0000014437ba0000-0x0000014437ba0000), size 12189696, SharedBaseAddress: 0x0000014437000000, ArchiveRelocationMode: 1.
Compressed class space mapped at: 0x0000014438000000-0x0000014478000000, reserved size: 1073741824
Narrow klass base: 0x0000014437000000, Narrow klass shift: 0, Narrow klass range: 0x100000000

GC Precious Log:
 CardTable entry size: 512
 CPUs: 12 total, 12 available
 Memory: 16076M
 Large Page Support: Disabled
 NUMA Support: Disabled
 Compressed Oops: Enabled (32-bit)
 Alignments: Space 512K, Generation 512K, Heap 2M
 Heap Min Capacity: 100M
 Heap Initial Capacity: 100M
 Heap Max Capacity: 2G
 Pre-touch: Disabled
 Parallel Workers: 10

Heap:
 PSYoungGen      total 6656K, used 5601K [0x00000000d5580000, 0x00000000d5f80000, 0x0000000100000000)
  eden space 6144K, 86% used [0x00000000d5580000,0x00000000d5ab06c0,0x00000000d5b80000)
  from space 512K, 56% used [0x00000000d5f00000,0x00000000d5f48000,0x00000000d5f80000)
  to   space 512K, 0% used [0x00000000d5e80000,0x00000000d5e80000,0x00000000d5f00000)
 ParOldGen       total 428032K, used 427734K [0x0000000080000000, 0x000000009a200000, 0x00000000d5580000)
  object space 428032K, 99% used [0x0000000080000000,0x000000009a1b58b0,0x000000009a200000)
 Metaspace       used 70684K, committed 72320K, reserved 1114112K
  class space    used 7207K, committed 7936K, reserved 1048576K

Card table byte_map: [0x000001441f570000,0x000001441f980000] _byte_map_base: 0x000001441f170000

Marking Bits: (ParMarkBitMap*) 0x00007ffc06313450
 Begin Bits: [0x0000014432080000, 0x0000014434080000)
 End Bits:   [0x0000014434080000, 0x0000014436080000)

Polling page: 0x000001441d990000

Metaspace:

Usage:
  Non-class:     61.99 MB used.
      Class:      7.04 MB used.
       Both:     69.03 MB used.

Virtual space:
  Non-class space:       64.00 MB reserved,      62.88 MB ( 98%) committed,  1 nodes.
      Class space:        1.00 GB reserved,       7.75 MB ( <1%) committed,  1 nodes.
             Both:        1.06 GB reserved,      70.62 MB (  6%) committed. 

Chunk freelists:
   Non-Class:  839.00 KB
       Class:  8.14 MB
        Both:  8.96 MB

MaxMetaspaceSize: unlimited
CompressedClassSpaceSize: 1.00 GB
Initial GC threshold: 21.00 MB
Current GC threshold: 97.31 MB
CDS: on
 - commit_granule_bytes: 65536.
 - commit_granule_words: 8192.
 - virtual_space_node_default_size: 8388608.
 - enlarge_chunks_in_place: 1.
 - use_allocation_guard: 0.


Internal statistics:

num_allocs_failed_limit: 9.
num_arena_births: 1442.
num_arena_deaths: 16.
num_vsnodes_births: 2.
num_vsnodes_deaths: 0.
num_space_committed: 1130.
num_space_uncommitted: 0.
num_chunks_returned_to_freelist: 26.
num_chunks_taken_from_freelist: 4916.
num_chunk_merges: 15.
num_chunk_splits: 2974.
num_chunks_enlarged: 1634.
num_inconsistent_stats: 0.

CodeHeap 'non-profiled nmethods': size=120000Kb used=14611Kb max_used=14611Kb free=105388Kb
 bounds [0x000001442a8a0000, 0x000001442b6f0000, 0x0000014431dd0000]
CodeHeap 'profiled nmethods': size=120000Kb used=35661Kb max_used=35661Kb free=84338Kb
 bounds [0x0000014422dd0000, 0x00000144250b0000, 0x000001442a300000]
CodeHeap 'non-nmethods': size=5760Kb used=1451Kb max_used=1538Kb free=4308Kb
 bounds [0x000001442a300000, 0x000001442a570000, 0x000001442a8a0000]
CodeCache: size=245760Kb, used=51723Kb, max_used=51810Kb, free=194034Kb
 total_blobs=15902, nmethods=15139, adapters=667, full_count=0
Compilation: enabled, stopped_count=0, restarted_count=0

Compilation events (20 events):
Event: 536.762 Thread 0x000001447959a170 nmethod 16008 0x0000014425092490 code [0x0000014425092640, 0x00000144250927a0]
Event: 536.762 Thread 0x000001447959a170 16009  s    3       org.eclipse.core.internal.jobs.ImplicitJobs::end (79 bytes)
Event: 536.764 Thread 0x000001447959a170 nmethod 16009 0x0000014425092890 code [0x0000014425092c60, 0x00000144250944a0]
Event: 536.765 Thread 0x000001447959a170 16010   !   3       java.util.concurrent.CopyOnWriteArrayList::add (123 bytes)
Event: 536.766 Thread 0x000001447959a170 nmethod 16010 0x0000014425094c90 code [0x0000014425094f60, 0x0000014425095d98]
Event: 536.766 Thread 0x000001447959a170 16011       3       java.util.Collections$2::characteristics (33 bytes)
Event: 536.766 Thread 0x000001447959a170 nmethod 16011 0x0000014425096590 code [0x0000014425096720, 0x0000014425096890]
Event: 536.766 Thread 0x000001447959a170 16013       3       org.eclipse.core.resources.IncrementalProjectBuilder::getProject (5 bytes)
Event: 536.766 Thread 0x000001447959a170 nmethod 16013 0x0000014425096910 code [0x0000014425096ac0, 0x0000014425096c98]
Event: 536.766 Thread 0x000001447959a170 16014       3       org.eclipse.core.internal.events.InternalBuilder::getProject (10 bytes)
Event: 536.766 Thread 0x000001447959a170 nmethod 16014 0x0000014425096d90 code [0x0000014425096f40, 0x00000144250970c0]
Event: 536.766 Thread 0x000001447959a170 16012       1       java.util.Collections$2::estimateSize (5 bytes)
Event: 536.766 Thread 0x000001447959a170 nmethod 16012 0x000001442b6e4790 code [0x000001442b6e4920, 0x000001442b6e49e8]
Event: 536.766 Thread 0x000001447959a170 16016       3       org.eclipse.core.internal.resources.Container::getFile (22 bytes)
Event: 536.767 Thread 0x000001447959a170 nmethod 16016 0x0000014425097190 code [0x0000014425097360, 0x00000144250976f8]
Event: 536.767 Thread 0x000001447959a170 16015       1       org.apache.maven.project.MavenProject::isExecutionRoot (5 bytes)
Event: 536.767 Thread 0x000001447959a170 nmethod 16015 0x000001442b6e4a90 code [0x000001442b6e4c20, 0x000001442b6e4cf0]
Event: 536.771 Thread 0x000001447959a170 16018       3       org.eclipse.core.runtime.Adapters::adapt (7 bytes)
Event: 536.771 Thread 0x000001447959a170 nmethod 16018 0x0000014425097890 code [0x0000014425097a40, 0x0000014425097b60]
Event: 536.771 Thread 0x000001447959a170 16019       3       org.eclipse.core.runtime.Adapters::adapt (165 bytes)

GC Heap History (20 events):
Event: 433.141 GC heap before
{Heap before GC invocations=634 (full 3):
 PSYoungGen      total 6656K, used 6400K [0x00000000d5580000, 0x00000000d5f80000, 0x0000000100000000)
  eden space 6144K, 100% used [0x00000000d5580000,0x00000000d5b80000,0x00000000d5b80000)
  from space 512K, 50% used [0x00000000d5f00000,0x00000000d5f40000,0x00000000d5f80000)
  to   space 512K, 0% used [0x00000000d5e80000,0x00000000d5e80000,0x00000000d5f00000)
 ParOldGen       total 427008K, used 426862K [0x0000000080000000, 0x000000009a100000, 0x00000000d5580000)
  object space 427008K, 99% used [0x0000000080000000,0x000000009a0db8b0,0x000000009a100000)
 Metaspace       used 70560K, committed 72192K, reserved 1114112K
  class space    used 7206K, committed 7936K, reserved 1048576K
}
Event: 433.143 GC heap after
{Heap after GC invocations=634 (full 3):
 PSYoungGen      total 6656K, used 352K [0x00000000d5580000, 0x00000000d5f80000, 0x0000000100000000)
  eden space 6144K, 0% used [0x00000000d5580000,0x00000000d5580000,0x00000000d5b80000)
  from space 512K, 68% used [0x00000000d5e80000,0x00000000d5ed8000,0x00000000d5f00000)
  to   space 512K, 0% used [0x00000000d5f00000,0x00000000d5f00000,0x00000000d5f80000)
 ParOldGen       total 427008K, used 426926K [0x0000000080000000, 0x000000009a100000, 0x00000000d5580000)
  object space 427008K, 99% used [0x0000000080000000,0x000000009a0eb8b0,0x000000009a100000)
 Metaspace       used 70560K, committed 72192K, reserved 1114112K
  class space    used 7206K, committed 7936K, reserved 1048576K
}
Event: 442.389 GC heap before
{Heap before GC invocations=635 (full 3):
 PSYoungGen      total 6656K, used 6496K [0x00000000d5580000, 0x00000000d5f80000, 0x0000000100000000)
  eden space 6144K, 100% used [0x00000000d5580000,0x00000000d5b80000,0x00000000d5b80000)
  from space 512K, 68% used [0x00000000d5e80000,0x00000000d5ed8000,0x00000000d5f00000)
  to   space 512K, 0% used [0x00000000d5f00000,0x00000000d5f00000,0x00000000d5f80000)
 ParOldGen       total 427008K, used 426926K [0x0000000080000000, 0x000000009a100000, 0x00000000d5580000)
  object space 427008K, 99% used [0x0000000080000000,0x000000009a0eb8b0,0x000000009a100000)
 Metaspace       used 70576K, committed 72192K, reserved 1114112K
  class space    used 7206K, committed 7936K, reserved 1048576K
}
Event: 442.392 GC heap after
{Heap after GC invocations=635 (full 3):
 PSYoungGen      total 6656K, used 384K [0x00000000d5580000, 0x00000000d5f80000, 0x0000000100000000)
  eden space 6144K, 0% used [0x00000000d5580000,0x00000000d5580000,0x00000000d5b80000)
  from space 512K, 75% used [0x00000000d5f00000,0x00000000d5f60000,0x00000000d5f80000)
  to   space 512K, 0% used [0x00000000d5e80000,0x00000000d5e80000,0x00000000d5f00000)
 ParOldGen       total 427008K, used 426990K [0x0000000080000000, 0x000000009a100000, 0x00000000d5580000)
  object space 427008K, 99% used [0x0000000080000000,0x000000009a0fb8b0,0x000000009a100000)
 Metaspace       used 70576K, committed 72192K, reserved 1114112K
  class space    used 7206K, committed 7936K, reserved 1048576K
}
Event: 442.571 GC heap before
{Heap before GC invocations=636 (full 3):
 PSYoungGen      total 6656K, used 6528K [0x00000000d5580000, 0x00000000d5f80000, 0x0000000100000000)
  eden space 6144K, 100% used [0x00000000d5580000,0x00000000d5b80000,0x00000000d5b80000)
  from space 512K, 75% used [0x00000000d5f00000,0x00000000d5f60000,0x00000000d5f80000)
  to   space 512K, 0% used [0x00000000d5e80000,0x00000000d5e80000,0x00000000d5f00000)
 ParOldGen       total 427008K, used 426990K [0x0000000080000000, 0x000000009a100000, 0x00000000d5580000)
  object space 427008K, 99% used [0x0000000080000000,0x000000009a0fb8b0,0x000000009a100000)
 Metaspace       used 70580K, committed 72192K, reserved 1114112K
  class space    used 7206K, committed 7936K, reserved 1048576K
}
Event: 442.573 GC heap after
{Heap after GC invocations=636 (full 3):
 PSYoungGen      total 6656K, used 320K [0x00000000d5580000, 0x00000000d5f80000, 0x0000000100000000)
  eden space 6144K, 0% used [0x00000000d5580000,0x00000000d5580000,0x00000000d5b80000)
  from space 512K, 62% used [0x00000000d5e80000,0x00000000d5ed0000,0x00000000d5f00000)
  to   space 512K, 0% used [0x00000000d5f00000,0x00000000d5f00000,0x00000000d5f80000)
 ParOldGen       total 427520K, used 427142K [0x0000000080000000, 0x000000009a180000, 0x00000000d5580000)
  object space 427520K, 99% used [0x0000000080000000,0x000000009a1218b0,0x000000009a180000)
 Metaspace       used 70580K, committed 72192K, reserved 1114112K
  class space    used 7206K, committed 7936K, reserved 1048576K
}
Event: 451.782 GC heap before
{Heap before GC invocations=637 (full 3):
 PSYoungGen      total 6656K, used 6464K [0x00000000d5580000, 0x00000000d5f80000, 0x0000000100000000)
  eden space 6144K, 100% used [0x00000000d5580000,0x00000000d5b80000,0x00000000d5b80000)
  from space 512K, 62% used [0x00000000d5e80000,0x00000000d5ed0000,0x00000000d5f00000)
  to   space 512K, 0% used [0x00000000d5f00000,0x00000000d5f00000,0x00000000d5f80000)
 ParOldGen       total 427520K, used 427142K [0x0000000080000000, 0x000000009a180000, 0x00000000d5580000)
  object space 427520K, 99% used [0x0000000080000000,0x000000009a1218b0,0x000000009a180000)
 Metaspace       used 70594K, committed 72192K, reserved 1114112K
  class space    used 7206K, committed 7936K, reserved 1048576K
}
Event: 451.785 GC heap after
{Heap after GC invocations=637 (full 3):
 PSYoungGen      total 6656K, used 320K [0x00000000d5580000, 0x00000000d5f80000, 0x0000000100000000)
  eden space 6144K, 0% used [0x00000000d5580000,0x00000000d5580000,0x00000000d5b80000)
  from space 512K, 62% used [0x00000000d5f00000,0x00000000d5f50000,0x00000000d5f80000)
  to   space 512K, 0% used [0x00000000d5e80000,0x00000000d5e80000,0x00000000d5f00000)
 ParOldGen       total 427520K, used 427182K [0x0000000080000000, 0x000000009a180000, 0x00000000d5580000)
  object space 427520K, 99% used [0x0000000080000000,0x000000009a12b8b0,0x000000009a180000)
 Metaspace       used 70594K, committed 72192K, reserved 1114112K
  class space    used 7206K, committed 7936K, reserved 1048576K
}
Event: 462.937 GC heap before
{Heap before GC invocations=638 (full 3):
 PSYoungGen      total 6656K, used 6464K [0x00000000d5580000, 0x00000000d5f80000, 0x0000000100000000)
  eden space 6144K, 100% used [0x00000000d5580000,0x00000000d5b80000,0x00000000d5b80000)
  from space 512K, 62% used [0x00000000d5f00000,0x00000000d5f50000,0x00000000d5f80000)
  to   space 512K, 0% used [0x00000000d5e80000,0x00000000d5e80000,0x00000000d5f00000)
 ParOldGen       total 427520K, used 427182K [0x0000000080000000, 0x000000009a180000, 0x00000000d5580000)
  object space 427520K, 99% used [0x0000000080000000,0x000000009a12b8b0,0x000000009a180000)
 Metaspace       used 70605K, committed 72256K, reserved 1114112K
  class space    used 7206K, committed 7936K, reserved 1048576K
}
Event: 462.939 GC heap after
{Heap after GC invocations=638 (full 3):
 PSYoungGen      total 6656K, used 288K [0x00000000d5580000, 0x00000000d5f80000, 0x0000000100000000)
  eden space 6144K, 0% used [0x00000000d5580000,0x00000000d5580000,0x00000000d5b80000)
  from space 512K, 56% used [0x00000000d5e80000,0x00000000d5ec8000,0x00000000d5f00000)
  to   space 512K, 0% used [0x00000000d5f00000,0x00000000d5f00000,0x00000000d5f80000)
 ParOldGen       total 427520K, used 427262K [0x0000000080000000, 0x000000009a180000, 0x00000000d5580000)
  object space 427520K, 99% used [0x0000000080000000,0x000000009a13f8b0,0x000000009a180000)
 Metaspace       used 70605K, committed 72256K, reserved 1114112K
  class space    used 7206K, committed 7936K, reserved 1048576K
}
Event: 471.301 GC heap before
{Heap before GC invocations=639 (full 3):
 PSYoungGen      total 6656K, used 6432K [0x00000000d5580000, 0x00000000d5f80000, 0x0000000100000000)
  eden space 6144K, 100% used [0x00000000d5580000,0x00000000d5b80000,0x00000000d5b80000)
  from space 512K, 56% used [0x00000000d5e80000,0x00000000d5ec8000,0x00000000d5f00000)
  to   space 512K, 0% used [0x00000000d5f00000,0x00000000d5f00000,0x00000000d5f80000)
 ParOldGen       total 427520K, used 427262K [0x0000000080000000, 0x000000009a180000, 0x00000000d5580000)
  object space 427520K, 99% used [0x0000000080000000,0x000000009a13f8b0,0x000000009a180000)
 Metaspace       used 70609K, committed 72256K, reserved 1114112K
  class space    used 7206K, committed 7936K, reserved 1048576K
}
Event: 471.304 GC heap after
{Heap after GC invocations=639 (full 3):
 PSYoungGen      total 6656K, used 288K [0x00000000d5580000, 0x00000000d5f80000, 0x0000000100000000)
  eden space 6144K, 0% used [0x00000000d5580000,0x00000000d5580000,0x00000000d5b80000)
  from space 512K, 56% used [0x00000000d5f00000,0x00000000d5f48000,0x00000000d5f80000)
  to   space 512K, 0% used [0x00000000d5e80000,0x00000000d5e80000,0x00000000d5f00000)
 ParOldGen       total 427520K, used 427374K [0x0000000080000000, 0x000000009a180000, 0x00000000d5580000)
  object space 427520K, 99% used [0x0000000080000000,0x000000009a15b8b0,0x000000009a180000)
 Metaspace       used 70609K, committed 72256K, reserved 1114112K
  class space    used 7206K, committed 7936K, reserved 1048576K
}
Event: 471.635 GC heap before
{Heap before GC invocations=640 (full 3):
 PSYoungGen      total 6656K, used 6432K [0x00000000d5580000, 0x00000000d5f80000, 0x0000000100000000)
  eden space 6144K, 100% used [0x00000000d5580000,0x00000000d5b80000,0x00000000d5b80000)
  from space 512K, 56% used [0x00000000d5f00000,0x00000000d5f48000,0x00000000d5f80000)
  to   space 512K, 0% used [0x00000000d5e80000,0x00000000d5e80000,0x00000000d5f00000)
 ParOldGen       total 427520K, used 427374K [0x0000000080000000, 0x000000009a180000, 0x00000000d5580000)
  object space 427520K, 99% used [0x0000000080000000,0x000000009a15b8b0,0x000000009a180000)
 Metaspace       used 70620K, committed 72256K, reserved 1114112K
  class space    used 7206K, committed 7936K, reserved 1048576K
}
Event: 471.636 GC heap after
{Heap after GC invocations=640 (full 3):
 PSYoungGen      total 6656K, used 320K [0x00000000d5580000, 0x00000000d5f80000, 0x0000000100000000)
  eden space 6144K, 0% used [0x00000000d5580000,0x00000000d5580000,0x00000000d5b80000)
  from space 512K, 62% used [0x00000000d5e80000,0x00000000d5ed0000,0x00000000d5f00000)
  to   space 512K, 0% used [0x00000000d5f00000,0x00000000d5f00000,0x00000000d5f80000)
 ParOldGen       total 427520K, used 427430K [0x0000000080000000, 0x000000009a180000, 0x00000000d5580000)
  object space 427520K, 99% used [0x0000000080000000,0x000000009a1698b0,0x000000009a180000)
 Metaspace       used 70620K, committed 72256K, reserved 1114112K
  class space    used 7206K, committed 7936K, reserved 1048576K
}
Event: 481.965 GC heap before
{Heap before GC invocations=641 (full 3):
 PSYoungGen      total 6656K, used 6464K [0x00000000d5580000, 0x00000000d5f80000, 0x0000000100000000)
  eden space 6144K, 100% used [0x00000000d5580000,0x00000000d5b80000,0x00000000d5b80000)
  from space 512K, 62% used [0x00000000d5e80000,0x00000000d5ed0000,0x00000000d5f00000)
  to   space 512K, 0% used [0x00000000d5f00000,0x00000000d5f00000,0x00000000d5f80000)
 ParOldGen       total 427520K, used 427430K [0x0000000080000000, 0x000000009a180000, 0x00000000d5580000)
  object space 427520K, 99% used [0x0000000080000000,0x000000009a1698b0,0x000000009a180000)
 Metaspace       used 70638K, committed 72256K, reserved 1114112K
  class space    used 7206K, committed 7936K, reserved 1048576K
}
Event: 481.967 GC heap after
{Heap after GC invocations=641 (full 3):
 PSYoungGen      total 6656K, used 320K [0x00000000d5580000, 0x00000000d5f80000, 0x0000000100000000)
  eden space 6144K, 0% used [0x00000000d5580000,0x00000000d5580000,0x00000000d5b80000)
  from space 512K, 62% used [0x00000000d5f00000,0x00000000d5f50000,0x00000000d5f80000)
  to   space 512K, 0% used [0x00000000d5e80000,0x00000000d5e80000,0x00000000d5f00000)
 ParOldGen       total 427520K, used 427502K [0x0000000080000000, 0x000000009a180000, 0x00000000d5580000)
  object space 427520K, 99% used [0x0000000080000000,0x000000009a17b8b0,0x000000009a180000)
 Metaspace       used 70638K, committed 72256K, reserved 1114112K
  class space    used 7206K, committed 7936K, reserved 1048576K
}
Event: 520.969 GC heap before
{Heap before GC invocations=642 (full 3):
 PSYoungGen      total 6656K, used 6464K [0x00000000d5580000, 0x00000000d5f80000, 0x0000000100000000)
  eden space 6144K, 100% used [0x00000000d5580000,0x00000000d5b80000,0x00000000d5b80000)
  from space 512K, 62% used [0x00000000d5f00000,0x00000000d5f50000,0x00000000d5f80000)
  to   space 512K, 0% used [0x00000000d5e80000,0x00000000d5e80000,0x00000000d5f00000)
 ParOldGen       total 427520K, used 427502K [0x0000000080000000, 0x000000009a180000, 0x00000000d5580000)
  object space 427520K, 99% used [0x0000000080000000,0x000000009a17b8b0,0x000000009a180000)
 Metaspace       used 70652K, committed 72256K, reserved 1114112K
  class space    used 7207K, committed 7936K, reserved 1048576K
}
Event: 520.970 GC heap after
{Heap after GC invocations=642 (full 3):
 PSYoungGen      total 6656K, used 352K [0x00000000d5580000, 0x00000000d5f80000, 0x0000000100000000)
  eden space 6144K, 0% used [0x00000000d5580000,0x00000000d5580000,0x00000000d5b80000)
  from space 512K, 68% used [0x00000000d5e80000,0x00000000d5ed8000,0x00000000d5f00000)
  to   space 512K, 0% used [0x00000000d5f00000,0x00000000d5f00000,0x00000000d5f80000)
 ParOldGen       total 428032K, used 427630K [0x0000000080000000, 0x000000009a200000, 0x00000000d5580000)
  object space 428032K, 99% used [0x0000000080000000,0x000000009a19b8b0,0x000000009a200000)
 Metaspace       used 70652K, committed 72256K, reserved 1114112K
  class space    used 7207K, committed 7936K, reserved 1048576K
}
Event: 521.101 GC heap before
{Heap before GC invocations=643 (full 3):
 PSYoungGen      total 6656K, used 6496K [0x00000000d5580000, 0x00000000d5f80000, 0x0000000100000000)
  eden space 6144K, 100% used [0x00000000d5580000,0x00000000d5b80000,0x00000000d5b80000)
  from space 512K, 68% used [0x00000000d5e80000,0x00000000d5ed8000,0x00000000d5f00000)
  to   space 512K, 0% used [0x00000000d5f00000,0x00000000d5f00000,0x00000000d5f80000)
 ParOldGen       total 428032K, used 427630K [0x0000000080000000, 0x000000009a200000, 0x00000000d5580000)
  object space 428032K, 99% used [0x0000000080000000,0x000000009a19b8b0,0x000000009a200000)
 Metaspace       used 70661K, committed 72256K, reserved 1114112K
  class space    used 7207K, committed 7936K, reserved 1048576K
}
Event: 521.101 GC heap after
{Heap after GC invocations=643 (full 3):
 PSYoungGen      total 6656K, used 288K [0x00000000d5580000, 0x00000000d5f80000, 0x0000000100000000)
  eden space 6144K, 0% used [0x00000000d5580000,0x00000000d5580000,0x00000000d5b80000)
  from space 512K, 56% used [0x00000000d5f00000,0x00000000d5f48000,0x00000000d5f80000)
  to   space 512K, 0% used [0x00000000d5e80000,0x00000000d5e80000,0x00000000d5f00000)
 ParOldGen       total 428032K, used 427734K [0x0000000080000000, 0x000000009a200000, 0x00000000d5580000)
  object space 428032K, 99% used [0x0000000080000000,0x000000009a1b58b0,0x000000009a200000)
 Metaspace       used 70661K, committed 72256K, reserved 1114112K
  class space    used 7207K, committed 7936K, reserved 1048576K
}

Dll operation events (10 events):
Event: 0.014 Loaded shared library c:\Users\dhruv\.vscode\extensions\redhat.java-1.53.0-win32-x64\jre\21.0.10-win32-x86_64\bin\java.dll
Event: 0.082 Loaded shared library c:\Users\dhruv\.vscode\extensions\redhat.java-1.53.0-win32-x64\jre\21.0.10-win32-x86_64\bin\zip.dll
Event: 0.102 Loaded shared library C:\Users\dhruv\.vscode\extensions\redhat.java-1.53.0-win32-x64\jre\21.0.10-win32-x86_64\bin\instrument.dll
Event: 0.106 Loaded shared library C:\Users\dhruv\.vscode\extensions\redhat.java-1.53.0-win32-x64\jre\21.0.10-win32-x86_64\bin\net.dll
Event: 0.108 Loaded shared library C:\Users\dhruv\.vscode\extensions\redhat.java-1.53.0-win32-x64\jre\21.0.10-win32-x86_64\bin\nio.dll
Event: 0.111 Loaded shared library C:\Users\dhruv\.vscode\extensions\redhat.java-1.53.0-win32-x64\jre\21.0.10-win32-x86_64\bin\zip.dll
Event: 0.128 Loaded shared library C:\Users\dhruv\.vscode\extensions\redhat.java-1.53.0-win32-x64\jre\21.0.10-win32-x86_64\bin\jimage.dll
Event: 0.210 Loaded shared library c:\Users\dhruv\.vscode\extensions\redhat.java-1.53.0-win32-x64\jre\21.0.10-win32-x86_64\bin\verify.dll
Event: 1.495 Loaded shared library C:\Users\dhruv\AppData\Roaming\Code\User\globalStorage\redhat.java\1.53.0\config_win\org.eclipse.equinox.launcher\org.eclipse.equinox.launcher.win32.win32.x86_64_1.3.0.v20260203-2149\eclipse_11919.dll
Event: 3.350 Loaded shared library C:\Users\dhruv\AppData\Local\Temp\jna-95563663\jna15907641557961788001.dll

Deoptimization events (20 events):
Event: 471.447 Thread 0x000001447ec5e6e0 Uncommon trap: trap_request=0xffffffd6 fr.pc=0x000001442b6cc3cc relative=0x0000000000000cac
Event: 471.447 Thread 0x000001447ec5e6e0 Uncommon trap: reason=array_check action=maybe_recompile pc=0x000001442b6cc3cc method=org.eclipse.sisu.plexus.CompositeBeanHelper.findMethod(Ljava/lang/Class;[Ljava/lang/reflect/Type;Ljava/lang/String;Ljava/lang/Class;)Ljava/lang/reflect/Method; @ 110 c2
Event: 471.447 Thread 0x000001447ec5e6e0 DEOPT PACKING pc=0x000001442b6cc3cc sp=0x00000022addfd950
Event: 471.447 Thread 0x000001447ec5e6e0 DEOPT UNPACKING pc=0x000001442a353aa2 sp=0x00000022addfd8f0 mode 2
Event: 471.448 Thread 0x000001447ec5e6e0 Uncommon trap: trap_request=0xffffffd6 fr.pc=0x000001442b6cc3cc relative=0x0000000000000cac
Event: 471.448 Thread 0x000001447ec5e6e0 Uncommon trap: reason=array_check action=maybe_recompile pc=0x000001442b6cc3cc method=org.eclipse.sisu.plexus.CompositeBeanHelper.findMethod(Ljava/lang/Class;[Ljava/lang/reflect/Type;Ljava/lang/String;Ljava/lang/Class;)Ljava/lang/reflect/Method; @ 110 c2
Event: 471.448 Thread 0x000001447ec5e6e0 DEOPT PACKING pc=0x000001442b6cc3cc sp=0x00000022addfd950
Event: 471.448 Thread 0x000001447ec5e6e0 DEOPT UNPACKING pc=0x000001442a353aa2 sp=0x00000022addfd8f0 mode 2
Event: 471.448 Thread 0x000001447ec5e6e0 Uncommon trap: trap_request=0xffffffd6 fr.pc=0x000001442b6cc3cc relative=0x0000000000000cac
Event: 471.448 Thread 0x000001447ec5e6e0 Uncommon trap: reason=array_check action=maybe_recompile pc=0x000001442b6cc3cc method=org.eclipse.sisu.plexus.CompositeBeanHelper.findMethod(Ljava/lang/Class;[Ljava/lang/reflect/Type;Ljava/lang/String;Ljava/lang/Class;)Ljava/lang/reflect/Method; @ 110 c2
Event: 471.448 Thread 0x000001447ec5e6e0 DEOPT PACKING pc=0x000001442b6cc3cc sp=0x00000022addfd950
Event: 471.448 Thread 0x000001447ec5e6e0 DEOPT UNPACKING pc=0x000001442a353aa2 sp=0x00000022addfd8f0 mode 2
Event: 471.449 Thread 0x000001447ec5e6e0 Uncommon trap: trap_request=0xffffffd6 fr.pc=0x000001442b6cc3cc relative=0x0000000000000cac
Event: 471.449 Thread 0x000001447ec5e6e0 Uncommon trap: reason=array_check action=maybe_recompile pc=0x000001442b6cc3cc method=org.eclipse.sisu.plexus.CompositeBeanHelper.findMethod(Ljava/lang/Class;[Ljava/lang/reflect/Type;Ljava/lang/String;Ljava/lang/Class;)Ljava/lang/reflect/Method; @ 110 c2
Event: 471.449 Thread 0x000001447ec5e6e0 DEOPT PACKING pc=0x000001442b6cc3cc sp=0x00000022addfd950
Event: 471.449 Thread 0x000001447ec5e6e0 DEOPT UNPACKING pc=0x000001442a353aa2 sp=0x00000022addfd8f0 mode 2
Event: 536.772 Thread 0x000001447ec5e6e0 Uncommon trap: trap_request=0xffffff6e fr.pc=0x000001442b6e1520 relative=0x0000000000000640
Event: 536.772 Thread 0x000001447ec5e6e0 Uncommon trap: reason=loop_limit_check action=maybe_recompile pc=0x000001442b6e1520 method=org.codehaus.plexus.util.SelectorUtils.matchAntPathPattern([[C[[CZ)Z @ 231 c2
Event: 536.772 Thread 0x000001447ec5e6e0 DEOPT PACKING pc=0x000001442b6e1520 sp=0x00000022addfdb30
Event: 536.772 Thread 0x000001447ec5e6e0 DEOPT UNPACKING pc=0x000001442a353aa2 sp=0x00000022addfda80 mode 2

Classes loaded (20 events):
Event: 31.913 Loading class java/util/AbstractList$SubList$1
Event: 31.914 Loading class java/util/AbstractList$SubList$1 done
Event: 262.829 Loading class java/util/stream/DistinctOps
Event: 262.838 Loading class java/util/stream/DistinctOps done
Event: 262.838 Loading class java/util/stream/DistinctOps$1
Event: 262.858 Loading class java/util/stream/DistinctOps$1 done
Event: 263.074 Loading class java/util/stream/DistinctOps$1$2
Event: 263.080 Loading class java/util/stream/DistinctOps$1$2 done
Event: 263.552 Loading class java/util/ImmutableCollections$SubList
Event: 263.556 Loading class java/util/ImmutableCollections$SubList done
Event: 264.219 Loading class java/nio/file/attribute/PosixFileAttributes
Event: 264.223 Loading class java/nio/file/attribute/PosixFileAttributes done
Event: 264.374 Loading class java/nio/file/attribute/PosixFileAttributeView
Event: 264.375 Loading class java/nio/file/attribute/PosixFileAttributeView done
Event: 264.568 Loading class java/nio/file/DirectoryIteratorException
Event: 264.570 Loading class java/nio/file/DirectoryIteratorException done
Event: 266.789 Loading class java/nio/BufferMismatch
Event: 266.790 Loading class java/nio/BufferMismatch done
Event: 267.102 Loading class java/util/ArrayDeque$DeqSpliterator
Event: 267.104 Loading class java/util/ArrayDeque$DeqSpliterator done

Classes unloaded (8 events):
Event: 3.987 Thread 0x000001441fb647d0 Unloading class 0x00000144381a5400 'java/lang/invoke/LambdaForm$MH+0x00000144381a5400'
Event: 3.987 Thread 0x000001441fb647d0 Unloading class 0x00000144381a5000 'java/lang/invoke/LambdaForm$MH+0x00000144381a5000'
Event: 3.987 Thread 0x000001441fb647d0 Unloading class 0x00000144381a4c00 'java/lang/invoke/LambdaForm$MH+0x00000144381a4c00'
Event: 3.987 Thread 0x000001441fb647d0 Unloading class 0x00000144381a4800 'java/lang/invoke/LambdaForm$MH+0x00000144381a4800'
Event: 3.987 Thread 0x000001441fb647d0 Unloading class 0x00000144381a4400 'java/lang/invoke/LambdaForm$BMH+0x00000144381a4400'
Event: 3.987 Thread 0x000001441fb647d0 Unloading class 0x00000144381a4000 'java/lang/invoke/LambdaForm$DMH+0x00000144381a4000'
Event: 3.987 Thread 0x000001441fb647d0 Unloading class 0x00000144381a2c00 'java/lang/invoke/LambdaForm$DMH+0x00000144381a2c00'
Event: 28.241 Thread 0x000001441fb647d0 Unloading class 0x00000144386a9400 'java/lang/invoke/LambdaForm$DMH+0x00000144386a9400'

Classes redefined (0 events):
No events

Internal exceptions (20 events):
Event: 30.970 Thread 0x000001447ec607b0 Exception <a 'java/io/FileNotFoundException'{0x00000000d5662cc0}> (0x00000000d5662cc0) 
thrown [s\src\hotspot\share\prims\jni.cpp, line 520]
Event: 30.971 Thread 0x000001447ec607b0 Exception <a 'java/io/FileNotFoundException'{0x00000000d56733b0}> (0x00000000d56733b0) 
thrown [s\src\hotspot\share\prims\jni.cpp, line 520]
Event: 30.972 Thread 0x000001447ec607b0 Exception <a 'java/io/FileNotFoundException'{0x00000000d5674118}> (0x00000000d5674118) 
thrown [s\src\hotspot\share\prims\jni.cpp, line 520]
Event: 31.423 Thread 0x000001447ec5e050 Exception <a 'java/lang/NoSuchMethodError'{0x00000000d55f7d70}: 'void java.lang.invoke.DelegatingMethodHandle$Holder.reinvoke_L(java.lang.Object, java.lang.Object, java.lang.Object, int, java.lang.Object, int, int)'> (0x00000000d55f7d70) 
thrown [s\src\hotspot\share\interpreter\linkResolver.cpp, line 773]
Event: 32.896 Thread 0x00000144016260f0 Exception <a 'java/lang/IncompatibleClassChangeError'{0x00000000d56b28f0}: Found class java.lang.Object, but interface was expected> (0x00000000d56b28f0) 
thrown [s\src\hotspot\share\interpreter\linkResolver.cpp, line 840]
Event: 32.907 Thread 0x00000144014e6bf0 Exception <a 'java/lang/NoSuchMethodError'{0x00000000d56ee2f8}: 'java.lang.Object java.lang.invoke.DirectMethodHandle$Holder.invokeSpecial(java.lang.Object, java.lang.Object, java.lang.Object, java.lang.Object, int, java.lang.Object, java.lang.Object)'> (0x00000000d56ee2f8) 
thrown [s\src\hotspot\share\interpreter\linkResolver.cpp, line 773]
Event: 44.648 Thread 0x00000144016260f0 Exception <a 'java/lang/IncompatibleClassChangeError'{0x00000000d56e5668}: Found class java.lang.Object, but interface was expected> (0x00000000d56e5668) 
thrown [s\src\hotspot\share\interpreter\linkResolver.cpp, line 840]
Event: 44.659 Thread 0x00000144014e5ed0 Exception <a 'java/lang/ArrayIndexOutOfBoundsException'{0x00000000d5714d18}> (0x00000000d5714d18) 
thrown [s\src\hotspot\share\runtime\sharedRuntime.cpp, line 625]
Event: 50.884 Thread 0x00000144014e5ed0 Implicit null exception at 0x000001442ad3284b to 0x000001442ad329a8
Event: 263.242 Thread 0x0000014401624d40 Exception <a 'sun/nio/fs/WindowsException'{0x00000000d5aa7910}> (0x00000000d5aa7910) 
thrown [s\src\hotspot\share\prims\jni.cpp, line 520]
Event: 263.243 Thread 0x0000014401624d40 Exception <a 'sun/nio/fs/WindowsException'{0x00000000d5aa8458}> (0x00000000d5aa8458) 
thrown [s\src\hotspot\share\prims\jni.cpp, line 520]
Event: 265.685 Thread 0x000001447ec5e6e0 Exception <a 'java/lang/NoSuchMethodError'{0x00000000d58ec9d8}: 'java.lang.Object java.lang.invoke.DirectMethodHandle$Holder.newInvokeSpecial(java.lang.Object, java.lang.Object, int, java.lang.Object, java.lang.Object)'> (0x00000000d58ec9d8) 
thrown [s\src\hotspot\share\interpreter\linkResolver.cpp, line 773]
Event: 265.721 Thread 0x000001447ec5e6e0 Exception <a 'java/lang/NoSuchMethodError'{0x00000000d5905e00}: 'java.lang.Object java.lang.invoke.DirectMethodHandle$Holder.invokeSpecial(java.lang.Object, java.lang.Object, java.lang.Object, int, java.lang.Object, java.lang.Object, java.lang.Object)'> (0x00000000d5905e00) 
thrown [s\src\hotspot\share\interpreter\linkResolver.cpp, line 773]
Event: 265.724 Thread 0x000001447ec5e6e0 Exception <a 'java/lang/NoSuchMethodError'{0x00000000d590dc48}: 'java.lang.Object java.lang.invoke.DirectMethodHandle$Holder.invokeStatic(java.lang.Object, java.lang.Object, int, java.lang.Object, java.lang.Object)'> (0x00000000d590dc48) 
thrown [s\src\hotspot\share\interpreter\linkResolver.cpp, line 773]
Event: 265.823 Thread 0x000001447ec5e6e0 Exception <a 'java/lang/NoSuchMethodError'{0x00000000d598da00}: 'void java.lang.invoke.DirectMethodHandle$Holder.invokeStatic(java.lang.Object, int)'> (0x00000000d598da00) 
thrown [s\src\hotspot\share\interpreter\linkResolver.cpp, line 773]
Event: 266.137 Thread 0x000001447ec5e6e0 Exception <a 'java/io/FileNotFoundException'{0x00000000d59b96c8}> (0x00000000d59b96c8) 
thrown [s\src\hotspot\share\prims\jni.cpp, line 520]
Event: 266.138 Thread 0x000001447ec5e6e0 Exception <a 'java/io/FileNotFoundException'{0x00000000d59ba960}> (0x00000000d59ba960) 
thrown [s\src\hotspot\share\prims\jni.cpp, line 520]
Event: 266.141 Thread 0x000001447ec5e6e0 Exception <a 'java/io/FileNotFoundException'{0x00000000d59bb950}> (0x00000000d59bb950) 
thrown [s\src\hotspot\share\prims\jni.cpp, line 520]
Event: 266.433 Thread 0x000001447ec5e6e0 Implicit null exception at 0x000001442abca09f to 0x000001442abcad4c
Event: 267.771 Thread 0x000001447ec5e6e0 Exception <a 'java/lang/NoSuchMethodError'{0x00000000d59ed470}: 'void java.lang.invoke.DirectMethodHandle$Holder.invokeSpecial(java.lang.Object, java.lang.Object, java.lang.Object, java.lang.Object, java.lang.Object, java.lang.Object, java.lang.Object)'> (0x00000000d59ed470) 
thrown [s\src\hotspot\share\interpreter\linkResolver.cpp, line 773]

ZGC Phase Switch (0 events):
No events

VM Operations (20 events):
Event: 442.573 Executing safepoint VM operation: ParallelGCFailedAllocation (Allocation Failure) done
Event: 451.648 Executing safepoint VM operation: Cleanup
Event: 451.648 Executing safepoint VM operation: Cleanup done
Event: 451.782 Executing safepoint VM operation: ParallelGCFailedAllocation (Allocation Failure)
Event: 451.785 Executing safepoint VM operation: ParallelGCFailedAllocation (Allocation Failure) done
Event: 462.842 Executing safepoint VM operation: Cleanup
Event: 462.842 Executing safepoint VM operation: Cleanup done
Event: 462.937 Executing safepoint VM operation: ParallelGCFailedAllocation (Allocation Failure)
Event: 462.939 Executing safepoint VM operation: ParallelGCFailedAllocation (Allocation Failure) done
Event: 471.301 Executing safepoint VM operation: ParallelGCFailedAllocation (Allocation Failure)
Event: 471.304 Executing safepoint VM operation: ParallelGCFailedAllocation (Allocation Failure) done
Event: 471.635 Executing safepoint VM operation: ParallelGCFailedAllocation (Allocation Failure)
Event: 471.636 Executing safepoint VM operation: ParallelGCFailedAllocation (Allocation Failure) done
Event: 481.965 Executing safepoint VM operation: ParallelGCFailedAllocation (Allocation Failure)
Event: 481.967 Executing safepoint VM operation: ParallelGCFailedAllocation (Allocation Failure) done
Event: 520.969 Executing safepoint VM operation: ParallelGCFailedAllocation (Allocation Failure)
Event: 520.971 Executing safepoint VM operation: ParallelGCFailedAllocation (Allocation Failure) done
Event: 521.101 Executing safepoint VM operation: ParallelGCFailedAllocation (Allocation Failure)
Event: 521.102 Executing safepoint VM operation: ParallelGCFailedAllocation (Allocation Failure) done
Event: 537.111 Executing safepoint VM operation: Cleanup

Memory protections (0 events):
No events

Nmethod flushes (20 events):
Event: 28.280 Thread 0x000001441fb647d0 flushing osr nmethod 0x0000014423650c90
Event: 28.280 Thread 0x000001441fb647d0 flushing  nmethod 0x000001442365a790
Event: 28.280 Thread 0x000001441fb647d0 flushing  nmethod 0x000001442366df10
Event: 28.280 Thread 0x000001441fb647d0 flushing  nmethod 0x0000014423679f10
Event: 28.280 Thread 0x000001441fb647d0 flushing  nmethod 0x000001442367a890
Event: 28.280 Thread 0x000001441fb647d0 flushing  nmethod 0x000001442367dd90
Event: 28.280 Thread 0x000001441fb647d0 flushing  nmethod 0x000001442367ec90
Event: 28.280 Thread 0x000001441fb647d0 flushing  nmethod 0x000001442367f290
Event: 28.280 Thread 0x000001441fb647d0 flushing  nmethod 0x00000144236a0b10
Event: 28.280 Thread 0x000001441fb647d0 flushing  nmethod 0x00000144236a1110
Event: 28.280 Thread 0x000001441fb647d0 flushing  nmethod 0x00000144236a1990
Event: 28.280 Thread 0x000001441fb647d0 flushing  nmethod 0x00000144236a2090
Event: 28.280 Thread 0x000001441fb647d0 flushing  nmethod 0x00000144236a3e90
Event: 28.280 Thread 0x000001441fb647d0 flushing  nmethod 0x00000144236ad010
Event: 28.280 Thread 0x000001441fb647d0 flushing  nmethod 0x00000144236b2b90
Event: 28.280 Thread 0x000001441fb647d0 flushing  nmethod 0x00000144236df890
Event: 28.280 Thread 0x000001441fb647d0 flushing  nmethod 0x00000144236f8a90
Event: 28.280 Thread 0x000001441fb647d0 flushing  nmethod 0x0000014423740990
Event: 28.280 Thread 0x000001441fb647d0 flushing  nmethod 0x0000014423747190
Event: 28.280 Thread 0x000001441fb647d0 flushing  nmethod 0x0000014423750610

Events (20 events):
Event: 266.368 Thread 0x0000014411c99a20 Thread exited: 0x0000014411c99a20
Event: 266.368 Thread 0x0000014411c9a740 Thread exited: 0x0000014411c9a740
Event: 266.369 Thread 0x0000014411c98670 Thread exited: 0x0000014411c98670
Event: 266.599 Thread 0x0000014403a89c20 Thread exited: 0x0000014403a89c20
Event: 266.918 Thread 0x0000014403a88e80 Thread exited: 0x0000014403a88e80
Event: 267.167 Thread 0x000001447958f960 Thread added: 0x0000014403a88e80
Event: 267.351 Thread 0x0000014403a88e80 Thread exited: 0x0000014403a88e80
Event: 285.008 Thread 0x000001447959a170 Thread added: 0x0000014403a89c20
Event: 290.187 Thread 0x0000014403a89c20 Thread exited: 0x0000014403a89c20
Event: 302.984 Thread 0x00000144014e6bf0 Thread exited: 0x00000144014e6bf0
Event: 303.616 Thread 0x000001447959a170 Thread added: 0x0000014403a887b0
Event: 307.605 Thread 0x0000014403a887b0 Thread exited: 0x0000014403a887b0
Event: 324.139 Thread 0x000001447959a170 Thread added: 0x0000014403a887b0
Event: 325.532 Thread 0x000001447ec614d0 Thread exited: 0x000001447ec614d0
Event: 327.609 Thread 0x0000014403a887b0 Thread exited: 0x0000014403a887b0
Event: 362.991 Thread 0x00000144014e51b0 Thread exited: 0x00000144014e51b0
Event: 423.004 Thread 0x00000144014e5ed0 Thread exited: 0x00000144014e5ed0
Event: 462.926 Thread 0x000001447959a170 Thread added: 0x0000014403a887b0
Event: 468.102 Thread 0x0000014403a887b0 Thread exited: 0x0000014403a887b0
Event: 483.023 Thread 0x00000144014e7fa0 Thread exited: 0x00000144014e7fa0


Dynamic libraries:
0x00007ff7e3a00000 - 0x00007ff7e3a0e000 	c:\Users\dhruv\.vscode\extensions\redhat.java-1.53.0-win32-x64\jre\21.0.10-win32-x86_64\bin\java.exe
0x00007ffc9c540000 - 0x00007ffc9c7a7000 	C:\Windows\SYSTEM32\ntdll.dll
0x00007ffc9bbf0000 - 0x00007ffc9bcb9000 	C:\Windows\System32\KERNEL32.DLL
0x00007ffc98ed0000 - 0x00007ffc992c1000 	C:\Windows\System32\KERNELBASE.dll
0x00007ffc99e00000 - 0x00007ffc99f4b000 	C:\Windows\System32\ucrtbase.dll
0x00007ffc8e9b0000 - 0x00007ffc8e9c8000 	c:\Users\dhruv\.vscode\extensions\redhat.java-1.53.0-win32-x64\jre\21.0.10-win32-x86_64\bin\jli.dll
0x00007ffc9a620000 - 0x00007ffc9a7e5000 	C:\Windows\System32\USER32.dll
0x00007ffc9a2b0000 - 0x00007ffc9a2d7000 	C:\Windows\System32\win32u.dll
0x00007ffc79410000 - 0x00007ffc796a3000 	C:\Windows\WinSxS\amd64_microsoft.windows.common-controls_6595b64144ccf1df_6.0.26100.8037_none_3e092faae333b53b\COMCTL32.dll
0x00007ffc9b230000 - 0x00007ffc9b25b000 	C:\Windows\System32\GDI32.dll
0x00007ffc9a0d0000 - 0x00007ffc9a1fb000 	C:\Windows\System32\gdi32full.dll
0x00007ffc9b490000 - 0x00007ffc9b539000 	C:\Windows\System32\msvcrt.dll
0x00007ffc98e20000 - 0x00007ffc98ec3000 	C:\Windows\System32\msvcp_win.dll
0x00007ffc8d560000 - 0x00007ffc8d57e000 	c:\Users\dhruv\.vscode\extensions\redhat.java-1.53.0-win32-x64\jre\21.0.10-win32-x86_64\bin\VCRUNTIME140.dll
0x00007ffc9c2a0000 - 0x00007ffc9c2d1000 	C:\Windows\System32\IMM32.DLL
0x00007ffc93620000 - 0x00007ffc9362c000 	c:\Users\dhruv\.vscode\extensions\redhat.java-1.53.0-win32-x64\jre\21.0.10-win32-x86_64\bin\vcruntime140_1.dll
0x00007ffc67140000 - 0x00007ffc671cd000 	c:\Users\dhruv\.vscode\extensions\redhat.java-1.53.0-win32-x64\jre\21.0.10-win32-x86_64\bin\msvcp140.dll
0x00007ffc05650000 - 0x00007ffc063f1000 	c:\Users\dhruv\.vscode\extensions\redhat.java-1.53.0-win32-x64\jre\21.0.10-win32-x86_64\bin\server\jvm.dll
0x00007ffc9a880000 - 0x00007ffc9a93b000 	C:\Windows\System32\ADVAPI32.dll
0x00007ffc9b260000 - 0x00007ffc9b307000 	C:\Windows\System32\sechost.dll
0x00007ffc9a2e0000 - 0x00007ffc9a3f8000 	C:\Windows\System32\RPCRT4.dll
0x00007ffc9a800000 - 0x00007ffc9a874000 	C:\Windows\System32\WS2_32.dll
0x00007ffc98ca0000 - 0x00007ffc98cfe000 	C:\Windows\SYSTEM32\POWRPROF.dll
0x00007ffc90f50000 - 0x00007ffc90f85000 	C:\Windows\SYSTEM32\WINMM.dll
0x00007ffc7c780000 - 0x00007ffc7c78b000 	C:\Windows\SYSTEM32\VERSION.dll
0x00007ffc98c80000 - 0x00007ffc98c94000 	C:\Windows\SYSTEM32\UMPDC.dll
0x00007ffc97b80000 - 0x00007ffc97b9b000 	C:\Windows\SYSTEM32\kernel.appcore.dll
0x00007ffc93600000 - 0x00007ffc9360a000 	c:\Users\dhruv\.vscode\extensions\redhat.java-1.53.0-win32-x64\jre\21.0.10-win32-x86_64\bin\jimage.dll
0x00007ffc96e50000 - 0x00007ffc97092000 	C:\Windows\SYSTEM32\DBGHELP.DLL
0x00007ffc9bd20000 - 0x00007ffc9c0a2000 	C:\Windows\System32\combase.dll
0x00007ffc9b0c0000 - 0x00007ffc9b197000 	C:\Windows\System32\OLEAUT32.dll
0x00007ffc7a2d0000 - 0x00007ffc7a30b000 	C:\Windows\SYSTEM32\dbgcore.DLL
0x00007ffc9a200000 - 0x00007ffc9a2a5000 	C:\Windows\System32\bcryptPrimitives.dll
0x00007ffc8d6f0000 - 0x00007ffc8d6ff000 	c:\Users\dhruv\.vscode\extensions\redhat.java-1.53.0-win32-x64\jre\21.0.10-win32-x86_64\bin\instrument.dll
0x00007ffc838c0000 - 0x00007ffc838e0000 	c:\Users\dhruv\.vscode\extensions\redhat.java-1.53.0-win32-x64\jre\21.0.10-win32-x86_64\bin\java.dll
0x00007ffc9a950000 - 0x00007ffc9b0af000 	C:\Windows\System32\SHELL32.dll
0x00007ffc99c90000 - 0x00007ffc99dfa000 	C:\Windows\System32\wintypes.dll
0x00007ffc992d0000 - 0x00007ffc99b34000 	C:\Windows\System32\windows.storage.dll
0x00007ffc9a4a0000 - 0x00007ffc9a597000 	C:\Windows\System32\SHCORE.dll
0x00007ffc9c490000 - 0x00007ffc9c4f7000 	C:\Windows\System32\shlwapi.dll
0x00007ffc98d40000 - 0x00007ffc98d69000 	C:\Windows\SYSTEM32\profapi.dll
0x00007ffc7a110000 - 0x00007ffc7a128000 	c:\Users\dhruv\.vscode\extensions\redhat.java-1.53.0-win32-x64\jre\21.0.10-win32-x86_64\bin\zip.dll
0x00007ffc8d1f0000 - 0x00007ffc8d200000 	C:\Users\dhruv\.vscode\extensions\redhat.java-1.53.0-win32-x64\jre\21.0.10-win32-x86_64\bin\net.dll
0x00007ffc8ef80000 - 0x00007ffc8f0a7000 	C:\Windows\SYSTEM32\WINHTTP.dll
0x00007ffc98120000 - 0x00007ffc9818b000 	C:\Windows\system32\mswsock.dll
0x00007ffc7a0d0000 - 0x00007ffc7a0e6000 	C:\Users\dhruv\.vscode\extensions\redhat.java-1.53.0-win32-x64\jre\21.0.10-win32-x86_64\bin\nio.dll
0x00007ffc85be0000 - 0x00007ffc85bf0000 	c:\Users\dhruv\.vscode\extensions\redhat.java-1.53.0-win32-x64\jre\21.0.10-win32-x86_64\bin\verify.dll
0x00007ffc69cf0000 - 0x00007ffc69d35000 	C:\Users\dhruv\AppData\Roaming\Code\User\globalStorage\redhat.java\1.53.0\config_win\org.eclipse.equinox.launcher\org.eclipse.equinox.launcher.win32.win32.x86_64_1.3.0.v20260203-2149\eclipse_11919.dll
0x00007ffc9c2e0000 - 0x00007ffc9c475000 	C:\Windows\System32\ole32.dll
0x00007ffc98410000 - 0x00007ffc9842b000 	C:\Windows\SYSTEM32\CRYPTSP.dll
0x00007ffc97ae0000 - 0x00007ffc97b19000 	C:\Windows\system32\rsaenh.dll
0x00007ffc981d0000 - 0x00007ffc98202000 	C:\Windows\SYSTEM32\USERENV.dll
0x00007ffc98d10000 - 0x00007ffc98d3a000 	C:\Windows\SYSTEM32\bcrypt.dll
0x00007ffc98400000 - 0x00007ffc9840c000 	C:\Windows\SYSTEM32\CRYPTBASE.dll
0x00007ffc97560000 - 0x00007ffc97593000 	C:\Windows\SYSTEM32\IPHLPAPI.DLL
0x00007ffc9c480000 - 0x00007ffc9c48a000 	C:\Windows\System32\NSI.dll
0x00007ffc68d80000 - 0x00007ffc68dc9000 	C:\Users\dhruv\AppData\Local\Temp\jna-95563663\jna15907641557961788001.dll
0x00007ffc9a940000 - 0x00007ffc9a948000 	C:\Windows\System32\PSAPI.DLL
0x00007ffc90880000 - 0x00007ffc9089d000 	C:\Windows\SYSTEM32\dhcpcsvc6.DLL
0x00007ffc8ff40000 - 0x00007ffc8ff63000 	C:\Windows\SYSTEM32\dhcpcsvc.DLL

JVMTI agents:
c:\Users\dhruv\.vscode\extensions\redhat.java-1.53.0-win32-x64\lombok\lombok-1.18.39-4050.jar path:c:\Users\dhruv\.vscode\extensions\redhat.java-1.53.0-win32-x64\jre\21.0.10-win32-x86_64\bin\instrument.dll, loaded, initialized, instrumentlib options:none

dbghelp: loaded successfully - version: 4.0.5 - missing functions: none
symbol engine: initialized successfully - sym options: 0x614 - pdb path: .;c:\Users\dhruv\.vscode\extensions\redhat.java-1.53.0-win32-x64\jre\21.0.10-win32-x86_64\bin;C:\Windows\SYSTEM32;C:\Windows\WinSxS\amd64_microsoft.windows.common-controls_6595b64144ccf1df_6.0.26100.8037_none_3e092faae333b53b;c:\Users\dhruv\.vscode\extensions\redhat.java-1.53.0-win32-x64\jre\21.0.10-win32-x86_64\bin\server;C:\Users\dhruv\AppData\Roaming\Code\User\globalStorage\redhat.java\1.53.0\config_win\org.eclipse.equinox.launcher\org.eclipse.equinox.launcher.win32.win32.x86_64_1.3.0.v20260203-2149;C:\Users\dhruv\AppData\Local\Temp\jna-95563663

VM Arguments:
jvm_args: --add-modules=ALL-SYSTEM --add-opens=java.base/java.util=ALL-UNNAMED --add-opens=java.base/java.lang=ALL-UNNAMED --add-opens=java.base/sun.nio.fs=ALL-UNNAMED -Declipse.application=org.eclipse.jdt.ls.core.id1 -Dosgi.bundles.defaultStartLevel=4 -Declipse.product=org.eclipse.jdt.ls.core.product -Djava.import.generatesMetadataFilesAtProjectRoot=false -DDetectVMInstallationsJob.disabled=true -Dfile.encoding=utf8 -XX:+UseParallelGC -XX:GCTimeRatio=4 -XX:AdaptiveSizePolicyWeight=90 -Dsun.zip.disableMemoryMapping=true -Xmx2G -Xms100m -Xlog:disable -javaagent:c:\Users\dhruv\.vscode\extensions\redhat.java-1.53.0-win32-x64\lombok\lombok-1.18.39-4050.jar -XX:+HeapDumpOnOutOfMemoryError -XX:HeapDumpPath=c:\Users\dhruv\AppData\Roaming\Code\User\workspaceStorage\7d28d01f3346ece97dc27ea15ebc63fd\redhat.java -Daether.dependencyCollector.impl=bf 
java_command: c:\Users\dhruv\.vscode\extensions\redhat.java-1.53.0-win32-x64\server\plugins\org.eclipse.equinox.launcher_1.7.100.v20251111-0406.jar -configuration c:\Users\dhruv\AppData\Roaming\Code\User\globalStorage\redhat.java\1.53.0\config_win -data c:\Users\dhruv\AppData\Roaming\Code\User\workspaceStorage\7d28d01f3346ece97dc27ea15ebc63fd\redhat.java\jdt_ws --pipe=\\.\pipe\lsp-7e0ed8fe9f1c1ff7fd2f1f26aa4b34bd-sock
java_class_path (initial): c:\Users\dhruv\.vscode\extensions\redhat.java-1.53.0-win32-x64\server\plugins\org.eclipse.equinox.launcher_1.7.100.v20251111-0406.jar
Launcher Type: SUN_STANDARD

[Global flags]
    uintx AdaptiveSizePolicyWeight                 = 90                                        {product} {command line}
     intx CICompilerCount                          = 4                                         {product} {ergonomic}
    uintx GCTimeRatio                              = 4                                         {product} {command line}
     bool HeapDumpOnOutOfMemoryError               = true                                   {manageable} {command line}
    ccstr HeapDumpPath                             = c:\Users\dhruv\AppData\Roaming\Code\User\workspaceStorage\7d28d01f3346ece97dc27ea15ebc63fd\redhat.java         {manageable} {command line}
   size_t InitialHeapSize                          = 104857600                                 {product} {command line}
   size_t MaxHeapSize                              = 2147483648                                {product} {command line}
   size_t MaxNewSize                               = 715653120                                 {product} {ergonomic}
   size_t MinHeapDeltaBytes                        = 524288                                    {product} {ergonomic}
   size_t MinHeapSize                              = 104857600                                 {product} {command line}
   size_t NewSize                                  = 34603008                                  {product} {ergonomic}
    uintx NonNMethodCodeHeapSize                   = 5839372                                {pd product} {ergonomic}
    uintx NonProfiledCodeHeapSize                  = 122909434                              {pd product} {ergonomic}
   size_t OldSize                                  = 70254592                                  {product} {ergonomic}
    uintx ProfiledCodeHeapSize                     = 122909434                              {pd product} {ergonomic}
    uintx ReservedCodeCacheSize                    = 251658240                              {pd product} {ergonomic}
     bool SegmentedCodeCache                       = true                                      {product} {ergonomic}
   size_t SoftMaxHeapSize                          = 2147483648                             {manageable} {ergonomic}
     bool UseCompressedOops                        = true                           {product lp64_product} {ergonomic}
     bool UseLargePagesIndividualAllocation        = false                                  {pd product} {ergonomic}
     bool UseParallelGC                            = true                                      {product} {command line}

Logging:
Log output configuration:
 #0: stdout all=off uptime,level,tags foldmultilines=false
 #1: stderr all=off uptime,level,tags foldmultilines=false

Release file:
JAVA_VERSION="21.0.10" 
MODULES="java.base java.compiler java.datatransfer java.xml java.prefs java.desktop java.instrument java.logging java.management java.security.sasl java.naming java.rmi java.management.rmi java.net.http java.scripting java.security.jgss java.transaction.xa java.sql java.sql.rowset java.xml.crypto java.se java.smartcardio jdk.accessibility jdk.internal.jvmstat jdk.attach jdk.charsets jdk.internal.opt jdk.zipfs jdk.compiler jdk.crypto.ec jdk.crypto.cryptoki jdk.crypto.mscapi jdk.dynalink jdk.internal.ed jdk.editpad jdk.hotspot.agent jdk.httpserver jdk.internal.le jdk.internal.vm.ci jdk.internal.vm.compiler jdk.internal.vm.compiler.management jdk.jartool jdk.javadoc jdk.jcmd jdk.management jdk.management.agent jdk.jconsole jdk.jdeps jdk.jdwp.agent jdk.jdi jdk.jfr jdk.jshell jdk.jsobject jdk.jstatd jdk.localedata jdk.management.jfr jdk.naming.dns jdk.naming.rmi jdk.net jdk.nio.mapmode jdk.random jdk.sctp jdk.security.auth jdk.security.jgss jdk.unsupported jdk.unsupported.desktop jdk.xml.dom" 

Environment Variables:
PATH=C:\Users\dhruv\AppData\Local\Programs\Microsoft VS Code;C:\Program Files\Common Files\Oracle\Java\javapath;C:\Windows\system32;C:\Windows;C:\Windows\System32\Wbem;C:\Windows\System32\WindowsPowerShell\v1.0\;C:\Windows\System32\OpenSSH\;C:\Program Files\nodejs\;C:\Program Files\Git\cmd;C:\Program Files\MongoDB\Server\8.0\bin;C:\Program Files\MySQL\MySQL Server 8.0\bin;C:\Users\dhruv\Downloads\gradle-8.14.3\bin;C:\Program Files\Docker\Docker\resources\bin;C:\Program Files\Apache\MAVEN\bin;C:\Program Files\Apache\MAVEN\apache-maven-3.9.12\bin;C:\Program Files\MySQL\MySQL Shell 8.0\bin\;C:\Users\dhruv\AppData\Local\Microsoft\WindowsApps;C:\Users\dhruv\AppData\Local\Programs\Microsoft VS Code\bin;C:\Users\dhruv\AppData\Roaming\npm;C:\Program Files\JetBrains\IntelliJ IDEA Community Edition 2025.1.4.1\bin;C:\Users\dhruv\AppData\Local\Programs\cursor\resources\app\bin
USERNAME=dhruv
OS=Windows_NT
PROCESSOR_IDENTIFIER=Intel64 Family 6 Model 186 Stepping 2, GenuineIntel
TMP=C:\Users\dhruv\AppData\Local\Temp
TEMP=C:\Users\dhruv\AppData\Local\Temp




Periodic native trim disabled

---------------  S Y S T E M  ---------------

OS:
 Windows 11 , 64 bit Build 26100 (10.0.26100.7920)
OS uptime: 0 days 23:43 hours
Hyper-V role detected

CPU: total 12 (initial active 12) (6 cores per cpu, 2 threads per core) family 6 model 186 stepping 2 microcode 0x6134, cx8, cmov, fxsr, ht, mmx, 3dnowpref, sse, sse2, sse3, ssse3, sse4.1, sse4.2, popcnt, lzcnt, tsc, tscinvbit, avx, avx2, aes, erms, clmul, bmi1, bmi2, adx, sha, fma, vzeroupper, clflush, clflushopt, clwb, hv, serialize, rdtscp, rdpid, fsrm, f16c, cet_ibt, cet_ss
Processor Information for processor 0
  Max Mhz: 2100, Current Mhz: 2100, Mhz Limit: 2100
Processor Information for processor 1
  Max Mhz: 2100, Current Mhz: 2100, Mhz Limit: 2100
Processor Information for processor 2
  Max Mhz: 2100, Current Mhz: 2100, Mhz Limit: 2100
Processor Information for processor 3
  Max Mhz: 2100, Current Mhz: 2100, Mhz Limit: 2100
Processor Information for processor 4
  Max Mhz: 2100, Current Mhz: 1453, Mhz Limit: 2100
Processor Information for processor 5
  Max Mhz: 2100, Current Mhz: 2100, Mhz Limit: 2100
Processor Information for processor 6
  Max Mhz: 2100, Current Mhz: 2100, Mhz Limit: 2100
Processor Information for processor 7
  Max Mhz: 2100, Current Mhz: 2100, Mhz Limit: 2100
Processor Information for processor 8
  Max Mhz: 2100, Current Mhz: 1500, Mhz Limit: 1491
Processor Information for processor 9
  Max Mhz: 2100, Current Mhz: 1500, Mhz Limit: 1491
Processor Information for processor 10
  Max Mhz: 2100, Current Mhz: 1500, Mhz Limit: 1491
Processor Information for processor 11
  Max Mhz: 2100, Current Mhz: 1500, Mhz Limit: 1491

Memory: 4k page, system-wide physical 16076M (3442M free)
TotalPageFile size 46395M (AvailPageFile size 1M)
current process WorkingSet (physical memory assigned to process): 188M, peak: 718M
current process commit charge ("private bytes"): 765M, peak: 791M

vm_info: OpenJDK 64-Bit Server VM (21.0.10+7-LTS) for windows-amd64 JRE (21.0.10+7-LTS), built on 2026-01-20T00:00:00Z by "admin" with MS VC++ 17.12 (VS2022)

END.
