#
# There is insufficient memory for the Java Runtime Environment to continue.
# Native memory allocation (malloc) failed to allocate 1806896 bytes. Error detail: Chunk::new
# Possible reasons:
#   The system is out of physical RAM or swap space
#   This process is running with CompressedOops enabled, and the Java Heap may be blocking the growth of the native heap
# Possible solutions:
#   Reduce memory load on the system
#   Increase physical memory or swap space
#   Check if swap backing store is full
#   Decrease Java heap size (-Xmx/-Xms)
#   Decrease number of Java threads
#   Decrease Java thread stack sizes (-Xss)
#   Set larger code cache with -XX:ReservedCodeCacheSize=
#   JVM is running with Unscaled Compressed Oops mode in which the Java heap is
#     placed in the first 4GB address space. The Java Heap base address is the
#     maximum limit for the native heap growth. Please use -XX:HeapBaseMinAddress
#     to set the Java Heap base and to place the Java Heap above 4GB virtual address.
# This output file may be truncated or incomplete.
#
#  Out of Memory Error (arena.cpp:168), pid=10728, tid=20992
#
# JRE version: OpenJDK Runtime Environment Temurin-21.0.10+7 (21.0.10+7) (build 21.0.10+7-LTS)
# Java VM: OpenJDK 64-Bit Server VM Temurin-21.0.10+7 (21.0.10+7-LTS, mixed mode, sharing, tiered, compressed oops, compressed class ptrs, parallel gc, windows-amd64)
# No core dump will be written. Minidumps are not enabled by default on client versions of Windows
#

---------------  S U M M A R Y ------------

Command Line: --add-modules=ALL-SYSTEM --add-opens=java.base/java.util=ALL-UNNAMED --add-opens=java.base/java.lang=ALL-UNNAMED --add-opens=java.base/sun.nio.fs=ALL-UNNAMED -Declipse.application=org.eclipse.jdt.ls.core.id1 -Dosgi.bundles.defaultStartLevel=4 -Declipse.product=org.eclipse.jdt.ls.core.product -Djava.import.generatesMetadataFilesAtProjectRoot=false -DDetectVMInstallationsJob.disabled=true -Dfile.encoding=utf8 -XX:+UseParallelGC -XX:GCTimeRatio=4 -XX:AdaptiveSizePolicyWeight=90 -Dsun.zip.disableMemoryMapping=true -Xmx2G -Xms100m -Xlog:disable -javaagent:c:\Users\dhruv\.vscode\extensions\redhat.java-1.53.0-win32-x64\lombok\lombok-1.18.39-4050.jar -XX:+HeapDumpOnOutOfMemoryError -XX:HeapDumpPath=c:\Users\dhruv\AppData\Roaming\Code\User\workspaceStorage\7d28d01f3346ece97dc27ea15ebc63fd\redhat.java -Daether.dependencyCollector.impl=bf c:\Users\dhruv\.vscode\extensions\redhat.java-1.53.0-win32-x64\server\plugins\org.eclipse.equinox.launcher_1.7.100.v20251111-0406.jar -configuration c:\Users\dhruv\AppData\Roaming\Code\User\globalStorage\redhat.java\1.53.0\config_win -data c:\Users\dhruv\AppData\Roaming\Code\User\workspaceStorage\7d28d01f3346ece97dc27ea15ebc63fd\redhat.java\jdt_ws --pipe=\\.\pipe\lsp-3694b7bd4656babf9c76085f04b23271-sock

Host: 13th Gen Intel(R) Core(TM) i5-13420H, 12 cores, 15G,  Windows 11 , 64 bit Build 26100 (10.0.26100.7920)
Time: Sun Mar 29 14:09:07 2026 India Standard Time elapsed time: 35.977353 seconds (0d 0h 0m 35s)

---------------  T H R E A D  ---------------

Current thread (0x000001d0fbf36b50):  JavaThread "C2 CompilerThread2" daemon [_thread_in_native, id=20992, stack(0x000000a334e00000,0x000000a334f00000) (1024K)]


Current CompileTask:
C2:35977 11546       4       org.eclipse.jdt.internal.compiler.lookup.BinaryTypeBinding::createMethod (1666 bytes)

Stack: [0x000000a334e00000,0x000000a334f00000]
Native frames: (J=compiled Java code, j=interpreted, Vv=VM code, C=native code)
V  [jvm.dll+0x6d7a39]
V  [jvm.dll+0x8b4b26]
V  [jvm.dll+0x8b70de]
V  [jvm.dll+0x8b77c3]
V  [jvm.dll+0x284346]
V  [jvm.dll+0xc66ed]
V  [jvm.dll+0xc6c31]
V  [jvm.dll+0x3bec01]
V  [jvm.dll+0x38b162]
V  [jvm.dll+0x38a5aa]
V  [jvm.dll+0x24c560]
V  [jvm.dll+0x24bb40]
V  [jvm.dll+0x1cb34e]
V  [jvm.dll+0x25b85d]
V  [jvm.dll+0x259dea]
V  [jvm.dll+0x3f857e]
V  [jvm.dll+0x85f59d]
V  [jvm.dll+0x6d626d]
C  [ucrtbase.dll+0x37b0]
C  [KERNEL32.DLL+0x2e8d7]
C  [ntdll.dll+0x8c48c]


---------------  P R O C E S S  ---------------

Threads class SMR info:
_java_thread_list=0x000001d0fceaf670, length=54, elements={
0x000001d09a461c30, 0x000001d09a5033a0, 0x000001d09a505040, 0x000001d09a508240,
0x000001d09a508ea0, 0x000001d09a50fad0, 0x000001d09a515b70, 0x000001d09a518b40,
0x000001d09a51afc0, 0x000001d0f353a000, 0x000001d0f3674150, 0x000001d0f4916d00,
0x000001d0f90492d0, 0x000001d0f460ff60, 0x000001d0f4610c70, 0x000001d0f9163610,
0x000001d0f946a240, 0x000001d0f96f8a20, 0x000001d0f97996f0, 0x000001d0f979a410,
0x000001d0f9799060, 0x000001d0f942ea90, 0x000001d0f942f7b0, 0x000001d0f942d050,
0x000001d0f942d6e0, 0x000001d0f942dd70, 0x000001d0f94304d0, 0x000001d0f942e400,
0x000001d0f942fe40, 0x000001d0f942f120, 0x000001d0faff8710, 0x000001d0faff8da0,
0x000001d0faff9430, 0x000001d0faff9ac0, 0x000001d0faffb500, 0x000001d0faffa150,
0x000001d0faff8080, 0x000001d0faffae70, 0x000001d0faffc220, 0x000001d0faffc8b0,
0x000001d0faffcf40, 0x000001d0faffd5d0, 0x000001d0faffdc60, 0x000001d0faffa7e0,
0x000001d0faffe980, 0x000001d0faffe2f0, 0x000001d0fafff010, 0x000001d0fafff6a0,
0x000001d0f98097b0, 0x000001d0f9808400, 0x000001d0f9808a90, 0x000001d0f9809e40,
0x000001d0fc633f10, 0x000001d0fbf36b50
}

Java Threads: ( => current thread )
  0x000001d09a461c30 JavaThread "main"                              [_thread_blocked, id=31296, stack(0x000000a332d00000,0x000000a332e00000) (1024K)]
  0x000001d09a5033a0 JavaThread "Reference Handler"          daemon [_thread_blocked, id=43272, stack(0x000000a333100000,0x000000a333200000) (1024K)]
  0x000001d09a505040 JavaThread "Finalizer"                  daemon [_thread_blocked, id=29288, stack(0x000000a333200000,0x000000a333300000) (1024K)]
  0x000001d09a508240 JavaThread "Signal Dispatcher"          daemon [_thread_blocked, id=1248, stack(0x000000a333300000,0x000000a333400000) (1024K)]
  0x000001d09a508ea0 JavaThread "Attach Listener"            daemon [_thread_blocked, id=39652, stack(0x000000a333400000,0x000000a333500000) (1024K)]
  0x000001d09a50fad0 JavaThread "Service Thread"             daemon [_thread_blocked, id=13196, stack(0x000000a333500000,0x000000a333600000) (1024K)]
  0x000001d09a515b70 JavaThread "Monitor Deflation Thread"   daemon [_thread_blocked, id=44816, stack(0x000000a333600000,0x000000a333700000) (1024K)]
  0x000001d09a518b40 JavaThread "C2 CompilerThread0"         daemon [_thread_in_native, id=19652, stack(0x000000a333700000,0x000000a333800000) (1024K)]
  0x000001d09a51afc0 JavaThread "C1 CompilerThread0"         daemon [_thread_blocked, id=27768, stack(0x000000a333800000,0x000000a333900000) (1024K)]
  0x000001d0f353a000 JavaThread "Common-Cleaner"             daemon [_thread_blocked, id=46788, stack(0x000000a333900000,0x000000a333a00000) (1024K)]
  0x000001d0f3674150 JavaThread "Notification Thread"        daemon [_thread_blocked, id=14592, stack(0x000000a333b00000,0x000000a333c00000) (1024K)]
  0x000001d0f4916d00 JavaThread "Active Thread: Equinox Container: bf599683-de7c-4de4-9f06-faf4e0576eb2"        [_thread_blocked, id=23860, stack(0x000000a334300000,0x000000a334400000) (1024K)]
  0x000001d0f90492d0 JavaThread "Refresh Thread: Equinox Container: bf599683-de7c-4de4-9f06-faf4e0576eb2" daemon [_thread_blocked, id=25668, stack(0x000000a334500000,0x000000a334600000) (1024K)]
  0x000001d0f460ff60 JavaThread "Framework Event Dispatcher: Equinox Container: bf599683-de7c-4de4-9f06-faf4e0576eb2" daemon [_thread_blocked, id=20380, stack(0x000000a334600000,0x000000a334700000) (1024K)]
  0x000001d0f4610c70 JavaThread "Start Level: Equinox Container: bf599683-de7c-4de4-9f06-faf4e0576eb2" daemon [_thread_blocked, id=10064, stack(0x000000a334700000,0x000000a334800000) (1024K)]
  0x000001d0f9163610 JavaThread "Bundle File Closer"         daemon [_thread_blocked, id=18852, stack(0x000000a334a00000,0x000000a334b00000) (1024K)]
  0x000001d0f946a240 JavaThread "SCR Component Actor"        daemon [_thread_blocked, id=21132, stack(0x000000a333c00000,0x000000a333d00000) (1024K)]
  0x000001d0f96f8a20 JavaThread "Worker-JM"                         [_thread_blocked, id=28956, stack(0x000000a334c00000,0x000000a334d00000) (1024K)]
  0x000001d0f97996f0 JavaThread "JNA Cleaner"                daemon [_thread_blocked, id=30328, stack(0x000000a333a00000,0x000000a333b00000) (1024K)]
  0x000001d0f979a410 JavaThread "Worker-0"                          [_thread_blocked, id=14256, stack(0x000000a334b00000,0x000000a334c00000) (1024K)]
  0x000001d0f9799060 JavaThread "Worker-1"                          [_thread_blocked, id=40864, stack(0x000000a334d00000,0x000000a334e00000) (1024K)]
  0x000001d0f942ea90 JavaThread "Java indexing"              daemon [_thread_blocked, id=4572, stack(0x000000a335000000,0x000000a335100000) (1024K)]
  0x000001d0f942f7b0 JavaThread "Worker-2"                          [_thread_blocked, id=27584, stack(0x000000a335300000,0x000000a335400000) (1024K)]
  0x000001d0f942d050 JavaThread "Worker-3"                          [_thread_blocked, id=35464, stack(0x000000a335400000,0x000000a335500000) (1024K)]
  0x000001d0f942d6e0 JavaThread "Thread-1"                   daemon [_thread_in_native, id=12568, stack(0x000000a335500000,0x000000a335600000) (1024K)]
  0x000001d0f942dd70 JavaThread "Thread-2"                   daemon [_thread_in_native, id=10912, stack(0x000000a335600000,0x000000a335700000) (1024K)]
  0x000001d0f94304d0 JavaThread "Thread-3"                   daemon [_thread_in_native, id=20304, stack(0x000000a335700000,0x000000a335800000) (1024K)]
  0x000001d0f942e400 JavaThread "Thread-4"                   daemon [_thread_in_native, id=28940, stack(0x000000a335800000,0x000000a335900000) (1024K)]
  0x000001d0f942fe40 JavaThread "Thread-5"                   daemon [_thread_in_native, id=39892, stack(0x000000a335900000,0x000000a335a00000) (1024K)]
  0x000001d0f942f120 JavaThread "Thread-6"                   daemon [_thread_in_native, id=20872, stack(0x000000a335a00000,0x000000a335b00000) (1024K)]
  0x000001d0faff8710 JavaThread "Thread-7"                   daemon [_thread_in_native, id=36956, stack(0x000000a335b00000,0x000000a335c00000) (1024K)]
  0x000001d0faff8da0 JavaThread "Thread-8"                   daemon [_thread_in_native, id=6696, stack(0x000000a335c00000,0x000000a335d00000) (1024K)]
  0x000001d0faff9430 JavaThread "Thread-9"                   daemon [_thread_in_native, id=44952, stack(0x000000a335d00000,0x000000a335e00000) (1024K)]
  0x000001d0faff9ac0 JavaThread "Thread-10"                  daemon [_thread_in_native, id=2172, stack(0x000000a335e00000,0x000000a335f00000) (1024K)]
  0x000001d0faffb500 JavaThread "Thread-11"                  daemon [_thread_in_native, id=37008, stack(0x000000a335f00000,0x000000a336000000) (1024K)]
  0x000001d0faffa150 JavaThread "Thread-12"                  daemon [_thread_in_native, id=39392, stack(0x000000a336000000,0x000000a336100000) (1024K)]
  0x000001d0faff8080 JavaThread "Thread-13"                  daemon [_thread_in_native, id=25228, stack(0x000000a336100000,0x000000a336200000) (1024K)]
  0x000001d0faffae70 JavaThread "pool-2-thread-1"                   [_thread_blocked, id=38692, stack(0x000000a336200000,0x000000a336300000) (1024K)]
  0x000001d0faffc220 JavaThread "WorkspaceEventsHandler"            [_thread_blocked, id=43584, stack(0x000000a336300000,0x000000a336400000) (1024K)]
  0x000001d0faffc8b0 JavaThread "pool-1-thread-1"                   [_thread_blocked, id=41204, stack(0x000000a336400000,0x000000a336500000) (1024K)]
  0x000001d0faffcf40 JavaThread "ForkJoinPool.commonPool-worker-1" daemon [_thread_blocked, id=42216, stack(0x000000a336500000,0x000000a336600000) (1024K)]
  0x000001d0faffd5d0 JavaThread "ForkJoinPool.commonPool-worker-2" daemon [_thread_blocked, id=45776, stack(0x000000a336600000,0x000000a336700000) (1024K)]
  0x000001d0faffdc60 JavaThread "ForkJoinPool.commonPool-worker-3" daemon [_thread_blocked, id=12336, stack(0x000000a336700000,0x000000a336800000) (1024K)]
  0x000001d0faffa7e0 JavaThread "ForkJoinPool.commonPool-worker-4" daemon [_thread_blocked, id=45696, stack(0x000000a336800000,0x000000a336900000) (1024K)]
  0x000001d0faffe980 JavaThread "ForkJoinPool.commonPool-worker-5" daemon [_thread_blocked, id=25092, stack(0x000000a336900000,0x000000a336a00000) (1024K)]
  0x000001d0faffe2f0 JavaThread "ForkJoinPool.commonPool-worker-6" daemon [_thread_blocked, id=16796, stack(0x000000a336a00000,0x000000a336b00000) (1024K)]
  0x000001d0fafff010 JavaThread "ForkJoinPool.commonPool-worker-7" daemon [_thread_blocked, id=38208, stack(0x000000a336b00000,0x000000a336c00000) (1024K)]
  0x000001d0fafff6a0 JavaThread "ForkJoinPool.commonPool-worker-8" daemon [_thread_blocked, id=28700, stack(0x000000a336c00000,0x000000a336d00000) (1024K)]
  0x000001d0f98097b0 JavaThread "ForkJoinPool.commonPool-worker-9" daemon [_thread_blocked, id=5140, stack(0x000000a336d00000,0x000000a336e00000) (1024K)]
  0x000001d0f9808400 JavaThread "ForkJoinPool.commonPool-worker-10" daemon [_thread_blocked, id=41924, stack(0x000000a336e00000,0x000000a336f00000) (1024K)]
  0x000001d0f9808a90 JavaThread "ForkJoinPool.commonPool-worker-11" daemon [_thread_blocked, id=17420, stack(0x000000a336f00000,0x000000a337000000) (1024K)]
  0x000001d0f9809e40 JavaThread "Cleaner-0"                  daemon [_thread_blocked, id=20540, stack(0x000000a337000000,0x000000a337100000) (1024K)]
  0x000001d0fc633f10 JavaThread "C2 CompilerThread1"         daemon [_thread_in_native, id=16344, stack(0x000000a332a00000,0x000000a332b00000) (1024K)]
=>0x000001d0fbf36b50 JavaThread "C2 CompilerThread2"         daemon [_thread_in_native, id=20992, stack(0x000000a334e00000,0x000000a334f00000) (1024K)]
Total: 54

Other Threads:
  0x000001d0b0ef4970 VMThread "VM Thread"                           [id=11916, stack(0x000000a333000000,0x000000a333100000) (1024K)]
  0x000001d0b0deca00 WatcherThread "VM Periodic Task Thread"        [id=38300, stack(0x000000a332f00000,0x000000a333000000) (1024K)]
  0x000001d09a4812c0 WorkerThread "GC Thread#0"                     [id=13980, stack(0x000000a332e00000,0x000000a332f00000) (1024K)]
  0x000001d0f9057270 WorkerThread "GC Thread#1"                     [id=1816, stack(0x000000a333d00000,0x000000a333e00000) (1024K)]
  0x000001d0f4523120 WorkerThread "GC Thread#2"                     [id=11400, stack(0x000000a333e00000,0x000000a333f00000) (1024K)]
  0x000001d0f4ac27e0 WorkerThread "GC Thread#3"                     [id=6052, stack(0x000000a333f00000,0x000000a334000000) (1024K)]
  0x000001d0f4ac2b90 WorkerThread "GC Thread#4"                     [id=21676, stack(0x000000a334000000,0x000000a334100000) (1024K)]
  0x000001d0f47ee3a0 WorkerThread "GC Thread#5"                     [id=6444, stack(0x000000a334100000,0x000000a334200000) (1024K)]
  0x000001d0f47ee750 WorkerThread "GC Thread#6"                     [id=38980, stack(0x000000a334200000,0x000000a334300000) (1024K)]
  0x000001d0f912f3d0 WorkerThread "GC Thread#7"                     [id=22760, stack(0x000000a334400000,0x000000a334500000) (1024K)]
  0x000001d0f912e8c0 WorkerThread "GC Thread#8"                     [id=33876, stack(0x000000a334800000,0x000000a334900000) (1024K)]
  0x000001d0f912f780 WorkerThread "GC Thread#9"                     [id=24696, stack(0x000000a334900000,0x000000a334a00000) (1024K)]
Total: 12

Threads with active compile tasks:
C2 CompilerThread0  36027 11521       4       lombok.core.AST::buildWithField (21 bytes)
C2 CompilerThread1  36027 11528   !   4       lombok.core.AST::buildWithField0 (121 bytes)
C2 CompilerThread2  36027 11546       4       org.eclipse.jdt.internal.compiler.lookup.BinaryTypeBinding::createMethod (1666 bytes)
Total: 3

VM state: not at safepoint (normal execution)

VM Mutex/Monitor currently owned by a thread: None

Heap address: 0x0000000080000000, size: 2048 MB, Compressed Oops mode: 32-bit

CDS archive(s) mapped at: [0x000001d0b1000000-0x000001d0b1ba0000-0x000001d0b1ba0000), size 12189696, SharedBaseAddress: 0x000001d0b1000000, ArchiveRelocationMode: 1.
Compressed class space mapped at: 0x000001d0b2000000-0x000001d0f2000000, reserved size: 1073741824
Narrow klass base: 0x000001d0b1000000, Narrow klass shift: 0, Narrow klass range: 0x100000000

GC Precious Log:
 CardTable entry size: 512
 CPUs: 12 total, 12 available
 Memory: 16076M
 Large Page Support: Disabled
 NUMA Support: Disabled
 Compressed Oops: Enabled (32-bit)
 Alignments: Space 512K, Generation 512K, Heap 2M
 Heap Min Capacity: 100M
 Heap Initial Capacity: 100M
 Heap Max Capacity: 2G
 Pre-touch: Disabled
 Parallel Workers: 10

Heap:
 PSYoungGen      total 7168K, used 2674K [0x00000000d5580000, 0x00000000d5f80000, 0x0000000100000000)
  eden space 5632K, 36% used [0x00000000d5580000,0x00000000d577f830,0x00000000d5b00000)
  from space 1536K, 40% used [0x00000000d5d00000,0x00000000d5d9d200,0x00000000d5e80000)
  to   space 1024K, 0% used [0x00000000d5e80000,0x00000000d5e80000,0x00000000d5f80000)
 ParOldGen       total 159232K, used 159203K [0x0000000080000000, 0x0000000089b80000, 0x00000000d5580000)
  object space 159232K, 99% used [0x0000000080000000,0x0000000089b78eb0,0x0000000089b80000)
 Metaspace       used 67826K, committed 69440K, reserved 1114112K
  class space    used 7178K, committed 7936K, reserved 1048576K

Card table byte_map: [0x000001d099e00000,0x000001d09a210000] _byte_map_base: 0x000001d099a00000

Marking Bits: (ParMarkBitMap*) 0x00007ffc06313450
 Begin Bits: [0x000001d0ac910000, 0x000001d0ae910000)
 End Bits:   [0x000001d0ae910000, 0x000001d0b0910000)

Polling page: 0x000001d0982e0000

Metaspace:

Usage:
  Non-class:     59.23 MB used.
      Class:      7.01 MB used.
       Both:     66.24 MB used.

Virtual space:
  Non-class space:       64.00 MB reserved,      60.06 MB ( 94%) committed,  1 nodes.
      Class space:        1.00 GB reserved,       7.75 MB ( <1%) committed,  1 nodes.
             Both:        1.06 GB reserved,      67.81 MB (  6%) committed. 

Chunk freelists:
   Non-Class:  3.61 MB
       Class:  8.13 MB
        Both:  11.74 MB

MaxMetaspaceSize: unlimited
CompressedClassSpaceSize: 1.00 GB
Initial GC threshold: 21.00 MB
Current GC threshold: 97.31 MB
CDS: on
 - commit_granule_bytes: 65536.
 - commit_granule_words: 8192.
 - virtual_space_node_default_size: 8388608.
 - enlarge_chunks_in_place: 1.
 - use_allocation_guard: 0.


Internal statistics:

num_allocs_failed_limit: 11.
num_arena_births: 1334.
num_arena_deaths: 14.
num_vsnodes_births: 2.
num_vsnodes_deaths: 0.
num_space_committed: 1085.
num_space_uncommitted: 0.
num_chunks_returned_to_freelist: 25.
num_chunks_taken_from_freelist: 4536.
num_chunk_merges: 10.
num_chunk_splits: 2794.
num_chunks_enlarged: 1587.
num_inconsistent_stats: 0.

CodeHeap 'non-profiled nmethods': size=120000Kb used=7304Kb max_used=7304Kb free=112695Kb
 bounds [0x000001d0a5130000, 0x000001d0a5860000, 0x000001d0ac660000]
CodeHeap 'profiled nmethods': size=120000Kb used=23366Kb max_used=23366Kb free=96634Kb
 bounds [0x000001d09d660000, 0x000001d09ed40000, 0x000001d0a4b90000]
CodeHeap 'non-nmethods': size=5760Kb used=1450Kb max_used=1546Kb free=4309Kb
 bounds [0x000001d0a4b90000, 0x000001d0a4e00000, 0x000001d0a5130000]
CodeCache: size=245760Kb, used=32120Kb, max_used=32216Kb, free=213638Kb
 total_blobs=11492, nmethods=10721, adapters=676, full_count=0
Compilation: enabled, stopped_count=0, restarted_count=0

Compilation events (20 events):
Event: 35.444 Thread 0x000001d09a51afc0 11526       3       org.eclipse.jdt.internal.compiler.ast.Assignment::traverse (34 bytes)
Event: 35.445 Thread 0x000001d09a51afc0 nmethod 11526 0x000001d09ed2b290 code [0x000001d09ed2b480, 0x000001d09ed2b938]
Event: 35.445 Thread 0x000001d09a51afc0 11527       3       org.eclipse.jdt.internal.compiler.ASTVisitor::endVisit (1 bytes)
Event: 35.445 Thread 0x000001d09a51afc0 nmethod 11527 0x000001d09ed2ba90 code [0x000001d09ed2bc20, 0x000001d09ed2bd28]
Event: 35.446 Thread 0x000001d09a51afc0 11548       3       org.eclipse.jdt.internal.compiler.lookup.MethodScope::referenceType (18 bytes)
Event: 35.446 Thread 0x000001d09a51afc0 nmethod 11548 0x000001d09ed2bd90 code [0x000001d09ed2bf60, 0x000001d09ed2c428]
Event: 35.447 Thread 0x000001d09a51afc0 11547   !   3       org.eclipse.jdt.internal.compiler.lookup.BinaryTypeBinding::superclass (207 bytes)
Event: 35.449 Thread 0x000001d09a51afc0 nmethod 11547 0x000001d09ed2c590 code [0x000001d09ed2c800, 0x000001d09ed2d4b8]
Event: 35.449 Thread 0x000001d09a51afc0 11551       3       java.util.concurrent.CompletableFuture::postFire (69 bytes)
Event: 35.449 Thread 0x000001d0fbf36b50 nmethod 11508 0x000001d0a5830a10 code [0x000001d0a5830c00, 0x000001d0a5831070]
Event: 35.450 Thread 0x000001d0fbf36b50 11546       4       org.eclipse.jdt.internal.compiler.lookup.BinaryTypeBinding::createMethod (1666 bytes)
Event: 35.450 Thread 0x000001d09a51afc0 nmethod 11551 0x000001d09ed2d890 code [0x000001d09ed2da80, 0x000001d09ed2de68]
Event: 35.451 Thread 0x000001d09a51afc0 11549       3       org.eclipse.lsp4j.jsonrpc.messages.Message::<init> (11 bytes)
Event: 35.451 Thread 0x000001d09a51afc0 nmethod 11549 0x000001d09ed2df90 code [0x000001d09ed2e140, 0x000001d09ed2e2c8]
Event: 35.451 Thread 0x000001d09a51afc0 11550   !   3       java.util.concurrent.CompletableFuture$UniApply::tryFire (149 bytes)
Event: 35.456 Thread 0x000001d09a51afc0 nmethod 11550 0x000001d09ed2e390 code [0x000001d09ed2e7c0, 0x000001d09ed305e0]
Event: 35.457 Thread 0x000001d09a51afc0 11500       3       lombok.eclipse.TransformEclipseAST$AnnotationVisitor::<init> (17 bytes)
Event: 35.458 Thread 0x000001d09a51afc0 nmethod 11500 0x000001d09ed31090 code [0x000001d09ed31260, 0x000001d09ed31670]
Event: 35.521 Thread 0x000001d0fc633f10 nmethod 11468 0x000001d0a5831490 code [0x000001d0a5831b60, 0x000001d0a5834d08]
Event: 35.521 Thread 0x000001d0fc633f10 11505   !   4       lombok.core.FieldAugment$ReflectionFieldAugment::getAndSet (80 bytes)

GC Heap History (20 events):
Event: 34.658 GC heap before
{Heap before GC invocations=149 (full 3):
 PSYoungGen      total 9728K, used 9100K [0x00000000d5580000, 0x00000000d6000000, 0x0000000100000000)
  eden space 8192K, 100% used [0x00000000d5580000,0x00000000d5d80000,0x00000000d5d80000)
  from space 1536K, 59% used [0x00000000d5d80000,0x00000000d5e63228,0x00000000d5f00000)
  to   space 1024K, 0% used [0x00000000d5f00000,0x00000000d5f00000,0x00000000d6000000)
 ParOldGen       total 143360K, used 143100K [0x0000000080000000, 0x0000000088c00000, 0x00000000d5580000)
  object space 143360K, 99% used [0x0000000080000000,0x0000000088bbf080,0x0000000088c00000)
 Metaspace       used 67618K, committed 69248K, reserved 1114112K
  class space    used 7165K, committed 7936K, reserved 1048576K
}
Event: 34.664 GC heap after
{Heap after GC invocations=149 (full 3):
 PSYoungGen      total 6656K, used 1019K [0x00000000d5580000, 0x00000000d6580000, 0x0000000100000000)
  eden space 5632K, 0% used [0x00000000d5580000,0x00000000d5580000,0x00000000d5b00000)
  from space 1024K, 99% used [0x00000000d5f00000,0x00000000d5ffed38,0x00000000d6000000)
  to   space 4096K, 0% used [0x00000000d5b00000,0x00000000d5b00000,0x00000000d5f00000)
 ParOldGen       total 145920K, used 145674K [0x0000000080000000, 0x0000000088e80000, 0x00000000d5580000)
  object space 145920K, 99% used [0x0000000080000000,0x0000000088e42bf8,0x0000000088e80000)
 Metaspace       used 67618K, committed 69248K, reserved 1114112K
  class space    used 7165K, committed 7936K, reserved 1048576K
}
Event: 34.715 GC heap before
{Heap before GC invocations=150 (full 3):
 PSYoungGen      total 6656K, used 6651K [0x00000000d5580000, 0x00000000d6580000, 0x0000000100000000)
  eden space 5632K, 100% used [0x00000000d5580000,0x00000000d5b00000,0x00000000d5b00000)
  from space 1024K, 99% used [0x00000000d5f00000,0x00000000d5ffed38,0x00000000d6000000)
  to   space 4096K, 0% used [0x00000000d5b00000,0x00000000d5b00000,0x00000000d5f00000)
 ParOldGen       total 145920K, used 145674K [0x0000000080000000, 0x0000000088e80000, 0x00000000d5580000)
  object space 145920K, 99% used [0x0000000080000000,0x0000000088e42bf8,0x0000000088e80000)
 Metaspace       used 67631K, committed 69312K, reserved 1114112K
  class space    used 7165K, committed 7936K, reserved 1048576K
}
Event: 34.719 GC heap after
{Heap after GC invocations=150 (full 3):
 PSYoungGen      total 7680K, used 1902K [0x00000000d5580000, 0x00000000d6000000, 0x0000000100000000)
  eden space 5632K, 0% used [0x00000000d5580000,0x00000000d5580000,0x00000000d5b00000)
  from space 2048K, 92% used [0x00000000d5b00000,0x00000000d5cdbb00,0x00000000d5d00000)
  to   space 2560K, 0% used [0x00000000d5d80000,0x00000000d5d80000,0x00000000d6000000)
 ParOldGen       total 146944K, used 146726K [0x0000000080000000, 0x0000000088f80000, 0x00000000d5580000)
  object space 146944K, 99% used [0x0000000080000000,0x0000000088f49930,0x0000000088f80000)
 Metaspace       used 67631K, committed 69312K, reserved 1114112K
  class space    used 7165K, committed 7936K, reserved 1048576K
}
Event: 34.775 GC heap before
{Heap before GC invocations=151 (full 3):
 PSYoungGen      total 7680K, used 7398K [0x00000000d5580000, 0x00000000d6000000, 0x0000000100000000)
  eden space 5632K, 97% used [0x00000000d5580000,0x00000000d5ade0f0,0x00000000d5b00000)
  from space 2048K, 92% used [0x00000000d5b00000,0x00000000d5cdbb00,0x00000000d5d00000)
  to   space 2560K, 0% used [0x00000000d5d80000,0x00000000d5d80000,0x00000000d6000000)
 ParOldGen       total 146944K, used 146726K [0x0000000080000000, 0x0000000088f80000, 0x00000000d5580000)
  object space 146944K, 99% used [0x0000000080000000,0x0000000088f49930,0x0000000088f80000)
 Metaspace       used 67687K, committed 69312K, reserved 1114112K
  class space    used 7168K, committed 7936K, reserved 1048576K
}
Event: 34.779 GC heap after
{Heap after GC invocations=151 (full 3):
 PSYoungGen      total 6656K, used 614K [0x00000000d5580000, 0x00000000d5e80000, 0x0000000100000000)
  eden space 5632K, 0% used [0x00000000d5580000,0x00000000d5580000,0x00000000d5b00000)
  from space 1024K, 60% used [0x00000000d5d80000,0x00000000d5e19b18,0x00000000d5e80000)
  to   space 1536K, 0% used [0x00000000d5b80000,0x00000000d5b80000,0x00000000d5d00000)
 ParOldGen       total 148480K, used 148310K [0x0000000080000000, 0x0000000089100000, 0x00000000d5580000)
  object space 148480K, 99% used [0x0000000080000000,0x00000000890d5930,0x0000000089100000)
 Metaspace       used 67687K, committed 69312K, reserved 1114112K
  class space    used 7168K, committed 7936K, reserved 1048576K
}
Event: 34.802 GC heap before
{Heap before GC invocations=152 (full 3):
 PSYoungGen      total 6656K, used 6246K [0x00000000d5580000, 0x00000000d5e80000, 0x0000000100000000)
  eden space 5632K, 100% used [0x00000000d5580000,0x00000000d5b00000,0x00000000d5b00000)
  from space 1024K, 60% used [0x00000000d5d80000,0x00000000d5e19b18,0x00000000d5e80000)
  to   space 1536K, 0% used [0x00000000d5b80000,0x00000000d5b80000,0x00000000d5d00000)
 ParOldGen       total 148480K, used 148310K [0x0000000080000000, 0x0000000089100000, 0x00000000d5580000)
  object space 148480K, 99% used [0x0000000080000000,0x00000000890d5930,0x0000000089100000)
 Metaspace       used 67696K, committed 69312K, reserved 1114112K
  class space    used 7168K, committed 7936K, reserved 1048576K
}
Event: 34.811 GC heap after
{Heap after GC invocations=152 (full 3):
 PSYoungGen      total 7168K, used 1510K [0x00000000d5580000, 0x00000000d6500000, 0x0000000100000000)
  eden space 5632K, 0% used [0x00000000d5580000,0x00000000d5580000,0x00000000d5b00000)
  from space 1536K, 98% used [0x00000000d5b80000,0x00000000d5cf9b18,0x00000000d5d00000)
  to   space 5120K, 0% used [0x00000000d6000000,0x00000000d6000000,0x00000000d6500000)
 ParOldGen       total 151552K, used 151053K [0x0000000080000000, 0x0000000089400000, 0x00000000d5580000)
  object space 151552K, 99% used [0x0000000080000000,0x0000000089383468,0x0000000089400000)
 Metaspace       used 67696K, committed 69312K, reserved 1114112K
  class space    used 7168K, committed 7936K, reserved 1048576K
}
Event: 34.857 GC heap before
{Heap before GC invocations=153 (full 3):
 PSYoungGen      total 7168K, used 6958K [0x00000000d5580000, 0x00000000d6500000, 0x0000000100000000)
  eden space 5632K, 96% used [0x00000000d5580000,0x00000000d5ad1e30,0x00000000d5b00000)
  from space 1536K, 98% used [0x00000000d5b80000,0x00000000d5cf9b18,0x00000000d5d00000)
  to   space 5120K, 0% used [0x00000000d6000000,0x00000000d6000000,0x00000000d6500000)
 ParOldGen       total 151552K, used 151442K [0x0000000080000000, 0x0000000089400000, 0x00000000d5580000)
  object space 151552K, 99% used [0x0000000080000000,0x00000000893e4998,0x0000000089400000)
 Metaspace       used 67702K, committed 69312K, reserved 1114112K
  class space    used 7168K, committed 7936K, reserved 1048576K
}
Event: 34.861 GC heap after
{Heap after GC invocations=153 (full 3):
 PSYoungGen      total 9216K, used 3202K [0x00000000d5580000, 0x00000000d6380000, 0x0000000100000000)
  eden space 5632K, 0% used [0x00000000d5580000,0x00000000d5580000,0x00000000d5b00000)
  from space 3584K, 89% used [0x00000000d6000000,0x00000000d63209d8,0x00000000d6380000)
  to   space 3584K, 0% used [0x00000000d5c80000,0x00000000d5c80000,0x00000000d6000000)
 ParOldGen       total 153088K, used 152777K [0x0000000080000000, 0x0000000089580000, 0x00000000d5580000)
  object space 153088K, 99% used [0x0000000080000000,0x00000000895324b0,0x0000000089580000)
 Metaspace       used 67702K, committed 69312K, reserved 1114112K
  class space    used 7168K, committed 7936K, reserved 1048576K
}
Event: 34.890 GC heap before
{Heap before GC invocations=154 (full 3):
 PSYoungGen      total 9216K, used 8834K [0x00000000d5580000, 0x00000000d6380000, 0x0000000100000000)
  eden space 5632K, 100% used [0x00000000d5580000,0x00000000d5b00000,0x00000000d5b00000)
  from space 3584K, 89% used [0x00000000d6000000,0x00000000d63209d8,0x00000000d6380000)
  to   space 3584K, 0% used [0x00000000d5c80000,0x00000000d5c80000,0x00000000d6000000)
 ParOldGen       total 153600K, used 153196K [0x0000000080000000, 0x0000000089600000, 0x00000000d5580000)
  object space 153600K, 99% used [0x0000000080000000,0x000000008959b300,0x0000000089600000)
 Metaspace       used 67710K, committed 69376K, reserved 1114112K
  class space    used 7168K, committed 7936K, reserved 1048576K
}
Event: 34.897 GC heap after
{Heap after GC invocations=154 (full 3):
 PSYoungGen      total 9216K, used 3575K [0x00000000d5580000, 0x00000000d6800000, 0x0000000100000000)
  eden space 5632K, 0% used [0x00000000d5580000,0x00000000d5580000,0x00000000d5b00000)
  from space 3584K, 99% used [0x00000000d5c80000,0x00000000d5ffde38,0x00000000d6000000)
  to   space 6656K, 0% used [0x00000000d6180000,0x00000000d6180000,0x00000000d6800000)
 ParOldGen       total 155648K, used 155474K [0x0000000080000000, 0x0000000089800000, 0x00000000d5580000)
  object space 155648K, 99% used [0x0000000080000000,0x00000000897d4930,0x0000000089800000)
 Metaspace       used 67710K, committed 69376K, reserved 1114112K
  class space    used 7168K, committed 7936K, reserved 1048576K
}
Event: 34.937 GC heap before
{Heap before GC invocations=155 (full 3):
 PSYoungGen      total 9216K, used 9188K [0x00000000d5580000, 0x00000000d6800000, 0x0000000100000000)
  eden space 5632K, 99% used [0x00000000d5580000,0x00000000d5afb3b0,0x00000000d5b00000)
  from space 3584K, 99% used [0x00000000d5c80000,0x00000000d5ffde38,0x00000000d6000000)
  to   space 6656K, 0% used [0x00000000d6180000,0x00000000d6180000,0x00000000d6800000)
 ParOldGen       total 155648K, used 155474K [0x0000000080000000, 0x0000000089800000, 0x00000000d5580000)
  object space 155648K, 99% used [0x0000000080000000,0x00000000897d4930,0x0000000089800000)
 Metaspace       used 67747K, committed 69376K, reserved 1114112K
  class space    used 7177K, committed 7936K, reserved 1048576K
}
Event: 34.940 GC heap after
{Heap after GC invocations=155 (full 3):
 PSYoungGen      total 8192K, used 2442K [0x00000000d5580000, 0x00000000d6400000, 0x0000000100000000)
  eden space 5632K, 0% used [0x00000000d5580000,0x00000000d5580000,0x00000000d5b00000)
  from space 2560K, 95% used [0x00000000d6180000,0x00000000d63e2808,0x00000000d6400000)
  to   space 4096K, 0% used [0x00000000d5c00000,0x00000000d5c00000,0x00000000d6000000)
 ParOldGen       total 158208K, used 157740K [0x0000000080000000, 0x0000000089a80000, 0x00000000d5580000)
  object space 158208K, 99% used [0x0000000080000000,0x0000000089a0b3b0,0x0000000089a80000)
 Metaspace       used 67747K, committed 69376K, reserved 1114112K
  class space    used 7177K, committed 7936K, reserved 1048576K
}
Event: 34.971 GC heap before
{Heap before GC invocations=156 (full 3):
 PSYoungGen      total 8192K, used 8066K [0x00000000d5580000, 0x00000000d6400000, 0x0000000100000000)
  eden space 5632K, 99% used [0x00000000d5580000,0x00000000d5afe1d8,0x00000000d5b00000)
  from space 2560K, 95% used [0x00000000d6180000,0x00000000d63e2808,0x00000000d6400000)
  to   space 4096K, 0% used [0x00000000d5c00000,0x00000000d5c00000,0x00000000d6000000)
 ParOldGen       total 158208K, used 157740K [0x0000000080000000, 0x0000000089a80000, 0x00000000d5580000)
  object space 158208K, 99% used [0x0000000080000000,0x0000000089a0b3b0,0x0000000089a80000)
 Metaspace       used 67749K, committed 69376K, reserved 1114112K
  class space    used 7177K, committed 7936K, reserved 1048576K
}
Event: 34.974 GC heap after
{Heap after GC invocations=156 (full 3):
 PSYoungGen      total 8192K, used 2507K [0x00000000d5580000, 0x00000000d6200000, 0x0000000100000000)
  eden space 5632K, 0% used [0x00000000d5580000,0x00000000d5580000,0x00000000d5b00000)
  from space 2560K, 97% used [0x00000000d5c00000,0x00000000d5e72f28,0x00000000d5e80000)
  to   space 3072K, 0% used [0x00000000d5f00000,0x00000000d5f00000,0x00000000d6200000)
 ParOldGen       total 158720K, used 158457K [0x0000000080000000, 0x0000000089b00000, 0x00000000d5580000)
  object space 158720K, 99% used [0x0000000080000000,0x0000000089abe6b8,0x0000000089b00000)
 Metaspace       used 67749K, committed 69376K, reserved 1114112K
  class space    used 7177K, committed 7936K, reserved 1048576K
}
Event: 35.033 GC heap before
{Heap before GC invocations=157 (full 3):
 PSYoungGen      total 8192K, used 8139K [0x00000000d5580000, 0x00000000d6200000, 0x0000000100000000)
  eden space 5632K, 100% used [0x00000000d5580000,0x00000000d5b00000,0x00000000d5b00000)
  from space 2560K, 97% used [0x00000000d5c00000,0x00000000d5e72f28,0x00000000d5e80000)
  to   space 3072K, 0% used [0x00000000d5f00000,0x00000000d5f00000,0x00000000d6200000)
 ParOldGen       total 158720K, used 158457K [0x0000000080000000, 0x0000000089b00000, 0x00000000d5580000)
  object space 158720K, 99% used [0x0000000080000000,0x0000000089abe6b8,0x0000000089b00000)
 Metaspace       used 67760K, committed 69376K, reserved 1114112K
  class space    used 7178K, committed 7936K, reserved 1048576K
}
Event: 35.036 GC heap after
{Heap after GC invocations=157 (full 3):
 PSYoungGen      total 6656K, used 762K [0x00000000d5580000, 0x00000000d6000000, 0x0000000100000000)
  eden space 5632K, 0% used [0x00000000d5580000,0x00000000d5580000,0x00000000d5b00000)
  from space 1024K, 74% used [0x00000000d5f00000,0x00000000d5fbeb08,0x00000000d6000000)
  to   space 1536K, 0% used [0x00000000d5d00000,0x00000000d5d00000,0x00000000d5e80000)
 ParOldGen       total 159232K, used 158961K [0x0000000080000000, 0x0000000089b80000, 0x00000000d5580000)
  object space 159232K, 99% used [0x0000000080000000,0x0000000089b3c738,0x0000000089b80000)
 Metaspace       used 67760K, committed 69376K, reserved 1114112K
  class space    used 7178K, committed 7936K, reserved 1048576K
}
Event: 35.410 GC heap before
{Heap before GC invocations=158 (full 3):
 PSYoungGen      total 6656K, used 6394K [0x00000000d5580000, 0x00000000d6000000, 0x0000000100000000)
  eden space 5632K, 100% used [0x00000000d5580000,0x00000000d5b00000,0x00000000d5b00000)
  from space 1024K, 74% used [0x00000000d5f00000,0x00000000d5fbeb08,0x00000000d6000000)
  to   space 1536K, 0% used [0x00000000d5d00000,0x00000000d5d00000,0x00000000d5e80000)
 ParOldGen       total 159232K, used 158961K [0x0000000080000000, 0x0000000089b80000, 0x00000000d5580000)
  object space 159232K, 99% used [0x0000000080000000,0x0000000089b3c738,0x0000000089b80000)
 Metaspace       used 67802K, committed 69440K, reserved 1114112K
  class space    used 7178K, committed 7936K, reserved 1048576K
}
Event: 35.413 GC heap after
{Heap after GC invocations=158 (full 3):
 PSYoungGen      total 7168K, used 628K [0x00000000d5580000, 0x00000000d5f80000, 0x0000000100000000)
  eden space 5632K, 0% used [0x00000000d5580000,0x00000000d5580000,0x00000000d5b00000)
  from space 1536K, 40% used [0x00000000d5d00000,0x00000000d5d9d200,0x00000000d5e80000)
  to   space 1024K, 0% used [0x00000000d5e80000,0x00000000d5e80000,0x00000000d5f80000)
 ParOldGen       total 159232K, used 159203K [0x0000000080000000, 0x0000000089b80000, 0x00000000d5580000)
  object space 159232K, 99% used [0x0000000080000000,0x0000000089b78eb0,0x0000000089b80000)
 Metaspace       used 67802K, committed 69440K, reserved 1114112K
  class space    used 7178K, committed 7936K, reserved 1048576K
}

Dll operation events (10 events):
Event: 0.014 Loaded shared library c:\Users\dhruv\.vscode\extensions\redhat.java-1.53.0-win32-x64\jre\21.0.10-win32-x86_64\bin\java.dll
Event: 0.091 Loaded shared library c:\Users\dhruv\.vscode\extensions\redhat.java-1.53.0-win32-x64\jre\21.0.10-win32-x86_64\bin\zip.dll
Event: 0.112 Loaded shared library C:\Users\dhruv\.vscode\extensions\redhat.java-1.53.0-win32-x64\jre\21.0.10-win32-x86_64\bin\instrument.dll
Event: 0.117 Loaded shared library C:\Users\dhruv\.vscode\extensions\redhat.java-1.53.0-win32-x64\jre\21.0.10-win32-x86_64\bin\net.dll
Event: 0.119 Loaded shared library C:\Users\dhruv\.vscode\extensions\redhat.java-1.53.0-win32-x64\jre\21.0.10-win32-x86_64\bin\nio.dll
Event: 0.122 Loaded shared library C:\Users\dhruv\.vscode\extensions\redhat.java-1.53.0-win32-x64\jre\21.0.10-win32-x86_64\bin\zip.dll
Event: 0.138 Loaded shared library C:\Users\dhruv\.vscode\extensions\redhat.java-1.53.0-win32-x64\jre\21.0.10-win32-x86_64\bin\jimage.dll
Event: 0.215 Loaded shared library c:\Users\dhruv\.vscode\extensions\redhat.java-1.53.0-win32-x64\jre\21.0.10-win32-x86_64\bin\verify.dll
Event: 1.291 Loaded shared library C:\Users\dhruv\AppData\Roaming\Code\User\globalStorage\redhat.java\1.53.0\config_win\org.eclipse.equinox.launcher\org.eclipse.equinox.launcher.win32.win32.x86_64_1.3.0.v20260203-2149\eclipse_11919.dll
Event: 3.098 Loaded shared library C:\Users\dhruv\AppData\Local\Temp\jna-95563663\jna6515272094867658151.dll

Deoptimization events (20 events):
Event: 34.874 Thread 0x000001d0fafff010 DEOPT PACKING pc=0x000001d09e9fad51 sp=0x000000a336bfe4d0
Event: 34.874 Thread 0x000001d0fafff010 DEOPT UNPACKING pc=0x000001d0a4be4242 sp=0x000000a336bfd9a0 mode 0
Event: 34.875 Thread 0x000001d0fafff010 DEOPT PACKING pc=0x000001d09e9fad51 sp=0x000000a336bfe4d0
Event: 34.875 Thread 0x000001d0fafff010 DEOPT UNPACKING pc=0x000001d0a4be4242 sp=0x000000a336bfd9a0 mode 0
Event: 34.878 Thread 0x000001d0fafff010 DEOPT PACKING pc=0x000001d09e9fad51 sp=0x000000a336bfe4d0
Event: 34.878 Thread 0x000001d0fafff010 DEOPT UNPACKING pc=0x000001d0a4be4242 sp=0x000000a336bfd9a0 mode 0
Event: 34.881 Thread 0x000001d0fafff010 Uncommon trap: trap_request=0xffffff45 fr.pc=0x000001d0a57b8768 relative=0x0000000000002328
Event: 34.882 Thread 0x000001d0fafff010 Uncommon trap: reason=unstable_if action=reinterpret pc=0x000001d0a57b8768 method=org.eclipse.jdt.internal.compiler.parser.Scanner.getNextToken0()Lorg/eclipse/jdt/internal/compiler/parser/TerminalToken; @ 493 c2
Event: 34.882 Thread 0x000001d0fafff010 DEOPT PACKING pc=0x000001d0a57b8768 sp=0x000000a336bfe5c0
Event: 34.882 Thread 0x000001d0fafff010 DEOPT UNPACKING pc=0x000001d0a4be3aa2 sp=0x000000a336bfe508 mode 2
Event: 34.923 Thread 0x000001d0fafff010 Uncommon trap: trap_request=0xffffff45 fr.pc=0x000001d0a57caee8 relative=0x0000000000000548
Event: 34.923 Thread 0x000001d0fafff010 Uncommon trap: reason=unstable_if action=reinterpret pc=0x000001d0a57caee8 method=org.eclipse.jdt.internal.compiler.parser.Scanner.getNextToken()Lorg/eclipse/jdt/internal/compiler/parser/TerminalToken; @ 144 c2
Event: 34.924 Thread 0x000001d0fafff010 DEOPT PACKING pc=0x000001d0a57caee8 sp=0x000000a336bfe610
Event: 34.924 Thread 0x000001d0fafff010 DEOPT UNPACKING pc=0x000001d0a4be3aa2 sp=0x000000a336bfe5a8 mode 2
Event: 34.949 Thread 0x000001d0fafff010 Uncommon trap: trap_request=0xffffff45 fr.pc=0x000001d0a5724e7c relative=0x0000000000000abc
Event: 34.949 Thread 0x000001d0fafff010 Uncommon trap: reason=unstable_if action=reinterpret pc=0x000001d0a5724e7c method=lombok.eclipse.EclipseNode.traverse(Llombok/eclipse/EclipseASTVisitor;)V @ 28 c2
Event: 34.949 Thread 0x000001d0fafff010 DEOPT PACKING pc=0x000001d0a5724e7c sp=0x000000a336bfdea0
Event: 34.949 Thread 0x000001d0fafff010 DEOPT UNPACKING pc=0x000001d0a4be3aa2 sp=0x000000a336bfde48 mode 2
Event: 35.432 Thread 0x000001d0fafff6a0 DEOPT PACKING pc=0x000001d09e951e00 sp=0x000000a336cfdb40
Event: 35.432 Thread 0x000001d0fafff6a0 DEOPT UNPACKING pc=0x000001d0a4be4242 sp=0x000000a336cfcfd8 mode 0

Classes loaded (20 events):
Event: 31.385 Loading class sun/util/cldr/CLDRTimeZoneNameProviderImpl
Event: 31.386 Loading class sun/util/locale/provider/TimeZoneNameProviderImpl
Event: 31.386 Loading class sun/util/locale/provider/TimeZoneNameProviderImpl done
Event: 31.386 Loading class sun/util/cldr/CLDRTimeZoneNameProviderImpl done
Event: 31.389 Loading class sun/util/resources/cldr/TimeZoneNames
Event: 31.390 Loading class sun/util/resources/TimeZoneNamesBundle
Event: 31.390 Loading class sun/util/resources/OpenListResourceBundle
Event: 31.390 Loading class sun/util/resources/OpenListResourceBundle done
Event: 31.390 Loading class sun/util/resources/TimeZoneNamesBundle done
Event: 31.390 Loading class sun/util/resources/cldr/TimeZoneNames done
Event: 31.391 Loading class sun/util/resources/cldr/TimeZoneNames_en
Event: 31.395 Loading class sun/util/resources/cldr/TimeZoneNames_en done
Event: 31.402 Loading class sun/util/resources/cldr/TimeZoneNames_en_US
Event: 31.402 Loading class sun/util/resources/cldr/TimeZoneNames_en_US done
Event: 31.406 Loading class sun/util/cldr/CLDRBaseLocaleDataMetaInfo$TZCanonicalIDMapHolder
Event: 31.409 Loading class sun/util/cldr/CLDRBaseLocaleDataMetaInfo$TZCanonicalIDMapHolder done
Event: 31.413 Loading class sun/util/resources/TimeZoneNames
Event: 31.415 Loading class sun/util/resources/TimeZoneNames done
Event: 31.416 Loading class sun/util/resources/TimeZoneNames_en
Event: 31.416 Loading class sun/util/resources/TimeZoneNames_en done

Classes unloaded (7 events):
Event: 3.610 Thread 0x000001d0b0ef4970 Unloading class 0x000001d0b21a5000 'java/lang/invoke/LambdaForm$MH+0x000001d0b21a5000'
Event: 3.610 Thread 0x000001d0b0ef4970 Unloading class 0x000001d0b21a4c00 'java/lang/invoke/LambdaForm$MH+0x000001d0b21a4c00'
Event: 3.610 Thread 0x000001d0b0ef4970 Unloading class 0x000001d0b21a4800 'java/lang/invoke/LambdaForm$MH+0x000001d0b21a4800'
Event: 3.610 Thread 0x000001d0b0ef4970 Unloading class 0x000001d0b21a4400 'java/lang/invoke/LambdaForm$MH+0x000001d0b21a4400'
Event: 3.610 Thread 0x000001d0b0ef4970 Unloading class 0x000001d0b21a4000 'java/lang/invoke/LambdaForm$BMH+0x000001d0b21a4000'
Event: 3.610 Thread 0x000001d0b0ef4970 Unloading class 0x000001d0b21a3c00 'java/lang/invoke/LambdaForm$DMH+0x000001d0b21a3c00'
Event: 3.610 Thread 0x000001d0b0ef4970 Unloading class 0x000001d0b21a2800 'java/lang/invoke/LambdaForm$DMH+0x000001d0b21a2800'

Classes redefined (0 events):
No events

Internal exceptions (20 events):
Event: 13.596 Thread 0x000001d0f9808400 Exception <a 'sun/nio/fs/WindowsException'{0x00000000d5702388}> (0x00000000d5702388) 
thrown [s\src\hotspot\share\prims\jni.cpp, line 520]
Event: 13.601 Thread 0x000001d0f9808400 Exception <a 'sun/nio/fs/WindowsException'{0x00000000d5774cf8}> (0x00000000d5774cf8) 
thrown [s\src\hotspot\share\prims\jni.cpp, line 520]
Event: 13.601 Thread 0x000001d0f9808400 Exception <a 'sun/nio/fs/WindowsException'{0x00000000d5779ce8}> (0x00000000d5779ce8) 
thrown [s\src\hotspot\share\prims\jni.cpp, line 520]
Event: 13.705 Thread 0x000001d0f942f7b0 Exception <a 'java/lang/NoSuchMethodError'{0x00000000d5b714e0}: 'java.lang.Object java.lang.invoke.DirectMethodHandle$Holder.invokeStatic(java.lang.Object, java.lang.Object, int, int)'> (0x00000000d5b714e0) 
thrown [s\src\hotspot\share\interpreter\linkResolver.cpp, line 773]
Event: 13.706 Thread 0x000001d0faffd5d0 Exception <a 'java/lang/NoSuchMethodError'{0x00000000d5b5cc70}: 'java.lang.Object java.lang.invoke.DirectMethodHandle$Holder.invokeStatic(java.lang.Object, java.lang.Object, int, int)'> (0x00000000d5b5cc70) 
thrown [s\src\hotspot\share\interpreter\linkResolver.cpp, line 773]
Event: 13.706 Thread 0x000001d0f942f7b0 Exception <a 'java/lang/NoSuchMethodError'{0x00000000d5b758e0}: 'java.lang.Object java.lang.invoke.DirectMethodHandle$Holder.invokeSpecial(java.lang.Object, java.lang.Object, java.lang.Object, int, int)'> (0x00000000d5b758e0) 
thrown [s\src\hotspot\share\interpreter\linkResolver.cpp, line 773]
Event: 13.706 Thread 0x000001d0faffd5d0 Exception <a 'java/lang/NoSuchMethodError'{0x00000000d5b607d8}: 'java.lang.Object java.lang.invoke.DirectMethodHandle$Holder.invokeSpecial(java.lang.Object, java.lang.Object, java.lang.Object, int, int)'> (0x00000000d5b607d8) 
thrown [s\src\hotspot\share\interpreter\linkResolver.cpp, line 773]
Event: 14.104 Thread 0x000001d0faffd5d0 Exception <a 'java/lang/LinkageError'{0x00000000d55aba40}: loader lombok.launch.ShadowClassLoader @c0eb5b1 attempted duplicate class definition for lombok.launch.PatchFixesHider$ExtensionMethod. (lombok.launch.PatchFixesHider$ExtensionMethod is in unnamed module of loader lombok.launch.ShadowClassLoader @c0eb5b1, parent loader org.eclipse.osgi.internal.loader.EquinoxClassLoader @7fa2faa8)> (0x00000000d55aba40) 
thrown [s\src\hotspot\share\classfile\systemDictionary.cpp, line 1672]
Event: 14.297 Thread 0x000001d0f942f7b0 Exception <a 'java/io/FileNotFoundException'{0x00000000d5a6f238}> (0x00000000d5a6f238) 
thrown [s\src\hotspot\share\prims\jni.cpp, line 520]
Event: 14.298 Thread 0x000001d0f942f7b0 Exception <a 'java/io/FileNotFoundException'{0x00000000d5a70250}> (0x00000000d5a70250) 
thrown [s\src\hotspot\share\prims\jni.cpp, line 520]
Event: 14.298 Thread 0x000001d0f942f7b0 Exception <a 'java/io/FileNotFoundException'{0x00000000d5a70fb8}> (0x00000000d5a70fb8) 
thrown [s\src\hotspot\share\prims\jni.cpp, line 520]
Event: 14.464 Thread 0x000001d0f979a410 Exception <a 'java/lang/NoSuchMethodError'{0x00000000d5d38fc0}: 'java.lang.Object java.lang.invoke.DirectMethodHandle$Holder.invokeStatic(java.lang.Object, java.lang.Object, int, java.lang.Object)'> (0x00000000d5d38fc0) 
thrown [s\src\hotspot\share\interpreter\linkResolver.cpp, line 773]
Event: 14.466 Thread 0x000001d0f979a410 Exception <a 'java/lang/NoSuchMethodError'{0x00000000d5d7be08}: 'java.lang.Object java.lang.invoke.DirectMethodHandle$Holder.newInvokeSpecial(java.lang.Object, java.lang.Object, int)'> (0x00000000d5d7be08) 
thrown [s\src\hotspot\share\interpreter\linkResolver.cpp, line 773]
Event: 14.613 Thread 0x000001d0f979a410 Exception <a 'java/lang/NoSuchMethodError'{0x00000000d569d3c0}: 'java.lang.Object java.lang.invoke.DirectMethodHandle$Holder.invokeStatic(java.lang.Object, int, java.lang.Object)'> (0x00000000d569d3c0) 
thrown [s\src\hotspot\share\interpreter\linkResolver.cpp, line 773]
Event: 14.638 Thread 0x000001d0f979a410 Implicit null exception at 0x000001d0a56885a3 to 0x000001d0a5688938
Event: 14.954 Thread 0x000001d0f979a410 Exception <a 'java/lang/NoSuchMethodError'{0x00000000d58ba6a8}: 'void java.lang.invoke.DelegatingMethodHandle$Holder.reinvoke_L(java.lang.Object, java.lang.Object, java.lang.Object, int, java.lang.Object, int, int)'> (0x00000000d58ba6a8) 
thrown [s\src\hotspot\share\interpreter\linkResolver.cpp, line 773]
Event: 31.103 Thread 0x000001d0faffc8b0 Exception <a 'java/lang/IncompatibleClassChangeError'{0x00000000d5b25d68}: Found class java.lang.Object, but interface was expected> (0x00000000d5b25d68) 
thrown [s\src\hotspot\share\interpreter\linkResolver.cpp, line 840]
Event: 32.662 Thread 0x000001d0faffc8b0 Exception <a 'java/lang/IncompatibleClassChangeError'{0x00000000d5791198}: Found class java.lang.Object, but interface was expected> (0x00000000d5791198) 
thrown [s\src\hotspot\share\interpreter\linkResolver.cpp, line 840]
Event: 34.326 Thread 0x000001d0faffcf40 Implicit null exception at 0x000001d0a575fc32 to 0x000001d0a57608d8
Event: 34.326 Thread 0x000001d0faffcf40 Implicit null exception at 0x000001d0a579cc43 to 0x000001d0a579cf14

ZGC Phase Switch (0 events):
No events

VM Operations (20 events):
Event: 34.775 Executing safepoint VM operation: ParallelGCFailedAllocation (Allocation Failure)
Event: 34.779 Executing safepoint VM operation: ParallelGCFailedAllocation (Allocation Failure) done
Event: 34.802 Executing safepoint VM operation: ParallelGCFailedAllocation (Allocation Failure)
Event: 34.811 Executing safepoint VM operation: ParallelGCFailedAllocation (Allocation Failure) done
Event: 34.857 Executing safepoint VM operation: ParallelGCFailedAllocation (Allocation Failure)
Event: 34.857 Executing safepoint VM operation: ParallelGCFailedAllocation (Allocation Failure) done
Event: 34.857 Executing safepoint VM operation: ParallelGCSystemGC (GCLocker Initiated GC)
Event: 34.862 Executing safepoint VM operation: ParallelGCSystemGC (GCLocker Initiated GC) done
Event: 34.890 Executing safepoint VM operation: ParallelGCFailedAllocation (Allocation Failure)
Event: 34.890 Executing safepoint VM operation: ParallelGCFailedAllocation (Allocation Failure) done
Event: 34.890 Executing safepoint VM operation: ParallelGCFailedAllocation (Allocation Failure)
Event: 34.897 Executing safepoint VM operation: ParallelGCFailedAllocation (Allocation Failure) done
Event: 34.936 Executing safepoint VM operation: ParallelGCFailedAllocation (Allocation Failure)
Event: 34.941 Executing safepoint VM operation: ParallelGCFailedAllocation (Allocation Failure) done
Event: 34.971 Executing safepoint VM operation: ParallelGCFailedAllocation (Allocation Failure)
Event: 34.974 Executing safepoint VM operation: ParallelGCFailedAllocation (Allocation Failure) done
Event: 35.033 Executing safepoint VM operation: ParallelGCFailedAllocation (Allocation Failure)
Event: 35.036 Executing safepoint VM operation: ParallelGCFailedAllocation (Allocation Failure) done
Event: 35.410 Executing safepoint VM operation: ParallelGCFailedAllocation (Allocation Failure)
Event: 35.413 Executing safepoint VM operation: ParallelGCFailedAllocation (Allocation Failure) done

Memory protections (0 events):
No events

Nmethod flushes (20 events):
Event: 10.966 Thread 0x000001d0b0ef4970 flushing  nmethod 0x000001d09dea9f90
Event: 10.966 Thread 0x000001d0b0ef4970 flushing  nmethod 0x000001d09debd910
Event: 10.966 Thread 0x000001d0b0ef4970 flushing  nmethod 0x000001d09dec0e10
Event: 10.966 Thread 0x000001d0b0ef4970 flushing  nmethod 0x000001d09dec1d10
Event: 10.966 Thread 0x000001d0b0ef4970 flushing  nmethod 0x000001d09dec2690
Event: 10.966 Thread 0x000001d0b0ef4970 flushing  nmethod 0x000001d09decbe90
Event: 10.966 Thread 0x000001d0b0ef4970 flushing  nmethod 0x000001d09dedc490
Event: 10.966 Thread 0x000001d0b0ef4970 flushing  nmethod 0x000001d09dedca90
Event: 10.966 Thread 0x000001d0b0ef4970 flushing  nmethod 0x000001d09dedd990
Event: 10.966 Thread 0x000001d0b0ef4970 flushing  nmethod 0x000001d09dede210
Event: 10.966 Thread 0x000001d0b0ef4970 flushing  nmethod 0x000001d09dedf090
Event: 10.966 Thread 0x000001d0b0ef4970 flushing  nmethod 0x000001d09dee1310
Event: 10.966 Thread 0x000001d0b0ef4970 flushing  nmethod 0x000001d09deecb10
Event: 10.966 Thread 0x000001d0b0ef4970 flushing  nmethod 0x000001d09df07710
Event: 10.966 Thread 0x000001d0b0ef4970 flushing  nmethod 0x000001d09df0ce90
Event: 10.966 Thread 0x000001d0b0ef4970 flushing  nmethod 0x000001d09df2e110
Event: 10.966 Thread 0x000001d0b0ef4970 flushing  nmethod 0x000001d09df4bb10
Event: 10.966 Thread 0x000001d0b0ef4970 flushing  nmethod 0x000001d09df7f510
Event: 10.966 Thread 0x000001d0b0ef4970 flushing  nmethod 0x000001d09df89f10
Event: 10.966 Thread 0x000001d0b0ef4970 flushing  nmethod 0x000001d09df8bf10

Events (20 events):
Event: 12.307 Thread 0x000001d0f9807050 Thread exited: 0x000001d0f9807050
Event: 12.307 Thread 0x000001d0f9809e40 Thread exited: 0x000001d0f9809e40
Event: 12.308 Thread 0x000001d0f980a4d0 Thread exited: 0x000001d0f980a4d0
Event: 14.906 Thread 0x000001d0faffe2f0 Thread added: 0x000001d0f9809e40
Event: 20.783 Thread 0x000001d0fc633f10 Thread exited: 0x000001d0fc633f10
Event: 20.799 Thread 0x000001d0fae4d330 Thread exited: 0x000001d0fae4d330
Event: 31.114 Thread 0x000001d09a51afc0 Thread added: 0x000001d0fc633f10
Event: 31.114 Thread 0x000001d09a51afc0 Thread added: 0x000001d0fbf36b50
Event: 32.661 Thread 0x000001d0fbf36b50 Thread exited: 0x000001d0fbf36b50
Event: 32.661 Thread 0x000001d0fc633f10 Thread exited: 0x000001d0fc633f10
Event: 32.677 Thread 0x000001d09a51afc0 Thread added: 0x000001d0fc633f10
Event: 32.677 Thread 0x000001d09a51afc0 Thread added: 0x000001d0fbf36b50
Event: 34.222 Thread 0x000001d0fbf36b50 Thread exited: 0x000001d0fbf36b50
Event: 34.222 Thread 0x000001d0fc633f10 Thread exited: 0x000001d0fc633f10
Event: 34.232 Thread 0x000001d09a51afc0 Thread added: 0x000001d0fc633f10
Event: 34.260 Thread 0x000001d0fc633f10 Thread added: 0x000001d0fbf36b50
Event: 35.358 Thread 0x000001d0fbf36b50 Thread exited: 0x000001d0fbf36b50
Event: 35.358 Thread 0x000001d0fc633f10 Thread exited: 0x000001d0fc633f10
Event: 35.374 Thread 0x000001d09a51afc0 Thread added: 0x000001d0fc633f10
Event: 35.380 Thread 0x000001d09a51afc0 Thread added: 0x000001d0fbf36b50


Dynamic libraries:
0x00007ff6d80b0000 - 0x00007ff6d80be000 	c:\Users\dhruv\.vscode\extensions\redhat.java-1.53.0-win32-x64\jre\21.0.10-win32-x86_64\bin\java.exe
0x00007ffc9c540000 - 0x00007ffc9c7a7000 	C:\Windows\SYSTEM32\ntdll.dll
0x00007ffc9bbf0000 - 0x00007ffc9bcb9000 	C:\Windows\System32\KERNEL32.DLL
0x00007ffc98ed0000 - 0x00007ffc992c1000 	C:\Windows\System32\KERNELBASE.dll
0x00007ffc99e00000 - 0x00007ffc99f4b000 	C:\Windows\System32\ucrtbase.dll
0x00007ffc8ef60000 - 0x00007ffc8ef78000 	c:\Users\dhruv\.vscode\extensions\redhat.java-1.53.0-win32-x64\jre\21.0.10-win32-x86_64\bin\jli.dll
0x00007ffc9a620000 - 0x00007ffc9a7e5000 	C:\Windows\System32\USER32.dll
0x00007ffc9a2b0000 - 0x00007ffc9a2d7000 	C:\Windows\System32\win32u.dll
0x00007ffc9b230000 - 0x00007ffc9b25b000 	C:\Windows\System32\GDI32.dll
0x00007ffc9a0d0000 - 0x00007ffc9a1fb000 	C:\Windows\System32\gdi32full.dll
0x00007ffc98e20000 - 0x00007ffc98ec3000 	C:\Windows\System32\msvcp_win.dll
0x00007ffc8e9b0000 - 0x00007ffc8e9ce000 	c:\Users\dhruv\.vscode\extensions\redhat.java-1.53.0-win32-x64\jre\21.0.10-win32-x86_64\bin\VCRUNTIME140.dll
0x00007ffc79410000 - 0x00007ffc796a3000 	C:\Windows\WinSxS\amd64_microsoft.windows.common-controls_6595b64144ccf1df_6.0.26100.8037_none_3e092faae333b53b\COMCTL32.dll
0x00007ffc9b490000 - 0x00007ffc9b539000 	C:\Windows\System32\msvcrt.dll
0x00007ffc9c2a0000 - 0x00007ffc9c2d1000 	C:\Windows\System32\IMM32.DLL
0x00007ffc8ea00000 - 0x00007ffc8ea0c000 	c:\Users\dhruv\.vscode\extensions\redhat.java-1.53.0-win32-x64\jre\21.0.10-win32-x86_64\bin\vcruntime140_1.dll
0x00007ffc69e70000 - 0x00007ffc69efd000 	c:\Users\dhruv\.vscode\extensions\redhat.java-1.53.0-win32-x64\jre\21.0.10-win32-x86_64\bin\msvcp140.dll
0x00007ffc05650000 - 0x00007ffc063f1000 	c:\Users\dhruv\.vscode\extensions\redhat.java-1.53.0-win32-x64\jre\21.0.10-win32-x86_64\bin\server\jvm.dll
0x00007ffc9a880000 - 0x00007ffc9a93b000 	C:\Windows\System32\ADVAPI32.dll
0x00007ffc9b260000 - 0x00007ffc9b307000 	C:\Windows\System32\sechost.dll
0x00007ffc9a2e0000 - 0x00007ffc9a3f8000 	C:\Windows\System32\RPCRT4.dll
0x00007ffc9a800000 - 0x00007ffc9a874000 	C:\Windows\System32\WS2_32.dll
0x00007ffc90f50000 - 0x00007ffc90f85000 	C:\Windows\SYSTEM32\WINMM.dll
0x00007ffc98ca0000 - 0x00007ffc98cfe000 	C:\Windows\SYSTEM32\POWRPROF.dll
0x00007ffc7c780000 - 0x00007ffc7c78b000 	C:\Windows\SYSTEM32\VERSION.dll
0x00007ffc98c80000 - 0x00007ffc98c94000 	C:\Windows\SYSTEM32\UMPDC.dll
0x00007ffc97b80000 - 0x00007ffc97b9b000 	C:\Windows\SYSTEM32\kernel.appcore.dll
0x00007ffc8d570000 - 0x00007ffc8d57a000 	c:\Users\dhruv\.vscode\extensions\redhat.java-1.53.0-win32-x64\jre\21.0.10-win32-x86_64\bin\jimage.dll
0x00007ffc96e50000 - 0x00007ffc97092000 	C:\Windows\SYSTEM32\DBGHELP.DLL
0x00007ffc9bd20000 - 0x00007ffc9c0a2000 	C:\Windows\System32\combase.dll
0x00007ffc9b0c0000 - 0x00007ffc9b197000 	C:\Windows\System32\OLEAUT32.dll
0x00007ffc7a2d0000 - 0x00007ffc7a30b000 	C:\Windows\SYSTEM32\dbgcore.DLL
0x00007ffc9a200000 - 0x00007ffc9a2a5000 	C:\Windows\System32\bcryptPrimitives.dll
0x00007ffc8d560000 - 0x00007ffc8d56f000 	c:\Users\dhruv\.vscode\extensions\redhat.java-1.53.0-win32-x64\jre\21.0.10-win32-x86_64\bin\instrument.dll
0x00007ffc85d30000 - 0x00007ffc85d50000 	c:\Users\dhruv\.vscode\extensions\redhat.java-1.53.0-win32-x64\jre\21.0.10-win32-x86_64\bin\java.dll
0x00007ffc9a950000 - 0x00007ffc9b0af000 	C:\Windows\System32\SHELL32.dll
0x00007ffc99c90000 - 0x00007ffc99dfa000 	C:\Windows\System32\wintypes.dll
0x00007ffc992d0000 - 0x00007ffc99b34000 	C:\Windows\System32\windows.storage.dll
0x00007ffc9a4a0000 - 0x00007ffc9a597000 	C:\Windows\System32\SHCORE.dll
0x00007ffc9c490000 - 0x00007ffc9c4f7000 	C:\Windows\System32\shlwapi.dll
0x00007ffc98d40000 - 0x00007ffc98d69000 	C:\Windows\SYSTEM32\profapi.dll
0x00007ffc7a110000 - 0x00007ffc7a128000 	c:\Users\dhruv\.vscode\extensions\redhat.java-1.53.0-win32-x64\jre\21.0.10-win32-x86_64\bin\zip.dll
0x00007ffc8d1f0000 - 0x00007ffc8d200000 	C:\Users\dhruv\.vscode\extensions\redhat.java-1.53.0-win32-x64\jre\21.0.10-win32-x86_64\bin\net.dll
0x00007ffc8ef80000 - 0x00007ffc8f0a7000 	C:\Windows\SYSTEM32\WINHTTP.dll
0x00007ffc98120000 - 0x00007ffc9818b000 	C:\Windows\system32\mswsock.dll
0x00007ffc7a0d0000 - 0x00007ffc7a0e6000 	C:\Users\dhruv\.vscode\extensions\redhat.java-1.53.0-win32-x64\jre\21.0.10-win32-x86_64\bin\nio.dll
0x00007ffc85be0000 - 0x00007ffc85bf0000 	c:\Users\dhruv\.vscode\extensions\redhat.java-1.53.0-win32-x64\jre\21.0.10-win32-x86_64\bin\verify.dll
0x00007ffc78280000 - 0x00007ffc782c5000 	C:\Users\dhruv\AppData\Roaming\Code\User\globalStorage\redhat.java\1.53.0\config_win\org.eclipse.equinox.launcher\org.eclipse.equinox.launcher.win32.win32.x86_64_1.3.0.v20260203-2149\eclipse_11919.dll
0x00007ffc9c2e0000 - 0x00007ffc9c475000 	C:\Windows\System32\ole32.dll
0x00007ffc98410000 - 0x00007ffc9842b000 	C:\Windows\SYSTEM32\CRYPTSP.dll
0x00007ffc97ae0000 - 0x00007ffc97b19000 	C:\Windows\system32\rsaenh.dll
0x00007ffc981d0000 - 0x00007ffc98202000 	C:\Windows\SYSTEM32\USERENV.dll
0x00007ffc98d10000 - 0x00007ffc98d3a000 	C:\Windows\SYSTEM32\bcrypt.dll
0x00007ffc98400000 - 0x00007ffc9840c000 	C:\Windows\SYSTEM32\CRYPTBASE.dll
0x00007ffc97560000 - 0x00007ffc97593000 	C:\Windows\SYSTEM32\IPHLPAPI.DLL
0x00007ffc9c480000 - 0x00007ffc9c48a000 	C:\Windows\System32\NSI.dll
0x00007ffc6a080000 - 0x00007ffc6a0c9000 	C:\Users\dhruv\AppData\Local\Temp\jna-95563663\jna6515272094867658151.dll
0x00007ffc9a940000 - 0x00007ffc9a948000 	C:\Windows\System32\PSAPI.DLL
0x00007ffc90880000 - 0x00007ffc9089d000 	C:\Windows\SYSTEM32\dhcpcsvc6.DLL
0x00007ffc8ff40000 - 0x00007ffc8ff63000 	C:\Windows\SYSTEM32\dhcpcsvc.DLL

JVMTI agents:
c:\Users\dhruv\.vscode\extensions\redhat.java-1.53.0-win32-x64\lombok\lombok-1.18.39-4050.jar path:c:\Users\dhruv\.vscode\extensions\redhat.java-1.53.0-win32-x64\jre\21.0.10-win32-x86_64\bin\instrument.dll, loaded, initialized, instrumentlib options:none

dbghelp: loaded successfully - version: 4.0.5 - missing functions: none
symbol engine: initialized successfully - sym options: 0x614 - pdb path: .;c:\Users\dhruv\.vscode\extensions\redhat.java-1.53.0-win32-x64\jre\21.0.10-win32-x86_64\bin;C:\Windows\SYSTEM32;C:\Windows\WinSxS\amd64_microsoft.windows.common-controls_6595b64144ccf1df_6.0.26100.8037_none_3e092faae333b53b;c:\Users\dhruv\.vscode\extensions\redhat.java-1.53.0-win32-x64\jre\21.0.10-win32-x86_64\bin\server;C:\Users\dhruv\AppData\Roaming\Code\User\globalStorage\redhat.java\1.53.0\config_win\org.eclipse.equinox.launcher\org.eclipse.equinox.launcher.win32.win32.x86_64_1.3.0.v20260203-2149;C:\Users\dhruv\AppData\Local\Temp\jna-95563663

VM Arguments:
jvm_args: --add-modules=ALL-SYSTEM --add-opens=java.base/java.util=ALL-UNNAMED --add-opens=java.base/java.lang=ALL-UNNAMED --add-opens=java.base/sun.nio.fs=ALL-UNNAMED -Declipse.application=org.eclipse.jdt.ls.core.id1 -Dosgi.bundles.defaultStartLevel=4 -Declipse.product=org.eclipse.jdt.ls.core.product -Djava.import.generatesMetadataFilesAtProjectRoot=false -DDetectVMInstallationsJob.disabled=true -Dfile.encoding=utf8 -XX:+UseParallelGC -XX:GCTimeRatio=4 -XX:AdaptiveSizePolicyWeight=90 -Dsun.zip.disableMemoryMapping=true -Xmx2G -Xms100m -Xlog:disable -javaagent:c:\Users\dhruv\.vscode\extensions\redhat.java-1.53.0-win32-x64\lombok\lombok-1.18.39-4050.jar -XX:+HeapDumpOnOutOfMemoryError -XX:HeapDumpPath=c:\Users\dhruv\AppData\Roaming\Code\User\workspaceStorage\7d28d01f3346ece97dc27ea15ebc63fd\redhat.java -Daether.dependencyCollector.impl=bf 
java_command: c:\Users\dhruv\.vscode\extensions\redhat.java-1.53.0-win32-x64\server\plugins\org.eclipse.equinox.launcher_1.7.100.v20251111-0406.jar -configuration c:\Users\dhruv\AppData\Roaming\Code\User\globalStorage\redhat.java\1.53.0\config_win -data c:\Users\dhruv\AppData\Roaming\Code\User\workspaceStorage\7d28d01f3346ece97dc27ea15ebc63fd\redhat.java\jdt_ws --pipe=\\.\pipe\lsp-3694b7bd4656babf9c76085f04b23271-sock
java_class_path (initial): c:\Users\dhruv\.vscode\extensions\redhat.java-1.53.0-win32-x64\server\plugins\org.eclipse.equinox.launcher_1.7.100.v20251111-0406.jar
Launcher Type: SUN_STANDARD

[Global flags]
    uintx AdaptiveSizePolicyWeight                 = 90                                        {product} {command line}
     intx CICompilerCount                          = 4                                         {product} {ergonomic}
    uintx GCTimeRatio                              = 4                                         {product} {command line}
     bool HeapDumpOnOutOfMemoryError               = true                                   {manageable} {command line}
    ccstr HeapDumpPath                             = c:\Users\dhruv\AppData\Roaming\Code\User\workspaceStorage\7d28d01f3346ece97dc27ea15ebc63fd\redhat.java         {manageable} {command line}
   size_t InitialHeapSize                          = 104857600                                 {product} {command line}
   size_t MaxHeapSize                              = 2147483648                                {product} {command line}
   size_t MaxNewSize                               = 715653120                                 {product} {ergonomic}
   size_t MinHeapDeltaBytes                        = 524288                                    {product} {ergonomic}
   size_t MinHeapSize                              = 104857600                                 {product} {command line}
   size_t NewSize                                  = 34603008                                  {product} {ergonomic}
    uintx NonNMethodCodeHeapSize                   = 5839372                                {pd product} {ergonomic}
    uintx NonProfiledCodeHeapSize                  = 122909434                              {pd product} {ergonomic}
   size_t OldSize                                  = 70254592                                  {product} {ergonomic}
    uintx ProfiledCodeHeapSize                     = 122909434                              {pd product} {ergonomic}
    uintx ReservedCodeCacheSize                    = 251658240                              {pd product} {ergonomic}
     bool SegmentedCodeCache                       = true                                      {product} {ergonomic}
   size_t SoftMaxHeapSize                          = 2147483648                             {manageable} {ergonomic}
     bool UseCompressedOops                        = true                           {product lp64_product} {ergonomic}
     bool UseLargePagesIndividualAllocation        = false                                  {pd product} {ergonomic}
     bool UseParallelGC                            = true                                      {product} {command line}

Logging:
Log output configuration:
 #0: stdout all=off uptime,level,tags foldmultilines=false
 #1: stderr all=off uptime,level,tags foldmultilines=false

Release file:
JAVA_VERSION="21.0.10" 
MODULES="java.base java.compiler java.datatransfer java.xml java.prefs java.desktop java.instrument java.logging java.management java.security.sasl java.naming java.rmi java.management.rmi java.net.http java.scripting java.security.jgss java.transaction.xa java.sql java.sql.rowset java.xml.crypto java.se java.smartcardio jdk.accessibility jdk.internal.jvmstat jdk.attach jdk.charsets jdk.internal.opt jdk.zipfs jdk.compiler jdk.crypto.ec jdk.crypto.cryptoki jdk.crypto.mscapi jdk.dynalink jdk.internal.ed jdk.editpad jdk.hotspot.agent jdk.httpserver jdk.internal.le jdk.internal.vm.ci jdk.internal.vm.compiler jdk.internal.vm.compiler.management jdk.jartool jdk.javadoc jdk.jcmd jdk.management jdk.management.agent jdk.jconsole jdk.jdeps jdk.jdwp.agent jdk.jdi jdk.jfr jdk.jshell jdk.jsobject jdk.jstatd jdk.localedata jdk.management.jfr jdk.naming.dns jdk.naming.rmi jdk.net jdk.nio.mapmode jdk.random jdk.sctp jdk.security.auth jdk.security.jgss jdk.unsupported jdk.unsupported.desktop jdk.xml.dom" 

Environment Variables:
PATH=C:\Users\dhruv\AppData\Local\Programs\Microsoft VS Code;C:\Program Files\Common Files\Oracle\Java\javapath;C:\Windows\system32;C:\Windows;C:\Windows\System32\Wbem;C:\Windows\System32\WindowsPowerShell\v1.0\;C:\Windows\System32\OpenSSH\;C:\Program Files\nodejs\;C:\Program Files\Git\cmd;C:\Program Files\MongoDB\Server\8.0\bin;C:\Program Files\MySQL\MySQL Server 8.0\bin;C:\Users\dhruv\Downloads\gradle-8.14.3\bin;C:\Program Files\Docker\Docker\resources\bin;C:\Program Files\Apache\MAVEN\bin;C:\Program Files\Apache\MAVEN\apache-maven-3.9.12\bin;C:\Program Files\MySQL\MySQL Shell 8.0\bin\;C:\Users\dhruv\AppData\Local\Microsoft\WindowsApps;C:\Users\dhruv\AppData\Local\Programs\Microsoft VS Code\bin;C:\Users\dhruv\AppData\Roaming\npm;C:\Program Files\JetBrains\IntelliJ IDEA Community Edition 2025.1.4.1\bin;C:\Users\dhruv\AppData\Local\Programs\cursor\resources\app\bin
USERNAME=dhruv
OS=Windows_NT
PROCESSOR_IDENTIFIER=Intel64 Family 6 Model 186 Stepping 2, GenuineIntel
TMP=C:\Users\dhruv\AppData\Local\Temp
TEMP=C:\Users\dhruv\AppData\Local\Temp




Periodic native trim disabled

---------------  S Y S T E M  ---------------

OS:
 Windows 11 , 64 bit Build 26100 (10.0.26100.7920)
OS uptime: 0 days 23:15 hours
Hyper-V role detected

CPU: total 12 (initial active 12) (6 cores per cpu, 2 threads per core) family 6 model 186 stepping 2 microcode 0x6134, cx8, cmov, fxsr, ht, mmx, 3dnowpref, sse, sse2, sse3, ssse3, sse4.1, sse4.2, popcnt, lzcnt, tsc, tscinvbit, avx, avx2, aes, erms, clmul, bmi1, bmi2, adx, sha, fma, vzeroupper, clflush, clflushopt, clwb, hv, serialize, rdtscp, rdpid, fsrm, f16c, cet_ibt, cet_ss
Processor Information for processor 0
  Max Mhz: 2100, Current Mhz: 2100, Mhz Limit: 2100
Processor Information for processor 1
  Max Mhz: 2100, Current Mhz: 2100, Mhz Limit: 2100
Processor Information for processor 2
  Max Mhz: 2100, Current Mhz: 2100, Mhz Limit: 2100
Processor Information for processor 3
  Max Mhz: 2100, Current Mhz: 2100, Mhz Limit: 2100
Processor Information for processor 4
  Max Mhz: 2100, Current Mhz: 2100, Mhz Limit: 2100
Processor Information for processor 5
  Max Mhz: 2100, Current Mhz: 2100, Mhz Limit: 2100
Processor Information for processor 6
  Max Mhz: 2100, Current Mhz: 2100, Mhz Limit: 2100
Processor Information for processor 7
  Max Mhz: 2100, Current Mhz: 2100, Mhz Limit: 2100
Processor Information for processor 8
  Max Mhz: 2100, Current Mhz: 1500, Mhz Limit: 1491
Processor Information for processor 9
  Max Mhz: 2100, Current Mhz: 1500, Mhz Limit: 1491
Processor Information for processor 10
  Max Mhz: 2100, Current Mhz: 1500, Mhz Limit: 1491
Processor Information for processor 11
  Max Mhz: 2100, Current Mhz: 1500, Mhz Limit: 1491

Memory: 4k page, system-wide physical 16076M (1273M free)
TotalPageFile size 46395M (AvailPageFile size 31M)
current process WorkingSet (physical memory assigned to process): 407M, peak: 418M
current process commit charge ("private bytes"): 481M, peak: 493M

vm_info: OpenJDK 64-Bit Server VM (21.0.10+7-LTS) for windows-amd64 JRE (21.0.10+7-LTS), built on 2026-01-20T00:00:00Z by "admin" with MS VC++ 17.12 (VS2022)

END.
