#
# There is insufficient memory for the Java Runtime Environment to continue.
# Native memory allocation (malloc) failed to allocate 1751392 bytes. Error detail: Chunk::new
# Possible reasons:
#   The system is out of physical RAM or swap space
#   This process is running with CompressedOops enabled, and the Java Heap may be blocking the growth of the native heap
# Possible solutions:
#   Reduce memory load on the system
#   Increase physical memory or swap space
#   Check if swap backing store is full
#   Decrease Java heap size (-Xmx/-Xms)
#   Decrease number of Java threads
#   Decrease Java thread stack sizes (-Xss)
#   Set larger code cache with -XX:ReservedCodeCacheSize=
#   JVM is running with Unscaled Compressed Oops mode in which the Java heap is
#     placed in the first 4GB address space. The Java Heap base address is the
#     maximum limit for the native heap growth. Please use -XX:HeapBaseMinAddress
#     to set the Java Heap base and to place the Java Heap above 4GB virtual address.
# This output file may be truncated or incomplete.
#
#  Out of Memory Error (arena.cpp:168), pid=40404, tid=29568
#
# JRE version: OpenJDK Runtime Environment Temurin-21.0.10+7 (21.0.10+7) (build 21.0.10+7-LTS)
# Java VM: OpenJDK 64-Bit Server VM Temurin-21.0.10+7 (21.0.10+7-LTS, mixed mode, sharing, tiered, compressed oops, compressed class ptrs, parallel gc, windows-amd64)
# No core dump will be written. Minidumps are not enabled by default on client versions of Windows
#

---------------  S U M M A R Y ------------

Command Line: --add-modules=ALL-SYSTEM --add-opens=java.base/java.util=ALL-UNNAMED --add-opens=java.base/java.lang=ALL-UNNAMED --add-opens=java.base/sun.nio.fs=ALL-UNNAMED -Declipse.application=org.eclipse.jdt.ls.core.id1 -Dosgi.bundles.defaultStartLevel=4 -Declipse.product=org.eclipse.jdt.ls.core.product -Djava.import.generatesMetadataFilesAtProjectRoot=false -DDetectVMInstallationsJob.disabled=true -Dfile.encoding=utf8 -XX:+UseParallelGC -XX:GCTimeRatio=4 -XX:AdaptiveSizePolicyWeight=90 -Dsun.zip.disableMemoryMapping=true -Xmx2G -Xms100m -Xlog:disable -javaagent:c:\Users\dhruv\.vscode\extensions\redhat.java-1.53.0-win32-x64\lombok\lombok-1.18.39-4050.jar -XX:+HeapDumpOnOutOfMemoryError -XX:HeapDumpPath=c:\Users\dhruv\AppData\Roaming\Code\User\workspaceStorage\7d28d01f3346ece97dc27ea15ebc63fd\redhat.java -Daether.dependencyCollector.impl=bf c:\Users\dhruv\.vscode\extensions\redhat.java-1.53.0-win32-x64\server\plugins\org.eclipse.equinox.launcher_1.7.100.v20251111-0406.jar -configuration c:\Users\dhruv\AppData\Roaming\Code\User\globalStorage\redhat.java\1.53.0\config_win -data c:\Users\dhruv\AppData\Roaming\Code\User\workspaceStorage\7d28d01f3346ece97dc27ea15ebc63fd\redhat.java\jdt_ws --pipe=\\.\pipe\lsp-b97c8ca8719fd97b022425e16115cca8-sock

Host: 13th Gen Intel(R) Core(TM) i5-13420H, 12 cores, 15G,  Windows 11 , 64 bit Build 26100 (10.0.26100.7920)
Time: Sun Mar 29 14:15:12 2026 India Standard Time elapsed time: 50.745127 seconds (0d 0h 0m 50s)

---------------  T H R E A D  ---------------

Current thread (0x0000027b5e4f29c0):  JavaThread "C2 CompilerThread2" daemon [_thread_in_native, id=29568, stack(0x000000b959a00000,0x000000b959b00000) (1024K)]


Current CompileTask:
C2:50745 14293   !   4       lombok.core.FieldAugment$ReflectionFieldAugment::get (61 bytes)

Stack: [0x000000b959a00000,0x000000b959b00000]
Native frames: (J=compiled Java code, j=interpreted, Vv=VM code, C=native code)
V  [jvm.dll+0x6d7a39]
V  [jvm.dll+0x8b4b26]
V  [jvm.dll+0x8b70de]
V  [jvm.dll+0x8b77c3]
V  [jvm.dll+0x284346]
V  [jvm.dll+0xc66ed]
V  [jvm.dll+0xc6c31]
V  [jvm.dll+0x3bec3b]
V  [jvm.dll+0x38b162]
V  [jvm.dll+0x38a5aa]
V  [jvm.dll+0x24c560]
V  [jvm.dll+0x24bb40]
V  [jvm.dll+0x1cb34e]
V  [jvm.dll+0x25b85d]
V  [jvm.dll+0x259dea]
V  [jvm.dll+0x3f857e]
V  [jvm.dll+0x85f59d]
V  [jvm.dll+0x6d626d]
C  [ucrtbase.dll+0x37b0]
C  [KERNEL32.DLL+0x2e8d7]
C  [ntdll.dll+0x8c48c]


---------------  P R O C E S S  ---------------

Threads class SMR info:
_java_thread_list=0x0000027b5b74b200, length=53, elements={
0x0000027b7ab0d420, 0x0000027b7aabd990, 0x0000027b7aabe840, 0x0000027b544567a0,
0x0000027b54459810, 0x0000027b5445c380, 0x0000027b5445cde0, 0x0000027b54461c30,
0x0000027b54485910, 0x0000027b546d5f40, 0x0000027b547ac900, 0x0000027b5991f4d0,
0x0000027b595ef180, 0x0000027b596891e0, 0x0000027b5968b990, 0x0000027b59cc39b0,
0x0000027b59cb5a10, 0x0000027b59d0dec0, 0x0000027b5a166d90, 0x0000027b5a167ab0,
0x0000027b5a1687d0, 0x0000027b5a168140, 0x0000027b5a168e60, 0x0000027b5a1694f0,
0x0000027b5a166070, 0x0000027b5a166700, 0x0000027b5b564660, 0x0000027b5b564cf0,
0x0000027b5b562c20, 0x0000027b5b561f00, 0x0000027b5b5632b0, 0x0000027b5b562590,
0x0000027b5b563fd0, 0x0000027b5b563940, 0x0000027b5b565380, 0x0000027b5a006440,
0x0000027b5a0077f0, 0x0000027b5a008510, 0x0000027b5a007e80, 0x0000027b5a005db0,
0x0000027b5a008ba0, 0x0000027b5a006ad0, 0x0000027b5a007160, 0x0000027b5a009230,
0x0000027b5c3b40b0, 0x0000027b5c3b5460, 0x0000027b5c3b4dd0, 0x0000027b5c3b6ea0,
0x0000027b5c3b4740, 0x0000027b5c3b5af0, 0x0000027b5c3b6180, 0x0000027b5e4f3760,
0x0000027b5e4f29c0
}

Java Threads: ( => current thread )
  0x0000027b7ab0d420 JavaThread "main"                              [_thread_blocked, id=7116, stack(0x000000b958b00000,0x000000b958c00000) (1024K)]
  0x0000027b7aabd990 JavaThread "Reference Handler"          daemon [_thread_blocked, id=46140, stack(0x000000b958f00000,0x000000b959000000) (1024K)]
  0x0000027b7aabe840 JavaThread "Finalizer"                  daemon [_thread_blocked, id=28316, stack(0x000000b959000000,0x000000b959100000) (1024K)]
  0x0000027b544567a0 JavaThread "Signal Dispatcher"          daemon [_thread_blocked, id=12532, stack(0x000000b959100000,0x000000b959200000) (1024K)]
  0x0000027b54459810 JavaThread "Attach Listener"            daemon [_thread_blocked, id=4072, stack(0x000000b959200000,0x000000b959300000) (1024K)]
  0x0000027b5445c380 JavaThread "Service Thread"             daemon [_thread_blocked, id=30268, stack(0x000000b959300000,0x000000b959400000) (1024K)]
  0x0000027b5445cde0 JavaThread "Monitor Deflation Thread"   daemon [_thread_blocked, id=31300, stack(0x000000b959400000,0x000000b959500000) (1024K)]
  0x0000027b54461c30 JavaThread "C2 CompilerThread0"         daemon [_thread_in_native, id=9488, stack(0x000000b959500000,0x000000b959600000) (1024K)]
  0x0000027b54485910 JavaThread "C1 CompilerThread0"         daemon [_thread_blocked, id=10804, stack(0x000000b959600000,0x000000b959700000) (1024K)]
  0x0000027b546d5f40 JavaThread "Common-Cleaner"             daemon [_thread_blocked, id=6292, stack(0x000000b959800000,0x000000b959900000) (1024K)]
  0x0000027b547ac900 JavaThread "Notification Thread"        daemon [_thread_blocked, id=37008, stack(0x000000b959900000,0x000000b959a00000) (1024K)]
  0x0000027b5991f4d0 JavaThread "Active Thread: Equinox Container: 0b82d4e1-9420-4dc3-bed9-01557a3674c2"        [_thread_blocked, id=4264, stack(0x000000b95a100000,0x000000b95a200000) (1024K)]
  0x0000027b595ef180 JavaThread "Refresh Thread: Equinox Container: 0b82d4e1-9420-4dc3-bed9-01557a3674c2" daemon [_thread_blocked, id=22160, stack(0x000000b95a300000,0x000000b95a400000) (1024K)]
  0x0000027b596891e0 JavaThread "Framework Event Dispatcher: Equinox Container: 0b82d4e1-9420-4dc3-bed9-01557a3674c2" daemon [_thread_blocked, id=42084, stack(0x000000b95a400000,0x000000b95a500000) (1024K)]
  0x0000027b5968b990 JavaThread "Start Level: Equinox Container: 0b82d4e1-9420-4dc3-bed9-01557a3674c2" daemon [_thread_blocked, id=9384, stack(0x000000b95a500000,0x000000b95a600000) (1024K)]
  0x0000027b59cc39b0 JavaThread "Bundle File Closer"         daemon [_thread_blocked, id=10732, stack(0x000000b95a800000,0x000000b95a900000) (1024K)]
  0x0000027b59cb5a10 JavaThread "SCR Component Actor"        daemon [_thread_blocked, id=30060, stack(0x000000b959700000,0x000000b959800000) (1024K)]
  0x0000027b59d0dec0 JavaThread "Worker-JM"                         [_thread_blocked, id=18972, stack(0x000000b95aa00000,0x000000b95ab00000) (1024K)]
  0x0000027b5a166d90 JavaThread "JNA Cleaner"                daemon [_thread_blocked, id=46108, stack(0x000000b95a900000,0x000000b95aa00000) (1024K)]
  0x0000027b5a167ab0 JavaThread "Worker-0"                          [_thread_blocked, id=23280, stack(0x000000b95ab00000,0x000000b95ac00000) (1024K)]
  0x0000027b5a1687d0 JavaThread "Worker-1"                          [_thread_blocked, id=41664, stack(0x000000b95ac00000,0x000000b95ad00000) (1024K)]
  0x0000027b5a168140 JavaThread "Java indexing"              daemon [_thread_blocked, id=18964, stack(0x000000b95ad00000,0x000000b95ae00000) (1024K)]
  0x0000027b5a168e60 JavaThread "Worker-2"                          [_thread_blocked, id=4988, stack(0x000000b95b000000,0x000000b95b100000) (1024K)]
  0x0000027b5a1694f0 JavaThread "Worker-3"                          [_thread_blocked, id=38732, stack(0x000000b95b100000,0x000000b95b200000) (1024K)]
  0x0000027b5a166070 JavaThread "Thread-1"                   daemon [_thread_in_native, id=42264, stack(0x000000b95b200000,0x000000b95b300000) (1024K)]
  0x0000027b5a166700 JavaThread "Thread-2"                   daemon [_thread_in_native, id=32092, stack(0x000000b95b300000,0x000000b95b400000) (1024K)]
  0x0000027b5b564660 JavaThread "Thread-3"                   daemon [_thread_in_native, id=32088, stack(0x000000b95b400000,0x000000b95b500000) (1024K)]
  0x0000027b5b564cf0 JavaThread "Thread-4"                   daemon [_thread_in_native, id=23252, stack(0x000000b95b500000,0x000000b95b600000) (1024K)]
  0x0000027b5b562c20 JavaThread "Thread-5"                   daemon [_thread_in_native, id=7108, stack(0x000000b95b600000,0x000000b95b700000) (1024K)]
  0x0000027b5b561f00 JavaThread "Thread-6"                   daemon [_thread_in_native, id=35916, stack(0x000000b95b700000,0x000000b95b800000) (1024K)]
  0x0000027b5b5632b0 JavaThread "Thread-7"                   daemon [_thread_in_native, id=41516, stack(0x000000b95b800000,0x000000b95b900000) (1024K)]
  0x0000027b5b562590 JavaThread "Thread-8"                   daemon [_thread_in_native, id=42128, stack(0x000000b95b900000,0x000000b95ba00000) (1024K)]
  0x0000027b5b563fd0 JavaThread "Thread-9"                   daemon [_thread_in_native, id=21332, stack(0x000000b95ba00000,0x000000b95bb00000) (1024K)]
  0x0000027b5b563940 JavaThread "Thread-10"                  daemon [_thread_in_native, id=41764, stack(0x000000b95bb00000,0x000000b95bc00000) (1024K)]
  0x0000027b5b565380 JavaThread "Thread-11"                  daemon [_thread_in_native, id=19276, stack(0x000000b95bc00000,0x000000b95bd00000) (1024K)]
  0x0000027b5a006440 JavaThread "Thread-12"                  daemon [_thread_in_native, id=44080, stack(0x000000b95bd00000,0x000000b95be00000) (1024K)]
  0x0000027b5a0077f0 JavaThread "Thread-13"                  daemon [_thread_in_native, id=33056, stack(0x000000b95be00000,0x000000b95bf00000) (1024K)]
  0x0000027b5a008510 JavaThread "pool-2-thread-1"                   [_thread_blocked, id=39400, stack(0x000000b95bf00000,0x000000b95c000000) (1024K)]
  0x0000027b5a007e80 JavaThread "WorkspaceEventsHandler"            [_thread_blocked, id=40044, stack(0x000000b95c100000,0x000000b95c200000) (1024K)]
  0x0000027b5a005db0 JavaThread "pool-1-thread-1"                   [_thread_blocked, id=45436, stack(0x000000b95c200000,0x000000b95c300000) (1024K)]
  0x0000027b5a008ba0 JavaThread "ForkJoinPool.commonPool-worker-1" daemon [_thread_blocked, id=26696, stack(0x000000b95c300000,0x000000b95c400000) (1024K)]
  0x0000027b5a006ad0 JavaThread "ForkJoinPool.commonPool-worker-2" daemon [_thread_blocked, id=39024, stack(0x000000b95c400000,0x000000b95c500000) (1024K)]
  0x0000027b5a007160 JavaThread "ForkJoinPool.commonPool-worker-3" daemon [_thread_blocked, id=17168, stack(0x000000b95c500000,0x000000b95c600000) (1024K)]
  0x0000027b5a009230 JavaThread "ForkJoinPool.commonPool-worker-4" daemon [_thread_blocked, id=43552, stack(0x000000b95c600000,0x000000b95c700000) (1024K)]
  0x0000027b5c3b40b0 JavaThread "ForkJoinPool.commonPool-worker-5" daemon [_thread_blocked, id=38740, stack(0x000000b95c700000,0x000000b95c800000) (1024K)]
  0x0000027b5c3b5460 JavaThread "ForkJoinPool.commonPool-worker-6" daemon [_thread_blocked, id=12496, stack(0x000000b95c800000,0x000000b95c900000) (1024K)]
  0x0000027b5c3b4dd0 JavaThread "ForkJoinPool.commonPool-worker-7" daemon [_thread_blocked, id=6240, stack(0x000000b95c900000,0x000000b95ca00000) (1024K)]
  0x0000027b5c3b6ea0 JavaThread "ForkJoinPool.commonPool-worker-8" daemon [_thread_blocked, id=32448, stack(0x000000b95ca00000,0x000000b95cb00000) (1024K)]
  0x0000027b5c3b4740 JavaThread "ForkJoinPool.commonPool-worker-9" daemon [_thread_blocked, id=36404, stack(0x000000b95cb00000,0x000000b95cc00000) (1024K)]
  0x0000027b5c3b5af0 JavaThread "ForkJoinPool.commonPool-worker-11" daemon [_thread_blocked, id=44264, stack(0x000000b95cc00000,0x000000b95cd00000) (1024K)]
  0x0000027b5c3b6180 JavaThread "ForkJoinPool.commonPool-worker-10" daemon [_thread_blocked, id=20356, stack(0x000000b95cd00000,0x000000b95ce00000) (1024K)]
  0x0000027b5e4f3760 JavaThread "C2 CompilerThread1"         daemon [_thread_in_native, id=22404, stack(0x000000b958a00000,0x000000b958b00000) (1024K)]
=>0x0000027b5e4f29c0 JavaThread "C2 CompilerThread2"         daemon [_thread_in_native, id=29568, stack(0x000000b959a00000,0x000000b959b00000) (1024K)]
Total: 53

Other Threads:
  0x0000027b7aaa4760 VMThread "VM Thread"                           [id=14384, stack(0x000000b958e00000,0x000000b958f00000) (1024K)]
  0x0000027b7a99ca00 WatcherThread "VM Periodic Task Thread"        [id=40416, stack(0x000000b958d00000,0x000000b958e00000) (1024K)]
  0x0000027b7ab2d920 WorkerThread "GC Thread#0"                     [id=44028, stack(0x000000b958c00000,0x000000b958d00000) (1024K)]
  0x0000027b5943dcb0 WorkerThread "GC Thread#1"                     [id=37660, stack(0x000000b959b00000,0x000000b959c00000) (1024K)]
  0x0000027b59438c40 WorkerThread "GC Thread#2"                     [id=30004, stack(0x000000b959c00000,0x000000b959d00000) (1024K)]
  0x0000027b59438ff0 WorkerThread "GC Thread#3"                     [id=31600, stack(0x000000b959d00000,0x000000b959e00000) (1024K)]
  0x0000027b5943e060 WorkerThread "GC Thread#4"                     [id=37236, stack(0x000000b959e00000,0x000000b959f00000) (1024K)]
  0x0000027b5943e410 WorkerThread "GC Thread#5"                     [id=30228, stack(0x000000b959f00000,0x000000b95a000000) (1024K)]
  0x0000027b5943e7c0 WorkerThread "GC Thread#6"                     [id=20288, stack(0x000000b95a000000,0x000000b95a100000) (1024K)]
  0x0000027b595ee880 WorkerThread "GC Thread#7"                     [id=25828, stack(0x000000b95a200000,0x000000b95a300000) (1024K)]
  0x0000027b59d81830 WorkerThread "GC Thread#8"                     [id=38120, stack(0x000000b95a600000,0x000000b95a700000) (1024K)]
  0x0000027b59f0a2d0 WorkerThread "GC Thread#9"                     [id=31168, stack(0x000000b95a700000,0x000000b95a800000) (1024K)]
Total: 12

Threads with active compile tasks:
C2 CompilerThread0  50782 14249       4       org.eclipse.jdt.internal.compiler.lookup.ModuleBinding::getVisiblePackage (472 bytes)
C2 CompilerThread1  50782 14278       4       lombok.eclipse.handlers.EclipseHandlerUtil::methodExists (280 bytes)
C2 CompilerThread2  50782 14293   !   4       lombok.core.FieldAugment$ReflectionFieldAugment::get (61 bytes)
Total: 3

VM state: not at safepoint (normal execution)

VM Mutex/Monitor currently owned by a thread: None

Heap address: 0x0000000080000000, size: 2048 MB, Compressed Oops mode: 32-bit

CDS archive(s) mapped at: [0x0000027b13000000-0x0000027b13ba0000-0x0000027b13ba0000), size 12189696, SharedBaseAddress: 0x0000027b13000000, ArchiveRelocationMode: 1.
Compressed class space mapped at: 0x0000027b14000000-0x0000027b54000000, reserved size: 1073741824
Narrow klass base: 0x0000027b13000000, Narrow klass shift: 0, Narrow klass range: 0x100000000

GC Precious Log:
 CardTable entry size: 512
 CPUs: 12 total, 12 available
 Memory: 16076M
 Large Page Support: Disabled
 NUMA Support: Disabled
 Compressed Oops: Enabled (32-bit)
 Alignments: Space 512K, Generation 512K, Heap 2M
 Heap Min Capacity: 100M
 Heap Initial Capacity: 100M
 Heap Max Capacity: 2G
 Pre-touch: Disabled
 Parallel Workers: 10

Heap:
 PSYoungGen      total 11264K, used 4325K [0x00000000d5580000, 0x00000000d6580000, 0x0000000100000000)
  eden space 10240K, 36% used [0x00000000d5580000,0x00000000d59245c8,0x00000000d5f80000)
  from space 1024K, 58% used [0x00000000d6480000,0x00000000d6515200,0x00000000d6580000)
  to   space 2560K, 0% used [0x00000000d6080000,0x00000000d6080000,0x00000000d6300000)
 ParOldGen       total 324096K, used 323978K [0x0000000080000000, 0x0000000093c80000, 0x00000000d5580000)
  object space 324096K, 99% used [0x0000000080000000,0x0000000093c62a50,0x0000000093c80000)
 Metaspace       used 69681K, committed 71360K, reserved 1114112K
  class space    used 7239K, committed 7936K, reserved 1048576K

Card table byte_map: [0x0000027b7a4b0000,0x0000027b7a8c0000] _byte_map_base: 0x0000027b7a0b0000

Marking Bits: (ParMarkBitMap*) 0x00007ffc06313450
 Begin Bits: [0x0000027b0f000000, 0x0000027b11000000)
 End Bits:   [0x0000027b11000000, 0x0000027b13000000)

Polling page: 0x0000027b788c0000

Metaspace:

Usage:
  Non-class:     60.98 MB used.
      Class:      7.07 MB used.
       Both:     68.05 MB used.

Virtual space:
  Non-class space:       64.00 MB reserved,      61.94 MB ( 97%) committed,  1 nodes.
      Class space:        1.00 GB reserved,       7.75 MB ( <1%) committed,  1 nodes.
             Both:        1.06 GB reserved,      69.69 MB (  6%) committed. 

Chunk freelists:
   Non-Class:  1.97 MB
       Class:  8.15 MB
        Both:  10.12 MB

MaxMetaspaceSize: unlimited
CompressedClassSpaceSize: 1.00 GB
Initial GC threshold: 21.00 MB
Current GC threshold: 97.31 MB
CDS: on
 - commit_granule_bytes: 65536.
 - commit_granule_words: 8192.
 - virtual_space_node_default_size: 8388608.
 - enlarge_chunks_in_place: 1.
 - use_allocation_guard: 0.


Internal statistics:

num_allocs_failed_limit: 9.
num_arena_births: 1454.
num_arena_deaths: 22.
num_vsnodes_births: 2.
num_vsnodes_deaths: 0.
num_space_committed: 1115.
num_space_uncommitted: 0.
num_chunks_returned_to_freelist: 35.
num_chunks_taken_from_freelist: 4867.
num_chunk_merges: 19.
num_chunk_splits: 2952.
num_chunks_enlarged: 1617.
num_inconsistent_stats: 0.

CodeHeap 'non-profiled nmethods': size=120000Kb used=10660Kb max_used=10660Kb free=109339Kb
 bounds [0x0000027b07ad0000, 0x0000027b08540000, 0x0000027b0f000000]
CodeHeap 'profiled nmethods': size=120000Kb used=31784Kb max_used=31784Kb free=88215Kb
 bounds [0x0000027b00000000, 0x0000027b01f10000, 0x0000027b07530000]
CodeHeap 'non-nmethods': size=5760Kb used=1498Kb max_used=1588Kb free=4261Kb
 bounds [0x0000027b07530000, 0x0000027b077a0000, 0x0000027b07ad0000]
CodeCache: size=245760Kb, used=43942Kb, max_used=44032Kb, free=201815Kb
 total_blobs=14333, nmethods=13568, adapters=667, full_count=0
Compilation: enabled, stopped_count=0, restarted_count=0

Compilation events (20 events):
Event: 49.667 Thread 0x0000027b54485910 14366   !   3       org.eclipse.jdt.internal.compiler.ast.AbstractMethodDeclaration::resolve (106 bytes)
Event: 49.668 Thread 0x0000027b54485910 nmethod 14366 0x0000027b01ef9f10 code [0x0000027b01efa160, 0x0000027b01efaa78]
Event: 49.668 Thread 0x0000027b54485910 14369       3       org.eclipse.jdt.internal.compiler.ast.AbstractMethodDeclaration::bindThrownExceptions (209 bytes)
Event: 49.668 Thread 0x0000027b54485910 nmethod 14369 0x0000027b01efae90 code [0x0000027b01efb0e0, 0x0000027b01efba90]
Event: 49.669 Thread 0x0000027b54485910 14370       3       org.eclipse.jdt.internal.compiler.ast.AbstractMethodDeclaration::resolveStatements (68 bytes)
Event: 49.669 Thread 0x0000027b54485910 nmethod 14370 0x0000027b01efbf10 code [0x0000027b01efc100, 0x0000027b01efc5f8]
Event: 49.669 Thread 0x0000027b54485910 14371       3       org.eclipse.jdt.internal.compiler.ast.AbstractMethodDeclaration::resolveReceiver (441 bytes)
Event: 49.671 Thread 0x0000027b54485910 nmethod 14371 0x0000027b01efc810 code [0x0000027b01efcca0, 0x0000027b01efee30]
Event: 49.671 Thread 0x0000027b54485910 14372   !   3       org.eclipse.jdt.internal.compiler.lookup.FieldBinding::constant (59 bytes)
Event: 49.672 Thread 0x0000027b54485910 nmethod 14372 0x0000027b01effc90 code [0x0000027b01effe80, 0x0000027b01f00670]
Event: 49.672 Thread 0x0000027b54485910 14373       3       org.eclipse.jdt.core.dom.DefaultASTVisitor::visit (6 bytes)
Event: 49.672 Thread 0x0000027b54485910 nmethod 14373 0x0000027b01f00910 code [0x0000027b01f00ac0, 0x0000027b01f00c88]
Event: 49.672 Thread 0x0000027b54485910 14374       3       org.eclipse.jdt.core.dom.DefaultASTVisitor::endVisit (6 bytes)
Event: 49.672 Thread 0x0000027b54485910 nmethod 14374 0x0000027b01f00d10 code [0x0000027b01f00ec0, 0x0000027b01f01088]
Event: 49.672 Thread 0x0000027b54485910 14364       1       org.eclipse.jdt.internal.compiler.ast.ExplicitConstructorCall::genericTypeArguments (5 bytes)
Event: 49.672 Thread 0x0000027b54485910 nmethod 14364 0x0000027b08538a90 code [0x0000027b08538c20, 0x0000027b08538ce8]
Event: 49.672 Thread 0x0000027b54485910 14365       1       org.eclipse.jdt.internal.compiler.ast.ExplicitConstructorCall::arguments (5 bytes)
Event: 49.672 Thread 0x0000027b54485910 nmethod 14365 0x0000027b08538d90 code [0x0000027b08538f20, 0x0000027b08538fe8]
Event: 49.728 Thread 0x0000027b54485910 14375       3       org.eclipse.core.runtime.SubMonitor::convert (83 bytes)
Event: 49.729 Thread 0x0000027b54485910 nmethod 14375 0x0000027b01f01110 code [0x0000027b01f013a0, 0x0000027b01f021c0]

GC Heap History (20 events):
Event: 48.486 GC heap after
{Heap after GC invocations=447 (full 3):
 PSYoungGen      total 6144K, used 608K [0x00000000d5580000, 0x00000000d5c80000, 0x0000000100000000)
  eden space 5120K, 0% used [0x00000000d5580000,0x00000000d5580000,0x00000000d5a80000)
  from space 1024K, 59% used [0x00000000d5b80000,0x00000000d5c18000,0x00000000d5c80000)
  to   space 1024K, 0% used [0x00000000d5a80000,0x00000000d5a80000,0x00000000d5b80000)
 ParOldGen       total 313344K, used 313141K [0x0000000080000000, 0x0000000093200000, 0x00000000d5580000)
  object space 313344K, 99% used [0x0000000080000000,0x00000000931cd6e0,0x0000000093200000)
 Metaspace       used 69512K, committed 71168K, reserved 1114112K
  class space    used 7238K, committed 7936K, reserved 1048576K
}
Event: 48.496 GC heap before
{Heap before GC invocations=448 (full 3):
 PSYoungGen      total 6144K, used 5728K [0x00000000d5580000, 0x00000000d5c80000, 0x0000000100000000)
  eden space 5120K, 100% used [0x00000000d5580000,0x00000000d5a80000,0x00000000d5a80000)
  from space 1024K, 59% used [0x00000000d5b80000,0x00000000d5c18000,0x00000000d5c80000)
  to   space 1024K, 0% used [0x00000000d5a80000,0x00000000d5a80000,0x00000000d5b80000)
 ParOldGen       total 313344K, used 313141K [0x0000000080000000, 0x0000000093200000, 0x00000000d5580000)
  object space 313344K, 99% used [0x0000000080000000,0x00000000931cd6e0,0x0000000093200000)
 Metaspace       used 69525K, committed 71168K, reserved 1114112K
  class space    used 7238K, committed 7936K, reserved 1048576K
}
Event: 48.497 GC heap after
{Heap after GC invocations=448 (full 3):
 PSYoungGen      total 6144K, used 864K [0x00000000d5580000, 0x00000000d5d80000, 0x0000000100000000)
  eden space 5120K, 0% used [0x00000000d5580000,0x00000000d5580000,0x00000000d5a80000)
  from space 1024K, 84% used [0x00000000d5a80000,0x00000000d5b58020,0x00000000d5b80000)
  to   space 1024K, 0% used [0x00000000d5c80000,0x00000000d5c80000,0x00000000d5d80000)
 ParOldGen       total 313856K, used 313589K [0x0000000080000000, 0x0000000093280000, 0x00000000d5580000)
  object space 313856K, 99% used [0x0000000080000000,0x000000009323d6e0,0x0000000093280000)
 Metaspace       used 69525K, committed 71168K, reserved 1114112K
  class space    used 7238K, committed 7936K, reserved 1048576K
}
Event: 48.562 GC heap before
{Heap before GC invocations=449 (full 3):
 PSYoungGen      total 6144K, used 5984K [0x00000000d5580000, 0x00000000d5d80000, 0x0000000100000000)
  eden space 5120K, 100% used [0x00000000d5580000,0x00000000d5a80000,0x00000000d5a80000)
  from space 1024K, 84% used [0x00000000d5a80000,0x00000000d5b58020,0x00000000d5b80000)
  to   space 1024K, 0% used [0x00000000d5c80000,0x00000000d5c80000,0x00000000d5d80000)
 ParOldGen       total 313856K, used 313589K [0x0000000080000000, 0x0000000093280000, 0x00000000d5580000)
  object space 313856K, 99% used [0x0000000080000000,0x000000009323d6e0,0x0000000093280000)
 Metaspace       used 69553K, committed 71232K, reserved 1114112K
  class space    used 7238K, committed 7936K, reserved 1048576K
}
Event: 48.565 GC heap after
{Heap after GC invocations=449 (full 3):
 PSYoungGen      total 6144K, used 974K [0x00000000d5580000, 0x00000000d5d80000, 0x0000000100000000)
  eden space 5120K, 0% used [0x00000000d5580000,0x00000000d5580000,0x00000000d5a80000)
  from space 1024K, 95% used [0x00000000d5c80000,0x00000000d5d73b00,0x00000000d5d80000)
  to   space 1024K, 0% used [0x00000000d5a80000,0x00000000d5a80000,0x00000000d5b80000)
 ParOldGen       total 314368K, used 314331K [0x0000000080000000, 0x0000000093300000, 0x00000000d5580000)
  object space 314368K, 99% used [0x0000000080000000,0x00000000932f6c50,0x0000000093300000)
 Metaspace       used 69553K, committed 71232K, reserved 1114112K
  class space    used 7238K, committed 7936K, reserved 1048576K
}
Event: 48.575 GC heap before
{Heap before GC invocations=450 (full 3):
 PSYoungGen      total 6144K, used 6094K [0x00000000d5580000, 0x00000000d5d80000, 0x0000000100000000)
  eden space 5120K, 100% used [0x00000000d5580000,0x00000000d5a80000,0x00000000d5a80000)
  from space 1024K, 95% used [0x00000000d5c80000,0x00000000d5d73b00,0x00000000d5d80000)
  to   space 1024K, 0% used [0x00000000d5a80000,0x00000000d5a80000,0x00000000d5b80000)
 ParOldGen       total 314368K, used 314331K [0x0000000080000000, 0x0000000093300000, 0x00000000d5580000)
  object space 314368K, 99% used [0x0000000080000000,0x00000000932f6c50,0x0000000093300000)
 Metaspace       used 69554K, committed 71232K, reserved 1114112K
  class space    used 7238K, committed 7936K, reserved 1048576K
}
Event: 48.578 GC heap after
{Heap after GC invocations=450 (full 3):
 PSYoungGen      total 6144K, used 752K [0x00000000d5580000, 0x00000000d5d00000, 0x0000000100000000)
  eden space 5120K, 0% used [0x00000000d5580000,0x00000000d5580000,0x00000000d5a80000)
  from space 1024K, 73% used [0x00000000d5a80000,0x00000000d5b3c030,0x00000000d5b80000)
  to   space 1024K, 0% used [0x00000000d5c00000,0x00000000d5c00000,0x00000000d5d00000)
 ParOldGen       total 315392K, used 315146K [0x0000000080000000, 0x0000000093400000, 0x00000000d5580000)
  object space 315392K, 99% used [0x0000000080000000,0x00000000933c28f0,0x0000000093400000)
 Metaspace       used 69554K, committed 71232K, reserved 1114112K
  class space    used 7238K, committed 7936K, reserved 1048576K
}
Event: 48.590 GC heap before
{Heap before GC invocations=451 (full 3):
 PSYoungGen      total 6144K, used 5872K [0x00000000d5580000, 0x00000000d5d00000, 0x0000000100000000)
  eden space 5120K, 100% used [0x00000000d5580000,0x00000000d5a80000,0x00000000d5a80000)
  from space 1024K, 73% used [0x00000000d5a80000,0x00000000d5b3c030,0x00000000d5b80000)
  to   space 1024K, 0% used [0x00000000d5c00000,0x00000000d5c00000,0x00000000d5d00000)
 ParOldGen       total 315392K, used 315146K [0x0000000080000000, 0x0000000093400000, 0x00000000d5580000)
  object space 315392K, 99% used [0x0000000080000000,0x00000000933c28f0,0x0000000093400000)
 Metaspace       used 69554K, committed 71232K, reserved 1114112K
  class space    used 7238K, committed 7936K, reserved 1048576K
}
Event: 49.605 GC heap after
{Heap after GC invocations=451 (full 3):
 PSYoungGen      total 6656K, used 868K [0x00000000d5580000, 0x00000000d5d80000, 0x0000000100000000)
  eden space 5632K, 0% used [0x00000000d5580000,0x00000000d5580000,0x00000000d5b00000)
  from space 1024K, 84% used [0x00000000d5c00000,0x00000000d5cd9210,0x00000000d5d00000)
  to   space 1024K, 0% used [0x00000000d5b00000,0x00000000d5b00000,0x00000000d5c00000)
 ParOldGen       total 315904K, used 315746K [0x0000000080000000, 0x0000000093480000, 0x00000000d5580000)
  object space 315904K, 99% used [0x0000000080000000,0x0000000093458920,0x0000000093480000)
 Metaspace       used 69554K, committed 71232K, reserved 1114112K
  class space    used 7238K, committed 7936K, reserved 1048576K
}
Event: 49.616 GC heap before
{Heap before GC invocations=452 (full 3):
 PSYoungGen      total 6656K, used 6500K [0x00000000d5580000, 0x00000000d5d80000, 0x0000000100000000)
  eden space 5632K, 100% used [0x00000000d5580000,0x00000000d5b00000,0x00000000d5b00000)
  from space 1024K, 84% used [0x00000000d5c00000,0x00000000d5cd9210,0x00000000d5d00000)
  to   space 1024K, 0% used [0x00000000d5b00000,0x00000000d5b00000,0x00000000d5c00000)
 ParOldGen       total 315904K, used 315746K [0x0000000080000000, 0x0000000093480000, 0x00000000d5580000)
  object space 315904K, 99% used [0x0000000080000000,0x0000000093458920,0x0000000093480000)
 Metaspace       used 69604K, committed 71296K, reserved 1114112K
  class space    used 7238K, committed 7936K, reserved 1048576K
}
Event: 49.617 GC heap after
{Heap after GC invocations=452 (full 3):
 PSYoungGen      total 6656K, used 676K [0x00000000d5580000, 0x00000000d5e80000, 0x0000000100000000)
  eden space 5632K, 0% used [0x00000000d5580000,0x00000000d5580000,0x00000000d5b00000)
  from space 1024K, 66% used [0x00000000d5b00000,0x00000000d5ba9230,0x00000000d5c00000)
  to   space 1024K, 0% used [0x00000000d5d80000,0x00000000d5d80000,0x00000000d5e80000)
 ParOldGen       total 316928K, used 316491K [0x0000000080000000, 0x0000000093580000, 0x00000000d5580000)
  object space 316928K, 99% used [0x0000000080000000,0x0000000093512ea0,0x0000000093580000)
 Metaspace       used 69604K, committed 71296K, reserved 1114112K
  class space    used 7238K, committed 7936K, reserved 1048576K
}
Event: 49.626 GC heap before
{Heap before GC invocations=453 (full 3):
 PSYoungGen      total 6656K, used 6308K [0x00000000d5580000, 0x00000000d5e80000, 0x0000000100000000)
  eden space 5632K, 100% used [0x00000000d5580000,0x00000000d5b00000,0x00000000d5b00000)
  from space 1024K, 66% used [0x00000000d5b00000,0x00000000d5ba9230,0x00000000d5c00000)
  to   space 1024K, 0% used [0x00000000d5d80000,0x00000000d5d80000,0x00000000d5e80000)
 ParOldGen       total 316928K, used 316491K [0x0000000080000000, 0x0000000093580000, 0x00000000d5580000)
  object space 316928K, 99% used [0x0000000080000000,0x0000000093512ea0,0x0000000093580000)
 Metaspace       used 69645K, committed 71296K, reserved 1114112K
  class space    used 7238K, committed 7936K, reserved 1048576K
}
Event: 49.628 GC heap after
{Heap after GC invocations=453 (full 3):
 PSYoungGen      total 7168K, used 1022K [0x00000000d5580000, 0x00000000d6080000, 0x0000000100000000)
  eden space 6144K, 0% used [0x00000000d5580000,0x00000000d5580000,0x00000000d5b80000)
  from space 1024K, 99% used [0x00000000d5d80000,0x00000000d5e7fb10,0x00000000d5e80000)
  to   space 2048K, 0% used [0x00000000d5b80000,0x00000000d5b80000,0x00000000d5d80000)
 ParOldGen       total 317440K, used 317004K [0x0000000080000000, 0x0000000093600000, 0x00000000d5580000)
  object space 317440K, 99% used [0x0000000080000000,0x0000000093593370,0x0000000093600000)
 Metaspace       used 69645K, committed 71296K, reserved 1114112K
  class space    used 7238K, committed 7936K, reserved 1048576K
}
Event: 49.636 GC heap before
{Heap before GC invocations=454 (full 3):
 PSYoungGen      total 7168K, used 7166K [0x00000000d5580000, 0x00000000d6080000, 0x0000000100000000)
  eden space 6144K, 100% used [0x00000000d5580000,0x00000000d5b80000,0x00000000d5b80000)
  from space 1024K, 99% used [0x00000000d5d80000,0x00000000d5e7fb10,0x00000000d5e80000)
  to   space 2048K, 0% used [0x00000000d5b80000,0x00000000d5b80000,0x00000000d5d80000)
 ParOldGen       total 317440K, used 317004K [0x0000000080000000, 0x0000000093600000, 0x00000000d5580000)
  object space 317440K, 99% used [0x0000000080000000,0x0000000093593370,0x0000000093600000)
 Metaspace       used 69657K, committed 71296K, reserved 1114112K
  class space    used 7238K, committed 7936K, reserved 1048576K
}
Event: 49.638 GC heap after
{Heap after GC invocations=454 (full 3):
 PSYoungGen      total 8192K, used 1136K [0x00000000d5580000, 0x00000000d6000000, 0x0000000100000000)
  eden space 6144K, 0% used [0x00000000d5580000,0x00000000d5580000,0x00000000d5b80000)
  from space 2048K, 55% used [0x00000000d5b80000,0x00000000d5c9c010,0x00000000d5d80000)
  to   space 1536K, 0% used [0x00000000d5e80000,0x00000000d5e80000,0x00000000d6000000)
 ParOldGen       total 317952K, used 317945K [0x0000000080000000, 0x0000000093680000, 0x00000000d5580000)
  object space 317952K, 99% used [0x0000000080000000,0x000000009367e790,0x0000000093680000)
 Metaspace       used 69657K, committed 71296K, reserved 1114112K
  class space    used 7238K, committed 7936K, reserved 1048576K
}
Event: 49.654 GC heap before
{Heap before GC invocations=455 (full 3):
 PSYoungGen      total 8192K, used 7280K [0x00000000d5580000, 0x00000000d6000000, 0x0000000100000000)
  eden space 6144K, 100% used [0x00000000d5580000,0x00000000d5b80000,0x00000000d5b80000)
  from space 2048K, 55% used [0x00000000d5b80000,0x00000000d5c9c010,0x00000000d5d80000)
  to   space 1536K, 0% used [0x00000000d5e80000,0x00000000d5e80000,0x00000000d6000000)
 ParOldGen       total 317952K, used 317945K [0x0000000080000000, 0x0000000093680000, 0x00000000d5580000)
  object space 317952K, 99% used [0x0000000080000000,0x000000009367e790,0x0000000093680000)
 Metaspace       used 69661K, committed 71296K, reserved 1114112K
  class space    used 7238K, committed 7936K, reserved 1048576K
}
Event: 49.657 GC heap after
{Heap after GC invocations=455 (full 3):
 PSYoungGen      total 8704K, used 656K [0x00000000d5580000, 0x00000000d5f80000, 0x0000000100000000)
  eden space 7680K, 0% used [0x00000000d5580000,0x00000000d5580000,0x00000000d5d00000)
  from space 1024K, 64% used [0x00000000d5e80000,0x00000000d5f24010,0x00000000d5f80000)
  to   space 1024K, 0% used [0x00000000d5d80000,0x00000000d5d80000,0x00000000d5e80000)
 ParOldGen       total 318976K, used 318935K [0x0000000080000000, 0x0000000093780000, 0x00000000d5580000)
  object space 318976K, 99% used [0x0000000080000000,0x0000000093775e90,0x0000000093780000)
 Metaspace       used 69661K, committed 71296K, reserved 1114112K
  class space    used 7238K, committed 7936K, reserved 1048576K
}
Event: 49.687 GC heap before
{Heap before GC invocations=456 (full 3):
 PSYoungGen      total 8704K, used 8336K [0x00000000d5580000, 0x00000000d5f80000, 0x0000000100000000)
  eden space 7680K, 100% used [0x00000000d5580000,0x00000000d5d00000,0x00000000d5d00000)
  from space 1024K, 64% used [0x00000000d5e80000,0x00000000d5f24010,0x00000000d5f80000)
  to   space 1024K, 0% used [0x00000000d5d80000,0x00000000d5d80000,0x00000000d5e80000)
 ParOldGen       total 318976K, used 318935K [0x0000000080000000, 0x0000000093780000, 0x00000000d5580000)
  object space 318976K, 99% used [0x0000000080000000,0x0000000093775e90,0x0000000093780000)
 Metaspace       used 69672K, committed 71360K, reserved 1114112K
  class space    used 7238K, committed 7936K, reserved 1048576K
}
Event: 49.693 GC heap after
{Heap after GC invocations=456 (full 3):
 PSYoungGen      total 9216K, used 1024K [0x00000000d5580000, 0x00000000d6a80000, 0x0000000100000000)
  eden space 8192K, 0% used [0x00000000d5580000,0x00000000d5580000,0x00000000d5d80000)
  from space 1024K, 100% used [0x00000000d5d80000,0x00000000d5e80000,0x00000000d5e80000)
  to   space 6144K, 0% used [0x00000000d6480000,0x00000000d6480000,0x00000000d6a80000)
 ParOldGen       total 323072K, used 323069K [0x0000000080000000, 0x0000000093b80000, 0x00000000d5580000)
  object space 323072K, 99% used [0x0000000080000000,0x0000000093b7f520,0x0000000093b80000)
 Metaspace       used 69672K, committed 71360K, reserved 1114112K
  class space    used 7238K, committed 7936K, reserved 1048576K
}
Event: 49.743 GC heap before
{Heap before GC invocations=457 (full 3):
 PSYoungGen      total 9216K, used 9216K [0x00000000d5580000, 0x00000000d6a80000, 0x0000000100000000)
  eden space 8192K, 100% used [0x00000000d5580000,0x00000000d5d80000,0x00000000d5d80000)
  from space 1024K, 100% used [0x00000000d5d80000,0x00000000d5e80000,0x00000000d5e80000)
  to   space 6144K, 0% used [0x00000000d6480000,0x00000000d6480000,0x00000000d6a80000)
 ParOldGen       total 323072K, used 323069K [0x0000000080000000, 0x0000000093b80000, 0x00000000d5580000)
  object space 323072K, 99% used [0x0000000080000000,0x0000000093b7f520,0x0000000093b80000)
 Metaspace       used 69675K, committed 71360K, reserved 1114112K
  class space    used 7238K, committed 7936K, reserved 1048576K
}

Dll operation events (10 events):
Event: 0.009 Loaded shared library c:\Users\dhruv\.vscode\extensions\redhat.java-1.53.0-win32-x64\jre\21.0.10-win32-x86_64\bin\java.dll
Event: 0.080 Loaded shared library c:\Users\dhruv\.vscode\extensions\redhat.java-1.53.0-win32-x64\jre\21.0.10-win32-x86_64\bin\zip.dll
Event: 0.110 Loaded shared library C:\Users\dhruv\.vscode\extensions\redhat.java-1.53.0-win32-x64\jre\21.0.10-win32-x86_64\bin\instrument.dll
Event: 0.117 Loaded shared library C:\Users\dhruv\.vscode\extensions\redhat.java-1.53.0-win32-x64\jre\21.0.10-win32-x86_64\bin\net.dll
Event: 0.128 Loaded shared library C:\Users\dhruv\.vscode\extensions\redhat.java-1.53.0-win32-x64\jre\21.0.10-win32-x86_64\bin\nio.dll
Event: 0.170 Loaded shared library C:\Users\dhruv\.vscode\extensions\redhat.java-1.53.0-win32-x64\jre\21.0.10-win32-x86_64\bin\zip.dll
Event: 0.216 Loaded shared library C:\Users\dhruv\.vscode\extensions\redhat.java-1.53.0-win32-x64\jre\21.0.10-win32-x86_64\bin\jimage.dll
Event: 0.301 Loaded shared library c:\Users\dhruv\.vscode\extensions\redhat.java-1.53.0-win32-x64\jre\21.0.10-win32-x86_64\bin\verify.dll
Event: 1.711 Loaded shared library C:\Users\dhruv\AppData\Roaming\Code\User\globalStorage\redhat.java\1.53.0\config_win\org.eclipse.equinox.launcher\org.eclipse.equinox.launcher.win32.win32.x86_64_1.3.0.v20260203-2149\eclipse_11919.dll
Event: 3.565 Loaded shared library C:\Users\dhruv\AppData\Local\Temp\jna-95563663\jna4623904652660977687.dll

Deoptimization events (20 events):
Event: 46.169 Thread 0x0000027b5c3b5af0 Uncommon trap: trap_request=0xffffffde fr.pc=0x0000027b080b39cc relative=0x00000000000000ac
Event: 46.169 Thread 0x0000027b5c3b5af0 Uncommon trap: reason=class_check action=maybe_recompile pc=0x0000027b080b39cc method=java.lang.Character.toLowerCase(I)I @ 5 c2
Event: 46.169 Thread 0x0000027b5c3b5af0 DEOPT PACKING pc=0x0000027b080b39cc sp=0x000000b95ccfeaa0
Event: 46.169 Thread 0x0000027b5c3b5af0 DEOPT UNPACKING pc=0x0000027b07583aa2 sp=0x000000b95ccfe9d8 mode 2
Event: 46.174 Thread 0x0000027b5c3b5af0 Uncommon trap: trap_request=0xffffffde fr.pc=0x0000027b080b39cc relative=0x00000000000000ac
Event: 46.174 Thread 0x0000027b5c3b5af0 Uncommon trap: reason=class_check action=maybe_recompile pc=0x0000027b080b39cc method=java.lang.Character.toLowerCase(I)I @ 5 c2
Event: 46.174 Thread 0x0000027b5c3b5af0 DEOPT PACKING pc=0x0000027b080b39cc sp=0x000000b95ccfeaa0
Event: 46.174 Thread 0x0000027b5c3b5af0 DEOPT UNPACKING pc=0x0000027b07583aa2 sp=0x000000b95ccfe9d8 mode 2
Event: 48.287 Thread 0x0000027b5c3b4dd0 Uncommon trap: trap_request=0xffffff6e fr.pc=0x0000027b085124ac relative=0x000000000000038c
Event: 48.287 Thread 0x0000027b5c3b4dd0 Uncommon trap: reason=loop_limit_check action=maybe_recompile pc=0x0000027b085124ac method=org.eclipse.jdt.internal.core.util.CommentRecorderParser.flushCommentsDefinedPriorTo(I)I @ 56 c2
Event: 48.287 Thread 0x0000027b5c3b4dd0 DEOPT PACKING pc=0x0000027b085124ac sp=0x000000b95c9fe230
Event: 48.287 Thread 0x0000027b5c3b4dd0 DEOPT UNPACKING pc=0x0000027b07583aa2 sp=0x000000b95c9fe1b0 mode 2
Event: 48.492 Thread 0x0000027b5a008ba0 DEOPT PACKING pc=0x0000027b0197b3df sp=0x000000b95c3fcc80
Event: 48.492 Thread 0x0000027b5a008ba0 DEOPT UNPACKING pc=0x0000027b07584242 sp=0x000000b95c3fc138 mode 0
Event: 48.580 Thread 0x0000027b5a008ba0 Uncommon trap: trap_request=0xffffff6e fr.pc=0x0000027b08535ea8 relative=0x0000000000000fc8
Event: 48.580 Thread 0x0000027b5a008ba0 Uncommon trap: reason=loop_limit_check action=maybe_recompile pc=0x0000027b08535ea8 method=org.eclipse.jdt.internal.compiler.lookup.BinaryTypeBinding.createMethods([Lorg/eclipse/jdt/internal/compiler/env/IBinaryMethod;Lorg/eclipse/jdt/internal/compiler/en
Event: 48.580 Thread 0x0000027b5a008ba0 DEOPT PACKING pc=0x0000027b08535ea8 sp=0x000000b95c3fca90
Event: 48.580 Thread 0x0000027b5a008ba0 DEOPT UNPACKING pc=0x0000027b07583aa2 sp=0x000000b95c3fca08 mode 2
Event: 49.665 Thread 0x0000027b5c3b4dd0 DEOPT PACKING pc=0x0000027b012dbbae sp=0x000000b95c9fdc10
Event: 49.665 Thread 0x0000027b5c3b4dd0 DEOPT UNPACKING pc=0x0000027b07584242 sp=0x000000b95c9fd0b0 mode 0

Classes loaded (20 events):
Event: 31.545 Loading class sun/util/cldr/CLDRTimeZoneNameProviderImpl
Event: 31.546 Loading class sun/util/locale/provider/TimeZoneNameProviderImpl
Event: 31.546 Loading class sun/util/locale/provider/TimeZoneNameProviderImpl done
Event: 31.546 Loading class sun/util/cldr/CLDRTimeZoneNameProviderImpl done
Event: 31.549 Loading class sun/util/resources/cldr/TimeZoneNames
Event: 31.550 Loading class sun/util/resources/TimeZoneNamesBundle
Event: 31.550 Loading class sun/util/resources/OpenListResourceBundle
Event: 31.550 Loading class sun/util/resources/OpenListResourceBundle done
Event: 31.550 Loading class sun/util/resources/TimeZoneNamesBundle done
Event: 31.550 Loading class sun/util/resources/cldr/TimeZoneNames done
Event: 31.550 Loading class sun/util/resources/cldr/TimeZoneNames_en
Event: 31.553 Loading class sun/util/resources/cldr/TimeZoneNames_en done
Event: 31.553 Loading class sun/util/resources/cldr/TimeZoneNames_en_US
Event: 31.553 Loading class sun/util/resources/cldr/TimeZoneNames_en_US done
Event: 31.554 Loading class sun/util/cldr/CLDRBaseLocaleDataMetaInfo$TZCanonicalIDMapHolder
Event: 31.556 Loading class sun/util/cldr/CLDRBaseLocaleDataMetaInfo$TZCanonicalIDMapHolder done
Event: 31.558 Loading class sun/util/resources/TimeZoneNames
Event: 31.560 Loading class sun/util/resources/TimeZoneNames done
Event: 31.560 Loading class sun/util/resources/TimeZoneNames_en
Event: 31.561 Loading class sun/util/resources/TimeZoneNames_en done

Classes unloaded (11 events):
Event: 4.132 Thread 0x0000027b7aaa4760 Unloading class 0x0000027b141ad400 'java/lang/invoke/LambdaForm$MH+0x0000027b141ad400'
Event: 4.132 Thread 0x0000027b7aaa4760 Unloading class 0x0000027b141ad000 'java/lang/invoke/LambdaForm$MH+0x0000027b141ad000'
Event: 4.132 Thread 0x0000027b7aaa4760 Unloading class 0x0000027b141acc00 'java/lang/invoke/LambdaForm$MH+0x0000027b141acc00'
Event: 4.132 Thread 0x0000027b7aaa4760 Unloading class 0x0000027b141ac800 'java/lang/invoke/LambdaForm$MH+0x0000027b141ac800'
Event: 4.132 Thread 0x0000027b7aaa4760 Unloading class 0x0000027b141ac400 'java/lang/invoke/LambdaForm$BMH+0x0000027b141ac400'
Event: 4.132 Thread 0x0000027b7aaa4760 Unloading class 0x0000027b141ac000 'java/lang/invoke/LambdaForm$DMH+0x0000027b141ac000'
Event: 4.132 Thread 0x0000027b7aaa4760 Unloading class 0x0000027b141aac00 'java/lang/invoke/LambdaForm$DMH+0x0000027b141aac00'
Event: 14.346 Thread 0x0000027b7aaa4760 Unloading class 0x0000027b146c2000 'java/lang/invoke/LambdaForm$DMH+0x0000027b146c2000'
Event: 14.346 Thread 0x0000027b7aaa4760 Unloading class 0x0000027b146c2400 'java/lang/invoke/LambdaForm$DMH+0x0000027b146c2400'
Event: 14.346 Thread 0x0000027b7aaa4760 Unloading class 0x0000027b146c1c00 'java/lang/invoke/LambdaForm$DMH+0x0000027b146c1c00'
Event: 14.346 Thread 0x0000027b7aaa4760 Unloading class 0x0000027b146c1400 'java/lang/invoke/LambdaForm$DMH+0x0000027b146c1400'

Classes redefined (0 events):
No events

Internal exceptions (20 events):
Event: 17.148 Thread 0x0000027b5c3b6ea0 Exception <a 'sun/nio/fs/WindowsException'{0x00000000d5906bd8}> (0x00000000d5906bd8) 
thrown [s\src\hotspot\share\prims\jni.cpp, line 520]
Event: 17.154 Thread 0x0000027b5c3b6ea0 Exception <a 'sun/nio/fs/WindowsException'{0x00000000d596edc8}> (0x00000000d596edc8) 
thrown [s\src\hotspot\share\prims\jni.cpp, line 520]
Event: 17.154 Thread 0x0000027b5c3b6ea0 Exception <a 'sun/nio/fs/WindowsException'{0x00000000d596f6a8}> (0x00000000d596f6a8) 
thrown [s\src\hotspot\share\prims\jni.cpp, line 520]
Event: 17.988 Thread 0x0000027b5c3b5af0 Exception <a 'sun/nio/fs/WindowsException'{0x00000000d55f6f80}> (0x00000000d55f6f80) 
thrown [s\src\hotspot\share\prims\jni.cpp, line 520]
Event: 17.988 Thread 0x0000027b5c3b5af0 Exception <a 'sun/nio/fs/WindowsException'{0x00000000d55f7ad0}> (0x00000000d55f7ad0) 
thrown [s\src\hotspot\share\prims\jni.cpp, line 520]
Event: 18.698 Thread 0x0000027b5a167ab0 Exception <a 'java/lang/NoSuchMethodError'{0x00000000d5611d08}: 'java.lang.Object java.lang.invoke.DirectMethodHandle$Holder.newInvokeSpecial(java.lang.Object, java.lang.Object, int, java.lang.Object, java.lang.Object)'> (0x00000000d5611d08) 
thrown [s\src\hotspot\share\interpreter\linkResolver.cpp, line 773]
Event: 18.705 Thread 0x0000027b5a167ab0 Exception <a 'java/lang/NoSuchMethodError'{0x00000000d562b6c0}: 'java.lang.Object java.lang.invoke.DirectMethodHandle$Holder.invokeSpecial(java.lang.Object, java.lang.Object, java.lang.Object, int, java.lang.Object, java.lang.Object, java.lang.Object)'> (0x00000000d562b6c0) 
thrown [s\src\hotspot\share\interpreter\linkResolver.cpp, line 773]
Event: 18.707 Thread 0x0000027b5a167ab0 Exception <a 'java/lang/NoSuchMethodError'{0x00000000d56338d0}: 'java.lang.Object java.lang.invoke.DirectMethodHandle$Holder.invokeStatic(java.lang.Object, java.lang.Object, int, java.lang.Object, java.lang.Object)'> (0x00000000d56338d0) 
thrown [s\src\hotspot\share\interpreter\linkResolver.cpp, line 773]
Event: 18.710 Thread 0x0000027b5a167ab0 Exception <a 'java/lang/NoSuchMethodError'{0x00000000d5639ef8}: 'java.lang.Object java.lang.invoke.DirectMethodHandle$Holder.newInvokeSpecial(java.lang.Object, java.lang.Object, int)'> (0x00000000d5639ef8) 
thrown [s\src\hotspot\share\interpreter\linkResolver.cpp, line 773]
Event: 18.738 Thread 0x0000027b5a167ab0 Exception <a 'java/lang/NoSuchMethodError'{0x00000000d56baf58}: 'void java.lang.invoke.DirectMethodHandle$Holder.invokeStatic(java.lang.Object, int)'> (0x00000000d56baf58) 
thrown [s\src\hotspot\share\interpreter\linkResolver.cpp, line 773]
Event: 18.927 Thread 0x0000027b5a167ab0 Exception <a 'java/io/FileNotFoundException'{0x00000000d56d76e0}> (0x00000000d56d76e0) 
thrown [s\src\hotspot\share\prims\jni.cpp, line 520]
Event: 18.927 Thread 0x0000027b5a167ab0 Exception <a 'java/io/FileNotFoundException'{0x00000000d56d8bc0}> (0x00000000d56d8bc0) 
thrown [s\src\hotspot\share\prims\jni.cpp, line 520]
Event: 18.928 Thread 0x0000027b5a167ab0 Exception <a 'java/io/FileNotFoundException'{0x00000000d56d9bb0}> (0x00000000d56d9bb0) 
thrown [s\src\hotspot\share\prims\jni.cpp, line 520]
Event: 19.176 Thread 0x0000027b5a167ab0 Implicit null exception at 0x0000027b07dfc7af to 0x0000027b07dfd7bc
Event: 20.165 Thread 0x0000027b5a1687d0 Exception <a 'java/lang/NoSuchMethodError'{0x00000000d5743c28}: 'java.lang.Object java.lang.invoke.DirectMethodHandle$Holder.invokeStatic(java.lang.Object, java.lang.Object, int, java.lang.Object)'> (0x00000000d5743c28) 
thrown [s\src\hotspot\share\interpreter\linkResolver.cpp, line 773]
Event: 20.262 Thread 0x0000027b5a1687d0 Exception <a 'java/lang/NoSuchMethodError'{0x00000000d567d1b8}: 'java.lang.Object java.lang.invoke.DirectMethodHandle$Holder.invokeStatic(java.lang.Object, int, java.lang.Object)'> (0x00000000d567d1b8) 
thrown [s\src\hotspot\share\interpreter\linkResolver.cpp, line 773]
Event: 20.295 Thread 0x0000027b5a1687d0 Implicit null exception at 0x0000027b08059c23 to 0x0000027b08059f90
Event: 20.568 Thread 0x0000027b5a1687d0 Exception <a 'java/lang/NoSuchMethodError'{0x00000000d55ea788}: 'void java.lang.invoke.DelegatingMethodHandle$Holder.reinvoke_L(java.lang.Object, java.lang.Object, java.lang.Object, int, java.lang.Object, int, int)'> (0x00000000d55ea788) 
thrown [s\src\hotspot\share\interpreter\linkResolver.cpp, line 773]
Event: 21.651 Thread 0x0000027b5c3b5af0 Exception <a 'java/lang/ArrayIndexOutOfBoundsException'{0x00000000d56f5858}> (0x00000000d56f5858) 
thrown [s\src\hotspot\share\runtime\sharedRuntime.cpp, line 625]
Event: 41.747 Thread 0x0000027b5a008ba0 Implicit null exception at 0x0000027b07f09ecb to 0x0000027b07f0a02c

ZGC Phase Switch (0 events):
No events

VM Operations (20 events):
Event: 48.486 Executing safepoint VM operation: ParallelGCFailedAllocation (Allocation Failure) done
Event: 48.496 Executing safepoint VM operation: ParallelGCFailedAllocation (Allocation Failure)
Event: 48.498 Executing safepoint VM operation: ParallelGCFailedAllocation (Allocation Failure) done
Event: 48.561 Executing safepoint VM operation: ParallelGCFailedAllocation (Allocation Failure)
Event: 48.565 Executing safepoint VM operation: ParallelGCFailedAllocation (Allocation Failure) done
Event: 48.575 Executing safepoint VM operation: ParallelGCFailedAllocation (Allocation Failure)
Event: 48.578 Executing safepoint VM operation: ParallelGCFailedAllocation (Allocation Failure) done
Event: 48.589 Executing safepoint VM operation: ParallelGCFailedAllocation (Allocation Failure)
Event: 49.605 Executing safepoint VM operation: ParallelGCFailedAllocation (Allocation Failure) done
Event: 49.616 Executing safepoint VM operation: ParallelGCFailedAllocation (Allocation Failure)
Event: 49.617 Executing safepoint VM operation: ParallelGCFailedAllocation (Allocation Failure) done
Event: 49.626 Executing safepoint VM operation: ParallelGCFailedAllocation (Allocation Failure)
Event: 49.628 Executing safepoint VM operation: ParallelGCFailedAllocation (Allocation Failure) done
Event: 49.636 Executing safepoint VM operation: ParallelGCFailedAllocation (Allocation Failure)
Event: 49.638 Executing safepoint VM operation: ParallelGCFailedAllocation (Allocation Failure) done
Event: 49.654 Executing safepoint VM operation: ParallelGCFailedAllocation (Allocation Failure)
Event: 49.657 Executing safepoint VM operation: ParallelGCFailedAllocation (Allocation Failure) done
Event: 49.687 Executing safepoint VM operation: ParallelGCFailedAllocation (Allocation Failure)
Event: 49.693 Executing safepoint VM operation: ParallelGCFailedAllocation (Allocation Failure) done
Event: 49.743 Executing safepoint VM operation: ParallelGCFailedAllocation (Allocation Failure)

Memory protections (0 events):
No events

Nmethod flushes (20 events):
Event: 14.388 Thread 0x0000027b7aaa4760 flushing  nmethod 0x0000027b00850310
Event: 14.388 Thread 0x0000027b7aaa4760 flushing  nmethod 0x0000027b00868290
Event: 14.388 Thread 0x0000027b7aaa4760 flushing  nmethod 0x0000027b00871790
Event: 14.388 Thread 0x0000027b7aaa4760 flushing  nmethod 0x0000027b00875610
Event: 14.388 Thread 0x0000027b7aaa4760 flushing  nmethod 0x0000027b00876510
Event: 14.388 Thread 0x0000027b7aaa4760 flushing  nmethod 0x0000027b00877710
Event: 14.388 Thread 0x0000027b7aaa4760 flushing  nmethod 0x0000027b0087db90
Event: 14.388 Thread 0x0000027b7aaa4760 flushing  nmethod 0x0000027b0088e790
Event: 14.388 Thread 0x0000027b7aaa4760 flushing  nmethod 0x0000027b0088ed90
Event: 14.388 Thread 0x0000027b7aaa4760 flushing  nmethod 0x0000027b0088f610
Event: 14.388 Thread 0x0000027b7aaa4760 flushing  nmethod 0x0000027b0088fd10
Event: 14.388 Thread 0x0000027b7aaa4760 flushing  nmethod 0x0000027b00892410
Event: 14.388 Thread 0x0000027b7aaa4760 flushing  nmethod 0x0000027b0089f210
Event: 14.388 Thread 0x0000027b7aaa4760 flushing  nmethod 0x0000027b008b8d90
Event: 14.388 Thread 0x0000027b7aaa4760 flushing  nmethod 0x0000027b008bd690
Event: 14.388 Thread 0x0000027b7aaa4760 flushing  nmethod 0x0000027b008dc490
Event: 14.388 Thread 0x0000027b7aaa4760 flushing  nmethod 0x0000027b008f5690
Event: 14.388 Thread 0x0000027b7aaa4760 flushing osr nmethod 0x0000027b0090ad90
Event: 14.388 Thread 0x0000027b7aaa4760 flushing  nmethod 0x0000027b00917210
Event: 14.388 Thread 0x0000027b7aaa4760 flushing  nmethod 0x0000027b00919510

Events (20 events):
Event: 19.880 Thread 0x0000027b5b11e6d0 Thread exited: 0x0000027b5b11e6d0
Event: 19.881 Thread 0x0000027b5a4912e0 Thread exited: 0x0000027b5a4912e0
Event: 20.006 Thread 0x0000027b54485910 Thread added: 0x0000027b5c41f7e0
Event: 20.193 Thread 0x0000027b5c41f7e0 Thread added: 0x0000027b5c41e370
Event: 21.650 Thread 0x0000027b5c41e370 Thread exited: 0x0000027b5c41e370
Event: 21.650 Thread 0x0000027b5c41f7e0 Thread exited: 0x0000027b5c41f7e0
Event: 31.459 Thread 0x0000027b54485910 Thread added: 0x0000027b5c41f7e0
Event: 31.477 Thread 0x0000027b54485910 Thread added: 0x0000027b5c41e370
Event: 35.470 Thread 0x0000027b5c41e370 Thread exited: 0x0000027b5c41e370
Event: 35.592 Thread 0x0000027b54485910 Thread added: 0x0000027b5c41e370
Event: 37.739 Thread 0x0000027b5c41e370 Thread exited: 0x0000027b5c41e370
Event: 37.739 Thread 0x0000027b5c41f7e0 Thread exited: 0x0000027b5c41f7e0
Event: 38.990 Thread 0x0000027b54485910 Thread added: 0x0000027b5c41e370
Event: 38.990 Thread 0x0000027b54485910 Thread added: 0x0000027b5c41f7e0
Event: 44.132 Thread 0x0000027b5c41f7e0 Thread exited: 0x0000027b5c41f7e0
Event: 44.167 Thread 0x0000027b54485910 Thread added: 0x0000027b5e4f6040
Event: 48.243 Thread 0x0000027b5e4f6040 Thread exited: 0x0000027b5e4f6040
Event: 48.243 Thread 0x0000027b5c41e370 Thread exited: 0x0000027b5c41e370
Event: 48.283 Thread 0x0000027b54485910 Thread added: 0x0000027b5e4f3760
Event: 48.336 Thread 0x0000027b54485910 Thread added: 0x0000027b5e4f29c0


Dynamic libraries:
0x00007ff749c30000 - 0x00007ff749c3e000 	c:\Users\dhruv\.vscode\extensions\redhat.java-1.53.0-win32-x64\jre\21.0.10-win32-x86_64\bin\java.exe
0x00007ffc9c540000 - 0x00007ffc9c7a7000 	C:\Windows\SYSTEM32\ntdll.dll
0x00007ffc9bbf0000 - 0x00007ffc9bcb9000 	C:\Windows\System32\KERNEL32.DLL
0x00007ffc98ed0000 - 0x00007ffc992c1000 	C:\Windows\System32\KERNELBASE.dll
0x00007ffc99e00000 - 0x00007ffc99f4b000 	C:\Windows\System32\ucrtbase.dll
0x00007ffc8d560000 - 0x00007ffc8d57e000 	c:\Users\dhruv\.vscode\extensions\redhat.java-1.53.0-win32-x64\jre\21.0.10-win32-x86_64\bin\VCRUNTIME140.dll
0x00007ffc8e9b0000 - 0x00007ffc8e9c8000 	c:\Users\dhruv\.vscode\extensions\redhat.java-1.53.0-win32-x64\jre\21.0.10-win32-x86_64\bin\jli.dll
0x00007ffc9a620000 - 0x00007ffc9a7e5000 	C:\Windows\System32\USER32.dll
0x00007ffc79410000 - 0x00007ffc796a3000 	C:\Windows\WinSxS\amd64_microsoft.windows.common-controls_6595b64144ccf1df_6.0.26100.8037_none_3e092faae333b53b\COMCTL32.dll
0x00007ffc9a2b0000 - 0x00007ffc9a2d7000 	C:\Windows\System32\win32u.dll
0x00007ffc9b490000 - 0x00007ffc9b539000 	C:\Windows\System32\msvcrt.dll
0x00007ffc9b230000 - 0x00007ffc9b25b000 	C:\Windows\System32\GDI32.dll
0x00007ffc9a0d0000 - 0x00007ffc9a1fb000 	C:\Windows\System32\gdi32full.dll
0x00007ffc98e20000 - 0x00007ffc98ec3000 	C:\Windows\System32\msvcp_win.dll
0x00007ffc9c2a0000 - 0x00007ffc9c2d1000 	C:\Windows\System32\IMM32.DLL
0x00007ffc93620000 - 0x00007ffc9362c000 	c:\Users\dhruv\.vscode\extensions\redhat.java-1.53.0-win32-x64\jre\21.0.10-win32-x86_64\bin\vcruntime140_1.dll
0x00007ffc67140000 - 0x00007ffc671cd000 	c:\Users\dhruv\.vscode\extensions\redhat.java-1.53.0-win32-x64\jre\21.0.10-win32-x86_64\bin\msvcp140.dll
0x00007ffc05650000 - 0x00007ffc063f1000 	c:\Users\dhruv\.vscode\extensions\redhat.java-1.53.0-win32-x64\jre\21.0.10-win32-x86_64\bin\server\jvm.dll
0x00007ffc9a880000 - 0x00007ffc9a93b000 	C:\Windows\System32\ADVAPI32.dll
0x00007ffc9b260000 - 0x00007ffc9b307000 	C:\Windows\System32\sechost.dll
0x00007ffc9a2e0000 - 0x00007ffc9a3f8000 	C:\Windows\System32\RPCRT4.dll
0x00007ffc9a800000 - 0x00007ffc9a874000 	C:\Windows\System32\WS2_32.dll
0x00007ffc98ca0000 - 0x00007ffc98cfe000 	C:\Windows\SYSTEM32\POWRPROF.dll
0x00007ffc90f50000 - 0x00007ffc90f85000 	C:\Windows\SYSTEM32\WINMM.dll
0x00007ffc7c780000 - 0x00007ffc7c78b000 	C:\Windows\SYSTEM32\VERSION.dll
0x00007ffc98c80000 - 0x00007ffc98c94000 	C:\Windows\SYSTEM32\UMPDC.dll
0x00007ffc97b80000 - 0x00007ffc97b9b000 	C:\Windows\SYSTEM32\kernel.appcore.dll
0x00007ffc93600000 - 0x00007ffc9360a000 	c:\Users\dhruv\.vscode\extensions\redhat.java-1.53.0-win32-x64\jre\21.0.10-win32-x86_64\bin\jimage.dll
0x00007ffc96e50000 - 0x00007ffc97092000 	C:\Windows\SYSTEM32\DBGHELP.DLL
0x00007ffc9bd20000 - 0x00007ffc9c0a2000 	C:\Windows\System32\combase.dll
0x00007ffc9b0c0000 - 0x00007ffc9b197000 	C:\Windows\System32\OLEAUT32.dll
0x00007ffc7a2d0000 - 0x00007ffc7a30b000 	C:\Windows\SYSTEM32\dbgcore.DLL
0x00007ffc9a200000 - 0x00007ffc9a2a5000 	C:\Windows\System32\bcryptPrimitives.dll
0x00007ffc85be0000 - 0x00007ffc85bef000 	c:\Users\dhruv\.vscode\extensions\redhat.java-1.53.0-win32-x64\jre\21.0.10-win32-x86_64\bin\instrument.dll
0x00007ffc838c0000 - 0x00007ffc838e0000 	c:\Users\dhruv\.vscode\extensions\redhat.java-1.53.0-win32-x64\jre\21.0.10-win32-x86_64\bin\java.dll
0x00007ffc9a950000 - 0x00007ffc9b0af000 	C:\Windows\System32\SHELL32.dll
0x00007ffc99c90000 - 0x00007ffc99dfa000 	C:\Windows\System32\wintypes.dll
0x00007ffc992d0000 - 0x00007ffc99b34000 	C:\Windows\System32\windows.storage.dll
0x00007ffc9a4a0000 - 0x00007ffc9a597000 	C:\Windows\System32\SHCORE.dll
0x00007ffc9c490000 - 0x00007ffc9c4f7000 	C:\Windows\System32\shlwapi.dll
0x00007ffc98d40000 - 0x00007ffc98d69000 	C:\Windows\SYSTEM32\profapi.dll
0x00007ffc7a110000 - 0x00007ffc7a128000 	c:\Users\dhruv\.vscode\extensions\redhat.java-1.53.0-win32-x64\jre\21.0.10-win32-x86_64\bin\zip.dll
0x00007ffc85aa0000 - 0x00007ffc85ab0000 	C:\Users\dhruv\.vscode\extensions\redhat.java-1.53.0-win32-x64\jre\21.0.10-win32-x86_64\bin\net.dll
0x00007ffc8ef80000 - 0x00007ffc8f0a7000 	C:\Windows\SYSTEM32\WINHTTP.dll
0x00007ffc98120000 - 0x00007ffc9818b000 	C:\Windows\system32\mswsock.dll
0x00007ffc7a0d0000 - 0x00007ffc7a0e6000 	C:\Users\dhruv\.vscode\extensions\redhat.java-1.53.0-win32-x64\jre\21.0.10-win32-x86_64\bin\nio.dll
0x00007ffc844a0000 - 0x00007ffc844b0000 	c:\Users\dhruv\.vscode\extensions\redhat.java-1.53.0-win32-x64\jre\21.0.10-win32-x86_64\bin\verify.dll
0x00007ffc68d40000 - 0x00007ffc68d85000 	C:\Users\dhruv\AppData\Roaming\Code\User\globalStorage\redhat.java\1.53.0\config_win\org.eclipse.equinox.launcher\org.eclipse.equinox.launcher.win32.win32.x86_64_1.3.0.v20260203-2149\eclipse_11919.dll
0x00007ffc9c2e0000 - 0x00007ffc9c475000 	C:\Windows\System32\ole32.dll
0x00007ffc98410000 - 0x00007ffc9842b000 	C:\Windows\SYSTEM32\CRYPTSP.dll
0x00007ffc97ae0000 - 0x00007ffc97b19000 	C:\Windows\system32\rsaenh.dll
0x00007ffc981d0000 - 0x00007ffc98202000 	C:\Windows\SYSTEM32\USERENV.dll
0x00007ffc98d10000 - 0x00007ffc98d3a000 	C:\Windows\SYSTEM32\bcrypt.dll
0x00007ffc98400000 - 0x00007ffc9840c000 	C:\Windows\SYSTEM32\CRYPTBASE.dll
0x00007ffc97560000 - 0x00007ffc97593000 	C:\Windows\SYSTEM32\IPHLPAPI.DLL
0x00007ffc9c480000 - 0x00007ffc9c48a000 	C:\Windows\System32\NSI.dll
0x00007ffc67ee0000 - 0x00007ffc67f29000 	C:\Users\dhruv\AppData\Local\Temp\jna-95563663\jna4623904652660977687.dll
0x00007ffc9a940000 - 0x00007ffc9a948000 	C:\Windows\System32\PSAPI.DLL
0x00007ffc90880000 - 0x00007ffc9089d000 	C:\Windows\SYSTEM32\dhcpcsvc6.DLL
0x00007ffc8ff40000 - 0x00007ffc8ff63000 	C:\Windows\SYSTEM32\dhcpcsvc.DLL

JVMTI agents:
c:\Users\dhruv\.vscode\extensions\redhat.java-1.53.0-win32-x64\lombok\lombok-1.18.39-4050.jar path:c:\Users\dhruv\.vscode\extensions\redhat.java-1.53.0-win32-x64\jre\21.0.10-win32-x86_64\bin\instrument.dll, loaded, initialized, instrumentlib options:none

dbghelp: loaded successfully - version: 4.0.5 - missing functions: none
symbol engine: initialized successfully - sym options: 0x614 - pdb path: .;c:\Users\dhruv\.vscode\extensions\redhat.java-1.53.0-win32-x64\jre\21.0.10-win32-x86_64\bin;C:\Windows\SYSTEM32;C:\Windows\WinSxS\amd64_microsoft.windows.common-controls_6595b64144ccf1df_6.0.26100.8037_none_3e092faae333b53b;c:\Users\dhruv\.vscode\extensions\redhat.java-1.53.0-win32-x64\jre\21.0.10-win32-x86_64\bin\server;C:\Users\dhruv\AppData\Roaming\Code\User\globalStorage\redhat.java\1.53.0\config_win\org.eclipse.equinox.launcher\org.eclipse.equinox.launcher.win32.win32.x86_64_1.3.0.v20260203-2149;C:\Users\dhruv\AppData\Local\Temp\jna-95563663

VM Arguments:
jvm_args: --add-modules=ALL-SYSTEM --add-opens=java.base/java.util=ALL-UNNAMED --add-opens=java.base/java.lang=ALL-UNNAMED --add-opens=java.base/sun.nio.fs=ALL-UNNAMED -Declipse.application=org.eclipse.jdt.ls.core.id1 -Dosgi.bundles.defaultStartLevel=4 -Declipse.product=org.eclipse.jdt.ls.core.product -Djava.import.generatesMetadataFilesAtProjectRoot=false -DDetectVMInstallationsJob.disabled=true -Dfile.encoding=utf8 -XX:+UseParallelGC -XX:GCTimeRatio=4 -XX:AdaptiveSizePolicyWeight=90 -Dsun.zip.disableMemoryMapping=true -Xmx2G -Xms100m -Xlog:disable -javaagent:c:\Users\dhruv\.vscode\extensions\redhat.java-1.53.0-win32-x64\lombok\lombok-1.18.39-4050.jar -XX:+HeapDumpOnOutOfMemoryError -XX:HeapDumpPath=c:\Users\dhruv\AppData\Roaming\Code\User\workspaceStorage\7d28d01f3346ece97dc27ea15ebc63fd\redhat.java -Daether.dependencyCollector.impl=bf 
java_command: c:\Users\dhruv\.vscode\extensions\redhat.java-1.53.0-win32-x64\server\plugins\org.eclipse.equinox.launcher_1.7.100.v20251111-0406.jar -configuration c:\Users\dhruv\AppData\Roaming\Code\User\globalStorage\redhat.java\1.53.0\config_win -data c:\Users\dhruv\AppData\Roaming\Code\User\workspaceStorage\7d28d01f3346ece97dc27ea15ebc63fd\redhat.java\jdt_ws --pipe=\\.\pipe\lsp-b97c8ca8719fd97b022425e16115cca8-sock
java_class_path (initial): c:\Users\dhruv\.vscode\extensions\redhat.java-1.53.0-win32-x64\server\plugins\org.eclipse.equinox.launcher_1.7.100.v20251111-0406.jar
Launcher Type: SUN_STANDARD

[Global flags]
    uintx AdaptiveSizePolicyWeight                 = 90                                        {product} {command line}
     intx CICompilerCount                          = 4                                         {product} {ergonomic}
    uintx GCTimeRatio                              = 4                                         {product} {command line}
     bool HeapDumpOnOutOfMemoryError               = true                                   {manageable} {command line}
    ccstr HeapDumpPath                             = c:\Users\dhruv\AppData\Roaming\Code\User\workspaceStorage\7d28d01f3346ece97dc27ea15ebc63fd\redhat.java         {manageable} {command line}
   size_t InitialHeapSize                          = 104857600                                 {product} {command line}
   size_t MaxHeapSize                              = 2147483648                                {product} {command line}
   size_t MaxNewSize                               = 715653120                                 {product} {ergonomic}
   size_t MinHeapDeltaBytes                        = 524288                                    {product} {ergonomic}
   size_t MinHeapSize                              = 104857600                                 {product} {command line}
   size_t NewSize                                  = 34603008                                  {product} {ergonomic}
    uintx NonNMethodCodeHeapSize                   = 5839372                                {pd product} {ergonomic}
    uintx NonProfiledCodeHeapSize                  = 122909434                              {pd product} {ergonomic}
   size_t OldSize                                  = 70254592                                  {product} {ergonomic}
    uintx ProfiledCodeHeapSize                     = 122909434                              {pd product} {ergonomic}
    uintx ReservedCodeCacheSize                    = 251658240                              {pd product} {ergonomic}
     bool SegmentedCodeCache                       = true                                      {product} {ergonomic}
   size_t SoftMaxHeapSize                          = 2147483648                             {manageable} {ergonomic}
     bool UseCompressedOops                        = true                           {product lp64_product} {ergonomic}
     bool UseLargePagesIndividualAllocation        = false                                  {pd product} {ergonomic}
     bool UseParallelGC                            = true                                      {product} {command line}

Logging:
Log output configuration:
 #0: stdout all=off uptime,level,tags foldmultilines=false
 #1: stderr all=off uptime,level,tags foldmultilines=false

Release file:
JAVA_VERSION="21.0.10" 
MODULES="java.base java.compiler java.datatransfer java.xml java.prefs java.desktop java.instrument java.logging java.management java.security.sasl java.naming java.rmi java.management.rmi java.net.http java.scripting java.security.jgss java.transaction.xa java.sql java.sql.rowset java.xml.crypto java.se java.smartcardio jdk.accessibility jdk.internal.jvmstat jdk.attach jdk.charsets jdk.internal.opt jdk.zipfs jdk.compiler jdk.crypto.ec jdk.crypto.cryptoki jdk.crypto.mscapi jdk.dynalink jdk.internal.ed jdk.editpad jdk.hotspot.agent jdk.httpserver jdk.internal.le jdk.internal.vm.ci jdk.internal.vm.compiler jdk.internal.vm.compiler.management jdk.jartool jdk.javadoc jdk.jcmd jdk.management jdk.management.agent jdk.jconsole jdk.jdeps jdk.jdwp.agent jdk.jdi jdk.jfr jdk.jshell jdk.jsobject jdk.jstatd jdk.localedata jdk.management.jfr jdk.naming.dns jdk.naming.rmi jdk.net jdk.nio.mapmode jdk.random jdk.sctp jdk.security.auth jdk.security.jgss jdk.unsupported jdk.unsupported.desktop jdk.xml.dom" 

Environment Variables:
PATH=C:\Users\dhruv\AppData\Local\Programs\Microsoft VS Code;C:\Program Files\Common Files\Oracle\Java\javapath;C:\Windows\system32;C:\Windows;C:\Windows\System32\Wbem;C:\Windows\System32\WindowsPowerShell\v1.0\;C:\Windows\System32\OpenSSH\;C:\Program Files\nodejs\;C:\Program Files\Git\cmd;C:\Program Files\MongoDB\Server\8.0\bin;C:\Program Files\MySQL\MySQL Server 8.0\bin;C:\Users\dhruv\Downloads\gradle-8.14.3\bin;C:\Program Files\Docker\Docker\resources\bin;C:\Program Files\Apache\MAVEN\bin;C:\Program Files\Apache\MAVEN\apache-maven-3.9.12\bin;C:\Program Files\MySQL\MySQL Shell 8.0\bin\;C:\Users\dhruv\AppData\Local\Microsoft\WindowsApps;C:\Users\dhruv\AppData\Local\Programs\Microsoft VS Code\bin;C:\Users\dhruv\AppData\Roaming\npm;C:\Program Files\JetBrains\IntelliJ IDEA Community Edition 2025.1.4.1\bin;C:\Users\dhruv\AppData\Local\Programs\cursor\resources\app\bin
USERNAME=dhruv
OS=Windows_NT
PROCESSOR_IDENTIFIER=Intel64 Family 6 Model 186 Stepping 2, GenuineIntel
TMP=C:\Users\dhruv\AppData\Local\Temp
TEMP=C:\Users\dhruv\AppData\Local\Temp




Periodic native trim disabled

---------------  S Y S T E M  ---------------

OS:
 Windows 11 , 64 bit Build 26100 (10.0.26100.7920)
OS uptime: 0 days 23:21 hours
Hyper-V role detected

CPU: total 12 (initial active 12) (6 cores per cpu, 2 threads per core) family 6 model 186 stepping 2 microcode 0x6134, cx8, cmov, fxsr, ht, mmx, 3dnowpref, sse, sse2, sse3, ssse3, sse4.1, sse4.2, popcnt, lzcnt, tsc, tscinvbit, avx, avx2, aes, erms, clmul, bmi1, bmi2, adx, sha, fma, vzeroupper, clflush, clflushopt, clwb, hv, serialize, rdtscp, rdpid, fsrm, f16c, cet_ibt, cet_ss
Processor Information for processor 0
  Max Mhz: 2100, Current Mhz: 2100, Mhz Limit: 2100
Processor Information for processor 1
  Max Mhz: 2100, Current Mhz: 2100, Mhz Limit: 2100
Processor Information for processor 2
  Max Mhz: 2100, Current Mhz: 2100, Mhz Limit: 2100
Processor Information for processor 3
  Max Mhz: 2100, Current Mhz: 2100, Mhz Limit: 2100
Processor Information for processor 4
  Max Mhz: 2100, Current Mhz: 2100, Mhz Limit: 2100
Processor Information for processor 5
  Max Mhz: 2100, Current Mhz: 1453, Mhz Limit: 2100
Processor Information for processor 6
  Max Mhz: 2100, Current Mhz: 2100, Mhz Limit: 2100
Processor Information for processor 7
  Max Mhz: 2100, Current Mhz: 2100, Mhz Limit: 2100
Processor Information for processor 8
  Max Mhz: 2100, Current Mhz: 1500, Mhz Limit: 1491
Processor Information for processor 9
  Max Mhz: 2100, Current Mhz: 1500, Mhz Limit: 1491
Processor Information for processor 10
  Max Mhz: 2100, Current Mhz: 1500, Mhz Limit: 1491
Processor Information for processor 11
  Max Mhz: 2100, Current Mhz: 1500, Mhz Limit: 1491

Memory: 4k page, system-wide physical 16076M (3247M free)
TotalPageFile size 46395M (AvailPageFile size 34M)
current process WorkingSet (physical memory assigned to process): 599M, peak: 601M
current process commit charge ("private bytes"): 680M, peak: 682M

vm_info: OpenJDK 64-Bit Server VM (21.0.10+7-LTS) for windows-amd64 JRE (21.0.10+7-LTS), built on 2026-01-20T00:00:00Z by "admin" with MS VC++ 17.12 (VS2022)

END.
